[INFO] [1499420151.094933]: /move_sandbox_items: Received a request to move elephant to 0.39, -0.07. Let's do that
[INFO] [1499420151.095556]: Moving elephant to 0.10,0.18
[INFO] [1499420151.095782]: Requesting a plan...
[INFO] [1499420151.152034]: Received trajectory! As requested, waiting -0.000999028s before starting...
[INFO] [1499420151.152472]: Waiting a bit more (0.0s) to give the robot time to prepare...
[INFO] [1499420151.152793]: Starting to play trajectory!
[INFO] [1499420151.153273]: Done 0%
[INFO] [1499420151.254136]: Done 2%
[INFO] [1499420151.355300]: Done 4%
[INFO] [1499420151.455996]: Done 6%
[INFO] [1499420151.556772]: Done 8%
[INFO] [1499420151.657674]: Done 11%
[INFO] [1499420151.758739]: Done 13%
[INFO] [1499420151.859688]: Done 15%
[INFO] [1499420151.960549]: Done 17%
[INFO] [1499420152.061658]: Done 20%
[INFO] [1499420152.162811]: Done 22%
[INFO] [1499420152.263853]: Done 24%
[INFO] [1499420152.364834]: Done 26%
[INFO] [1499420152.466266]: Done 28%
[INFO] [1499420152.567137]: Done 31%
[INFO] [1499420152.667888]: Done 33%
[INFO] [1499420152.768826]: Done 35%
[INFO] [1499420152.869825]: Done 37%
[INFO] [1499420152.970960]: Done 40%
[INFO] [1499420153.071843]: Done 42%
[INFO] [1499420153.172740]: Done 44%
[INFO] [1499420153.275559]: Done 46%
[INFO] [1499420153.376446]: Done 48%
[INFO] [1499420153.477294]: Done 51%
[INFO] [1499420153.578082]: Done 53%
[INFO] [1499420153.679156]: Done 55%
[INFO] [1499420153.780142]: Done 57%
[INFO] [1499420153.880995]: Done 60%
[INFO] [1499420153.981955]: Done 62%
[INFO] [1499420154.082892]: Done 64%
[INFO] [1499420154.183884]: Done 66%
[INFO] [1499420154.285045]: Done 68%
[INFO] [1499420154.385991]: Done 71%
[INFO] [1499420154.487056]: Done 73%
[INFO] [1499420154.587936]: Done 75%
[INFO] [1499420154.689252]: Done 77%
[INFO] [1499420154.790518]: Done 80%
[INFO] [1499420154.891376]: Done 82%
[INFO] [1499420154.992404]: Done 84%
[INFO] [1499420155.093252]: Done 86%
[INFO] [1499420155.194628]: Done 88%
[INFO] [1499420155.296145]: Done 91%
[INFO] [1499420155.397207]: Done 93%
[INFO] [1499420155.498203]: Done 95%
[INFO] [1499420155.599234]: /move_sandbox_items: Succeeded
[INFO] [1499420157.806244]: /move_sandbox_items: Received a request to move giraffe to 0.37, -0.25. Let's do that
[INFO] [1499420157.806941]: Moving giraffe to -0.07,0.19
[INFO] [1499420157.807218]: Requesting a plan...
[INFO] [1499420157.951768]: Received trajectory! As requested, waiting -0.000713709s before starting...
[INFO] [1499420157.952126]: Waiting a bit more (0.0s) to give the robot time to prepare...
[INFO] [1499420157.952377]: Starting to play trajectory!
[INFO] [1499420157.952799]: Done 0%
[INFO] [1499420158.053658]: Done 2%
[INFO] [1499420158.154672]: Done 4%
[INFO] [1499420158.255868]: Done 7%
[INFO] [1499420158.357227]: Done 9%
[INFO] [1499420158.458238]: Done 12%
[INFO] [1499420158.559550]: Done 14%
[INFO] [1499420158.660581]: Done 17%
[INFO] [1499420158.761747]: Done 19%
[INFO] [1499420158.863218]: Done 21%
[INFO] [1499420158.964569]: Done 24%
[INFO] [1499420159.065600]: Done 26%
[INFO] [1499420159.166679]: Done 29%
[INFO] [1499420159.267817]: Done 31%
[INFO] [1499420159.368813]: Done 34%
[INFO] [1499420159.469964]: Done 36%
[INFO] [1499420159.570851]: Done 39%
[INFO] [1499420159.671665]: Done 41%
[INFO] [1499420159.772545]: Done 43%
[INFO] [1499420159.873655]: Done 46%
[INFO] [1499420159.975084]: Done 48%
[INFO] [1499420160.076236]: Done 51%
[INFO] [1499420160.177181]: Done 53%
[INFO] [1499420160.278236]: Done 56%
[INFO] [1499420160.379572]: Done 58%
[INFO] [1499420160.480519]: Done 60%
[INFO] [1499420160.582625]: Done 63%
[INFO] [1499420160.683787]: Done 65%
[INFO] [1499420160.784952]: Done 68%
[INFO] [1499420160.885872]: Done 70%
[INFO] [1499420160.986704]: Done 73%
[INFO] [1499420161.087536]: Done 75%
[INFO] [1499420161.188400]: Done 78%
[INFO] [1499420161.289238]: Done 80%
[INFO] [1499420161.390035]: Done 82%
[INFO] [1499420161.490805]: Done 85%
[INFO] [1499420161.591679]: Done 87%
[INFO] [1499420161.692622]: Done 90%
[INFO] [1499420161.793530]: Done 92%
[INFO] [1499420161.894738]: Done 95%
[INFO] [1499420161.996825]: /move_sandbox_items: Succeeded
[INFO] [1499420163.901310]: /move_sandbox_items: Received a request to move girl to 0.39, -0.07. Let's do that
[INFO] [1499420163.902023]: Moving girl to -0.02,-0.03
[INFO] [1499420163.902207]: Requesting a plan...
[INFO] [1499420163.991359]: Received trajectory! As requested, waiting -0.04034933s before starting...
[INFO] [1499420163.991949]: Waiting a bit more (0.0s) to give the robot time to prepare...
[INFO] [1499420163.992236]: Starting to play trajectory!
[INFO] [1499420163.992653]: Done 0%
[INFO] [1499420164.093596]: Done 12%
[INFO] [1499420164.194644]: Done 25%
[INFO] [1499420164.296406]: Done 37%
[INFO] [1499420164.397448]: Done 50%
[INFO] [1499420164.498683]: Done 62%
[INFO] [1499420164.599713]: Done 75%
[INFO] [1499420164.700866]: /move_sandbox_items: Succeeded
[INFO] [1499420166.821618]: /move_sandbox_items: Received a request to move giraffe to 0.49, -0.06. Let's do that
[INFO] [1499420166.822379]: Moving giraffe to 0.10,0.14
[INFO] [1499420166.822687]: Requesting a plan...
[INFO] [1499420166.952229]: Received trajectory! As requested, waiting -0.000997376s before starting...
[INFO] [1499420166.952612]: Waiting a bit more (0.0s) to give the robot time to prepare...
[INFO] [1499420166.953029]: Starting to play trajectory!
[INFO] [1499420166.953619]: Done 0%
[INFO] [1499420167.058386]: Done 2%
[INFO] [1499420167.159712]: Done 5%
[INFO] [1499420167.260824]: Done 8%
[INFO] [1499420167.362019]: Done 11%
[INFO] [1499420167.463093]: Done 13%
[INFO] [1499420167.564079]: Done 16%
[INFO] [1499420167.665277]: Done 19%
[INFO] [1499420167.766161]: Done 22%
[INFO] [1499420167.867053]: Done 25%
[INFO] [1499420167.967883]: Done 27%
[INFO] [1499420168.068670]: Done 30%
[INFO] [1499420168.169500]: Done 33%
[INFO] [1499420168.270327]: Done 36%
[INFO] [1499420168.371339]: Done 38%
[INFO] [1499420168.473037]: Done 41%
[INFO] [1499420168.576547]: Done 44%
[INFO] [1499420168.677547]: Done 47%
[INFO] [1499420168.778610]: Done 50%
[INFO] [1499420168.879527]: Done 52%
[INFO] [1499420168.980414]: Done 55%
[INFO] [1499420169.081248]: Done 58%
[INFO] [1499420169.182344]: Done 61%
[INFO] [1499420169.283589]: Done 63%
[INFO] [1499420169.384356]: Done 66%
[INFO] [1499420169.485246]: Done 69%
[INFO] [1499420169.586243]: Done 72%
[INFO] [1499420169.687168]: Done 75%
[INFO] [1499420169.788456]: Done 77%
[INFO] [1499420169.889386]: Done 80%
[INFO] [1499420169.990636]: Done 83%
[INFO] [1499420170.091645]: Done 86%
[INFO] [1499420170.192521]: Done 88%
[INFO] [1499420170.293582]: Done 91%
[INFO] [1499420170.394481]: Done 94%
[INFO] [1499420170.495492]: /move_sandbox_items: Succeeded
[INFO] [1499420173.032050]: /move_sandbox_items: Received a request to move crocodile to 0.57, -0.18. Let's do that
[INFO] [1499420173.032740]: Moving crocodile to -0.16,-0.02
[INFO] [1499420173.032949]: Requesting a plan...
[INFO] [1499420173.178689]: Received trajectory! As requested, waiting -0.02772506s before starting...
[INFO] [1499420173.179040]: Waiting a bit more (0.0s) to give the robot time to prepare...
[INFO] [1499420173.179307]: Starting to play trajectory!
[INFO] [1499420173.179903]: Done 0%
[INFO] [1499420173.281240]: Done 2%
[INFO] [1499420173.382543]: Done 4%
[INFO] [1499420173.483566]: Done 6%
[INFO] [1499420173.584390]: Done 8%
[INFO] [1499420173.685318]: Done 10%
[INFO] [1499420173.786473]: Done 13%
[INFO] [1499420173.888082]: Done 15%
[INFO] [1499420173.989020]: Done 17%
[INFO] [1499420174.090178]: Done 19%
[INFO] [1499420174.191266]: Done 21%
[INFO] [1499420174.292313]: Done 23%
[INFO] [1499420174.393209]: Done 26%
[INFO] [1499420174.494257]: Done 28%
[INFO] [1499420174.595180]: Done 30%
[INFO] [1499420174.696029]: Done 32%
[INFO] [1499420174.796992]: Done 34%
[INFO] [1499420174.898277]: Done 36%
[INFO] [1499420174.999426]: Done 39%
[INFO] [1499420175.100528]: Done 41%
[INFO] [1499420175.201671]: Done 43%
[INFO] [1499420175.303064]: Done 45%
[INFO] [1499420175.404096]: Done 47%
[INFO] [1499420175.505424]: Done 50%
[INFO] [1499420175.607432]: Done 52%
[INFO] [1499420175.708782]: Done 54%
[INFO] [1499420175.810071]: Done 56%
[INFO] [1499420175.911062]: Done 58%
[INFO] [1499420176.011909]: Done 60%
[INFO] [1499420176.112903]: Done 63%
[INFO] [1499420176.214069]: Done 65%
[INFO] [1499420176.314947]: Done 67%
[INFO] [1499420176.416032]: Done 69%
[INFO] [1499420176.518617]: Done 71%
[INFO] [1499420176.619747]: Done 73%
[INFO] [1499420176.720856]: Done 76%
[INFO] [1499420176.821900]: Done 78%
[INFO] [1499420176.923229]: Done 80%
[INFO] [1499420177.024865]: Done 82%
[INFO] [1499420177.126275]: Done 84%
[INFO] [1499420177.227202]: Done 86%
[INFO] [1499420177.328351]: Done 89%
[INFO] [1499420177.429513]: Done 91%
[INFO] [1499420177.530545]: Done 93%
[INFO] [1499420177.631487]: Done 95%
[INFO] [1499420177.732768]: /move_sandbox_items: Succeeded
[INFO] [1499420179.602328]: /move_sandbox_items: Received a request to move elephant to 0.39, -0.07. Let's do that
[INFO] [1499420179.603042]: Moving elephant to 0.00,0.04
[INFO] [1499420179.603383]: Requesting a plan...
[INFO] [1499420179.787059]: Received trajectory! As requested, waiting -0.03536184s before starting...
[INFO] [1499420179.787439]: Waiting a bit more (0.0s) to give the robot time to prepare...
[INFO] [1499420179.787705]: Starting to play trajectory!
[INFO] [1499420179.788093]: Done 0%
[INFO] [1499420179.888943]: Done 5%
[INFO] [1499420179.989936]: Done 10%
[INFO] [1499420180.090946]: Done 15%
[INFO] [1499420180.191943]: Done 21%
[INFO] [1499420180.293073]: Done 26%
[INFO] [1499420180.394176]: Done 31%
[INFO] [1499420180.495818]: Done 36%
[INFO] [1499420180.597261]: Done 42%
[INFO] [1499420180.698683]: Done 47%
[INFO] [1499420180.800499]: Done 52%
[INFO] [1499420180.901808]: Done 57%
[INFO] [1499420181.002805]: Done 63%
[INFO] [1499420181.103888]: Done 68%
[INFO] [1499420181.205089]: Done 73%
[INFO] [1499420181.306285]: Done 78%
[INFO] [1499420181.407632]: Done 84%
[INFO] [1499420181.509176]: Done 89%
[INFO] [1499420181.610383]: /move_sandbox_items: Succeeded
[INFO] [1499420183.817374]: /move_sandbox_items: Received a request to move girl to 0.06, -0.06. Let's do that
[INFO] [1499420183.818099]: Moving girl to 0.04,0.28
[INFO] [1499420183.818411]: Requesting a plan...
[INFO] [1499420183.953458]: Received trajectory! As requested, waiting -0.001295587s before starting...
[INFO] [1499420183.953839]: Waiting a bit more (0.0s) to give the robot time to prepare...
[INFO] [1499420183.954108]: Starting to play trajectory!
[INFO] [1499420183.954499]: Done 0%
[INFO] [1499420184.055728]: Done 1%
[INFO] [1499420184.156985]: Done 3%
[INFO] [1499420184.258353]: Done 5%
[INFO] [1499420184.359394]: Done 7%
[INFO] [1499420184.460474]: Done 8%
[INFO] [1499420184.561522]: Done 10%
[INFO] [1499420184.662628]: Done 12%
[INFO] [1499420184.763566]: Done 14%
[INFO] [1499420184.864515]: Done 15%
[INFO] [1499420184.965542]: Done 17%
[INFO] [1499420185.066775]: Done 19%
[INFO] [1499420185.168001]: Done 21%
[INFO] [1499420185.268935]: Done 22%
[INFO] [1499420185.370951]: Done 24%
[INFO] [1499420185.472141]: Done 26%
[INFO] [1499420185.573293]: Done 28%
[INFO] [1499420185.674379]: Done 29%
[INFO] [1499420185.775200]: Done 31%
[INFO] [1499420185.876412]: Done 33%
[INFO] [1499420185.978355]: Done 35%
[INFO] [1499420186.079521]: Done 36%
[INFO] [1499420186.180599]: Done 38%
[INFO] [1499420186.281590]: Done 40%
[INFO] [1499420186.383038]: Done 42%
[INFO] [1499420186.484148]: Done 43%
[INFO] [1499420186.585345]: Done 45%
[INFO] [1499420186.686483]: Done 47%
[INFO] [1499420186.787632]: Done 49%
[INFO] [1499420186.888608]: Done 50%
[INFO] [1499420186.989698]: Done 52%
[INFO] [1499420187.090842]: Done 54%
[INFO] [1499420187.191964]: Done 56%
[INFO] [1499420187.293557]: Done 57%
[INFO] [1499420187.396601]: Done 59%
[INFO] [1499420187.497875]: Done 61%
[INFO] [1499420187.598947]: Done 63%
[INFO] [1499420187.700219]: Done 64%
[INFO] [1499420187.801346]: Done 66%
[INFO] [1499420187.903304]: Done 68%
[INFO] [1499420188.004612]: Done 70%
[INFO] [1499420188.105730]: Done 71%
[INFO] [1499420188.207057]: Done 73%
[INFO] [1499420188.308100]: Done 75%
[INFO] [1499420188.409188]: Done 77%
[INFO] [1499420188.510292]: Done 78%
[INFO] [1499420188.611182]: Done 80%
[INFO] [1499420188.712275]: Done 82%
[INFO] [1499420188.813379]: Done 84%
[INFO] [1499420188.914799]: Done 85%
[INFO] [1499420189.016024]: Done 87%
[INFO] [1499420189.117081]: Done 89%
[INFO] [1499420189.218099]: Done 91%
[INFO] [1499420189.319328]: Done 92%
[INFO] [1499420189.420293]: Done 94%
[INFO] [1499420189.521332]: Done 96%
[INFO] [1499420189.622666]: /move_sandbox_items: Succeeded
[INFO] [1499420293.851887]: /move_sandbox_items: Received a request to move ball to 0.49, -0.06. Let's do that
[INFO] [1499420293.852559]: Moving ball to 0.26,0.28
[INFO] [1499420293.852871]: Requesting a plan...
[INFO] [1499420294.013549]: Received trajectory! As requested, waiting -0.061577902s before starting...
[INFO] [1499420294.014083]: Waiting a bit more (0.0s) to give the robot time to prepare...
[INFO] [1499420294.014417]: Starting to play trajectory!
[INFO] [1499420294.014873]: Done 0%
[INFO] [1499420294.115716]: Done 1%
[INFO] [1499420294.216648]: Done 2%
[INFO] [1499420294.317554]: Done 4%
[INFO] [1499420294.418428]: Done 5%
[INFO] [1499420294.519691]: Done 7%
[INFO] [1499420294.620568]: Done 8%
[INFO] [1499420294.721417]: Done 10%
[INFO] [1499420294.822262]: Done 11%
[INFO] [1499420294.923095]: Done 13%
[INFO] [1499420295.024278]: Done 14%
[INFO] [1499420295.125406]: Done 16%
[INFO] [1499420295.226590]: Done 17%
[INFO] [1499420295.328199]: Done 19%
[INFO] [1499420295.429378]: Done 20%
[INFO] [1499420295.530542]: Done 22%
[INFO] [1499420295.631825]: Done 23%
[INFO] [1499420295.733014]: Done 25%
[INFO] [1499420295.834089]: Done 26%
[INFO] [1499420295.935140]: Done 28%
[INFO] [1499420296.036174]: Done 29%
[INFO] [1499420296.138251]: Done 31%
[INFO] [1499420296.239421]: Done 32%
[INFO] [1499420296.340547]: Done 34%
[INFO] [1499420296.441756]: Done 35%
[INFO] [1499420296.542903]: Done 37%
[INFO] [1499420296.647854]: Done 38%
[INFO] [1499420296.748946]: Done 40%
[INFO] [1499420296.849949]: Done 41%
[INFO] [1499420296.951045]: Done 43%
[INFO] [1499420297.052021]: Done 44%
[INFO] [1499420297.153753]: Done 46%
[INFO] [1499420297.254772]: Done 47%
[INFO] [1499420297.355706]: Done 49%
[INFO] [1499420297.456710]: Done 50%
[INFO] [1499420297.557570]: Done 52%
[INFO] [1499420297.658572]: Done 53%
[INFO] [1499420297.759850]: Done 55%
[INFO] [1499420297.860824]: Done 56%
[INFO] [1499420297.962468]: Done 58%
[INFO] [1499420298.064014]: Done 59%
[INFO] [1499420298.165085]: Done 61%
[INFO] [1499420298.266331]: Done 62%
[INFO] [1499420298.367663]: Done 64%
[INFO] [1499420298.468623]: Done 65%
[INFO] [1499420298.569620]: Done 67%
[INFO] [1499420298.670523]: Done 68%
[INFO] [1499420298.771712]: Done 70%
[INFO] [1499420298.872732]: Done 71%
[INFO] [1499420298.973806]: Done 73%
[INFO] [1499420299.074907]: Done 74%
[INFO] [1499420299.175998]: Done 76%
[INFO] [1499420299.279482]: Done 77%
[INFO] [1499420299.380302]: Done 79%
[INFO] [1499420299.481138]: Done 80%
[INFO] [1499420299.582063]: Done 82%
[INFO] [1499420299.682903]: Done 83%
[INFO] [1499420299.783875]: Done 85%
[INFO] [1499420299.884705]: Done 86%
[INFO] [1499420299.986438]: Done 88%
[INFO] [1499420300.088126]: Done 89%
[INFO] [1499420300.189721]: Done 91%
[INFO] [1499420300.291121]: Done 92%
[INFO] [1499420300.392276]: Done 94%
[INFO] [1499420300.493278]: Done 95%
[INFO] [1499420300.594322]: Done 97%
[INFO] [1499420300.695659]: /move_sandbox_items: Succeeded
[INFO] [1499420302.061976]: /move_sandbox_items: Received a request to move ball to 0.06, -0.06. Let's do that
[INFO] [1499420302.062827]: Moving ball to 0.25,0.12
[INFO] [1499420302.063467]: Requesting a plan...
[INFO] [1499420302.192964]: Received trajectory! As requested, waiting -0.041147996s before starting...
[INFO] [1499420302.193359]: Waiting a bit more (0.0s) to give the robot time to prepare...
[INFO] [1499420302.193673]: Starting to play trajectory!
[INFO] [1499420302.194160]: Done 0%
[INFO] [1499420302.295266]: Done 1%
[INFO] [1499420302.396185]: Done 3%
[INFO] [1499420302.497206]: Done 4%
[INFO] [1499420302.598174]: Done 6%
[INFO] [1499420302.698980]: Done 8%
[INFO] [1499420302.799830]: Done 9%
[INFO] [1499420302.900720]: Done 11%
[INFO] [1499420303.001729]: Done 12%
[INFO] [1499420303.102664]: Done 14%
[INFO] [1499420303.203587]: Done 16%
[INFO] [1499420303.304532]: Done 17%
[INFO] [1499420303.405655]: Done 19%
[INFO] [1499420303.506684]: Done 20%
[INFO] [1499420303.608053]: Done 22%
[INFO] [1499420303.709019]: Done 24%
[INFO] [1499420303.809889]: Done 25%
[INFO] [1499420303.910853]: Done 27%
[INFO] [1499420304.011854]: Done 29%
[INFO] [1499420304.112845]: Done 30%
[INFO] [1499420304.213921]: Done 32%
[INFO] [1499420304.315060]: Done 33%
[INFO] [1499420304.416094]: Done 35%
[INFO] [1499420304.517504]: Done 37%
[INFO] [1499420304.618498]: Done 38%
[INFO] [1499420304.719792]: Done 40%
[INFO] [1499420304.824839]: Done 41%
[INFO] [1499420304.926087]: Done 43%
[INFO] [1499420305.027193]: Done 45%
[INFO] [1499420305.128366]: Done 46%
[INFO] [1499420305.229375]: Done 48%
[INFO] [1499420305.330468]: Done 50%
[INFO] [1499420305.431564]: Done 51%
[INFO] [1499420305.532882]: Done 53%
[INFO] [1499420305.634117]: Done 54%
[INFO] [1499420305.735208]: Done 56%
[INFO] [1499420305.836567]: Done 58%
[INFO] [1499420305.937998]: Done 59%
[INFO] [1499420306.038956]: Done 61%
[INFO] [1499420306.139993]: Done 62%
[INFO] [1499420306.241008]: Done 64%
[INFO] [1499420306.342459]: Done 66%
[INFO] [1499420306.443675]: Done 67%
[INFO] [1499420306.545263]: Done 69%
[INFO] [1499420306.646849]: Done 70%
[INFO] [1499420306.747999]: Done 72%
[INFO] [1499420306.848879]: Done 74%
[INFO] [1499420306.950472]: Done 75%
[INFO] [1499420307.051747]: Done 77%
[INFO] [1499420307.152838]: Done 79%
[INFO] [1499420307.253775]: Done 80%
[INFO] [1499420307.354729]: Done 82%
[INFO] [1499420307.456016]: Done 83%
[INFO] [1499420307.557082]: Done 85%
[INFO] [1499420307.659436]: Done 87%
[INFO] [1499420307.760501]: Done 88%
[INFO] [1499420307.861572]: Done 90%
[INFO] [1499420307.962581]: Done 91%
[INFO] [1499420308.063788]: Done 93%
[INFO] [1499420308.165137]: Done 95%
[INFO] [1499420308.266764]: Done 96%
[INFO] [1499420308.368801]: /move_sandbox_items: Succeeded
[INFO] [1499420313.247249]: /move_sandbox_items: Received a request to move boy to 0.39, -0.07. Let's do that
[INFO] [1499420313.248001]: Moving boy to 0.02,-0.07
[INFO] [1499420313.248284]: Requesting a plan...
[INFO] [1499420313.357494]: Received trajectory! As requested, waiting -0.005577834s before starting...
[INFO] [1499420313.357960]: Waiting a bit more (0.0s) to give the robot time to prepare...
[INFO] [1499420313.358248]: Starting to play trajectory!
[INFO] [1499420313.358795]: Done 0%
[INFO] [1499420313.459863]: Done 5%
[INFO] [1499420313.561141]: Done 11%
[INFO] [1499420313.662273]: Done 17%
[INFO] [1499420313.763467]: Done 23%
[INFO] [1499420313.864641]: Done 29%
[INFO] [1499420313.965992]: Done 35%
[INFO] [1499420314.067679]: Done 41%
[INFO] [1499420314.169511]: Done 47%
[INFO] [1499420314.271312]: Done 52%
[INFO] [1499420314.373070]: Done 58%
[INFO] [1499420314.474349]: Done 64%
[INFO] [1499420314.575596]: Done 70%
[INFO] [1499420314.677438]: Done 76%
[INFO] [1499420314.778570]: Done 82%
[INFO] [1499420314.879651]: Done 88%
[INFO] [1499420314.980884]: /move_sandbox_items: Succeeded
[INFO] [1499420316.848741]: /move_sandbox_items: Received a request to move giraffe to 0.49, -0.06. Let's do that
[INFO] [1499420316.849450]: Moving giraffe to 0.03,0.04
[INFO] [1499420316.849959]: Requesting a plan...
[INFO] [1499420316.952497]: Received trajectory! As requested, waiting -0.000468598s before starting...
[INFO] [1499420316.953000]: Waiting a bit more (0.0s) to give the robot time to prepare...
[INFO] [1499420316.953353]: Starting to play trajectory!
[INFO] [1499420316.953998]: Done 0%
[INFO] [1499420317.055194]: Done 10%
[INFO] [1499420317.156216]: Done 20%
[INFO] [1499420317.257235]: Done 30%
[INFO] [1499420317.358357]: Done 40%
[INFO] [1499420317.459531]: Done 50%
[INFO] [1499420317.560953]: Done 60%
[INFO] [1499420317.662364]: Done 70%
[INFO] [1499420317.763296]: Done 80%
[INFO] [1499420317.864491]: /move_sandbox_items: Succeeded
[INFO] [1499420325.679382]: /move_sandbox_items: Received a request to move boy to 0.06, -0.06. Let's do that
[INFO] [1499420325.680083]: Moving boy to -0.23,-0.27
[INFO] [1499420325.680355]: Requesting a plan...
[INFO] [1499420325.753258]: Received trajectory! As requested, waiting -0.001665195s before starting...
[INFO] [1499420325.753705]: Waiting a bit more (0.0s) to give the robot time to prepare...
[INFO] [1499420325.754026]: Starting to play trajectory!
[INFO] [1499420325.754567]: Done 0%
[INFO] [1499420325.855598]: Done 1%
[INFO] [1499420325.956988]: Done 2%
[INFO] [1499420326.058102]: Done 4%
[INFO] [1499420326.159250]: Done 5%
[INFO] [1499420326.260549]: Done 6%
[INFO] [1499420326.361835]: Done 8%
[INFO] [1499420326.462954]: Done 9%
[INFO] [1499420326.563837]: Done 11%
[INFO] [1499420326.664959]: Done 12%
[INFO] [1499420326.765995]: Done 13%
[INFO] [1499420326.867135]: Done 15%
[INFO] [1499420326.968141]: Done 16%
[INFO] [1499420327.069234]: Done 18%
[INFO] [1499420327.170194]: Done 19%
[INFO] [1499420327.271165]: Done 20%
[INFO] [1499420327.372129]: Done 22%
[INFO] [1499420327.473130]: Done 23%
[INFO] [1499420327.574144]: Done 25%
[INFO] [1499420327.675109]: Done 26%
[INFO] [1499420327.775967]: Done 27%
[INFO] [1499420327.876825]: Done 29%
[INFO] [1499420327.977915]: Done 30%
[INFO] [1499420328.079306]: Done 31%
[INFO] [1499420328.180436]: Done 33%
[INFO] [1499420328.281298]: Done 34%
[INFO] [1499420328.382290]: Done 36%
[INFO] [1499420328.483007]: Done 37%
[INFO] [1499420328.583919]: Done 38%
[INFO] [1499420328.684748]: Done 40%
[INFO] [1499420328.785676]: Done 41%
[INFO] [1499420328.886755]: Done 43%
[INFO] [1499420328.988336]: Done 44%
[INFO] [1499420329.089670]: Done 45%
[INFO] [1499420329.191467]: Done 47%
[INFO] [1499420329.292425]: Done 48%
[INFO] [1499420329.393707]: Done 50%
[INFO] [1499420329.495086]: Done 51%
[INFO] [1499420329.595983]: Done 52%
[INFO] [1499420329.697087]: Done 54%
[INFO] [1499420329.798455]: Done 55%
[INFO] [1499420329.899529]: Done 56%
[INFO] [1499420330.000515]: Done 58%
[INFO] [1499420330.104193]: Done 59%
[INFO] [1499420330.206199]: Done 61%
[INFO] [1499420330.307123]: Done 62%
[INFO] [1499420330.408271]: Done 63%
[INFO] [1499420330.509249]: Done 65%
[INFO] [1499420330.610137]: Done 66%
[INFO] [1499420330.711141]: Done 68%
[INFO] [1499420330.812173]: Done 69%
[INFO] [1499420330.915711]: Done 70%
[INFO] [1499420331.016899]: Done 72%
[INFO] [1499420331.117950]: Done 73%
[INFO] [1499420331.218970]: Done 75%
[INFO] [1499420331.320035]: Done 76%
[INFO] [1499420331.421170]: Done 77%
[INFO] [1499420331.522470]: Done 79%
[INFO] [1499420331.623730]: Done 80%
[INFO] [1499420331.724737]: Done 81%
[INFO] [1499420331.825681]: Done 83%
[INFO] [1499420331.926946]: Done 84%
[INFO] [1499420332.028055]: Done 86%
[INFO] [1499420332.129108]: Done 87%
[INFO] [1499420332.230343]: Done 88%
[INFO] [1499420332.331524]: Done 90%
[INFO] [1499420332.432528]: Done 91%
[INFO] [1499420332.533725]: Done 93%
[INFO] [1499420332.634794]: Done 94%
[INFO] [1499420332.735922]: Done 95%
[INFO] [1499420332.837009]: Done 97%
[INFO] [1499420332.938477]: /move_sandbox_items: Succeeded
[INFO] [1499420334.658679]: /move_sandbox_items: Received a request to move boy to 0.49, -0.06. Let's do that
[INFO] [1499420334.659742]: Moving boy to -0.39,-0.18
[INFO] [1499420334.660773]: Requesting a plan...
[INFO] [1499420334.788098]: Received trajectory! As requested, waiting -0.036207582s before starting...
[INFO] [1499420334.788750]: Waiting a bit more (0.0s) to give the robot time to prepare...
[INFO] [1499420334.789240]: Starting to play trajectory!
[INFO] [1499420334.789826]: Done 0%
[INFO] [1499420334.890742]: Done 1%
[INFO] [1499420334.992411]: Done 2%
[INFO] [1499420335.093456]: Done 3%
[INFO] [1499420335.196057]: Done 4%
[INFO] [1499420335.297579]: Done 5%
[INFO] [1499420335.398726]: Done 6%
[INFO] [1499420335.499754]: Done 7%
[INFO] [1499420335.600859]: Done 8%
[INFO] [1499420335.701930]: Done 9%
[INFO] [1499420335.802967]: Done 10%
[INFO] [1499420335.904045]: Done 11%
[INFO] [1499420336.005027]: Done 13%
[INFO] [1499420336.106198]: Done 14%
[INFO] [1499420336.207635]: Done 15%
[INFO] [1499420336.308753]: Done 16%
[INFO] [1499420336.409906]: Done 17%
[INFO] [1499420336.510931]: Done 18%
[INFO] [1499420336.612315]: Done 19%
[INFO] [1499420336.713205]: Done 20%
[INFO] [1499420336.814236]: Done 21%
[INFO] [1499420336.915163]: Done 22%
[INFO] [1499420337.016036]: Done 23%
[INFO] [1499420337.116969]: Done 25%
[INFO] [1499420337.218133]: Done 26%
[INFO] [1499420337.319068]: Done 27%
[INFO] [1499420337.419928]: Done 28%
[INFO] [1499420337.521794]: Done 29%
[INFO] [1499420337.622759]: Done 30%
[INFO] [1499420337.723817]: Done 31%
[INFO] [1499420337.824789]: Done 32%
[INFO] [1499420337.926004]: Done 33%
[INFO] [1499420338.027314]: Done 34%
[INFO] [1499420338.128582]: Done 35%
[INFO] [1499420338.231222]: Done 36%
[INFO] [1499420338.332555]: Done 38%
[INFO] [1499420338.435404]: Done 39%
[INFO] [1499420338.536459]: Done 40%
[INFO] [1499420338.637684]: Done 41%
[INFO] [1499420338.738936]: Done 42%
[INFO] [1499420338.839777]: Done 43%
[INFO] [1499420338.940610]: Done 44%
[INFO] [1499420339.041446]: Done 45%
[INFO] [1499420339.142298]: Done 46%
[INFO] [1499420339.243136]: Done 47%
[INFO] [1499420339.343956]: Done 48%
[INFO] [1499420339.444956]: Done 50%
[INFO] [1499420339.545830]: Done 51%
[INFO] [1499420339.646695]: Done 52%
[INFO] [1499420339.747662]: Done 53%
[INFO] [1499420339.848616]: Done 54%
[INFO] [1499420339.949674]: Done 55%
[INFO] [1499420340.050826]: Done 56%
[INFO] [1499420340.151893]: Done 57%
[INFO] [1499420340.252975]: Done 58%
[INFO] [1499420340.354351]: Done 59%
[INFO] [1499420340.455835]: Done 60%
[INFO] [1499420340.558294]: Done 61%
[INFO] [1499420340.659402]: Done 63%
[INFO] [1499420340.761525]: Done 64%
[INFO] [1499420340.862624]: Done 65%
[INFO] [1499420340.964839]: Done 66%
[INFO] [1499420341.065992]: Done 67%
[INFO] [1499420341.167101]: Done 68%
[INFO] [1499420341.268206]: Done 69%
[INFO] [1499420341.369151]: Done 70%
[INFO] [1499420341.470129]: Done 71%
[INFO] [1499420341.571578]: Done 72%
[INFO] [1499420341.672600]: Done 73%
[INFO] [1499420341.775138]: Done 75%
[INFO] [1499420341.875967]: Done 76%
[INFO] [1499420341.977078]: Done 77%
[INFO] [1499420342.078030]: Done 78%
[INFO] [1499420342.179452]: Done 79%
[INFO] [1499420342.280440]: Done 80%
[INFO] [1499420342.381520]: Done 81%
[INFO] [1499420342.482401]: Done 82%
[INFO] [1499420342.583730]: Done 83%
[INFO] [1499420342.684771]: Done 84%
[INFO] [1499420342.785862]: Done 85%
[INFO] [1499420342.886848]: Done 86%
[INFO] [1499420342.987897]: Done 88%
[INFO] [1499420343.089127]: Done 89%
[INFO] [1499420343.190095]: Done 90%
[INFO] [1499420343.291018]: Done 91%
[INFO] [1499420343.391948]: Done 92%
[INFO] [1499420343.492955]: Done 93%
[INFO] [1499420343.593906]: Done 94%
[INFO] [1499420343.694803]: Done 95%
[INFO] [1499420343.795939]: Done 96%
[INFO] [1499420343.897309]: Done 97%
[INFO] [1499420343.998572]: /move_sandbox_items: Succeeded
[INFO] [1499420347.707517]: /move_sandbox_items: Received a request to move crocodile to 0.44, -0.18. Let's do that
[INFO] [1499420347.708733]: Moving crocodile to -0.04,-0.06
[INFO] [1499420347.709258]: Requesting a plan...
[INFO] [1499420347.751698]: Received trajectory! As requested, waiting -0.000389782s before starting...
[INFO] [1499420347.752073]: Waiting a bit more (0.0s) to give the robot time to prepare...
[INFO] [1499420347.752368]: Starting to play trajectory!
[INFO] [1499420347.752811]: Done 0%
[INFO] [1499420347.853824]: Done 9%
[INFO] [1499420347.955121]: Done 18%
[INFO] [1499420348.056302]: Done 27%
[INFO] [1499420348.157258]: Done 36%
[INFO] [1499420348.258958]: Done 45%
[INFO] [1499420348.359931]: Done 54%
[INFO] [1499420348.461165]: Done 63%
[INFO] [1499420348.562093]: Done 72%
[INFO] [1499420348.663112]: Done 81%
[INFO] [1499420348.764554]: /move_sandbox_items: Succeeded
[INFO] [1499420355.443872]: /move_sandbox_items: Received a request to move zebra to 0.49, -0.06. Let's do that
[INFO] [1499420355.444600]: Moving zebra to -0.22,0.14
[INFO] [1499420355.444884]: Requesting a plan...
[INFO] [1499420355.553485]: Received trajectory! As requested, waiting -0.001677373s before starting...
[INFO] [1499420355.553879]: Waiting a bit more (0.0s) to give the robot time to prepare...
[INFO] [1499420355.554143]: Starting to play trajectory!
[INFO] [1499420355.554693]: Done 0%
[INFO] [1499420355.655656]: Done 2%
[INFO] [1499420355.756898]: Done 4%
[INFO] [1499420355.857870]: Done 6%
[INFO] [1499420355.959025]: Done 8%
[INFO] [1499420356.060016]: Done 10%
[INFO] [1499420356.161356]: Done 12%
[INFO] [1499420356.262605]: Done 14%
[INFO] [1499420356.363846]: Done 17%
[INFO] [1499420356.465199]: Done 19%
[INFO] [1499420356.566326]: Done 21%
[INFO] [1499420356.667433]: Done 23%
[INFO] [1499420356.768573]: Done 25%
[INFO] [1499420356.869853]: Done 27%
[INFO] [1499420356.970863]: Done 29%
[INFO] [1499420357.071962]: Done 31%
[INFO] [1499420357.173077]: Done 34%
[INFO] [1499420357.274161]: Done 36%
[INFO] [1499420357.376487]: Done 38%
[INFO] [1499420357.477570]: Done 40%
[INFO] [1499420357.578708]: Done 42%
[INFO] [1499420357.680096]: Done 44%
[INFO] [1499420357.781206]: Done 46%
[INFO] [1499420357.885102]: Done 48%
[INFO] [1499420357.988733]: Done 51%
[INFO] [1499420358.089984]: Done 53%
[INFO] [1499420358.190945]: Done 55%
[INFO] [1499420358.292641]: Done 57%
[INFO] [1499420358.393594]: Done 59%
[INFO] [1499420358.494908]: Done 61%
[INFO] [1499420358.596248]: Done 63%
[INFO] [1499420358.697296]: Done 65%
[INFO] [1499420358.798415]: Done 68%
[INFO] [1499420358.899691]: Done 70%
[INFO] [1499420359.000595]: Done 72%
[INFO] [1499420359.101530]: Done 74%
[INFO] [1499420359.202591]: Done 76%
[INFO] [1499420359.303602]: Done 78%
[INFO] [1499420359.404688]: Done 80%
[INFO] [1499420359.505570]: Done 82%
[INFO] [1499420359.606603]: Done 85%
[INFO] [1499420359.707873]: Done 87%
[INFO] [1499420359.809123]: Done 89%
[INFO] [1499420359.910423]: Done 91%
[INFO] [1499420360.011395]: Done 93%
[INFO] [1499420360.112546]: Done 95%
[INFO] [1499420360.213789]: /move_sandbox_items: Succeeded
[INFO] [1499420362.184029]: /move_sandbox_items: Received a request to move hippo to 0.44, -0.18. Let's do that
[INFO] [1499420362.184752]: Moving hippo to 0.03,-0.06
[INFO] [1499420362.185060]: Requesting a plan...
[INFO] [1499420362.352374]: Received trajectory! As requested, waiting -0.00054709s before starting...
[INFO] [1499420362.352747]: Waiting a bit more (0.0s) to give the robot time to prepare...
[INFO] [1499420362.353035]: Starting to play trajectory!
[INFO] [1499420362.353663]: Done 0%
[INFO] [1499420362.454643]: Done 6%
[INFO] [1499420362.555782]: Done 13%
[INFO] [1499420362.656941]: Done 20%
[INFO] [1499420362.757918]: Done 26%
[INFO] [1499420362.858898]: Done 33%
[INFO] [1499420362.960277]: Done 40%
[INFO] [1499420363.061407]: Done 46%
[INFO] [1499420363.162612]: Done 53%
[INFO] [1499420363.263672]: Done 60%
[INFO] [1499420363.364797]: Done 66%
[INFO] [1499420363.465977]: Done 73%
[INFO] [1499420363.567158]: Done 80%
[INFO] [1499420363.668301]: Done 86%
[INFO] [1499420363.769547]: /move_sandbox_items: Succeeded
[INFO] [1499420366.242954]: /move_sandbox_items: Received a request to move hippo to 0.44, -0.18. Let's do that
[INFO] [1499420366.243738]: Moving hippo to -0.01,-0.00
[INFO] [1499420366.244017]: Requesting a plan...
[INFO] [1499420366.351573]: Received trajectory! As requested, waiting -0.000252622s before starting...
[INFO] [1499420366.352061]: Waiting a bit more (0.0s) to give the robot time to prepare...
[INFO] [1499420366.352440]: Starting to play trajectory!
[INFO] [1499420366.353022]: Done 0%
[INFO] [1499420366.454208]: /move_sandbox_items: Succeeded
[INFO] [1499420368.761840]: /move_sandbox_items: Received a request to move caravan to 0.39, -0.04. Let's do that
[INFO] [1499420368.763050]: Moving caravan to 0.11,-0.15
[INFO] [1499420368.763414]: Requesting a plan...
[INFO] [1499420368.986286]: Received trajectory! As requested, waiting -0.034970714s before starting...
[INFO] [1499420368.986764]: Waiting a bit more (0.0s) to give the robot time to prepare...
[INFO] [1499420368.987096]: Starting to play trajectory!
[INFO] [1499420368.987645]: Done 0%
[INFO] [1499420369.089370]: Done 2%
[INFO] [1499420369.190406]: Done 4%
[INFO] [1499420369.291536]: Done 6%
[INFO] [1499420369.392525]: Done 9%
[INFO] [1499420369.493746]: Done 11%
[INFO] [1499420369.594849]: Done 13%
[INFO] [1499420369.696010]: Done 16%
[INFO] [1499420369.797204]: Done 18%
[INFO] [1499420369.898874]: Done 20%
[INFO] [1499420369.999904]: Done 23%
[INFO] [1499420370.100977]: Done 25%
[INFO] [1499420370.202057]: Done 27%
[INFO] [1499420370.303108]: Done 30%
[INFO] [1499420370.404056]: Done 32%
[INFO] [1499420370.505109]: Done 34%
[INFO] [1499420370.606397]: Done 37%
[INFO] [1499420370.707401]: Done 39%
[INFO] [1499420370.808901]: Done 41%
[INFO] [1499420370.910475]: Done 44%
[INFO] [1499420371.011947]: Done 46%
[INFO] [1499420371.113087]: Done 48%
[INFO] [1499420371.214100]: Done 51%
[INFO] [1499420371.315210]: Done 53%
[INFO] [1499420371.417159]: Done 55%
[INFO] [1499420371.518536]: Done 58%
[INFO] [1499420371.619561]: Done 60%
[INFO] [1499420371.720738]: Done 62%
[INFO] [1499420371.821680]: Done 65%
[INFO] [1499420371.922787]: Done 67%
[INFO] [1499420372.024043]: Done 69%
[INFO] [1499420372.125172]: Done 72%
[INFO] [1499420372.226171]: Done 74%
[INFO] [1499420372.327191]: Done 76%
[INFO] [1499420372.428241]: Done 79%
[INFO] [1499420372.529794]: Done 81%
[INFO] [1499420372.630726]: Done 83%
[INFO] [1499420372.733985]: Done 86%
[INFO] [1499420372.835037]: Done 88%
[INFO] [1499420372.936481]: Done 90%
[INFO] [1499420373.037748]: Done 93%
[INFO] [1499420373.138706]: Done 95%
[INFO] [1499420373.240070]: /move_sandbox_items: Succeeded
[INFO] [1499420375.408096]: /move_sandbox_items: Received a request to move elephant to 0.39, -0.04. Let's do that
[INFO] [1499420375.408869]: Moving elephant to -0.05,0.01
[INFO] [1499420375.409165]: Requesting a plan...
[INFO] [1499420375.551887]: Received trajectory! As requested, waiting -0.000352388s before starting...
[INFO] [1499420375.552529]: Waiting a bit more (0.0s) to give the robot time to prepare...
[INFO] [1499420375.552858]: Starting to play trajectory!
[INFO] [1499420375.553275]: Done 0%
[INFO] [1499420375.654070]: Done 11%
[INFO] [1499420375.755043]: Done 22%
[INFO] [1499420375.856274]: Done 33%
[INFO] [1499420375.957330]: Done 44%
[INFO] [1499420376.058564]: Done 55%
[INFO] [1499420376.159593]: Done 66%
[INFO] [1499420376.260676]: Done 77%
[INFO] [1499420376.361741]: /move_sandbox_items: Succeeded
[INFO] [1499420377.965241]: /move_sandbox_items: Received a request to move caravan to 0.39, -0.04. Let's do that
[INFO] [1499420377.965921]: Moving caravan to -0.11,-0.02
[INFO] [1499420377.966544]: Requesting a plan...
[INFO] [1499420378.151897]: Received trajectory! As requested, waiting -0.000512669s before starting...
[INFO] [1499420378.152271]: Waiting a bit more (0.0s) to give the robot time to prepare...
[INFO] [1499420378.152547]: Starting to play trajectory!
[INFO] [1499420378.153044]: Done 0%
[INFO] [1499420378.254179]: Done 5%
[INFO] [1499420378.355225]: Done 10%
[INFO] [1499420378.456494]: Done 15%
[INFO] [1499420378.557574]: Done 21%
[INFO] [1499420378.658477]: Done 26%
[INFO] [1499420378.759333]: Done 31%
[INFO] [1499420378.860282]: Done 36%
[INFO] [1499420378.961292]: Done 42%
[INFO] [1499420379.062750]: Done 47%
[INFO] [1499420379.164076]: Done 52%
[INFO] [1499420379.265177]: Done 57%
[INFO] [1499420379.366473]: Done 63%
[INFO] [1499420379.467766]: Done 68%
[INFO] [1499420379.568746]: Done 73%
[INFO] [1499420379.670413]: Done 78%
[INFO] [1499420379.772224]: Done 84%
[INFO] [1499420379.873247]: Done 89%
[INFO] [1499420379.974775]: /move_sandbox_items: Succeeded
[INFO] [1499420381.942024]: /move_sandbox_items: Received a request to move caravan to 0.06, -0.06. Let's do that
[INFO] [1499420381.942855]: Moving caravan to 0.31,-0.26
[INFO] [1499420381.943201]: Requesting a plan...
[INFO] [1499420381.991289]: Received trajectory! As requested, waiting -0.039834164s before starting...
[INFO] [1499420381.991681]: Waiting a bit more (0.0s) to give the robot time to prepare...
[INFO] [1499420381.992032]: Starting to play trajectory!
[INFO] [1499420381.992468]: Done 0%
[INFO] [1499420382.093598]: Done 1%
[INFO] [1499420382.194651]: Done 2%
[INFO] [1499420382.295708]: Done 3%
[INFO] [1499420382.396630]: Done 4%
[INFO] [1499420382.498074]: Done 5%
[INFO] [1499420382.599707]: Done 6%
[INFO] [1499420382.701018]: Done 7%
[INFO] [1499420382.802328]: Done 9%
[INFO] [1499420382.903406]: Done 10%
[INFO] [1499420383.004473]: Done 11%
[INFO] [1499420383.105756]: Done 12%
[INFO] [1499420383.206851]: Done 13%
[INFO] [1499420383.308213]: Done 14%
[INFO] [1499420383.409261]: Done 15%
[INFO] [1499420383.510297]: Done 17%
[INFO] [1499420383.611510]: Done 18%
[INFO] [1499420383.712616]: Done 19%
[INFO] [1499420383.813624]: Done 20%
[INFO] [1499420383.914734]: Done 21%
[INFO] [1499420384.016026]: Done 22%
[INFO] [1499420384.117183]: Done 23%
[INFO] [1499420384.218449]: Done 25%
[INFO] [1499420384.319454]: Done 26%
[INFO] [1499420384.420442]: Done 27%
[INFO] [1499420384.521531]: Done 28%
[INFO] [1499420384.622410]: Done 29%
[INFO] [1499420384.723586]: Done 30%
[INFO] [1499420384.824682]: Done 31%
[INFO] [1499420384.925629]: Done 32%
[INFO] [1499420385.027233]: Done 34%
[INFO] [1499420385.128577]: Done 35%
[INFO] [1499420385.229740]: Done 36%
[INFO] [1499420385.330828]: Done 37%
[INFO] [1499420385.431977]: Done 38%
[INFO] [1499420385.533451]: Done 39%
[INFO] [1499420385.634859]: Done 40%
[INFO] [1499420385.735833]: Done 42%
[INFO] [1499420385.837200]: Done 43%
[INFO] [1499420385.939570]: Done 44%
[INFO] [1499420386.040450]: Done 45%
[INFO] [1499420386.141325]: Done 46%
[INFO] [1499420386.242238]: Done 47%
[INFO] [1499420386.343294]: Done 48%
[INFO] [1499420386.444396]: Done 50%
[INFO] [1499420386.545474]: Done 51%
[INFO] [1499420386.646494]: Done 52%
[INFO] [1499420386.747534]: Done 53%
[INFO] [1499420386.848512]: Done 54%
[INFO] [1499420386.949438]: Done 55%
[INFO] [1499420387.050539]: Done 56%
[INFO] [1499420387.151674]: Done 57%
[INFO] [1499420387.252853]: Done 59%
[INFO] [1499420387.353678]: Done 60%
[INFO] [1499420387.454478]: Done 61%
[INFO] [1499420387.555570]: Done 62%
[INFO] [1499420387.656697]: Done 63%
[INFO] [1499420387.757891]: Done 64%
[INFO] [1499420387.858837]: Done 65%
[INFO] [1499420387.959828]: Done 67%
[INFO] [1499420388.060964]: Done 68%
[INFO] [1499420388.161971]: Done 69%
[INFO] [1499420388.263409]: Done 70%
[INFO] [1499420388.365008]: Done 71%
[INFO] [1499420388.466261]: Done 72%
[INFO] [1499420388.567487]: Done 73%
[INFO] [1499420388.668557]: Done 75%
[INFO] [1499420388.769602]: Done 76%
[INFO] [1499420388.870655]: Done 77%
[INFO] [1499420388.971978]: Done 78%
[INFO] [1499420389.073155]: Done 79%
[INFO] [1499420389.174149]: Done 80%
[INFO] [1499420389.275200]: Done 81%
[INFO] [1499420389.376208]: Done 82%
[INFO] [1499420389.477274]: Done 84%
[INFO] [1499420389.578454]: Done 85%
[INFO] [1499420389.680005]: Done 86%
[INFO] [1499420389.781021]: Done 87%
[INFO] [1499420389.882051]: Done 88%
[INFO] [1499420389.983284]: Done 89%
[INFO] [1499420390.084331]: Done 90%
[INFO] [1499420390.185725]: Done 92%
[INFO] [1499420390.286683]: Done 93%
[INFO] [1499420390.387904]: Done 94%
[INFO] [1499420390.488984]: Done 95%
[INFO] [1499420390.590429]: Done 96%
[INFO] [1499420390.691373]: Done 97%
[INFO] [1499420390.792770]: /move_sandbox_items: Succeeded
[INFO] [1499420392.297678]: /move_sandbox_items: Received a request to move hippo to 0.28, -0.02. Let's do that
[INFO] [1499420392.298477]: Moving hippo to 0.09,0.07
[INFO] [1499420392.298804]: Requesting a plan...
[INFO] [1499420392.352325]: Received trajectory! As requested, waiting -0.000684998s before starting...
[INFO] [1499420392.352737]: Waiting a bit more (0.0s) to give the robot time to prepare...
[INFO] [1499420392.353022]: Starting to play trajectory!
[INFO] [1499420392.353451]: Done 0%
[INFO] [1499420392.454292]: Done 5%
[INFO] [1499420392.555590]: Done 10%
[INFO] [1499420392.657129]: Done 15%
[INFO] [1499420392.758195]: Done 20%
[INFO] [1499420392.861603]: Done 25%
[INFO] [1499420392.962595]: Done 30%
[INFO] [1499420393.063460]: Done 35%
[INFO] [1499420393.164325]: Done 40%
[INFO] [1499420393.265272]: Done 45%
[INFO] [1499420393.366266]: Done 50%
[INFO] [1499420393.467245]: Done 55%
[INFO] [1499420393.568096]: Done 60%
[INFO] [1499420393.669121]: Done 65%
[INFO] [1499420393.770237]: Done 70%
[INFO] [1499420393.871256]: Done 75%
[INFO] [1499420393.972337]: Done 80%
[INFO] [1499420394.073347]: Done 85%
[INFO] [1499420394.174575]: Done 90%
[INFO] [1499420394.275627]: /move_sandbox_items: Succeeded
[INFO] [1499420395.980086]: /move_sandbox_items: Received a request to move elephant to 0.20, -0.02. Let's do that
[INFO] [1499420395.980964]: Moving elephant to 0.12,-0.05
[INFO] [1499420395.981309]: Requesting a plan...
[INFO] [1499420396.152799]: Received trajectory! As requested, waiting -0.001015446s before starting...
[INFO] [1499420396.153595]: Waiting a bit more (0.0s) to give the robot time to prepare...
[INFO] [1499420396.154086]: Starting to play trajectory!
[INFO] [1499420396.154724]: Done 0%
[INFO] [1499420396.257379]: Done 3%
[INFO] [1499420396.358485]: Done 7%
[INFO] [1499420396.459417]: Done 11%
[INFO] [1499420396.560278]: Done 14%
[INFO] [1499420396.661178]: Done 18%
[INFO] [1499420396.761997]: Done 22%
[INFO] [1499420396.863124]: Done 25%
[INFO] [1499420396.964072]: Done 29%
[INFO] [1499420397.065127]: Done 33%
[INFO] [1499420397.166131]: Done 37%
[INFO] [1499420397.267405]: Done 40%
[INFO] [1499420397.368406]: Done 44%
[INFO] [1499420397.469554]: Done 48%
[INFO] [1499420397.570485]: Done 51%
[INFO] [1499420397.671562]: Done 55%
[INFO] [1499420397.773485]: Done 59%
[INFO] [1499420397.874499]: Done 62%
[INFO] [1499420397.975377]: Done 66%
[INFO] [1499420398.076584]: Done 70%
[INFO] [1499420398.177510]: Done 74%
[INFO] [1499420398.280220]: Done 77%
[INFO] [1499420398.381064]: Done 81%
[INFO] [1499420398.482010]: Done 85%
[INFO] [1499420398.582843]: Done 88%
[INFO] [1499420398.683709]: Done 92%
[INFO] [1499420398.784672]: /move_sandbox_items: Succeeded
[INFO] [1499420400.690574]: /move_sandbox_items: Received a request to move giraffe to 0.49, -0.06. Let's do that
[INFO] [1499420400.691474]: Moving giraffe to 0.36,0.09
[INFO] [1499420400.691855]: Requesting a plan...
[INFO] [1499420400.753769]: Received trajectory! As requested, waiting -0.001924257s before starting...
[INFO] [1499420400.754244]: Waiting a bit more (0.0s) to give the robot time to prepare...
[INFO] [1499420400.754674]: Starting to play trajectory!
[INFO] [1499420400.755379]: Done 0%
[INFO] [1499420400.856396]: Done 1%
[INFO] [1499420400.957547]: Done 3%
[INFO] [1499420401.058654]: Done 4%
[INFO] [1499420401.159719]: Done 6%
[INFO] [1499420401.261924]: Done 7%
[INFO] [1499420401.363092]: Done 9%
[INFO] [1499420401.464633]: Done 10%
[INFO] [1499420401.565785]: Done 12%
[INFO] [1499420401.666880]: Done 14%
[INFO] [1499420401.767931]: Done 15%
[INFO] [1499420401.868951]: Done 17%
[INFO] [1499420401.969833]: Done 18%
[INFO] [1499420402.070929]: Done 20%
[INFO] [1499420402.172055]: Done 21%
[INFO] [1499420402.273053]: Done 23%
[INFO] [1499420402.374305]: Done 25%
[INFO] [1499420402.475237]: Done 26%
[INFO] [1499420402.576375]: Done 28%
[INFO] [1499420402.677392]: Done 29%
[INFO] [1499420402.778696]: Done 31%
[INFO] [1499420402.879603]: Done 32%
[INFO] [1499420402.981220]: Done 34%
[INFO] [1499420403.082298]: Done 35%
[INFO] [1499420403.183382]: Done 37%
[INFO] [1499420403.284471]: Done 39%
[INFO] [1499420403.385520]: Done 40%
[INFO] [1499420403.486388]: Done 42%
[INFO] [1499420403.587239]: Done 43%
[INFO] [1499420403.688061]: Done 45%
[INFO] [1499420403.788877]: Done 46%
[INFO] [1499420403.890296]: Done 48%
[INFO] [1499420403.991313]: Done 50%
[INFO] [1499420404.092754]: Done 51%
[INFO] [1499420404.193793]: Done 53%
[INFO] [1499420404.294716]: Done 54%
[INFO] [1499420404.396257]: Done 56%
[INFO] [1499420404.497251]: Done 57%
[INFO] [1499420404.598161]: Done 59%
[INFO] [1499420404.699152]: Done 60%
[INFO] [1499420404.800194]: Done 62%
[INFO] [1499420404.902637]: Done 64%
[INFO] [1499420405.004052]: Done 65%
[INFO] [1499420405.105033]: Done 67%
[INFO] [1499420405.206483]: Done 68%
[INFO] [1499420405.308149]: Done 70%
[INFO] [1499420405.409288]: Done 71%
[INFO] [1499420405.510425]: Done 73%
[INFO] [1499420405.611566]: Done 75%
[INFO] [1499420405.712516]: Done 76%
[INFO] [1499420405.813591]: Done 78%
[INFO] [1499420405.914434]: Done 79%
[INFO] [1499420406.015348]: Done 81%
[INFO] [1499420406.117166]: Done 82%
[INFO] [1499420406.218498]: Done 84%
[INFO] [1499420406.319449]: Done 85%
[INFO] [1499420406.420449]: Done 87%
[INFO] [1499420406.521727]: Done 89%
[INFO] [1499420406.622712]: Done 90%
[INFO] [1499420406.723622]: Done 92%
[INFO] [1499420406.824510]: Done 93%
[INFO] [1499420406.925443]: Done 95%
[INFO] [1499420407.026389]: Done 96%
[INFO] [1499420407.127468]: /move_sandbox_items: Succeeded
[INFO] [1499420408.566548]: /move_sandbox_items: Received a request to move girl to 0.06, -0.06. Let's do that
[INFO] [1499420408.567292]: Moving girl to -0.00,-0.09
[INFO] [1499420408.567590]: Requesting a plan...
[INFO] [1499420408.752284]: Received trajectory! As requested, waiting -0.0005808s before starting...
[INFO] [1499420408.752689]: Waiting a bit more (0.0s) to give the robot time to prepare...
[INFO] [1499420408.753017]: Starting to play trajectory!
[INFO] [1499420408.753497]: Done 0%
[INFO] [1499420408.854568]: Done 5%
[INFO] [1499420408.955673]: Done 11%
[INFO] [1499420409.056952]: Done 16%
[INFO] [1499420409.158250]: Done 22%
[INFO] [1499420409.259489]: Done 27%
[INFO] [1499420409.360937]: Done 33%
[INFO] [1499420409.462050]: Done 38%
[INFO] [1499420409.563365]: Done 44%
[INFO] [1499420409.664402]: Done 50%
[INFO] [1499420409.765351]: Done 55%
[INFO] [1499420409.866404]: Done 61%
[INFO] [1499420409.967747]: Done 66%
[INFO] [1499420410.068873]: Done 72%
[INFO] [1499420410.169879]: Done 77%
[INFO] [1499420410.270941]: Done 83%
[INFO] [1499420410.372350]: Done 88%
[INFO] [1499420410.474426]: /move_sandbox_items: Succeeded
[INFO] [1499420412.110490]: /move_sandbox_items: Received a request to move zebra to 0.18, -0.16. Let's do that
[INFO] [1499420412.111299]: Moving zebra to -0.08,0.13
[INFO] [1499420412.111571]: Requesting a plan...
[INFO] [1499420412.152708]: Received trajectory! As requested, waiting -0.000914991s before starting...
[INFO] [1499420412.153379]: Waiting a bit more (0.0s) to give the robot time to prepare...
[INFO] [1499420412.154144]: Starting to play trajectory!
[INFO] [1499420412.155125]: Done 0%
[INFO] [1499420412.256403]: Done 3%
[INFO] [1499420412.357356]: Done 7%
[INFO] [1499420412.459716]: Done 11%
[INFO] [1499420412.560739]: Done 14%
[INFO] [1499420412.661787]: Done 18%
[INFO] [1499420412.762846]: Done 22%
[INFO] [1499420412.863976]: Done 25%
[INFO] [1499420412.965141]: Done 29%
[INFO] [1499420413.066391]: Done 33%
[INFO] [1499420413.167387]: Done 37%
[INFO] [1499420413.268691]: Done 40%
[INFO] [1499420413.371075]: Done 44%
[INFO] [1499420413.472240]: Done 48%
[INFO] [1499420413.574542]: Done 51%
[INFO] [1499420413.675511]: Done 55%
[INFO] [1499420413.776687]: Done 59%
[INFO] [1499420413.877839]: Done 62%
[INFO] [1499420413.979170]: Done 66%
[INFO] [1499420414.080185]: Done 70%
[INFO] [1499420414.181138]: Done 74%
[INFO] [1499420414.282118]: Done 77%
[INFO] [1499420414.383040]: Done 81%
[INFO] [1499420414.484157]: Done 85%
[INFO] [1499420414.585711]: Done 88%
[INFO] [1499420414.686816]: Done 92%
[INFO] [1499420414.787880]: /move_sandbox_items: Succeeded
[INFO] [1499420896.860874]: /move_sandbox_items: Received a request to move boy to 0.00, -0.17. Let's do that
[INFO] [1499420896.861719]: Moving boy to -0.00,-0.05
[INFO] [1499420896.862129]: Requesting a plan...
[INFO] [1499420896.952567]: Received trajectory! As requested, waiting -0.000659007s before starting...
[INFO] [1499420896.953190]: Waiting a bit more (0.0s) to give the robot time to prepare...
[INFO] [1499420896.953486]: Starting to play trajectory!
[INFO] [1499420896.953989]: Done 0%
[INFO] [1499420897.055079]: Done 10%
[INFO] [1499420897.156165]: Done 20%
[INFO] [1499420897.257196]: Done 30%
[INFO] [1499420897.361820]: Done 40%
[INFO] [1499420897.463237]: Done 50%
[INFO] [1499420897.564090]: Done 60%
[INFO] [1499420897.664936]: Done 70%
[INFO] [1499420897.765766]: Done 80%
[INFO] [1499420897.866692]: /move_sandbox_items: Succeeded
[INFO] [1499420900.237757]: /move_sandbox_items: Received a request to move crocodile to 0.12, -0.25. Let's do that
[INFO] [1499420900.238657]: Moving crocodile to 0.14,0.20
[INFO] [1499420900.239000]: Requesting a plan...
[INFO] [1499420900.353306]: Received trajectory! As requested, waiting -0.001398608s before starting...
[INFO] [1499420900.353747]: Waiting a bit more (0.0s) to give the robot time to prepare...
[INFO] [1499420900.354056]: Starting to play trajectory!
[INFO] [1499420900.354511]: Done 0%
[INFO] [1499420900.455383]: Done 2%
[INFO] [1499420900.556391]: Done 4%
[INFO] [1499420900.657564]: Done 6%
[INFO] [1499420900.758658]: Done 8%
[INFO] [1499420900.859795]: Done 10%
[INFO] [1499420900.961094]: Done 13%
[INFO] [1499420901.067012]: Done 15%
[INFO] [1499420901.169143]: Done 17%
[INFO] [1499420901.270184]: Done 19%
[INFO] [1499420901.371795]: Done 21%
[INFO] [1499420901.472901]: Done 23%
[INFO] [1499420901.574277]: Done 26%
[INFO] [1499420901.675628]: Done 28%
[INFO] [1499420901.776582]: Done 30%
[INFO] [1499420901.877632]: Done 32%
[INFO] [1499420901.978767]: Done 34%
[INFO] [1499420902.080025]: Done 36%
[INFO] [1499420902.181223]: Done 39%
[INFO] [1499420902.282239]: Done 41%
[INFO] [1499420902.383267]: Done 43%
[INFO] [1499420902.484416]: Done 45%
[INFO] [1499420902.585948]: Done 47%
[INFO] [1499420902.687336]: Done 50%
[INFO] [1499420902.788596]: Done 52%
[INFO] [1499420902.889817]: Done 54%
[INFO] [1499420902.990911]: Done 56%
[INFO] [1499420903.091996]: Done 58%
[INFO] [1499420903.193079]: Done 60%
[INFO] [1499420903.294167]: Done 63%
[INFO] [1499420903.395105]: Done 65%
[INFO] [1499420903.496134]: Done 67%
[INFO] [1499420903.597199]: Done 69%
[INFO] [1499420903.698309]: Done 71%
[INFO] [1499420903.799287]: Done 73%
[INFO] [1499420903.904636]: Done 76%
[INFO] [1499420904.006202]: Done 78%
[INFO] [1499420904.107399]: Done 80%
[INFO] [1499420904.208567]: Done 82%
[INFO] [1499420904.309874]: Done 84%
[INFO] [1499420904.411272]: Done 86%
[INFO] [1499420904.512900]: Done 89%
[INFO] [1499420904.614257]: Done 91%
[INFO] [1499420904.715610]: Done 93%
[INFO] [1499420904.817222]: Done 95%
[INFO] [1499420904.919078]: /move_sandbox_items: Succeeded
[INFO] [1499420907.057963]: /move_sandbox_items: Received a request to move elephant to 0.00, -0.17. Let's do that
[INFO] [1499420907.058820]: Moving elephant to -0.03,-0.10
[INFO] [1499420907.059237]: Requesting a plan...
[INFO] [1499420907.191982]: Received trajectory! As requested, waiting -0.040101275s before starting...
[INFO] [1499420907.192478]: Waiting a bit more (0.0s) to give the robot time to prepare...
[INFO] [1499420907.192787]: Starting to play trajectory!
[INFO] [1499420907.193459]: Done 0%
[INFO] [1499420907.294333]: Done 4%
[INFO] [1499420907.395393]: Done 8%
[INFO] [1499420907.496507]: Done 13%
[INFO] [1499420907.597379]: Done 17%
[INFO] [1499420907.698716]: Done 21%
[INFO] [1499420907.799641]: Done 26%
[INFO] [1499420907.901431]: Done 30%
[INFO] [1499420908.002533]: Done 34%
[INFO] [1499420908.103705]: Done 39%
[INFO] [1499420908.204696]: Done 43%
[INFO] [1499420908.305617]: Done 47%
[INFO] [1499420908.406873]: Done 52%
[INFO] [1499420908.508163]: Done 56%
[INFO] [1499420908.609477]: Done 60%
[INFO] [1499420908.710480]: Done 65%
[INFO] [1499420908.811592]: Done 69%
[INFO] [1499420908.912593]: Done 73%
[INFO] [1499420909.013898]: Done 78%
[INFO] [1499420909.114950]: Done 82%
[INFO] [1499420909.216063]: Done 86%
[INFO] [1499420909.316983]: Done 91%
[INFO] [1499420909.418069]: /move_sandbox_items: Succeeded
[INFO] [1499420911.787316]: /move_sandbox_items: Received a request to move ball to 0.10, -0.05. Let's do that
[INFO] [1499420911.788122]: Moving ball to 0.18,0.01
[INFO] [1499420911.788461]: Requesting a plan...
[INFO] [1499420911.952784]: Received trajectory! As requested, waiting -0.000934104s before starting...
[INFO] [1499420911.953245]: Waiting a bit more (0.0s) to give the robot time to prepare...
[INFO] [1499420911.953561]: Starting to play trajectory!
[INFO] [1499420911.954027]: Done 0%
[INFO] [1499420912.055385]: Done 3%
[INFO] [1499420912.157602]: Done 6%
[INFO] [1499420912.258731]: Done 9%
[INFO] [1499420912.359718]: Done 12%
[INFO] [1499420912.460800]: Done 15%
[INFO] [1499420912.562437]: Done 18%
[INFO] [1499420912.663643]: Done 21%
[INFO] [1499420912.764579]: Done 24%
[INFO] [1499420912.865515]: Done 27%
[INFO] [1499420912.966476]: Done 30%
[INFO] [1499420913.067517]: Done 33%
[INFO] [1499420913.168491]: Done 36%
[INFO] [1499420913.269538]: Done 39%
[INFO] [1499420913.370694]: Done 42%
[INFO] [1499420913.471974]: Done 45%
[INFO] [1499420913.573698]: Done 48%
[INFO] [1499420913.674969]: Done 51%
[INFO] [1499420913.776000]: Done 54%
[INFO] [1499420913.877029]: Done 57%
[INFO] [1499420913.978521]: Done 60%
[INFO] [1499420914.079433]: Done 63%
[INFO] [1499420914.180456]: Done 66%
[INFO] [1499420914.281288]: Done 69%
[INFO] [1499420914.382277]: Done 72%
[INFO] [1499420914.483248]: Done 75%
[INFO] [1499420914.584147]: Done 78%
[INFO] [1499420914.685083]: Done 81%
[INFO] [1499420914.786124]: Done 84%
[INFO] [1499420914.887074]: Done 87%
[INFO] [1499420914.988021]: Done 90%
[INFO] [1499420915.089289]: Done 93%
[INFO] [1499420915.190937]: /move_sandbox_items: Succeeded
[INFO] [1499420916.995929]: /move_sandbox_items: Received a request to move girl to 0.04, -0.04. Let's do that
[INFO] [1499420916.996624]: Moving girl to 0.09,-0.08
[INFO] [1499420916.997113]: Requesting a plan...
[INFO] [1499420917.151994]: Received trajectory! As requested, waiting -0.000670475s before starting...
[INFO] [1499420917.152595]: Waiting a bit more (0.0s) to give the robot time to prepare...
[INFO] [1499420917.153387]: Starting to play trajectory!
[INFO] [1499420917.153830]: Done 0%
[INFO] [1499420917.254905]: Done 4%
[INFO] [1499420917.355837]: Done 8%
[INFO] [1499420917.456802]: Done 12%
[INFO] [1499420917.557811]: Done 16%
[INFO] [1499420917.658765]: Done 20%
[INFO] [1499420917.759720]: Done 25%
[INFO] [1499420917.860739]: Done 29%
[INFO] [1499420917.961990]: Done 33%
[INFO] [1499420918.063387]: Done 37%
[INFO] [1499420918.164749]: Done 41%
[INFO] [1499420918.265844]: Done 45%
[INFO] [1499420918.366861]: Done 50%
[INFO] [1499420918.468075]: Done 54%
[INFO] [1499420918.569052]: Done 58%
[INFO] [1499420918.670497]: Done 62%
[INFO] [1499420918.771544]: Done 66%
[INFO] [1499420918.873079]: Done 70%
[INFO] [1499420918.974582]: Done 75%
[INFO] [1499420919.075658]: Done 79%
[INFO] [1499420919.176780]: Done 83%
[INFO] [1499420919.278002]: Done 87%
[INFO] [1499420919.379764]: Done 91%
[INFO] [1499420919.481480]: /move_sandbox_items: Succeeded
[INFO] [1499420921.849922]: /move_sandbox_items: Received a request to move caravan to 0.10, -0.05. Let's do that
[INFO] [1499420921.850573]: Moving caravan to -0.11,0.20
[INFO] [1499420921.850857]: Requesting a plan...
[INFO] [1499420921.953017]: Received trajectory! As requested, waiting -0.000903296s before starting...
[INFO] [1499420921.953667]: Waiting a bit more (0.0s) to give the robot time to prepare...
[INFO] [1499420921.954031]: Starting to play trajectory!
[INFO] [1499420921.954460]: Done 0%
[INFO] [1499420922.055317]: Done 2%
[INFO] [1499420922.156438]: Done 4%
[INFO] [1499420922.257433]: Done 6%
[INFO] [1499420922.358455]: Done 8%
[INFO] [1499420922.459361]: Done 10%
[INFO] [1499420922.560351]: Done 13%
[INFO] [1499420922.661301]: Done 15%
[INFO] [1499420922.762224]: Done 17%
[INFO] [1499420922.863056]: Done 19%
[INFO] [1499420922.963925]: Done 21%
[INFO] [1499420923.065007]: Done 23%
[INFO] [1499420923.166144]: Done 26%
[INFO] [1499420923.267868]: Done 28%
[INFO] [1499420923.368844]: Done 30%
[INFO] [1499420923.469826]: Done 32%
[INFO] [1499420923.570766]: Done 34%
[INFO] [1499420923.671911]: Done 36%
[INFO] [1499420923.773108]: Done 39%
[INFO] [1499420923.874222]: Done 41%
[INFO] [1499420923.975091]: Done 43%
[INFO] [1499420924.076279]: Done 45%
[INFO] [1499420924.177641]: Done 47%
[INFO] [1499420924.278622]: Done 50%
[INFO] [1499420924.379457]: Done 52%
[INFO] [1499420924.480345]: Done 54%
[INFO] [1499420924.581413]: Done 56%
[INFO] [1499420924.682336]: Done 58%
[INFO] [1499420924.783388]: Done 60%
[INFO] [1499420924.884746]: Done 63%
[INFO] [1499420924.985726]: Done 65%
[INFO] [1499420925.087292]: Done 67%
[INFO] [1499420925.188648]: Done 69%
[INFO] [1499420925.289875]: Done 71%
[INFO] [1499420925.390979]: Done 73%
[INFO] [1499420925.492246]: Done 76%
[INFO] [1499420925.593505]: Done 78%
[INFO] [1499420925.694565]: Done 80%
[INFO] [1499420925.795535]: Done 82%
[INFO] [1499420925.897034]: Done 84%
[INFO] [1499420925.998162]: Done 86%
[INFO] [1499420926.099132]: Done 89%
[INFO] [1499420926.200221]: Done 91%
[INFO] [1499420926.301337]: Done 93%
[INFO] [1499420926.402449]: Done 95%
[INFO] [1499420926.503956]: /move_sandbox_items: Succeeded
[INFO] [1499420928.374125]: /move_sandbox_items: Received a request to move caravan to 0.10, -0.05. Let's do that
[INFO] [1499420928.375780]: Moving caravan to 0.02,-0.14
[INFO] [1499420928.376171]: Requesting a plan...
[INFO] [1499420928.552950]: Received trajectory! As requested, waiting -0.001064565s before starting...
[INFO] [1499420928.553606]: Waiting a bit more (0.0s) to give the robot time to prepare...
[INFO] [1499420928.554108]: Starting to play trajectory!
[INFO] [1499420928.554864]: Done 0%
[INFO] [1499420928.655876]: Done 3%
[INFO] [1499420928.756958]: Done 7%
[INFO] [1499420928.858008]: Done 11%
[INFO] [1499420928.959591]: Done 14%
[INFO] [1499420929.060626]: Done 18%
[INFO] [1499420929.161640]: Done 22%
[INFO] [1499420929.262550]: Done 25%
[INFO] [1499420929.363405]: Done 29%
[INFO] [1499420929.464360]: Done 33%
[INFO] [1499420929.565263]: Done 37%
[INFO] [1499420929.666514]: Done 40%
[INFO] [1499420929.767323]: Done 44%
[INFO] [1499420929.868319]: Done 48%
[INFO] [1499420929.969396]: Done 51%
[INFO] [1499420930.070578]: Done 55%
[INFO] [1499420930.171494]: Done 59%
[INFO] [1499420930.272958]: Done 62%
[INFO] [1499420930.374109]: Done 66%
[INFO] [1499420930.475808]: Done 70%
[INFO] [1499420930.576846]: Done 74%
[INFO] [1499420930.677891]: Done 77%
[INFO] [1499420930.779017]: Done 81%
[INFO] [1499420930.879953]: Done 85%
[INFO] [1499420930.980938]: Done 88%
[INFO] [1499420931.082047]: Done 92%
[INFO] [1499420931.184020]: /move_sandbox_items: Succeeded
[INFO] [1499420933.652553]: /move_sandbox_items: Received a request to move elephant to 0.00, -0.17. Let's do that
[INFO] [1499420933.653257]: Moving elephant to -0.02,-0.03
[INFO] [1499420933.653607]: Requesting a plan...
[INFO] [1499420933.751699]: Received trajectory! As requested, waiting -0.000348755s before starting...
[INFO] [1499420933.752083]: Waiting a bit more (0.0s) to give the robot time to prepare...
[INFO] [1499420933.752481]: Starting to play trajectory!
[INFO] [1499420933.753133]: Done 0%
[INFO] [1499420933.854068]: Done 12%
[INFO] [1499420933.955457]: Done 25%
[INFO] [1499420934.056585]: Done 37%
[INFO] [1499420934.157639]: Done 50%
[INFO] [1499420934.258607]: Done 62%
[INFO] [1499420934.359746]: Done 75%
[INFO] [1499420934.460817]: /move_sandbox_items: Succeeded
[INFO] [1499420936.465241]: /move_sandbox_items: Received a request to move elephant to 0.00, -0.17. Let's do that
[INFO] [1499420936.465909]: Moving elephant to -0.01,-0.01
[INFO] [1499420936.466173]: Requesting a plan...
[INFO] [1499420936.552627]: Received trajectory! As requested, waiting -0.000694421s before starting...
[INFO] [1499420936.553144]: Waiting a bit more (0.0s) to give the robot time to prepare...
[INFO] [1499420936.553458]: Starting to play trajectory!
[INFO] [1499420936.553914]: Done 0%
[INFO] [1499420936.654912]: Done 20%
[INFO] [1499420936.756110]: Done 40%
[INFO] [1499420936.857018]: Done 60%
[INFO] [1499420936.958292]: /move_sandbox_items: Succeeded
[INFO] [1499420938.826476]: /move_sandbox_items: Received a request to move elephant to 0.00, -0.17. Let's do that
[INFO] [1499420938.827673]: Moving elephant to -0.02,-0.01
[INFO] [1499420938.828203]: Requesting a plan...
[INFO] [1499420938.952372]: Received trajectory! As requested, waiting -0.000542116s before starting...
[INFO] [1499420938.952764]: Waiting a bit more (0.0s) to give the robot time to prepare...
[INFO] [1499420938.953066]: Starting to play trajectory!
[INFO] [1499420938.953579]: Done 0%
[INFO] [1499420939.054723]: Done 20%
[INFO] [1499420939.156658]: Done 40%
[INFO] [1499420939.257928]: Done 60%
[INFO] [1499420939.359593]: /move_sandbox_items: Succeeded
[INFO] [1499420940.863811]: /move_sandbox_items: Received a request to move ball to 0.50, -0.07. Let's do that
[INFO] [1499420940.864675]: Moving ball to 0.14,-0.10
[INFO] [1499420940.865048]: Requesting a plan...
[INFO] [1499420940.954588]: Received trajectory! As requested, waiting -0.002133858s before starting...
[INFO] [1499420940.955477]: Waiting a bit more (0.0s) to give the robot time to prepare...
[INFO] [1499420940.955998]: Starting to play trajectory!
[INFO] [1499420940.956697]: Done 0%
[INFO] [1499420941.057643]: Done 3%
[INFO] [1499420941.158659]: Done 6%
[INFO] [1499420941.259605]: Done 10%
[INFO] [1499420941.360478]: Done 13%
[INFO] [1499420941.461408]: Done 17%
[INFO] [1499420941.562345]: Done 20%
[INFO] [1499420941.663353]: Done 24%
[INFO] [1499420941.764456]: Done 27%
[INFO] [1499420941.865844]: Done 31%
[INFO] [1499420941.966809]: Done 34%
[INFO] [1499420942.067897]: Done 37%
[INFO] [1499420942.168947]: Done 41%
[INFO] [1499420942.270071]: Done 44%
[INFO] [1499420942.371037]: Done 48%
[INFO] [1499420942.471995]: Done 51%
[INFO] [1499420942.573000]: Done 55%
[INFO] [1499420942.673906]: Done 58%
[INFO] [1499420942.775209]: Done 62%
[INFO] [1499420942.876065]: Done 65%
[INFO] [1499420942.976880]: Done 68%
[INFO] [1499420943.077781]: Done 72%
[INFO] [1499420943.178765]: Done 75%
[INFO] [1499420943.279578]: Done 79%
[INFO] [1499420943.380367]: Done 82%
[INFO] [1499420943.481187]: Done 86%
[INFO] [1499420943.581997]: Done 89%
[INFO] [1499420943.682830]: Done 93%
[INFO] [1499420943.784149]: /move_sandbox_items: Succeeded
[INFO] [1499420946.288904]: /move_sandbox_items: Received a request to move hippo to 0.28, -0.15. Let's do that
[INFO] [1499420946.289718]: Moving hippo to -0.07,0.01
[INFO] [1499420946.289991]: Requesting a plan...
[INFO] [1499420946.351749]: Received trajectory! As requested, waiting -0.000409165s before starting...
[INFO] [1499420946.352128]: Waiting a bit more (0.0s) to give the robot time to prepare...
[INFO] [1499420946.352392]: Starting to play trajectory!
[INFO] [1499420946.352869]: Done 0%
[INFO] [1499420946.453747]: Done 7%
[INFO] [1499420946.554863]: Done 14%
[INFO] [1499420946.656053]: Done 21%
[INFO] [1499420946.757159]: Done 28%
[INFO] [1499420946.858180]: Done 35%
[INFO] [1499420946.959368]: Done 42%
[INFO] [1499420947.060453]: Done 50%
[INFO] [1499420947.161588]: Done 57%
[INFO] [1499420947.262507]: Done 64%
[INFO] [1499420947.363515]: Done 71%
[INFO] [1499420947.464472]: Done 78%
[INFO] [1499420947.565424]: Done 85%
[INFO] [1499420947.666702]: /move_sandbox_items: Succeeded
[INFO] [1499420950.034627]: /move_sandbox_items: Received a request to move giraffe to 0.50, -0.07. Let's do that
[INFO] [1499420950.035494]: Moving giraffe to 0.30,0.03
[INFO] [1499420950.035774]: Requesting a plan...
[INFO] [1499420950.203104]: Received trajectory! As requested, waiting -0.051581884s before starting...
[INFO] [1499420950.203426]: Waiting a bit more (0.0s) to give the robot time to prepare...
[INFO] [1499420950.203650]: Starting to play trajectory!
[INFO] [1499420950.203956]: Done 0%
[INFO] [1499420950.305182]: Done 1%
[INFO] [1499420950.406546]: Done 3%
[INFO] [1499420950.509348]: Done 5%
[INFO] [1499420950.610400]: Done 7%
[INFO] [1499420950.711845]: Done 9%
[INFO] [1499420950.813020]: Done 10%
[INFO] [1499420950.914011]: Done 12%
[INFO] [1499420951.015146]: Done 14%
[INFO] [1499420951.116631]: Done 16%
[INFO] [1499420951.218370]: Done 18%
[INFO] [1499420951.319805]: Done 20%
[INFO] [1499420951.420681]: Done 21%
[INFO] [1499420951.521616]: Done 23%
[INFO] [1499420951.622666]: Done 25%
[INFO] [1499420951.723750]: Done 27%
[INFO] [1499420951.824828]: Done 29%
[INFO] [1499420951.925877]: Done 30%
[INFO] [1499420952.026973]: Done 32%
[INFO] [1499420952.128188]: Done 34%
[INFO] [1499420952.229252]: Done 36%
[INFO] [1499420952.330199]: Done 38%
[INFO] [1499420952.431206]: Done 40%
[INFO] [1499420952.532184]: Done 41%
[INFO] [1499420952.633152]: Done 43%
[INFO] [1499420952.734082]: Done 45%
[INFO] [1499420952.835100]: Done 47%
[INFO] [1499420952.936612]: Done 49%
[INFO] [1499420953.037768]: Done 50%
[INFO] [1499420953.138763]: Done 52%
[INFO] [1499420953.239720]: Done 54%
[INFO] [1499420953.340735]: Done 56%
[INFO] [1499420953.441947]: Done 58%
[INFO] [1499420953.542910]: Done 60%
[INFO] [1499420953.643934]: Done 61%
[INFO] [1499420953.745066]: Done 63%
[INFO] [1499420953.846457]: Done 65%
[INFO] [1499420953.947521]: Done 67%
[INFO] [1499420954.048518]: Done 69%
[INFO] [1499420954.149568]: Done 70%
[INFO] [1499420954.250536]: Done 72%
[INFO] [1499420954.351534]: Done 74%
[INFO] [1499420954.452598]: Done 76%
[INFO] [1499420954.553478]: Done 78%
[INFO] [1499420954.654487]: Done 80%
[INFO] [1499420954.755651]: Done 81%
[INFO] [1499420954.856997]: Done 83%
[INFO] [1499420954.958138]: Done 85%
[INFO] [1499420955.059279]: Done 87%
[INFO] [1499420955.160525]: Done 89%
[INFO] [1499420955.261786]: Done 90%
[INFO] [1499420955.363375]: Done 92%
[INFO] [1499420955.464288]: Done 94%
[INFO] [1499420955.565211]: Done 96%
[INFO] [1499420955.666758]: /move_sandbox_items: Succeeded
[INFO] [1499420957.371524]: /move_sandbox_items: Received a request to move lion to 0.50, -0.07. Let's do that
[INFO] [1499420957.372305]: Moving lion to 0.09,-0.05
[INFO] [1499420957.372664]: Requesting a plan...
[INFO] [1499420957.580599]: Received trajectory! As requested, waiting -0.028846156s before starting...
[INFO] [1499420957.581009]: Waiting a bit more (0.0s) to give the robot time to prepare...
[INFO] [1499420957.581325]: Starting to play trajectory!
[INFO] [1499420957.581725]: Done 0%
[INFO] [1499420957.682642]: Done 2%
[INFO] [1499420957.784338]: Done 5%
[INFO] [1499420957.885490]: Done 8%
[INFO] [1499420957.986504]: Done 11%
[INFO] [1499420958.087860]: Done 14%
[INFO] [1499420958.189589]: Done 17%
[INFO] [1499420958.290815]: Done 20%
[INFO] [1499420958.392041]: Done 23%
[INFO] [1499420958.493061]: Done 26%
[INFO] [1499420958.594062]: Done 29%
[INFO] [1499420958.695484]: Done 32%
[INFO] [1499420958.796394]: Done 35%
[INFO] [1499420958.897710]: Done 38%
[INFO] [1499420958.998638]: Done 41%
[INFO] [1499420959.099611]: Done 44%
[INFO] [1499420959.200891]: Done 47%
[INFO] [1499420959.302433]: Done 50%
[INFO] [1499420959.403562]: Done 52%
[INFO] [1499420959.504624]: Done 55%
[INFO] [1499420959.605730]: Done 58%
[INFO] [1499420959.706744]: Done 61%
[INFO] [1499420959.807758]: Done 64%
[INFO] [1499420959.908749]: Done 67%
[INFO] [1499420960.009697]: Done 70%
[INFO] [1499420960.111083]: Done 73%
[INFO] [1499420960.212887]: Done 76%
[INFO] [1499420960.314308]: Done 79%
[INFO] [1499420960.415830]: Done 82%
[INFO] [1499420960.516894]: Done 85%
[INFO] [1499420960.618291]: Done 88%
[INFO] [1499420960.719270]: Done 91%
[INFO] [1499420960.820398]: Done 94%
[INFO] [1499420960.921826]: /move_sandbox_items: Succeeded
[INFO] [1499420962.389340]: /move_sandbox_items: Received a request to move elephant to 0.00, -0.17. Let's do that
[INFO] [1499420962.390179]: Moving elephant to -0.02,-0.01
[INFO] [1499420962.390534]: Requesting a plan...
[INFO] [1499420962.551861]: Received trajectory! As requested, waiting -0.000328115s before starting...
[INFO] [1499420962.552314]: Waiting a bit more (0.0s) to give the robot time to prepare...
[INFO] [1499420962.552845]: Starting to play trajectory!
[INFO] [1499420962.553352]: Done 0%
[INFO] [1499420962.654625]: Done 20%
[INFO] [1499420962.755761]: Done 40%
[INFO] [1499420962.856936]: Done 60%
[INFO] [1499420962.958068]: /move_sandbox_items: Succeeded
[INFO] [1499420965.326336]: /move_sandbox_items: Received a request to move elephant to 0.00, -0.17. Let's do that
[INFO] [1499420965.327249]: Moving elephant to -0.02,-0.01
[INFO] [1499420965.327598]: Requesting a plan...
[INFO] [1499420965.352454]: Received trajectory! As requested, waiting -0.000497013s before starting...
[INFO] [1499420965.353143]: Waiting a bit more (0.0s) to give the robot time to prepare...
[INFO] [1499420965.353606]: Starting to play trajectory!
[INFO] [1499420965.354097]: Done 0%
[INFO] [1499420965.455979]: Done 20%
[INFO] [1499420965.556947]: Done 40%
[INFO] [1499420965.657871]: Done 60%
[INFO] [1499420965.759602]: /move_sandbox_items: Succeeded
[INFO] [1499420967.363193]: /move_sandbox_items: Received a request to move boy to 0.10, -0.05. Let's do that
[INFO] [1499420967.363908]: Moving boy to 0.01,-0.17
[INFO] [1499420967.364219]: Requesting a plan...
[INFO] [1499420967.552874]: Received trajectory! As requested, waiting -0.000914588s before starting...
[INFO] [1499420967.553275]: Waiting a bit more (0.0s) to give the robot time to prepare...
[INFO] [1499420967.553544]: Starting to play trajectory!
[INFO] [1499420967.553919]: Done 0%
[INFO] [1499420967.654646]: Done 2%
[INFO] [1499420967.755705]: Done 5%
[INFO] [1499420967.856963]: Done 8%
[INFO] [1499420967.958082]: Done 11%
[INFO] [1499420968.059219]: Done 14%
[INFO] [1499420968.160204]: Done 17%
[INFO] [1499420968.261160]: Done 20%
[INFO] [1499420968.362088]: Done 22%
[INFO] [1499420968.462921]: Done 25%
[INFO] [1499420968.563839]: Done 28%
[INFO] [1499420968.664834]: Done 31%
[INFO] [1499420968.765897]: Done 34%
[INFO] [1499420968.866948]: Done 37%
[INFO] [1499420968.968138]: Done 40%
[INFO] [1499420969.069414]: Done 42%
[INFO] [1499420969.170706]: Done 45%
[INFO] [1499420969.271703]: Done 48%
[INFO] [1499420969.372564]: Done 51%
[INFO] [1499420969.473445]: Done 54%
[INFO] [1499420969.574301]: Done 57%
[INFO] [1499420969.675133]: Done 60%
[INFO] [1499420969.776198]: Done 62%
[INFO] [1499420969.877392]: Done 65%
[INFO] [1499420969.978728]: Done 68%
[INFO] [1499420970.080249]: Done 71%
[INFO] [1499420970.181115]: Done 74%
[INFO] [1499420970.282189]: Done 77%
[INFO] [1499420970.383232]: Done 80%
[INFO] [1499420970.484277]: Done 82%
[INFO] [1499420970.585324]: Done 85%
[INFO] [1499420970.686314]: Done 88%
[INFO] [1499420970.787874]: Done 91%
[INFO] [1499420970.888933]: Done 94%
[INFO] [1499420970.990379]: /move_sandbox_items: Succeeded
[INFO] [1499420973.058826]: /move_sandbox_items: Received a request to move elephant to 0.00, -0.17. Let's do that
[INFO] [1499420973.059572]: Moving elephant to -0.03,0.01
[INFO] [1499420973.059874]: Requesting a plan...
[INFO] [1499420973.152971]: Received trajectory! As requested, waiting -0.000752217s before starting...
[INFO] [1499420973.153569]: Waiting a bit more (0.0s) to give the robot time to prepare...
[INFO] [1499420973.153883]: Starting to play trajectory!
[INFO] [1499420973.154209]: Done 0%
[INFO] [1499420973.255597]: Done 14%
[INFO] [1499420973.356716]: Done 28%
[INFO] [1499420973.457730]: Done 42%
[INFO] [1499420973.558658]: Done 57%
[INFO] [1499420973.659627]: Done 71%
[INFO] [1499420973.760699]: /move_sandbox_items: Succeeded
[INFO] [1499420974.265054]: /move_sandbox_items: Received a request to move elephant to 0.00, -0.17. Let's do that
[INFO] [1499420974.265700]: Moving elephant to -0.02,0.01
[INFO] [1499420974.265956]: Requesting a plan...
[INFO] [1499420974.352590]: Received trajectory! As requested, waiting -0.000447502s before starting...
[INFO] [1499420974.352988]: Waiting a bit more (0.0s) to give the robot time to prepare...
[INFO] [1499420974.353268]: Starting to play trajectory!
[INFO] [1499420974.353742]: Done 0%
[INFO] [1499420974.454737]: Done 25%
[INFO] [1499420974.555770]: Done 50%
[INFO] [1499420974.657212]: /move_sandbox_items: Succeeded
[INFO] [1499420976.478754]: /move_sandbox_items: Received a request to move elephant to 0.00, -0.17. Let's do that
[INFO] [1499420976.479659]: Moving elephant to -0.02,0.01
[INFO] [1499420976.479931]: Requesting a plan...
[INFO] [1499420976.552845]: Received trajectory! As requested, waiting -0.00044495s before starting...
[INFO] [1499420976.553327]: Waiting a bit more (0.0s) to give the robot time to prepare...
[INFO] [1499420976.553689]: Starting to play trajectory!
[INFO] [1499420976.554792]: Done 0%
[INFO] [1499420976.655855]: Done 25%
[INFO] [1499420976.756853]: Done 50%
[INFO] [1499420976.858943]: /move_sandbox_items: Succeeded
[INFO] [1499420978.128491]: /move_sandbox_items: Received a request to move elephant to 0.00, -0.17. Let's do that
[INFO] [1499420978.129338]: Moving elephant to -0.02,0.01
[INFO] [1499420978.129673]: Requesting a plan...
[INFO] [1499420978.152182]: Received trajectory! As requested, waiting -0.000491638s before starting...
[INFO] [1499420978.152782]: Waiting a bit more (0.0s) to give the robot time to prepare...
[INFO] [1499420978.153409]: Starting to play trajectory!
[INFO] [1499420978.154068]: Done 0%
[INFO] [1499420978.255203]: Done 25%
[INFO] [1499420978.356572]: Done 50%
[INFO] [1499420978.458146]: /move_sandbox_items: Succeeded
[INFO] [1499421002.631854]: /move_sandbox_items: Received a request to move caravan to 0.10, -0.05. Let's do that
[INFO] [1499421002.632643]: Moving caravan to 0.17,0.11
[INFO] [1499421002.632941]: Requesting a plan...
[INFO] [1499421002.793327]: Received trajectory! As requested, waiting -0.041398208s before starting...
[INFO] [1499421002.793776]: Waiting a bit more (0.0s) to give the robot time to prepare...
[INFO] [1499421002.794171]: Starting to play trajectory!
[INFO] [1499421002.795123]: Done 0%
[INFO] [1499421002.896765]: Done 3%
[INFO] [1499421002.997936]: Done 6%
[INFO] [1499421003.099130]: Done 9%
[INFO] [1499421003.200183]: Done 12%
[INFO] [1499421003.301349]: Done 15%
[INFO] [1499421003.402613]: Done 18%
[INFO] [1499421003.504055]: Done 21%
[INFO] [1499421003.605071]: Done 24%
[INFO] [1499421003.706507]: Done 27%
[INFO] [1499421003.807589]: Done 30%
[INFO] [1499421003.908514]: Done 33%
[INFO] [1499421004.009746]: Done 36%
[INFO] [1499421004.110643]: Done 39%
[INFO] [1499421004.213349]: Done 42%
[INFO] [1499421004.314458]: Done 45%
[INFO] [1499421004.415849]: Done 48%
[INFO] [1499421004.516761]: Done 51%
[INFO] [1499421004.618048]: Done 54%
[INFO] [1499421004.719688]: Done 57%
[INFO] [1499421004.820803]: Done 60%
[INFO] [1499421004.921862]: Done 63%
[INFO] [1499421005.022900]: Done 66%
[INFO] [1499421005.123836]: Done 69%
[INFO] [1499421005.224748]: Done 72%
[INFO] [1499421005.325707]: Done 75%
[INFO] [1499421005.426545]: Done 78%
[INFO] [1499421005.527356]: Done 81%
[INFO] [1499421005.628167]: Done 84%
[INFO] [1499421005.729024]: Done 87%
[INFO] [1499421005.830050]: Done 90%
[INFO] [1499421005.930938]: Done 93%
[INFO] [1499421006.031952]: /move_sandbox_items: Succeeded
[INFO] [1499421008.000321]: /move_sandbox_items: Received a request to move girl to 0.04, -0.05. Let's do that
[INFO] [1499421008.001132]: Moving girl to 0.02,-0.34
[INFO] [1499421008.001407]: Requesting a plan...
[INFO] [1499421008.152845]: Received trajectory! As requested, waiting -0.001308191s before starting...
[INFO] [1499421008.153250]: Waiting a bit more (0.0s) to give the robot time to prepare...
[INFO] [1499421008.153634]: Starting to play trajectory!
[INFO] [1499421008.154088]: Done 0%
[INFO] [1499421008.255235]: Done 1%
[INFO] [1499421008.356270]: Done 3%
[INFO] [1499421008.457287]: Done 5%
[INFO] [1499421008.558276]: Done 7%
[INFO] [1499421008.659607]: Done 8%
[INFO] [1499421008.760545]: Done 10%
[INFO] [1499421008.861556]: Done 12%
[INFO] [1499421008.962729]: Done 14%
[INFO] [1499421009.063913]: Done 16%
[INFO] [1499421009.165014]: Done 17%
[INFO] [1499421009.266080]: Done 19%
[INFO] [1499421009.367152]: Done 21%
[INFO] [1499421009.468182]: Done 23%
[INFO] [1499421009.569338]: Done 25%
[INFO] [1499421009.670415]: Done 26%
[INFO] [1499421009.771525]: Done 28%
[INFO] [1499421009.872646]: Done 30%
[INFO] [1499421009.973909]: Done 32%
[INFO] [1499421010.075313]: Done 33%
[INFO] [1499421010.176448]: Done 35%
[INFO] [1499421010.277750]: Done 37%
[INFO] [1499421010.378663]: Done 39%
[INFO] [1499421010.479580]: Done 41%
[INFO] [1499421010.580501]: Done 42%
[INFO] [1499421010.681498]: Done 44%
[INFO] [1499421010.782448]: Done 46%
[INFO] [1499421010.883830]: Done 48%
[INFO] [1499421010.984757]: Done 50%
[INFO] [1499421011.085881]: Done 51%
[INFO] [1499421011.186875]: Done 53%
[INFO] [1499421011.287847]: Done 55%
[INFO] [1499421011.388853]: Done 57%
[INFO] [1499421011.489848]: Done 58%
[INFO] [1499421011.590786]: Done 60%
[INFO] [1499421011.693343]: Done 62%
[INFO] [1499421011.794352]: Done 64%
[INFO] [1499421011.895254]: Done 66%
[INFO] [1499421011.996232]: Done 67%
[INFO] [1499421012.097135]: Done 69%
[INFO] [1499421012.198254]: Done 71%
[INFO] [1499421012.299524]: Done 73%
[INFO] [1499421012.400460]: Done 75%
[INFO] [1499421012.501403]: Done 76%
[INFO] [1499421012.602419]: Done 78%
[INFO] [1499421012.703555]: Done 80%
[INFO] [1499421012.804630]: Done 82%
[INFO] [1499421012.905484]: Done 83%
[INFO] [1499421013.006560]: Done 85%
[INFO] [1499421013.107359]: Done 87%
[INFO] [1499421013.208230]: Done 89%
[INFO] [1499421013.309116]: Done 91%
[INFO] [1499421013.410471]: Done 92%
[INFO] [1499421013.511463]: Done 94%
[INFO] [1499421013.612364]: Done 96%
[INFO] [1499421013.713545]: /move_sandbox_items: Succeeded
[INFO] [1499421015.449494]: /move_sandbox_items: Received a request to move giraffe to 0.50, -0.07. Let's do that
[INFO] [1499421015.450651]: Moving giraffe to 0.21,0.20
[INFO] [1499421015.451124]: Requesting a plan...
[INFO] [1499421015.553146]: Received trajectory! As requested, waiting -0.001329478s before starting...
[INFO] [1499421015.553635]: Waiting a bit more (0.0s) to give the robot time to prepare...
[INFO] [1499421015.553943]: Starting to play trajectory!
[INFO] [1499421015.554382]: Done 0%
[INFO] [1499421015.655396]: Done 1%
[INFO] [1499421015.756510]: Done 3%
[INFO] [1499421015.857576]: Done 5%
[INFO] [1499421015.958533]: Done 7%
[INFO] [1499421016.059435]: Done 9%
[INFO] [1499421016.160342]: Done 11%
[INFO] [1499421016.261530]: Done 13%
[INFO] [1499421016.362627]: Done 15%
[INFO] [1499421016.463550]: Done 17%
[INFO] [1499421016.564615]: Done 19%
[INFO] [1499421016.665583]: Done 21%
[INFO] [1499421016.766590]: Done 23%
[INFO] [1499421016.867662]: Done 25%
[INFO] [1499421016.968729]: Done 27%
[INFO] [1499421017.069589]: Done 29%
[INFO] [1499421017.170407]: Done 31%
[INFO] [1499421017.271295]: Done 33%
[INFO] [1499421017.372177]: Done 35%
[INFO] [1499421017.473089]: Done 37%
[INFO] [1499421017.573990]: Done 39%
[INFO] [1499421017.674867]: Done 41%
[INFO] [1499421017.775702]: Done 43%
[INFO] [1499421017.876655]: Done 45%
[INFO] [1499421017.977575]: Done 47%
[INFO] [1499421018.078746]: Done 49%
[INFO] [1499421018.179860]: Done 50%
[INFO] [1499421018.281122]: Done 52%
[INFO] [1499421018.381965]: Done 54%
[INFO] [1499421018.483323]: Done 56%
[INFO] [1499421018.584384]: Done 58%
[INFO] [1499421018.685370]: Done 60%
[INFO] [1499421018.786670]: Done 62%
[INFO] [1499421018.887755]: Done 64%
[INFO] [1499421018.988864]: Done 66%
[INFO] [1499421019.090102]: Done 68%
[INFO] [1499421019.191303]: Done 70%
[INFO] [1499421019.292374]: Done 72%
[INFO] [1499421019.393937]: Done 74%
[INFO] [1499421019.495086]: Done 76%
[INFO] [1499421019.596113]: Done 78%
[INFO] [1499421019.697285]: Done 80%
[INFO] [1499421019.799046]: Done 82%
[INFO] [1499421019.900396]: Done 84%
[INFO] [1499421020.001610]: Done 86%
[INFO] [1499421020.102546]: Done 88%
[INFO] [1499421020.203523]: Done 90%
[INFO] [1499421020.304477]: Done 92%
[INFO] [1499421020.405569]: Done 94%
[INFO] [1499421020.506606]: Done 96%
[INFO] [1499421020.607929]: /move_sandbox_items: Succeeded
[INFO] [1499421022.775565]: /move_sandbox_items: Received a request to move crocodile to 0.09, -0.25. Let's do that
[INFO] [1499421022.776298]: Moving crocodile to -0.02,0.09
[INFO] [1499421022.777050]: Requesting a plan...
[INFO] [1499421022.952598]: Received trajectory! As requested, waiting -0.000771387s before starting...
[INFO] [1499421022.953194]: Waiting a bit more (0.0s) to give the robot time to prepare...
[INFO] [1499421022.953667]: Starting to play trajectory!
[INFO] [1499421022.954114]: Done 0%
[INFO] [1499421023.055055]: Done 6%
[INFO] [1499421023.156376]: Done 13%
[INFO] [1499421023.257805]: Done 20%
[INFO] [1499421023.358738]: Done 26%
[INFO] [1499421023.459679]: Done 33%
[INFO] [1499421023.560644]: Done 40%
[INFO] [1499421023.661717]: Done 46%
[INFO] [1499421023.762757]: Done 53%
[INFO] [1499421023.863764]: Done 60%
[INFO] [1499421023.964751]: Done 66%
[INFO] [1499421024.065764]: Done 73%
[INFO] [1499421024.166644]: Done 80%
[INFO] [1499421024.267778]: Done 86%
[INFO] [1499421024.371110]: /move_sandbox_items: Succeeded
[INFO] [1499421026.676583]: /move_sandbox_items: Received a request to move zebra to 0.26, -0.33. Let's do that
[INFO] [1499421026.677629]: Moving zebra to 0.01,-0.08
[INFO] [1499421026.678100]: Requesting a plan...
[INFO] [1499421026.752315]: Received trajectory! As requested, waiting -0.000596585s before starting...
[INFO] [1499421026.752755]: Waiting a bit more (0.0s) to give the robot time to prepare...
[INFO] [1499421026.753053]: Starting to play trajectory!
[INFO] [1499421026.753371]: Done 0%
[INFO] [1499421026.856420]: Done 6%
[INFO] [1499421026.957439]: Done 12%
[INFO] [1499421027.058597]: Done 18%
[INFO] [1499421027.161883]: Done 25%
[INFO] [1499421027.263254]: Done 31%
[INFO] [1499421027.364144]: Done 37%
[INFO] [1499421027.465091]: Done 43%
[INFO] [1499421027.565963]: Done 50%
[INFO] [1499421027.666876]: Done 56%
[INFO] [1499421027.767768]: Done 62%
[INFO] [1499421027.868932]: Done 68%
[INFO] [1499421027.970047]: Done 75%
[INFO] [1499421028.071056]: Done 81%
[INFO] [1499421028.172020]: Done 87%
[INFO] [1499421028.273201]: /move_sandbox_items: Succeeded
