[rospy.client][INFO] 2017-07-07 10:35:50,467: init_node, name[/sandbox_play], pid[14228]
[xmlrpc][INFO] 2017-07-07 10:35:50,468: XML-RPC server binding to 0.0.0.0:0
[xmlrpc][INFO] 2017-07-07 10:35:50,468: Started XML-RPC server [http://sandtray-hrilab:37040/]
[rospy.impl.masterslave][INFO] 2017-07-07 10:35:50,468: _ready: http://sandtray-hrilab:37040/
[rospy.registration][INFO] 2017-07-07 10:35:50,469: Registering with master node http://localhost:11311
[rospy.init][INFO] 2017-07-07 10:35:50,469: ROS Slave URI: [http://sandtray-hrilab:37040/]
[xmlrpc][INFO] 2017-07-07 10:35:50,470: xml rpc node: starting XML-RPC server
[rospy.init][INFO] 2017-07-07 10:35:50,470: registered with master
[rospy.rosout][INFO] 2017-07-07 10:35:50,470: initializing /rosout core topic
[rospy.rosout][INFO] 2017-07-07 10:35:50,472: connected to core topic /rosout
[rospy.simtime][INFO] 2017-07-07 10:35:50,473: /use_sim_time is not set, will not subscribe to simulated time [/clock] topic
[rosout][INFO] 2017-07-07 10:35:50,477: Initializing TF...
[rospy.internal][INFO] 2017-07-07 10:35:50,489: topic[/tf] adding connection to [http://sandtray-hrilab:40652/], count 0
[rospy.internal][INFO] 2017-07-07 10:35:50,489: topic[/tf] adding connection to [http://sandtray-hrilab:41209/], count 0
[rospy.internal][INFO] 2017-07-07 10:35:50,490: topic[/tf] adding connection to [http://sandtray-hrilab:40886/], count 0
[rospy.internal][INFO] 2017-07-07 10:35:50,491: topic[/tf] adding connection to [http://sandtray-hrilab:44437/], count 3
[rospy.internal][INFO] 2017-07-07 10:35:50,498: topic[/tf] adding connection to [http://sandtray-hrilab:44815/], count 4
[rospy.internal][INFO] 2017-07-07 10:35:50,500: topic[/tf] adding connection to [http://sandtray-hrilab:45639/], count 5
[rospy.internal][INFO] 2017-07-07 10:35:50,637: topic[/rosout] adding connection to [/rosout], count 0
[rosout][INFO] 2017-07-07 10:35:50,986: Waiting for move_sandbox_items action server...
[rospy.internal][INFO] 2017-07-07 10:35:51,001: topic[/move_sandbox_items/status] adding connection to [http://sandtray-hrilab:41814/], count 0
[rospy.internal][INFO] 2017-07-07 10:35:51,005: topic[/move_sandbox_items/result] adding connection to [http://sandtray-hrilab:41814/], count 0
[rospy.internal][INFO] 2017-07-07 10:35:51,006: topic[/zones] adding connection to [http://sandtray-hrilab:44331/], count 0
[rospy.internal][INFO] 2017-07-07 10:35:51,006: topic[/move_sandbox_items/feedback] adding connection to [http://sandtray-hrilab:41814/], count 0
[rosout][INFO] 2017-07-07 10:35:51,010: Adding/updating a blue zone
[rosout][INFO] 2017-07-07 10:35:51,011: Adding/updating a blue zone
[rosout][INFO] 2017-07-07 10:35:51,011: Adding/updating a blue zone
[rosout][INFO] 2017-07-07 10:35:51,011: Adding/updating a blue zone
[rosout][INFO] 2017-07-07 10:35:51,012: Adding/updating a yellow zone
[rosout][INFO] 2017-07-07 10:35:51,012: Adding/updating a black zone
[rosout][INFO] 2017-07-07 10:35:51,013: Adding/updating a black zone
[rosout][INFO] 2017-07-07 10:35:51,013: Adding/updating a black zone
[rosout][INFO] 2017-07-07 10:35:51,013: Adding/updating a black zone
[rosout][INFO] 2017-07-07 10:35:51,014: Adding/updating a black zone
[rosout][INFO] 2017-07-07 10:35:51,014: Adding/updating a green zone
[rosout][INFO] 2017-07-07 10:35:51,014: Adding/updating a green zone
[rosout][INFO] 2017-07-07 10:35:51,015: Adding/updating a green zone
[rosout][INFO] 2017-07-07 10:35:51,015: Adding/updating a green zone
[rosout][INFO] 2017-07-07 10:35:51,015: Adding/updating a green zone
[rosout][INFO] 2017-07-07 10:35:51,016: Adding/updating a white zone
[rospy.internal][INFO] 2017-07-07 10:35:51,055: topic[/move_sandbox_items/cancel] adding connection to [/move_sandbox_items], count 0
[rospy.internal][INFO] 2017-07-07 10:35:51,056: topic[/move_sandbox_items/goal] adding connection to [/move_sandbox_items], count 0
[rosout][INFO] 2017-07-07 10:35:51,064: Ready to play!
[rosout][WARNING] 2017-07-07 10:35:51,092: arm_reach is not yet published.
[rosout][INFO] 2017-07-07 10:35:51,093: Sending elephant to green
[rospy.internal][INFO] 2017-07-07 10:35:51,570: topic[/tf] adding connection to [http://sandtray-hrilab:39821/], count 6
[rospy.internal][INFO] 2017-07-07 10:35:55,588: topic[/tf] adding connection to [http://192.168.2.101:38299/], count 7
[rosout][INFO] 2017-07-07 10:35:57,789: Sending giraffe to green
[rosout][INFO] 2017-07-07 10:36:03,863: Sending girl to white
[rosout][INFO] 2017-07-07 10:36:06,814: Sending giraffe to green
[rosout][WARNING] 2017-07-07 10:36:13,014: arm_reach is not yet published.
[rosout][INFO] 2017-07-07 10:36:13,017: Sending crocodile to blue
[rosout][INFO] 2017-07-07 10:36:19,573: Sending elephant to green
[rosout][INFO] 2017-07-07 10:36:23,806: Sending girl to white
[rosout][INFO] 2017-07-07 10:36:59,871: Adding/updating a blue zone
[rosout][INFO] 2017-07-07 10:36:59,872: Adding/updating a blue zone
[rosout][INFO] 2017-07-07 10:36:59,872: Adding/updating a blue zone
[rosout][INFO] 2017-07-07 10:36:59,872: Adding/updating a blue zone
[rosout][INFO] 2017-07-07 10:36:59,873: Adding/updating a yellow zone
[rosout][INFO] 2017-07-07 10:36:59,873: Adding/updating a black zone
[rosout][INFO] 2017-07-07 10:36:59,875: Adding/updating a black zone
[rosout][INFO] 2017-07-07 10:36:59,875: Adding/updating a black zone
[rosout][INFO] 2017-07-07 10:36:59,875: Adding/updating a black zone
[rosout][INFO] 2017-07-07 10:36:59,876: Adding/updating a black zone
[rosout][INFO] 2017-07-07 10:36:59,876: Adding/updating a green zone
[rosout][INFO] 2017-07-07 10:36:59,876: Adding/updating a green zone
[rosout][INFO] 2017-07-07 10:36:59,877: Adding/updating a green zone
[rosout][INFO] 2017-07-07 10:36:59,877: Adding/updating a green zone
[rosout][INFO] 2017-07-07 10:36:59,877: Adding/updating a green zone
[rosout][INFO] 2017-07-07 10:36:59,877: Adding/updating a white zone
[rosout][INFO] 2017-07-07 10:37:04,889: Adding/updating a blue zone
[rosout][INFO] 2017-07-07 10:37:04,889: Adding/updating a blue zone
[rosout][INFO] 2017-07-07 10:37:04,890: Adding/updating a blue zone
[rosout][INFO] 2017-07-07 10:37:04,890: Adding/updating a blue zone
[rosout][INFO] 2017-07-07 10:37:04,890: Adding/updating a yellow zone
[rosout][INFO] 2017-07-07 10:37:04,891: Adding/updating a black zone
[rosout][INFO] 2017-07-07 10:37:04,891: Adding/updating a black zone
[rosout][INFO] 2017-07-07 10:37:04,892: Adding/updating a black zone
[rosout][INFO] 2017-07-07 10:37:04,893: Adding/updating a black zone
[rosout][INFO] 2017-07-07 10:37:04,893: Adding/updating a black zone
[rosout][INFO] 2017-07-07 10:37:04,893: Adding/updating a green zone
[rosout][INFO] 2017-07-07 10:37:04,894: Adding/updating a green zone
[rosout][INFO] 2017-07-07 10:37:04,894: Adding/updating a green zone
[rosout][INFO] 2017-07-07 10:37:04,894: Adding/updating a green zone
[rosout][INFO] 2017-07-07 10:37:04,895: Adding/updating a green zone
[rosout][INFO] 2017-07-07 10:37:04,895: Adding/updating a green zone
[rosout][INFO] 2017-07-07 10:37:04,895: Adding/updating a white zone
[rosout][INFO] 2017-07-07 10:37:04,896: Adding/updating a red zone
[rosout][INFO] 2017-07-07 10:37:08,380: Adding/updating a blue zone
[rosout][INFO] 2017-07-07 10:37:08,380: Adding/updating a blue zone
[rosout][INFO] 2017-07-07 10:37:08,381: Adding/updating a blue zone
[rosout][INFO] 2017-07-07 10:37:08,381: Adding/updating a blue zone
[rosout][INFO] 2017-07-07 10:37:08,381: Adding/updating a yellow zone
[rosout][INFO] 2017-07-07 10:37:08,381: Adding/updating a black zone
[rosout][INFO] 2017-07-07 10:37:08,382: Adding/updating a black zone
[rosout][INFO] 2017-07-07 10:37:08,382: Adding/updating a black zone
[rosout][INFO] 2017-07-07 10:37:08,382: Adding/updating a black zone
[rosout][INFO] 2017-07-07 10:37:08,383: Adding/updating a black zone
[rosout][INFO] 2017-07-07 10:37:08,383: Adding/updating a green zone
[rosout][INFO] 2017-07-07 10:37:08,383: Adding/updating a green zone
[rosout][INFO] 2017-07-07 10:37:08,384: Adding/updating a green zone
[rosout][INFO] 2017-07-07 10:37:08,384: Adding/updating a green zone
[rosout][INFO] 2017-07-07 10:37:08,384: Adding/updating a green zone
[rosout][INFO] 2017-07-07 10:37:08,385: Adding/updating a green zone
[rosout][INFO] 2017-07-07 10:37:08,386: Adding/updating a white zone
[rosout][INFO] 2017-07-07 10:37:08,386: Adding/updating a red zone
[rosout][INFO] 2017-07-07 10:37:09,892: Adding/updating a blue zone
[rosout][INFO] 2017-07-07 10:37:09,893: Adding/updating a blue zone
[rosout][INFO] 2017-07-07 10:37:09,893: Adding/updating a blue zone
[rosout][INFO] 2017-07-07 10:37:09,894: Adding/updating a blue zone
[rosout][INFO] 2017-07-07 10:37:09,894: Adding/updating a yellow zone
[rosout][INFO] 2017-07-07 10:37:09,894: Adding/updating a black zone
[rosout][INFO] 2017-07-07 10:37:09,895: Adding/updating a black zone
[rosout][INFO] 2017-07-07 10:37:09,895: Adding/updating a black zone
[rosout][INFO] 2017-07-07 10:37:09,895: Adding/updating a black zone
[rosout][INFO] 2017-07-07 10:37:09,895: Adding/updating a black zone
[rosout][INFO] 2017-07-07 10:37:09,896: Adding/updating a green zone
[rosout][INFO] 2017-07-07 10:37:09,896: Adding/updating a green zone
[rosout][INFO] 2017-07-07 10:37:09,896: Adding/updating a green zone
[rosout][INFO] 2017-07-07 10:37:09,897: Adding/updating a green zone
[rosout][INFO] 2017-07-07 10:37:09,897: Adding/updating a green zone
[rosout][INFO] 2017-07-07 10:37:09,898: Adding/updating a green zone
[rosout][INFO] 2017-07-07 10:37:09,899: Adding/updating a white zone
[rosout][INFO] 2017-07-07 10:37:09,900: Adding/updating a red zone
[rosout][INFO] 2017-07-07 10:37:09,900: Adding/updating a red zone
[rosout][INFO] 2017-07-07 10:37:11,903: Adding/updating a blue zone
[rosout][INFO] 2017-07-07 10:37:11,904: Adding/updating a blue zone
[rosout][INFO] 2017-07-07 10:37:11,904: Adding/updating a blue zone
[rosout][INFO] 2017-07-07 10:37:11,904: Adding/updating a blue zone
[rosout][INFO] 2017-07-07 10:37:11,905: Adding/updating a yellow zone
[rosout][INFO] 2017-07-07 10:37:11,905: Adding/updating a black zone
[rosout][INFO] 2017-07-07 10:37:11,905: Adding/updating a black zone
[rosout][INFO] 2017-07-07 10:37:11,906: Adding/updating a black zone
[rosout][INFO] 2017-07-07 10:37:11,906: Adding/updating a black zone
[rosout][INFO] 2017-07-07 10:37:11,906: Adding/updating a black zone
[rosout][INFO] 2017-07-07 10:37:11,907: Adding/updating a green zone
[rosout][INFO] 2017-07-07 10:37:11,907: Adding/updating a green zone
[rosout][INFO] 2017-07-07 10:37:11,907: Adding/updating a green zone
[rosout][INFO] 2017-07-07 10:37:11,907: Adding/updating a green zone
[rosout][INFO] 2017-07-07 10:37:11,908: Adding/updating a green zone
[rosout][INFO] 2017-07-07 10:37:11,908: Adding/updating a green zone
[rosout][INFO] 2017-07-07 10:37:11,908: Adding/updating a white zone
[rosout][INFO] 2017-07-07 10:37:11,908: Adding/updating a red zone
[rosout][INFO] 2017-07-07 10:37:11,909: Adding/updating a red zone
[rosout][INFO] 2017-07-07 10:37:11,909: Adding/updating a red zone
[rosout][INFO] 2017-07-07 10:37:14,126: Adding/updating a blue zone
[rosout][INFO] 2017-07-07 10:37:14,126: Adding/updating a blue zone
[rosout][INFO] 2017-07-07 10:37:14,126: Adding/updating a blue zone
[rosout][INFO] 2017-07-07 10:37:14,127: Adding/updating a blue zone
[rosout][INFO] 2017-07-07 10:37:14,127: Adding/updating a yellow zone
[rosout][INFO] 2017-07-07 10:37:14,127: Adding/updating a black zone
[rosout][INFO] 2017-07-07 10:37:14,127: Adding/updating a black zone
[rosout][INFO] 2017-07-07 10:37:14,127: Adding/updating a black zone
[rosout][INFO] 2017-07-07 10:37:14,128: Adding/updating a black zone
[rosout][INFO] 2017-07-07 10:37:14,128: Adding/updating a black zone
[rosout][INFO] 2017-07-07 10:37:14,128: Adding/updating a green zone
[rosout][INFO] 2017-07-07 10:37:14,129: Adding/updating a green zone
[rosout][INFO] 2017-07-07 10:37:14,129: Adding/updating a green zone
[rosout][INFO] 2017-07-07 10:37:14,130: Adding/updating a green zone
[rosout][INFO] 2017-07-07 10:37:14,130: Adding/updating a green zone
[rosout][INFO] 2017-07-07 10:37:14,130: Adding/updating a green zone
[rosout][INFO] 2017-07-07 10:37:14,131: Adding/updating a white zone
[rosout][INFO] 2017-07-07 10:37:14,131: Adding/updating a red zone
[rosout][INFO] 2017-07-07 10:37:21,405: Adding/updating a blue zone
[rosout][INFO] 2017-07-07 10:37:21,406: Adding/updating a blue zone
[rosout][INFO] 2017-07-07 10:37:21,406: Adding/updating a blue zone
[rosout][INFO] 2017-07-07 10:37:21,407: Adding/updating a blue zone
[rosout][INFO] 2017-07-07 10:37:21,407: Adding/updating a blue zone
[rosout][INFO] 2017-07-07 10:37:21,407: Adding/updating a yellow zone
[rosout][INFO] 2017-07-07 10:37:21,407: Adding/updating a black zone
[rosout][INFO] 2017-07-07 10:37:21,408: Adding/updating a black zone
[rosout][INFO] 2017-07-07 10:37:21,408: Adding/updating a black zone
[rosout][INFO] 2017-07-07 10:37:21,408: Adding/updating a black zone
[rosout][INFO] 2017-07-07 10:37:21,408: Adding/updating a black zone
[rosout][INFO] 2017-07-07 10:37:21,409: Adding/updating a green zone
[rosout][INFO] 2017-07-07 10:37:21,410: Adding/updating a green zone
[rosout][INFO] 2017-07-07 10:37:21,410: Adding/updating a green zone
[rosout][INFO] 2017-07-07 10:37:21,410: Adding/updating a green zone
[rosout][INFO] 2017-07-07 10:37:21,411: Adding/updating a green zone
[rosout][INFO] 2017-07-07 10:37:21,411: Adding/updating a green zone
[rosout][INFO] 2017-07-07 10:37:21,412: Adding/updating a white zone
[rosout][INFO] 2017-07-07 10:37:21,412: Adding/updating a red zone
[rosout][INFO] 2017-07-07 10:37:30,394: Adding/updating a blue zone
[rosout][INFO] 2017-07-07 10:37:30,394: Adding/updating a blue zone
[rosout][INFO] 2017-07-07 10:37:30,395: Adding/updating a blue zone
[rosout][INFO] 2017-07-07 10:37:30,395: Adding/updating a blue zone
[rosout][INFO] 2017-07-07 10:37:30,395: Adding/updating a blue zone
[rosout][INFO] 2017-07-07 10:37:30,395: Adding/updating a yellow zone
[rosout][INFO] 2017-07-07 10:37:30,396: Adding/updating a black zone
[rosout][INFO] 2017-07-07 10:37:30,397: Adding/updating a black zone
[rosout][INFO] 2017-07-07 10:37:30,397: Adding/updating a black zone
[rosout][INFO] 2017-07-07 10:37:30,399: Adding/updating a black zone
[rosout][INFO] 2017-07-07 10:37:30,399: Adding/updating a black zone
[rosout][INFO] 2017-07-07 10:37:30,399: Adding/updating a green zone
[rosout][INFO] 2017-07-07 10:37:30,400: Adding/updating a green zone
[rosout][INFO] 2017-07-07 10:37:30,400: Adding/updating a green zone
[rosout][INFO] 2017-07-07 10:37:30,400: Adding/updating a green zone
[rosout][INFO] 2017-07-07 10:37:30,401: Adding/updating a green zone
[rosout][INFO] 2017-07-07 10:37:30,401: Adding/updating a green zone
[rosout][INFO] 2017-07-07 10:37:30,401: Adding/updating a white zone
[rosout][INFO] 2017-07-07 10:37:30,402: Adding/updating a red zone
[rosout][INFO] 2017-07-07 10:37:30,403: Adding/updating a red zone
[rosout][INFO] 2017-07-07 10:37:31,672: Adding/updating a blue zone
[rosout][INFO] 2017-07-07 10:37:31,672: Adding/updating a blue zone
[rosout][INFO] 2017-07-07 10:37:31,672: Adding/updating a blue zone
[rosout][INFO] 2017-07-07 10:37:31,673: Adding/updating a blue zone
[rosout][INFO] 2017-07-07 10:37:31,673: Adding/updating a blue zone
[rosout][INFO] 2017-07-07 10:37:31,673: Adding/updating a yellow zone
[rosout][INFO] 2017-07-07 10:37:31,674: Adding/updating a black zone
[rosout][INFO] 2017-07-07 10:37:31,674: Adding/updating a black zone
[rosout][INFO] 2017-07-07 10:37:31,675: Adding/updating a black zone
[rosout][INFO] 2017-07-07 10:37:31,676: Adding/updating a black zone
[rosout][INFO] 2017-07-07 10:37:31,676: Adding/updating a black zone
[rosout][INFO] 2017-07-07 10:37:31,677: Adding/updating a green zone
[rosout][INFO] 2017-07-07 10:37:31,678: Adding/updating a green zone
[rosout][INFO] 2017-07-07 10:37:31,679: Adding/updating a green zone
[rosout][INFO] 2017-07-07 10:37:31,679: Adding/updating a green zone
[rosout][INFO] 2017-07-07 10:37:31,679: Adding/updating a green zone
[rosout][INFO] 2017-07-07 10:37:31,680: Adding/updating a green zone
[rosout][INFO] 2017-07-07 10:37:31,680: Adding/updating a white zone
[rosout][INFO] 2017-07-07 10:37:31,680: Adding/updating a red zone
[rosout][INFO] 2017-07-07 10:37:31,681: Adding/updating a red zone
[rosout][INFO] 2017-07-07 10:37:32,667: Adding/updating a blue zone
[rosout][INFO] 2017-07-07 10:37:32,667: Adding/updating a blue zone
[rosout][INFO] 2017-07-07 10:37:32,668: Adding/updating a blue zone
[rosout][INFO] 2017-07-07 10:37:32,668: Adding/updating a blue zone
[rosout][INFO] 2017-07-07 10:37:32,668: Adding/updating a blue zone
[rosout][INFO] 2017-07-07 10:37:32,669: Adding/updating a yellow zone
[rosout][INFO] 2017-07-07 10:37:32,669: Adding/updating a black zone
[rosout][INFO] 2017-07-07 10:37:32,669: Adding/updating a black zone
[rosout][INFO] 2017-07-07 10:37:32,670: Adding/updating a black zone
[rosout][INFO] 2017-07-07 10:37:32,670: Adding/updating a black zone
[rosout][INFO] 2017-07-07 10:37:32,671: Adding/updating a black zone
[rosout][INFO] 2017-07-07 10:37:32,672: Adding/updating a green zone
[rosout][INFO] 2017-07-07 10:37:32,672: Adding/updating a green zone
[rosout][INFO] 2017-07-07 10:37:32,673: Adding/updating a green zone
[rosout][INFO] 2017-07-07 10:37:32,673: Adding/updating a green zone
[rosout][INFO] 2017-07-07 10:37:32,674: Adding/updating a green zone
[rosout][INFO] 2017-07-07 10:37:32,674: Adding/updating a green zone
[rosout][INFO] 2017-07-07 10:37:32,675: Adding/updating a white zone
[rosout][INFO] 2017-07-07 10:37:32,675: Adding/updating a red zone
[rosout][INFO] 2017-07-07 10:37:32,675: Adding/updating a red zone
[rosout][INFO] 2017-07-07 10:37:33,378: Adding/updating a blue zone
[rosout][INFO] 2017-07-07 10:37:33,379: Adding/updating a blue zone
[rosout][INFO] 2017-07-07 10:37:33,379: Adding/updating a blue zone
[rosout][INFO] 2017-07-07 10:37:33,380: Adding/updating a blue zone
[rosout][INFO] 2017-07-07 10:37:33,380: Adding/updating a yellow zone
[rosout][INFO] 2017-07-07 10:37:33,380: Adding/updating a black zone
[rosout][INFO] 2017-07-07 10:37:33,381: Adding/updating a black zone
[rosout][INFO] 2017-07-07 10:37:33,382: Adding/updating a black zone
[rosout][INFO] 2017-07-07 10:37:33,382: Adding/updating a black zone
[rosout][INFO] 2017-07-07 10:37:33,382: Adding/updating a black zone
[rosout][INFO] 2017-07-07 10:37:33,383: Adding/updating a green zone
[rosout][INFO] 2017-07-07 10:37:33,383: Adding/updating a green zone
[rosout][INFO] 2017-07-07 10:37:33,383: Adding/updating a green zone
[rosout][INFO] 2017-07-07 10:37:33,384: Adding/updating a green zone
[rosout][INFO] 2017-07-07 10:37:33,384: Adding/updating a green zone
[rosout][INFO] 2017-07-07 10:37:33,384: Adding/updating a green zone
[rosout][INFO] 2017-07-07 10:37:33,385: Adding/updating a white zone
[rosout][INFO] 2017-07-07 10:37:33,385: Adding/updating a red zone
[rosout][INFO] 2017-07-07 10:37:33,386: Adding/updating a red zone
[rosout][INFO] 2017-07-07 10:37:34,161: Adding/updating a blue zone
[rosout][INFO] 2017-07-07 10:37:34,161: Adding/updating a blue zone
[rosout][INFO] 2017-07-07 10:37:34,162: Adding/updating a blue zone
[rosout][INFO] 2017-07-07 10:37:34,162: Adding/updating a blue zone
[rosout][INFO] 2017-07-07 10:37:34,162: Adding/updating a yellow zone
[rosout][INFO] 2017-07-07 10:37:34,163: Adding/updating a black zone
[rosout][INFO] 2017-07-07 10:37:34,163: Adding/updating a black zone
[rosout][INFO] 2017-07-07 10:37:34,163: Adding/updating a black zone
[rosout][INFO] 2017-07-07 10:37:34,163: Adding/updating a black zone
[rosout][INFO] 2017-07-07 10:37:34,164: Adding/updating a black zone
[rosout][INFO] 2017-07-07 10:37:34,164: Adding/updating a green zone
[rosout][INFO] 2017-07-07 10:37:34,164: Adding/updating a green zone
[rosout][INFO] 2017-07-07 10:37:34,165: Adding/updating a green zone
[rosout][INFO] 2017-07-07 10:37:34,165: Adding/updating a green zone
[rosout][INFO] 2017-07-07 10:37:34,165: Adding/updating a green zone
[rosout][INFO] 2017-07-07 10:37:34,166: Adding/updating a green zone
[rosout][INFO] 2017-07-07 10:37:34,166: Adding/updating a white zone
[rosout][INFO] 2017-07-07 10:37:34,166: Adding/updating a red zone
[rosout][INFO] 2017-07-07 10:37:34,167: Adding/updating a red zone
[rosout][INFO] 2017-07-07 10:37:34,647: Adding/updating a blue zone
[rosout][INFO] 2017-07-07 10:37:34,647: Adding/updating a blue zone
[rosout][INFO] 2017-07-07 10:37:34,648: Adding/updating a blue zone
[rosout][INFO] 2017-07-07 10:37:34,649: Adding/updating a blue zone
[rosout][INFO] 2017-07-07 10:37:34,649: Adding/updating a yellow zone
[rosout][INFO] 2017-07-07 10:37:34,650: Adding/updating a black zone
[rosout][INFO] 2017-07-07 10:37:34,651: Adding/updating a black zone
[rosout][INFO] 2017-07-07 10:37:34,652: Adding/updating a black zone
[rosout][INFO] 2017-07-07 10:37:34,652: Adding/updating a black zone
[rosout][INFO] 2017-07-07 10:37:34,653: Adding/updating a black zone
[rosout][INFO] 2017-07-07 10:37:34,653: Adding/updating a green zone
[rosout][INFO] 2017-07-07 10:37:34,654: Adding/updating a green zone
[rosout][INFO] 2017-07-07 10:37:34,654: Adding/updating a green zone
[rosout][INFO] 2017-07-07 10:37:34,655: Adding/updating a green zone
[rosout][INFO] 2017-07-07 10:37:34,656: Adding/updating a green zone
[rosout][INFO] 2017-07-07 10:37:34,656: Adding/updating a green zone
[rosout][INFO] 2017-07-07 10:37:34,657: Adding/updating a white zone
[rosout][INFO] 2017-07-07 10:37:34,657: Adding/updating a red zone
[rosout][INFO] 2017-07-07 10:37:34,659: Adding/updating a red zone
[rosout][INFO] 2017-07-07 10:37:35,635: Adding/updating a blue zone
[rosout][INFO] 2017-07-07 10:37:35,636: Adding/updating a blue zone
[rosout][INFO] 2017-07-07 10:37:35,637: Adding/updating a blue zone
[rosout][INFO] 2017-07-07 10:37:35,638: Adding/updating a blue zone
[rosout][INFO] 2017-07-07 10:37:35,638: Adding/updating a yellow zone
[rosout][INFO] 2017-07-07 10:37:35,639: Adding/updating a black zone
[rosout][INFO] 2017-07-07 10:37:35,639: Adding/updating a black zone
[rosout][INFO] 2017-07-07 10:37:35,639: Adding/updating a black zone
[rosout][INFO] 2017-07-07 10:37:35,640: Adding/updating a black zone
[rosout][INFO] 2017-07-07 10:37:35,640: Adding/updating a black zone
[rosout][INFO] 2017-07-07 10:37:35,640: Adding/updating a green zone
[rosout][INFO] 2017-07-07 10:37:35,641: Adding/updating a green zone
[rosout][INFO] 2017-07-07 10:37:35,641: Adding/updating a green zone
[rosout][INFO] 2017-07-07 10:37:35,641: Adding/updating a green zone
[rosout][INFO] 2017-07-07 10:37:35,642: Adding/updating a green zone
[rosout][INFO] 2017-07-07 10:37:35,642: Adding/updating a green zone
[rosout][INFO] 2017-07-07 10:37:35,643: Adding/updating a white zone
[rosout][INFO] 2017-07-07 10:37:35,643: Adding/updating a red zone
[rosout][INFO] 2017-07-07 10:37:35,644: Adding/updating a red zone
[rosout][INFO] 2017-07-07 10:37:37,385: Adding/updating a blue zone
[rosout][INFO] 2017-07-07 10:37:37,385: Adding/updating a blue zone
[rosout][INFO] 2017-07-07 10:37:37,386: Adding/updating a blue zone
[rosout][INFO] 2017-07-07 10:37:37,386: Adding/updating a blue zone
[rosout][INFO] 2017-07-07 10:37:37,386: Adding/updating a yellow zone
[rosout][INFO] 2017-07-07 10:37:37,386: Adding/updating a black zone
[rosout][INFO] 2017-07-07 10:37:37,387: Adding/updating a black zone
[rosout][INFO] 2017-07-07 10:37:37,387: Adding/updating a black zone
[rosout][INFO] 2017-07-07 10:37:37,387: Adding/updating a black zone
[rosout][INFO] 2017-07-07 10:37:37,388: Adding/updating a black zone
[rosout][INFO] 2017-07-07 10:37:37,388: Adding/updating a green zone
[rosout][INFO] 2017-07-07 10:37:37,388: Adding/updating a green zone
[rosout][INFO] 2017-07-07 10:37:37,388: Adding/updating a green zone
[rosout][INFO] 2017-07-07 10:37:37,389: Adding/updating a green zone
[rosout][INFO] 2017-07-07 10:37:37,389: Adding/updating a green zone
[rosout][INFO] 2017-07-07 10:37:37,389: Adding/updating a green zone
[rosout][INFO] 2017-07-07 10:37:37,389: Adding/updating a white zone
[rosout][INFO] 2017-07-07 10:37:37,390: Adding/updating a red zone
[rosout][INFO] 2017-07-07 10:37:37,390: Adding/updating a red zone
[rosout][INFO] 2017-07-07 10:37:37,390: Adding/updating a red zone
[rosout][INFO] 2017-07-07 10:37:57,662: Adding/updating a blue zone
[rosout][INFO] 2017-07-07 10:37:57,663: Adding/updating a blue zone
[rosout][INFO] 2017-07-07 10:37:57,663: Adding/updating a blue zone
[rosout][INFO] 2017-07-07 10:37:57,664: Adding/updating a blue zone
[rosout][INFO] 2017-07-07 10:37:57,664: Adding/updating a yellow zone
[rosout][INFO] 2017-07-07 10:37:57,664: Adding/updating a black zone
[rosout][INFO] 2017-07-07 10:37:57,665: Adding/updating a black zone
[rosout][INFO] 2017-07-07 10:37:57,666: Adding/updating a black zone
[rosout][INFO] 2017-07-07 10:37:57,666: Adding/updating a black zone
[rosout][INFO] 2017-07-07 10:37:57,667: Adding/updating a black zone
[rosout][INFO] 2017-07-07 10:37:57,667: Adding/updating a green zone
[rosout][INFO] 2017-07-07 10:37:57,668: Adding/updating a green zone
[rosout][INFO] 2017-07-07 10:37:57,668: Adding/updating a green zone
[rosout][INFO] 2017-07-07 10:37:57,669: Adding/updating a green zone
[rosout][INFO] 2017-07-07 10:37:57,669: Adding/updating a green zone
[rosout][INFO] 2017-07-07 10:37:57,670: Adding/updating a green zone
[rosout][INFO] 2017-07-07 10:37:57,670: Adding/updating a white zone
[rosout][INFO] 2017-07-07 10:37:57,671: Adding/updating a red zone
[rosout][INFO] 2017-07-07 10:37:57,671: Adding/updating a red zone
[rosout][INFO] 2017-07-07 10:37:57,672: Adding/updating a red zone
[rosout][INFO] 2017-07-07 10:38:13,825: Sending ball to white
[rosout][INFO] 2017-07-07 10:38:22,054: Sending ball to white
[rosout][INFO] 2017-07-07 10:38:33,215: Sending boy to white
[rosout][INFO] 2017-07-07 10:38:36,825: Sending giraffe to green
[rosout][INFO] 2017-07-07 10:38:37,915: Adding/updating a blue zone
[rosout][INFO] 2017-07-07 10:38:37,915: Adding/updating a blue zone
[rosout][INFO] 2017-07-07 10:38:37,915: Adding/updating a blue zone
[rosout][INFO] 2017-07-07 10:38:37,916: Adding/updating a blue zone
[rosout][INFO] 2017-07-07 10:38:37,916: Adding/updating a yellow zone
[rosout][INFO] 2017-07-07 10:38:37,916: Adding/updating a black zone
[rosout][INFO] 2017-07-07 10:38:37,917: Adding/updating a black zone
[rosout][INFO] 2017-07-07 10:38:37,917: Adding/updating a black zone
[rosout][INFO] 2017-07-07 10:38:37,917: Adding/updating a black zone
[rosout][INFO] 2017-07-07 10:38:37,918: Adding/updating a black zone
[rosout][INFO] 2017-07-07 10:38:37,918: Adding/updating a green zone
[rosout][INFO] 2017-07-07 10:38:37,918: Adding/updating a green zone
[rosout][INFO] 2017-07-07 10:38:37,919: Adding/updating a green zone
[rosout][INFO] 2017-07-07 10:38:37,919: Adding/updating a green zone
[rosout][INFO] 2017-07-07 10:38:37,919: Adding/updating a green zone
[rosout][INFO] 2017-07-07 10:38:37,920: Adding/updating a green zone
[rosout][INFO] 2017-07-07 10:38:37,920: Adding/updating a green zone
[rosout][INFO] 2017-07-07 10:38:37,920: Adding/updating a white zone
[rosout][INFO] 2017-07-07 10:38:37,921: Adding/updating a red zone
[rosout][INFO] 2017-07-07 10:38:37,921: Adding/updating a red zone
[rosout][INFO] 2017-07-07 10:38:37,921: Adding/updating a red zone
[rosout][INFO] 2017-07-07 10:38:37,922: Adding/updating a red zone
[rosout][INFO] 2017-07-07 10:38:45,675: Sending boy to white
[rosout][INFO] 2017-07-07 10:38:50,163: Adding/updating a blue zone
[rosout][INFO] 2017-07-07 10:38:50,164: Adding/updating a blue zone
[rosout][INFO] 2017-07-07 10:38:50,164: Adding/updating a blue zone
[rosout][INFO] 2017-07-07 10:38:50,164: Adding/updating a blue zone
[rosout][INFO] 2017-07-07 10:38:50,165: Adding/updating a yellow zone
[rosout][INFO] 2017-07-07 10:38:50,165: Adding/updating a black zone
[rosout][INFO] 2017-07-07 10:38:50,165: Adding/updating a black zone
[rosout][INFO] 2017-07-07 10:38:50,165: Adding/updating a black zone
[rosout][INFO] 2017-07-07 10:38:50,166: Adding/updating a black zone
[rosout][INFO] 2017-07-07 10:38:50,166: Adding/updating a black zone
[rosout][INFO] 2017-07-07 10:38:50,166: Adding/updating a green zone
[rosout][INFO] 2017-07-07 10:38:50,167: Adding/updating a green zone
[rosout][INFO] 2017-07-07 10:38:50,167: Adding/updating a green zone
[rosout][INFO] 2017-07-07 10:38:50,167: Adding/updating a green zone
[rosout][INFO] 2017-07-07 10:38:50,167: Adding/updating a green zone
[rosout][INFO] 2017-07-07 10:38:50,168: Adding/updating a green zone
[rosout][INFO] 2017-07-07 10:38:50,168: Adding/updating a green zone
[rosout][INFO] 2017-07-07 10:38:50,168: Adding/updating a white zone
[rosout][INFO] 2017-07-07 10:38:50,170: Adding/updating a red zone
[rosout][INFO] 2017-07-07 10:38:50,174: Adding/updating a red zone
[rosout][INFO] 2017-07-07 10:38:50,174: Adding/updating a red zone
[rosout][INFO] 2017-07-07 10:38:50,175: Adding/updating a red zone
[rosout][INFO] 2017-07-07 10:38:54,652: Sending boy to white
[rosout][INFO] 2017-07-07 10:39:04,431: Adding/updating a blue zone
[rosout][INFO] 2017-07-07 10:39:04,431: Adding/updating a blue zone
[rosout][INFO] 2017-07-07 10:39:04,432: Adding/updating a blue zone
[rosout][INFO] 2017-07-07 10:39:04,432: Adding/updating a blue zone
[rosout][INFO] 2017-07-07 10:39:04,432: Adding/updating a yellow zone
[rosout][INFO] 2017-07-07 10:39:04,433: Adding/updating a black zone
[rosout][INFO] 2017-07-07 10:39:04,433: Adding/updating a black zone
[rosout][INFO] 2017-07-07 10:39:04,433: Adding/updating a black zone
[rosout][INFO] 2017-07-07 10:39:04,434: Adding/updating a black zone
[rosout][INFO] 2017-07-07 10:39:04,434: Adding/updating a black zone
[rosout][INFO] 2017-07-07 10:39:04,434: Adding/updating a green zone
[rosout][INFO] 2017-07-07 10:39:04,434: Adding/updating a green zone
[rosout][INFO] 2017-07-07 10:39:04,435: Adding/updating a green zone
[rosout][INFO] 2017-07-07 10:39:04,435: Adding/updating a green zone
[rosout][INFO] 2017-07-07 10:39:04,436: Adding/updating a green zone
[rosout][INFO] 2017-07-07 10:39:04,436: Adding/updating a green zone
[rosout][INFO] 2017-07-07 10:39:04,436: Adding/updating a green zone
[rosout][INFO] 2017-07-07 10:39:04,437: Adding/updating a white zone
[rosout][INFO] 2017-07-07 10:39:04,437: Adding/updating a red zone
[rosout][INFO] 2017-07-07 10:39:04,438: Adding/updating a red zone
[rosout][INFO] 2017-07-07 10:39:04,438: Adding/updating a red zone
[rosout][INFO] 2017-07-07 10:39:04,439: Adding/updating a red zone
[rosout][INFO] 2017-07-07 10:39:07,704: Sending crocodile to blue
[rosout][INFO] 2017-07-07 10:39:15,427: Sending zebra to green
[rosout][INFO] 2017-07-07 10:39:22,159: Sending hippo to blue
[rosout][INFO] 2017-07-07 10:39:26,228: Sending hippo to blue
[rosout][INFO] 2017-07-07 10:39:28,751: Sending caravan to white
[rosout][INFO] 2017-07-07 10:39:30,688: Adding/updating a blue zone
[rosout][INFO] 2017-07-07 10:39:30,688: Adding/updating a blue zone
[rosout][INFO] 2017-07-07 10:39:30,688: Adding/updating a blue zone
[rosout][INFO] 2017-07-07 10:39:30,689: Adding/updating a blue zone
[rosout][INFO] 2017-07-07 10:39:30,689: Adding/updating a yellow zone
[rosout][INFO] 2017-07-07 10:39:30,689: Adding/updating a black zone
[rosout][INFO] 2017-07-07 10:39:30,689: Adding/updating a black zone
[rosout][INFO] 2017-07-07 10:39:30,690: Adding/updating a black zone
[rosout][INFO] 2017-07-07 10:39:30,690: Adding/updating a black zone
[rosout][INFO] 2017-07-07 10:39:30,690: Adding/updating a black zone
[rosout][INFO] 2017-07-07 10:39:30,690: Adding/updating a green zone
[rosout][INFO] 2017-07-07 10:39:30,691: Adding/updating a green zone
[rosout][INFO] 2017-07-07 10:39:30,691: Adding/updating a green zone
[rosout][INFO] 2017-07-07 10:39:30,691: Adding/updating a green zone
[rosout][INFO] 2017-07-07 10:39:30,691: Adding/updating a green zone
[rosout][INFO] 2017-07-07 10:39:30,692: Adding/updating a green zone
[rosout][INFO] 2017-07-07 10:39:30,694: Adding/updating a green zone
[rosout][INFO] 2017-07-07 10:39:30,694: Adding/updating a white zone
[rosout][INFO] 2017-07-07 10:39:30,694: Adding/updating a red zone
[rosout][INFO] 2017-07-07 10:39:30,695: Adding/updating a red zone
[rosout][INFO] 2017-07-07 10:39:30,695: Adding/updating a red zone
[rosout][INFO] 2017-07-07 10:39:30,695: Adding/updating a red zone
[rosout][INFO] 2017-07-07 10:39:35,376: Sending elephant to green
[rosout][INFO] 2017-07-07 10:39:37,949: Sending caravan to white
[rosout][INFO] 2017-07-07 10:39:41,909: Sending caravan to white
[rosout][INFO] 2017-07-07 10:39:52,268: Sending hippo to blue
[rosout][INFO] 2017-07-07 10:39:55,974: Sending elephant to green
[rosout][INFO] 2017-07-07 10:40:00,673: Sending giraffe to green
[rosout][INFO] 2017-07-07 10:40:08,556: Sending girl to white
[rosout][INFO] 2017-07-07 10:40:12,093: Sending zebra to green
[rosout][INFO] 2017-07-07 10:40:26,394: Adding/updating a blue zone
[rosout][INFO] 2017-07-07 10:40:26,394: Adding/updating a blue zone
[rosout][INFO] 2017-07-07 10:40:26,395: Adding/updating a blue zone
[rosout][INFO] 2017-07-07 10:40:26,395: Adding/updating a blue zone
[rosout][INFO] 2017-07-07 10:40:26,395: Adding/updating a blue zone
[rosout][INFO] 2017-07-07 10:40:26,396: Adding/updating a yellow zone
[rosout][INFO] 2017-07-07 10:40:26,396: Adding/updating a black zone
[rosout][INFO] 2017-07-07 10:40:26,396: Adding/updating a black zone
[rosout][INFO] 2017-07-07 10:40:26,396: Adding/updating a black zone
[rosout][INFO] 2017-07-07 10:40:26,398: Adding/updating a black zone
[rosout][INFO] 2017-07-07 10:40:26,398: Adding/updating a black zone
[rosout][INFO] 2017-07-07 10:40:26,398: Adding/updating a green zone
[rosout][INFO] 2017-07-07 10:40:26,399: Adding/updating a green zone
[rosout][INFO] 2017-07-07 10:40:26,399: Adding/updating a green zone
[rosout][INFO] 2017-07-07 10:40:26,400: Adding/updating a green zone
[rosout][INFO] 2017-07-07 10:40:26,400: Adding/updating a green zone
[rosout][INFO] 2017-07-07 10:40:26,400: Adding/updating a green zone
[rosout][INFO] 2017-07-07 10:40:26,401: Adding/updating a green zone
[rosout][INFO] 2017-07-07 10:40:26,401: Adding/updating a white zone
[rosout][INFO] 2017-07-07 10:40:26,401: Adding/updating a red zone
[rosout][INFO] 2017-07-07 10:40:26,402: Adding/updating a red zone
[rosout][INFO] 2017-07-07 10:40:26,402: Adding/updating a red zone
[rosout][INFO] 2017-07-07 10:40:26,402: Adding/updating a red zone
[rosout][INFO] 2017-07-07 10:40:27,899: Adding/updating a blue zone
[rosout][INFO] 2017-07-07 10:40:27,900: Adding/updating a blue zone
[rosout][INFO] 2017-07-07 10:40:27,900: Adding/updating a blue zone
[rosout][INFO] 2017-07-07 10:40:27,901: Adding/updating a blue zone
[rosout][INFO] 2017-07-07 10:40:27,902: Adding/updating a blue zone
[rosout][INFO] 2017-07-07 10:40:27,902: Adding/updating a yellow zone
[rosout][INFO] 2017-07-07 10:40:27,902: Adding/updating a black zone
[rosout][INFO] 2017-07-07 10:40:27,902: Adding/updating a black zone
[rosout][INFO] 2017-07-07 10:40:27,903: Adding/updating a black zone
[rosout][INFO] 2017-07-07 10:40:27,903: Adding/updating a black zone
[rosout][INFO] 2017-07-07 10:40:27,903: Adding/updating a black zone
[rosout][INFO] 2017-07-07 10:40:27,904: Adding/updating a green zone
[rosout][INFO] 2017-07-07 10:40:27,904: Adding/updating a green zone
[rosout][INFO] 2017-07-07 10:40:27,904: Adding/updating a green zone
[rosout][INFO] 2017-07-07 10:40:27,904: Adding/updating a green zone
[rosout][INFO] 2017-07-07 10:40:27,905: Adding/updating a green zone
[rosout][INFO] 2017-07-07 10:40:27,907: Adding/updating a green zone
[rosout][INFO] 2017-07-07 10:40:27,907: Adding/updating a green zone
[rosout][INFO] 2017-07-07 10:40:27,908: Adding/updating a white zone
[rosout][INFO] 2017-07-07 10:40:27,908: Adding/updating a red zone
[rosout][INFO] 2017-07-07 10:40:27,909: Adding/updating a red zone
[rosout][INFO] 2017-07-07 10:40:27,909: Adding/updating a red zone
[rosout][INFO] 2017-07-07 10:40:27,909: Adding/updating a red zone
[rosout][INFO] 2017-07-07 10:40:29,647: Adding/updating a blue zone
[rosout][INFO] 2017-07-07 10:40:29,647: Adding/updating a blue zone
[rosout][INFO] 2017-07-07 10:40:29,648: Adding/updating a blue zone
[rosout][INFO] 2017-07-07 10:40:29,648: Adding/updating a blue zone
[rosout][INFO] 2017-07-07 10:40:29,649: Adding/updating a blue zone
[rosout][INFO] 2017-07-07 10:40:29,649: Adding/updating a yellow zone
[rosout][INFO] 2017-07-07 10:40:29,649: Adding/updating a black zone
[rosout][INFO] 2017-07-07 10:40:29,650: Adding/updating a black zone
[rosout][INFO] 2017-07-07 10:40:29,650: Adding/updating a black zone
[rosout][INFO] 2017-07-07 10:40:29,651: Adding/updating a black zone
[rosout][INFO] 2017-07-07 10:40:29,652: Adding/updating a black zone
[rosout][INFO] 2017-07-07 10:40:29,652: Adding/updating a green zone
[rosout][INFO] 2017-07-07 10:40:29,652: Adding/updating a green zone
[rosout][INFO] 2017-07-07 10:40:29,653: Adding/updating a green zone
[rosout][INFO] 2017-07-07 10:40:29,653: Adding/updating a green zone
[rosout][INFO] 2017-07-07 10:40:29,654: Adding/updating a green zone
[rosout][INFO] 2017-07-07 10:40:29,654: Adding/updating a green zone
[rosout][INFO] 2017-07-07 10:40:29,655: Adding/updating a green zone
[rosout][INFO] 2017-07-07 10:40:29,656: Adding/updating a green zone
[rosout][INFO] 2017-07-07 10:40:29,657: Adding/updating a green zone
[rosout][INFO] 2017-07-07 10:40:29,658: Adding/updating a white zone
[rosout][INFO] 2017-07-07 10:40:29,659: Adding/updating a red zone
[rosout][INFO] 2017-07-07 10:40:29,659: Adding/updating a red zone
[rosout][INFO] 2017-07-07 10:40:29,659: Adding/updating a red zone
[rosout][INFO] 2017-07-07 10:40:29,660: Adding/updating a red zone
[rosout][INFO] 2017-07-07 10:40:32,140: Adding/updating a blue zone
[rosout][INFO] 2017-07-07 10:40:32,141: Adding/updating a blue zone
[rosout][INFO] 2017-07-07 10:40:32,142: Adding/updating a blue zone
[rosout][INFO] 2017-07-07 10:40:32,142: Adding/updating a blue zone
[rosout][INFO] 2017-07-07 10:40:32,142: Adding/updating a blue zone
[rosout][INFO] 2017-07-07 10:40:32,143: Adding/updating a yellow zone
[rosout][INFO] 2017-07-07 10:40:32,143: Adding/updating a black zone
[rosout][INFO] 2017-07-07 10:40:32,143: Adding/updating a black zone
[rosout][INFO] 2017-07-07 10:40:32,144: Adding/updating a black zone
[rosout][INFO] 2017-07-07 10:40:32,144: Adding/updating a black zone
[rosout][INFO] 2017-07-07 10:40:32,144: Adding/updating a black zone
[rosout][INFO] 2017-07-07 10:40:32,145: Adding/updating a green zone
[rosout][INFO] 2017-07-07 10:40:32,145: Adding/updating a green zone
[rosout][INFO] 2017-07-07 10:40:32,146: Adding/updating a green zone
[rosout][INFO] 2017-07-07 10:40:32,146: Adding/updating a green zone
[rosout][INFO] 2017-07-07 10:40:32,146: Adding/updating a green zone
[rosout][INFO] 2017-07-07 10:40:32,147: Adding/updating a green zone
[rosout][INFO] 2017-07-07 10:40:32,147: Adding/updating a green zone
[rosout][INFO] 2017-07-07 10:40:32,147: Adding/updating a green zone
[rosout][INFO] 2017-07-07 10:40:32,148: Adding/updating a green zone
[rosout][INFO] 2017-07-07 10:40:32,148: Adding/updating a white zone
[rosout][INFO] 2017-07-07 10:40:32,148: Adding/updating a red zone
[rosout][INFO] 2017-07-07 10:40:32,149: Adding/updating a red zone
[rosout][INFO] 2017-07-07 10:40:32,149: Adding/updating a red zone
[rosout][INFO] 2017-07-07 10:40:32,150: Adding/updating a red zone
[rosout][INFO] 2017-07-07 10:40:33,393: Adding/updating a blue zone
[rosout][INFO] 2017-07-07 10:40:33,393: Adding/updating a blue zone
[rosout][INFO] 2017-07-07 10:40:33,394: Adding/updating a blue zone
[rosout][INFO] 2017-07-07 10:40:33,394: Adding/updating a blue zone
[rosout][INFO] 2017-07-07 10:40:33,394: Adding/updating a yellow zone
[rosout][INFO] 2017-07-07 10:40:33,394: Adding/updating a black zone
[rosout][INFO] 2017-07-07 10:40:33,395: Adding/updating a black zone
[rosout][INFO] 2017-07-07 10:40:33,395: Adding/updating a black zone
[rosout][INFO] 2017-07-07 10:40:33,395: Adding/updating a black zone
[rosout][INFO] 2017-07-07 10:40:33,395: Adding/updating a black zone
[rosout][INFO] 2017-07-07 10:40:33,395: Adding/updating a green zone
[rosout][INFO] 2017-07-07 10:40:33,395: Adding/updating a green zone
[rosout][INFO] 2017-07-07 10:40:33,396: Adding/updating a green zone
[rosout][INFO] 2017-07-07 10:40:33,396: Adding/updating a green zone
[rosout][INFO] 2017-07-07 10:40:33,396: Adding/updating a green zone
[rosout][INFO] 2017-07-07 10:40:33,396: Adding/updating a green zone
[rosout][INFO] 2017-07-07 10:40:33,397: Adding/updating a green zone
[rosout][INFO] 2017-07-07 10:40:33,397: Adding/updating a green zone
[rosout][INFO] 2017-07-07 10:40:33,397: Adding/updating a green zone
[rosout][INFO] 2017-07-07 10:40:33,398: Adding/updating a white zone
[rosout][INFO] 2017-07-07 10:40:33,398: Adding/updating a red zone
[rosout][INFO] 2017-07-07 10:40:33,399: Adding/updating a red zone
[rosout][INFO] 2017-07-07 10:40:33,399: Adding/updating a red zone
[rosout][INFO] 2017-07-07 10:40:33,399: Adding/updating a red zone
[rosout][INFO] 2017-07-07 10:40:34,658: Adding/updating a blue zone
[rosout][INFO] 2017-07-07 10:40:34,659: Adding/updating a blue zone
[rosout][INFO] 2017-07-07 10:40:34,659: Adding/updating a blue zone
[rosout][INFO] 2017-07-07 10:40:34,660: Adding/updating a blue zone
[rosout][INFO] 2017-07-07 10:40:34,660: Adding/updating a yellow zone
[rosout][INFO] 2017-07-07 10:40:34,660: Adding/updating a black zone
[rosout][INFO] 2017-07-07 10:40:34,660: Adding/updating a black zone
[rosout][INFO] 2017-07-07 10:40:34,661: Adding/updating a black zone
[rosout][INFO] 2017-07-07 10:40:34,661: Adding/updating a black zone
[rosout][INFO] 2017-07-07 10:40:34,662: Adding/updating a black zone
[rosout][INFO] 2017-07-07 10:40:34,662: Adding/updating a green zone
[rosout][INFO] 2017-07-07 10:40:34,662: Adding/updating a green zone
[rosout][INFO] 2017-07-07 10:40:34,663: Adding/updating a green zone
[rosout][INFO] 2017-07-07 10:40:34,663: Adding/updating a green zone
[rosout][INFO] 2017-07-07 10:40:34,664: Adding/updating a green zone
[rosout][INFO] 2017-07-07 10:40:34,664: Adding/updating a green zone
[rosout][INFO] 2017-07-07 10:40:34,665: Adding/updating a green zone
[rosout][INFO] 2017-07-07 10:40:34,665: Adding/updating a green zone
[rosout][INFO] 2017-07-07 10:40:34,665: Adding/updating a green zone
[rosout][INFO] 2017-07-07 10:40:34,666: Adding/updating a white zone
[rosout][INFO] 2017-07-07 10:40:34,666: Adding/updating a red zone
[rosout][INFO] 2017-07-07 10:40:34,666: Adding/updating a red zone
[rosout][INFO] 2017-07-07 10:40:34,667: Adding/updating a red zone
[rosout][INFO] 2017-07-07 10:40:34,667: Adding/updating a red zone
[rosout][INFO] 2017-07-07 10:40:35,444: Adding/updating a blue zone
[rosout][INFO] 2017-07-07 10:40:35,444: Adding/updating a blue zone
[rosout][INFO] 2017-07-07 10:40:35,446: Adding/updating a blue zone
[rosout][INFO] 2017-07-07 10:40:35,447: Adding/updating a blue zone
[rosout][INFO] 2017-07-07 10:40:35,447: Adding/updating a yellow zone
[rosout][INFO] 2017-07-07 10:40:35,448: Adding/updating a black zone
[rosout][INFO] 2017-07-07 10:40:35,448: Adding/updating a black zone
[rosout][INFO] 2017-07-07 10:40:35,449: Adding/updating a black zone
[rosout][INFO] 2017-07-07 10:40:35,449: Adding/updating a black zone
[rosout][INFO] 2017-07-07 10:40:35,449: Adding/updating a black zone
[rosout][INFO] 2017-07-07 10:40:35,450: Adding/updating a green zone
[rosout][INFO] 2017-07-07 10:40:35,450: Adding/updating a green zone
[rosout][INFO] 2017-07-07 10:40:35,451: Adding/updating a green zone
[rosout][INFO] 2017-07-07 10:40:35,451: Adding/updating a green zone
[rosout][INFO] 2017-07-07 10:40:35,452: Adding/updating a green zone
[rosout][INFO] 2017-07-07 10:40:35,452: Adding/updating a green zone
[rosout][INFO] 2017-07-07 10:40:35,453: Adding/updating a green zone
[rosout][INFO] 2017-07-07 10:40:35,453: Adding/updating a green zone
[rosout][INFO] 2017-07-07 10:40:35,454: Adding/updating a green zone
[rosout][INFO] 2017-07-07 10:40:35,454: Adding/updating a white zone
[rosout][INFO] 2017-07-07 10:40:35,455: Adding/updating a red zone
[rosout][INFO] 2017-07-07 10:40:35,455: Adding/updating a red zone
[rosout][INFO] 2017-07-07 10:40:35,457: Adding/updating a red zone
[rosout][INFO] 2017-07-07 10:40:35,457: Adding/updating a red zone
[rosout][INFO] 2017-07-07 10:40:43,156: Adding/updating a blue zone
[rosout][INFO] 2017-07-07 10:40:43,157: Adding/updating a blue zone
[rosout][INFO] 2017-07-07 10:40:43,157: Adding/updating a blue zone
[rosout][INFO] 2017-07-07 10:40:43,158: Adding/updating a blue zone
[rosout][INFO] 2017-07-07 10:40:43,158: Adding/updating a yellow zone
[rosout][INFO] 2017-07-07 10:40:43,158: Adding/updating a black zone
[rosout][INFO] 2017-07-07 10:40:43,159: Adding/updating a black zone
[rosout][INFO] 2017-07-07 10:40:43,159: Adding/updating a black zone
[rosout][INFO] 2017-07-07 10:40:43,159: Adding/updating a black zone
[rosout][INFO] 2017-07-07 10:40:43,159: Adding/updating a black zone
[rosout][INFO] 2017-07-07 10:40:43,160: Adding/updating a green zone
[rosout][INFO] 2017-07-07 10:40:43,160: Adding/updating a green zone
[rosout][INFO] 2017-07-07 10:40:43,161: Adding/updating a green zone
[rosout][INFO] 2017-07-07 10:40:43,161: Adding/updating a green zone
[rosout][INFO] 2017-07-07 10:40:43,161: Adding/updating a green zone
[rosout][INFO] 2017-07-07 10:40:43,161: Adding/updating a green zone
[rosout][INFO] 2017-07-07 10:40:43,162: Adding/updating a green zone
[rosout][INFO] 2017-07-07 10:40:43,162: Adding/updating a green zone
[rosout][INFO] 2017-07-07 10:40:43,162: Adding/updating a green zone
[rosout][INFO] 2017-07-07 10:40:43,162: Adding/updating a white zone
[rosout][INFO] 2017-07-07 10:40:43,163: Adding/updating a red zone
[rosout][INFO] 2017-07-07 10:40:43,163: Adding/updating a red zone
[rosout][INFO] 2017-07-07 10:40:43,163: Adding/updating a red zone
[rosout][INFO] 2017-07-07 10:40:43,164: Adding/updating a red zone
[rosout][INFO] 2017-07-07 10:40:50,442: Adding/updating a blue zone
[rosout][INFO] 2017-07-07 10:40:50,442: Adding/updating a blue zone
[rosout][INFO] 2017-07-07 10:40:50,442: Adding/updating a blue zone
[rosout][INFO] 2017-07-07 10:40:50,443: Adding/updating a blue zone
[rosout][INFO] 2017-07-07 10:40:50,443: Adding/updating a yellow zone
[rosout][INFO] 2017-07-07 10:40:50,443: Adding/updating a black zone
[rosout][INFO] 2017-07-07 10:40:50,443: Adding/updating a black zone
[rosout][INFO] 2017-07-07 10:40:50,444: Adding/updating a black zone
[rosout][INFO] 2017-07-07 10:40:50,444: Adding/updating a black zone
[rosout][INFO] 2017-07-07 10:40:50,444: Adding/updating a black zone
[rosout][INFO] 2017-07-07 10:40:50,445: Adding/updating a green zone
[rosout][INFO] 2017-07-07 10:40:50,445: Adding/updating a green zone
[rosout][INFO] 2017-07-07 10:40:50,445: Adding/updating a green zone
[rosout][INFO] 2017-07-07 10:40:50,446: Adding/updating a green zone
[rosout][INFO] 2017-07-07 10:40:50,446: Adding/updating a green zone
[rosout][INFO] 2017-07-07 10:40:50,446: Adding/updating a green zone
[rosout][INFO] 2017-07-07 10:40:50,447: Adding/updating a green zone
[rosout][INFO] 2017-07-07 10:40:50,447: Adding/updating a green zone
[rosout][INFO] 2017-07-07 10:40:50,447: Adding/updating a green zone
[rosout][INFO] 2017-07-07 10:40:50,448: Adding/updating a green zone
[rosout][INFO] 2017-07-07 10:40:50,448: Adding/updating a white zone
[rosout][INFO] 2017-07-07 10:40:50,448: Adding/updating a red zone
[rosout][INFO] 2017-07-07 10:40:50,449: Adding/updating a red zone
[rosout][INFO] 2017-07-07 10:40:50,449: Adding/updating a red zone
[rosout][INFO] 2017-07-07 10:40:50,449: Adding/updating a red zone
[rosout][INFO] 2017-07-07 10:40:50,450: Adding/updating a red zone
[rosout][INFO] 2017-07-07 10:40:57,890: Adding/updating a blue zone
[rosout][INFO] 2017-07-07 10:40:57,891: Adding/updating a blue zone
[rosout][INFO] 2017-07-07 10:40:57,891: Adding/updating a blue zone
[rosout][INFO] 2017-07-07 10:40:57,891: Adding/updating a blue zone
[rosout][INFO] 2017-07-07 10:40:57,892: Adding/updating a yellow zone
[rosout][INFO] 2017-07-07 10:40:57,892: Adding/updating a black zone
[rosout][INFO] 2017-07-07 10:40:57,892: Adding/updating a black zone
[rosout][INFO] 2017-07-07 10:40:57,892: Adding/updating a black zone
[rosout][INFO] 2017-07-07 10:40:57,892: Adding/updating a black zone
[rosout][INFO] 2017-07-07 10:40:57,893: Adding/updating a black zone
[rosout][INFO] 2017-07-07 10:40:57,893: Adding/updating a green zone
[rosout][INFO] 2017-07-07 10:40:57,894: Adding/updating a green zone
[rosout][INFO] 2017-07-07 10:40:57,894: Adding/updating a green zone
[rosout][INFO] 2017-07-07 10:40:57,894: Adding/updating a green zone
[rosout][INFO] 2017-07-07 10:40:57,894: Adding/updating a green zone
[rosout][INFO] 2017-07-07 10:40:57,895: Adding/updating a green zone
[rosout][INFO] 2017-07-07 10:40:57,895: Adding/updating a green zone
[rosout][INFO] 2017-07-07 10:40:57,895: Adding/updating a white zone
[rosout][INFO] 2017-07-07 10:40:57,896: Adding/updating a red zone
[rosout][INFO] 2017-07-07 10:40:57,896: Adding/updating a red zone
[rosout][INFO] 2017-07-07 10:40:57,896: Adding/updating a red zone
[rosout][INFO] 2017-07-07 10:40:57,896: Adding/updating a red zone
[rosout][INFO] 2017-07-07 10:41:08,402: Adding/updating a blue zone
[rosout][INFO] 2017-07-07 10:41:08,402: Adding/updating a blue zone
[rosout][INFO] 2017-07-07 10:41:08,402: Adding/updating a blue zone
[rosout][INFO] 2017-07-07 10:41:08,403: Adding/updating a blue zone
[rosout][INFO] 2017-07-07 10:41:08,403: Adding/updating a yellow zone
[rosout][INFO] 2017-07-07 10:41:08,403: Adding/updating a black zone
[rosout][INFO] 2017-07-07 10:41:08,403: Adding/updating a black zone
[rosout][INFO] 2017-07-07 10:41:08,404: Adding/updating a black zone
[rosout][INFO] 2017-07-07 10:41:08,404: Adding/updating a black zone
[rosout][INFO] 2017-07-07 10:41:08,404: Adding/updating a black zone
[rosout][INFO] 2017-07-07 10:41:08,404: Adding/updating a green zone
[rosout][INFO] 2017-07-07 10:41:08,406: Adding/updating a green zone
[rosout][INFO] 2017-07-07 10:41:08,406: Adding/updating a green zone
[rosout][INFO] 2017-07-07 10:41:08,407: Adding/updating a green zone
[rosout][INFO] 2017-07-07 10:41:08,407: Adding/updating a green zone
[rosout][INFO] 2017-07-07 10:41:08,407: Adding/updating a green zone
[rosout][INFO] 2017-07-07 10:41:08,408: Adding/updating a green zone
[rosout][INFO] 2017-07-07 10:41:08,408: Adding/updating a white zone
[rosout][INFO] 2017-07-07 10:41:08,408: Adding/updating a red zone
[rosout][INFO] 2017-07-07 10:41:08,409: Adding/updating a red zone
[rosout][INFO] 2017-07-07 10:41:08,409: Adding/updating a red zone
[rosout][INFO] 2017-07-07 10:41:08,409: Adding/updating a red zone
[rosout][INFO] 2017-07-07 10:41:13,143: Adding/updating a blue zone
[rosout][INFO] 2017-07-07 10:41:13,143: Adding/updating a blue zone
[rosout][INFO] 2017-07-07 10:41:13,144: Adding/updating a blue zone
[rosout][INFO] 2017-07-07 10:41:13,144: Adding/updating a blue zone
[rosout][INFO] 2017-07-07 10:41:13,144: Adding/updating a yellow zone
[rosout][INFO] 2017-07-07 10:41:13,145: Adding/updating a black zone
[rosout][INFO] 2017-07-07 10:41:13,145: Adding/updating a black zone
[rosout][INFO] 2017-07-07 10:41:13,145: Adding/updating a black zone
[rosout][INFO] 2017-07-07 10:41:13,145: Adding/updating a black zone
[rosout][INFO] 2017-07-07 10:41:13,146: Adding/updating a black zone
[rosout][INFO] 2017-07-07 10:41:13,146: Adding/updating a green zone
[rosout][INFO] 2017-07-07 10:41:13,146: Adding/updating a green zone
[rosout][INFO] 2017-07-07 10:41:13,147: Adding/updating a green zone
[rosout][INFO] 2017-07-07 10:41:13,147: Adding/updating a green zone
[rosout][INFO] 2017-07-07 10:41:13,147: Adding/updating a green zone
[rosout][INFO] 2017-07-07 10:41:13,147: Adding/updating a green zone
[rosout][INFO] 2017-07-07 10:41:13,148: Adding/updating a green zone
[rosout][INFO] 2017-07-07 10:41:13,148: Adding/updating a green zone
[rosout][INFO] 2017-07-07 10:41:13,148: Adding/updating a green zone
[rosout][INFO] 2017-07-07 10:41:13,148: Adding/updating a green zone
[rosout][INFO] 2017-07-07 10:41:13,149: Adding/updating a white zone
[rosout][INFO] 2017-07-07 10:41:13,149: Adding/updating a red zone
[rosout][INFO] 2017-07-07 10:41:13,149: Adding/updating a red zone
[rosout][INFO] 2017-07-07 10:41:13,150: Adding/updating a red zone
[rosout][INFO] 2017-07-07 10:41:13,150: Adding/updating a red zone
[rosout][INFO] 2017-07-07 10:41:16,904: Adding/updating a blue zone
[rosout][INFO] 2017-07-07 10:41:16,904: Adding/updating a blue zone
[rosout][INFO] 2017-07-07 10:41:16,904: Adding/updating a blue zone
[rosout][INFO] 2017-07-07 10:41:16,905: Adding/updating a blue zone
[rosout][INFO] 2017-07-07 10:41:16,905: Adding/updating a yellow zone
[rosout][INFO] 2017-07-07 10:41:16,905: Adding/updating a black zone
[rosout][INFO] 2017-07-07 10:41:16,906: Adding/updating a black zone
[rosout][INFO] 2017-07-07 10:41:16,907: Adding/updating a black zone
[rosout][INFO] 2017-07-07 10:41:16,907: Adding/updating a black zone
[rosout][INFO] 2017-07-07 10:41:16,908: Adding/updating a black zone
[rosout][INFO] 2017-07-07 10:41:16,908: Adding/updating a green zone
[rosout][INFO] 2017-07-07 10:41:16,908: Adding/updating a green zone
[rosout][INFO] 2017-07-07 10:41:16,910: Adding/updating a green zone
[rosout][INFO] 2017-07-07 10:41:16,910: Adding/updating a green zone
[rosout][INFO] 2017-07-07 10:41:16,910: Adding/updating a green zone
[rosout][INFO] 2017-07-07 10:41:16,911: Adding/updating a green zone
[rosout][INFO] 2017-07-07 10:41:16,911: Adding/updating a green zone
[rosout][INFO] 2017-07-07 10:41:16,912: Adding/updating a green zone
[rosout][INFO] 2017-07-07 10:41:16,912: Adding/updating a green zone
[rosout][INFO] 2017-07-07 10:41:16,912: Adding/updating a green zone
[rosout][INFO] 2017-07-07 10:41:16,913: Adding/updating a green zone
[rosout][INFO] 2017-07-07 10:41:16,913: Adding/updating a white zone
[rosout][INFO] 2017-07-07 10:41:16,913: Adding/updating a red zone
[rosout][INFO] 2017-07-07 10:41:16,914: Adding/updating a red zone
[rosout][INFO] 2017-07-07 10:41:16,914: Adding/updating a red zone
[rosout][INFO] 2017-07-07 10:41:16,914: Adding/updating a red zone
[rosout][INFO] 2017-07-07 10:41:16,915: Adding/updating a red zone
[rosout][INFO] 2017-07-07 10:41:16,915: Adding/updating a red zone
[rospy.internal][WARNING] 2017-07-07 10:41:21,050: Unknown error initiating TCP/IP socket to 192.168.2.101:41435 (http://192.168.2.101:38299/): Traceback (most recent call last):
  File "/opt/ros/kinetic/lib/python2.7/dist-packages/rospy/impl/tcpros_base.py", line 555, in connect
    self.socket.connect((dest_addr, dest_port))
  File "/usr/lib/python2.7/socket.py", line 228, in meth
    return getattr(self._sock,name)(*args)
error: [Errno 111] Connection refused

[rospy.internal][INFO] 2017-07-07 10:41:21,050: topic[/tf] removing connection to http://192.168.2.101:38299/
[rospy.core][INFO] 2017-07-07 10:41:21,163: signal_shutdown [signal-2]
[rospy.internal][INFO] 2017-07-07 10:41:21,176: topic[/move_sandbox_items/goal] removing connection to /move_sandbox_items
[rospy.internal][INFO] 2017-07-07 10:41:21,177: topic[/move_sandbox_items/cancel] removing connection to /move_sandbox_items
[rospy.internal][INFO] 2017-07-07 10:41:21,178: topic[/rosout] removing connection to /rosout
[rospy.internal][INFO] 2017-07-07 10:41:21,179: topic[/move_sandbox_items/result] removing connection to http://sandtray-hrilab:41814/
[rospy.internal][WARNING] 2017-07-07 10:41:21,179: Unknown error initiating TCP/IP socket to sandtray-hrilab:34527 (http://sandtray-hrilab:41814/): Traceback (most recent call last):
  File "/opt/ros/kinetic/lib/python2.7/dist-packages/rospy/impl/tcpros_base.py", line 557, in connect
    self.read_header()
  File "/opt/ros/kinetic/lib/python2.7/dist-packages/rospy/impl/tcpros_base.py", line 650, in read_header
    self._validate_header(read_ros_handshake_header(sock, self.read_buff, self.protocol.buff_size))
AttributeError: 'NoneType' object has no attribute 'buff_size'

[rospy.topics][ERROR] 2017-07-07 10:41:21,181: Traceback (most recent call last):
  File "/opt/ros/kinetic/lib/python2.7/dist-packages/rospy/topics.py", line 326, in close
    c.close()
  File "/opt/ros/kinetic/lib/python2.7/dist-packages/rospy/impl/tcpros_base.py", line 838, in close
    self.socket.close()
AttributeError: 'NoneType' object has no attribute 'close'

[rospy.internal][INFO] 2017-07-07 10:41:21,181: topic[/zones] removing connection to http://sandtray-hrilab:44331/
[rospy.internal][INFO] 2017-07-07 10:41:21,181: topic[/tf] removing connection to http://sandtray-hrilab:40652/
[rospy.internal][INFO] 2017-07-07 10:41:21,182: topic[/tf] removing connection to http://sandtray-hrilab:41209/
[rospy.internal][ERROR] 2017-07-07 10:41:21,182: Traceback (most recent call last):
  File "/opt/ros/kinetic/lib/python2.7/dist-packages/rospy/impl/tcpros_base.py", line 729, in receive_once
    self.stat_bytes += recv_buff(sock, b, p.buff_size)
  File "/opt/ros/kinetic/lib/python2.7/dist-packages/rospy/impl/tcpros_base.py", line 103, in recv_buff
    d = sock.recv(buff_size)
error: [Errno 104] Connection reset by peer

[rospy.internal][INFO] 2017-07-07 10:41:21,182: topic[/tf] removing connection to http://sandtray-hrilab:40886/
[rospy.internal][WARNING] 2017-07-07 10:41:21,182: Unknown error initiating TCP/IP socket to sandtray-hrilab:50818 (http://sandtray-hrilab:40886/): Traceback (most recent call last):
  File "/opt/ros/kinetic/lib/python2.7/dist-packages/rospy/impl/tcpros_base.py", line 557, in connect
    self.read_header()
  File "/opt/ros/kinetic/lib/python2.7/dist-packages/rospy/impl/tcpros_base.py", line 650, in read_header
    self._validate_header(read_ros_handshake_header(sock, self.read_buff, self.protocol.buff_size))
AttributeError: 'NoneType' object has no attribute 'buff_size'

[rospy.topics][ERROR] 2017-07-07 10:41:21,183: Traceback (most recent call last):
  File "/opt/ros/kinetic/lib/python2.7/dist-packages/rospy/topics.py", line 326, in close
    c.close()
  File "/opt/ros/kinetic/lib/python2.7/dist-packages/rospy/impl/tcpros_base.py", line 838, in close
    self.socket.close()
AttributeError: 'NoneType' object has no attribute 'close'

[rospy.internal][INFO] 2017-07-07 10:41:21,183: topic[/tf] removing connection to http://sandtray-hrilab:44437/
[rospy.internal][INFO] 2017-07-07 10:41:21,183: topic[/tf] removing connection to http://sandtray-hrilab:44815/
[rospy.internal][INFO] 2017-07-07 10:41:21,183: topic[/tf] removing connection to http://sandtray-hrilab:45639/
[rospy.internal][INFO] 2017-07-07 10:41:21,183: topic[/tf] removing connection to http://sandtray-hrilab:39821/
[rospy.internal][INFO] 2017-07-07 10:41:21,184: topic[/move_sandbox_items/feedback] removing connection to http://sandtray-hrilab:41814/
[rospy.internal][INFO] 2017-07-07 10:41:21,184: topic[/move_sandbox_items/status] removing connection to http://sandtray-hrilab:41814/
[rospy.impl.masterslave][INFO] 2017-07-07 10:41:21,184: signal-2
[rospy.core][INFO] 2017-07-07 10:41:21,798: signal_shutdown [atexit]
