[rospy.client][INFO] 2017-07-07 10:35:42,802: init_node, name[/sandbox_zones_from_image], pid[13386]
[xmlrpc][INFO] 2017-07-07 10:35:42,802: XML-RPC server binding to 0.0.0.0:0
[xmlrpc][INFO] 2017-07-07 10:35:42,802: Started XML-RPC server [http://sandtray-hrilab:44331/]
[rospy.init][INFO] 2017-07-07 10:35:42,802: ROS Slave URI: [http://sandtray-hrilab:44331/]
[rospy.impl.masterslave][INFO] 2017-07-07 10:35:42,802: _ready: http://sandtray-hrilab:44331/
[rospy.registration][INFO] 2017-07-07 10:35:42,803: Registering with master node http://localhost:11311
[xmlrpc][INFO] 2017-07-07 10:35:42,803: xml rpc node: starting XML-RPC server
[rospy.init][INFO] 2017-07-07 10:35:42,903: registered with master
[rospy.rosout][INFO] 2017-07-07 10:35:42,903: initializing /rosout core topic
[rospy.rosout][INFO] 2017-07-07 10:35:42,905: connected to core topic /rosout
[rospy.simtime][INFO] 2017-07-07 10:35:42,906: /use_sim_time is not set, will not subscribe to simulated time [/clock] topic
[rosout][INFO] 2017-07-07 10:35:42,915: Waiting for images of the playground
[rospy.internal][INFO] 2017-07-07 10:35:42,918: topic[/sandtray/background/image] adding connection to [http://sandtray-hrilab:41209/], count 0
[rospy.internal][INFO] 2017-07-07 10:35:42,918: topic[/sandtray/background/camera_info] adding connection to [http://sandtray-hrilab:41209/], count 0
[rosout][INFO] 2017-07-07 10:35:42,930: Received the playground image. Detecting zones...
[rosout][INFO] 2017-07-07 10:35:42,947: Publishing the detected zones on /zones
[rospy.internal][INFO] 2017-07-07 10:35:43,187: topic[/rosout] adding connection to [/rosout], count 0
[rosout][INFO] 2017-07-07 10:35:49,817: Received the playground image. Detecting zones...
[rosout][INFO] 2017-07-07 10:35:49,833: Publishing the detected zones on /zones
[rospy.internal][INFO] 2017-07-07 10:35:50,515: topic[/zones] adding connection to [/rosbag_record_freeplay_sandbox], count 0
[rospy.internal][INFO] 2017-07-07 10:35:51,008: topic[/zones] adding connection to [/sandbox_play], count 1
[rosout][INFO] 2017-07-07 10:36:59,819: Received the playground image. Detecting zones...
[rosout][INFO] 2017-07-07 10:36:59,848: Publishing the detected zones on /zones
[rosout][INFO] 2017-07-07 10:37:04,835: Received the playground image. Detecting zones...
[rosout][INFO] 2017-07-07 10:37:04,856: Publishing the detected zones on /zones
[rosout][INFO] 2017-07-07 10:37:08,328: Received the playground image. Detecting zones...
[rosout][INFO] 2017-07-07 10:37:08,350: Publishing the detected zones on /zones
[rosout][INFO] 2017-07-07 10:37:09,844: Received the playground image. Detecting zones...
[rosout][INFO] 2017-07-07 10:37:09,863: Publishing the detected zones on /zones
[rosout][INFO] 2017-07-07 10:37:11,843: Received the playground image. Detecting zones...
[rosout][INFO] 2017-07-07 10:37:11,871: Publishing the detected zones on /zones
[rosout][INFO] 2017-07-07 10:37:14,075: Received the playground image. Detecting zones...
[rosout][INFO] 2017-07-07 10:37:14,097: Publishing the detected zones on /zones
[rosout][INFO] 2017-07-07 10:37:21,341: Received the playground image. Detecting zones...
[rosout][INFO] 2017-07-07 10:37:21,371: Publishing the detected zones on /zones
[rosout][INFO] 2017-07-07 10:37:30,335: Received the playground image. Detecting zones...
[rosout][INFO] 2017-07-07 10:37:30,358: Publishing the detected zones on /zones
[rosout][INFO] 2017-07-07 10:37:31,596: Received the playground image. Detecting zones...
[rosout][INFO] 2017-07-07 10:37:31,624: Publishing the detected zones on /zones
[rosout][INFO] 2017-07-07 10:37:32,603: Received the playground image. Detecting zones...
[rosout][INFO] 2017-07-07 10:37:32,629: Publishing the detected zones on /zones
[rosout][INFO] 2017-07-07 10:37:33,326: Received the playground image. Detecting zones...
[rosout][INFO] 2017-07-07 10:37:33,341: Publishing the detected zones on /zones
[rosout][INFO] 2017-07-07 10:37:34,107: Received the playground image. Detecting zones...
[rosout][INFO] 2017-07-07 10:37:34,126: Publishing the detected zones on /zones
[rosout][INFO] 2017-07-07 10:37:34,585: Received the playground image. Detecting zones...
[rosout][INFO] 2017-07-07 10:37:34,606: Publishing the detected zones on /zones
[rosout][INFO] 2017-07-07 10:37:35,582: Received the playground image. Detecting zones...
[rosout][INFO] 2017-07-07 10:37:35,601: Publishing the detected zones on /zones
[rosout][INFO] 2017-07-07 10:37:37,329: Received the playground image. Detecting zones...
[rosout][INFO] 2017-07-07 10:37:37,348: Publishing the detected zones on /zones
[rosout][INFO] 2017-07-07 10:37:57,598: Received the playground image. Detecting zones...
[rosout][INFO] 2017-07-07 10:37:57,626: Publishing the detected zones on /zones
[rosout][INFO] 2017-07-07 10:38:37,845: Received the playground image. Detecting zones...
[rosout][INFO] 2017-07-07 10:38:37,867: Publishing the detected zones on /zones
[rosout][INFO] 2017-07-07 10:38:50,101: Received the playground image. Detecting zones...
[rosout][INFO] 2017-07-07 10:38:50,128: Publishing the detected zones on /zones
[rosout][INFO] 2017-07-07 10:39:04,354: Received the playground image. Detecting zones...
[rosout][INFO] 2017-07-07 10:39:04,395: Publishing the detected zones on /zones
[rosout][INFO] 2017-07-07 10:39:30,596: Received the playground image. Detecting zones...
[rosout][INFO] 2017-07-07 10:39:30,641: Publishing the detected zones on /zones
[rosout][INFO] 2017-07-07 10:40:26,332: Received the playground image. Detecting zones...
[rosout][INFO] 2017-07-07 10:40:26,358: Publishing the detected zones on /zones
[rosout][INFO] 2017-07-07 10:40:27,842: Received the playground image. Detecting zones...
[rosout][INFO] 2017-07-07 10:40:27,871: Publishing the detected zones on /zones
[rosout][INFO] 2017-07-07 10:40:29,573: Received the playground image. Detecting zones...
[rosout][INFO] 2017-07-07 10:40:29,600: Publishing the detected zones on /zones
[rosout][INFO] 2017-07-07 10:40:32,075: Received the playground image. Detecting zones...
[rosout][INFO] 2017-07-07 10:40:32,097: Publishing the detected zones on /zones
[rosout][INFO] 2017-07-07 10:40:33,331: Received the playground image. Detecting zones...
[rosout][INFO] 2017-07-07 10:40:33,353: Publishing the detected zones on /zones
[rosout][INFO] 2017-07-07 10:40:34,591: Received the playground image. Detecting zones...
[rosout][INFO] 2017-07-07 10:40:34,615: Publishing the detected zones on /zones
[rosout][INFO] 2017-07-07 10:40:35,368: Received the playground image. Detecting zones...
[rosout][INFO] 2017-07-07 10:40:35,401: Publishing the detected zones on /zones
[rosout][INFO] 2017-07-07 10:40:43,092: Received the playground image. Detecting zones...
[rosout][INFO] 2017-07-07 10:40:43,116: Publishing the detected zones on /zones
[rosout][INFO] 2017-07-07 10:40:50,351: Received the playground image. Detecting zones...
[rosout][INFO] 2017-07-07 10:40:50,384: Publishing the detected zones on /zones
[rosout][INFO] 2017-07-07 10:40:57,828: Received the playground image. Detecting zones...
[rosout][INFO] 2017-07-07 10:40:57,853: Publishing the detected zones on /zones
[rosout][INFO] 2017-07-07 10:41:08,333: Received the playground image. Detecting zones...
[rosout][INFO] 2017-07-07 10:41:08,359: Publishing the detected zones on /zones
[rosout][INFO] 2017-07-07 10:41:13,078: Received the playground image. Detecting zones...
[rosout][INFO] 2017-07-07 10:41:13,102: Publishing the detected zones on /zones
[rosout][INFO] 2017-07-07 10:41:16,839: Received the playground image. Detecting zones...
[rosout][INFO] 2017-07-07 10:41:16,857: Publishing the detected zones on /zones
[rospy.internal][INFO] 2017-07-07 10:41:21,564: topic[/zones] removing connection to /sandbox_play
[rosout][INFO] 2017-07-07 10:41:27,144: Received the playground image. Detecting zones...
[rosout][INFO] 2017-07-07 10:41:27,177: Publishing the detected zones on /zones
[rosout][INFO] 2017-07-07 10:41:36,078: Received the playground image. Detecting zones...
[rosout][INFO] 2017-07-07 10:41:36,098: Publishing the detected zones on /zones
[rosout][INFO] 2017-07-07 10:41:41,825: Received the playground image. Detecting zones...
[rosout][INFO] 2017-07-07 10:41:41,846: Publishing the detected zones on /zones
[rosout][INFO] 2017-07-07 10:41:46,075: Received the playground image. Detecting zones...
[rosout][INFO] 2017-07-07 10:41:46,103: Publishing the detected zones on /zones
[rosout][INFO] 2017-07-07 10:41:50,335: Received the playground image. Detecting zones...
[rosout][INFO] 2017-07-07 10:41:50,357: Publishing the detected zones on /zones
[rosout][INFO] 2017-07-07 10:42:09,351: Received the playground image. Detecting zones...
[rosout][INFO] 2017-07-07 10:42:09,375: Publishing the detected zones on /zones
[rosout][INFO] 2017-07-07 10:42:12,596: Received the playground image. Detecting zones...
[rosout][INFO] 2017-07-07 10:42:12,625: Publishing the detected zones on /zones
[rosout][INFO] 2017-07-07 10:42:23,360: Received the playground image. Detecting zones...
[rosout][INFO] 2017-07-07 10:42:23,381: Publishing the detected zones on /zones
[rosout][INFO] 2017-07-07 10:42:38,344: Received the playground image. Detecting zones...
[rosout][INFO] 2017-07-07 10:42:38,374: Publishing the detected zones on /zones
[rosout][INFO] 2017-07-07 10:42:46,666: Received the playground image. Detecting zones...
[rosout][INFO] 2017-07-07 10:42:46,697: Publishing the detected zones on /zones
[rosout][INFO] 2017-07-07 10:42:53,579: Received the playground image. Detecting zones...
[rosout][INFO] 2017-07-07 10:42:53,600: Publishing the detected zones on /zones
[rosout][INFO] 2017-07-07 10:42:57,915: Received the playground image. Detecting zones...
[rosout][INFO] 2017-07-07 10:42:57,945: Publishing the detected zones on /zones
[rosout][INFO] 2017-07-07 10:42:58,578: Received the playground image. Detecting zones...
[rosout][INFO] 2017-07-07 10:42:58,595: Publishing the detected zones on /zones
[rosout][INFO] 2017-07-07 10:42:59,410: Received the playground image. Detecting zones...
[rosout][INFO] 2017-07-07 10:42:59,443: Publishing the detected zones on /zones
[rosout][INFO] 2017-07-07 10:42:59,570: Received the playground image. Detecting zones...
[rosout][INFO] 2017-07-07 10:42:59,599: Publishing the detected zones on /zones
[rosout][INFO] 2017-07-07 10:43:06,361: Received the playground image. Detecting zones...
[rosout][INFO] 2017-07-07 10:43:06,398: Publishing the detected zones on /zones
[rosout][INFO] 2017-07-07 10:43:09,667: Received the playground image. Detecting zones...
[rosout][INFO] 2017-07-07 10:43:09,689: Publishing the detected zones on /zones
[rosout][INFO] 2017-07-07 10:43:12,502: Received the playground image. Detecting zones...
[rosout][INFO] 2017-07-07 10:43:12,530: Publishing the detected zones on /zones
[rosout][INFO] 2017-07-07 10:43:12,980: Received the playground image. Detecting zones...
[rosout][INFO] 2017-07-07 10:43:13,001: Publishing the detected zones on /zones
[rosout][INFO] 2017-07-07 10:43:16,133: Received the playground image. Detecting zones...
[rosout][INFO] 2017-07-07 10:43:16,153: Publishing the detected zones on /zones
[rosout][INFO] 2017-07-07 10:43:16,199: Received the playground image. Detecting zones...
[rosout][INFO] 2017-07-07 10:43:16,232: Publishing the detected zones on /zones
[rosout][INFO] 2017-07-07 10:43:21,123: Received the playground image. Detecting zones...
[rosout][INFO] 2017-07-07 10:43:21,141: Publishing the detected zones on /zones
[rosout][INFO] 2017-07-07 10:43:24,385: Received the playground image. Detecting zones...
[rosout][INFO] 2017-07-07 10:43:24,412: Publishing the detected zones on /zones
[rosout][INFO] 2017-07-07 10:43:24,648: Received the playground image. Detecting zones...
[rosout][INFO] 2017-07-07 10:43:24,674: Publishing the detected zones on /zones
[rosout][INFO] 2017-07-07 10:43:31,074: Received the playground image. Detecting zones...
[rosout][INFO] 2017-07-07 10:43:31,094: Publishing the detected zones on /zones
[rosout][INFO] 2017-07-07 10:43:33,579: Received the playground image. Detecting zones...
[rosout][INFO] 2017-07-07 10:43:33,601: Publishing the detected zones on /zones
[rosout][INFO] 2017-07-07 10:43:35,466: Received the playground image. Detecting zones...
[rosout][INFO] 2017-07-07 10:43:35,486: Publishing the detected zones on /zones
[rosout][INFO] 2017-07-07 10:43:35,647: Received the playground image. Detecting zones...
[rosout][INFO] 2017-07-07 10:43:35,676: Publishing the detected zones on /zones
[rosout][INFO] 2017-07-07 10:43:36,596: Received the playground image. Detecting zones...
[rosout][INFO] 2017-07-07 10:43:36,622: Publishing the detected zones on /zones
[rosout][INFO] 2017-07-07 10:43:57,835: Received the playground image. Detecting zones...
[rosout][INFO] 2017-07-07 10:43:57,859: Publishing the detected zones on /zones
[rosout][INFO] 2017-07-07 10:44:04,343: Received the playground image. Detecting zones...
[rosout][INFO] 2017-07-07 10:44:04,372: Publishing the detected zones on /zones
[rosout][INFO] 2017-07-07 10:44:14,643: Received the playground image. Detecting zones...
[rosout][INFO] 2017-07-07 10:44:14,695: Publishing the detected zones on /zones
[rosout][INFO] 2017-07-07 10:44:14,865: Received the playground image. Detecting zones...
[rosout][INFO] 2017-07-07 10:44:14,901: Publishing the detected zones on /zones
[rosout][INFO] 2017-07-07 10:44:15,337: Received the playground image. Detecting zones...
[rosout][INFO] 2017-07-07 10:44:15,364: Publishing the detected zones on /zones
[rosout][INFO] 2017-07-07 10:44:18,823: Received the playground image. Detecting zones...
[rosout][INFO] 2017-07-07 10:44:18,843: Publishing the detected zones on /zones
[rosout][INFO] 2017-07-07 10:44:29,087: Received the playground image. Detecting zones...
[rosout][INFO] 2017-07-07 10:44:29,115: Publishing the detected zones on /zones
[rosout][INFO] 2017-07-07 10:44:31,328: Received the playground image. Detecting zones...
[rosout][INFO] 2017-07-07 10:44:31,344: Publishing the detected zones on /zones
[rosout][INFO] 2017-07-07 10:44:33,832: Received the playground image. Detecting zones...
[rosout][INFO] 2017-07-07 10:44:33,850: Publishing the detected zones on /zones
[rosout][INFO] 2017-07-07 10:44:38,581: Received the playground image. Detecting zones...
[rosout][INFO] 2017-07-07 10:44:38,608: Publishing the detected zones on /zones
[rosout][INFO] 2017-07-07 10:44:45,579: Received the playground image. Detecting zones...
[rosout][INFO] 2017-07-07 10:44:45,606: Publishing the detected zones on /zones
[rosout][INFO] 2017-07-07 10:44:47,598: Received the playground image. Detecting zones...
[rosout][INFO] 2017-07-07 10:44:47,626: Publishing the detected zones on /zones
[rosout][INFO] 2017-07-07 10:44:49,864: Received the playground image. Detecting zones...
[rosout][INFO] 2017-07-07 10:44:49,889: Publishing the detected zones on /zones
[rosout][INFO] 2017-07-07 10:44:50,818: Received the playground image. Detecting zones...
[rosout][INFO] 2017-07-07 10:44:50,837: Publishing the detected zones on /zones
[rosout][INFO] 2017-07-07 10:44:58,327: Received the playground image. Detecting zones...
[rosout][INFO] 2017-07-07 10:44:58,353: Publishing the detected zones on /zones
[rosout][INFO] 2017-07-07 10:45:03,830: Received the playground image. Detecting zones...
[rosout][INFO] 2017-07-07 10:45:03,852: Publishing the detected zones on /zones
[rosout][INFO] 2017-07-07 10:45:04,597: Received the playground image. Detecting zones...
[rosout][INFO] 2017-07-07 10:45:04,629: Publishing the detected zones on /zones
[rosout][INFO] 2017-07-07 10:45:07,085: Received the playground image. Detecting zones...
[rosout][INFO] 2017-07-07 10:45:07,103: Publishing the detected zones on /zones
[rosout][INFO] 2017-07-07 10:45:08,121: Received the playground image. Detecting zones...
[rosout][INFO] 2017-07-07 10:45:08,139: Publishing the detected zones on /zones
[rosout][INFO] 2017-07-07 10:45:08,331: Received the playground image. Detecting zones...
[rosout][INFO] 2017-07-07 10:45:08,350: Publishing the detected zones on /zones
[rosout][INFO] 2017-07-07 10:45:22,841: Received the playground image. Detecting zones...
[rosout][INFO] 2017-07-07 10:45:22,859: Publishing the detected zones on /zones
[rosout][INFO] 2017-07-07 10:45:25,341: Received the playground image. Detecting zones...
[rosout][INFO] 2017-07-07 10:45:25,367: Publishing the detected zones on /zones
[rosout][INFO] 2017-07-07 10:45:26,388: Received the playground image. Detecting zones...
[rosout][INFO] 2017-07-07 10:45:26,413: Publishing the detected zones on /zones
[rosout][INFO] 2017-07-07 10:45:27,633: Received the playground image. Detecting zones...
[rosout][INFO] 2017-07-07 10:45:27,665: Publishing the detected zones on /zones
[rosout][INFO] 2017-07-07 10:45:29,648: Received the playground image. Detecting zones...
[rosout][INFO] 2017-07-07 10:45:29,678: Publishing the detected zones on /zones
[rosout][INFO] 2017-07-07 10:45:30,869: Received the playground image. Detecting zones...
[rosout][INFO] 2017-07-07 10:45:30,889: Publishing the detected zones on /zones
[rosout][INFO] 2017-07-07 10:45:37,323: Received the playground image. Detecting zones...
[rosout][INFO] 2017-07-07 10:45:37,346: Publishing the detected zones on /zones
[rosout][INFO] 2017-07-07 10:45:39,089: Received the playground image. Detecting zones...
[rosout][INFO] 2017-07-07 10:45:39,109: Publishing the detected zones on /zones
[rosout][INFO] 2017-07-07 10:45:46,838: Received the playground image. Detecting zones...
[rosout][INFO] 2017-07-07 10:45:46,857: Publishing the detected zones on /zones
[rosout][INFO] 2017-07-07 10:45:54,854: Received the playground image. Detecting zones...
[rosout][INFO] 2017-07-07 10:45:54,872: Publishing the detected zones on /zones
[rosout][INFO] 2017-07-07 10:46:00,581: Received the playground image. Detecting zones...
[rosout][INFO] 2017-07-07 10:46:00,607: Publishing the detected zones on /zones
[rosout][INFO] 2017-07-07 10:46:03,376: Received the playground image. Detecting zones...
[rosout][INFO] 2017-07-07 10:46:03,395: Publishing the detected zones on /zones
[rosout][INFO] 2017-07-07 10:46:03,835: Received the playground image. Detecting zones...
[rosout][INFO] 2017-07-07 10:46:03,863: Publishing the detected zones on /zones
[rosout][INFO] 2017-07-07 10:46:06,110: Received the playground image. Detecting zones...
[rosout][INFO] 2017-07-07 10:46:06,133: Publishing the detected zones on /zones
[rosout][INFO] 2017-07-07 10:46:06,850: Received the playground image. Detecting zones...
[rosout][INFO] 2017-07-07 10:46:06,878: Publishing the detected zones on /zones
[rosout][INFO] 2017-07-07 10:46:07,077: Received the playground image. Detecting zones...
[rosout][INFO] 2017-07-07 10:46:07,098: Publishing the detected zones on /zones
[rosout][INFO] 2017-07-07 10:46:09,641: Received the playground image. Detecting zones...
[rosout][INFO] 2017-07-07 10:46:09,668: Publishing the detected zones on /zones
[rosout][INFO] 2017-07-07 10:46:10,165: Received the playground image. Detecting zones...
[rosout][INFO] 2017-07-07 10:46:10,183: Publishing the detected zones on /zones
[rosout][INFO] 2017-07-07 10:46:11,398: Received the playground image. Detecting zones...
[rosout][INFO] 2017-07-07 10:46:11,421: Publishing the detected zones on /zones
[rosout][INFO] 2017-07-07 10:46:12,427: Received the playground image. Detecting zones...
[rosout][INFO] 2017-07-07 10:46:12,454: Publishing the detected zones on /zones
[rosout][INFO] 2017-07-07 10:46:12,942: Received the playground image. Detecting zones...
[rosout][INFO] 2017-07-07 10:46:12,972: Publishing the detected zones on /zones
[rosout][INFO] 2017-07-07 10:46:13,680: Received the playground image. Detecting zones...
[rosout][INFO] 2017-07-07 10:46:13,707: Publishing the detected zones on /zones
[rosout][INFO] 2017-07-07 10:46:14,681: Received the playground image. Detecting zones...
[rosout][INFO] 2017-07-07 10:46:14,700: Publishing the detected zones on /zones
[rosout][INFO] 2017-07-07 10:46:15,949: Received the playground image. Detecting zones...
[rosout][INFO] 2017-07-07 10:46:15,971: Publishing the detected zones on /zones
[rosout][INFO] 2017-07-07 10:46:17,612: Received the playground image. Detecting zones...
[rosout][INFO] 2017-07-07 10:46:17,645: Publishing the detected zones on /zones
[rosout][INFO] 2017-07-07 10:46:18,107: Received the playground image. Detecting zones...
[rosout][INFO] 2017-07-07 10:46:18,136: Publishing the detected zones on /zones
[rosout][INFO] 2017-07-07 10:46:18,569: Received the playground image. Detecting zones...
[rosout][INFO] 2017-07-07 10:46:18,590: Publishing the detected zones on /zones
[rosout][INFO] 2017-07-07 10:46:21,001: Received the playground image. Detecting zones...
[rosout][INFO] 2017-07-07 10:46:21,020: Publishing the detected zones on /zones
[rosout][INFO] 2017-07-07 10:46:22,181: Received the playground image. Detecting zones...
[rosout][INFO] 2017-07-07 10:46:22,196: Publishing the detected zones on /zones
[rosout][INFO] 2017-07-07 10:46:28,369: Received the playground image. Detecting zones...
[rosout][INFO] 2017-07-07 10:46:28,405: Publishing the detected zones on /zones
[rosout][INFO] 2017-07-07 10:46:28,928: Received the playground image. Detecting zones...
[rosout][INFO] 2017-07-07 10:46:28,949: Publishing the detected zones on /zones
[rosout][INFO] 2017-07-07 10:46:33,647: Received the playground image. Detecting zones...
[rosout][INFO] 2017-07-07 10:46:33,698: Publishing the detected zones on /zones
[rosout][INFO] 2017-07-07 10:46:40,585: Received the playground image. Detecting zones...
[rosout][INFO] 2017-07-07 10:46:40,612: Publishing the detected zones on /zones
[rosout][INFO] 2017-07-07 10:46:41,584: Received the playground image. Detecting zones...
[rosout][INFO] 2017-07-07 10:46:41,606: Publishing the detected zones on /zones
[rosout][INFO] 2017-07-07 10:46:42,176: Received the playground image. Detecting zones...
[rosout][INFO] 2017-07-07 10:46:42,208: Publishing the detected zones on /zones
[rosout][INFO] 2017-07-07 10:46:42,650: Received the playground image. Detecting zones...
[rosout][INFO] 2017-07-07 10:46:42,685: Publishing the detected zones on /zones
[rosout][INFO] 2017-07-07 10:46:42,973: Received the playground image. Detecting zones...
[rosout][INFO] 2017-07-07 10:46:42,997: Publishing the detected zones on /zones
[rosout][INFO] 2017-07-07 10:46:43,626: Received the playground image. Detecting zones...
[rosout][INFO] 2017-07-07 10:46:43,649: Publishing the detected zones on /zones
[rosout][INFO] 2017-07-07 10:46:43,872: Received the playground image. Detecting zones...
[rosout][INFO] 2017-07-07 10:46:43,890: Publishing the detected zones on /zones
[rosout][INFO] 2017-07-07 10:46:44,114: Received the playground image. Detecting zones...
[rosout][INFO] 2017-07-07 10:46:44,132: Publishing the detected zones on /zones
[rosout][INFO] 2017-07-07 10:46:45,863: Received the playground image. Detecting zones...
[rosout][INFO] 2017-07-07 10:46:45,883: Publishing the detected zones on /zones
[rosout][INFO] 2017-07-07 10:46:46,395: Received the playground image. Detecting zones...
[rosout][INFO] 2017-07-07 10:46:46,415: Publishing the detected zones on /zones
[rosout][INFO] 2017-07-07 10:46:46,881: Received the playground image. Detecting zones...
[rosout][INFO] 2017-07-07 10:46:46,914: Publishing the detected zones on /zones
[rosout][INFO] 2017-07-07 10:46:48,129: Received the playground image. Detecting zones...
[rosout][INFO] 2017-07-07 10:46:48,149: Publishing the detected zones on /zones
[rosout][INFO] 2017-07-07 10:46:48,399: Received the playground image. Detecting zones...
[rosout][INFO] 2017-07-07 10:46:48,419: Publishing the detected zones on /zones
[rosout][INFO] 2017-07-07 10:46:48,642: Received the playground image. Detecting zones...
[rosout][INFO] 2017-07-07 10:46:48,662: Publishing the detected zones on /zones
[rosout][INFO] 2017-07-07 10:46:48,949: Received the playground image. Detecting zones...
[rosout][INFO] 2017-07-07 10:46:48,966: Publishing the detected zones on /zones
[rosout][INFO] 2017-07-07 10:46:49,159: Received the playground image. Detecting zones...
[rosout][INFO] 2017-07-07 10:46:49,183: Publishing the detected zones on /zones
[rosout][INFO] 2017-07-07 10:46:49,411: Received the playground image. Detecting zones...
[rosout][INFO] 2017-07-07 10:46:49,441: Publishing the detected zones on /zones
[rosout][INFO] 2017-07-07 10:46:49,725: Received the playground image. Detecting zones...
[rosout][INFO] 2017-07-07 10:46:49,759: Publishing the detected zones on /zones
[rosout][INFO] 2017-07-07 10:46:50,172: Received the playground image. Detecting zones...
[rosout][INFO] 2017-07-07 10:46:50,192: Publishing the detected zones on /zones
[rosout][INFO] 2017-07-07 10:46:50,680: Received the playground image. Detecting zones...
[rosout][INFO] 2017-07-07 10:46:50,702: Publishing the detected zones on /zones
[rosout][INFO] 2017-07-07 10:46:51,460: Received the playground image. Detecting zones...
[rosout][INFO] 2017-07-07 10:46:51,478: Publishing the detected zones on /zones
[rosout][INFO] 2017-07-07 10:46:51,839: Received the playground image. Detecting zones...
[rosout][INFO] 2017-07-07 10:46:51,862: Publishing the detected zones on /zones
[rosout][INFO] 2017-07-07 10:46:52,344: Received the playground image. Detecting zones...
[rosout][INFO] 2017-07-07 10:46:52,374: Publishing the detected zones on /zones
[rosout][INFO] 2017-07-07 10:46:52,583: Received the playground image. Detecting zones...
[rosout][INFO] 2017-07-07 10:46:52,607: Publishing the detected zones on /zones
[rosout][INFO] 2017-07-07 10:46:53,618: Received the playground image. Detecting zones...
[rosout][INFO] 2017-07-07 10:46:53,642: Publishing the detected zones on /zones
[rosout][INFO] 2017-07-07 10:46:54,083: Received the playground image. Detecting zones...
[rosout][INFO] 2017-07-07 10:46:54,099: Publishing the detected zones on /zones
[rosout][INFO] 2017-07-07 10:46:55,829: Received the playground image. Detecting zones...
[rosout][INFO] 2017-07-07 10:46:55,845: Publishing the detected zones on /zones
[rosout][INFO] 2017-07-07 10:47:04,731: Received the playground image. Detecting zones...
[rosout][INFO] 2017-07-07 10:47:04,748: Publishing the detected zones on /zones
[rosout][INFO] 2017-07-07 10:47:04,962: Received the playground image. Detecting zones...
[rosout][INFO] 2017-07-07 10:47:04,995: Publishing the detected zones on /zones
[rosout][INFO] 2017-07-07 10:47:05,207: Received the playground image. Detecting zones...
[rosout][INFO] 2017-07-07 10:47:05,238: Publishing the detected zones on /zones
[rosout][INFO] 2017-07-07 10:47:05,624: Received the playground image. Detecting zones...
[rosout][INFO] 2017-07-07 10:47:05,649: Publishing the detected zones on /zones
[rosout][INFO] 2017-07-07 10:47:06,171: Received the playground image. Detecting zones...
[rosout][INFO] 2017-07-07 10:47:06,204: Publishing the detected zones on /zones
[rosout][INFO] 2017-07-07 10:47:06,721: Received the playground image. Detecting zones...
[rosout][INFO] 2017-07-07 10:47:06,748: Publishing the detected zones on /zones
[rosout][INFO] 2017-07-07 10:47:06,909: Received the playground image. Detecting zones...
[rosout][INFO] 2017-07-07 10:47:06,935: Publishing the detected zones on /zones
[rosout][INFO] 2017-07-07 10:47:07,145: Received the playground image. Detecting zones...
[rosout][INFO] 2017-07-07 10:47:07,173: Publishing the detected zones on /zones
[rosout][INFO] 2017-07-07 10:47:07,331: Received the playground image. Detecting zones...
[rosout][INFO] 2017-07-07 10:47:07,352: Publishing the detected zones on /zones
[rosout][INFO] 2017-07-07 10:47:09,853: Received the playground image. Detecting zones...
[rosout][INFO] 2017-07-07 10:47:09,870: Publishing the detected zones on /zones
[rosout][INFO] 2017-07-07 10:47:10,837: Received the playground image. Detecting zones...
[rosout][INFO] 2017-07-07 10:47:10,855: Publishing the detected zones on /zones
[rosout][INFO] 2017-07-07 10:47:11,320: Received the playground image. Detecting zones...
[rosout][INFO] 2017-07-07 10:47:11,338: Publishing the detected zones on /zones
[rosout][INFO] 2017-07-07 10:47:11,601: Received the playground image. Detecting zones...
[rosout][INFO] 2017-07-07 10:47:11,627: Publishing the detected zones on /zones
[rosout][INFO] 2017-07-07 10:47:26,843: Received the playground image. Detecting zones...
[rosout][INFO] 2017-07-07 10:47:26,864: Publishing the detected zones on /zones
[rosout][INFO] 2017-07-07 10:47:27,842: Received the playground image. Detecting zones...
[rosout][INFO] 2017-07-07 10:47:27,864: Publishing the detected zones on /zones
[rosout][INFO] 2017-07-07 10:47:28,121: Received the playground image. Detecting zones...
[rosout][INFO] 2017-07-07 10:47:28,148: Publishing the detected zones on /zones
[rosout][INFO] 2017-07-07 10:47:28,382: Received the playground image. Detecting zones...
[rosout][INFO] 2017-07-07 10:47:28,409: Publishing the detected zones on /zones
[rosout][INFO] 2017-07-07 10:47:28,602: Received the playground image. Detecting zones...
[rosout][INFO] 2017-07-07 10:47:28,638: Publishing the detected zones on /zones
[rosout][INFO] 2017-07-07 10:47:28,817: Received the playground image. Detecting zones...
[rosout][INFO] 2017-07-07 10:47:28,859: Publishing the detected zones on /zones
[rosout][INFO] 2017-07-07 10:47:29,120: Received the playground image. Detecting zones...
[rosout][INFO] 2017-07-07 10:47:29,141: Publishing the detected zones on /zones
[rosout][INFO] 2017-07-07 10:47:29,375: Received the playground image. Detecting zones...
[rosout][INFO] 2017-07-07 10:47:29,406: Publishing the detected zones on /zones
[rosout][INFO] 2017-07-07 10:47:30,601: Received the playground image. Detecting zones...
[rosout][INFO] 2017-07-07 10:47:30,633: Publishing the detected zones on /zones
[rosout][INFO] 2017-07-07 10:47:30,856: Received the playground image. Detecting zones...
[rosout][INFO] 2017-07-07 10:47:30,872: Publishing the detected zones on /zones
[rosout][INFO] 2017-07-07 10:47:31,079: Received the playground image. Detecting zones...
[rosout][INFO] 2017-07-07 10:47:31,100: Publishing the detected zones on /zones
[rosout][INFO] 2017-07-07 10:47:32,073: Received the playground image. Detecting zones...
[rosout][INFO] 2017-07-07 10:47:32,095: Publishing the detected zones on /zones
[rosout][INFO] 2017-07-07 10:47:32,333: Received the playground image. Detecting zones...
[rosout][INFO] 2017-07-07 10:47:32,352: Publishing the detected zones on /zones
[rosout][INFO] 2017-07-07 10:47:33,087: Received the playground image. Detecting zones...
[rosout][INFO] 2017-07-07 10:47:33,109: Publishing the detected zones on /zones
[rosout][INFO] 2017-07-07 10:47:34,101: Received the playground image. Detecting zones...
[rosout][INFO] 2017-07-07 10:47:34,124: Publishing the detected zones on /zones
[rosout][INFO] 2017-07-07 10:47:34,339: Received the playground image. Detecting zones...
[rosout][INFO] 2017-07-07 10:47:34,360: Publishing the detected zones on /zones
[rosout][INFO] 2017-07-07 10:47:35,109: Received the playground image. Detecting zones...
[rosout][INFO] 2017-07-07 10:47:35,138: Publishing the detected zones on /zones
[rosout][INFO] 2017-07-07 10:47:35,331: Received the playground image. Detecting zones...
[rosout][INFO] 2017-07-07 10:47:35,353: Publishing the detected zones on /zones
[rosout][INFO] 2017-07-07 10:47:37,076: Received the playground image. Detecting zones...
[rosout][INFO] 2017-07-07 10:47:37,096: Publishing the detected zones on /zones
[rosout][INFO] 2017-07-07 10:47:37,587: Received the playground image. Detecting zones...
[rosout][INFO] 2017-07-07 10:47:37,607: Publishing the detected zones on /zones
[rosout][INFO] 2017-07-07 10:47:39,104: Received the playground image. Detecting zones...
[rosout][INFO] 2017-07-07 10:47:39,129: Publishing the detected zones on /zones
[rosout][INFO] 2017-07-07 10:47:41,085: Received the playground image. Detecting zones...
[rosout][INFO] 2017-07-07 10:47:41,102: Publishing the detected zones on /zones
[rosout][INFO] 2017-07-07 10:47:43,382: Received the playground image. Detecting zones...
[rosout][INFO] 2017-07-07 10:47:43,409: Publishing the detected zones on /zones
[rosout][INFO] 2017-07-07 10:47:44,598: Received the playground image. Detecting zones...
[rosout][INFO] 2017-07-07 10:47:44,623: Publishing the detected zones on /zones
[rosout][INFO] 2017-07-07 10:47:46,587: Received the playground image. Detecting zones...
[rosout][INFO] 2017-07-07 10:47:46,617: Publishing the detected zones on /zones
[rosout][INFO] 2017-07-07 10:47:48,083: Received the playground image. Detecting zones...
[rosout][INFO] 2017-07-07 10:47:48,106: Publishing the detected zones on /zones
[rosout][INFO] 2017-07-07 10:47:53,600: Received the playground image. Detecting zones...
[rosout][INFO] 2017-07-07 10:47:53,626: Publishing the detected zones on /zones
[rosout][INFO] 2017-07-07 10:47:53,851: Received the playground image. Detecting zones...
[rosout][INFO] 2017-07-07 10:47:53,888: Publishing the detected zones on /zones
[rosout][INFO] 2017-07-07 10:47:54,077: Received the playground image. Detecting zones...
[rosout][INFO] 2017-07-07 10:47:54,093: Publishing the detected zones on /zones
[rosout][INFO] 2017-07-07 10:47:55,820: Received the playground image. Detecting zones...
[rosout][INFO] 2017-07-07 10:47:55,839: Publishing the detected zones on /zones
[rosout][INFO] 2017-07-07 10:48:00,375: Received the playground image. Detecting zones...
[rosout][INFO] 2017-07-07 10:48:00,403: Publishing the detected zones on /zones
[rosout][INFO] 2017-07-07 10:48:00,617: Received the playground image. Detecting zones...
[rosout][INFO] 2017-07-07 10:48:00,645: Publishing the detected zones on /zones
[rosout][INFO] 2017-07-07 10:48:00,843: Received the playground image. Detecting zones...
[rosout][INFO] 2017-07-07 10:48:00,863: Publishing the detected zones on /zones
[rosout][INFO] 2017-07-07 10:48:01,102: Received the playground image. Detecting zones...
[rosout][INFO] 2017-07-07 10:48:01,127: Publishing the detected zones on /zones
[rosout][INFO] 2017-07-07 10:48:01,330: Received the playground image. Detecting zones...
[rosout][INFO] 2017-07-07 10:48:01,373: Publishing the detected zones on /zones
[rosout][INFO] 2017-07-07 10:48:01,591: Received the playground image. Detecting zones...
[rosout][INFO] 2017-07-07 10:48:01,616: Publishing the detected zones on /zones
[rosout][INFO] 2017-07-07 10:48:02,617: Received the playground image. Detecting zones...
[rosout][INFO] 2017-07-07 10:48:02,643: Publishing the detected zones on /zones
[rosout][INFO] 2017-07-07 10:48:03,589: Received the playground image. Detecting zones...
[rosout][INFO] 2017-07-07 10:48:03,618: Publishing the detected zones on /zones
[rosout][INFO] 2017-07-07 10:48:04,107: Received the playground image. Detecting zones...
[rosout][INFO] 2017-07-07 10:48:04,124: Publishing the detected zones on /zones
[rosout][INFO] 2017-07-07 10:48:04,355: Received the playground image. Detecting zones...
[rosout][INFO] 2017-07-07 10:48:04,373: Publishing the detected zones on /zones
[rosout][INFO] 2017-07-07 10:48:04,618: Received the playground image. Detecting zones...
[rosout][INFO] 2017-07-07 10:48:04,638: Publishing the detected zones on /zones
[rosout][INFO] 2017-07-07 10:48:05,096: Received the playground image. Detecting zones...
[rosout][INFO] 2017-07-07 10:48:05,116: Publishing the detected zones on /zones
[rosout][INFO] 2017-07-07 10:48:08,874: Received the playground image. Detecting zones...
[rosout][INFO] 2017-07-07 10:48:08,895: Publishing the detected zones on /zones
[rosout][INFO] 2017-07-07 10:48:09,125: Received the playground image. Detecting zones...
[rosout][INFO] 2017-07-07 10:48:09,144: Publishing the detected zones on /zones
[rosout][INFO] 2017-07-07 10:48:09,396: Received the playground image. Detecting zones...
[rosout][INFO] 2017-07-07 10:48:09,438: Publishing the detected zones on /zones
[rosout][INFO] 2017-07-07 10:48:09,617: Received the playground image. Detecting zones...
[rosout][INFO] 2017-07-07 10:48:09,639: Publishing the detected zones on /zones
[rosout][INFO] 2017-07-07 10:48:10,147: Received the playground image. Detecting zones...
[rosout][INFO] 2017-07-07 10:48:10,171: Publishing the detected zones on /zones
[rosout][INFO] 2017-07-07 10:48:10,483: Received the playground image. Detecting zones...
[rosout][INFO] 2017-07-07 10:48:10,512: Publishing the detected zones on /zones
[rosout][INFO] 2017-07-07 10:48:10,707: Received the playground image. Detecting zones...
[rosout][INFO] 2017-07-07 10:48:10,728: Publishing the detected zones on /zones
[rosout][INFO] 2017-07-07 10:48:10,858: Received the playground image. Detecting zones...
[rosout][INFO] 2017-07-07 10:48:10,876: Publishing the detected zones on /zones
[rosout][INFO] 2017-07-07 10:48:11,218: Received the playground image. Detecting zones...
[rosout][INFO] 2017-07-07 10:48:11,239: Publishing the detected zones on /zones
[rosout][INFO] 2017-07-07 10:48:11,458: Received the playground image. Detecting zones...
[rosout][INFO] 2017-07-07 10:48:11,482: Publishing the detected zones on /zones
[rosout][INFO] 2017-07-07 10:48:11,612: Received the playground image. Detecting zones...
[rosout][INFO] 2017-07-07 10:48:11,650: Publishing the detected zones on /zones
[rosout][INFO] 2017-07-07 10:48:11,771: Received the playground image. Detecting zones...
[rosout][INFO] 2017-07-07 10:48:11,804: Publishing the detected zones on /zones
[rosout][INFO] 2017-07-07 10:48:12,127: Received the playground image. Detecting zones...
[rosout][INFO] 2017-07-07 10:48:12,149: Publishing the detected zones on /zones
[rosout][INFO] 2017-07-07 10:48:13,039: Received the playground image. Detecting zones...
[rosout][INFO] 2017-07-07 10:48:13,058: Publishing the detected zones on /zones
[rosout][INFO] 2017-07-07 10:48:13,196: Received the playground image. Detecting zones...
[rosout][INFO] 2017-07-07 10:48:13,215: Publishing the detected zones on /zones
[rosout][INFO] 2017-07-07 10:48:13,674: Received the playground image. Detecting zones...
[rosout][INFO] 2017-07-07 10:48:13,711: Publishing the detected zones on /zones
[rosout][INFO] 2017-07-07 10:48:13,886: Received the playground image. Detecting zones...
[rosout][INFO] 2017-07-07 10:48:13,913: Publishing the detected zones on /zones
[rosout][INFO] 2017-07-07 10:48:14,164: Received the playground image. Detecting zones...
[rosout][INFO] 2017-07-07 10:48:14,187: Publishing the detected zones on /zones
[rosout][INFO] 2017-07-07 10:48:14,458: Received the playground image. Detecting zones...
[rosout][INFO] 2017-07-07 10:48:14,498: Publishing the detected zones on /zones
[rosout][INFO] 2017-07-07 10:48:14,676: Received the playground image. Detecting zones...
[rosout][INFO] 2017-07-07 10:48:14,711: Publishing the detected zones on /zones
[rosout][INFO] 2017-07-07 10:48:14,933: Received the playground image. Detecting zones...
[rosout][INFO] 2017-07-07 10:48:14,959: Publishing the detected zones on /zones
[rosout][INFO] 2017-07-07 10:48:15,144: Received the playground image. Detecting zones...
[rosout][INFO] 2017-07-07 10:48:15,190: Publishing the detected zones on /zones
[rosout][INFO] 2017-07-07 10:48:15,414: Received the playground image. Detecting zones...
[rosout][INFO] 2017-07-07 10:48:15,456: Publishing the detected zones on /zones
[rosout][INFO] 2017-07-07 10:48:15,813: Received the playground image. Detecting zones...
[rosout][INFO] 2017-07-07 10:48:15,841: Publishing the detected zones on /zones
[rosout][INFO] 2017-07-07 10:48:16,059: Received the playground image. Detecting zones...
[rosout][INFO] 2017-07-07 10:48:16,086: Publishing the detected zones on /zones
[rosout][INFO] 2017-07-07 10:48:16,226: Received the playground image. Detecting zones...
[rosout][INFO] 2017-07-07 10:48:16,246: Publishing the detected zones on /zones
[rosout][INFO] 2017-07-07 10:48:16,566: Received the playground image. Detecting zones...
[rosout][INFO] 2017-07-07 10:48:16,593: Publishing the detected zones on /zones
[rospy.internal][INFO] 2017-07-07 10:48:16,728: topic[/zones] adding connection to [/sandbox_play], count 1
[rosout][INFO] 2017-07-07 10:48:16,817: Received the playground image. Detecting zones...
[rosout][INFO] 2017-07-07 10:48:16,842: Publishing the detected zones on /zones
[rosout][INFO] 2017-07-07 10:48:17,110: Received the playground image. Detecting zones...
[rosout][INFO] 2017-07-07 10:48:17,131: Publishing the detected zones on /zones
[rosout][INFO] 2017-07-07 10:48:17,281: Received the playground image. Detecting zones...
[rosout][INFO] 2017-07-07 10:48:17,300: Publishing the detected zones on /zones
[rosout][INFO] 2017-07-07 10:48:17,533: Received the playground image. Detecting zones...
[rosout][INFO] 2017-07-07 10:48:17,563: Publishing the detected zones on /zones
[rosout][INFO] 2017-07-07 10:48:17,714: Received the playground image. Detecting zones...
[rosout][INFO] 2017-07-07 10:48:17,732: Publishing the detected zones on /zones
[rosout][INFO] 2017-07-07 10:48:17,999: Received the playground image. Detecting zones...
[rosout][INFO] 2017-07-07 10:48:18,019: Publishing the detected zones on /zones
[rosout][INFO] 2017-07-07 10:48:18,347: Received the playground image. Detecting zones...
[rosout][INFO] 2017-07-07 10:48:18,371: Publishing the detected zones on /zones
[rosout][INFO] 2017-07-07 10:48:18,494: Received the playground image. Detecting zones...
[rosout][INFO] 2017-07-07 10:48:18,526: Publishing the detected zones on /zones
[rosout][INFO] 2017-07-07 10:48:18,700: Received the playground image. Detecting zones...
[rosout][INFO] 2017-07-07 10:48:18,726: Publishing the detected zones on /zones
[rosout][INFO] 2017-07-07 10:48:18,868: Received the playground image. Detecting zones...
[rosout][INFO] 2017-07-07 10:48:18,892: Publishing the detected zones on /zones
[rosout][INFO] 2017-07-07 10:48:19,911: Received the playground image. Detecting zones...
[rosout][INFO] 2017-07-07 10:48:19,935: Publishing the detected zones on /zones
[rosout][INFO] 2017-07-07 10:48:20,856: Received the playground image. Detecting zones...
[rosout][INFO] 2017-07-07 10:48:20,889: Publishing the detected zones on /zones
[rosout][INFO] 2017-07-07 10:48:22,146: Received the playground image. Detecting zones...
[rosout][INFO] 2017-07-07 10:48:22,176: Publishing the detected zones on /zones
[rosout][INFO] 2017-07-07 10:48:22,450: Received the playground image. Detecting zones...
[rosout][INFO] 2017-07-07 10:48:22,493: Publishing the detected zones on /zones
[rosout][INFO] 2017-07-07 10:48:22,652: Received the playground image. Detecting zones...
[rosout][INFO] 2017-07-07 10:48:22,698: Publishing the detected zones on /zones
[rosout][INFO] 2017-07-07 10:48:23,149: Received the playground image. Detecting zones...
[rosout][INFO] 2017-07-07 10:48:23,197: Publishing the detected zones on /zones
[rosout][INFO] 2017-07-07 10:48:23,424: Received the playground image. Detecting zones...
[rosout][INFO] 2017-07-07 10:48:23,470: Publishing the detected zones on /zones
[rosout][INFO] 2017-07-07 10:48:23,763: Received the playground image. Detecting zones...
[rosout][INFO] 2017-07-07 10:48:23,792: Publishing the detected zones on /zones
[rosout][INFO] 2017-07-07 10:48:23,907: Received the playground image. Detecting zones...
[rosout][INFO] 2017-07-07 10:48:23,927: Publishing the detected zones on /zones
[rosout][INFO] 2017-07-07 10:48:24,150: Received the playground image. Detecting zones...
[rosout][INFO] 2017-07-07 10:48:24,184: Publishing the detected zones on /zones
[rosout][INFO] 2017-07-07 10:48:24,414: Received the playground image. Detecting zones...
[rosout][INFO] 2017-07-07 10:48:24,442: Publishing the detected zones on /zones
[rosout][INFO] 2017-07-07 10:48:24,626: Received the playground image. Detecting zones...
[rosout][INFO] 2017-07-07 10:48:24,660: Publishing the detected zones on /zones
[rosout][INFO] 2017-07-07 10:48:24,905: Received the playground image. Detecting zones...
[rosout][INFO] 2017-07-07 10:48:24,932: Publishing the detected zones on /zones
[rosout][INFO] 2017-07-07 10:48:25,232: Received the playground image. Detecting zones...
[rosout][INFO] 2017-07-07 10:48:25,254: Publishing the detected zones on /zones
[rosout][INFO] 2017-07-07 10:48:25,441: Received the playground image. Detecting zones...
[rosout][INFO] 2017-07-07 10:48:25,470: Publishing the detected zones on /zones
[rosout][INFO] 2017-07-07 10:48:25,755: Received the playground image. Detecting zones...
[rosout][INFO] 2017-07-07 10:48:25,784: Publishing the detected zones on /zones
[rosout][INFO] 2017-07-07 10:48:25,936: Received the playground image. Detecting zones...
[rosout][INFO] 2017-07-07 10:48:25,963: Publishing the detected zones on /zones
[rosout][INFO] 2017-07-07 10:48:26,195: Received the playground image. Detecting zones...
[rosout][INFO] 2017-07-07 10:48:26,230: Publishing the detected zones on /zones
[rosout][INFO] 2017-07-07 10:48:26,346: Received the playground image. Detecting zones...
[rosout][INFO] 2017-07-07 10:48:26,361: Publishing the detected zones on /zones
[rosout][INFO] 2017-07-07 10:48:27,681: Received the playground image. Detecting zones...
[rosout][INFO] 2017-07-07 10:48:27,703: Publishing the detected zones on /zones
[rosout][INFO] 2017-07-07 10:48:27,893: Received the playground image. Detecting zones...
[rosout][INFO] 2017-07-07 10:48:27,913: Publishing the detected zones on /zones
[rosout][INFO] 2017-07-07 10:48:28,281: Received the playground image. Detecting zones...
[rosout][INFO] 2017-07-07 10:48:28,305: Publishing the detected zones on /zones
[rosout][INFO] 2017-07-07 10:48:28,588: Received the playground image. Detecting zones...
[rosout][INFO] 2017-07-07 10:48:28,629: Publishing the detected zones on /zones
[rosout][INFO] 2017-07-07 10:48:28,760: Received the playground image. Detecting zones...
[rosout][INFO] 2017-07-07 10:48:28,801: Publishing the detected zones on /zones
[rosout][INFO] 2017-07-07 10:48:28,993: Received the playground image. Detecting zones...
[rosout][INFO] 2017-07-07 10:48:29,016: Publishing the detected zones on /zones
[rosout][INFO] 2017-07-07 10:48:29,173: Received the playground image. Detecting zones...
[rosout][INFO] 2017-07-07 10:48:29,217: Publishing the detected zones on /zones
[rosout][INFO] 2017-07-07 10:48:29,447: Received the playground image. Detecting zones...
[rosout][INFO] 2017-07-07 10:48:29,479: Publishing the detected zones on /zones
[rosout][INFO] 2017-07-07 10:48:29,638: Received the playground image. Detecting zones...
[rosout][INFO] 2017-07-07 10:48:29,656: Publishing the detected zones on /zones
[rosout][INFO] 2017-07-07 10:48:30,120: Received the playground image. Detecting zones...
[rosout][INFO] 2017-07-07 10:48:30,139: Publishing the detected zones on /zones
[rosout][INFO] 2017-07-07 10:48:30,381: Received the playground image. Detecting zones...
[rosout][INFO] 2017-07-07 10:48:30,401: Publishing the detected zones on /zones
[rosout][INFO] 2017-07-07 10:48:30,634: Received the playground image. Detecting zones...
[rosout][INFO] 2017-07-07 10:48:30,664: Publishing the detected zones on /zones
[rosout][INFO] 2017-07-07 10:48:30,859: Received the playground image. Detecting zones...
[rosout][INFO] 2017-07-07 10:48:30,877: Publishing the detected zones on /zones
[rosout][INFO] 2017-07-07 10:48:31,148: Received the playground image. Detecting zones...
[rosout][INFO] 2017-07-07 10:48:31,170: Publishing the detected zones on /zones
[rosout][INFO] 2017-07-07 10:48:31,337: Received the playground image. Detecting zones...
[rosout][INFO] 2017-07-07 10:48:31,356: Publishing the detected zones on /zones
[rosout][INFO] 2017-07-07 10:48:31,596: Received the playground image. Detecting zones...
[rosout][INFO] 2017-07-07 10:48:31,622: Publishing the detected zones on /zones
[rosout][INFO] 2017-07-07 10:48:31,831: Received the playground image. Detecting zones...
[rosout][INFO] 2017-07-07 10:48:31,853: Publishing the detected zones on /zones
[rosout][INFO] 2017-07-07 10:48:32,086: Received the playground image. Detecting zones...
[rosout][INFO] 2017-07-07 10:48:32,102: Publishing the detected zones on /zones
[rosout][INFO] 2017-07-07 10:48:32,848: Received the playground image. Detecting zones...
[rosout][INFO] 2017-07-07 10:48:32,874: Publishing the detected zones on /zones
[rosout][INFO] 2017-07-07 10:48:33,089: Received the playground image. Detecting zones...
[rosout][INFO] 2017-07-07 10:48:33,106: Publishing the detected zones on /zones
[rosout][INFO] 2017-07-07 10:48:33,608: Received the playground image. Detecting zones...
[rosout][INFO] 2017-07-07 10:48:33,631: Publishing the detected zones on /zones
[rosout][INFO] 2017-07-07 10:48:33,837: Received the playground image. Detecting zones...
[rosout][INFO] 2017-07-07 10:48:33,854: Publishing the detected zones on /zones
[rosout][INFO] 2017-07-07 10:48:35,091: Received the playground image. Detecting zones...
[rosout][INFO] 2017-07-07 10:48:35,109: Publishing the detected zones on /zones
[rosout][INFO] 2017-07-07 10:48:35,589: Received the playground image. Detecting zones...
[rosout][INFO] 2017-07-07 10:48:35,613: Publishing the detected zones on /zones
[rosout][INFO] 2017-07-07 10:48:36,336: Received the playground image. Detecting zones...
[rosout][INFO] 2017-07-07 10:48:36,359: Publishing the detected zones on /zones
[rosout][INFO] 2017-07-07 10:48:36,591: Received the playground image. Detecting zones...
[rosout][INFO] 2017-07-07 10:48:36,612: Publishing the detected zones on /zones
[rosout][INFO] 2017-07-07 10:48:37,839: Received the playground image. Detecting zones...
[rosout][INFO] 2017-07-07 10:48:37,858: Publishing the detected zones on /zones
[rosout][INFO] 2017-07-07 10:48:38,346: Received the playground image. Detecting zones...
[rosout][INFO] 2017-07-07 10:48:38,371: Publishing the detected zones on /zones
[rosout][INFO] 2017-07-07 10:48:39,596: Received the playground image. Detecting zones...
[rosout][INFO] 2017-07-07 10:48:39,616: Publishing the detected zones on /zones
[rosout][INFO] 2017-07-07 10:48:41,096: Received the playground image. Detecting zones...
[rosout][INFO] 2017-07-07 10:48:41,113: Publishing the detected zones on /zones
[rosout][INFO] 2017-07-07 10:48:41,337: Received the playground image. Detecting zones...
[rosout][INFO] 2017-07-07 10:48:41,354: Publishing the detected zones on /zones
[rosout][INFO] 2017-07-07 10:48:42,344: Received the playground image. Detecting zones...
[rosout][INFO] 2017-07-07 10:48:42,364: Publishing the detected zones on /zones
[rosout][INFO] 2017-07-07 10:48:44,848: Received the playground image. Detecting zones...
[rosout][INFO] 2017-07-07 10:48:44,873: Publishing the detected zones on /zones
[rosout][INFO] 2017-07-07 10:48:45,088: Received the playground image. Detecting zones...
[rosout][INFO] 2017-07-07 10:48:45,104: Publishing the detected zones on /zones
[rosout][INFO] 2017-07-07 10:48:45,734: Received the playground image. Detecting zones...
[rosout][INFO] 2017-07-07 10:48:45,764: Publishing the detected zones on /zones
[rosout][INFO] 2017-07-07 10:48:45,929: Received the playground image. Detecting zones...
[rosout][INFO] 2017-07-07 10:48:45,947: Publishing the detected zones on /zones
[rosout][INFO] 2017-07-07 10:48:46,882: Received the playground image. Detecting zones...
[rosout][INFO] 2017-07-07 10:48:46,897: Publishing the detected zones on /zones
[rosout][INFO] 2017-07-07 10:48:47,904: Received the playground image. Detecting zones...
[rosout][INFO] 2017-07-07 10:48:47,930: Publishing the detected zones on /zones
[rosout][INFO] 2017-07-07 10:48:48,109: Received the playground image. Detecting zones...
[rosout][INFO] 2017-07-07 10:48:48,134: Publishing the detected zones on /zones
[rosout][INFO] 2017-07-07 10:48:48,591: Received the playground image. Detecting zones...
[rosout][INFO] 2017-07-07 10:48:48,623: Publishing the detected zones on /zones
[rosout][INFO] 2017-07-07 10:48:54,346: Received the playground image. Detecting zones...
[rosout][INFO] 2017-07-07 10:48:54,375: Publishing the detected zones on /zones
[rosout][INFO] 2017-07-07 10:48:59,136: Received the playground image. Detecting zones...
[rosout][INFO] 2017-07-07 10:48:59,162: Publishing the detected zones on /zones
[rosout][INFO] 2017-07-07 10:48:59,407: Received the playground image. Detecting zones...
[rosout][INFO] 2017-07-07 10:48:59,438: Publishing the detected zones on /zones
[rosout][INFO] 2017-07-07 10:49:00,174: Received the playground image. Detecting zones...
[rosout][INFO] 2017-07-07 10:49:00,222: Publishing the detected zones on /zones
[rosout][INFO] 2017-07-07 10:49:00,428: Received the playground image. Detecting zones...
[rosout][INFO] 2017-07-07 10:49:00,465: Publishing the detected zones on /zones
[rosout][INFO] 2017-07-07 10:49:00,984: Received the playground image. Detecting zones...
[rosout][INFO] 2017-07-07 10:49:01,009: Publishing the detected zones on /zones
[rosout][INFO] 2017-07-07 10:49:01,192: Received the playground image. Detecting zones...
[rosout][INFO] 2017-07-07 10:49:01,229: Publishing the detected zones on /zones
[rosout][INFO] 2017-07-07 10:49:01,327: Received the playground image. Detecting zones...
[rosout][INFO] 2017-07-07 10:49:01,356: Publishing the detected zones on /zones
[rosout][INFO] 2017-07-07 10:49:10,130: Received the playground image. Detecting zones...
[rosout][INFO] 2017-07-07 10:49:10,152: Publishing the detected zones on /zones
[rosout][INFO] 2017-07-07 10:49:10,617: Received the playground image. Detecting zones...
[rosout][INFO] 2017-07-07 10:49:10,639: Publishing the detected zones on /zones
[rosout][INFO] 2017-07-07 10:49:10,887: Received the playground image. Detecting zones...
[rosout][INFO] 2017-07-07 10:49:10,917: Publishing the detected zones on /zones
[rosout][INFO] 2017-07-07 10:49:11,089: Received the playground image. Detecting zones...
[rosout][INFO] 2017-07-07 10:49:11,111: Publishing the detected zones on /zones
[rosout][INFO] 2017-07-07 10:49:11,394: Received the playground image. Detecting zones...
[rosout][INFO] 2017-07-07 10:49:11,431: Publishing the detected zones on /zones
[rosout][INFO] 2017-07-07 10:49:11,663: Received the playground image. Detecting zones...
[rosout][INFO] 2017-07-07 10:49:11,707: Publishing the detected zones on /zones
[rosout][INFO] 2017-07-07 10:49:11,902: Received the playground image. Detecting zones...
[rosout][INFO] 2017-07-07 10:49:11,925: Publishing the detected zones on /zones
[rosout][INFO] 2017-07-07 10:49:12,115: Received the playground image. Detecting zones...
[rosout][INFO] 2017-07-07 10:49:12,144: Publishing the detected zones on /zones
[rosout][INFO] 2017-07-07 10:49:12,418: Received the playground image. Detecting zones...
[rosout][INFO] 2017-07-07 10:49:12,453: Publishing the detected zones on /zones
[rosout][INFO] 2017-07-07 10:49:12,578: Received the playground image. Detecting zones...
[rosout][INFO] 2017-07-07 10:49:12,603: Publishing the detected zones on /zones
[rosout][INFO] 2017-07-07 10:49:14,608: Received the playground image. Detecting zones...
[rosout][INFO] 2017-07-07 10:49:14,633: Publishing the detected zones on /zones
[rosout][INFO] 2017-07-07 10:49:14,833: Received the playground image. Detecting zones...
[rosout][INFO] 2017-07-07 10:49:14,873: Publishing the detected zones on /zones
[rosout][INFO] 2017-07-07 10:49:15,090: Received the playground image. Detecting zones...
[rosout][INFO] 2017-07-07 10:49:15,114: Publishing the detected zones on /zones
[rosout][INFO] 2017-07-07 10:49:15,359: Received the playground image. Detecting zones...
[rosout][INFO] 2017-07-07 10:49:15,390: Publishing the detected zones on /zones
[rosout][INFO] 2017-07-07 10:49:15,591: Received the playground image. Detecting zones...
[rosout][INFO] 2017-07-07 10:49:15,609: Publishing the detected zones on /zones
[rosout][INFO] 2017-07-07 10:49:30,339: Received the playground image. Detecting zones...
[rosout][INFO] 2017-07-07 10:49:30,359: Publishing the detected zones on /zones
[rospy.internal][INFO] 2017-07-07 10:49:33,666: topic[/zones] adding connection to [/sandbox_play], count 2
[rospy.internal][INFO] 2017-07-07 10:49:33,666: topic[/zones] removing connection to /sandbox_play
[rospy.internal][INFO] 2017-07-07 10:49:33,871: topic[/zones] removing connection to /sandbox_play
[rospy.internal][INFO] 2017-07-07 10:49:34,161: topic[/zones] adding connection to [/sandbox_play], count 1
[rosout][INFO] 2017-07-07 10:49:36,825: Received the playground image. Detecting zones...
[rosout][INFO] 2017-07-07 10:49:36,843: Publishing the detected zones on /zones
[rospy.internal][INFO] 2017-07-07 10:49:39,824: topic[/zones] adding connection to [/sandbox_play], count 2
[rospy.internal][INFO] 2017-07-07 10:49:39,825: topic[/zones] removing connection to /sandbox_play
[rospy.internal][INFO] 2017-07-07 10:49:39,875: topic[/zones] removing connection to /sandbox_play
[rosout][INFO] 2017-07-07 10:49:40,336: Received the playground image. Detecting zones...
[rosout][INFO] 2017-07-07 10:49:40,356: Publishing the detected zones on /zones
[rospy.internal][INFO] 2017-07-07 10:50:02,490: topic[/zones] adding connection to [/sandbox_play], count 1
[rosout][INFO] 2017-07-07 10:50:03,086: Received the playground image. Detecting zones...
[rosout][INFO] 2017-07-07 10:50:03,102: Publishing the detected zones on /zones
[rosout][INFO] 2017-07-07 10:50:07,094: Received the playground image. Detecting zones...
[rosout][INFO] 2017-07-07 10:50:07,111: Publishing the detected zones on /zones
[rosout][INFO] 2017-07-07 10:50:10,364: Received the playground image. Detecting zones...
[rosout][INFO] 2017-07-07 10:50:10,386: Publishing the detected zones on /zones
[rosout][INFO] 2017-07-07 10:50:13,335: Received the playground image. Detecting zones...
[rosout][INFO] 2017-07-07 10:50:13,366: Publishing the detected zones on /zones
[rosout][INFO] 2017-07-07 10:50:21,337: Received the playground image. Detecting zones...
[rosout][INFO] 2017-07-07 10:50:21,367: Publishing the detected zones on /zones
[rosout][INFO] 2017-07-07 10:50:22,105: Received the playground image. Detecting zones...
[rosout][INFO] 2017-07-07 10:50:22,134: Publishing the detected zones on /zones
[rosout][INFO] 2017-07-07 10:50:23,606: Received the playground image. Detecting zones...
[rosout][INFO] 2017-07-07 10:50:23,633: Publishing the detected zones on /zones
[rospy.internal][INFO] 2017-07-07 10:50:26,860: topic[/zones] adding connection to [/sandbox_play], count 2
[rospy.internal][INFO] 2017-07-07 10:50:26,861: topic[/zones] removing connection to /sandbox_play
[rospy.internal][INFO] 2017-07-07 10:50:26,899: topic[/zones] removing connection to /sandbox_play
[rosout][INFO] 2017-07-07 10:50:29,346: Received the playground image. Detecting zones...
[rosout][INFO] 2017-07-07 10:50:29,365: Publishing the detected zones on /zones
[rosout][INFO] 2017-07-07 10:50:31,124: Received the playground image. Detecting zones...
[rosout][INFO] 2017-07-07 10:50:31,145: Publishing the detected zones on /zones
[rosout][INFO] 2017-07-07 10:50:31,830: Received the playground image. Detecting zones...
[rosout][INFO] 2017-07-07 10:50:31,847: Publishing the detected zones on /zones
[rosout][INFO] 2017-07-07 10:50:36,615: Received the playground image. Detecting zones...
[rosout][INFO] 2017-07-07 10:50:36,638: Publishing the detected zones on /zones
[rosout][INFO] 2017-07-07 10:50:36,841: Received the playground image. Detecting zones...
[rosout][INFO] 2017-07-07 10:50:36,864: Publishing the detected zones on /zones
[rosout][INFO] 2017-07-07 10:50:37,090: Received the playground image. Detecting zones...
[rosout][INFO] 2017-07-07 10:50:37,115: Publishing the detected zones on /zones
[rosout][INFO] 2017-07-07 10:50:37,381: Received the playground image. Detecting zones...
[rosout][INFO] 2017-07-07 10:50:37,405: Publishing the detected zones on /zones
[rosout][INFO] 2017-07-07 10:50:37,620: Received the playground image. Detecting zones...
[rosout][INFO] 2017-07-07 10:50:37,637: Publishing the detected zones on /zones
[rosout][INFO] 2017-07-07 10:50:37,854: Received the playground image. Detecting zones...
[rosout][INFO] 2017-07-07 10:50:37,873: Publishing the detected zones on /zones
[rosout][INFO] 2017-07-07 10:50:38,593: Received the playground image. Detecting zones...
[rosout][INFO] 2017-07-07 10:50:38,625: Publishing the detected zones on /zones
[rosout][INFO] 2017-07-07 10:50:38,841: Received the playground image. Detecting zones...
[rosout][INFO] 2017-07-07 10:50:38,864: Publishing the detected zones on /zones
[rosout][INFO] 2017-07-07 10:50:39,314: Received the playground image. Detecting zones...
[rosout][INFO] 2017-07-07 10:50:39,332: Publishing the detected zones on /zones
[rosout][INFO] 2017-07-07 10:50:41,084: Received the playground image. Detecting zones...
[rosout][INFO] 2017-07-07 10:50:41,104: Publishing the detected zones on /zones
[rosout][INFO] 2017-07-07 10:50:41,583: Received the playground image. Detecting zones...
[rosout][INFO] 2017-07-07 10:50:41,611: Publishing the detected zones on /zones
[rosout][INFO] 2017-07-07 10:50:42,603: Received the playground image. Detecting zones...
[rosout][INFO] 2017-07-07 10:50:42,636: Publishing the detected zones on /zones
[rosout][INFO] 2017-07-07 10:50:43,361: Received the playground image. Detecting zones...
[rosout][INFO] 2017-07-07 10:50:43,403: Publishing the detected zones on /zones
[rosout][INFO] 2017-07-07 10:50:43,618: Received the playground image. Detecting zones...
[rosout][INFO] 2017-07-07 10:50:43,645: Publishing the detected zones on /zones
[rosout][INFO] 2017-07-07 10:50:43,855: Received the playground image. Detecting zones...
[rosout][INFO] 2017-07-07 10:50:43,881: Publishing the detected zones on /zones
[rosout][INFO] 2017-07-07 10:50:44,115: Received the playground image. Detecting zones...
[rosout][INFO] 2017-07-07 10:50:44,137: Publishing the detected zones on /zones
[rosout][INFO] 2017-07-07 10:50:44,347: Received the playground image. Detecting zones...
[rosout][INFO] 2017-07-07 10:50:44,374: Publishing the detected zones on /zones
[rosout][INFO] 2017-07-07 10:50:48,109: Received the playground image. Detecting zones...
[rosout][INFO] 2017-07-07 10:50:48,127: Publishing the detected zones on /zones
[rosout][INFO] 2017-07-07 10:50:48,862: Received the playground image. Detecting zones...
[rosout][INFO] 2017-07-07 10:50:48,898: Publishing the detected zones on /zones
[rosout][INFO] 2017-07-07 10:50:49,609: Received the playground image. Detecting zones...
[rosout][INFO] 2017-07-07 10:50:49,627: Publishing the detected zones on /zones
[rosout][INFO] 2017-07-07 10:50:50,112: Received the playground image. Detecting zones...
[rosout][INFO] 2017-07-07 10:50:50,128: Publishing the detected zones on /zones
[rosout][INFO] 2017-07-07 10:50:50,368: Received the playground image. Detecting zones...
[rosout][INFO] 2017-07-07 10:50:50,384: Publishing the detected zones on /zones
[rosout][INFO] 2017-07-07 10:50:53,848: Received the playground image. Detecting zones...
[rosout][INFO] 2017-07-07 10:50:53,871: Publishing the detected zones on /zones
[rosout][INFO] 2017-07-07 10:50:54,083: Received the playground image. Detecting zones...
[rosout][INFO] 2017-07-07 10:50:54,104: Publishing the detected zones on /zones
[rosout][INFO] 2017-07-07 10:50:54,358: Received the playground image. Detecting zones...
[rosout][INFO] 2017-07-07 10:50:54,381: Publishing the detected zones on /zones
[rosout][INFO] 2017-07-07 10:50:54,609: Received the playground image. Detecting zones...
[rosout][INFO] 2017-07-07 10:50:54,631: Publishing the detected zones on /zones
[rosout][INFO] 2017-07-07 10:50:54,852: Received the playground image. Detecting zones...
[rosout][INFO] 2017-07-07 10:50:54,875: Publishing the detected zones on /zones
[rosout][INFO] 2017-07-07 10:50:55,089: Received the playground image. Detecting zones...
[rosout][INFO] 2017-07-07 10:50:55,116: Publishing the detected zones on /zones
[rosout][INFO] 2017-07-07 10:50:56,582: Received the playground image. Detecting zones...
[rosout][INFO] 2017-07-07 10:50:56,604: Publishing the detected zones on /zones
[rosout][INFO] 2017-07-07 10:51:00,360: Received the playground image. Detecting zones...
[rosout][INFO] 2017-07-07 10:51:00,402: Publishing the detected zones on /zones
[rosout][INFO] 2017-07-07 10:51:01,897: Received the playground image. Detecting zones...
[rosout][INFO] 2017-07-07 10:51:01,922: Publishing the detected zones on /zones
[rosout][INFO] 2017-07-07 10:51:02,695: Received the playground image. Detecting zones...
[rosout][INFO] 2017-07-07 10:51:02,720: Publishing the detected zones on /zones
[rosout][INFO] 2017-07-07 10:51:02,963: Received the playground image. Detecting zones...
[rosout][INFO] 2017-07-07 10:51:03,002: Publishing the detected zones on /zones
[rosout][INFO] 2017-07-07 10:51:03,133: Received the playground image. Detecting zones...
[rosout][INFO] 2017-07-07 10:51:03,167: Publishing the detected zones on /zones
[rosout][INFO] 2017-07-07 10:51:03,343: Received the playground image. Detecting zones...
[rosout][INFO] 2017-07-07 10:51:03,369: Publishing the detected zones on /zones
[rosout][INFO] 2017-07-07 10:51:03,614: Received the playground image. Detecting zones...
[rosout][INFO] 2017-07-07 10:51:03,631: Publishing the detected zones on /zones
[rosout][INFO] 2017-07-07 10:51:03,895: Received the playground image. Detecting zones...
[rosout][INFO] 2017-07-07 10:51:03,917: Publishing the detected zones on /zones
[rosout][INFO] 2017-07-07 10:51:05,097: Received the playground image. Detecting zones...
[rosout][INFO] 2017-07-07 10:51:05,120: Publishing the detected zones on /zones
[rosout][INFO] 2017-07-07 10:51:06,831: Received the playground image. Detecting zones...
[rosout][INFO] 2017-07-07 10:51:06,851: Publishing the detected zones on /zones
[rosout][INFO] 2017-07-07 10:51:07,487: Received the playground image. Detecting zones...
[rosout][INFO] 2017-07-07 10:51:07,508: Publishing the detected zones on /zones
[rosout][INFO] 2017-07-07 10:51:07,697: Received the playground image. Detecting zones...
[rosout][INFO] 2017-07-07 10:51:07,722: Publishing the detected zones on /zones
[rosout][INFO] 2017-07-07 10:51:07,898: Received the playground image. Detecting zones...
[rosout][INFO] 2017-07-07 10:51:07,928: Publishing the detected zones on /zones
[rosout][INFO] 2017-07-07 10:51:08,219: Received the playground image. Detecting zones...
[rosout][INFO] 2017-07-07 10:51:08,251: Publishing the detected zones on /zones
[rosout][INFO] 2017-07-07 10:51:08,403: Received the playground image. Detecting zones...
[rosout][INFO] 2017-07-07 10:51:08,436: Publishing the detected zones on /zones
[rosout][INFO] 2017-07-07 10:51:08,664: Received the playground image. Detecting zones...
[rosout][INFO] 2017-07-07 10:51:08,687: Publishing the detected zones on /zones
[rosout][INFO] 2017-07-07 10:51:08,994: Received the playground image. Detecting zones...
[rosout][INFO] 2017-07-07 10:51:09,024: Publishing the detected zones on /zones
[rosout][INFO] 2017-07-07 10:51:09,197: Received the playground image. Detecting zones...
[rosout][INFO] 2017-07-07 10:51:09,240: Publishing the detected zones on /zones
[rosout][INFO] 2017-07-07 10:51:09,445: Received the playground image. Detecting zones...
[rosout][INFO] 2017-07-07 10:51:09,469: Publishing the detected zones on /zones
[rosout][INFO] 2017-07-07 10:51:09,789: Received the playground image. Detecting zones...
[rosout][INFO] 2017-07-07 10:51:09,825: Publishing the detected zones on /zones
[rosout][INFO] 2017-07-07 10:51:09,913: Received the playground image. Detecting zones...
[rosout][INFO] 2017-07-07 10:51:09,953: Publishing the detected zones on /zones
[rosout][INFO] 2017-07-07 10:51:10,137: Received the playground image. Detecting zones...
[rosout][INFO] 2017-07-07 10:51:10,170: Publishing the detected zones on /zones
[rosout][INFO] 2017-07-07 10:51:10,369: Received the playground image. Detecting zones...
[rosout][INFO] 2017-07-07 10:51:10,402: Publishing the detected zones on /zones
[rosout][INFO] 2017-07-07 10:51:11,653: Received the playground image. Detecting zones...
[rosout][INFO] 2017-07-07 10:51:11,686: Publishing the detected zones on /zones
[rosout][INFO] 2017-07-07 10:51:12,135: Received the playground image. Detecting zones...
[rosout][INFO] 2017-07-07 10:51:12,160: Publishing the detected zones on /zones
[rosout][INFO] 2017-07-07 10:51:13,105: Received the playground image. Detecting zones...
[rosout][INFO] 2017-07-07 10:51:13,127: Publishing the detected zones on /zones
[rosout][INFO] 2017-07-07 10:51:13,380: Received the playground image. Detecting zones...
[rosout][INFO] 2017-07-07 10:51:13,403: Publishing the detected zones on /zones
[rosout][INFO] 2017-07-07 10:51:13,663: Received the playground image. Detecting zones...
[rosout][INFO] 2017-07-07 10:51:13,688: Publishing the detected zones on /zones
[rosout][INFO] 2017-07-07 10:51:16,349: Received the playground image. Detecting zones...
[rosout][INFO] 2017-07-07 10:51:16,374: Publishing the detected zones on /zones
[rosout][INFO] 2017-07-07 10:51:17,134: Received the playground image. Detecting zones...
[rosout][INFO] 2017-07-07 10:51:17,155: Publishing the detected zones on /zones
[rosout][INFO] 2017-07-07 10:51:19,664: Received the playground image. Detecting zones...
[rosout][INFO] 2017-07-07 10:51:19,688: Publishing the detected zones on /zones
[rosout][INFO] 2017-07-07 10:51:20,640: Received the playground image. Detecting zones...
[rosout][INFO] 2017-07-07 10:51:20,670: Publishing the detected zones on /zones
[rosout][INFO] 2017-07-07 10:51:22,125: Received the playground image. Detecting zones...
[rosout][INFO] 2017-07-07 10:51:22,161: Publishing the detected zones on /zones
[rosout][INFO] 2017-07-07 10:51:22,439: Received the playground image. Detecting zones...
[rosout][INFO] 2017-07-07 10:51:22,467: Publishing the detected zones on /zones
[rosout][INFO] 2017-07-07 10:51:24,154: Received the playground image. Detecting zones...
[rosout][INFO] 2017-07-07 10:51:24,187: Publishing the detected zones on /zones
[rosout][INFO] 2017-07-07 10:51:24,376: Received the playground image. Detecting zones...
[rosout][INFO] 2017-07-07 10:51:24,403: Publishing the detected zones on /zones
[rosout][INFO] 2017-07-07 10:51:26,121: Received the playground image. Detecting zones...
[rosout][INFO] 2017-07-07 10:51:26,150: Publishing the detected zones on /zones
[rosout][INFO] 2017-07-07 10:51:26,925: Received the playground image. Detecting zones...
[rosout][INFO] 2017-07-07 10:51:26,957: Publishing the detected zones on /zones
[rosout][INFO] 2017-07-07 10:51:27,648: Received the playground image. Detecting zones...
[rosout][INFO] 2017-07-07 10:51:27,672: Publishing the detected zones on /zones
[rosout][INFO] 2017-07-07 10:51:28,654: Received the playground image. Detecting zones...
[rosout][INFO] 2017-07-07 10:51:28,678: Publishing the detected zones on /zones
[rosout][INFO] 2017-07-07 10:51:28,928: Received the playground image. Detecting zones...
[rosout][INFO] 2017-07-07 10:51:28,949: Publishing the detected zones on /zones
[rosout][INFO] 2017-07-07 10:51:29,441: Received the playground image. Detecting zones...
[rosout][INFO] 2017-07-07 10:51:29,479: Publishing the detected zones on /zones
[rosout][INFO] 2017-07-07 10:51:29,991: Received the playground image. Detecting zones...
[rosout][INFO] 2017-07-07 10:51:30,021: Publishing the detected zones on /zones
[rosout][INFO] 2017-07-07 10:51:30,167: Received the playground image. Detecting zones...
[rosout][INFO] 2017-07-07 10:51:30,197: Publishing the detected zones on /zones
[rosout][INFO] 2017-07-07 10:51:30,421: Received the playground image. Detecting zones...
[rosout][INFO] 2017-07-07 10:51:30,451: Publishing the detected zones on /zones
[rosout][INFO] 2017-07-07 10:51:30,616: Received the playground image. Detecting zones...
[rosout][INFO] 2017-07-07 10:51:30,649: Publishing the detected zones on /zones
[rosout][INFO] 2017-07-07 10:51:30,864: Received the playground image. Detecting zones...
[rosout][INFO] 2017-07-07 10:51:30,887: Publishing the detected zones on /zones
[rosout][INFO] 2017-07-07 10:51:31,157: Received the playground image. Detecting zones...
[rosout][INFO] 2017-07-07 10:51:31,191: Publishing the detected zones on /zones
[rosout][INFO] 2017-07-07 10:51:31,409: Received the playground image. Detecting zones...
[rosout][INFO] 2017-07-07 10:51:31,434: Publishing the detected zones on /zones
[rosout][INFO] 2017-07-07 10:51:31,652: Received the playground image. Detecting zones...
[rosout][INFO] 2017-07-07 10:51:31,674: Publishing the detected zones on /zones
[rosout][INFO] 2017-07-07 10:51:32,030: Received the playground image. Detecting zones...
[rosout][INFO] 2017-07-07 10:51:32,058: Publishing the detected zones on /zones
[rosout][INFO] 2017-07-07 10:51:32,208: Received the playground image. Detecting zones...
[rosout][INFO] 2017-07-07 10:51:32,237: Publishing the detected zones on /zones
[rosout][INFO] 2017-07-07 10:51:32,348: Received the playground image. Detecting zones...
[rosout][INFO] 2017-07-07 10:51:32,368: Publishing the detected zones on /zones
[rospy.internal][INFO] 2017-07-07 10:51:54,002: topic[/zones] removing connection to /rosbag_record_freeplay_sandbox
[rospy.core][INFO] 2017-07-07 10:53:51,369: signal_shutdown [signal-15]
[rospy.internal][INFO] 2017-07-07 10:53:51,376: topic[/rosout] removing connection to /rosout
[rospy.internal][INFO] 2017-07-07 10:53:51,376: topic[/sandtray/background/image] removing connection to http://sandtray-hrilab:41209/
[rospy.internal][WARNING] 2017-07-07 10:53:51,377: Unknown error initiating TCP/IP socket to sandtray-hrilab:40817 (http://sandtray-hrilab:41209/): Traceback (most recent call last):
  File "/opt/ros/kinetic/lib/python2.7/dist-packages/rospy/impl/tcpros_base.py", line 557, in connect
    self.read_header()
  File "/opt/ros/kinetic/lib/python2.7/dist-packages/rospy/impl/tcpros_base.py", line 650, in read_header
    self._validate_header(read_ros_handshake_header(sock, self.read_buff, self.protocol.buff_size))
AttributeError: 'NoneType' object has no attribute 'buff_size'

[rospy.topics][ERROR] 2017-07-07 10:53:51,378: Traceback (most recent call last):
  File "/opt/ros/kinetic/lib/python2.7/dist-packages/rospy/topics.py", line 326, in close
    c.close()
  File "/opt/ros/kinetic/lib/python2.7/dist-packages/rospy/impl/tcpros_base.py", line 838, in close
    self.socket.close()
AttributeError: 'NoneType' object has no attribute 'close'

[rospy.internal][INFO] 2017-07-07 10:53:51,378: topic[/sandtray/background/camera_info] removing connection to http://sandtray-hrilab:41209/
[rospy.impl.masterslave][INFO] 2017-07-07 10:53:51,379: signal-15
[rospy.core][INFO] 2017-07-07 10:53:51,432: signal_shutdown [signal-2]
[rospy.core][INFO] 2017-07-07 10:53:51,433: signal_shutdown [atexit]
