[INFO] [1499252884.571617]: /move_sandbox_items: Received a request to move lion to 0.49, -0.06. Let's do that
[INFO] [1499252884.572623]: Moving lion to 0.06,-0.05
[INFO] [1499252884.572879]: Requesting a plan...
[INFO] [1499252884.649562]: Received trajectory! As requested, waiting -0.001737822s before starting...
[INFO] [1499252884.649969]: Waiting a bit more (0.0s) to give the robot time to prepare...
[INFO] [1499252884.650423]: Starting to play trajectory!
[INFO] [1499252884.651316]: Done 0%
[INFO] [1499252884.752203]: Done 7%
[INFO] [1499252884.852966]: Done 15%
[INFO] [1499252884.953923]: Done 23%
[INFO] [1499252885.055140]: Done 30%
[INFO] [1499252885.155889]: Done 38%
[INFO] [1499252885.256734]: Done 46%
[INFO] [1499252885.357720]: Done 53%
[INFO] [1499252885.458930]: Done 61%
[INFO] [1499252885.560079]: Done 69%
[INFO] [1499252885.661335]: Done 76%
[INFO] [1499252885.762574]: Done 84%
[INFO] [1499252885.864023]: /move_sandbox_items: Succeeded
[INFO] [1499252888.168159]: /move_sandbox_items: Received a request to move giraffe to 0.39, -0.07. Let's do that
[INFO] [1499252888.169215]: Moving giraffe to 0.02,-0.19
[INFO] [1499252888.172166]: Requesting a plan...
[INFO] [1499252888.248531]: Received trajectory! As requested, waiting -0.000888531s before starting...
[INFO] [1499252888.248983]: Waiting a bit more (0.0s) to give the robot time to prepare...
[INFO] [1499252888.249550]: Starting to play trajectory!
[INFO] [1499252888.250061]: Done 0%
[INFO] [1499252888.350955]: Done 3%
[INFO] [1499252888.452197]: Done 6%
[INFO] [1499252888.553477]: Done 9%
[INFO] [1499252888.657549]: Done 12%
[INFO] [1499252888.758493]: Done 15%
[INFO] [1499252888.861197]: Done 18%
[INFO] [1499252888.962186]: Done 21%
[INFO] [1499252889.063125]: Done 25%
[INFO] [1499252889.164044]: Done 28%
[INFO] [1499252889.265197]: Done 31%
[INFO] [1499252889.375311]: Done 34%
[INFO] [1499252889.476144]: Done 37%
[INFO] [1499252889.577180]: Done 40%
[INFO] [1499252889.678239]: Done 43%
[INFO] [1499252889.780271]: Done 46%
[INFO] [1499252889.881098]: Done 50%
[INFO] [1499252889.986188]: Done 53%
[INFO] [1499252890.091801]: Done 56%
[INFO] [1499252890.192971]: Done 59%
[INFO] [1499252890.293862]: Done 62%
[INFO] [1499252890.394931]: Done 65%
[INFO] [1499252890.495999]: Done 68%
[INFO] [1499252890.596880]: Done 71%
[INFO] [1499252890.697765]: Done 75%
[INFO] [1499252890.798720]: Done 78%
[INFO] [1499252890.899974]: Done 81%
[INFO] [1499252891.000868]: Done 84%
[INFO] [1499252891.101713]: Done 87%
[INFO] [1499252891.203424]: Done 90%
[INFO] [1499252891.304424]: Done 93%
[INFO] [1499252891.405552]: /move_sandbox_items: Succeeded
[INFO] [1499252892.908733]: /move_sandbox_items: Received a request to move crocodile to 0.57, -0.18. Let's do that
[INFO] [1499252892.909528]: Moving crocodile to -0.05,-0.03
[INFO] [1499252892.909921]: Requesting a plan...
[INFO] [1499252893.048269]: Received trajectory! As requested, waiting -0.000666718s before starting...
[INFO] [1499252893.048637]: Waiting a bit more (0.0s) to give the robot time to prepare...
[INFO] [1499252893.048896]: Starting to play trajectory!
[INFO] [1499252893.049296]: Done 0%
[INFO] [1499252893.156843]: Done 9%
[INFO] [1499252893.258344]: Done 18%
[INFO] [1499252893.359816]: Done 27%
[INFO] [1499252893.466938]: Done 36%
[INFO] [1499252893.568449]: Done 45%
[INFO] [1499252893.669486]: Done 54%
[INFO] [1499252893.770478]: Done 63%
[INFO] [1499252893.871407]: Done 72%
[INFO] [1499252893.972240]: Done 81%
[INFO] [1499252894.076395]: /move_sandbox_items: Succeeded
[INFO] [1499252895.952208]: /move_sandbox_items: Received a request to move zebra to 0.49, -0.06. Let's do that
[INFO] [1499252895.953046]: Moving zebra to -0.08,-0.15
[INFO] [1499252895.953444]: Requesting a plan...
[INFO] [1499252896.049014]: Received trajectory! As requested, waiting -0.001125398s before starting...
[INFO] [1499252896.049691]: Waiting a bit more (0.0s) to give the robot time to prepare...
[INFO] [1499252896.050023]: Starting to play trajectory!
[INFO] [1499252896.050643]: Done 0%
[INFO] [1499252896.153693]: Done 2%
[INFO] [1499252896.254503]: Done 5%
[INFO] [1499252896.355523]: Done 8%
[INFO] [1499252896.456322]: Done 11%
[INFO] [1499252896.557351]: Done 14%
[INFO] [1499252896.658342]: Done 17%
[INFO] [1499252896.759237]: Done 20%
[INFO] [1499252896.860144]: Done 23%
[INFO] [1499252896.961121]: Done 26%
[INFO] [1499252897.062068]: Done 29%
[INFO] [1499252897.162945]: Done 32%
[INFO] [1499252897.263991]: Done 35%
[INFO] [1499252897.364975]: Done 38%
[INFO] [1499252897.465968]: Done 41%
[INFO] [1499252897.566905]: Done 44%
[INFO] [1499252897.667824]: Done 47%
[INFO] [1499252897.768852]: Done 50%
[INFO] [1499252897.869893]: Done 52%
[INFO] [1499252897.970718]: Done 55%
[INFO] [1499252898.071592]: Done 58%
[INFO] [1499252898.173326]: Done 61%
[INFO] [1499252898.276243]: Done 64%
[INFO] [1499252898.377494]: Done 67%
[INFO] [1499252898.478874]: Done 70%
[INFO] [1499252898.580043]: Done 73%
[INFO] [1499252898.680828]: Done 76%
[INFO] [1499252898.781631]: Done 79%
[INFO] [1499252898.882507]: Done 82%
[INFO] [1499252898.984215]: Done 85%
[INFO] [1499252899.085754]: Done 88%
[INFO] [1499252899.186773]: Done 91%
[INFO] [1499252899.287583]: Done 94%
[INFO] [1499252899.388995]: /move_sandbox_items: Succeeded
[INFO] [1499252900.908169]: /move_sandbox_items: Received a request to move elephant to 0.39, -0.07. Let's do that
[INFO] [1499252900.908910]: Moving elephant to 0.16,-0.06
[INFO] [1499252900.909308]: Requesting a plan...
[INFO] [1499252901.080202]: Received trajectory! As requested, waiting -0.032452189s before starting...
[INFO] [1499252901.080550]: Waiting a bit more (0.0s) to give the robot time to prepare...
[INFO] [1499252901.080826]: Starting to play trajectory!
[INFO] [1499252901.081293]: Done 0%
[INFO] [1499252901.182130]: Done 2%
[INFO] [1499252901.283277]: Done 4%
[INFO] [1499252901.386347]: Done 7%
[INFO] [1499252901.487367]: Done 9%
[INFO] [1499252901.588589]: Done 11%
[INFO] [1499252901.689893]: Done 14%
[INFO] [1499252901.793282]: Done 16%
[INFO] [1499252901.894128]: Done 19%
[INFO] [1499252901.994933]: Done 21%
[INFO] [1499252902.095778]: Done 23%
[INFO] [1499252902.196607]: Done 26%
[INFO] [1499252902.297562]: Done 28%
[INFO] [1499252902.398566]: Done 30%
[INFO] [1499252902.500034]: Done 33%
[INFO] [1499252902.601000]: Done 35%
[INFO] [1499252902.701928]: Done 38%
[INFO] [1499252902.802867]: Done 40%
[INFO] [1499252902.903761]: Done 42%
[INFO] [1499252903.004741]: Done 45%
[INFO] [1499252903.105621]: Done 47%
[INFO] [1499252903.206605]: Done 50%
[INFO] [1499252903.308101]: Done 52%
[INFO] [1499252903.409213]: Done 54%
[INFO] [1499252903.510228]: Done 57%
[INFO] [1499252903.611666]: Done 59%
[INFO] [1499252903.713578]: Done 61%
[INFO] [1499252903.814625]: Done 64%
[INFO] [1499252903.915681]: Done 66%
[INFO] [1499252904.016757]: Done 69%
[INFO] [1499252904.118482]: Done 71%
[INFO] [1499252904.220188]: Done 73%
[INFO] [1499252904.321496]: Done 76%
[INFO] [1499252904.422286]: Done 78%
[INFO] [1499252904.523348]: Done 80%
[INFO] [1499252904.624178]: Done 83%
[INFO] [1499252904.725032]: Done 85%
[INFO] [1499252904.825926]: Done 88%
[INFO] [1499252904.926862]: Done 90%
[INFO] [1499252905.027654]: Done 92%
[INFO] [1499252905.128584]: Done 95%
[INFO] [1499252905.229714]: /move_sandbox_items: Succeeded
[INFO] [1499252906.797343]: /move_sandbox_items: Received a request to move lion to 0.49, -0.06. Let's do that
[INFO] [1499252906.797993]: Moving lion to 0.02,-0.14
[INFO] [1499252906.798230]: Requesting a plan...
[INFO] [1499252906.868827]: Received trajectory! As requested, waiting -0.021101314s before starting...
[INFO] [1499252906.869261]: Waiting a bit more (0.0s) to give the robot time to prepare...
[INFO] [1499252906.869703]: Starting to play trajectory!
[INFO] [1499252906.870198]: Done 0%
[INFO] [1499252906.971055]: Done 3%
[INFO] [1499252907.072073]: Done 6%
[INFO] [1499252907.173116]: Done 9%
[INFO] [1499252907.274199]: Done 12%
[INFO] [1499252907.375366]: Done 15%
[INFO] [1499252907.476640]: Done 18%
[INFO] [1499252907.578029]: Done 21%
[INFO] [1499252907.679410]: Done 25%
[INFO] [1499252907.780938]: Done 28%
[INFO] [1499252907.881937]: Done 31%
[INFO] [1499252907.983071]: Done 34%
[INFO] [1499252908.083960]: Done 37%
[INFO] [1499252908.185217]: Done 40%
[INFO] [1499252908.286268]: Done 43%
[INFO] [1499252908.387846]: Done 46%
[INFO] [1499252908.488795]: Done 50%
[INFO] [1499252908.589742]: Done 53%
[INFO] [1499252908.690780]: Done 56%
[INFO] [1499252908.791814]: Done 59%
[INFO] [1499252908.895207]: Done 62%
[INFO] [1499252908.996234]: Done 65%
[INFO] [1499252909.099944]: Done 68%
[INFO] [1499252909.200987]: Done 71%
[INFO] [1499252909.301872]: Done 75%
[INFO] [1499252909.402811]: Done 78%
[INFO] [1499252909.503989]: Done 81%
[INFO] [1499252909.605024]: Done 84%
[INFO] [1499252909.706079]: Done 87%
[INFO] [1499252909.807186]: Done 90%
[INFO] [1499252909.908280]: Done 93%
[INFO] [1499252910.009529]: /move_sandbox_items: Succeeded
[INFO] [1499253013.561825]: /move_sandbox_items: Received a request to move giraffe to 0.49, -0.06. Let's do that
[INFO] [1499253013.562567]: Moving giraffe to -0.02,0.16
[INFO] [1499253013.562878]: Requesting a plan...
[INFO] [1499253013.675991]: Received trajectory! As requested, waiting -0.027844349s before starting...
[INFO] [1499253013.676348]: Waiting a bit more (0.0s) to give the robot time to prepare...
[INFO] [1499253013.676582]: Starting to play trajectory!
[INFO] [1499253013.677017]: Done 0%
[INFO] [1499253013.783991]: Done 2%
[INFO] [1499253013.885362]: Done 5%
[INFO] [1499253013.986328]: Done 7%
[INFO] [1499253014.087257]: Done 10%
[INFO] [1499253014.188303]: Done 13%
[INFO] [1499253014.289295]: Done 15%
[INFO] [1499253014.390148]: Done 18%
[INFO] [1499253014.491116]: Done 21%
[INFO] [1499253014.593592]: Done 23%
[INFO] [1499253014.694585]: Done 26%
[INFO] [1499253014.795568]: Done 28%
[INFO] [1499253014.899111]: Done 31%
[INFO] [1499253014.999969]: Done 34%
[INFO] [1499253015.102716]: Done 36%
[INFO] [1499253015.203608]: Done 39%
[INFO] [1499253015.304497]: Done 42%
[INFO] [1499253015.405269]: Done 44%
[INFO] [1499253015.509856]: Done 47%
[INFO] [1499253015.610820]: Done 50%
[INFO] [1499253015.712488]: Done 52%
[INFO] [1499253015.813409]: Done 55%
[INFO] [1499253015.914492]: Done 57%
[INFO] [1499253016.015324]: Done 60%
[INFO] [1499253016.116271]: Done 63%
[INFO] [1499253016.220725]: Done 65%
[INFO] [1499253016.321864]: Done 68%
[INFO] [1499253016.422768]: Done 71%
[INFO] [1499253016.524025]: Done 73%
[INFO] [1499253016.625033]: Done 76%
[INFO] [1499253016.726034]: Done 78%
[INFO] [1499253016.827087]: Done 81%
[INFO] [1499253016.927965]: Done 84%
[INFO] [1499253017.028975]: Done 86%
[INFO] [1499253017.140466]: Done 89%
[INFO] [1499253017.241392]: Done 92%
[INFO] [1499253017.342558]: Done 94%
[INFO] [1499253017.443717]: /move_sandbox_items: Succeeded
[INFO] [1499253149.178390]: /move_sandbox_items: Received a request to move elephant to 0.39, -0.07. Let's do that
[INFO] [1499253149.179116]: Moving elephant to -0.03,-0.06
[INFO] [1499253149.179405]: Requesting a plan...
[INFO] [1499253149.248405]: Received trajectory! As requested, waiting -0.000446181s before starting...
[INFO] [1499253149.248748]: Waiting a bit more (0.0s) to give the robot time to prepare...
[INFO] [1499253149.249020]: Starting to play trajectory!
[INFO] [1499253149.249515]: Done 0%
[INFO] [1499253149.350455]: Done 7%
[INFO] [1499253149.451582]: Done 14%
[INFO] [1499253149.552634]: Done 21%
[INFO] [1499253149.653584]: Done 28%
[INFO] [1499253149.761314]: Done 35%
[INFO] [1499253149.862347]: Done 42%
[INFO] [1499253149.963407]: Done 50%
[INFO] [1499253150.064590]: Done 57%
[INFO] [1499253150.165674]: Done 64%
[INFO] [1499253150.266596]: Done 71%
[INFO] [1499253150.367810]: Done 78%
[INFO] [1499253150.468791]: Done 85%
[INFO] [1499253150.570129]: /move_sandbox_items: Succeeded
[INFO] [1499253176.866715]: /move_sandbox_items: Received a request to move girl to 0.39, -0.07. Let's do that
[INFO] [1499253176.867485]: Moving girl to 0.00,0.06
[INFO] [1499253176.867918]: Requesting a plan...
[INFO] [1499253177.049006]: Received trajectory! As requested, waiting -0.000635148s before starting...
[INFO] [1499253177.049512]: Waiting a bit more (0.0s) to give the robot time to prepare...
[INFO] [1499253177.050232]: Starting to play trajectory!
[INFO] [1499253177.051176]: Done 0%
[INFO] [1499253177.152627]: Done 7%
[INFO] [1499253177.253716]: Done 14%
[INFO] [1499253177.354894]: Done 21%
[INFO] [1499253177.455981]: Done 28%
[INFO] [1499253177.556893]: Done 35%
[INFO] [1499253177.657647]: Done 42%
[INFO] [1499253177.758650]: Done 50%
[INFO] [1499253177.859783]: Done 57%
[INFO] [1499253177.960853]: Done 64%
[INFO] [1499253178.061740]: Done 71%
[INFO] [1499253178.163496]: Done 78%
[INFO] [1499253178.264652]: Done 85%
[INFO] [1499253178.365721]: /move_sandbox_items: Succeeded
[INFO] [1499253194.460297]: /move_sandbox_items: Received a request to move boy to 0.49, -0.06. Let's do that
[INFO] [1499253194.461040]: Moving boy to -0.13,-0.11
[INFO] [1499253194.461232]: Requesting a plan...
[INFO] [1499253194.649079]: Received trajectory! As requested, waiting -0.001002732s before starting...
[INFO] [1499253194.649549]: Waiting a bit more (0.0s) to give the robot time to prepare...
[INFO] [1499253194.649875]: Starting to play trajectory!
[INFO] [1499253194.651007]: Done 0%
[INFO] [1499253194.752205]: Done 2%
[INFO] [1499253194.853422]: Done 5%
[INFO] [1499253194.954608]: Done 8%
[INFO] [1499253195.055981]: Done 11%
[INFO] [1499253195.157114]: Done 14%
[INFO] [1499253195.258190]: Done 17%
[INFO] [1499253195.359256]: Done 20%
[INFO] [1499253195.460145]: Done 23%
[INFO] [1499253195.561201]: Done 26%
[INFO] [1499253195.663148]: Done 29%
[INFO] [1499253195.764263]: Done 32%
[INFO] [1499253195.865419]: Done 35%
[INFO] [1499253195.966431]: Done 38%
[INFO] [1499253196.067721]: Done 41%
[INFO] [1499253196.168870]: Done 44%
[INFO] [1499253196.269707]: Done 47%
[INFO] [1499253196.370733]: Done 50%
[INFO] [1499253196.471583]: Done 52%
[INFO] [1499253196.572825]: Done 55%
[INFO] [1499253196.673813]: Done 58%
[INFO] [1499253196.774905]: Done 61%
[INFO] [1499253196.876225]: Done 64%
[INFO] [1499253196.977716]: Done 67%
[INFO] [1499253197.079086]: Done 70%
[INFO] [1499253197.180407]: Done 73%
[INFO] [1499253197.281510]: Done 76%
[INFO] [1499253197.383250]: Done 79%
[INFO] [1499253197.485152]: Done 82%
[INFO] [1499253197.586099]: Done 85%
[INFO] [1499253197.687225]: Done 88%
[INFO] [1499253197.788082]: Done 91%
[INFO] [1499253197.889298]: Done 94%
[INFO] [1499253197.990856]: /move_sandbox_items: Succeeded
[INFO] [1499253200.759732]: /move_sandbox_items: Received a request to move boy to 0.06, -0.06. Let's do that
[INFO] [1499253200.760335]: Moving boy to -0.25,0.01
[INFO] [1499253200.760521]: Requesting a plan...
[INFO] [1499253200.848768]: Received trajectory! As requested, waiting -0.000971606s before starting...
[INFO] [1499253200.849193]: Waiting a bit more (0.0s) to give the robot time to prepare...
[INFO] [1499253200.849487]: Starting to play trajectory!
[INFO] [1499253200.850164]: Done 0%
[INFO] [1499253200.951441]: Done 1%
[INFO] [1499253201.052784]: Done 3%
[INFO] [1499253201.155129]: Done 5%
[INFO] [1499253201.256245]: Done 7%
[INFO] [1499253201.357467]: Done 9%
[INFO] [1499253201.458430]: Done 11%
[INFO] [1499253201.559510]: Done 13%
[INFO] [1499253201.660525]: Done 15%
[INFO] [1499253201.761426]: Done 17%
[INFO] [1499253201.862252]: Done 19%
[INFO] [1499253201.963265]: Done 21%
[INFO] [1499253202.066587]: Done 23%
[INFO] [1499253202.167488]: Done 25%
[INFO] [1499253202.268503]: Done 27%
[INFO] [1499253202.369482]: Done 29%
[INFO] [1499253202.470318]: Done 31%
[INFO] [1499253202.571427]: Done 33%
[INFO] [1499253202.672523]: Done 35%
[INFO] [1499253202.773749]: Done 37%
[INFO] [1499253202.874872]: Done 39%
[INFO] [1499253202.975896]: Done 41%
[INFO] [1499253203.076898]: Done 43%
[INFO] [1499253203.177815]: Done 45%
[INFO] [1499253203.278739]: Done 47%
[INFO] [1499253203.380839]: Done 49%
[INFO] [1499253203.481899]: Done 50%
[INFO] [1499253203.582879]: Done 52%
[INFO] [1499253203.684376]: Done 54%
[INFO] [1499253203.785986]: Done 56%
[INFO] [1499253203.886905]: Done 58%
[INFO] [1499253203.987798]: Done 60%
[INFO] [1499253204.088775]: Done 62%
[INFO] [1499253204.190571]: Done 64%
[INFO] [1499253204.293520]: Done 66%
[INFO] [1499253204.394499]: Done 68%
[INFO] [1499253204.495678]: Done 70%
[INFO] [1499253204.596660]: Done 72%
[INFO] [1499253204.698604]: Done 74%
[INFO] [1499253204.799763]: Done 76%
[INFO] [1499253204.900754]: Done 78%
[INFO] [1499253205.001697]: Done 80%
[INFO] [1499253205.102640]: Done 82%
[INFO] [1499253205.203714]: Done 84%
[INFO] [1499253205.304694]: Done 86%
[INFO] [1499253205.405860]: Done 88%
[INFO] [1499253205.506840]: Done 90%
[INFO] [1499253205.607983]: Done 92%
[INFO] [1499253205.708876]: Done 94%
[INFO] [1499253205.809937]: Done 96%
[INFO] [1499253205.910995]: /move_sandbox_items: Succeeded
[INFO] [1499253207.634071]: /move_sandbox_items: Received a request to move boy to 0.20, -0.10. Let's do that
[INFO] [1499253207.634716]: Moving boy to -0.03,0.00
[INFO] [1499253207.634971]: Requesting a plan...
[INFO] [1499253207.648093]: Received trajectory! As requested, waiting -0.000297112s before starting...
[INFO] [1499253207.648539]: Waiting a bit more (0.0s) to give the robot time to prepare...
[INFO] [1499253207.649041]: Starting to play trajectory!
[INFO] [1499253207.649672]: Done 0%
[INFO] [1499253207.751382]: Done 12%
[INFO] [1499253207.852529]: Done 25%
[INFO] [1499253207.959797]: Done 37%
[INFO] [1499253208.060818]: Done 50%
[INFO] [1499253208.161761]: Done 62%
[INFO] [1499253208.262759]: Done 75%
[INFO] [1499253208.364090]: /move_sandbox_items: Succeeded
[INFO] [1499253211.111231]: /move_sandbox_items: Received a request to move boy to 0.06, -0.06. Let's do that
[INFO] [1499253211.111930]: Moving boy to 0.30,-0.01
[INFO] [1499253211.112292]: Requesting a plan...
[INFO] [1499253211.249583]: Received trajectory! As requested, waiting -0.001474393s before starting...
[INFO] [1499253211.250037]: Waiting a bit more (0.0s) to give the robot time to prepare...
[INFO] [1499253211.250395]: Starting to play trajectory!
[INFO] [1499253211.251369]: Done 0%
[INFO] [1499253211.352485]: Done 1%
[INFO] [1499253211.453425]: Done 3%
[INFO] [1499253211.554877]: Done 5%
[INFO] [1499253211.656057]: Done 6%
[INFO] [1499253211.757069]: Done 8%
[INFO] [1499253211.859034]: Done 10%
[INFO] [1499253211.960397]: Done 11%
[INFO] [1499253212.061354]: Done 13%
[INFO] [1499253212.162342]: Done 15%
[INFO] [1499253212.263410]: Done 16%
[INFO] [1499253212.364687]: Done 18%
[INFO] [1499253212.465789]: Done 20%
[INFO] [1499253212.569757]: Done 21%
[INFO] [1499253212.678510]: Done 23%
[INFO] [1499253212.785728]: Done 25%
[INFO] [1499253212.886597]: Done 26%
[INFO] [1499253212.987639]: Done 28%
[INFO] [1499253213.088585]: Done 30%
[INFO] [1499253213.189549]: Done 31%
[INFO] [1499253213.290699]: Done 33%
[INFO] [1499253213.391781]: Done 35%
[INFO] [1499253213.493225]: Done 36%
[INFO] [1499253213.595986]: Done 38%
[INFO] [1499253213.696999]: Done 40%
[INFO] [1499253213.798077]: Done 41%
[INFO] [1499253213.899366]: Done 43%
[INFO] [1499253214.000433]: Done 45%
[INFO] [1499253214.101397]: Done 46%
[INFO] [1499253214.202305]: Done 48%
[INFO] [1499253214.303494]: Done 50%
[INFO] [1499253214.404463]: Done 51%
[INFO] [1499253214.505350]: Done 53%
[INFO] [1499253214.606827]: Done 55%
[INFO] [1499253214.708878]: Done 56%
[INFO] [1499253214.810414]: Done 58%
[INFO] [1499253214.911983]: Done 60%
[INFO] [1499253215.012884]: Done 61%
[INFO] [1499253215.113907]: Done 63%
[INFO] [1499253215.215442]: Done 65%
[INFO] [1499253215.316442]: Done 66%
[INFO] [1499253215.418771]: Done 68%
[INFO] [1499253215.525588]: Done 70%
[INFO] [1499253215.637871]: Done 71%
[INFO] [1499253215.739150]: Done 73%
[INFO] [1499253215.840114]: Done 75%
[INFO] [1499253215.942792]: Done 76%
[INFO] [1499253216.043751]: Done 78%
[INFO] [1499253216.145039]: Done 80%
[INFO] [1499253216.246398]: Done 81%
[INFO] [1499253216.347856]: Done 83%
[INFO] [1499253216.449155]: Done 85%
[INFO] [1499253216.554253]: Done 86%
[INFO] [1499253216.655572]: Done 88%
[INFO] [1499253216.756440]: Done 90%
[INFO] [1499253216.857769]: Done 91%
[INFO] [1499253216.958765]: Done 93%
[INFO] [1499253217.060682]: Done 95%
[INFO] [1499253217.161734]: Done 96%
[INFO] [1499253217.263122]: /move_sandbox_items: Succeeded
[INFO] [1499253220.110152]: /move_sandbox_items: Received a request to move boy to 0.06, -0.06. Let's do that
[INFO] [1499253220.110943]: Moving boy to -0.07,0.03
[INFO] [1499253220.111290]: Requesting a plan...
[INFO] [1499253220.248303]: Received trajectory! As requested, waiting -0.000407537s before starting...
[INFO] [1499253220.248779]: Waiting a bit more (0.0s) to give the robot time to prepare...
[INFO] [1499253220.249073]: Starting to play trajectory!
[INFO] [1499253220.249469]: Done 0%
[INFO] [1499253220.350338]: Done 6%
[INFO] [1499253220.451283]: Done 13%
[INFO] [1499253220.552503]: Done 20%
[INFO] [1499253220.653437]: Done 26%
[INFO] [1499253220.754786]: Done 33%
[INFO] [1499253220.856193]: Done 40%
[INFO] [1499253220.957434]: Done 46%
[INFO] [1499253221.058564]: Done 53%
[INFO] [1499253221.159592]: Done 60%
[INFO] [1499253221.260865]: Done 66%
[INFO] [1499253221.361984]: Done 73%
[INFO] [1499253221.463008]: Done 80%
[INFO] [1499253221.564207]: Done 86%
[INFO] [1499253221.665595]: /move_sandbox_items: Succeeded
[INFO] [1499253223.874401]: /move_sandbox_items: Received a request to move boy to 0.49, -0.06. Let's do that
[INFO] [1499253223.875171]: Moving boy to -0.15,0.11
[INFO] [1499253223.875470]: Requesting a plan...
[INFO] [1499253224.048599]: Received trajectory! As requested, waiting -0.000779885s before starting...
[INFO] [1499253224.049018]: Waiting a bit more (0.0s) to give the robot time to prepare...
[INFO] [1499253224.049352]: Starting to play trajectory!
[INFO] [1499253224.050033]: Done 0%
[INFO] [1499253224.151319]: Done 2%
[INFO] [1499253224.252603]: Done 5%
[INFO] [1499253224.355043]: Done 8%
[INFO] [1499253224.456330]: Done 11%
[INFO] [1499253224.557380]: Done 13%
[INFO] [1499253224.658272]: Done 16%
[INFO] [1499253224.759914]: Done 19%
[INFO] [1499253224.860832]: Done 22%
[INFO] [1499253224.963918]: Done 25%
[INFO] [1499253225.064847]: Done 27%
[INFO] [1499253225.165935]: Done 30%
[INFO] [1499253225.266970]: Done 33%
[INFO] [1499253225.368006]: Done 36%
[INFO] [1499253225.468898]: Done 38%
[INFO] [1499253225.569944]: Done 41%
[INFO] [1499253225.670987]: Done 44%
[INFO] [1499253225.772226]: Done 47%
[INFO] [1499253225.877142]: Done 50%
[INFO] [1499253225.979852]: Done 52%
[INFO] [1499253226.080785]: Done 55%
[INFO] [1499253226.181708]: Done 58%
[INFO] [1499253226.282829]: Done 61%
[INFO] [1499253226.383884]: Done 63%
[INFO] [1499253226.484915]: Done 66%
[INFO] [1499253226.585782]: Done 69%
[INFO] [1499253226.687474]: Done 72%
[INFO] [1499253226.788469]: Done 75%
[INFO] [1499253226.889513]: Done 77%
[INFO] [1499253226.990530]: Done 80%
[INFO] [1499253227.091439]: Done 83%
[INFO] [1499253227.193274]: Done 86%
[INFO] [1499253227.294252]: Done 88%
[INFO] [1499253227.395281]: Done 91%
[INFO] [1499253227.498664]: Done 94%
[INFO] [1499253227.599920]: /move_sandbox_items: Succeeded
[INFO] [1499253230.314924]: /move_sandbox_items: Received a request to move girl to 0.39, -0.07. Let's do that
[INFO] [1499253230.315662]: Moving girl to -0.06,0.04
[INFO] [1499253230.315865]: Requesting a plan...
[INFO] [1499253230.448279]: Received trajectory! As requested, waiting -0.000422958s before starting...
[INFO] [1499253230.448637]: Waiting a bit more (0.0s) to give the robot time to prepare...
[INFO] [1499253230.448872]: Starting to play trajectory!
[INFO] [1499253230.449459]: Done 0%
[INFO] [1499253230.550403]: Done 6%
[INFO] [1499253230.651549]: Done 12%
[INFO] [1499253230.752682]: Done 18%
[INFO] [1499253230.854047]: Done 25%
[INFO] [1499253230.954851]: Done 31%
[INFO] [1499253231.055791]: Done 37%
[INFO] [1499253231.156950]: Done 43%
[INFO] [1499253231.257934]: Done 50%
[INFO] [1499253231.359152]: Done 56%
[INFO] [1499253231.460472]: Done 62%
[INFO] [1499253231.561566]: Done 68%
[INFO] [1499253231.662822]: Done 75%
[INFO] [1499253231.763706]: Done 81%
[INFO] [1499253231.866120]: Done 87%
[INFO] [1499253231.967203]: /move_sandbox_items: Succeeded
[INFO] [1499253234.304826]: /move_sandbox_items: Received a request to move boy to 0.06, -0.06. Let's do that
[INFO] [1499253234.305512]: Moving boy to -0.32,0.20
[INFO] [1499253234.306235]: Requesting a plan...
[INFO] [1499253234.449679]: Received trajectory! As requested, waiting -0.001565892s before starting...
[INFO] [1499253234.450124]: Waiting a bit more (0.0s) to give the robot time to prepare...
[INFO] [1499253234.450440]: Starting to play trajectory!
[INFO] [1499253234.450945]: Done 0%
[INFO] [1499253234.551985]: Done 1%
[INFO] [1499253234.652831]: Done 2%
[INFO] [1499253234.753910]: Done 3%
[INFO] [1499253234.855352]: Done 5%
[INFO] [1499253234.956491]: Done 6%
[INFO] [1499253235.057555]: Done 7%
[INFO] [1499253235.159539]: Done 9%
[INFO] [1499253235.260545]: Done 10%
[INFO] [1499253235.361478]: Done 11%
[INFO] [1499253235.462446]: Done 13%
[INFO] [1499253235.563429]: Done 14%
[INFO] [1499253235.665219]: Done 15%
[INFO] [1499253235.766239]: Done 17%
[INFO] [1499253235.868136]: Done 18%
[INFO] [1499253235.969137]: Done 19%
[INFO] [1499253236.069983]: Done 21%
[INFO] [1499253236.170811]: Done 22%
[INFO] [1499253236.271897]: Done 23%
[INFO] [1499253236.372873]: Done 25%
[INFO] [1499253236.474336]: Done 26%
[INFO] [1499253236.575444]: Done 27%
[INFO] [1499253236.676727]: Done 28%
[INFO] [1499253236.777823]: Done 30%
[INFO] [1499253236.880618]: Done 31%
[INFO] [1499253236.981812]: Done 32%
[INFO] [1499253237.083758]: Done 34%
[INFO] [1499253237.184925]: Done 35%
[INFO] [1499253237.285987]: Done 36%
[INFO] [1499253237.386850]: Done 38%
[INFO] [1499253237.487835]: Done 39%
[INFO] [1499253237.588809]: Done 40%
[INFO] [1499253237.689862]: Done 42%
[INFO] [1499253237.791027]: Done 43%
[INFO] [1499253237.892188]: Done 44%
[INFO] [1499253237.993268]: Done 46%
[INFO] [1499253238.094328]: Done 47%
[INFO] [1499253238.195339]: Done 48%
[INFO] [1499253238.296235]: Done 50%
[INFO] [1499253238.397047]: Done 51%
[INFO] [1499253238.497972]: Done 52%
[INFO] [1499253238.598969]: Done 53%
[INFO] [1499253238.700096]: Done 55%
[INFO] [1499253238.801289]: Done 56%
[INFO] [1499253238.905440]: Done 57%
[INFO] [1499253239.006338]: Done 59%
[INFO] [1499253239.108057]: Done 60%
[INFO] [1499253239.209909]: Done 61%
[INFO] [1499253239.311721]: Done 63%
[INFO] [1499253239.412981]: Done 64%
[INFO] [1499253239.513995]: Done 65%
[INFO] [1499253239.615209]: Done 67%
[INFO] [1499253239.719697]: Done 68%
[INFO] [1499253239.820832]: Done 69%
[INFO] [1499253239.922158]: Done 71%
[INFO] [1499253240.023321]: Done 72%
[INFO] [1499253240.124391]: Done 73%
[INFO] [1499253240.225467]: Done 75%
[INFO] [1499253240.326532]: Done 76%
[INFO] [1499253240.427530]: Done 77%
[INFO] [1499253240.528436]: Done 78%
[INFO] [1499253240.629678]: Done 80%
[INFO] [1499253240.730648]: Done 81%
[INFO] [1499253240.831663]: Done 82%
[INFO] [1499253240.932613]: Done 84%
[INFO] [1499253241.034299]: Done 85%
[INFO] [1499253241.138200]: Done 86%
[INFO] [1499253241.239714]: Done 88%
[INFO] [1499253241.340632]: Done 89%
[INFO] [1499253241.441844]: Done 90%
[INFO] [1499253241.542778]: Done 92%
[INFO] [1499253241.643796]: Done 93%
[INFO] [1499253241.745135]: Done 94%
[INFO] [1499253241.846121]: Done 96%
[INFO] [1499253241.947838]: Done 97%
[INFO] [1499253242.049131]: /move_sandbox_items: Succeeded
[INFO] [1499253244.165758]: /move_sandbox_items: Received a request to move crocodile to 0.27, -0.15. Let's do that
[INFO] [1499253244.166478]: Moving crocodile to 0.15,-0.07
[INFO] [1499253244.166801]: Requesting a plan...
[INFO] [1499253244.248770]: Received trajectory! As requested, waiting -0.000898131s before starting...
[INFO] [1499253244.249329]: Waiting a bit more (0.0s) to give the robot time to prepare...
[INFO] [1499253244.249754]: Starting to play trajectory!
[INFO] [1499253244.250294]: Done 0%
[INFO] [1499253244.351282]: Done 3%
[INFO] [1499253244.452474]: Done 6%
[INFO] [1499253244.555755]: Done 9%
[INFO] [1499253244.656802]: Done 12%
[INFO] [1499253244.757963]: Done 16%
[INFO] [1499253244.858902]: Done 19%
[INFO] [1499253244.959903]: Done 22%
[INFO] [1499253245.061075]: Done 25%
[INFO] [1499253245.162025]: Done 29%
[INFO] [1499253245.262909]: Done 32%
[INFO] [1499253245.363852]: Done 35%
[INFO] [1499253245.464817]: Done 38%
[INFO] [1499253245.565716]: Done 41%
[INFO] [1499253245.667914]: Done 45%
[INFO] [1499253245.769262]: Done 48%
[INFO] [1499253245.870604]: Done 51%
[INFO] [1499253245.971696]: Done 54%
[INFO] [1499253246.072700]: Done 58%
[INFO] [1499253246.173659]: Done 61%
[INFO] [1499253246.274611]: Done 64%
[INFO] [1499253246.375604]: Done 67%
[INFO] [1499253246.476640]: Done 70%
[INFO] [1499253246.577667]: Done 74%
[INFO] [1499253246.678590]: Done 77%
[INFO] [1499253246.780264]: Done 80%
[INFO] [1499253246.881274]: Done 83%
[INFO] [1499253246.982251]: Done 87%
[INFO] [1499253247.083285]: Done 90%
[INFO] [1499253247.184244]: Done 93%
[INFO] [1499253247.285367]: /move_sandbox_items: Succeeded
[INFO] [1499253250.257462]: /move_sandbox_items: Received a request to move crocodile to 0.27, -0.15. Let's do that
[INFO] [1499253250.258195]: Moving crocodile to 0.06,-0.02
[INFO] [1499253250.258514]: Requesting a plan...
[INFO] [1499253250.448256]: Received trajectory! As requested, waiting -0.000350535s before starting...
[INFO] [1499253250.448818]: Waiting a bit more (0.0s) to give the robot time to prepare...
[INFO] [1499253250.449189]: Starting to play trajectory!
[INFO] [1499253250.449887]: Done 0%
[INFO] [1499253250.551280]: Done 11%
[INFO] [1499253250.652703]: Done 22%
[INFO] [1499253250.755285]: Done 33%
[INFO] [1499253250.856248]: Done 44%
[INFO] [1499253250.957347]: Done 55%
[INFO] [1499253251.058407]: Done 66%
[INFO] [1499253251.159469]: Done 77%
[INFO] [1499253251.260652]: /move_sandbox_items: Succeeded
[INFO] [1499253331.716917]: /move_sandbox_items: Received a request to move elephant to 0.39, -0.07. Let's do that
[INFO] [1499253331.717755]: Moving elephant to 0.01,-0.07
[INFO] [1499253331.718044]: Requesting a plan...
[INFO] [1499253331.849347]: Received trajectory! As requested, waiting -0.000910171s before starting...
[INFO] [1499253331.850404]: Waiting a bit more (0.0s) to give the robot time to prepare...
[INFO] [1499253331.851079]: Starting to play trajectory!
[INFO] [1499253331.851733]: Done 0%
[INFO] [1499253331.952856]: Done 8%
[INFO] [1499253332.054057]: Done 16%
[INFO] [1499253332.155068]: Done 25%
[INFO] [1499253332.256006]: Done 33%
[INFO] [1499253332.357069]: Done 41%
[INFO] [1499253332.458151]: Done 50%
[INFO] [1499253332.559279]: Done 58%
[INFO] [1499253332.660823]: Done 66%
[INFO] [1499253332.761927]: Done 75%
[INFO] [1499253332.862827]: Done 83%
[INFO] [1499253332.964353]: /move_sandbox_items: Succeeded
[INFO] [1499253335.200068]: /move_sandbox_items: Received a request to move lion to 0.49, -0.06. Let's do that
[INFO] [1499253335.200789]: Moving lion to 0.12,0.07
[INFO] [1499253335.201144]: Requesting a plan...
[INFO] [1499253335.248579]: Received trajectory! As requested, waiting -0.000715762s before starting...
[INFO] [1499253335.249121]: Waiting a bit more (0.0s) to give the robot time to prepare...
[INFO] [1499253335.249579]: Starting to play trajectory!
[INFO] [1499253335.250189]: Done 0%
[INFO] [1499253335.351044]: Done 4%
[INFO] [1499253335.452137]: Done 8%
[INFO] [1499253335.553166]: Done 13%
[INFO] [1499253335.654285]: Done 17%
[INFO] [1499253335.755278]: Done 21%
[INFO] [1499253335.856569]: Done 26%
[INFO] [1499253335.957435]: Done 30%
[INFO] [1499253336.058379]: Done 34%
[INFO] [1499253336.159731]: Done 39%
[INFO] [1499253336.260734]: Done 43%
[INFO] [1499253336.361698]: Done 47%
[INFO] [1499253336.462762]: Done 52%
[INFO] [1499253336.563671]: Done 56%
[INFO] [1499253336.664755]: Done 60%
[INFO] [1499253336.765637]: Done 65%
[INFO] [1499253336.866633]: Done 69%
[INFO] [1499253336.967754]: Done 73%
[INFO] [1499253337.068858]: Done 78%
[INFO] [1499253337.170544]: Done 82%
[INFO] [1499253337.271748]: Done 86%
[INFO] [1499253337.372751]: Done 91%
[INFO] [1499253337.473882]: /move_sandbox_items: Succeeded
[INFO] [1499253357.854054]: /move_sandbox_items: Received a request to move elephant to 0.39, -0.07. Let's do that
[INFO] [1499253357.854861]: Moving elephant to -0.04,0.04
[INFO] [1499253357.855100]: Requesting a plan...
[INFO] [1499253358.048371]: Received trajectory! As requested, waiting -0.000552095s before starting...
[INFO] [1499253358.048780]: Waiting a bit more (0.0s) to give the robot time to prepare...
[INFO] [1499253358.049127]: Starting to play trajectory!
[INFO] [1499253358.049552]: Done 0%
[INFO] [1499253358.150457]: Done 7%
[INFO] [1499253358.251472]: Done 15%
[INFO] [1499253358.352384]: Done 23%
[INFO] [1499253358.453741]: Done 30%
[INFO] [1499253358.554895]: Done 38%
[INFO] [1499253358.655769]: Done 46%
[INFO] [1499253358.756646]: Done 53%
[INFO] [1499253358.857958]: Done 61%
[INFO] [1499253358.958839]: Done 69%
[INFO] [1499253359.059924]: Done 76%
[INFO] [1499253359.161417]: Done 84%
[INFO] [1499253359.262638]: /move_sandbox_items: Succeeded
[INFO] [1499253362.339068]: /move_sandbox_items: Received a request to move ball to 0.06, -0.06. Let's do that
[INFO] [1499253362.339929]: Moving ball to 0.30,0.16
[INFO] [1499253362.340311]: Requesting a plan...
[INFO] [1499253362.450126]: Received trajectory! As requested, waiting -0.001872117s before starting...
[INFO] [1499253362.450641]: Waiting a bit more (0.0s) to give the robot time to prepare...
[INFO] [1499253362.450957]: Starting to play trajectory!
[INFO] [1499253362.451401]: Done 0%
[INFO] [1499253362.552134]: Done 1%
[INFO] [1499253362.653262]: Done 2%
[INFO] [1499253362.754226]: Done 4%
[INFO] [1499253362.855121]: Done 5%
[INFO] [1499253362.956271]: Done 7%
[INFO] [1499253363.057367]: Done 8%
[INFO] [1499253363.158207]: Done 10%
[INFO] [1499253363.259669]: Done 11%
[INFO] [1499253363.361133]: Done 13%
[INFO] [1499253363.462120]: Done 14%
[INFO] [1499253363.563070]: Done 16%
[INFO] [1499253363.664088]: Done 17%
[INFO] [1499253363.765065]: Done 19%
[INFO] [1499253363.866053]: Done 20%
[INFO] [1499253363.966993]: Done 22%
[INFO] [1499253364.067984]: Done 23%
[INFO] [1499253364.169083]: Done 25%
[INFO] [1499253364.270196]: Done 26%
[INFO] [1499253364.371506]: Done 28%
[INFO] [1499253364.472420]: Done 29%
[INFO] [1499253364.573542]: Done 31%
[INFO] [1499253364.674813]: Done 32%
[INFO] [1499253364.776447]: Done 34%
[INFO] [1499253364.879328]: Done 35%
[INFO] [1499253364.980361]: Done 37%
[INFO] [1499253365.081381]: Done 38%
[INFO] [1499253365.182472]: Done 40%
[INFO] [1499253365.285609]: Done 41%
[INFO] [1499253365.386384]: Done 43%
[INFO] [1499253365.487233]: Done 44%
[INFO] [1499253365.588196]: Done 46%
[INFO] [1499253365.689206]: Done 47%
[INFO] [1499253365.790122]: Done 49%
[INFO] [1499253365.891148]: Done 50%
[INFO] [1499253365.992212]: Done 52%
[INFO] [1499253366.093466]: Done 53%
[INFO] [1499253366.194456]: Done 55%
[INFO] [1499253366.295451]: Done 56%
[INFO] [1499253366.396879]: Done 58%
[INFO] [1499253366.497775]: Done 59%
[INFO] [1499253366.598854]: Done 61%
[INFO] [1499253366.699904]: Done 62%
[INFO] [1499253366.800843]: Done 64%
[INFO] [1499253366.901930]: Done 65%
[INFO] [1499253367.002948]: Done 67%
[INFO] [1499253367.103845]: Done 68%
[INFO] [1499253367.204878]: Done 70%
[INFO] [1499253367.305916]: Done 71%
[INFO] [1499253367.407025]: Done 73%
[INFO] [1499253367.508556]: Done 74%
[INFO] [1499253367.615006]: Done 76%
[INFO] [1499253367.716207]: Done 77%
[INFO] [1499253367.817303]: Done 79%
[INFO] [1499253367.920433]: Done 80%
[INFO] [1499253368.021705]: Done 82%
[INFO] [1499253368.122837]: Done 83%
[INFO] [1499253368.224135]: Done 85%
[INFO] [1499253368.325128]: Done 86%
[INFO] [1499253368.426183]: Done 88%
[INFO] [1499253368.527593]: Done 89%
[INFO] [1499253368.628569]: Done 91%
[INFO] [1499253368.729555]: Done 92%
[INFO] [1499253368.830603]: Done 94%
[INFO] [1499253368.931544]: Done 95%
[INFO] [1499253369.035084]: Done 97%
[INFO] [1499253369.136355]: /move_sandbox_items: Succeeded
[INFO] [1499253372.717016]: /move_sandbox_items: Received a request to move hippo to 0.28, -0.15. Let's do that
[INFO] [1499253372.717918]: Moving hippo to -0.04,0.01
[INFO] [1499253372.718162]: Requesting a plan...
[INFO] [1499253372.848688]: Received trajectory! As requested, waiting -0.000429082s before starting...
[INFO] [1499253372.849156]: Waiting a bit more (0.0s) to give the robot time to prepare...
[INFO] [1499253372.849481]: Starting to play trajectory!
[INFO] [1499253372.850115]: Done 0%
[INFO] [1499253372.951115]: Done 12%
[INFO] [1499253373.051995]: Done 25%
[INFO] [1499253373.153079]: Done 37%
[INFO] [1499253373.254056]: Done 50%
[INFO] [1499253373.355006]: Done 62%
[INFO] [1499253373.455993]: Done 75%
[INFO] [1499253373.557183]: /move_sandbox_items: Succeeded
[INFO] [1499253375.024277]: /move_sandbox_items: Received a request to move hippo to 0.29, -0.02. Let's do that
[INFO] [1499253375.024973]: Moving hippo to 0.08,-0.26
[INFO] [1499253375.025265]: Requesting a plan...
[INFO] [1499253375.049612]: Received trajectory! As requested, waiting -0.001375476s before starting...
[INFO] [1499253375.050081]: Waiting a bit more (0.0s) to give the robot time to prepare...
[INFO] [1499253375.050496]: Starting to play trajectory!
[INFO] [1499253375.051000]: Done 0%
[INFO] [1499253375.152320]: Done 1%
[INFO] [1499253375.253702]: Done 3%
[INFO] [1499253375.354902]: Done 5%
[INFO] [1499253375.455918]: Done 7%
[INFO] [1499253375.556908]: Done 9%
[INFO] [1499253375.657833]: Done 10%
[INFO] [1499253375.758894]: Done 12%
[INFO] [1499253375.860024]: Done 14%
[INFO] [1499253375.961141]: Done 16%
[INFO] [1499253376.062269]: Done 18%
[INFO] [1499253376.163263]: Done 20%
[INFO] [1499253376.264645]: Done 21%
[INFO] [1499253376.365533]: Done 23%
[INFO] [1499253376.466598]: Done 25%
[INFO] [1499253376.567625]: Done 27%
[INFO] [1499253376.668556]: Done 29%
[INFO] [1499253376.769470]: Done 30%
[INFO] [1499253376.871110]: Done 32%
[INFO] [1499253376.972099]: Done 34%
[INFO] [1499253377.073114]: Done 36%
[INFO] [1499253377.178174]: Done 38%
[INFO] [1499253377.279854]: Done 40%
[INFO] [1499253377.380762]: Done 41%
[INFO] [1499253377.481957]: Done 43%
[INFO] [1499253377.583412]: Done 45%
[INFO] [1499253377.684391]: Done 47%
[INFO] [1499253377.785214]: Done 49%
[INFO] [1499253377.886467]: Done 50%
[INFO] [1499253377.987919]: Done 52%
[INFO] [1499253378.088854]: Done 54%
[INFO] [1499253378.190325]: Done 56%
[INFO] [1499253378.291563]: Done 58%
[INFO] [1499253378.393005]: Done 60%
[INFO] [1499253378.494066]: Done 61%
[INFO] [1499253378.595380]: Done 63%
[INFO] [1499253378.696463]: Done 65%
[INFO] [1499253378.797519]: Done 67%
[INFO] [1499253378.898542]: Done 69%
[INFO] [1499253378.999441]: Done 70%
[INFO] [1499253379.100980]: Done 72%
[INFO] [1499253379.201883]: Done 74%
[INFO] [1499253379.302899]: Done 76%
[INFO] [1499253379.403787]: Done 78%
[INFO] [1499253379.504864]: Done 80%
[INFO] [1499253379.605813]: Done 81%
[INFO] [1499253379.706854]: Done 83%
[INFO] [1499253379.807832]: Done 85%
[INFO] [1499253379.908724]: Done 87%
[INFO] [1499253380.009658]: Done 89%
[INFO] [1499253380.110634]: Done 90%
[INFO] [1499253380.211661]: Done 92%
[INFO] [1499253380.312780]: Done 94%
[INFO] [1499253380.414267]: Done 96%
[INFO] [1499253380.515662]: /move_sandbox_items: Succeeded
[INFO] [1499253547.710956]: /move_sandbox_items: Received a request to move hippo to 0.29, -0.02. Let's do that
[INFO] [1499253547.715513]: Moving hippo to 0.02,-0.07
[INFO] [1499253547.715852]: Requesting a plan...
[INFO] [1499253547.848684]: Received trajectory! As requested, waiting -0.00051396s before starting...
[INFO] [1499253547.849158]: Waiting a bit more (0.0s) to give the robot time to prepare...
[INFO] [1499253547.849504]: Starting to play trajectory!
[INFO] [1499253547.850118]: Done 0%
[INFO] [1499253547.951118]: Done 7%
[INFO] [1499253548.052237]: Done 14%
[INFO] [1499253548.155011]: Done 21%
[INFO] [1499253548.259438]: Done 28%
[INFO] [1499253548.363516]: Done 35%
[INFO] [1499253548.464906]: Done 42%
[INFO] [1499253548.568053]: Done 50%
[INFO] [1499253548.669007]: Done 57%
[INFO] [1499253548.770086]: Done 64%
[INFO] [1499253548.871104]: Done 71%
[INFO] [1499253548.972428]: Done 78%
[INFO] [1499253549.075070]: Done 85%
[INFO] [1499253549.176196]: /move_sandbox_items: Succeeded
[INFO] [1499253550.545368]: /move_sandbox_items: Received a request to move hippo to 0.28, -0.15. Let's do that
[INFO] [1499253550.546986]: Moving hippo to 0.02,0.14
[INFO] [1499253550.547473]: Requesting a plan...
[INFO] [1499253550.648569]: Received trajectory! As requested, waiting -0.000740124s before starting...
[INFO] [1499253550.648992]: Waiting a bit more (0.0s) to give the robot time to prepare...
[INFO] [1499253550.649288]: Starting to play trajectory!
[INFO] [1499253550.649799]: Done 0%
[INFO] [1499253550.750619]: Done 3%
[INFO] [1499253550.851672]: Done 6%
[INFO] [1499253550.953410]: Done 10%
[INFO] [1499253551.054433]: Done 13%
[INFO] [1499253551.155332]: Done 16%
[INFO] [1499253551.256395]: Done 20%
[INFO] [1499253551.357511]: Done 23%
[INFO] [1499253551.458424]: Done 26%
[INFO] [1499253551.559541]: Done 30%
[INFO] [1499253551.660520]: Done 33%
[INFO] [1499253551.761452]: Done 36%
[INFO] [1499253551.862516]: Done 40%
[INFO] [1499253551.965094]: Done 43%
[INFO] [1499253552.066271]: Done 46%
[INFO] [1499253552.167709]: Done 50%
[INFO] [1499253552.268770]: Done 53%
[INFO] [1499253552.369819]: Done 56%
[INFO] [1499253552.470956]: Done 60%
[INFO] [1499253552.571961]: Done 63%
[INFO] [1499253552.673091]: Done 66%
[INFO] [1499253552.774506]: Done 70%
[INFO] [1499253552.875697]: Done 73%
[INFO] [1499253552.977389]: Done 76%
[INFO] [1499253553.078518]: Done 80%
[INFO] [1499253553.179965]: Done 83%
[INFO] [1499253553.281234]: Done 86%
[INFO] [1499253553.382798]: Done 90%
[INFO] [1499253553.484520]: Done 93%
[INFO] [1499253553.585708]: /move_sandbox_items: Succeeded
