[rospy.client][INFO] 2017-07-05 12:00:42,705: init_node, name[/sandbox_zones_from_image], pid[18633]
[xmlrpc][INFO] 2017-07-05 12:00:42,705: XML-RPC server binding to 0.0.0.0:0
[xmlrpc][INFO] 2017-07-05 12:00:42,706: Started XML-RPC server [http://sandtray-hrilab:43509/]
[rospy.init][INFO] 2017-07-05 12:00:42,706: ROS Slave URI: [http://sandtray-hrilab:43509/]
[rospy.impl.masterslave][INFO] 2017-07-05 12:00:42,706: _ready: http://sandtray-hrilab:43509/
[rospy.registration][INFO] 2017-07-05 12:00:42,707: Registering with master node http://localhost:11311
[xmlrpc][INFO] 2017-07-05 12:00:42,707: xml rpc node: starting XML-RPC server
[rospy.init][INFO] 2017-07-05 12:00:42,806: registered with master
[rospy.rosout][INFO] 2017-07-05 12:00:42,806: initializing /rosout core topic
[rospy.rosout][INFO] 2017-07-05 12:00:42,808: connected to core topic /rosout
[rospy.simtime][INFO] 2017-07-05 12:00:42,809: /use_sim_time is not set, will not subscribe to simulated time [/clock] topic
[rosout][INFO] 2017-07-05 12:00:42,817: Waiting for images of the playground
[rospy.internal][INFO] 2017-07-05 12:00:42,822: topic[/sandtray/background/image] adding connection to [http://sandtray-hrilab:36952/], count 0
[rospy.internal][INFO] 2017-07-05 12:00:42,822: topic[/sandtray/background/camera_info] adding connection to [http://sandtray-hrilab:36952/], count 0
[rosout][INFO] 2017-07-05 12:00:42,834: Received the playground image. Detecting zones...
[rosout][INFO] 2017-07-05 12:00:42,850: Publishing the detected zones on /zones
[rospy.internal][INFO] 2017-07-05 12:00:43,062: topic[/rosout] adding connection to [/rosout], count 0
[rosout][INFO] 2017-07-05 12:02:17,297: Received the playground image. Detecting zones...
[rosout][INFO] 2017-07-05 12:02:17,309: Publishing the detected zones on /zones
[rosout][INFO] 2017-07-05 12:02:38,286: Received the playground image. Detecting zones...
[rosout][INFO] 2017-07-05 12:02:38,300: Publishing the detected zones on /zones
[rosout][INFO] 2017-07-05 12:02:43,550: Received the playground image. Detecting zones...
[rosout][INFO] 2017-07-05 12:02:43,566: Publishing the detected zones on /zones
[rosout][INFO] 2017-07-05 12:02:43,815: Received the playground image. Detecting zones...
[rosout][INFO] 2017-07-05 12:02:43,831: Publishing the detected zones on /zones
[rosout][INFO] 2017-07-05 12:02:44,541: Received the playground image. Detecting zones...
[rosout][INFO] 2017-07-05 12:02:44,554: Publishing the detected zones on /zones
[rosout][INFO] 2017-07-05 12:02:54,025: Received the playground image. Detecting zones...
[rosout][INFO] 2017-07-05 12:02:54,036: Publishing the detected zones on /zones
[rosout][INFO] 2017-07-05 12:02:59,020: Received the playground image. Detecting zones...
[rosout][INFO] 2017-07-05 12:02:59,032: Publishing the detected zones on /zones
[rosout][INFO] 2017-07-05 12:02:59,778: Received the playground image. Detecting zones...
[rosout][INFO] 2017-07-05 12:02:59,796: Publishing the detected zones on /zones
[rosout][INFO] 2017-07-05 12:03:01,032: Received the playground image. Detecting zones...
[rosout][INFO] 2017-07-05 12:03:01,044: Publishing the detected zones on /zones
[rosout][INFO] 2017-07-05 12:03:01,529: Received the playground image. Detecting zones...
[rosout][INFO] 2017-07-05 12:03:01,545: Publishing the detected zones on /zones
[rosout][INFO] 2017-07-05 12:03:02,281: Received the playground image. Detecting zones...
[rosout][INFO] 2017-07-05 12:03:02,292: Publishing the detected zones on /zones
[rosout][INFO] 2017-07-05 12:03:03,021: Received the playground image. Detecting zones...
[rosout][INFO] 2017-07-05 12:03:03,032: Publishing the detected zones on /zones
[rosout][INFO] 2017-07-05 12:03:03,545: Received the playground image. Detecting zones...
[rosout][INFO] 2017-07-05 12:03:03,559: Publishing the detected zones on /zones
[rosout][INFO] 2017-07-05 12:03:04,283: Received the playground image. Detecting zones...
[rosout][INFO] 2017-07-05 12:03:04,295: Publishing the detected zones on /zones
[rosout][INFO] 2017-07-05 12:03:05,018: Received the playground image. Detecting zones...
[rosout][INFO] 2017-07-05 12:03:05,030: Publishing the detected zones on /zones
[rosout][INFO] 2017-07-05 12:03:05,531: Received the playground image. Detecting zones...
[rosout][INFO] 2017-07-05 12:03:05,548: Publishing the detected zones on /zones
[rosout][INFO] 2017-07-05 12:03:06,060: Received the playground image. Detecting zones...
[rosout][INFO] 2017-07-05 12:03:06,072: Publishing the detected zones on /zones
[rosout][INFO] 2017-07-05 12:03:06,283: Received the playground image. Detecting zones...
[rosout][INFO] 2017-07-05 12:03:06,297: Publishing the detected zones on /zones
[rosout][INFO] 2017-07-05 12:03:06,543: Received the playground image. Detecting zones...
[rosout][INFO] 2017-07-05 12:03:06,555: Publishing the detected zones on /zones
[rosout][INFO] 2017-07-05 12:03:06,803: Received the playground image. Detecting zones...
[rosout][INFO] 2017-07-05 12:03:06,818: Publishing the detected zones on /zones
[rosout][INFO] 2017-07-05 12:03:10,844: Received the playground image. Detecting zones...
[rosout][INFO] 2017-07-05 12:03:10,863: Publishing the detected zones on /zones
[rosout][INFO] 2017-07-05 12:03:11,023: Received the playground image. Detecting zones...
[rosout][INFO] 2017-07-05 12:03:11,037: Publishing the detected zones on /zones
[rosout][INFO] 2017-07-05 12:03:14,284: Received the playground image. Detecting zones...
[rosout][INFO] 2017-07-05 12:03:14,297: Publishing the detected zones on /zones
[rosout][INFO] 2017-07-05 12:08:03,293: Received the playground image. Detecting zones...
[rosout][INFO] 2017-07-05 12:08:03,307: Publishing the detected zones on /zones
[rospy.internal][INFO] 2017-07-05 12:08:03,921: topic[/zones] adding connection to [/rosbag_record_freeplay_sandbox], count 0
[rospy.internal][INFO] 2017-07-05 12:08:04,461: topic[/zones] adding connection to [/sandbox_play], count 1
[rosout][INFO] 2017-07-05 12:08:33,823: Received the playground image. Detecting zones...
[rosout][INFO] 2017-07-05 12:08:33,844: Publishing the detected zones on /zones
[rosout][INFO] 2017-07-05 12:09:03,062: Received the playground image. Detecting zones...
[rosout][INFO] 2017-07-05 12:09:03,088: Publishing the detected zones on /zones
[rosout][INFO] 2017-07-05 12:09:04,081: Received the playground image. Detecting zones...
[rosout][INFO] 2017-07-05 12:09:04,099: Publishing the detected zones on /zones
[rosout][INFO] 2017-07-05 12:09:07,052: Received the playground image. Detecting zones...
[rosout][INFO] 2017-07-05 12:09:07,073: Publishing the detected zones on /zones
[rosout][INFO] 2017-07-05 12:09:08,055: Received the playground image. Detecting zones...
[rosout][INFO] 2017-07-05 12:09:08,072: Publishing the detected zones on /zones
[rosout][INFO] 2017-07-05 12:09:08,811: Received the playground image. Detecting zones...
[rosout][INFO] 2017-07-05 12:09:08,831: Publishing the detected zones on /zones
[rosout][INFO] 2017-07-05 12:09:09,555: Received the playground image. Detecting zones...
[rosout][INFO] 2017-07-05 12:09:09,574: Publishing the detected zones on /zones
[rosout][INFO] 2017-07-05 12:09:11,059: Received the playground image. Detecting zones...
[rosout][INFO] 2017-07-05 12:09:11,081: Publishing the detected zones on /zones
[rosout][INFO] 2017-07-05 12:09:13,797: Received the playground image. Detecting zones...
[rosout][INFO] 2017-07-05 12:09:13,814: Publishing the detected zones on /zones
[rosout][INFO] 2017-07-05 12:09:14,306: Received the playground image. Detecting zones...
[rosout][INFO] 2017-07-05 12:09:14,323: Publishing the detected zones on /zones
[rosout][INFO] 2017-07-05 12:09:14,827: Received the playground image. Detecting zones...
[rosout][INFO] 2017-07-05 12:09:14,848: Publishing the detected zones on /zones
[rosout][INFO] 2017-07-05 12:09:15,805: Received the playground image. Detecting zones...
[rosout][INFO] 2017-07-05 12:09:15,824: Publishing the detected zones on /zones
[rosout][INFO] 2017-07-05 12:09:18,300: Received the playground image. Detecting zones...
[rosout][INFO] 2017-07-05 12:09:18,317: Publishing the detected zones on /zones
[rosout][INFO] 2017-07-05 12:09:20,056: Received the playground image. Detecting zones...
[rosout][INFO] 2017-07-05 12:09:20,078: Publishing the detected zones on /zones
[rosout][INFO] 2017-07-05 12:09:32,869: Received the playground image. Detecting zones...
[rosout][INFO] 2017-07-05 12:09:32,902: Publishing the detected zones on /zones
[rosout][INFO] 2017-07-05 12:09:33,057: Received the playground image. Detecting zones...
[rosout][INFO] 2017-07-05 12:09:33,080: Publishing the detected zones on /zones
[rosout][INFO] 2017-07-05 12:09:33,306: Received the playground image. Detecting zones...
[rosout][INFO] 2017-07-05 12:09:33,322: Publishing the detected zones on /zones
[rosout][INFO] 2017-07-05 12:09:34,296: Received the playground image. Detecting zones...
[rosout][INFO] 2017-07-05 12:09:34,313: Publishing the detected zones on /zones
[rosout][INFO] 2017-07-05 12:09:35,311: Received the playground image. Detecting zones...
[rosout][INFO] 2017-07-05 12:09:35,325: Publishing the detected zones on /zones
[rosout][INFO] 2017-07-05 12:09:36,058: Received the playground image. Detecting zones...
[rosout][INFO] 2017-07-05 12:09:36,073: Publishing the detected zones on /zones
[rosout][INFO] 2017-07-05 12:09:36,815: Received the playground image. Detecting zones...
[rosout][INFO] 2017-07-05 12:09:36,835: Publishing the detected zones on /zones
[rosout][INFO] 2017-07-05 12:09:37,544: Received the playground image. Detecting zones...
[rosout][INFO] 2017-07-05 12:09:37,562: Publishing the detected zones on /zones
[rosout][INFO] 2017-07-05 12:09:38,549: Received the playground image. Detecting zones...
[rosout][INFO] 2017-07-05 12:09:38,566: Publishing the detected zones on /zones
[rosout][INFO] 2017-07-05 12:09:39,075: Received the playground image. Detecting zones...
[rosout][INFO] 2017-07-05 12:09:39,099: Publishing the detected zones on /zones
[rosout][INFO] 2017-07-05 12:09:39,808: Received the playground image. Detecting zones...
[rosout][INFO] 2017-07-05 12:09:39,834: Publishing the detected zones on /zones
[rosout][INFO] 2017-07-05 12:09:40,549: Received the playground image. Detecting zones...
[rosout][INFO] 2017-07-05 12:09:40,575: Publishing the detected zones on /zones
[rosout][INFO] 2017-07-05 12:09:41,060: Received the playground image. Detecting zones...
[rosout][INFO] 2017-07-05 12:09:41,082: Publishing the detected zones on /zones
[rosout][INFO] 2017-07-05 12:09:41,558: Received the playground image. Detecting zones...
[rosout][INFO] 2017-07-05 12:09:41,574: Publishing the detected zones on /zones
[rosout][INFO] 2017-07-05 12:09:42,039: Received the playground image. Detecting zones...
[rosout][INFO] 2017-07-05 12:09:42,055: Publishing the detected zones on /zones
[rosout][INFO] 2017-07-05 12:09:42,573: Received the playground image. Detecting zones...
[rosout][INFO] 2017-07-05 12:09:42,587: Publishing the detected zones on /zones
[rosout][INFO] 2017-07-05 12:09:43,048: Received the playground image. Detecting zones...
[rosout][INFO] 2017-07-05 12:09:43,065: Publishing the detected zones on /zones
[rosout][INFO] 2017-07-05 12:09:43,558: Received the playground image. Detecting zones...
[rosout][INFO] 2017-07-05 12:09:43,578: Publishing the detected zones on /zones
[rosout][INFO] 2017-07-05 12:09:44,063: Received the playground image. Detecting zones...
[rosout][INFO] 2017-07-05 12:09:44,086: Publishing the detected zones on /zones
[rosout][INFO] 2017-07-05 12:09:44,556: Received the playground image. Detecting zones...
[rosout][INFO] 2017-07-05 12:09:44,577: Publishing the detected zones on /zones
[rosout][INFO] 2017-07-05 12:09:44,806: Received the playground image. Detecting zones...
[rosout][INFO] 2017-07-05 12:09:44,825: Publishing the detected zones on /zones
[rosout][INFO] 2017-07-05 12:09:45,314: Received the playground image. Detecting zones...
[rosout][INFO] 2017-07-05 12:09:45,331: Publishing the detected zones on /zones
[rosout][INFO] 2017-07-05 12:09:45,816: Received the playground image. Detecting zones...
[rosout][INFO] 2017-07-05 12:09:45,834: Publishing the detected zones on /zones
[rosout][INFO] 2017-07-05 12:09:46,565: Received the playground image. Detecting zones...
[rosout][INFO] 2017-07-05 12:09:46,581: Publishing the detected zones on /zones
[rosout][INFO] 2017-07-05 12:09:47,049: Received the playground image. Detecting zones...
[rosout][INFO] 2017-07-05 12:09:47,064: Publishing the detected zones on /zones
[rosout][INFO] 2017-07-05 12:09:47,366: Received the playground image. Detecting zones...
[rosout][INFO] 2017-07-05 12:09:47,388: Publishing the detected zones on /zones
[rosout][INFO] 2017-07-05 12:09:47,549: Received the playground image. Detecting zones...
[rosout][INFO] 2017-07-05 12:09:47,567: Publishing the detected zones on /zones
[rosout][INFO] 2017-07-05 12:09:48,056: Received the playground image. Detecting zones...
[rosout][INFO] 2017-07-05 12:09:48,078: Publishing the detected zones on /zones
[rosout][INFO] 2017-07-05 12:09:48,548: Received the playground image. Detecting zones...
[rosout][INFO] 2017-07-05 12:09:48,567: Publishing the detected zones on /zones
[rosout][INFO] 2017-07-05 12:09:49,069: Received the playground image. Detecting zones...
[rosout][INFO] 2017-07-05 12:09:49,091: Publishing the detected zones on /zones
[rosout][INFO] 2017-07-05 12:09:49,802: Received the playground image. Detecting zones...
[rosout][INFO] 2017-07-05 12:09:49,827: Publishing the detected zones on /zones
[rosout][INFO] 2017-07-05 12:09:50,050: Received the playground image. Detecting zones...
[rosout][INFO] 2017-07-05 12:09:50,075: Publishing the detected zones on /zones
[rosout][INFO] 2017-07-05 12:09:50,305: Received the playground image. Detecting zones...
[rosout][INFO] 2017-07-05 12:09:50,323: Publishing the detected zones on /zones
[rosout][INFO] 2017-07-05 12:09:50,560: Received the playground image. Detecting zones...
[rosout][INFO] 2017-07-05 12:09:50,576: Publishing the detected zones on /zones
[rosout][INFO] 2017-07-05 12:09:51,062: Received the playground image. Detecting zones...
[rosout][INFO] 2017-07-05 12:09:51,081: Publishing the detected zones on /zones
[rosout][INFO] 2017-07-05 12:09:51,562: Received the playground image. Detecting zones...
[rosout][INFO] 2017-07-05 12:09:51,578: Publishing the detected zones on /zones
[rosout][INFO] 2017-07-05 12:09:52,054: Received the playground image. Detecting zones...
[rosout][INFO] 2017-07-05 12:09:52,078: Publishing the detected zones on /zones
[rosout][INFO] 2017-07-05 12:09:52,331: Received the playground image. Detecting zones...
[rosout][INFO] 2017-07-05 12:09:52,350: Publishing the detected zones on /zones
[rosout][INFO] 2017-07-05 12:09:52,563: Received the playground image. Detecting zones...
[rosout][INFO] 2017-07-05 12:09:52,578: Publishing the detected zones on /zones
[rosout][INFO] 2017-07-05 12:09:52,874: Received the playground image. Detecting zones...
[rosout][INFO] 2017-07-05 12:09:52,897: Publishing the detected zones on /zones
[rosout][INFO] 2017-07-05 12:09:53,065: Received the playground image. Detecting zones...
[rosout][INFO] 2017-07-05 12:09:53,104: Publishing the detected zones on /zones
[rosout][INFO] 2017-07-05 12:09:53,305: Received the playground image. Detecting zones...
[rosout][INFO] 2017-07-05 12:09:53,323: Publishing the detected zones on /zones
[rosout][INFO] 2017-07-05 12:09:53,798: Received the playground image. Detecting zones...
[rosout][INFO] 2017-07-05 12:09:53,816: Publishing the detected zones on /zones
[rosout][INFO] 2017-07-05 12:09:54,081: Received the playground image. Detecting zones...
[rosout][INFO] 2017-07-05 12:09:54,104: Publishing the detected zones on /zones
[rosout][INFO] 2017-07-05 12:09:56,065: Received the playground image. Detecting zones...
[rosout][INFO] 2017-07-05 12:09:56,083: Publishing the detected zones on /zones
[rosout][INFO] 2017-07-05 12:09:58,101: Received the playground image. Detecting zones...
[rosout][INFO] 2017-07-05 12:09:58,123: Publishing the detected zones on /zones
[rosout][INFO] 2017-07-05 12:09:59,578: Received the playground image. Detecting zones...
[rosout][INFO] 2017-07-05 12:09:59,603: Publishing the detected zones on /zones
[rosout][INFO] 2017-07-05 12:09:59,801: Received the playground image. Detecting zones...
[rosout][INFO] 2017-07-05 12:09:59,819: Publishing the detected zones on /zones
[rosout][INFO] 2017-07-05 12:10:01,311: Received the playground image. Detecting zones...
[rosout][INFO] 2017-07-05 12:10:01,329: Publishing the detected zones on /zones
[rosout][INFO] 2017-07-05 12:10:01,808: Received the playground image. Detecting zones...
[rosout][INFO] 2017-07-05 12:10:01,824: Publishing the detected zones on /zones
[rosout][INFO] 2017-07-05 12:10:02,337: Received the playground image. Detecting zones...
[rosout][INFO] 2017-07-05 12:10:02,358: Publishing the detected zones on /zones
[rosout][INFO] 2017-07-05 12:10:02,791: Received the playground image. Detecting zones...
[rosout][INFO] 2017-07-05 12:10:02,813: Publishing the detected zones on /zones
[rosout][INFO] 2017-07-05 12:10:03,333: Received the playground image. Detecting zones...
[rosout][INFO] 2017-07-05 12:10:03,349: Publishing the detected zones on /zones
[rosout][INFO] 2017-07-05 12:10:04,063: Received the playground image. Detecting zones...
[rosout][INFO] 2017-07-05 12:10:04,078: Publishing the detected zones on /zones
[rosout][INFO] 2017-07-05 12:10:04,551: Received the playground image. Detecting zones...
[rosout][INFO] 2017-07-05 12:10:04,565: Publishing the detected zones on /zones
[rosout][INFO] 2017-07-05 12:10:05,065: Received the playground image. Detecting zones...
[rosout][INFO] 2017-07-05 12:10:05,083: Publishing the detected zones on /zones
[rosout][INFO] 2017-07-05 12:10:05,552: Received the playground image. Detecting zones...
[rosout][INFO] 2017-07-05 12:10:05,569: Publishing the detected zones on /zones
[rosout][INFO] 2017-07-05 12:10:06,061: Received the playground image. Detecting zones...
[rosout][INFO] 2017-07-05 12:10:06,085: Publishing the detected zones on /zones
[rosout][INFO] 2017-07-05 12:10:06,326: Received the playground image. Detecting zones...
[rosout][INFO] 2017-07-05 12:10:06,354: Publishing the detected zones on /zones
[rosout][INFO] 2017-07-05 12:10:06,798: Received the playground image. Detecting zones...
[rosout][INFO] 2017-07-05 12:10:06,824: Publishing the detected zones on /zones
[rosout][INFO] 2017-07-05 12:10:07,296: Received the playground image. Detecting zones...
[rosout][INFO] 2017-07-05 12:10:07,320: Publishing the detected zones on /zones
[rosout][INFO] 2017-07-05 12:10:07,551: Received the playground image. Detecting zones...
[rosout][INFO] 2017-07-05 12:10:07,568: Publishing the detected zones on /zones
[rosout][INFO] 2017-07-05 12:10:23,807: Received the playground image. Detecting zones...
[rosout][INFO] 2017-07-05 12:10:23,824: Publishing the detected zones on /zones
[rosout][INFO] 2017-07-05 12:10:26,094: Received the playground image. Detecting zones...
[rosout][INFO] 2017-07-05 12:10:26,118: Publishing the detected zones on /zones
[rosout][INFO] 2017-07-05 12:10:29,317: Received the playground image. Detecting zones...
[rosout][INFO] 2017-07-05 12:10:29,333: Publishing the detected zones on /zones
[rosout][INFO] 2017-07-05 12:10:40,559: Received the playground image. Detecting zones...
[rosout][INFO] 2017-07-05 12:10:40,586: Publishing the detected zones on /zones
[rosout][INFO] 2017-07-05 12:10:49,067: Received the playground image. Detecting zones...
[rosout][INFO] 2017-07-05 12:10:49,090: Publishing the detected zones on /zones
[rosout][INFO] 2017-07-05 12:10:49,563: Received the playground image. Detecting zones...
[rosout][INFO] 2017-07-05 12:10:49,586: Publishing the detected zones on /zones
[rosout][INFO] 2017-07-05 12:10:50,293: Received the playground image. Detecting zones...
[rosout][INFO] 2017-07-05 12:10:50,310: Publishing the detected zones on /zones
[rosout][INFO] 2017-07-05 12:10:55,353: Received the playground image. Detecting zones...
[rosout][INFO] 2017-07-05 12:10:55,371: Publishing the detected zones on /zones
[rosout][INFO] 2017-07-05 12:10:55,566: Received the playground image. Detecting zones...
[rosout][INFO] 2017-07-05 12:10:55,580: Publishing the detected zones on /zones
[rosout][INFO] 2017-07-05 12:10:56,074: Received the playground image. Detecting zones...
[rosout][INFO] 2017-07-05 12:10:56,092: Publishing the detected zones on /zones
[rosout][INFO] 2017-07-05 12:10:56,803: Received the playground image. Detecting zones...
[rosout][INFO] 2017-07-05 12:10:56,823: Publishing the detected zones on /zones
[rosout][INFO] 2017-07-05 12:10:57,294: Received the playground image. Detecting zones...
[rosout][INFO] 2017-07-05 12:10:57,312: Publishing the detected zones on /zones
[rosout][INFO] 2017-07-05 12:10:57,800: Received the playground image. Detecting zones...
[rosout][INFO] 2017-07-05 12:10:57,821: Publishing the detected zones on /zones
[rosout][INFO] 2017-07-05 12:10:58,316: Received the playground image. Detecting zones...
[rosout][INFO] 2017-07-05 12:10:58,336: Publishing the detected zones on /zones
[rosout][INFO] 2017-07-05 12:10:58,821: Received the playground image. Detecting zones...
[rosout][INFO] 2017-07-05 12:10:58,847: Publishing the detected zones on /zones
[rosout][INFO] 2017-07-05 12:10:59,563: Received the playground image. Detecting zones...
[rosout][INFO] 2017-07-05 12:10:59,581: Publishing the detected zones on /zones
[rosout][INFO] 2017-07-05 12:10:59,864: Received the playground image. Detecting zones...
[rosout][INFO] 2017-07-05 12:10:59,889: Publishing the detected zones on /zones
[rosout][INFO] 2017-07-05 12:11:00,543: Received the playground image. Detecting zones...
[rosout][INFO] 2017-07-05 12:11:00,558: Publishing the detected zones on /zones
[rosout][INFO] 2017-07-05 12:11:01,068: Received the playground image. Detecting zones...
[rosout][INFO] 2017-07-05 12:11:01,093: Publishing the detected zones on /zones
[rosout][INFO] 2017-07-05 12:11:01,362: Received the playground image. Detecting zones...
[rosout][INFO] 2017-07-05 12:11:01,380: Publishing the detected zones on /zones
[rosout][INFO] 2017-07-05 12:11:01,558: Received the playground image. Detecting zones...
[rosout][INFO] 2017-07-05 12:11:01,580: Publishing the detected zones on /zones
[rosout][INFO] 2017-07-05 12:11:02,050: Received the playground image. Detecting zones...
[rosout][INFO] 2017-07-05 12:11:02,071: Publishing the detected zones on /zones
[rosout][INFO] 2017-07-05 12:11:02,349: Received the playground image. Detecting zones...
[rosout][INFO] 2017-07-05 12:11:02,362: Publishing the detected zones on /zones
[rosout][INFO] 2017-07-05 12:11:02,790: Received the playground image. Detecting zones...
[rosout][INFO] 2017-07-05 12:11:02,812: Publishing the detected zones on /zones
[rosout][INFO] 2017-07-05 12:11:10,072: Received the playground image. Detecting zones...
[rosout][INFO] 2017-07-05 12:11:10,098: Publishing the detected zones on /zones
[rosout][INFO] 2017-07-05 12:11:33,058: Received the playground image. Detecting zones...
[rosout][INFO] 2017-07-05 12:11:33,084: Publishing the detected zones on /zones
[rosout][INFO] 2017-07-05 12:11:33,556: Received the playground image. Detecting zones...
[rosout][INFO] 2017-07-05 12:11:33,579: Publishing the detected zones on /zones
[rosout][INFO] 2017-07-05 12:11:34,322: Received the playground image. Detecting zones...
[rosout][INFO] 2017-07-05 12:11:34,339: Publishing the detected zones on /zones
[rosout][INFO] 2017-07-05 12:11:34,808: Received the playground image. Detecting zones...
[rosout][INFO] 2017-07-05 12:11:34,826: Publishing the detected zones on /zones
[rosout][INFO] 2017-07-05 12:11:35,048: Received the playground image. Detecting zones...
[rosout][INFO] 2017-07-05 12:11:35,067: Publishing the detected zones on /zones
[rosout][INFO] 2017-07-05 12:11:35,313: Received the playground image. Detecting zones...
[rosout][INFO] 2017-07-05 12:11:35,329: Publishing the detected zones on /zones
[rosout][INFO] 2017-07-05 12:11:35,813: Received the playground image. Detecting zones...
[rosout][INFO] 2017-07-05 12:11:35,827: Publishing the detected zones on /zones
[rosout][INFO] 2017-07-05 12:11:36,810: Received the playground image. Detecting zones...
[rosout][INFO] 2017-07-05 12:11:36,824: Publishing the detected zones on /zones
[rosout][INFO] 2017-07-05 12:11:37,313: Received the playground image. Detecting zones...
[rosout][INFO] 2017-07-05 12:11:37,330: Publishing the detected zones on /zones
[rosout][INFO] 2017-07-05 12:11:37,819: Received the playground image. Detecting zones...
[rosout][INFO] 2017-07-05 12:11:37,846: Publishing the detected zones on /zones
[rosout][INFO] 2017-07-05 12:11:40,068: Received the playground image. Detecting zones...
[rosout][INFO] 2017-07-05 12:11:40,091: Publishing the detected zones on /zones
[rosout][INFO] 2017-07-05 12:11:40,565: Received the playground image. Detecting zones...
[rosout][INFO] 2017-07-05 12:11:40,581: Publishing the detected zones on /zones
[rosout][INFO] 2017-07-05 12:11:41,071: Received the playground image. Detecting zones...
[rosout][INFO] 2017-07-05 12:11:41,092: Publishing the detected zones on /zones
[rosout][INFO] 2017-07-05 12:11:41,838: Received the playground image. Detecting zones...
[rosout][INFO] 2017-07-05 12:11:41,857: Publishing the detected zones on /zones
[rosout][INFO] 2017-07-05 12:11:42,567: Received the playground image. Detecting zones...
[rosout][INFO] 2017-07-05 12:11:42,582: Publishing the detected zones on /zones
[rosout][INFO] 2017-07-05 12:11:43,067: Received the playground image. Detecting zones...
[rosout][INFO] 2017-07-05 12:11:43,108: Publishing the detected zones on /zones
[rosout][INFO] 2017-07-05 12:11:44,295: Received the playground image. Detecting zones...
[rosout][INFO] 2017-07-05 12:11:44,311: Publishing the detected zones on /zones
[rosout][INFO] 2017-07-05 12:11:44,572: Received the playground image. Detecting zones...
[rosout][INFO] 2017-07-05 12:11:44,609: Publishing the detected zones on /zones
[rosout][INFO] 2017-07-05 12:11:44,805: Received the playground image. Detecting zones...
[rosout][INFO] 2017-07-05 12:11:44,822: Publishing the detected zones on /zones
[rosout][INFO] 2017-07-05 12:11:45,297: Received the playground image. Detecting zones...
[rosout][INFO] 2017-07-05 12:11:45,309: Publishing the detected zones on /zones
[rosout][INFO] 2017-07-05 12:11:45,807: Received the playground image. Detecting zones...
[rosout][INFO] 2017-07-05 12:11:45,825: Publishing the detected zones on /zones
[rosout][INFO] 2017-07-05 12:11:51,304: Received the playground image. Detecting zones...
[rosout][INFO] 2017-07-05 12:11:51,322: Publishing the detected zones on /zones
[rosout][INFO] 2017-07-05 12:11:55,805: Received the playground image. Detecting zones...
[rosout][INFO] 2017-07-05 12:11:55,828: Publishing the detected zones on /zones
[rosout][INFO] 2017-07-05 12:11:59,334: Received the playground image. Detecting zones...
[rosout][INFO] 2017-07-05 12:11:59,354: Publishing the detected zones on /zones
[rosout][INFO] 2017-07-05 12:12:00,063: Received the playground image. Detecting zones...
[rosout][INFO] 2017-07-05 12:12:00,088: Publishing the detected zones on /zones
[rosout][INFO] 2017-07-05 12:12:00,326: Received the playground image. Detecting zones...
[rosout][INFO] 2017-07-05 12:12:00,343: Publishing the detected zones on /zones
[rosout][INFO] 2017-07-05 12:12:01,056: Received the playground image. Detecting zones...
[rosout][INFO] 2017-07-05 12:12:01,072: Publishing the detected zones on /zones
[rosout][INFO] 2017-07-05 12:12:01,826: Received the playground image. Detecting zones...
[rosout][INFO] 2017-07-05 12:12:01,845: Publishing the detected zones on /zones
[rosout][INFO] 2017-07-05 12:12:02,040: Received the playground image. Detecting zones...
[rosout][INFO] 2017-07-05 12:12:02,057: Publishing the detected zones on /zones
[rosout][INFO] 2017-07-05 12:12:03,793: Received the playground image. Detecting zones...
[rosout][INFO] 2017-07-05 12:12:03,809: Publishing the detected zones on /zones
[rosout][INFO] 2017-07-05 12:12:07,058: Received the playground image. Detecting zones...
[rosout][INFO] 2017-07-05 12:12:07,084: Publishing the detected zones on /zones
[rosout][INFO] 2017-07-05 12:12:07,566: Received the playground image. Detecting zones...
[rosout][INFO] 2017-07-05 12:12:07,592: Publishing the detected zones on /zones
[rosout][INFO] 2017-07-05 12:12:08,055: Received the playground image. Detecting zones...
[rosout][INFO] 2017-07-05 12:12:08,071: Publishing the detected zones on /zones
[rosout][INFO] 2017-07-05 12:12:08,811: Received the playground image. Detecting zones...
[rosout][INFO] 2017-07-05 12:12:08,828: Publishing the detected zones on /zones
[rosout][INFO] 2017-07-05 12:12:09,298: Received the playground image. Detecting zones...
[rosout][INFO] 2017-07-05 12:12:09,327: Publishing the detected zones on /zones
[rosout][INFO] 2017-07-05 12:12:09,569: Received the playground image. Detecting zones...
[rosout][INFO] 2017-07-05 12:12:09,589: Publishing the detected zones on /zones
[rosout][INFO] 2017-07-05 12:12:10,058: Received the playground image. Detecting zones...
[rosout][INFO] 2017-07-05 12:12:10,076: Publishing the detected zones on /zones
[rosout][INFO] 2017-07-05 12:12:13,060: Received the playground image. Detecting zones...
[rosout][INFO] 2017-07-05 12:12:13,087: Publishing the detected zones on /zones
[rosout][INFO] 2017-07-05 12:12:13,562: Received the playground image. Detecting zones...
[rosout][INFO] 2017-07-05 12:12:13,582: Publishing the detected zones on /zones
[rosout][INFO] 2017-07-05 12:12:13,819: Received the playground image. Detecting zones...
[rosout][INFO] 2017-07-05 12:12:13,839: Publishing the detected zones on /zones
[rosout][INFO] 2017-07-05 12:12:14,303: Received the playground image. Detecting zones...
[rosout][INFO] 2017-07-05 12:12:14,322: Publishing the detected zones on /zones
[rosout][INFO] 2017-07-05 12:12:14,792: Received the playground image. Detecting zones...
[rosout][INFO] 2017-07-05 12:12:14,814: Publishing the detected zones on /zones
[rosout][INFO] 2017-07-05 12:12:15,301: Received the playground image. Detecting zones...
[rosout][INFO] 2017-07-05 12:12:15,314: Publishing the detected zones on /zones
[rosout][INFO] 2017-07-05 12:12:16,555: Received the playground image. Detecting zones...
[rosout][INFO] 2017-07-05 12:12:16,571: Publishing the detected zones on /zones
[rosout][INFO] 2017-07-05 12:12:17,062: Received the playground image. Detecting zones...
[rosout][INFO] 2017-07-05 12:12:17,080: Publishing the detected zones on /zones
[rosout][INFO] 2017-07-05 12:12:17,567: Received the playground image. Detecting zones...
[rosout][INFO] 2017-07-05 12:12:17,587: Publishing the detected zones on /zones
[rosout][INFO] 2017-07-05 12:12:17,811: Received the playground image. Detecting zones...
[rosout][INFO] 2017-07-05 12:12:17,828: Publishing the detected zones on /zones
[rosout][INFO] 2017-07-05 12:12:18,298: Received the playground image. Detecting zones...
[rosout][INFO] 2017-07-05 12:12:18,313: Publishing the detected zones on /zones
[rosout][INFO] 2017-07-05 12:12:18,795: Received the playground image. Detecting zones...
[rosout][INFO] 2017-07-05 12:12:18,813: Publishing the detected zones on /zones
[rosout][INFO] 2017-07-05 12:12:19,306: Received the playground image. Detecting zones...
[rosout][INFO] 2017-07-05 12:12:19,323: Publishing the detected zones on /zones
[rosout][INFO] 2017-07-05 12:12:19,546: Received the playground image. Detecting zones...
[rosout][INFO] 2017-07-05 12:12:19,561: Publishing the detected zones on /zones
[rosout][INFO] 2017-07-05 12:12:19,830: Received the playground image. Detecting zones...
[rosout][INFO] 2017-07-05 12:12:19,852: Publishing the detected zones on /zones
[rosout][INFO] 2017-07-05 12:12:20,312: Received the playground image. Detecting zones...
[rosout][INFO] 2017-07-05 12:12:20,327: Publishing the detected zones on /zones
[rosout][INFO] 2017-07-05 12:12:20,808: Received the playground image. Detecting zones...
[rosout][INFO] 2017-07-05 12:12:20,823: Publishing the detected zones on /zones
[rosout][INFO] 2017-07-05 12:12:21,291: Received the playground image. Detecting zones...
[rosout][INFO] 2017-07-05 12:12:21,305: Publishing the detected zones on /zones
[rosout][INFO] 2017-07-05 12:12:48,837: Received the playground image. Detecting zones...
[rosout][INFO] 2017-07-05 12:12:48,860: Publishing the detected zones on /zones
[rosout][INFO] 2017-07-05 12:12:49,320: Received the playground image. Detecting zones...
[rosout][INFO] 2017-07-05 12:12:49,334: Publishing the detected zones on /zones
[rosout][INFO] 2017-07-05 12:12:49,552: Received the playground image. Detecting zones...
[rosout][INFO] 2017-07-05 12:12:49,569: Publishing the detected zones on /zones
[rosout][INFO] 2017-07-05 12:12:50,055: Received the playground image. Detecting zones...
[rosout][INFO] 2017-07-05 12:12:50,077: Publishing the detected zones on /zones
[rosout][INFO] 2017-07-05 12:12:50,303: Received the playground image. Detecting zones...
[rosout][INFO] 2017-07-05 12:12:50,317: Publishing the detected zones on /zones
[rosout][INFO] 2017-07-05 12:12:50,799: Received the playground image. Detecting zones...
[rosout][INFO] 2017-07-05 12:12:50,812: Publishing the detected zones on /zones
[rosout][INFO] 2017-07-05 12:12:51,069: Received the playground image. Detecting zones...
[rosout][INFO] 2017-07-05 12:12:51,089: Publishing the detected zones on /zones
[rosout][INFO] 2017-07-05 12:12:51,306: Received the playground image. Detecting zones...
[rosout][INFO] 2017-07-05 12:12:51,327: Publishing the detected zones on /zones
[rosout][INFO] 2017-07-05 12:12:51,558: Received the playground image. Detecting zones...
[rosout][INFO] 2017-07-05 12:12:51,575: Publishing the detected zones on /zones
[rosout][INFO] 2017-07-05 12:12:58,824: Received the playground image. Detecting zones...
[rosout][INFO] 2017-07-05 12:12:58,845: Publishing the detected zones on /zones
[rosout][INFO] 2017-07-05 12:13:04,550: Received the playground image. Detecting zones...
[rosout][INFO] 2017-07-05 12:13:04,570: Publishing the detected zones on /zones
[rosout][INFO] 2017-07-05 12:13:23,066: Received the playground image. Detecting zones...
[rosout][INFO] 2017-07-05 12:13:23,083: Publishing the detected zones on /zones
[rosout][INFO] 2017-07-05 12:13:32,804: Received the playground image. Detecting zones...
[rosout][INFO] 2017-07-05 12:13:32,833: Publishing the detected zones on /zones
[rosout][INFO] 2017-07-05 12:13:33,071: Received the playground image. Detecting zones...
[rosout][INFO] 2017-07-05 12:13:33,094: Publishing the detected zones on /zones
[rosout][INFO] 2017-07-05 12:13:33,318: Received the playground image. Detecting zones...
[rosout][INFO] 2017-07-05 12:13:33,337: Publishing the detected zones on /zones
[rosout][INFO] 2017-07-05 12:13:42,076: Received the playground image. Detecting zones...
[rosout][INFO] 2017-07-05 12:13:42,100: Publishing the detected zones on /zones
[rosout][INFO] 2017-07-05 12:13:58,563: Received the playground image. Detecting zones...
[rosout][INFO] 2017-07-05 12:13:58,580: Publishing the detected zones on /zones
[rosout][INFO] 2017-07-05 12:14:02,319: Received the playground image. Detecting zones...
[rosout][INFO] 2017-07-05 12:14:02,336: Publishing the detected zones on /zones
[rosout][INFO] 2017-07-05 12:14:39,315: Received the playground image. Detecting zones...
[rosout][INFO] 2017-07-05 12:14:39,336: Publishing the detected zones on /zones
[rosout][INFO] 2017-07-05 12:14:40,064: Received the playground image. Detecting zones...
[rosout][INFO] 2017-07-05 12:14:40,090: Publishing the detected zones on /zones
[rosout][INFO] 2017-07-05 12:14:40,309: Received the playground image. Detecting zones...
[rosout][INFO] 2017-07-05 12:14:40,327: Publishing the detected zones on /zones
[rosout][INFO] 2017-07-05 12:14:40,802: Received the playground image. Detecting zones...
[rosout][INFO] 2017-07-05 12:14:40,815: Publishing the detected zones on /zones
[rosout][INFO] 2017-07-05 12:14:41,305: Received the playground image. Detecting zones...
[rosout][INFO] 2017-07-05 12:14:41,320: Publishing the detected zones on /zones
[rosout][INFO] 2017-07-05 12:14:42,056: Received the playground image. Detecting zones...
[rosout][INFO] 2017-07-05 12:14:42,076: Publishing the detected zones on /zones
[rosout][INFO] 2017-07-05 12:14:42,559: Received the playground image. Detecting zones...
[rosout][INFO] 2017-07-05 12:14:42,574: Publishing the detected zones on /zones
[rosout][INFO] 2017-07-05 12:14:42,811: Received the playground image. Detecting zones...
[rosout][INFO] 2017-07-05 12:14:42,833: Publishing the detected zones on /zones
[rosout][INFO] 2017-07-05 12:14:43,287: Received the playground image. Detecting zones...
[rosout][INFO] 2017-07-05 12:14:43,304: Publishing the detected zones on /zones
[rosout][INFO] 2017-07-05 12:14:44,054: Received the playground image. Detecting zones...
[rosout][INFO] 2017-07-05 12:14:44,081: Publishing the detected zones on /zones
[rosout][INFO] 2017-07-05 12:14:44,554: Received the playground image. Detecting zones...
[rosout][INFO] 2017-07-05 12:14:44,573: Publishing the detected zones on /zones
[rosout][INFO] 2017-07-05 12:14:45,047: Received the playground image. Detecting zones...
[rosout][INFO] 2017-07-05 12:14:45,066: Publishing the detected zones on /zones
[rosout][INFO] 2017-07-05 12:14:45,799: Received the playground image. Detecting zones...
[rosout][INFO] 2017-07-05 12:14:45,817: Publishing the detected zones on /zones
[rosout][INFO] 2017-07-05 12:14:46,598: Received the playground image. Detecting zones...
[rosout][INFO] 2017-07-05 12:14:46,614: Publishing the detected zones on /zones
[rosout][INFO] 2017-07-05 12:14:47,314: Received the playground image. Detecting zones...
[rosout][INFO] 2017-07-05 12:14:47,336: Publishing the detected zones on /zones
[rosout][INFO] 2017-07-05 12:14:47,563: Received the playground image. Detecting zones...
[rosout][INFO] 2017-07-05 12:14:47,580: Publishing the detected zones on /zones
[rosout][INFO] 2017-07-05 12:14:48,322: Received the playground image. Detecting zones...
[rosout][INFO] 2017-07-05 12:14:48,337: Publishing the detected zones on /zones
[rosout][INFO] 2017-07-05 12:14:48,534: Received the playground image. Detecting zones...
[rosout][INFO] 2017-07-05 12:14:48,548: Publishing the detected zones on /zones
[rosout][INFO] 2017-07-05 12:14:48,799: Received the playground image. Detecting zones...
[rosout][INFO] 2017-07-05 12:14:48,815: Publishing the detected zones on /zones
[rosout][INFO] 2017-07-05 12:14:49,804: Received the playground image. Detecting zones...
[rosout][INFO] 2017-07-05 12:14:49,822: Publishing the detected zones on /zones
[rosout][INFO] 2017-07-05 12:14:50,043: Received the playground image. Detecting zones...
[rosout][INFO] 2017-07-05 12:14:50,061: Publishing the detected zones on /zones
[rosout][INFO] 2017-07-05 12:14:50,546: Received the playground image. Detecting zones...
[rosout][INFO] 2017-07-05 12:14:50,563: Publishing the detected zones on /zones
[rosout][INFO] 2017-07-05 12:15:10,314: Received the playground image. Detecting zones...
[rosout][INFO] 2017-07-05 12:15:10,331: Publishing the detected zones on /zones
[rosout][INFO] 2017-07-05 12:15:10,819: Received the playground image. Detecting zones...
[rosout][INFO] 2017-07-05 12:15:10,834: Publishing the detected zones on /zones
[rosout][INFO] 2017-07-05 12:15:11,365: Received the playground image. Detecting zones...
[rosout][INFO] 2017-07-05 12:15:11,386: Publishing the detected zones on /zones
[rosout][INFO] 2017-07-05 12:15:11,546: Received the playground image. Detecting zones...
[rosout][INFO] 2017-07-05 12:15:11,564: Publishing the detected zones on /zones
[rosout][INFO] 2017-07-05 12:15:12,047: Received the playground image. Detecting zones...
[rosout][INFO] 2017-07-05 12:15:12,078: Publishing the detected zones on /zones
[rosout][INFO] 2017-07-05 12:15:13,306: Received the playground image. Detecting zones...
[rosout][INFO] 2017-07-05 12:15:13,324: Publishing the detected zones on /zones
[rosout][INFO] 2017-07-05 12:15:14,320: Received the playground image. Detecting zones...
[rosout][INFO] 2017-07-05 12:15:14,338: Publishing the detected zones on /zones
[rosout][INFO] 2017-07-05 12:15:15,304: Received the playground image. Detecting zones...
[rosout][INFO] 2017-07-05 12:15:15,322: Publishing the detected zones on /zones
[rosout][INFO] 2017-07-05 12:15:15,805: Received the playground image. Detecting zones...
[rosout][INFO] 2017-07-05 12:15:15,820: Publishing the detected zones on /zones
[rosout][INFO] 2017-07-05 12:15:16,546: Received the playground image. Detecting zones...
[rosout][INFO] 2017-07-05 12:15:16,561: Publishing the detected zones on /zones
[rosout][INFO] 2017-07-05 12:15:17,048: Received the playground image. Detecting zones...
[rosout][INFO] 2017-07-05 12:15:17,067: Publishing the detected zones on /zones
[rosout][INFO] 2017-07-05 12:15:17,543: Received the playground image. Detecting zones...
[rosout][INFO] 2017-07-05 12:15:17,558: Publishing the detected zones on /zones
[rosout][INFO] 2017-07-05 12:15:18,048: Received the playground image. Detecting zones...
[rosout][INFO] 2017-07-05 12:15:18,071: Publishing the detected zones on /zones
[rosout][INFO] 2017-07-05 12:15:18,810: Received the playground image. Detecting zones...
[rosout][INFO] 2017-07-05 12:15:18,830: Publishing the detected zones on /zones
[rosout][INFO] 2017-07-05 12:15:19,302: Received the playground image. Detecting zones...
[rosout][INFO] 2017-07-05 12:15:19,315: Publishing the detected zones on /zones
[rosout][INFO] 2017-07-05 12:15:19,545: Received the playground image. Detecting zones...
[rosout][INFO] 2017-07-05 12:15:19,568: Publishing the detected zones on /zones
[rosout][INFO] 2017-07-05 12:15:20,061: Received the playground image. Detecting zones...
[rosout][INFO] 2017-07-05 12:15:20,082: Publishing the detected zones on /zones
[rosout][INFO] 2017-07-05 12:15:20,303: Received the playground image. Detecting zones...
[rosout][INFO] 2017-07-05 12:15:20,319: Publishing the detected zones on /zones
[rosout][INFO] 2017-07-05 12:15:20,552: Received the playground image. Detecting zones...
[rosout][INFO] 2017-07-05 12:15:20,567: Publishing the detected zones on /zones
[rosout][INFO] 2017-07-05 12:15:21,791: Received the playground image. Detecting zones...
[rosout][INFO] 2017-07-05 12:15:21,809: Publishing the detected zones on /zones
[rosout][INFO] 2017-07-05 12:15:22,307: Received the playground image. Detecting zones...
[rosout][INFO] 2017-07-05 12:15:22,323: Publishing the detected zones on /zones
[rosout][INFO] 2017-07-05 12:15:22,565: Received the playground image. Detecting zones...
[rosout][INFO] 2017-07-05 12:15:22,595: Publishing the detected zones on /zones
[rosout][INFO] 2017-07-05 12:15:24,125: Received the playground image. Detecting zones...
[rosout][INFO] 2017-07-05 12:15:24,156: Publishing the detected zones on /zones
[rosout][INFO] 2017-07-05 12:15:24,869: Received the playground image. Detecting zones...
[rosout][INFO] 2017-07-05 12:15:24,889: Publishing the detected zones on /zones
[rosout][INFO] 2017-07-05 12:15:25,059: Received the playground image. Detecting zones...
[rosout][INFO] 2017-07-05 12:15:25,077: Publishing the detected zones on /zones
[rosout][INFO] 2017-07-05 12:15:25,579: Received the playground image. Detecting zones...
[rosout][INFO] 2017-07-05 12:15:25,601: Publishing the detected zones on /zones
[rosout][INFO] 2017-07-05 12:15:25,796: Received the playground image. Detecting zones...
[rosout][INFO] 2017-07-05 12:15:25,820: Publishing the detected zones on /zones
[rosout][INFO] 2017-07-05 12:15:26,307: Received the playground image. Detecting zones...
[rosout][INFO] 2017-07-05 12:15:26,324: Publishing the detected zones on /zones
[rosout][INFO] 2017-07-05 12:15:26,805: Received the playground image. Detecting zones...
[rosout][INFO] 2017-07-05 12:15:26,822: Publishing the detected zones on /zones
[rosout][INFO] 2017-07-05 12:15:27,556: Received the playground image. Detecting zones...
[rosout][INFO] 2017-07-05 12:15:27,573: Publishing the detected zones on /zones
[rosout][INFO] 2017-07-05 12:15:28,039: Received the playground image. Detecting zones...
[rosout][INFO] 2017-07-05 12:15:28,057: Publishing the detected zones on /zones
[rosout][INFO] 2017-07-05 12:15:28,555: Received the playground image. Detecting zones...
[rosout][INFO] 2017-07-05 12:15:28,573: Publishing the detected zones on /zones
[rosout][INFO] 2017-07-05 12:15:29,065: Received the playground image. Detecting zones...
[rosout][INFO] 2017-07-05 12:15:29,082: Publishing the detected zones on /zones
[rosout][INFO] 2017-07-05 12:15:29,552: Received the playground image. Detecting zones...
[rosout][INFO] 2017-07-05 12:15:29,573: Publishing the detected zones on /zones
[rosout][INFO] 2017-07-05 12:15:30,056: Received the playground image. Detecting zones...
[rosout][INFO] 2017-07-05 12:15:30,074: Publishing the detected zones on /zones
[rosout][INFO] 2017-07-05 12:15:30,551: Received the playground image. Detecting zones...
[rosout][INFO] 2017-07-05 12:15:30,564: Publishing the detected zones on /zones
[rosout][INFO] 2017-07-05 12:15:31,063: Received the playground image. Detecting zones...
[rosout][INFO] 2017-07-05 12:15:31,085: Publishing the detected zones on /zones
[rosout][INFO] 2017-07-05 12:15:32,086: Received the playground image. Detecting zones...
[rosout][INFO] 2017-07-05 12:15:32,105: Publishing the detected zones on /zones
[rosout][INFO] 2017-07-05 12:15:32,301: Received the playground image. Detecting zones...
[rosout][INFO] 2017-07-05 12:15:32,317: Publishing the detected zones on /zones
[rosout][INFO] 2017-07-05 12:15:32,600: Received the playground image. Detecting zones...
[rosout][INFO] 2017-07-05 12:15:32,618: Publishing the detected zones on /zones
[rosout][INFO] 2017-07-05 12:15:32,812: Received the playground image. Detecting zones...
[rosout][INFO] 2017-07-05 12:15:32,833: Publishing the detected zones on /zones
[rosout][INFO] 2017-07-05 12:15:33,303: Received the playground image. Detecting zones...
[rosout][INFO] 2017-07-05 12:15:33,322: Publishing the detected zones on /zones
[rosout][INFO] 2017-07-05 12:15:33,801: Received the playground image. Detecting zones...
[rosout][INFO] 2017-07-05 12:15:33,827: Publishing the detected zones on /zones
[rosout][INFO] 2017-07-05 12:15:34,343: Received the playground image. Detecting zones...
[rosout][INFO] 2017-07-05 12:15:34,366: Publishing the detected zones on /zones
[rosout][INFO] 2017-07-05 12:15:34,559: Received the playground image. Detecting zones...
[rosout][INFO] 2017-07-05 12:15:34,575: Publishing the detected zones on /zones
[rosout][INFO] 2017-07-05 12:15:37,300: Received the playground image. Detecting zones...
[rosout][INFO] 2017-07-05 12:15:37,317: Publishing the detected zones on /zones
[rosout][INFO] 2017-07-05 12:15:37,807: Received the playground image. Detecting zones...
[rosout][INFO] 2017-07-05 12:15:37,824: Publishing the detected zones on /zones
[rosout][INFO] 2017-07-05 12:15:38,299: Received the playground image. Detecting zones...
[rosout][INFO] 2017-07-05 12:15:38,315: Publishing the detected zones on /zones
[rosout][INFO] 2017-07-05 12:15:38,805: Received the playground image. Detecting zones...
[rosout][INFO] 2017-07-05 12:15:38,822: Publishing the detected zones on /zones
[rosout][INFO] 2017-07-05 12:15:39,354: Received the playground image. Detecting zones...
[rosout][INFO] 2017-07-05 12:15:39,372: Publishing the detected zones on /zones
[rosout][INFO] 2017-07-05 12:15:39,815: Received the playground image. Detecting zones...
[rosout][INFO] 2017-07-05 12:15:39,844: Publishing the detected zones on /zones
[rosout][INFO] 2017-07-05 12:15:40,066: Received the playground image. Detecting zones...
[rosout][INFO] 2017-07-05 12:15:40,092: Publishing the detected zones on /zones
[rosout][INFO] 2017-07-05 12:15:40,321: Received the playground image. Detecting zones...
[rosout][INFO] 2017-07-05 12:15:40,342: Publishing the detected zones on /zones
[rosout][INFO] 2017-07-05 12:15:40,796: Received the playground image. Detecting zones...
[rosout][INFO] 2017-07-05 12:15:40,817: Publishing the detected zones on /zones
[rosout][INFO] 2017-07-05 12:15:41,304: Received the playground image. Detecting zones...
[rosout][INFO] 2017-07-05 12:15:41,317: Publishing the detected zones on /zones
[rosout][INFO] 2017-07-05 12:15:41,813: Received the playground image. Detecting zones...
[rosout][INFO] 2017-07-05 12:15:41,843: Publishing the detected zones on /zones
[rosout][INFO] 2017-07-05 12:15:42,294: Received the playground image. Detecting zones...
[rosout][INFO] 2017-07-05 12:15:42,307: Publishing the detected zones on /zones
[rosout][INFO] 2017-07-05 12:15:42,581: Received the playground image. Detecting zones...
[rosout][INFO] 2017-07-05 12:15:42,598: Publishing the detected zones on /zones
[rosout][INFO] 2017-07-05 12:15:42,802: Received the playground image. Detecting zones...
[rosout][INFO] 2017-07-05 12:15:42,817: Publishing the detected zones on /zones
[rosout][INFO] 2017-07-05 12:15:43,055: Received the playground image. Detecting zones...
[rosout][INFO] 2017-07-05 12:15:43,082: Publishing the detected zones on /zones
[rosout][INFO] 2017-07-05 12:15:43,557: Received the playground image. Detecting zones...
[rosout][INFO] 2017-07-05 12:15:43,576: Publishing the detected zones on /zones
[rosout][INFO] 2017-07-05 12:15:44,054: Received the playground image. Detecting zones...
[rosout][INFO] 2017-07-05 12:15:44,074: Publishing the detected zones on /zones
[rosout][INFO] 2017-07-05 12:15:44,566: Received the playground image. Detecting zones...
[rosout][INFO] 2017-07-05 12:15:44,586: Publishing the detected zones on /zones
[rosout][INFO] 2017-07-05 12:15:45,051: Received the playground image. Detecting zones...
[rosout][INFO] 2017-07-05 12:15:45,069: Publishing the detected zones on /zones
[rosout][INFO] 2017-07-05 12:15:45,553: Received the playground image. Detecting zones...
[rosout][INFO] 2017-07-05 12:15:45,572: Publishing the detected zones on /zones
[rosout][INFO] 2017-07-05 12:15:46,063: Received the playground image. Detecting zones...
[rosout][INFO] 2017-07-05 12:15:46,082: Publishing the detected zones on /zones
[rosout][INFO] 2017-07-05 12:15:46,545: Received the playground image. Detecting zones...
[rosout][INFO] 2017-07-05 12:15:46,565: Publishing the detected zones on /zones
[rosout][INFO] 2017-07-05 12:15:47,048: Received the playground image. Detecting zones...
[rosout][INFO] 2017-07-05 12:15:47,066: Publishing the detected zones on /zones
[rosout][INFO] 2017-07-05 12:15:47,304: Received the playground image. Detecting zones...
[rosout][INFO] 2017-07-05 12:15:47,322: Publishing the detected zones on /zones
[rosout][INFO] 2017-07-05 12:15:47,805: Received the playground image. Detecting zones...
[rosout][INFO] 2017-07-05 12:15:47,822: Publishing the detected zones on /zones
[rosout][INFO] 2017-07-05 12:15:48,050: Received the playground image. Detecting zones...
[rosout][INFO] 2017-07-05 12:15:48,069: Publishing the detected zones on /zones
[rosout][INFO] 2017-07-05 12:15:48,294: Received the playground image. Detecting zones...
[rosout][INFO] 2017-07-05 12:15:48,307: Publishing the detected zones on /zones
[rosout][INFO] 2017-07-05 12:15:48,794: Received the playground image. Detecting zones...
[rosout][INFO] 2017-07-05 12:15:48,810: Publishing the detected zones on /zones
[rosout][INFO] 2017-07-05 12:15:51,558: Received the playground image. Detecting zones...
[rosout][INFO] 2017-07-05 12:15:51,577: Publishing the detected zones on /zones
[rosout][INFO] 2017-07-05 12:16:01,072: Received the playground image. Detecting zones...
[rosout][INFO] 2017-07-05 12:16:01,090: Publishing the detected zones on /zones
[rosout][INFO] 2017-07-05 12:16:24,303: Received the playground image. Detecting zones...
[rosout][INFO] 2017-07-05 12:16:24,319: Publishing the detected zones on /zones
[rosout][INFO] 2017-07-05 12:16:26,803: Received the playground image. Detecting zones...
[rosout][INFO] 2017-07-05 12:16:26,823: Publishing the detected zones on /zones
[rosout][INFO] 2017-07-05 12:16:30,069: Received the playground image. Detecting zones...
[rosout][INFO] 2017-07-05 12:16:30,093: Publishing the detected zones on /zones
[rosout][INFO] 2017-07-05 12:16:33,821: Received the playground image. Detecting zones...
[rosout][INFO] 2017-07-05 12:16:33,841: Publishing the detected zones on /zones
[rosout][INFO] 2017-07-05 12:16:39,822: Received the playground image. Detecting zones...
[rosout][INFO] 2017-07-05 12:16:39,850: Publishing the detected zones on /zones
[rosout][INFO] 2017-07-05 12:16:41,060: Received the playground image. Detecting zones...
[rosout][INFO] 2017-07-05 12:16:41,094: Publishing the detected zones on /zones
[rosout][INFO] 2017-07-05 12:16:41,835: Received the playground image. Detecting zones...
[rosout][INFO] 2017-07-05 12:16:41,863: Publishing the detected zones on /zones
[rosout][INFO] 2017-07-05 12:16:42,540: Received the playground image. Detecting zones...
[rosout][INFO] 2017-07-05 12:16:42,561: Publishing the detected zones on /zones
[rosout][INFO] 2017-07-05 12:16:43,062: Received the playground image. Detecting zones...
[rosout][INFO] 2017-07-05 12:16:43,089: Publishing the detected zones on /zones
[rosout][INFO] 2017-07-05 12:16:43,573: Received the playground image. Detecting zones...
[rosout][INFO] 2017-07-05 12:16:43,595: Publishing the detected zones on /zones
[rosout][INFO] 2017-07-05 12:16:43,817: Received the playground image. Detecting zones...
[rosout][INFO] 2017-07-05 12:16:43,841: Publishing the detected zones on /zones
[rosout][INFO] 2017-07-05 12:16:44,302: Received the playground image. Detecting zones...
[rosout][INFO] 2017-07-05 12:16:44,317: Publishing the detected zones on /zones
[rosout][INFO] 2017-07-05 12:16:45,050: Received the playground image. Detecting zones...
[rosout][INFO] 2017-07-05 12:16:45,069: Publishing the detected zones on /zones
[rosout][INFO] 2017-07-05 12:16:45,796: Received the playground image. Detecting zones...
[rosout][INFO] 2017-07-05 12:16:45,820: Publishing the detected zones on /zones
[rosout][INFO] 2017-07-05 12:16:46,567: Received the playground image. Detecting zones...
[rosout][INFO] 2017-07-05 12:16:46,584: Publishing the detected zones on /zones
[rosout][INFO] 2017-07-05 12:16:46,824: Received the playground image. Detecting zones...
[rosout][INFO] 2017-07-05 12:16:46,845: Publishing the detected zones on /zones
[rosout][INFO] 2017-07-05 12:16:47,074: Received the playground image. Detecting zones...
[rosout][INFO] 2017-07-05 12:16:47,103: Publishing the detected zones on /zones
[rosout][INFO] 2017-07-05 12:16:47,292: Received the playground image. Detecting zones...
[rosout][INFO] 2017-07-05 12:16:47,313: Publishing the detected zones on /zones
[rosout][INFO] 2017-07-05 12:16:47,802: Received the playground image. Detecting zones...
[rosout][INFO] 2017-07-05 12:16:47,826: Publishing the detected zones on /zones
[rosout][INFO] 2017-07-05 12:16:48,091: Received the playground image. Detecting zones...
[rosout][INFO] 2017-07-05 12:16:48,111: Publishing the detected zones on /zones
[rosout][INFO] 2017-07-05 12:16:48,301: Received the playground image. Detecting zones...
[rosout][INFO] 2017-07-05 12:16:48,317: Publishing the detected zones on /zones
[rosout][INFO] 2017-07-05 12:16:48,802: Received the playground image. Detecting zones...
[rosout][INFO] 2017-07-05 12:16:48,824: Publishing the detected zones on /zones
[rosout][INFO] 2017-07-05 12:16:49,291: Received the playground image. Detecting zones...
[rosout][INFO] 2017-07-05 12:16:49,310: Publishing the detected zones on /zones
[rosout][INFO] 2017-07-05 12:16:49,814: Received the playground image. Detecting zones...
[rosout][INFO] 2017-07-05 12:16:49,836: Publishing the detected zones on /zones
[rosout][INFO] 2017-07-05 12:16:50,063: Received the playground image. Detecting zones...
[rosout][INFO] 2017-07-05 12:16:50,082: Publishing the detected zones on /zones
[rosout][INFO] 2017-07-05 12:16:50,312: Received the playground image. Detecting zones...
[rosout][INFO] 2017-07-05 12:16:50,328: Publishing the detected zones on /zones
[rosout][INFO] 2017-07-05 12:16:50,807: Received the playground image. Detecting zones...
[rosout][INFO] 2017-07-05 12:16:50,823: Publishing the detected zones on /zones
[rosout][INFO] 2017-07-05 12:16:51,066: Received the playground image. Detecting zones...
[rosout][INFO] 2017-07-05 12:16:51,091: Publishing the detected zones on /zones
[rosout][INFO] 2017-07-05 12:16:52,555: Received the playground image. Detecting zones...
[rosout][INFO] 2017-07-05 12:16:52,570: Publishing the detected zones on /zones
[rosout][INFO] 2017-07-05 12:16:54,563: Received the playground image. Detecting zones...
[rosout][INFO] 2017-07-05 12:16:54,581: Publishing the detected zones on /zones
[rosout][INFO] 2017-07-05 12:16:55,058: Received the playground image. Detecting zones...
[rosout][INFO] 2017-07-05 12:16:55,081: Publishing the detected zones on /zones
[rosout][INFO] 2017-07-05 12:16:56,059: Received the playground image. Detecting zones...
[rosout][INFO] 2017-07-05 12:16:56,081: Publishing the detected zones on /zones
[rosout][INFO] 2017-07-05 12:16:57,064: Received the playground image. Detecting zones...
[rosout][INFO] 2017-07-05 12:16:57,086: Publishing the detected zones on /zones
[rosout][INFO] 2017-07-05 12:16:57,316: Received the playground image. Detecting zones...
[rosout][INFO] 2017-07-05 12:16:57,334: Publishing the detected zones on /zones
[rosout][INFO] 2017-07-05 12:17:02,298: Received the playground image. Detecting zones...
[rosout][INFO] 2017-07-05 12:17:02,318: Publishing the detected zones on /zones
[rosout][INFO] 2017-07-05 12:17:04,084: Received the playground image. Detecting zones...
[rosout][INFO] 2017-07-05 12:17:04,107: Publishing the detected zones on /zones
[rosout][INFO] 2017-07-05 12:17:04,356: Received the playground image. Detecting zones...
[rosout][INFO] 2017-07-05 12:17:04,379: Publishing the detected zones on /zones
[rosout][INFO] 2017-07-05 12:17:04,572: Received the playground image. Detecting zones...
[rosout][INFO] 2017-07-05 12:17:04,587: Publishing the detected zones on /zones
[rosout][INFO] 2017-07-05 12:17:04,804: Received the playground image. Detecting zones...
[rosout][INFO] 2017-07-05 12:17:04,823: Publishing the detected zones on /zones
[rosout][INFO] 2017-07-05 12:17:05,061: Received the playground image. Detecting zones...
[rosout][INFO] 2017-07-05 12:17:05,075: Publishing the detected zones on /zones
[rosout][INFO] 2017-07-05 12:17:05,830: Received the playground image. Detecting zones...
[rosout][INFO] 2017-07-05 12:17:05,851: Publishing the detected zones on /zones
[rosout][INFO] 2017-07-05 12:17:06,552: Received the playground image. Detecting zones...
[rosout][INFO] 2017-07-05 12:17:06,566: Publishing the detected zones on /zones
[rosout][INFO] 2017-07-05 12:17:07,046: Received the playground image. Detecting zones...
[rosout][INFO] 2017-07-05 12:17:07,066: Publishing the detected zones on /zones
[rosout][INFO] 2017-07-05 12:17:07,340: Received the playground image. Detecting zones...
[rosout][INFO] 2017-07-05 12:17:07,366: Publishing the detected zones on /zones
[rosout][INFO] 2017-07-05 12:17:07,563: Received the playground image. Detecting zones...
[rosout][INFO] 2017-07-05 12:17:07,586: Publishing the detected zones on /zones
[rosout][INFO] 2017-07-05 12:17:08,055: Received the playground image. Detecting zones...
[rosout][INFO] 2017-07-05 12:17:08,077: Publishing the detected zones on /zones
[rosout][INFO] 2017-07-05 12:17:08,564: Received the playground image. Detecting zones...
[rosout][INFO] 2017-07-05 12:17:08,587: Publishing the detected zones on /zones
[rosout][INFO] 2017-07-05 12:17:09,108: Received the playground image. Detecting zones...
[rosout][INFO] 2017-07-05 12:17:09,138: Publishing the detected zones on /zones
[rosout][INFO] 2017-07-05 12:17:09,301: Received the playground image. Detecting zones...
[rosout][INFO] 2017-07-05 12:17:09,319: Publishing the detected zones on /zones
[rosout][INFO] 2017-07-05 12:17:09,603: Received the playground image. Detecting zones...
[rosout][INFO] 2017-07-05 12:17:09,627: Publishing the detected zones on /zones
[rosout][INFO] 2017-07-05 12:17:10,315: Received the playground image. Detecting zones...
[rosout][INFO] 2017-07-05 12:17:10,330: Publishing the detected zones on /zones
[rosout][INFO] 2017-07-05 12:17:15,051: Received the playground image. Detecting zones...
[rosout][INFO] 2017-07-05 12:17:15,067: Publishing the detected zones on /zones
[rosout][INFO] 2017-07-05 12:17:16,804: Received the playground image. Detecting zones...
[rosout][INFO] 2017-07-05 12:17:16,825: Publishing the detected zones on /zones
[rosout][INFO] 2017-07-05 12:17:17,544: Received the playground image. Detecting zones...
[rosout][INFO] 2017-07-05 12:17:17,557: Publishing the detected zones on /zones
[rosout][INFO] 2017-07-05 12:17:18,040: Received the playground image. Detecting zones...
[rosout][INFO] 2017-07-05 12:17:18,061: Publishing the detected zones on /zones
[rosout][INFO] 2017-07-05 12:17:18,550: Received the playground image. Detecting zones...
[rosout][INFO] 2017-07-05 12:17:18,567: Publishing the detected zones on /zones
[rosout][INFO] 2017-07-05 12:17:19,552: Received the playground image. Detecting zones...
[rosout][INFO] 2017-07-05 12:17:19,571: Publishing the detected zones on /zones
[rosout][INFO] 2017-07-05 12:17:20,067: Received the playground image. Detecting zones...
[rosout][INFO] 2017-07-05 12:17:20,089: Publishing the detected zones on /zones
[rosout][INFO] 2017-07-05 12:17:20,536: Received the playground image. Detecting zones...
[rosout][INFO] 2017-07-05 12:17:20,551: Publishing the detected zones on /zones
[rosout][INFO] 2017-07-05 12:17:21,054: Received the playground image. Detecting zones...
[rosout][INFO] 2017-07-05 12:17:21,076: Publishing the detected zones on /zones
[rosout][INFO] 2017-07-05 12:17:21,318: Received the playground image. Detecting zones...
[rosout][INFO] 2017-07-05 12:17:21,332: Publishing the detected zones on /zones
[rosout][INFO] 2017-07-05 12:17:21,802: Received the playground image. Detecting zones...
[rosout][INFO] 2017-07-05 12:17:21,825: Publishing the detected zones on /zones
[rosout][INFO] 2017-07-05 12:17:22,548: Received the playground image. Detecting zones...
[rosout][INFO] 2017-07-05 12:17:22,564: Publishing the detected zones on /zones
[rosout][INFO] 2017-07-05 12:17:23,062: Received the playground image. Detecting zones...
[rosout][INFO] 2017-07-05 12:17:23,085: Publishing the detected zones on /zones
[rosout][INFO] 2017-07-05 12:17:23,797: Received the playground image. Detecting zones...
[rosout][INFO] 2017-07-05 12:17:23,816: Publishing the detected zones on /zones
[rosout][INFO] 2017-07-05 12:17:24,557: Received the playground image. Detecting zones...
[rosout][INFO] 2017-07-05 12:17:24,577: Publishing the detected zones on /zones
[rosout][INFO] 2017-07-05 12:17:25,125: Received the playground image. Detecting zones...
[rosout][INFO] 2017-07-05 12:17:25,146: Publishing the detected zones on /zones
[rosout][INFO] 2017-07-05 12:17:25,789: Received the playground image. Detecting zones...
[rosout][INFO] 2017-07-05 12:17:25,807: Publishing the detected zones on /zones
[rosout][INFO] 2017-07-05 12:17:26,557: Received the playground image. Detecting zones...
[rosout][INFO] 2017-07-05 12:17:26,577: Publishing the detected zones on /zones
[rosout][INFO] 2017-07-05 12:17:27,048: Received the playground image. Detecting zones...
[rosout][INFO] 2017-07-05 12:17:27,068: Publishing the detected zones on /zones
[rosout][INFO] 2017-07-05 12:17:27,594: Received the playground image. Detecting zones...
[rosout][INFO] 2017-07-05 12:17:27,623: Publishing the detected zones on /zones
[rosout][INFO] 2017-07-05 12:17:28,358: Received the playground image. Detecting zones...
[rosout][INFO] 2017-07-05 12:17:28,377: Publishing the detected zones on /zones
[rosout][INFO] 2017-07-05 12:17:28,545: Received the playground image. Detecting zones...
[rosout][INFO] 2017-07-05 12:17:28,560: Publishing the detected zones on /zones
[rosout][INFO] 2017-07-05 12:17:29,308: Received the playground image. Detecting zones...
[rosout][INFO] 2017-07-05 12:17:29,327: Publishing the detected zones on /zones
[rosout][INFO] 2017-07-05 12:17:29,592: Received the playground image. Detecting zones...
[rosout][INFO] 2017-07-05 12:17:29,615: Publishing the detected zones on /zones
[rosout][INFO] 2017-07-05 12:17:30,053: Received the playground image. Detecting zones...
[rosout][INFO] 2017-07-05 12:17:30,072: Publishing the detected zones on /zones
[rosout][INFO] 2017-07-05 12:17:30,551: Received the playground image. Detecting zones...
[rosout][INFO] 2017-07-05 12:17:30,566: Publishing the detected zones on /zones
[rosout][INFO] 2017-07-05 12:17:30,806: Received the playground image. Detecting zones...
[rosout][INFO] 2017-07-05 12:17:30,821: Publishing the detected zones on /zones
[rosout][INFO] 2017-07-05 12:17:31,323: Received the playground image. Detecting zones...
[rosout][INFO] 2017-07-05 12:17:31,336: Publishing the detected zones on /zones
[rosout][INFO] 2017-07-05 12:17:31,544: Received the playground image. Detecting zones...
[rosout][INFO] 2017-07-05 12:17:31,558: Publishing the detected zones on /zones
[rosout][INFO] 2017-07-05 12:17:31,800: Received the playground image. Detecting zones...
[rosout][INFO] 2017-07-05 12:17:31,816: Publishing the detected zones on /zones
[rosout][INFO] 2017-07-05 12:17:32,056: Received the playground image. Detecting zones...
[rosout][INFO] 2017-07-05 12:17:32,071: Publishing the detected zones on /zones
[rosout][INFO] 2017-07-05 12:17:32,555: Received the playground image. Detecting zones...
[rosout][INFO] 2017-07-05 12:17:32,570: Publishing the detected zones on /zones
[rosout][INFO] 2017-07-05 12:17:33,556: Received the playground image. Detecting zones...
[rosout][INFO] 2017-07-05 12:17:33,575: Publishing the detected zones on /zones
[rosout][INFO] 2017-07-05 12:17:34,301: Received the playground image. Detecting zones...
[rosout][INFO] 2017-07-05 12:17:34,318: Publishing the detected zones on /zones
[rosout][INFO] 2017-07-05 12:17:35,066: Received the playground image. Detecting zones...
[rosout][INFO] 2017-07-05 12:17:35,083: Publishing the detected zones on /zones
[rosout][INFO] 2017-07-05 12:17:35,824: Received the playground image. Detecting zones...
[rosout][INFO] 2017-07-05 12:17:35,846: Publishing the detected zones on /zones
[rosout][INFO] 2017-07-05 12:17:36,303: Received the playground image. Detecting zones...
[rosout][INFO] 2017-07-05 12:17:36,324: Publishing the detected zones on /zones
[rosout][INFO] 2017-07-05 12:17:36,567: Received the playground image. Detecting zones...
[rosout][INFO] 2017-07-05 12:17:36,589: Publishing the detected zones on /zones
[rosout][INFO] 2017-07-05 12:17:36,796: Received the playground image. Detecting zones...
[rosout][INFO] 2017-07-05 12:17:36,817: Publishing the detected zones on /zones
[rosout][INFO] 2017-07-05 12:17:37,052: Received the playground image. Detecting zones...
[rosout][INFO] 2017-07-05 12:17:37,067: Publishing the detected zones on /zones
[rosout][INFO] 2017-07-05 12:17:37,318: Received the playground image. Detecting zones...
[rosout][INFO] 2017-07-05 12:17:37,337: Publishing the detected zones on /zones
[rosout][INFO] 2017-07-05 12:17:37,800: Received the playground image. Detecting zones...
[rosout][INFO] 2017-07-05 12:17:37,816: Publishing the detected zones on /zones
[rosout][INFO] 2017-07-05 12:17:38,054: Received the playground image. Detecting zones...
[rosout][INFO] 2017-07-05 12:17:38,072: Publishing the detected zones on /zones
[rosout][INFO] 2017-07-05 12:17:38,302: Received the playground image. Detecting zones...
[rosout][INFO] 2017-07-05 12:17:38,320: Publishing the detected zones on /zones
[rosout][INFO] 2017-07-05 12:17:39,059: Received the playground image. Detecting zones...
[rosout][INFO] 2017-07-05 12:17:39,083: Publishing the detected zones on /zones
[rosout][INFO] 2017-07-05 12:17:41,337: Received the playground image. Detecting zones...
[rosout][INFO] 2017-07-05 12:17:41,365: Publishing the detected zones on /zones
[rosout][INFO] 2017-07-05 12:17:41,806: Received the playground image. Detecting zones...
[rosout][INFO] 2017-07-05 12:17:41,826: Publishing the detected zones on /zones
[rosout][INFO] 2017-07-05 12:17:42,299: Received the playground image. Detecting zones...
[rosout][INFO] 2017-07-05 12:17:42,314: Publishing the detected zones on /zones
[rosout][INFO] 2017-07-05 12:17:42,812: Received the playground image. Detecting zones...
[rosout][INFO] 2017-07-05 12:17:42,842: Publishing the detected zones on /zones
[rosout][INFO] 2017-07-05 12:17:43,303: Received the playground image. Detecting zones...
[rosout][INFO] 2017-07-05 12:17:43,316: Publishing the detected zones on /zones
[rosout][INFO] 2017-07-05 12:17:43,818: Received the playground image. Detecting zones...
[rosout][INFO] 2017-07-05 12:17:43,852: Publishing the detected zones on /zones
[rosout][INFO] 2017-07-05 12:17:44,057: Received the playground image. Detecting zones...
[rosout][INFO] 2017-07-05 12:17:44,077: Publishing the detected zones on /zones
[rosout][INFO] 2017-07-05 12:17:44,324: Received the playground image. Detecting zones...
[rosout][INFO] 2017-07-05 12:17:44,344: Publishing the detected zones on /zones
[rosout][INFO] 2017-07-05 12:17:44,813: Received the playground image. Detecting zones...
[rosout][INFO] 2017-07-05 12:17:44,833: Publishing the detected zones on /zones
[rosout][INFO] 2017-07-05 12:17:45,852: Received the playground image. Detecting zones...
[rosout][INFO] 2017-07-05 12:17:45,869: Publishing the detected zones on /zones
[rosout][INFO] 2017-07-05 12:17:46,140: Received the playground image. Detecting zones...
[rosout][INFO] 2017-07-05 12:17:46,159: Publishing the detected zones on /zones
[rosout][INFO] 2017-07-05 12:17:46,585: Received the playground image. Detecting zones...
[rosout][INFO] 2017-07-05 12:17:46,602: Publishing the detected zones on /zones
[rosout][INFO] 2017-07-05 12:17:47,305: Received the playground image. Detecting zones...
[rosout][INFO] 2017-07-05 12:17:47,320: Publishing the detected zones on /zones
[rosout][INFO] 2017-07-05 12:17:47,827: Received the playground image. Detecting zones...
[rosout][INFO] 2017-07-05 12:17:47,841: Publishing the detected zones on /zones
[rosout][INFO] 2017-07-05 12:17:48,899: Received the playground image. Detecting zones...
[rosout][INFO] 2017-07-05 12:17:48,923: Publishing the detected zones on /zones
[rosout][INFO] 2017-07-05 12:17:49,089: Received the playground image. Detecting zones...
[rosout][INFO] 2017-07-05 12:17:49,120: Publishing the detected zones on /zones
[rosout][INFO] 2017-07-05 12:17:50,594: Received the playground image. Detecting zones...
[rosout][INFO] 2017-07-05 12:17:50,614: Publishing the detected zones on /zones
[rosout][INFO] 2017-07-05 12:17:51,290: Received the playground image. Detecting zones...
[rosout][INFO] 2017-07-05 12:17:51,305: Publishing the detected zones on /zones
[rosout][INFO] 2017-07-05 12:17:52,342: Received the playground image. Detecting zones...
[rosout][INFO] 2017-07-05 12:17:52,357: Publishing the detected zones on /zones
[rosout][INFO] 2017-07-05 12:17:52,550: Received the playground image. Detecting zones...
[rosout][INFO] 2017-07-05 12:17:52,567: Publishing the detected zones on /zones
[rosout][INFO] 2017-07-05 12:17:53,355: Received the playground image. Detecting zones...
[rosout][INFO] 2017-07-05 12:17:53,374: Publishing the detected zones on /zones
[rosout][INFO] 2017-07-05 12:17:53,546: Received the playground image. Detecting zones...
[rosout][INFO] 2017-07-05 12:17:53,566: Publishing the detected zones on /zones
[rosout][INFO] 2017-07-05 12:17:54,070: Received the playground image. Detecting zones...
[rosout][INFO] 2017-07-05 12:17:54,103: Publishing the detected zones on /zones
[rosout][INFO] 2017-07-05 12:17:54,854: Received the playground image. Detecting zones...
[rosout][INFO] 2017-07-05 12:17:54,874: Publishing the detected zones on /zones
[rosout][INFO] 2017-07-05 12:17:55,905: Received the playground image. Detecting zones...
[rosout][INFO] 2017-07-05 12:17:55,933: Publishing the detected zones on /zones
[rosout][INFO] 2017-07-05 12:17:58,062: Received the playground image. Detecting zones...
[rosout][INFO] 2017-07-05 12:17:58,082: Publishing the detected zones on /zones
[rosout][INFO] 2017-07-05 12:17:59,096: Received the playground image. Detecting zones...
[rosout][INFO] 2017-07-05 12:17:59,113: Publishing the detected zones on /zones
[rosout][INFO] 2017-07-05 12:17:59,814: Received the playground image. Detecting zones...
[rosout][INFO] 2017-07-05 12:17:59,836: Publishing the detected zones on /zones
[rosout][INFO] 2017-07-05 12:18:00,288: Received the playground image. Detecting zones...
[rosout][INFO] 2017-07-05 12:18:00,310: Publishing the detected zones on /zones
[rosout][INFO] 2017-07-05 12:18:00,565: Received the playground image. Detecting zones...
[rosout][INFO] 2017-07-05 12:18:00,585: Publishing the detected zones on /zones
[rosout][INFO] 2017-07-05 12:18:00,798: Received the playground image. Detecting zones...
[rosout][INFO] 2017-07-05 12:18:00,818: Publishing the detected zones on /zones
[rosout][INFO] 2017-07-05 12:18:01,041: Received the playground image. Detecting zones...
[rosout][INFO] 2017-07-05 12:18:01,055: Publishing the detected zones on /zones
[rosout][INFO] 2017-07-05 12:18:01,542: Received the playground image. Detecting zones...
[rosout][INFO] 2017-07-05 12:18:01,561: Publishing the detected zones on /zones
[rosout][INFO] 2017-07-05 12:18:01,798: Received the playground image. Detecting zones...
[rosout][INFO] 2017-07-05 12:18:01,812: Publishing the detected zones on /zones
[rosout][INFO] 2017-07-05 12:18:02,057: Received the playground image. Detecting zones...
[rosout][INFO] 2017-07-05 12:18:02,074: Publishing the detected zones on /zones
[rosout][INFO] 2017-07-05 12:18:02,333: Received the playground image. Detecting zones...
[rosout][INFO] 2017-07-05 12:18:02,348: Publishing the detected zones on /zones
[rosout][INFO] 2017-07-05 12:18:02,555: Received the playground image. Detecting zones...
[rosout][INFO] 2017-07-05 12:18:02,575: Publishing the detected zones on /zones
[rosout][INFO] 2017-07-05 12:18:04,333: Received the playground image. Detecting zones...
[rosout][INFO] 2017-07-05 12:18:04,352: Publishing the detected zones on /zones
[rosout][INFO] 2017-07-05 12:18:04,552: Received the playground image. Detecting zones...
[rosout][INFO] 2017-07-05 12:18:04,571: Publishing the detected zones on /zones
[rosout][INFO] 2017-07-05 12:18:05,557: Received the playground image. Detecting zones...
[rosout][INFO] 2017-07-05 12:18:05,576: Publishing the detected zones on /zones
[rosout][INFO] 2017-07-05 12:18:06,060: Received the playground image. Detecting zones...
[rosout][INFO] 2017-07-05 12:18:06,082: Publishing the detected zones on /zones
[rosout][INFO] 2017-07-05 12:18:07,308: Received the playground image. Detecting zones...
[rosout][INFO] 2017-07-05 12:18:07,324: Publishing the detected zones on /zones
[rosout][INFO] 2017-07-05 12:18:07,540: Received the playground image. Detecting zones...
[rosout][INFO] 2017-07-05 12:18:07,556: Publishing the detected zones on /zones
[rosout][INFO] 2017-07-05 12:18:08,076: Received the playground image. Detecting zones...
[rosout][INFO] 2017-07-05 12:18:08,095: Publishing the detected zones on /zones
[rosout][INFO] 2017-07-05 12:18:08,558: Received the playground image. Detecting zones...
[rosout][INFO] 2017-07-05 12:18:08,578: Publishing the detected zones on /zones
[rosout][INFO] 2017-07-05 12:18:09,297: Received the playground image. Detecting zones...
[rosout][INFO] 2017-07-05 12:18:09,312: Publishing the detected zones on /zones
[rosout][INFO] 2017-07-05 12:18:12,842: Received the playground image. Detecting zones...
[rosout][INFO] 2017-07-05 12:18:12,864: Publishing the detected zones on /zones
[rosout][INFO] 2017-07-05 12:18:13,303: Received the playground image. Detecting zones...
[rosout][INFO] 2017-07-05 12:18:13,320: Publishing the detected zones on /zones
[rosout][INFO] 2017-07-05 12:18:13,844: Received the playground image. Detecting zones...
[rosout][INFO] 2017-07-05 12:18:13,859: Publishing the detected zones on /zones
[rosout][INFO] 2017-07-05 12:18:15,609: Received the playground image. Detecting zones...
[rosout][INFO] 2017-07-05 12:18:15,634: Publishing the detected zones on /zones
[rosout][INFO] 2017-07-05 12:18:15,797: Received the playground image. Detecting zones...
[rosout][INFO] 2017-07-05 12:18:15,822: Publishing the detected zones on /zones
[rosout][INFO] 2017-07-05 12:18:16,557: Received the playground image. Detecting zones...
[rosout][INFO] 2017-07-05 12:18:16,575: Publishing the detected zones on /zones
[rosout][INFO] 2017-07-05 12:18:17,303: Received the playground image. Detecting zones...
[rosout][INFO] 2017-07-05 12:18:17,321: Publishing the detected zones on /zones
[rosout][INFO] 2017-07-05 12:18:19,292: Received the playground image. Detecting zones...
[rosout][INFO] 2017-07-05 12:18:19,309: Publishing the detected zones on /zones
[rosout][INFO] 2017-07-05 12:18:20,069: Received the playground image. Detecting zones...
[rosout][INFO] 2017-07-05 12:18:20,087: Publishing the detected zones on /zones
[rosout][INFO] 2017-07-05 12:18:20,546: Received the playground image. Detecting zones...
[rosout][INFO] 2017-07-05 12:18:20,565: Publishing the detected zones on /zones
[rosout][INFO] 2017-07-05 12:18:21,088: Received the playground image. Detecting zones...
[rosout][INFO] 2017-07-05 12:18:21,107: Publishing the detected zones on /zones
[rosout][INFO] 2017-07-05 12:18:21,298: Received the playground image. Detecting zones...
[rosout][INFO] 2017-07-05 12:18:21,318: Publishing the detected zones on /zones
[rosout][INFO] 2017-07-05 12:18:21,595: Received the playground image. Detecting zones...
[rosout][INFO] 2017-07-05 12:18:21,611: Publishing the detected zones on /zones
[rosout][INFO] 2017-07-05 12:18:21,793: Received the playground image. Detecting zones...
[rosout][INFO] 2017-07-05 12:18:21,813: Publishing the detected zones on /zones
[rosout][INFO] 2017-07-05 12:18:22,047: Received the playground image. Detecting zones...
[rosout][INFO] 2017-07-05 12:18:22,065: Publishing the detected zones on /zones
[rosout][INFO] 2017-07-05 12:18:22,541: Received the playground image. Detecting zones...
[rosout][INFO] 2017-07-05 12:18:22,560: Publishing the detected zones on /zones
[rosout][INFO] 2017-07-05 12:18:22,846: Received the playground image. Detecting zones...
[rosout][INFO] 2017-07-05 12:18:22,878: Publishing the detected zones on /zones
[rosout][INFO] 2017-07-05 12:18:23,295: Received the playground image. Detecting zones...
[rosout][INFO] 2017-07-05 12:18:23,309: Publishing the detected zones on /zones
[rosout][INFO] 2017-07-05 12:18:23,803: Received the playground image. Detecting zones...
[rosout][INFO] 2017-07-05 12:18:23,825: Publishing the detected zones on /zones
[rosout][INFO] 2017-07-05 12:18:24,102: Received the playground image. Detecting zones...
[rosout][INFO] 2017-07-05 12:18:24,123: Publishing the detected zones on /zones
[rosout][INFO] 2017-07-05 12:18:24,305: Received the playground image. Detecting zones...
[rosout][INFO] 2017-07-05 12:18:24,324: Publishing the detected zones on /zones
[rosout][INFO] 2017-07-05 12:18:25,062: Received the playground image. Detecting zones...
[rosout][INFO] 2017-07-05 12:18:25,081: Publishing the detected zones on /zones
[rosout][INFO] 2017-07-05 12:18:25,558: Received the playground image. Detecting zones...
[rosout][INFO] 2017-07-05 12:18:25,574: Publishing the detected zones on /zones
[rosout][INFO] 2017-07-05 12:18:26,547: Received the playground image. Detecting zones...
[rosout][INFO] 2017-07-05 12:18:26,564: Publishing the detected zones on /zones
[rosout][INFO] 2017-07-05 12:18:27,302: Received the playground image. Detecting zones...
[rosout][INFO] 2017-07-05 12:18:27,317: Publishing the detected zones on /zones
[rosout][INFO] 2017-07-05 12:18:27,855: Received the playground image. Detecting zones...
[rosout][INFO] 2017-07-05 12:18:27,872: Publishing the detected zones on /zones
[rosout][INFO] 2017-07-05 12:18:28,292: Received the playground image. Detecting zones...
[rosout][INFO] 2017-07-05 12:18:28,309: Publishing the detected zones on /zones
[rosout][INFO] 2017-07-05 12:18:28,798: Received the playground image. Detecting zones...
[rosout][INFO] 2017-07-05 12:18:28,821: Publishing the detected zones on /zones
[rosout][INFO] 2017-07-05 12:18:29,048: Received the playground image. Detecting zones...
[rosout][INFO] 2017-07-05 12:18:29,067: Publishing the detected zones on /zones
[rosout][INFO] 2017-07-05 12:18:29,556: Received the playground image. Detecting zones...
[rosout][INFO] 2017-07-05 12:18:29,572: Publishing the detected zones on /zones
[rosout][INFO] 2017-07-05 12:18:30,311: Received the playground image. Detecting zones...
[rosout][INFO] 2017-07-05 12:18:30,329: Publishing the detected zones on /zones
[rosout][INFO] 2017-07-05 12:18:31,067: Received the playground image. Detecting zones...
[rosout][INFO] 2017-07-05 12:18:31,088: Publishing the detected zones on /zones
[rosout][INFO] 2017-07-05 12:18:31,549: Received the playground image. Detecting zones...
[rosout][INFO] 2017-07-05 12:18:31,566: Publishing the detected zones on /zones
[rosout][INFO] 2017-07-05 12:18:31,866: Received the playground image. Detecting zones...
[rosout][INFO] 2017-07-05 12:18:31,886: Publishing the detected zones on /zones
[rosout][INFO] 2017-07-05 12:18:32,046: Received the playground image. Detecting zones...
[rosout][INFO] 2017-07-05 12:18:32,070: Publishing the detected zones on /zones
[rosout][INFO] 2017-07-05 12:18:32,348: Received the playground image. Detecting zones...
[rosout][INFO] 2017-07-05 12:18:32,367: Publishing the detected zones on /zones
[rosout][INFO] 2017-07-05 12:18:32,551: Received the playground image. Detecting zones...
[rosout][INFO] 2017-07-05 12:18:32,570: Publishing the detected zones on /zones
[rosout][INFO] 2017-07-05 12:18:33,048: Received the playground image. Detecting zones...
[rosout][INFO] 2017-07-05 12:18:33,070: Publishing the detected zones on /zones
[rosout][INFO] 2017-07-05 12:18:33,547: Received the playground image. Detecting zones...
[rosout][INFO] 2017-07-05 12:18:33,566: Publishing the detected zones on /zones
[rosout][INFO] 2017-07-05 12:18:33,803: Received the playground image. Detecting zones...
[rosout][INFO] 2017-07-05 12:18:33,822: Publishing the detected zones on /zones
[rosout][INFO] 2017-07-05 12:18:34,309: Received the playground image. Detecting zones...
[rosout][INFO] 2017-07-05 12:18:34,331: Publishing the detected zones on /zones
[rosout][INFO] 2017-07-05 12:18:34,811: Received the playground image. Detecting zones...
[rosout][INFO] 2017-07-05 12:18:34,832: Publishing the detected zones on /zones
[rosout][INFO] 2017-07-05 12:18:35,290: Received the playground image. Detecting zones...
[rosout][INFO] 2017-07-05 12:18:35,307: Publishing the detected zones on /zones
[rosout][INFO] 2017-07-05 12:18:35,809: Received the playground image. Detecting zones...
[rosout][INFO] 2017-07-05 12:18:35,824: Publishing the detected zones on /zones
[rosout][INFO] 2017-07-05 12:18:36,295: Received the playground image. Detecting zones...
[rosout][INFO] 2017-07-05 12:18:36,309: Publishing the detected zones on /zones
[rosout][INFO] 2017-07-05 12:18:37,065: Received the playground image. Detecting zones...
[rosout][INFO] 2017-07-05 12:18:37,093: Publishing the detected zones on /zones
[rosout][INFO] 2017-07-05 12:18:37,567: Received the playground image. Detecting zones...
[rosout][INFO] 2017-07-05 12:18:37,584: Publishing the detected zones on /zones
[rosout][INFO] 2017-07-05 12:18:38,063: Received the playground image. Detecting zones...
[rosout][INFO] 2017-07-05 12:18:38,082: Publishing the detected zones on /zones
[rosout][INFO] 2017-07-05 12:18:38,556: Received the playground image. Detecting zones...
[rosout][INFO] 2017-07-05 12:18:38,575: Publishing the detected zones on /zones
[rosout][INFO] 2017-07-05 12:18:39,041: Received the playground image. Detecting zones...
[rosout][INFO] 2017-07-05 12:18:39,063: Publishing the detected zones on /zones
[rosout][INFO] 2017-07-05 12:18:39,803: Received the playground image. Detecting zones...
[rosout][INFO] 2017-07-05 12:18:39,828: Publishing the detected zones on /zones
[rosout][INFO] 2017-07-05 12:18:40,108: Received the playground image. Detecting zones...
[rosout][INFO] 2017-07-05 12:18:40,132: Publishing the detected zones on /zones
[rosout][INFO] 2017-07-05 12:18:40,303: Received the playground image. Detecting zones...
[rosout][INFO] 2017-07-05 12:18:40,320: Publishing the detected zones on /zones
[rosout][INFO] 2017-07-05 12:18:41,063: Received the playground image. Detecting zones...
[rosout][INFO] 2017-07-05 12:18:41,080: Publishing the detected zones on /zones
[rosout][INFO] 2017-07-05 12:18:41,571: Received the playground image. Detecting zones...
[rosout][INFO] 2017-07-05 12:18:41,595: Publishing the detected zones on /zones
[rosout][INFO] 2017-07-05 12:18:44,357: Received the playground image. Detecting zones...
[rosout][INFO] 2017-07-05 12:18:44,375: Publishing the detected zones on /zones
[rosout][INFO] 2017-07-05 12:18:44,593: Received the playground image. Detecting zones...
[rosout][INFO] 2017-07-05 12:18:44,617: Publishing the detected zones on /zones
[rosout][INFO] 2017-07-05 12:18:45,071: Received the playground image. Detecting zones...
[rosout][INFO] 2017-07-05 12:18:45,092: Publishing the detected zones on /zones
[rosout][INFO] 2017-07-05 12:18:46,090: Received the playground image. Detecting zones...
[rosout][INFO] 2017-07-05 12:18:46,122: Publishing the detected zones on /zones
[rosout][INFO] 2017-07-05 12:18:47,301: Received the playground image. Detecting zones...
[rosout][INFO] 2017-07-05 12:18:47,316: Publishing the detected zones on /zones
[rosout][INFO] 2017-07-05 12:18:47,846: Received the playground image. Detecting zones...
[rosout][INFO] 2017-07-05 12:18:47,865: Publishing the detected zones on /zones
[rosout][INFO] 2017-07-05 12:18:50,297: Received the playground image. Detecting zones...
[rosout][INFO] 2017-07-05 12:18:50,313: Publishing the detected zones on /zones
[rosout][INFO] 2017-07-05 12:18:50,596: Received the playground image. Detecting zones...
[rosout][INFO] 2017-07-05 12:18:50,621: Publishing the detected zones on /zones
[rosout][INFO] 2017-07-05 12:18:51,330: Received the playground image. Detecting zones...
[rosout][INFO] 2017-07-05 12:18:51,350: Publishing the detected zones on /zones
[rosout][INFO] 2017-07-05 12:18:51,572: Received the playground image. Detecting zones...
[rosout][INFO] 2017-07-05 12:18:51,591: Publishing the detected zones on /zones
[rosout][INFO] 2017-07-05 12:18:52,107: Received the playground image. Detecting zones...
[rosout][INFO] 2017-07-05 12:18:52,129: Publishing the detected zones on /zones
[rosout][INFO] 2017-07-05 12:18:52,555: Received the playground image. Detecting zones...
[rosout][INFO] 2017-07-05 12:18:52,570: Publishing the detected zones on /zones
[rosout][INFO] 2017-07-05 12:18:53,310: Received the playground image. Detecting zones...
[rosout][INFO] 2017-07-05 12:18:53,326: Publishing the detected zones on /zones
[rosout][INFO] 2017-07-05 12:18:54,065: Received the playground image. Detecting zones...
[rosout][INFO] 2017-07-05 12:18:54,088: Publishing the detected zones on /zones
[rosout][INFO] 2017-07-05 12:18:54,542: Received the playground image. Detecting zones...
[rosout][INFO] 2017-07-05 12:18:54,557: Publishing the detected zones on /zones
[rosout][INFO] 2017-07-05 12:18:55,055: Received the playground image. Detecting zones...
[rosout][INFO] 2017-07-05 12:18:55,073: Publishing the detected zones on /zones
[rosout][INFO] 2017-07-05 12:18:55,805: Received the playground image. Detecting zones...
[rosout][INFO] 2017-07-05 12:18:55,822: Publishing the detected zones on /zones
[rosout][INFO] 2017-07-05 12:18:56,340: Received the playground image. Detecting zones...
[rosout][INFO] 2017-07-05 12:18:56,356: Publishing the detected zones on /zones
[rosout][INFO] 2017-07-05 12:18:56,548: Received the playground image. Detecting zones...
[rosout][INFO] 2017-07-05 12:18:56,577: Publishing the detected zones on /zones
[rosout][INFO] 2017-07-05 12:18:57,086: Received the playground image. Detecting zones...
[rosout][INFO] 2017-07-05 12:18:57,113: Publishing the detected zones on /zones
[rosout][INFO] 2017-07-05 12:18:57,803: Received the playground image. Detecting zones...
[rosout][INFO] 2017-07-05 12:18:57,822: Publishing the detected zones on /zones
[rosout][INFO] 2017-07-05 12:18:58,565: Received the playground image. Detecting zones...
[rosout][INFO] 2017-07-05 12:18:58,591: Publishing the detected zones on /zones
[rosout][INFO] 2017-07-05 12:18:58,799: Received the playground image. Detecting zones...
[rosout][INFO] 2017-07-05 12:18:58,823: Publishing the detected zones on /zones
[rosout][INFO] 2017-07-05 12:19:00,060: Received the playground image. Detecting zones...
[rosout][INFO] 2017-07-05 12:19:00,080: Publishing the detected zones on /zones
[rosout][INFO] 2017-07-05 12:19:00,353: Received the playground image. Detecting zones...
[rosout][INFO] 2017-07-05 12:19:00,369: Publishing the detected zones on /zones
[rosout][INFO] 2017-07-05 12:19:00,550: Received the playground image. Detecting zones...
[rosout][INFO] 2017-07-05 12:19:00,567: Publishing the detected zones on /zones
[rosout][INFO] 2017-07-05 12:19:01,042: Received the playground image. Detecting zones...
[rosout][INFO] 2017-07-05 12:19:01,065: Publishing the detected zones on /zones
[rosout][INFO] 2017-07-05 12:19:01,321: Received the playground image. Detecting zones...
[rosout][INFO] 2017-07-05 12:19:01,339: Publishing the detected zones on /zones
[rosout][INFO] 2017-07-05 12:19:01,836: Received the playground image. Detecting zones...
[rosout][INFO] 2017-07-05 12:19:01,855: Publishing the detected zones on /zones
[rosout][INFO] 2017-07-05 12:19:02,553: Received the playground image. Detecting zones...
[rosout][INFO] 2017-07-05 12:19:02,573: Publishing the detected zones on /zones
[rosout][INFO] 2017-07-05 12:19:02,805: Received the playground image. Detecting zones...
[rosout][INFO] 2017-07-05 12:19:02,821: Publishing the detected zones on /zones
[rosout][INFO] 2017-07-05 12:19:03,312: Received the playground image. Detecting zones...
[rosout][INFO] 2017-07-05 12:19:03,328: Publishing the detected zones on /zones
[rosout][INFO] 2017-07-05 12:19:03,553: Received the playground image. Detecting zones...
[rosout][INFO] 2017-07-05 12:19:03,573: Publishing the detected zones on /zones
[rosout][INFO] 2017-07-05 12:19:04,058: Received the playground image. Detecting zones...
[rosout][INFO] 2017-07-05 12:19:04,076: Publishing the detected zones on /zones
[rosout][INFO] 2017-07-05 12:19:04,554: Received the playground image. Detecting zones...
[rosout][INFO] 2017-07-05 12:19:04,575: Publishing the detected zones on /zones
[rosout][INFO] 2017-07-05 12:19:05,051: Received the playground image. Detecting zones...
[rosout][INFO] 2017-07-05 12:19:05,067: Publishing the detected zones on /zones
[rosout][INFO] 2017-07-05 12:19:05,330: Received the playground image. Detecting zones...
[rosout][INFO] 2017-07-05 12:19:05,346: Publishing the detected zones on /zones
[rosout][INFO] 2017-07-05 12:19:05,799: Received the playground image. Detecting zones...
[rosout][INFO] 2017-07-05 12:19:05,820: Publishing the detected zones on /zones
[rosout][INFO] 2017-07-05 12:19:06,291: Received the playground image. Detecting zones...
[rosout][INFO] 2017-07-05 12:19:06,309: Publishing the detected zones on /zones
[rosout][INFO] 2017-07-05 12:19:07,315: Received the playground image. Detecting zones...
[rosout][INFO] 2017-07-05 12:19:07,337: Publishing the detected zones on /zones
[rosout][INFO] 2017-07-05 12:19:15,571: Received the playground image. Detecting zones...
[rosout][INFO] 2017-07-05 12:19:15,590: Publishing the detected zones on /zones
[rosout][INFO] 2017-07-05 12:19:16,802: Received the playground image. Detecting zones...
[rosout][INFO] 2017-07-05 12:19:16,818: Publishing the detected zones on /zones
[rosout][INFO] 2017-07-05 12:19:22,857: Received the playground image. Detecting zones...
[rosout][INFO] 2017-07-05 12:19:22,879: Publishing the detected zones on /zones
[rosout][INFO] 2017-07-05 12:19:23,045: Received the playground image. Detecting zones...
[rosout][INFO] 2017-07-05 12:19:23,063: Publishing the detected zones on /zones
[rosout][INFO] 2017-07-05 12:19:23,554: Received the playground image. Detecting zones...
[rosout][INFO] 2017-07-05 12:19:23,581: Publishing the detected zones on /zones
[rosout][INFO] 2017-07-05 12:19:23,809: Received the playground image. Detecting zones...
[rosout][INFO] 2017-07-05 12:19:23,839: Publishing the detected zones on /zones
[rosout][INFO] 2017-07-05 12:19:24,321: Received the playground image. Detecting zones...
[rosout][INFO] 2017-07-05 12:19:24,343: Publishing the detected zones on /zones
[rosout][INFO] 2017-07-05 12:19:25,071: Received the playground image. Detecting zones...
[rosout][INFO] 2017-07-05 12:19:25,092: Publishing the detected zones on /zones
[rosout][INFO] 2017-07-05 12:19:25,326: Received the playground image. Detecting zones...
[rosout][INFO] 2017-07-05 12:19:25,343: Publishing the detected zones on /zones
[rosout][INFO] 2017-07-05 12:19:25,808: Received the playground image. Detecting zones...
[rosout][INFO] 2017-07-05 12:19:25,836: Publishing the detected zones on /zones
[rosout][INFO] 2017-07-05 12:19:26,804: Received the playground image. Detecting zones...
[rosout][INFO] 2017-07-05 12:19:26,828: Publishing the detected zones on /zones
[rosout][INFO] 2017-07-05 12:19:27,307: Received the playground image. Detecting zones...
[rosout][INFO] 2017-07-05 12:19:27,324: Publishing the detected zones on /zones
[rosout][INFO] 2017-07-05 12:19:27,565: Received the playground image. Detecting zones...
[rosout][INFO] 2017-07-05 12:19:27,580: Publishing the detected zones on /zones
[rosout][INFO] 2017-07-05 12:19:28,060: Received the playground image. Detecting zones...
[rosout][INFO] 2017-07-05 12:19:28,075: Publishing the detected zones on /zones
[rosout][INFO] 2017-07-05 12:19:28,566: Received the playground image. Detecting zones...
[rosout][INFO] 2017-07-05 12:19:28,584: Publishing the detected zones on /zones
[rospy.internal][INFO] 2017-07-05 12:19:41,917: topic[/zones] removing connection to /sandbox_play
[rospy.internal][INFO] 2017-07-05 12:19:51,921: topic[/zones] removing connection to /rosbag_record_freeplay_sandbox
[rospy.core][INFO] 2017-07-05 12:20:00,847: signal_shutdown [signal-15]
[rospy.internal][INFO] 2017-07-05 12:20:00,853: topic[/rosout] removing connection to /rosout
[rospy.internal][INFO] 2017-07-05 12:20:00,854: topic[/sandtray/background/image] removing connection to http://sandtray-hrilab:36952/
[rospy.internal][INFO] 2017-07-05 12:20:00,854: topic[/sandtray/background/camera_info] removing connection to http://sandtray-hrilab:36952/
[rospy.impl.masterslave][INFO] 2017-07-05 12:20:00,854: signal-15
[rospy.internal][WARNING] 2017-07-05 12:20:00,854: Unknown error initiating TCP/IP socket to sandtray-hrilab:33598 (http://sandtray-hrilab:36952/): Traceback (most recent call last):
  File "/opt/ros/kinetic/lib/python2.7/dist-packages/rospy/impl/tcpros_base.py", line 558, in connect
    self.local_endpoint = self.socket.getsockname()
AttributeError: 'NoneType' object has no attribute 'getsockname'

[rospy.core][INFO] 2017-07-05 12:20:01,003: signal_shutdown [signal-2]
[rospy.core][INFO] 2017-07-05 12:20:01,004: signal_shutdown [atexit]
