[rospy.client][INFO] 2017-06-26 10:42:21,533: init_node, name[/sandbox_zones_from_image], pid[13084]
[xmlrpc][INFO] 2017-06-26 10:42:21,534: XML-RPC server binding to 0.0.0.0:0
[xmlrpc][INFO] 2017-06-26 10:42:21,534: Started XML-RPC server [http://sandtray-hrilab:35708/]
[rospy.init][INFO] 2017-06-26 10:42:21,534: ROS Slave URI: [http://sandtray-hrilab:35708/]
[rospy.impl.masterslave][INFO] 2017-06-26 10:42:21,535: _ready: http://sandtray-hrilab:35708/
[rospy.registration][INFO] 2017-06-26 10:42:21,535: Registering with master node http://localhost:11311
[xmlrpc][INFO] 2017-06-26 10:42:21,535: xml rpc node: starting XML-RPC server
[rospy.init][INFO] 2017-06-26 10:42:21,635: registered with master
[rospy.rosout][INFO] 2017-06-26 10:42:21,635: initializing /rosout core topic
[rospy.rosout][INFO] 2017-06-26 10:42:21,637: connected to core topic /rosout
[rospy.simtime][INFO] 2017-06-26 10:42:21,638: /use_sim_time is not set, will not subscribe to simulated time [/clock] topic
[rosout][INFO] 2017-06-26 10:42:21,646: Waiting for images of the playground
[rospy.internal][INFO] 2017-06-26 10:42:21,650: topic[/sandtray/background/camera_info] adding connection to [http://sandtray-hrilab:45536/], count 0
[rospy.internal][INFO] 2017-06-26 10:42:21,651: topic[/sandtray/background/image] adding connection to [http://sandtray-hrilab:45536/], count 0
[rospy.internal][INFO] 2017-06-26 10:42:21,908: topic[/rosout] adding connection to [/rosout], count 0
[rosout][INFO] 2017-06-26 10:42:32,248: Received the playground image. Detecting zones...
[rosout][INFO] 2017-06-26 10:42:32,266: Publishing the detected zones on /zones
[rospy.internal][INFO] 2017-06-26 10:42:32,934: topic[/zones] adding connection to [/rosbag_record_freeplay_sandbox], count 0
[rospy.internal][INFO] 2017-06-26 10:42:33,437: topic[/zones] adding connection to [/sandbox_play], count 1
[rosout][WARNING] 2017-06-26 10:42:54,417: Inbound TCP/IP connection failed: connection from sender terminated before handshake header received. 0 bytes were received. Please check sender for additional details.
[rospy.internal][ERROR] 2017-06-26 10:42:54,418: Inbound TCP/IP connection failed:
Traceback (most recent call last):
  File "/opt/ros/kinetic/lib/python2.7/dist-packages/rospy/impl/tcpros_base.py", line 321, in _tcp_server_callback
    header = read_ros_handshake_header(sock, StringIO(), buff_size)
  File "/opt/ros/kinetic/lib/python2.7/dist-packages/rosgraph/network.py", line 364, in read_ros_handshake_header
    raise ROSHandshakeException("connection from sender terminated before handshake header received. %s bytes were received. Please check sender for additional details."%b.tell())
ROSHandshakeException: connection from sender terminated before handshake header received. 0 bytes were received. Please check sender for additional details.

[rospy.internal][INFO] 2017-06-26 10:42:54,661: topic[/zones] removing connection to /sandbox_play
[rospy.internal][INFO] 2017-06-26 10:42:57,750: topic[/zones] adding connection to [/sandbox_play], count 1
[rospy.internal][INFO] 2017-06-26 10:42:57,949: topic[/zones] adding connection to [/sandbox_play], count 2
[rospy.internal][INFO] 2017-06-26 10:42:57,949: topic[/zones] removing connection to /sandbox_play
[rospy.internal][INFO] 2017-06-26 10:42:58,163: topic[/zones] removing connection to /sandbox_play
[rospy.core][INFO] 2017-06-26 10:43:04,838: signal_shutdown [signal-2]
[rospy.internal][INFO] 2017-06-26 10:43:04,847: topic[/zones] removing connection to /rosbag_record_freeplay_sandbox
[rospy.internal][INFO] 2017-06-26 10:43:04,847: topic[/rosout] removing connection to /rosout
[rospy.internal][INFO] 2017-06-26 10:43:04,847: topic[/sandtray/background/image] removing connection to http://sandtray-hrilab:45536/
[rospy.internal][INFO] 2017-06-26 10:43:04,848: topic[/sandtray/background/camera_info] removing connection to http://sandtray-hrilab:45536/
[rospy.internal][WARNING] 2017-06-26 10:43:04,848: Unknown error initiating TCP/IP socket to sandtray-hrilab:35984 (http://sandtray-hrilab:45536/): Traceback (most recent call last):
  File "/opt/ros/kinetic/lib/python2.7/dist-packages/rospy/impl/tcpros_base.py", line 557, in connect
    self.read_header()
  File "/opt/ros/kinetic/lib/python2.7/dist-packages/rospy/impl/tcpros_base.py", line 650, in read_header
    self._validate_header(read_ros_handshake_header(sock, self.read_buff, self.protocol.buff_size))
AttributeError: 'NoneType' object has no attribute 'buff_size'

[rospy.internal][WARNING] 2017-06-26 10:43:04,848: Unknown error initiating TCP/IP socket to sandtray-hrilab:35984 (http://sandtray-hrilab:45536/): Traceback (most recent call last):
  File "/opt/ros/kinetic/lib/python2.7/dist-packages/rospy/impl/tcpros_base.py", line 558, in connect
    self.local_endpoint = self.socket.getsockname()
AttributeError: 'NoneType' object has no attribute 'getsockname'

[rospy.topics][ERROR] 2017-06-26 10:43:04,849: Traceback (most recent call last):
  File "/opt/ros/kinetic/lib/python2.7/dist-packages/rospy/topics.py", line 326, in close
    c.close()
  File "/opt/ros/kinetic/lib/python2.7/dist-packages/rospy/impl/tcpros_base.py", line 838, in close
    self.socket.close()
AttributeError: 'NoneType' object has no attribute 'close'

[rospy.impl.masterslave][INFO] 2017-06-26 10:43:04,849: signal-2
[rospy.core][INFO] 2017-06-26 10:43:05,011: signal_shutdown [signal-15]
[rospy.core][INFO] 2017-06-26 10:43:05,011: signal_shutdown [atexit]
[rospy.client][INFO] 2017-06-26 10:43:08,394: init_node, name[/sandbox_zones_from_image], pid[15479]
[xmlrpc][INFO] 2017-06-26 10:43:08,394: XML-RPC server binding to 0.0.0.0:0
[xmlrpc][INFO] 2017-06-26 10:43:08,395: Started XML-RPC server [http://sandtray-hrilab:43327/]
[rospy.init][INFO] 2017-06-26 10:43:08,395: ROS Slave URI: [http://sandtray-hrilab:43327/]
[rospy.impl.masterslave][INFO] 2017-06-26 10:43:08,395: _ready: http://sandtray-hrilab:43327/
[rospy.registration][INFO] 2017-06-26 10:43:08,396: Registering with master node http://localhost:11311
[xmlrpc][INFO] 2017-06-26 10:43:08,396: xml rpc node: starting XML-RPC server
[rospy.init][INFO] 2017-06-26 10:43:08,495: registered with master
[rospy.rosout][INFO] 2017-06-26 10:43:08,495: initializing /rosout core topic
[rospy.rosout][INFO] 2017-06-26 10:43:08,500: connected to core topic /rosout
[rospy.simtime][INFO] 2017-06-26 10:43:08,502: /use_sim_time is not set, will not subscribe to simulated time [/clock] topic
[rosout][INFO] 2017-06-26 10:43:08,513: Waiting for images of the playground
[rospy.internal][INFO] 2017-06-26 10:43:08,561: topic[/sandtray/background/camera_info] adding connection to [http://sandtray-hrilab:45536/], count 0
[rospy.internal][INFO] 2017-06-26 10:43:08,562: topic[/sandtray/background/image] adding connection to [http://sandtray-hrilab:45536/], count 0
[rosout][INFO] 2017-06-26 10:43:08,582: Received the playground image. Detecting zones...
[rosout][INFO] 2017-06-26 10:43:08,617: Publishing the detected zones on /zones
[rospy.internal][INFO] 2017-06-26 10:43:08,757: topic[/zones] adding connection to [/rosbag_record_freeplay_sandbox], count 0
[rospy.internal][INFO] 2017-06-26 10:43:08,759: topic[/rosout] adding connection to [/rosout], count 0
[rospy.internal][INFO] 2017-06-26 10:43:23,048: topic[/zones] adding connection to [/sandbox_play], count 1
[rospy.internal][INFO] 2017-06-26 10:43:39,076: topic[/zones] removing connection to /sandbox_play
[rospy.internal][INFO] 2017-06-26 10:43:47,788: topic[/zones] adding connection to [/sandbox_play], count 1
[rosout][INFO] 2017-06-26 10:45:16,529: Received the playground image. Detecting zones...
[rosout][INFO] 2017-06-26 10:45:16,557: Publishing the detected zones on /zones
[rosout][INFO] 2017-06-26 10:48:29,768: Received the playground image. Detecting zones...
[rosout][INFO] 2017-06-26 10:48:29,805: Publishing the detected zones on /zones
[rosout][INFO] 2017-06-26 10:48:34,541: Received the playground image. Detecting zones...
[rosout][INFO] 2017-06-26 10:48:34,580: Publishing the detected zones on /zones
[rosout][INFO] 2017-06-26 10:48:45,519: Received the playground image. Detecting zones...
[rosout][INFO] 2017-06-26 10:48:45,539: Publishing the detected zones on /zones
[rosout][INFO] 2017-06-26 10:48:47,025: Received the playground image. Detecting zones...
[rosout][INFO] 2017-06-26 10:48:47,056: Publishing the detected zones on /zones
[rosout][INFO] 2017-06-26 10:48:49,534: Received the playground image. Detecting zones...
[rosout][INFO] 2017-06-26 10:48:49,552: Publishing the detected zones on /zones
[rosout][INFO] 2017-06-26 10:48:59,265: Received the playground image. Detecting zones...
[rosout][INFO] 2017-06-26 10:48:59,285: Publishing the detected zones on /zones
[rosout][INFO] 2017-06-26 10:49:07,059: Received the playground image. Detecting zones...
[rosout][INFO] 2017-06-26 10:49:07,085: Publishing the detected zones on /zones
[rosout][INFO] 2017-06-26 10:49:14,317: Received the playground image. Detecting zones...
[rosout][INFO] 2017-06-26 10:49:14,343: Publishing the detected zones on /zones
[rosout][INFO] 2017-06-26 10:49:25,050: Received the playground image. Detecting zones...
[rosout][INFO] 2017-06-26 10:49:25,077: Publishing the detected zones on /zones
[rosout][INFO] 2017-06-26 10:49:26,544: Received the playground image. Detecting zones...
[rosout][INFO] 2017-06-26 10:49:26,560: Publishing the detected zones on /zones
[rosout][INFO] 2017-06-26 10:49:28,025: Received the playground image. Detecting zones...
[rosout][INFO] 2017-06-26 10:49:28,056: Publishing the detected zones on /zones
[rosout][INFO] 2017-06-26 10:49:30,776: Received the playground image. Detecting zones...
[rosout][INFO] 2017-06-26 10:49:30,809: Publishing the detected zones on /zones
[rosout][INFO] 2017-06-26 10:49:33,770: Received the playground image. Detecting zones...
[rosout][INFO] 2017-06-26 10:49:33,803: Publishing the detected zones on /zones
[rosout][INFO] 2017-06-26 10:49:36,527: Received the playground image. Detecting zones...
[rosout][INFO] 2017-06-26 10:49:36,544: Publishing the detected zones on /zones
[rosout][INFO] 2017-06-26 10:49:42,034: Received the playground image. Detecting zones...
[rosout][INFO] 2017-06-26 10:49:42,074: Publishing the detected zones on /zones
[rosout][INFO] 2017-06-26 10:49:43,272: Received the playground image. Detecting zones...
[rosout][INFO] 2017-06-26 10:49:43,292: Publishing the detected zones on /zones
[rosout][INFO] 2017-06-26 10:49:49,032: Received the playground image. Detecting zones...
[rosout][INFO] 2017-06-26 10:49:49,068: Publishing the detected zones on /zones
[rosout][INFO] 2017-06-26 10:49:57,269: Received the playground image. Detecting zones...
[rosout][INFO] 2017-06-26 10:49:57,289: Publishing the detected zones on /zones
[rosout][INFO] 2017-06-26 10:49:58,798: Received the playground image. Detecting zones...
[rosout][INFO] 2017-06-26 10:49:58,826: Publishing the detected zones on /zones
[rosout][INFO] 2017-06-26 10:50:06,535: Received the playground image. Detecting zones...
[rosout][INFO] 2017-06-26 10:50:06,560: Publishing the detected zones on /zones
[rosout][INFO] 2017-06-26 10:50:07,017: Received the playground image. Detecting zones...
[rosout][INFO] 2017-06-26 10:50:07,041: Publishing the detected zones on /zones
[rosout][INFO] 2017-06-26 10:50:07,280: Received the playground image. Detecting zones...
[rosout][INFO] 2017-06-26 10:50:07,303: Publishing the detected zones on /zones
[rosout][INFO] 2017-06-26 10:50:08,032: Received the playground image. Detecting zones...
[rosout][INFO] 2017-06-26 10:50:08,075: Publishing the detected zones on /zones
[rosout][INFO] 2017-06-26 10:50:08,515: Received the playground image. Detecting zones...
[rosout][INFO] 2017-06-26 10:50:08,541: Publishing the detected zones on /zones
[rosout][INFO] 2017-06-26 10:50:19,268: Received the playground image. Detecting zones...
[rosout][INFO] 2017-06-26 10:50:19,292: Publishing the detected zones on /zones
[rosout][INFO] 2017-06-26 10:50:25,286: Received the playground image. Detecting zones...
[rosout][INFO] 2017-06-26 10:50:25,304: Publishing the detected zones on /zones
[rosout][INFO] 2017-06-26 10:50:26,280: Received the playground image. Detecting zones...
[rosout][INFO] 2017-06-26 10:50:26,296: Publishing the detected zones on /zones
[rosout][INFO] 2017-06-26 10:50:26,776: Received the playground image. Detecting zones...
[rosout][INFO] 2017-06-26 10:50:26,800: Publishing the detected zones on /zones
[rosout][INFO] 2017-06-26 10:50:27,040: Received the playground image. Detecting zones...
[rosout][INFO] 2017-06-26 10:50:27,061: Publishing the detected zones on /zones
[rosout][INFO] 2017-06-26 10:50:28,046: Received the playground image. Detecting zones...
[rosout][INFO] 2017-06-26 10:50:28,073: Publishing the detected zones on /zones
[rosout][INFO] 2017-06-26 10:50:28,306: Received the playground image. Detecting zones...
[rosout][INFO] 2017-06-26 10:50:28,324: Publishing the detected zones on /zones
[rosout][INFO] 2017-06-26 10:50:28,520: Received the playground image. Detecting zones...
[rosout][INFO] 2017-06-26 10:50:28,545: Publishing the detected zones on /zones
[rosout][INFO] 2017-06-26 10:50:29,036: Received the playground image. Detecting zones...
[rosout][INFO] 2017-06-26 10:50:29,053: Publishing the detected zones on /zones
[rosout][INFO] 2017-06-26 10:50:29,782: Received the playground image. Detecting zones...
[rosout][INFO] 2017-06-26 10:50:29,813: Publishing the detected zones on /zones
[rosout][INFO] 2017-06-26 10:50:30,523: Received the playground image. Detecting zones...
[rosout][INFO] 2017-06-26 10:50:30,546: Publishing the detected zones on /zones
[rosout][INFO] 2017-06-26 10:50:30,785: Received the playground image. Detecting zones...
[rosout][INFO] 2017-06-26 10:50:30,808: Publishing the detected zones on /zones
[rosout][INFO] 2017-06-26 10:50:31,780: Received the playground image. Detecting zones...
[rosout][INFO] 2017-06-26 10:50:31,802: Publishing the detected zones on /zones
[rosout][INFO] 2017-06-26 10:50:33,027: Received the playground image. Detecting zones...
[rosout][INFO] 2017-06-26 10:50:33,059: Publishing the detected zones on /zones
[rosout][INFO] 2017-06-26 10:51:13,276: Received the playground image. Detecting zones...
[rosout][INFO] 2017-06-26 10:51:13,307: Publishing the detected zones on /zones
[rosout][INFO] 2017-06-26 10:51:17,525: Received the playground image. Detecting zones...
[rosout][INFO] 2017-06-26 10:51:17,554: Publishing the detected zones on /zones
[rosout][INFO] 2017-06-26 10:51:17,770: Received the playground image. Detecting zones...
[rosout][INFO] 2017-06-26 10:51:17,789: Publishing the detected zones on /zones
[rosout][INFO] 2017-06-26 10:51:20,793: Received the playground image. Detecting zones...
[rosout][INFO] 2017-06-26 10:51:20,812: Publishing the detected zones on /zones
[rosout][INFO] 2017-06-26 10:51:28,033: Received the playground image. Detecting zones...
[rosout][INFO] 2017-06-26 10:51:28,061: Publishing the detected zones on /zones
[rosout][INFO] 2017-06-26 10:51:34,030: Received the playground image. Detecting zones...
[rosout][INFO] 2017-06-26 10:51:34,062: Publishing the detected zones on /zones
[rosout][INFO] 2017-06-26 10:51:34,271: Received the playground image. Detecting zones...
[rosout][INFO] 2017-06-26 10:51:34,301: Publishing the detected zones on /zones
[rosout][INFO] 2017-06-26 10:51:34,773: Received the playground image. Detecting zones...
[rosout][INFO] 2017-06-26 10:51:34,791: Publishing the detected zones on /zones
[rosout][INFO] 2017-06-26 10:51:38,540: Received the playground image. Detecting zones...
[rosout][INFO] 2017-06-26 10:51:38,569: Publishing the detected zones on /zones
[rosout][INFO] 2017-06-26 10:51:38,777: Received the playground image. Detecting zones...
[rosout][INFO] 2017-06-26 10:51:38,804: Publishing the detected zones on /zones
[rosout][INFO] 2017-06-26 10:51:42,512: Received the playground image. Detecting zones...
[rosout][INFO] 2017-06-26 10:51:42,538: Publishing the detected zones on /zones
[rosout][INFO] 2017-06-26 10:51:43,020: Received the playground image. Detecting zones...
[rosout][INFO] 2017-06-26 10:51:43,056: Publishing the detected zones on /zones
[rosout][INFO] 2017-06-26 10:51:43,266: Received the playground image. Detecting zones...
[rosout][INFO] 2017-06-26 10:51:43,295: Publishing the detected zones on /zones
[rosout][INFO] 2017-06-26 10:51:45,018: Received the playground image. Detecting zones...
[rosout][INFO] 2017-06-26 10:51:45,058: Publishing the detected zones on /zones
[rosout][INFO] 2017-06-26 10:51:47,547: Received the playground image. Detecting zones...
[rosout][INFO] 2017-06-26 10:51:47,579: Publishing the detected zones on /zones
[rosout][INFO] 2017-06-26 10:51:54,516: Received the playground image. Detecting zones...
[rosout][INFO] 2017-06-26 10:51:54,539: Publishing the detected zones on /zones
[rosout][INFO] 2017-06-26 10:51:56,045: Received the playground image. Detecting zones...
[rosout][INFO] 2017-06-26 10:51:56,075: Publishing the detected zones on /zones
[rosout][INFO] 2017-06-26 10:52:00,101: Received the playground image. Detecting zones...
[rosout][INFO] 2017-06-26 10:52:00,134: Publishing the detected zones on /zones
[rosout][INFO] 2017-06-26 10:52:15,762: Received the playground image. Detecting zones...
[rosout][INFO] 2017-06-26 10:52:15,795: Publishing the detected zones on /zones
[rosout][INFO] 2017-06-26 10:52:20,758: Received the playground image. Detecting zones...
[rosout][INFO] 2017-06-26 10:52:20,781: Publishing the detected zones on /zones
[rosout][INFO] 2017-06-26 10:52:21,768: Received the playground image. Detecting zones...
[rosout][INFO] 2017-06-26 10:52:21,795: Publishing the detected zones on /zones
[rosout][INFO] 2017-06-26 10:52:22,772: Received the playground image. Detecting zones...
[rosout][INFO] 2017-06-26 10:52:22,793: Publishing the detected zones on /zones
[rosout][INFO] 2017-06-26 10:52:24,250: Received the playground image. Detecting zones...
[rosout][INFO] 2017-06-26 10:52:24,274: Publishing the detected zones on /zones
[rosout][INFO] 2017-06-26 10:52:27,505: Received the playground image. Detecting zones...
[rosout][INFO] 2017-06-26 10:52:27,532: Publishing the detected zones on /zones
[rosout][INFO] 2017-06-26 10:52:28,265: Received the playground image. Detecting zones...
[rosout][INFO] 2017-06-26 10:52:28,288: Publishing the detected zones on /zones
[rosout][INFO] 2017-06-26 10:52:29,051: Received the playground image. Detecting zones...
[rosout][INFO] 2017-06-26 10:52:29,093: Publishing the detected zones on /zones
[rosout][INFO] 2017-06-26 10:52:30,517: Received the playground image. Detecting zones...
[rosout][INFO] 2017-06-26 10:52:30,535: Publishing the detected zones on /zones
[rosout][INFO] 2017-06-26 10:52:30,762: Received the playground image. Detecting zones...
[rosout][INFO] 2017-06-26 10:52:30,782: Publishing the detected zones on /zones
[rosout][INFO] 2017-06-26 10:52:34,778: Received the playground image. Detecting zones...
[rosout][INFO] 2017-06-26 10:52:34,804: Publishing the detected zones on /zones
[rosout][INFO] 2017-06-26 10:52:36,017: Received the playground image. Detecting zones...
[rosout][INFO] 2017-06-26 10:52:36,034: Publishing the detected zones on /zones
[rosout][INFO] 2017-06-26 10:52:37,018: Received the playground image. Detecting zones...
[rosout][INFO] 2017-06-26 10:52:37,039: Publishing the detected zones on /zones
[rosout][INFO] 2017-06-26 10:52:41,267: Received the playground image. Detecting zones...
[rosout][INFO] 2017-06-26 10:52:41,285: Publishing the detected zones on /zones
[rosout][INFO] 2017-06-26 10:52:47,020: Received the playground image. Detecting zones...
[rosout][INFO] 2017-06-26 10:52:47,045: Publishing the detected zones on /zones
[rosout][INFO] 2017-06-26 10:52:47,764: Received the playground image. Detecting zones...
[rosout][INFO] 2017-06-26 10:52:47,793: Publishing the detected zones on /zones
[rosout][INFO] 2017-06-26 10:52:48,265: Received the playground image. Detecting zones...
[rosout][INFO] 2017-06-26 10:52:48,287: Publishing the detected zones on /zones
[rosout][INFO] 2017-06-26 10:52:51,783: Received the playground image. Detecting zones...
[rosout][INFO] 2017-06-26 10:52:51,802: Publishing the detected zones on /zones
[rosout][INFO] 2017-06-26 10:52:52,015: Received the playground image. Detecting zones...
[rosout][INFO] 2017-06-26 10:52:52,038: Publishing the detected zones on /zones
[rosout][INFO] 2017-06-26 10:52:55,267: Received the playground image. Detecting zones...
[rosout][INFO] 2017-06-26 10:52:55,288: Publishing the detected zones on /zones
[rosout][INFO] 2017-06-26 10:53:02,263: Received the playground image. Detecting zones...
[rosout][INFO] 2017-06-26 10:53:02,284: Publishing the detected zones on /zones
[rosout][INFO] 2017-06-26 10:53:09,803: Received the playground image. Detecting zones...
[rosout][INFO] 2017-06-26 10:53:09,822: Publishing the detected zones on /zones
[rosout][INFO] 2017-06-26 10:53:12,778: Received the playground image. Detecting zones...
[rosout][INFO] 2017-06-26 10:53:12,801: Publishing the detected zones on /zones
[rosout][INFO] 2017-06-26 10:53:18,254: Received the playground image. Detecting zones...
[rosout][INFO] 2017-06-26 10:53:18,272: Publishing the detected zones on /zones
[rosout][INFO] 2017-06-26 10:53:28,021: Received the playground image. Detecting zones...
[rosout][INFO] 2017-06-26 10:53:28,055: Publishing the detected zones on /zones
[rosout][INFO] 2017-06-26 10:53:30,031: Received the playground image. Detecting zones...
[rosout][INFO] 2017-06-26 10:53:30,066: Publishing the detected zones on /zones
[rosout][INFO] 2017-06-26 10:53:30,774: Received the playground image. Detecting zones...
[rosout][INFO] 2017-06-26 10:53:30,803: Publishing the detected zones on /zones
[rosout][INFO] 2017-06-26 10:53:31,514: Received the playground image. Detecting zones...
[rosout][INFO] 2017-06-26 10:53:31,535: Publishing the detected zones on /zones
[rosout][INFO] 2017-06-26 10:53:37,019: Received the playground image. Detecting zones...
[rosout][INFO] 2017-06-26 10:53:37,040: Publishing the detected zones on /zones
[rosout][INFO] 2017-06-26 10:53:52,269: Received the playground image. Detecting zones...
[rosout][INFO] 2017-06-26 10:53:52,296: Publishing the detected zones on /zones
[rosout][INFO] 2017-06-26 10:53:54,801: Received the playground image. Detecting zones...
[rosout][INFO] 2017-06-26 10:53:54,841: Publishing the detected zones on /zones
[rosout][INFO] 2017-06-26 10:53:55,255: Received the playground image. Detecting zones...
[rosout][INFO] 2017-06-26 10:53:55,271: Publishing the detected zones on /zones
[rosout][INFO] 2017-06-26 10:54:11,270: Received the playground image. Detecting zones...
[rosout][INFO] 2017-06-26 10:54:11,289: Publishing the detected zones on /zones
[rosout][INFO] 2017-06-26 10:54:17,263: Received the playground image. Detecting zones...
[rosout][INFO] 2017-06-26 10:54:17,290: Publishing the detected zones on /zones
[rosout][INFO] 2017-06-26 10:54:20,533: Received the playground image. Detecting zones...
[rosout][INFO] 2017-06-26 10:54:20,557: Publishing the detected zones on /zones
[rosout][INFO] 2017-06-26 10:54:21,277: Received the playground image. Detecting zones...
[rosout][INFO] 2017-06-26 10:54:21,306: Publishing the detected zones on /zones
[rosout][INFO] 2017-06-26 10:54:22,273: Received the playground image. Detecting zones...
[rosout][INFO] 2017-06-26 10:54:22,288: Publishing the detected zones on /zones
[rosout][INFO] 2017-06-26 10:54:25,519: Received the playground image. Detecting zones...
[rosout][INFO] 2017-06-26 10:54:25,538: Publishing the detected zones on /zones
[rosout][INFO] 2017-06-26 10:54:29,043: Received the playground image. Detecting zones...
[rosout][INFO] 2017-06-26 10:54:29,073: Publishing the detected zones on /zones
[rosout][INFO] 2017-06-26 10:54:30,051: Received the playground image. Detecting zones...
[rosout][INFO] 2017-06-26 10:54:30,085: Publishing the detected zones on /zones
[rosout][INFO] 2017-06-26 10:54:30,260: Received the playground image. Detecting zones...
[rosout][INFO] 2017-06-26 10:54:30,282: Publishing the detected zones on /zones
[rosout][INFO] 2017-06-26 10:54:33,522: Received the playground image. Detecting zones...
[rosout][INFO] 2017-06-26 10:54:33,541: Publishing the detected zones on /zones
[rosout][INFO] 2017-06-26 10:54:37,515: Received the playground image. Detecting zones...
[rosout][INFO] 2017-06-26 10:54:37,536: Publishing the detected zones on /zones
[rosout][INFO] 2017-06-26 10:54:41,275: Received the playground image. Detecting zones...
[rosout][INFO] 2017-06-26 10:54:41,294: Publishing the detected zones on /zones
[rosout][INFO] 2017-06-26 10:54:42,260: Received the playground image. Detecting zones...
[rosout][INFO] 2017-06-26 10:54:42,293: Publishing the detected zones on /zones
[rosout][INFO] 2017-06-26 10:54:42,764: Received the playground image. Detecting zones...
[rosout][INFO] 2017-06-26 10:54:42,783: Publishing the detected zones on /zones
[rosout][INFO] 2017-06-26 10:54:43,269: Received the playground image. Detecting zones...
[rosout][INFO] 2017-06-26 10:54:43,294: Publishing the detected zones on /zones
[rosout][INFO] 2017-06-26 10:54:43,519: Received the playground image. Detecting zones...
[rosout][INFO] 2017-06-26 10:54:43,541: Publishing the detected zones on /zones
[rosout][INFO] 2017-06-26 10:54:44,756: Received the playground image. Detecting zones...
[rosout][INFO] 2017-06-26 10:54:44,777: Publishing the detected zones on /zones
[rosout][INFO] 2017-06-26 10:54:45,282: Received the playground image. Detecting zones...
[rosout][INFO] 2017-06-26 10:54:45,307: Publishing the detected zones on /zones
[rosout][INFO] 2017-06-26 10:54:45,532: Received the playground image. Detecting zones...
[rosout][INFO] 2017-06-26 10:54:45,549: Publishing the detected zones on /zones
[rosout][INFO] 2017-06-26 10:54:46,526: Received the playground image. Detecting zones...
[rosout][INFO] 2017-06-26 10:54:46,547: Publishing the detected zones on /zones
[rosout][INFO] 2017-06-26 10:54:48,026: Received the playground image. Detecting zones...
[rosout][INFO] 2017-06-26 10:54:48,053: Publishing the detected zones on /zones
[rosout][INFO] 2017-06-26 10:55:01,018: Received the playground image. Detecting zones...
[rosout][INFO] 2017-06-26 10:55:01,046: Publishing the detected zones on /zones
[rosout][INFO] 2017-06-26 10:55:05,520: Received the playground image. Detecting zones...
[rosout][INFO] 2017-06-26 10:55:05,542: Publishing the detected zones on /zones
[rosout][INFO] 2017-06-26 10:55:17,514: Received the playground image. Detecting zones...
[rosout][INFO] 2017-06-26 10:55:17,533: Publishing the detected zones on /zones
[rosout][INFO] 2017-06-26 10:55:18,049: Received the playground image. Detecting zones...
[rosout][INFO] 2017-06-26 10:55:18,077: Publishing the detected zones on /zones
[rosout][INFO] 2017-06-26 10:55:18,526: Received the playground image. Detecting zones...
[rosout][INFO] 2017-06-26 10:55:18,550: Publishing the detected zones on /zones
[rosout][INFO] 2017-06-26 10:55:19,518: Received the playground image. Detecting zones...
[rosout][INFO] 2017-06-26 10:55:19,538: Publishing the detected zones on /zones
[rosout][INFO] 2017-06-26 10:55:20,029: Received the playground image. Detecting zones...
[rosout][INFO] 2017-06-26 10:55:20,053: Publishing the detected zones on /zones
[rosout][INFO] 2017-06-26 10:55:21,016: Received the playground image. Detecting zones...
[rosout][INFO] 2017-06-26 10:55:21,041: Publishing the detected zones on /zones
[rosout][INFO] 2017-06-26 10:55:26,767: Received the playground image. Detecting zones...
[rosout][INFO] 2017-06-26 10:55:26,788: Publishing the detected zones on /zones
[rosout][INFO] 2017-06-26 10:55:27,012: Received the playground image. Detecting zones...
[rosout][INFO] 2017-06-26 10:55:27,033: Publishing the detected zones on /zones
[rosout][INFO] 2017-06-26 10:55:29,026: Received the playground image. Detecting zones...
[rosout][INFO] 2017-06-26 10:55:29,049: Publishing the detected zones on /zones
[rosout][INFO] 2017-06-26 10:55:31,776: Received the playground image. Detecting zones...
[rosout][INFO] 2017-06-26 10:55:31,797: Publishing the detected zones on /zones
[rosout][INFO] 2017-06-26 10:55:32,275: Received the playground image. Detecting zones...
[rosout][INFO] 2017-06-26 10:55:32,293: Publishing the detected zones on /zones
[rosout][INFO] 2017-06-26 10:55:36,515: Received the playground image. Detecting zones...
[rosout][INFO] 2017-06-26 10:55:36,538: Publishing the detected zones on /zones
[rosout][INFO] 2017-06-26 10:55:37,513: Received the playground image. Detecting zones...
[rosout][INFO] 2017-06-26 10:55:37,533: Publishing the detected zones on /zones
[rosout][INFO] 2017-06-26 10:55:38,269: Received the playground image. Detecting zones...
[rosout][INFO] 2017-06-26 10:55:38,291: Publishing the detected zones on /zones
[rosout][INFO] 2017-06-26 10:55:38,767: Received the playground image. Detecting zones...
[rosout][INFO] 2017-06-26 10:55:38,794: Publishing the detected zones on /zones
[rosout][INFO] 2017-06-26 10:55:39,518: Received the playground image. Detecting zones...
[rosout][INFO] 2017-06-26 10:55:39,544: Publishing the detected zones on /zones
[rosout][INFO] 2017-06-26 10:55:40,271: Received the playground image. Detecting zones...
[rosout][INFO] 2017-06-26 10:55:40,294: Publishing the detected zones on /zones
[rosout][INFO] 2017-06-26 10:55:41,019: Received the playground image. Detecting zones...
[rosout][INFO] 2017-06-26 10:55:41,046: Publishing the detected zones on /zones
[rosout][INFO] 2017-06-26 10:55:43,525: Received the playground image. Detecting zones...
[rosout][INFO] 2017-06-26 10:55:43,548: Publishing the detected zones on /zones
[rosout][INFO] 2017-06-26 10:55:44,544: Received the playground image. Detecting zones...
[rosout][INFO] 2017-06-26 10:55:44,565: Publishing the detected zones on /zones
[rosout][INFO] 2017-06-26 10:55:46,031: Received the playground image. Detecting zones...
[rosout][INFO] 2017-06-26 10:55:46,057: Publishing the detected zones on /zones
[rosout][INFO] 2017-06-26 10:56:02,027: Received the playground image. Detecting zones...
[rosout][INFO] 2017-06-26 10:56:02,067: Publishing the detected zones on /zones
[rosout][INFO] 2017-06-26 10:56:13,522: Received the playground image. Detecting zones...
[rosout][INFO] 2017-06-26 10:56:13,548: Publishing the detected zones on /zones
[rosout][INFO] 2017-06-26 10:56:14,529: Received the playground image. Detecting zones...
[rosout][INFO] 2017-06-26 10:56:14,556: Publishing the detected zones on /zones
[rosout][INFO] 2017-06-26 10:56:40,521: Received the playground image. Detecting zones...
[rosout][INFO] 2017-06-26 10:56:40,548: Publishing the detected zones on /zones
[rosout][INFO] 2017-06-26 10:56:41,029: Received the playground image. Detecting zones...
[rosout][INFO] 2017-06-26 10:56:41,047: Publishing the detected zones on /zones
[rosout][INFO] 2017-06-26 10:56:43,026: Received the playground image. Detecting zones...
[rosout][INFO] 2017-06-26 10:56:43,051: Publishing the detected zones on /zones
[rosout][INFO] 2017-06-26 10:56:43,275: Received the playground image. Detecting zones...
[rosout][INFO] 2017-06-26 10:56:43,293: Publishing the detected zones on /zones
[rosout][INFO] 2017-06-26 10:56:43,767: Received the playground image. Detecting zones...
[rosout][INFO] 2017-06-26 10:56:43,785: Publishing the detected zones on /zones
[rosout][INFO] 2017-06-26 10:56:44,271: Received the playground image. Detecting zones...
[rosout][INFO] 2017-06-26 10:56:44,285: Publishing the detected zones on /zones
[rosout][INFO] 2017-06-26 10:56:47,772: Received the playground image. Detecting zones...
[rosout][INFO] 2017-06-26 10:56:47,790: Publishing the detected zones on /zones
[rosout][INFO] 2017-06-26 10:56:55,774: Received the playground image. Detecting zones...
[rosout][INFO] 2017-06-26 10:56:55,795: Publishing the detected zones on /zones
[rosout][INFO] 2017-06-26 10:57:00,268: Received the playground image. Detecting zones...
[rosout][INFO] 2017-06-26 10:57:00,285: Publishing the detected zones on /zones
[rosout][INFO] 2017-06-26 10:57:14,522: Received the playground image. Detecting zones...
[rosout][INFO] 2017-06-26 10:57:14,537: Publishing the detected zones on /zones
[rosout][INFO] 2017-06-26 10:57:15,774: Received the playground image. Detecting zones...
[rosout][INFO] 2017-06-26 10:57:15,802: Publishing the detected zones on /zones
[rosout][INFO] 2017-06-26 10:57:16,532: Received the playground image. Detecting zones...
[rosout][INFO] 2017-06-26 10:57:16,550: Publishing the detected zones on /zones
[rosout][INFO] 2017-06-26 10:57:17,030: Received the playground image. Detecting zones...
[rosout][INFO] 2017-06-26 10:57:17,055: Publishing the detected zones on /zones
[rosout][INFO] 2017-06-26 10:57:18,290: Received the playground image. Detecting zones...
[rosout][INFO] 2017-06-26 10:57:18,306: Publishing the detected zones on /zones
[rosout][INFO] 2017-06-26 10:57:19,030: Received the playground image. Detecting zones...
[rosout][INFO] 2017-06-26 10:57:19,058: Publishing the detected zones on /zones
[rosout][INFO] 2017-06-26 10:57:20,272: Received the playground image. Detecting zones...
[rosout][INFO] 2017-06-26 10:57:20,295: Publishing the detected zones on /zones
[rosout][INFO] 2017-06-26 10:57:21,278: Received the playground image. Detecting zones...
[rosout][INFO] 2017-06-26 10:57:21,306: Publishing the detected zones on /zones
[rosout][INFO] 2017-06-26 10:57:22,272: Received the playground image. Detecting zones...
[rosout][INFO] 2017-06-26 10:57:22,291: Publishing the detected zones on /zones
[rosout][INFO] 2017-06-26 10:57:23,289: Received the playground image. Detecting zones...
[rosout][INFO] 2017-06-26 10:57:23,320: Publishing the detected zones on /zones
[rosout][INFO] 2017-06-26 10:57:23,774: Received the playground image. Detecting zones...
[rosout][INFO] 2017-06-26 10:57:23,796: Publishing the detected zones on /zones
[rosout][INFO] 2017-06-26 10:57:25,042: Received the playground image. Detecting zones...
[rosout][INFO] 2017-06-26 10:57:25,072: Publishing the detected zones on /zones
[rosout][INFO] 2017-06-26 10:57:25,278: Received the playground image. Detecting zones...
[rosout][INFO] 2017-06-26 10:57:25,303: Publishing the detected zones on /zones
[rosout][INFO] 2017-06-26 10:57:27,529: Received the playground image. Detecting zones...
[rosout][INFO] 2017-06-26 10:57:27,551: Publishing the detected zones on /zones
[rosout][INFO] 2017-06-26 10:58:19,281: Received the playground image. Detecting zones...
[rosout][INFO] 2017-06-26 10:58:19,300: Publishing the detected zones on /zones
[rosout][INFO] 2017-06-26 10:58:20,269: Received the playground image. Detecting zones...
[rosout][INFO] 2017-06-26 10:58:20,286: Publishing the detected zones on /zones
[rosout][INFO] 2017-06-26 10:58:28,030: Received the playground image. Detecting zones...
[rosout][INFO] 2017-06-26 10:58:28,066: Publishing the detected zones on /zones
[rosout][INFO] 2017-06-26 10:58:43,018: Received the playground image. Detecting zones...
[rosout][INFO] 2017-06-26 10:58:43,052: Publishing the detected zones on /zones
[rosout][INFO] 2017-06-26 10:58:48,258: Received the playground image. Detecting zones...
[rosout][INFO] 2017-06-26 10:58:48,280: Publishing the detected zones on /zones
[rosout][INFO] 2017-06-26 10:59:08,017: Received the playground image. Detecting zones...
[rosout][INFO] 2017-06-26 10:59:08,049: Publishing the detected zones on /zones
[rosout][INFO] 2017-06-26 10:59:19,753: Received the playground image. Detecting zones...
[rosout][INFO] 2017-06-26 10:59:19,779: Publishing the detected zones on /zones
[rosout][INFO] 2017-06-26 10:59:20,514: Received the playground image. Detecting zones...
[rosout][INFO] 2017-06-26 10:59:20,528: Publishing the detected zones on /zones
[rosout][INFO] 2017-06-26 10:59:29,774: Received the playground image. Detecting zones...
[rosout][INFO] 2017-06-26 10:59:29,791: Publishing the detected zones on /zones
[rosout][INFO] 2017-06-26 10:59:33,524: Received the playground image. Detecting zones...
[rosout][INFO] 2017-06-26 10:59:33,550: Publishing the detected zones on /zones
[rosout][INFO] 2017-06-26 10:59:56,300: Received the playground image. Detecting zones...
[rosout][INFO] 2017-06-26 10:59:56,326: Publishing the detected zones on /zones
[rosout][INFO] 2017-06-26 11:00:20,761: Received the playground image. Detecting zones...
[rosout][INFO] 2017-06-26 11:00:20,801: Publishing the detected zones on /zones
[rosout][INFO] 2017-06-26 11:00:22,307: Received the playground image. Detecting zones...
[rosout][INFO] 2017-06-26 11:00:22,335: Publishing the detected zones on /zones
[rosout][INFO] 2017-06-26 11:00:28,770: Received the playground image. Detecting zones...
[rosout][INFO] 2017-06-26 11:00:28,797: Publishing the detected zones on /zones
[rosout][INFO] 2017-06-26 11:00:40,526: Received the playground image. Detecting zones...
[rosout][INFO] 2017-06-26 11:00:40,545: Publishing the detected zones on /zones
[rosout][INFO] 2017-06-26 11:00:41,514: Received the playground image. Detecting zones...
[rosout][INFO] 2017-06-26 11:00:41,537: Publishing the detected zones on /zones
[rosout][INFO] 2017-06-26 11:00:42,517: Received the playground image. Detecting zones...
[rosout][INFO] 2017-06-26 11:00:42,536: Publishing the detected zones on /zones
[rosout][INFO] 2017-06-26 11:00:43,016: Received the playground image. Detecting zones...
[rosout][INFO] 2017-06-26 11:00:43,045: Publishing the detected zones on /zones
[rosout][INFO] 2017-06-26 11:00:43,765: Received the playground image. Detecting zones...
[rosout][INFO] 2017-06-26 11:00:43,786: Publishing the detected zones on /zones
[rosout][INFO] 2017-06-26 11:00:44,535: Received the playground image. Detecting zones...
[rosout][INFO] 2017-06-26 11:00:44,557: Publishing the detected zones on /zones
[rosout][INFO] 2017-06-26 11:00:45,039: Received the playground image. Detecting zones...
[rosout][INFO] 2017-06-26 11:00:45,074: Publishing the detected zones on /zones
[rosout][INFO] 2017-06-26 11:00:46,021: Received the playground image. Detecting zones...
[rosout][INFO] 2017-06-26 11:00:46,052: Publishing the detected zones on /zones
[rosout][INFO] 2017-06-26 11:00:47,035: Received the playground image. Detecting zones...
[rosout][INFO] 2017-06-26 11:00:47,057: Publishing the detected zones on /zones
[rosout][INFO] 2017-06-26 11:00:48,044: Received the playground image. Detecting zones...
[rosout][INFO] 2017-06-26 11:00:48,078: Publishing the detected zones on /zones
[rosout][INFO] 2017-06-26 11:00:49,269: Received the playground image. Detecting zones...
[rosout][INFO] 2017-06-26 11:00:49,301: Publishing the detected zones on /zones
[rosout][INFO] 2017-06-26 11:00:52,277: Received the playground image. Detecting zones...
[rosout][INFO] 2017-06-26 11:00:52,307: Publishing the detected zones on /zones
[rosout][INFO] 2017-06-26 11:00:55,041: Received the playground image. Detecting zones...
[rosout][INFO] 2017-06-26 11:00:55,069: Publishing the detected zones on /zones
[rosout][INFO] 2017-06-26 11:01:01,025: Received the playground image. Detecting zones...
[rosout][INFO] 2017-06-26 11:01:01,048: Publishing the detected zones on /zones
[rosout][INFO] 2017-06-26 11:01:08,030: Received the playground image. Detecting zones...
[rosout][INFO] 2017-06-26 11:01:08,051: Publishing the detected zones on /zones
[rosout][INFO] 2017-06-26 11:01:09,534: Received the playground image. Detecting zones...
[rosout][INFO] 2017-06-26 11:01:09,554: Publishing the detected zones on /zones
[rosout][INFO] 2017-06-26 11:01:12,057: Received the playground image. Detecting zones...
[rosout][INFO] 2017-06-26 11:01:12,086: Publishing the detected zones on /zones
[rosout][INFO] 2017-06-26 11:01:12,270: Received the playground image. Detecting zones...
[rosout][INFO] 2017-06-26 11:01:12,288: Publishing the detected zones on /zones
[rosout][INFO] 2017-06-26 11:01:12,583: Received the playground image. Detecting zones...
[rosout][INFO] 2017-06-26 11:01:12,611: Publishing the detected zones on /zones
[rosout][INFO] 2017-06-26 11:01:12,806: Received the playground image. Detecting zones...
[rosout][INFO] 2017-06-26 11:01:12,837: Publishing the detected zones on /zones
[rosout][INFO] 2017-06-26 11:01:13,288: Received the playground image. Detecting zones...
[rosout][INFO] 2017-06-26 11:01:13,307: Publishing the detected zones on /zones
[rosout][INFO] 2017-06-26 11:01:16,768: Received the playground image. Detecting zones...
[rosout][INFO] 2017-06-26 11:01:16,789: Publishing the detected zones on /zones
[rosout][INFO] 2017-06-26 11:01:17,780: Received the playground image. Detecting zones...
[rosout][INFO] 2017-06-26 11:01:17,801: Publishing the detected zones on /zones
[rosout][INFO] 2017-06-26 11:01:18,512: Received the playground image. Detecting zones...
[rosout][INFO] 2017-06-26 11:01:18,528: Publishing the detected zones on /zones
[rosout][INFO] 2017-06-26 11:01:19,517: Received the playground image. Detecting zones...
[rosout][INFO] 2017-06-26 11:01:19,540: Publishing the detected zones on /zones
[rosout][INFO] 2017-06-26 11:01:20,775: Received the playground image. Detecting zones...
[rosout][INFO] 2017-06-26 11:01:20,803: Publishing the detected zones on /zones
[rosout][INFO] 2017-06-26 11:01:21,784: Received the playground image. Detecting zones...
[rosout][INFO] 2017-06-26 11:01:21,810: Publishing the detected zones on /zones
[rosout][INFO] 2017-06-26 11:01:22,518: Received the playground image. Detecting zones...
[rosout][INFO] 2017-06-26 11:01:22,538: Publishing the detected zones on /zones
[rosout][INFO] 2017-06-26 11:01:23,540: Received the playground image. Detecting zones...
[rosout][INFO] 2017-06-26 11:01:23,557: Publishing the detected zones on /zones
[rosout][INFO] 2017-06-26 11:01:24,516: Received the playground image. Detecting zones...
[rosout][INFO] 2017-06-26 11:01:24,535: Publishing the detected zones on /zones
[rosout][INFO] 2017-06-26 11:01:26,019: Received the playground image. Detecting zones...
[rosout][INFO] 2017-06-26 11:01:26,049: Publishing the detected zones on /zones
[rosout][INFO] 2017-06-26 11:01:49,560: Received the playground image. Detecting zones...
[rosout][INFO] 2017-06-26 11:01:49,599: Publishing the detected zones on /zones
[rosout][INFO] 2017-06-26 11:01:49,781: Received the playground image. Detecting zones...
[rosout][INFO] 2017-06-26 11:01:49,807: Publishing the detected zones on /zones
[rosout][INFO] 2017-06-26 11:02:00,263: Received the playground image. Detecting zones...
[rosout][INFO] 2017-06-26 11:02:00,287: Publishing the detected zones on /zones
[rosout][INFO] 2017-06-26 11:02:05,261: Received the playground image. Detecting zones...
[rosout][INFO] 2017-06-26 11:02:05,285: Publishing the detected zones on /zones
[rosout][INFO] 2017-06-26 11:02:23,266: Received the playground image. Detecting zones...
[rosout][INFO] 2017-06-26 11:02:23,297: Publishing the detected zones on /zones
[rosout][INFO] 2017-06-26 11:02:31,776: Received the playground image. Detecting zones...
[rosout][INFO] 2017-06-26 11:02:31,802: Publishing the detected zones on /zones
[rosout][INFO] 2017-06-26 11:02:37,517: Received the playground image. Detecting zones...
[rosout][INFO] 2017-06-26 11:02:37,539: Publishing the detected zones on /zones
[rosout][INFO] 2017-06-26 11:03:02,040: Received the playground image. Detecting zones...
[rosout][INFO] 2017-06-26 11:03:02,059: Publishing the detected zones on /zones
[rosout][INFO] 2017-06-26 11:03:03,309: Received the playground image. Detecting zones...
[rosout][INFO] 2017-06-26 11:03:03,334: Publishing the detected zones on /zones
[rosout][INFO] 2017-06-26 11:03:03,521: Received the playground image. Detecting zones...
[rosout][INFO] 2017-06-26 11:03:03,544: Publishing the detected zones on /zones
[rosout][INFO] 2017-06-26 11:03:09,036: Received the playground image. Detecting zones...
[rosout][INFO] 2017-06-26 11:03:09,054: Publishing the detected zones on /zones
[rosout][INFO] 2017-06-26 11:03:22,522: Received the playground image. Detecting zones...
[rosout][INFO] 2017-06-26 11:03:22,540: Publishing the detected zones on /zones
[rosout][INFO] 2017-06-26 11:03:32,773: Received the playground image. Detecting zones...
[rosout][INFO] 2017-06-26 11:03:32,790: Publishing the detected zones on /zones
[rosout][INFO] 2017-06-26 11:03:33,032: Received the playground image. Detecting zones...
[rosout][INFO] 2017-06-26 11:03:33,053: Publishing the detected zones on /zones
[rosout][INFO] 2017-06-26 11:03:34,575: Received the playground image. Detecting zones...
[rosout][INFO] 2017-06-26 11:03:34,605: Publishing the detected zones on /zones
[rosout][INFO] 2017-06-26 11:03:36,008: Received the playground image. Detecting zones...
[rosout][INFO] 2017-06-26 11:03:36,025: Publishing the detected zones on /zones
[rosout][INFO] 2017-06-26 11:03:50,549: Received the playground image. Detecting zones...
[rosout][INFO] 2017-06-26 11:03:50,567: Publishing the detected zones on /zones
[rosout][INFO] 2017-06-26 11:03:51,283: Received the playground image. Detecting zones...
[rosout][INFO] 2017-06-26 11:03:51,306: Publishing the detected zones on /zones
[rosout][INFO] 2017-06-26 11:03:53,045: Received the playground image. Detecting zones...
[rosout][INFO] 2017-06-26 11:03:53,072: Publishing the detected zones on /zones
[rosout][INFO] 2017-06-26 11:03:58,272: Received the playground image. Detecting zones...
[rosout][INFO] 2017-06-26 11:03:58,292: Publishing the detected zones on /zones
[rosout][INFO] 2017-06-26 11:04:04,534: Received the playground image. Detecting zones...
[rosout][INFO] 2017-06-26 11:04:04,554: Publishing the detected zones on /zones
[rosout][INFO] 2017-06-26 11:04:08,538: Received the playground image. Detecting zones...
[rosout][INFO] 2017-06-26 11:04:08,557: Publishing the detected zones on /zones
[rosout][INFO] 2017-06-26 11:04:19,056: Received the playground image. Detecting zones...
[rosout][INFO] 2017-06-26 11:04:19,077: Publishing the detected zones on /zones
[rosout][INFO] 2017-06-26 11:04:19,270: Received the playground image. Detecting zones...
[rosout][INFO] 2017-06-26 11:04:19,290: Publishing the detected zones on /zones
[rosout][INFO] 2017-06-26 11:04:27,280: Received the playground image. Detecting zones...
[rosout][INFO] 2017-06-26 11:04:27,302: Publishing the detected zones on /zones
[rosout][INFO] 2017-06-26 11:04:38,016: Received the playground image. Detecting zones...
[rosout][INFO] 2017-06-26 11:04:38,047: Publishing the detected zones on /zones
[rosout][INFO] 2017-06-26 11:04:39,546: Received the playground image. Detecting zones...
[rosout][INFO] 2017-06-26 11:04:39,565: Publishing the detected zones on /zones
[rosout][INFO] 2017-06-26 11:04:45,277: Received the playground image. Detecting zones...
[rosout][INFO] 2017-06-26 11:04:45,299: Publishing the detected zones on /zones
[rosout][INFO] 2017-06-26 11:04:49,521: Received the playground image. Detecting zones...
[rosout][INFO] 2017-06-26 11:04:49,545: Publishing the detected zones on /zones
[rosout][INFO] 2017-06-26 11:04:59,796: Received the playground image. Detecting zones...
[rosout][INFO] 2017-06-26 11:04:59,816: Publishing the detected zones on /zones
[rosout][INFO] 2017-06-26 11:05:01,779: Received the playground image. Detecting zones...
[rosout][INFO] 2017-06-26 11:05:01,797: Publishing the detected zones on /zones
[rosout][INFO] 2017-06-26 11:05:05,038: Received the playground image. Detecting zones...
[rosout][INFO] 2017-06-26 11:05:05,056: Publishing the detected zones on /zones
[rosout][INFO] 2017-06-26 11:05:21,078: Received the playground image. Detecting zones...
[rosout][INFO] 2017-06-26 11:05:21,101: Publishing the detected zones on /zones
[rosout][INFO] 2017-06-26 11:05:23,260: Received the playground image. Detecting zones...
[rosout][INFO] 2017-06-26 11:05:23,283: Publishing the detected zones on /zones
[rosout][INFO] 2017-06-26 11:05:26,015: Received the playground image. Detecting zones...
[rosout][INFO] 2017-06-26 11:05:26,035: Publishing the detected zones on /zones
[rosout][INFO] 2017-06-26 11:05:29,038: Received the playground image. Detecting zones...
[rosout][INFO] 2017-06-26 11:05:29,063: Publishing the detected zones on /zones
[rosout][INFO] 2017-06-26 11:05:29,759: Received the playground image. Detecting zones...
[rosout][INFO] 2017-06-26 11:05:29,780: Publishing the detected zones on /zones
[rosout][INFO] 2017-06-26 11:05:31,510: Received the playground image. Detecting zones...
[rosout][INFO] 2017-06-26 11:05:31,530: Publishing the detected zones on /zones
[rosout][INFO] 2017-06-26 11:05:38,522: Received the playground image. Detecting zones...
[rosout][INFO] 2017-06-26 11:05:38,545: Publishing the detected zones on /zones
[rosout][INFO] 2017-06-26 11:05:39,522: Received the playground image. Detecting zones...
[rosout][INFO] 2017-06-26 11:05:39,547: Publishing the detected zones on /zones
[rosout][INFO] 2017-06-26 11:05:40,022: Received the playground image. Detecting zones...
[rosout][INFO] 2017-06-26 11:05:40,039: Publishing the detected zones on /zones
[rosout][INFO] 2017-06-26 11:05:43,039: Received the playground image. Detecting zones...
[rosout][INFO] 2017-06-26 11:05:43,059: Publishing the detected zones on /zones
[rosout][INFO] 2017-06-26 11:05:47,785: Received the playground image. Detecting zones...
[rosout][INFO] 2017-06-26 11:05:47,809: Publishing the detected zones on /zones
[rosout][INFO] 2017-06-26 11:05:48,778: Received the playground image. Detecting zones...
[rosout][INFO] 2017-06-26 11:05:48,795: Publishing the detected zones on /zones
[rosout][INFO] 2017-06-26 11:05:54,827: Received the playground image. Detecting zones...
[rosout][INFO] 2017-06-26 11:05:54,866: Publishing the detected zones on /zones
[rosout][INFO] 2017-06-26 11:05:57,028: Received the playground image. Detecting zones...
[rosout][INFO] 2017-06-26 11:05:57,061: Publishing the detected zones on /zones
[rosout][INFO] 2017-06-26 11:06:00,082: Received the playground image. Detecting zones...
[rosout][INFO] 2017-06-26 11:06:00,103: Publishing the detected zones on /zones
[rosout][INFO] 2017-06-26 11:06:00,538: Received the playground image. Detecting zones...
[rosout][INFO] 2017-06-26 11:06:00,568: Publishing the detected zones on /zones
[rosout][INFO] 2017-06-26 11:06:05,527: Received the playground image. Detecting zones...
[rosout][INFO] 2017-06-26 11:06:05,551: Publishing the detected zones on /zones
[rosout][INFO] 2017-06-26 11:06:06,329: Received the playground image. Detecting zones...
[rosout][INFO] 2017-06-26 11:06:06,350: Publishing the detected zones on /zones
[rosout][INFO] 2017-06-26 11:06:07,045: Received the playground image. Detecting zones...
[rosout][INFO] 2017-06-26 11:06:07,077: Publishing the detected zones on /zones
[rosout][INFO] 2017-06-26 11:06:08,568: Received the playground image. Detecting zones...
[rosout][INFO] 2017-06-26 11:06:08,597: Publishing the detected zones on /zones
[rosout][INFO] 2017-06-26 11:06:11,016: Received the playground image. Detecting zones...
[rosout][INFO] 2017-06-26 11:06:11,042: Publishing the detected zones on /zones
[rosout][INFO] 2017-06-26 11:06:18,064: Received the playground image. Detecting zones...
[rosout][INFO] 2017-06-26 11:06:18,096: Publishing the detected zones on /zones
[rosout][INFO] 2017-06-26 11:06:20,027: Received the playground image. Detecting zones...
[rosout][INFO] 2017-06-26 11:06:20,061: Publishing the detected zones on /zones
[rosout][INFO] 2017-06-26 11:06:22,547: Received the playground image. Detecting zones...
[rosout][INFO] 2017-06-26 11:06:22,582: Publishing the detected zones on /zones
[rosout][INFO] 2017-06-26 11:06:27,564: Received the playground image. Detecting zones...
[rosout][INFO] 2017-06-26 11:06:27,587: Publishing the detected zones on /zones
[rosout][INFO] 2017-06-26 11:06:28,518: Received the playground image. Detecting zones...
[rosout][INFO] 2017-06-26 11:06:28,532: Publishing the detected zones on /zones
[rosout][INFO] 2017-06-26 11:06:30,032: Received the playground image. Detecting zones...
[rosout][INFO] 2017-06-26 11:06:30,056: Publishing the detected zones on /zones
[rosout][INFO] 2017-06-26 11:06:34,358: Received the playground image. Detecting zones...
[rosout][INFO] 2017-06-26 11:06:34,381: Publishing the detected zones on /zones
[rosout][INFO] 2017-06-26 11:06:35,765: Received the playground image. Detecting zones...
[rosout][INFO] 2017-06-26 11:06:35,785: Publishing the detected zones on /zones
[rosout][INFO] 2017-06-26 11:06:43,527: Received the playground image. Detecting zones...
[rosout][INFO] 2017-06-26 11:06:43,546: Publishing the detected zones on /zones
[rosout][INFO] 2017-06-26 11:07:02,806: Received the playground image. Detecting zones...
[rosout][INFO] 2017-06-26 11:07:02,826: Publishing the detected zones on /zones
[rosout][INFO] 2017-06-26 11:07:05,307: Received the playground image. Detecting zones...
[rosout][INFO] 2017-06-26 11:07:05,330: Publishing the detected zones on /zones
[rosout][INFO] 2017-06-26 11:07:05,786: Received the playground image. Detecting zones...
[rosout][INFO] 2017-06-26 11:07:05,805: Publishing the detected zones on /zones
[rosout][INFO] 2017-06-26 11:07:06,066: Received the playground image. Detecting zones...
[rosout][INFO] 2017-06-26 11:07:06,085: Publishing the detected zones on /zones
[rosout][INFO] 2017-06-26 11:07:07,534: Received the playground image. Detecting zones...
[rosout][INFO] 2017-06-26 11:07:07,558: Publishing the detected zones on /zones
[rosout][INFO] 2017-06-26 11:07:27,521: Received the playground image. Detecting zones...
[rosout][INFO] 2017-06-26 11:07:27,539: Publishing the detected zones on /zones
[rosout][INFO] 2017-06-26 11:07:35,534: Received the playground image. Detecting zones...
[rosout][INFO] 2017-06-26 11:07:35,556: Publishing the detected zones on /zones
[rosout][INFO] 2017-06-26 11:07:37,788: Received the playground image. Detecting zones...
[rosout][INFO] 2017-06-26 11:07:37,811: Publishing the detected zones on /zones
[rosout][INFO] 2017-06-26 11:07:38,776: Received the playground image. Detecting zones...
[rosout][INFO] 2017-06-26 11:07:38,801: Publishing the detected zones on /zones
[rosout][INFO] 2017-06-26 11:07:43,527: Received the playground image. Detecting zones...
[rosout][INFO] 2017-06-26 11:07:43,546: Publishing the detected zones on /zones
[rosout][INFO] 2017-06-26 11:07:46,537: Received the playground image. Detecting zones...
[rosout][INFO] 2017-06-26 11:07:46,552: Publishing the detected zones on /zones
[rosout][INFO] 2017-06-26 11:08:04,284: Received the playground image. Detecting zones...
[rosout][INFO] 2017-06-26 11:08:04,304: Publishing the detected zones on /zones
[rosout][INFO] 2017-06-26 11:08:04,792: Received the playground image. Detecting zones...
[rosout][INFO] 2017-06-26 11:08:04,821: Publishing the detected zones on /zones
[rosout][INFO] 2017-06-26 11:08:05,030: Received the playground image. Detecting zones...
[rosout][INFO] 2017-06-26 11:08:05,057: Publishing the detected zones on /zones
[rosout][INFO] 2017-06-26 11:08:05,521: Received the playground image. Detecting zones...
[rosout][INFO] 2017-06-26 11:08:05,542: Publishing the detected zones on /zones
[rosout][INFO] 2017-06-26 11:08:09,283: Received the playground image. Detecting zones...
[rosout][INFO] 2017-06-26 11:08:09,301: Publishing the detected zones on /zones
[rosout][INFO] 2017-06-26 11:08:11,029: Received the playground image. Detecting zones...
[rosout][INFO] 2017-06-26 11:08:11,051: Publishing the detected zones on /zones
[rosout][INFO] 2017-06-26 11:08:11,769: Received the playground image. Detecting zones...
[rosout][INFO] 2017-06-26 11:08:11,797: Publishing the detected zones on /zones
[rosout][INFO] 2017-06-26 11:08:16,506: Received the playground image. Detecting zones...
[rosout][INFO] 2017-06-26 11:08:16,535: Publishing the detected zones on /zones
[rosout][INFO] 2017-06-26 11:08:17,016: Received the playground image. Detecting zones...
[rosout][INFO] 2017-06-26 11:08:17,043: Publishing the detected zones on /zones
[rosout][INFO] 2017-06-26 11:08:20,772: Received the playground image. Detecting zones...
[rosout][INFO] 2017-06-26 11:08:20,799: Publishing the detected zones on /zones
[rosout][INFO] 2017-06-26 11:08:26,536: Received the playground image. Detecting zones...
[rosout][INFO] 2017-06-26 11:08:26,561: Publishing the detected zones on /zones
[rosout][INFO] 2017-06-26 11:08:26,762: Received the playground image. Detecting zones...
[rosout][INFO] 2017-06-26 11:08:26,783: Publishing the detected zones on /zones
[rosout][INFO] 2017-06-26 11:08:27,042: Received the playground image. Detecting zones...
[rosout][INFO] 2017-06-26 11:08:27,068: Publishing the detected zones on /zones
[rosout][INFO] 2017-06-26 11:08:27,263: Received the playground image. Detecting zones...
[rosout][INFO] 2017-06-26 11:08:27,285: Publishing the detected zones on /zones
[rosout][INFO] 2017-06-26 11:08:30,548: Received the playground image. Detecting zones...
[rosout][INFO] 2017-06-26 11:08:30,566: Publishing the detected zones on /zones
[rosout][INFO] 2017-06-26 11:08:31,020: Received the playground image. Detecting zones...
[rosout][INFO] 2017-06-26 11:08:31,041: Publishing the detected zones on /zones
[rosout][INFO] 2017-06-26 11:08:32,277: Received the playground image. Detecting zones...
[rosout][INFO] 2017-06-26 11:08:32,298: Publishing the detected zones on /zones
[rosout][INFO] 2017-06-26 11:08:32,514: Received the playground image. Detecting zones...
[rosout][INFO] 2017-06-26 11:08:32,534: Publishing the detected zones on /zones
[rosout][INFO] 2017-06-26 11:08:32,790: Received the playground image. Detecting zones...
[rosout][INFO] 2017-06-26 11:08:32,810: Publishing the detected zones on /zones
[rosout][INFO] 2017-06-26 11:08:35,022: Received the playground image. Detecting zones...
[rosout][INFO] 2017-06-26 11:08:35,041: Publishing the detected zones on /zones
[rosout][INFO] 2017-06-26 11:08:37,304: Received the playground image. Detecting zones...
[rosout][INFO] 2017-06-26 11:08:37,326: Publishing the detected zones on /zones
[rosout][INFO] 2017-06-26 11:08:43,314: Received the playground image. Detecting zones...
[rosout][INFO] 2017-06-26 11:08:43,344: Publishing the detected zones on /zones
[rosout][INFO] 2017-06-26 11:08:53,866: Received the playground image. Detecting zones...
[rosout][INFO] 2017-06-26 11:08:53,896: Publishing the detected zones on /zones
[rosout][INFO] 2017-06-26 11:08:56,272: Received the playground image. Detecting zones...
[rosout][INFO] 2017-06-26 11:08:56,301: Publishing the detected zones on /zones
[rosout][INFO] 2017-06-26 11:08:59,851: Received the playground image. Detecting zones...
[rosout][INFO] 2017-06-26 11:08:59,885: Publishing the detected zones on /zones
[rosout][INFO] 2017-06-26 11:09:01,556: Received the playground image. Detecting zones...
[rosout][INFO] 2017-06-26 11:09:01,595: Publishing the detected zones on /zones
[rosout][INFO] 2017-06-26 11:09:04,060: Received the playground image. Detecting zones...
[rosout][INFO] 2017-06-26 11:09:04,094: Publishing the detected zones on /zones
[rosout][INFO] 2017-06-26 11:09:06,546: Received the playground image. Detecting zones...
[rosout][INFO] 2017-06-26 11:09:06,575: Publishing the detected zones on /zones
[rosout][INFO] 2017-06-26 11:09:06,786: Received the playground image. Detecting zones...
[rosout][INFO] 2017-06-26 11:09:06,817: Publishing the detected zones on /zones
[rosout][INFO] 2017-06-26 11:09:13,025: Received the playground image. Detecting zones...
[rosout][INFO] 2017-06-26 11:09:13,051: Publishing the detected zones on /zones
[rosout][INFO] 2017-06-26 11:09:15,299: Received the playground image. Detecting zones...
[rosout][INFO] 2017-06-26 11:09:15,324: Publishing the detected zones on /zones
[rosout][INFO] 2017-06-26 11:09:30,518: Received the playground image. Detecting zones...
[rosout][INFO] 2017-06-26 11:09:30,547: Publishing the detected zones on /zones
[rospy.internal][INFO] 2017-06-26 11:09:50,961: topic[/zones] removing connection to /sandbox_play
[rospy.internal][INFO] 2017-06-26 11:09:55,463: topic[/zones] removing connection to /rosbag_record_freeplay_sandbox
[rospy.core][INFO] 2017-06-26 11:10:19,244: signal_shutdown [signal-15]
[rospy.internal][INFO] 2017-06-26 11:10:19,250: topic[/rosout] removing connection to /rosout
[rospy.internal][INFO] 2017-06-26 11:10:19,250: topic[/sandtray/background/image] removing connection to http://sandtray-hrilab:45536/
[rospy.internal][INFO] 2017-06-26 11:10:19,252: topic[/sandtray/background/camera_info] removing connection to http://sandtray-hrilab:45536/
[rospy.impl.masterslave][INFO] 2017-06-26 11:10:19,252: signal-15
[rospy.core][INFO] 2017-06-26 11:10:19,389: signal_shutdown [signal-2]
[rospy.core][INFO] 2017-06-26 11:10:19,390: signal_shutdown [atexit]
