[rospy.client][INFO] 2017-06-13 14:03:55,361: init_node, name[/sandbox_zones_from_image], pid[24761]
[xmlrpc][INFO] 2017-06-13 14:03:55,362: XML-RPC server binding to 0.0.0.0:0
[xmlrpc][INFO] 2017-06-13 14:03:55,362: Started XML-RPC server [http://sandtray-hrilab:35357/]
[rospy.init][INFO] 2017-06-13 14:03:55,362: ROS Slave URI: [http://sandtray-hrilab:35357/]
[rospy.impl.masterslave][INFO] 2017-06-13 14:03:55,362: _ready: http://sandtray-hrilab:35357/
[rospy.registration][INFO] 2017-06-13 14:03:55,363: Registering with master node http://localhost:11311
[xmlrpc][INFO] 2017-06-13 14:03:55,363: xml rpc node: starting XML-RPC server
[rospy.init][INFO] 2017-06-13 14:03:55,462: registered with master
[rospy.rosout][INFO] 2017-06-13 14:03:55,463: initializing /rosout core topic
[rospy.rosout][INFO] 2017-06-13 14:03:55,465: connected to core topic /rosout
[rospy.simtime][INFO] 2017-06-13 14:03:55,466: /use_sim_time is not set, will not subscribe to simulated time [/clock] topic
[rosout][INFO] 2017-06-13 14:03:55,473: Waiting for images of the playground
[rospy.internal][INFO] 2017-06-13 14:03:55,478: topic[/sandtray/background/camera_info] adding connection to [http://sandtray-hrilab:33701/], count 0
[rospy.internal][INFO] 2017-06-13 14:03:55,478: topic[/sandtray/background/image] adding connection to [http://sandtray-hrilab:33701/], count 0
[rospy.internal][INFO] 2017-06-13 14:03:55,680: topic[/rosout] adding connection to [/rosout], count 0
[rosout][INFO] 2017-06-13 14:05:52,803: Received the playground image. Detecting zones...
[rosout][INFO] 2017-06-13 14:05:52,817: Publishing the detected zones on /zones
[rosout][INFO] 2017-06-13 14:06:01,802: Received the playground image. Detecting zones...
[rosout][INFO] 2017-06-13 14:06:01,814: Publishing the detected zones on /zones
[rosout][INFO] 2017-06-13 14:06:41,793: Received the playground image. Detecting zones...
[rosout][INFO] 2017-06-13 14:06:41,804: Publishing the detected zones on /zones
[rosout][INFO] 2017-06-13 14:06:43,310: Received the playground image. Detecting zones...
[rosout][INFO] 2017-06-13 14:06:43,327: Publishing the detected zones on /zones
[rosout][INFO] 2017-06-13 14:06:45,591: Received the playground image. Detecting zones...
[rosout][INFO] 2017-06-13 14:06:45,608: Publishing the detected zones on /zones
[rosout][INFO] 2017-06-13 14:06:53,804: Received the playground image. Detecting zones...
[rosout][INFO] 2017-06-13 14:06:53,816: Publishing the detected zones on /zones
[rosout][INFO] 2017-06-13 14:07:04,800: Received the playground image. Detecting zones...
[rosout][INFO] 2017-06-13 14:07:04,811: Publishing the detected zones on /zones
[rosout][INFO] 2017-06-13 14:07:06,056: Received the playground image. Detecting zones...
[rosout][INFO] 2017-06-13 14:07:06,070: Publishing the detected zones on /zones
[rosout][INFO] 2017-06-13 14:07:14,328: Received the playground image. Detecting zones...
[rosout][INFO] 2017-06-13 14:07:14,343: Publishing the detected zones on /zones
[rosout][INFO] 2017-06-13 14:07:15,058: Received the playground image. Detecting zones...
[rosout][INFO] 2017-06-13 14:07:15,070: Publishing the detected zones on /zones
[rosout][INFO] 2017-06-13 14:07:23,068: Received the playground image. Detecting zones...
[rosout][INFO] 2017-06-13 14:07:23,081: Publishing the detected zones on /zones
[rosout][INFO] 2017-06-13 14:07:23,601: Received the playground image. Detecting zones...
[rosout][INFO] 2017-06-13 14:07:23,619: Publishing the detected zones on /zones
[rosout][INFO] 2017-06-13 14:07:25,068: Received the playground image. Detecting zones...
[rosout][INFO] 2017-06-13 14:07:25,079: Publishing the detected zones on /zones
[rosout][INFO] 2017-06-13 14:07:27,344: Received the playground image. Detecting zones...
[rosout][INFO] 2017-06-13 14:07:27,360: Publishing the detected zones on /zones
[rosout][INFO] 2017-06-13 14:07:28,556: Received the playground image. Detecting zones...
[rosout][INFO] 2017-06-13 14:07:28,573: Publishing the detected zones on /zones
[rosout][INFO] 2017-06-13 14:07:31,548: Received the playground image. Detecting zones...
[rosout][INFO] 2017-06-13 14:07:31,564: Publishing the detected zones on /zones
[rosout][INFO] 2017-06-13 14:07:33,081: Received the playground image. Detecting zones...
[rosout][INFO] 2017-06-13 14:07:33,094: Publishing the detected zones on /zones
[rosout][INFO] 2017-06-13 14:07:34,053: Received the playground image. Detecting zones...
[rosout][INFO] 2017-06-13 14:07:34,063: Publishing the detected zones on /zones
[rosout][INFO] 2017-06-13 14:07:36,080: Received the playground image. Detecting zones...
[rosout][INFO] 2017-06-13 14:07:36,092: Publishing the detected zones on /zones
[rosout][INFO] 2017-06-13 14:07:36,336: Received the playground image. Detecting zones...
[rosout][INFO] 2017-06-13 14:07:36,350: Publishing the detected zones on /zones
[rosout][INFO] 2017-06-13 14:07:37,061: Received the playground image. Detecting zones...
[rosout][INFO] 2017-06-13 14:07:37,073: Publishing the detected zones on /zones
[rosout][INFO] 2017-06-13 14:07:37,305: Received the playground image. Detecting zones...
[rosout][INFO] 2017-06-13 14:07:37,319: Publishing the detected zones on /zones
[rosout][INFO] 2017-06-13 14:07:37,572: Received the playground image. Detecting zones...
[rosout][INFO] 2017-06-13 14:07:37,588: Publishing the detected zones on /zones
[rosout][INFO] 2017-06-13 14:07:42,058: Received the playground image. Detecting zones...
[rosout][INFO] 2017-06-13 14:07:42,070: Publishing the detected zones on /zones
[rosout][INFO] 2017-06-13 14:07:42,317: Received the playground image. Detecting zones...
[rosout][INFO] 2017-06-13 14:07:42,335: Publishing the detected zones on /zones
[rosout][INFO] 2017-06-13 14:07:42,808: Received the playground image. Detecting zones...
[rosout][INFO] 2017-06-13 14:07:42,823: Publishing the detected zones on /zones
[rosout][INFO] 2017-06-13 14:08:00,305: Received the playground image. Detecting zones...
[rosout][INFO] 2017-06-13 14:08:00,322: Publishing the detected zones on /zones
[rosout][INFO] 2017-06-13 14:08:02,834: Received the playground image. Detecting zones...
[rosout][INFO] 2017-06-13 14:08:02,855: Publishing the detected zones on /zones
[rosout][INFO] 2017-06-13 14:16:17,809: Received the playground image. Detecting zones...
[rosout][INFO] 2017-06-13 14:16:17,821: Publishing the detected zones on /zones
[rospy.internal][INFO] 2017-06-13 14:16:18,326: topic[/zones] adding connection to [/rosbag_record_freeplay_sandbox], count 0
[rosout][INFO] 2017-06-13 14:16:45,422: Received the playground image. Detecting zones...
[rosout][INFO] 2017-06-13 14:16:45,440: Publishing the detected zones on /zones
[rosout][INFO] 2017-06-13 14:16:53,442: Received the playground image. Detecting zones...
[rosout][INFO] 2017-06-13 14:16:53,467: Publishing the detected zones on /zones
[rosout][INFO] 2017-06-13 14:16:54,389: Received the playground image. Detecting zones...
[rosout][INFO] 2017-06-13 14:16:54,410: Publishing the detected zones on /zones
[rosout][INFO] 2017-06-13 14:16:58,416: Received the playground image. Detecting zones...
[rosout][INFO] 2017-06-13 14:16:58,437: Publishing the detected zones on /zones
[rosout][INFO] 2017-06-13 14:16:58,680: Received the playground image. Detecting zones...
[rosout][INFO] 2017-06-13 14:16:58,704: Publishing the detected zones on /zones
[rosout][INFO] 2017-06-13 14:16:59,437: Received the playground image. Detecting zones...
[rosout][INFO] 2017-06-13 14:16:59,472: Publishing the detected zones on /zones
[rosout][INFO] 2017-06-13 14:17:00,639: Received the playground image. Detecting zones...
[rosout][INFO] 2017-06-13 14:17:00,661: Publishing the detected zones on /zones
[rosout][INFO] 2017-06-13 14:17:01,387: Received the playground image. Detecting zones...
[rosout][INFO] 2017-06-13 14:17:01,404: Publishing the detected zones on /zones
[rosout][INFO] 2017-06-13 14:17:02,464: Received the playground image. Detecting zones...
[rosout][INFO] 2017-06-13 14:17:02,499: Publishing the detected zones on /zones
[rosout][INFO] 2017-06-13 14:17:06,418: Received the playground image. Detecting zones...
[rosout][INFO] 2017-06-13 14:17:06,452: Publishing the detected zones on /zones
[rosout][INFO] 2017-06-13 14:17:07,462: Received the playground image. Detecting zones...
[rosout][INFO] 2017-06-13 14:17:07,484: Publishing the detected zones on /zones
[rosout][INFO] 2017-06-13 14:17:10,768: Received the playground image. Detecting zones...
[rosout][INFO] 2017-06-13 14:17:10,788: Publishing the detected zones on /zones
[rosout][INFO] 2017-06-13 14:17:11,272: Received the playground image. Detecting zones...
[rosout][INFO] 2017-06-13 14:17:11,290: Publishing the detected zones on /zones
[rosout][INFO] 2017-06-13 14:17:12,442: Received the playground image. Detecting zones...
[rosout][INFO] 2017-06-13 14:17:12,462: Publishing the detected zones on /zones
[rosout][INFO] 2017-06-13 14:17:16,157: Received the playground image. Detecting zones...
[rosout][INFO] 2017-06-13 14:17:16,175: Publishing the detected zones on /zones
[rosout][INFO] 2017-06-13 14:17:25,812: Received the playground image. Detecting zones...
[rosout][INFO] 2017-06-13 14:17:25,846: Publishing the detected zones on /zones
[rosout][INFO] 2017-06-13 14:17:26,727: Received the playground image. Detecting zones...
[rosout][INFO] 2017-06-13 14:17:26,760: Publishing the detected zones on /zones
[rosout][INFO] 2017-06-13 14:17:26,988: Received the playground image. Detecting zones...
[rosout][INFO] 2017-06-13 14:17:27,016: Publishing the detected zones on /zones
[rosout][INFO] 2017-06-13 14:17:27,934: Received the playground image. Detecting zones...
[rosout][INFO] 2017-06-13 14:17:27,971: Publishing the detected zones on /zones
[rosout][INFO] 2017-06-13 14:17:30,680: Received the playground image. Detecting zones...
[rosout][INFO] 2017-06-13 14:17:30,698: Publishing the detected zones on /zones
[rosout][INFO] 2017-06-13 14:17:33,659: Received the playground image. Detecting zones...
[rosout][INFO] 2017-06-13 14:17:33,678: Publishing the detected zones on /zones
[rosout][INFO] 2017-06-13 14:17:35,940: Received the playground image. Detecting zones...
[rosout][INFO] 2017-06-13 14:17:35,961: Publishing the detected zones on /zones
[rosout][INFO] 2017-06-13 14:17:37,927: Received the playground image. Detecting zones...
[rosout][INFO] 2017-06-13 14:17:37,958: Publishing the detected zones on /zones
[rosout][INFO] 2017-06-13 14:17:39,408: Received the playground image. Detecting zones...
[rosout][INFO] 2017-06-13 14:17:39,431: Publishing the detected zones on /zones
[rosout][INFO] 2017-06-13 14:17:46,442: Received the playground image. Detecting zones...
[rosout][INFO] 2017-06-13 14:17:46,459: Publishing the detected zones on /zones
[rosout][INFO] 2017-06-13 14:18:08,715: Received the playground image. Detecting zones...
[rosout][INFO] 2017-06-13 14:18:08,754: Publishing the detected zones on /zones
[rosout][INFO] 2017-06-13 14:18:10,181: Received the playground image. Detecting zones...
[rosout][INFO] 2017-06-13 14:18:10,214: Publishing the detected zones on /zones
[rosout][INFO] 2017-06-13 14:18:13,979: Received the playground image. Detecting zones...
[rosout][INFO] 2017-06-13 14:18:14,000: Publishing the detected zones on /zones
[rosout][INFO] 2017-06-13 14:18:20,701: Received the playground image. Detecting zones...
[rosout][INFO] 2017-06-13 14:18:20,732: Publishing the detected zones on /zones
[rosout][INFO] 2017-06-13 14:18:20,940: Received the playground image. Detecting zones...
[rosout][INFO] 2017-06-13 14:18:20,965: Publishing the detected zones on /zones
[rosout][INFO] 2017-06-13 14:18:26,143: Received the playground image. Detecting zones...
[rosout][INFO] 2017-06-13 14:18:26,166: Publishing the detected zones on /zones
[rosout][INFO] 2017-06-13 14:18:38,968: Received the playground image. Detecting zones...
[rosout][INFO] 2017-06-13 14:18:38,990: Publishing the detected zones on /zones
[rosout][INFO] 2017-06-13 14:18:40,972: Received the playground image. Detecting zones...
[rosout][INFO] 2017-06-13 14:18:41,008: Publishing the detected zones on /zones
[rosout][INFO] 2017-06-13 14:18:41,402: Received the playground image. Detecting zones...
[rosout][INFO] 2017-06-13 14:18:41,422: Publishing the detected zones on /zones
[rosout][INFO] 2017-06-13 14:18:42,710: Received the playground image. Detecting zones...
[rosout][INFO] 2017-06-13 14:18:42,742: Publishing the detected zones on /zones
[rosout][INFO] 2017-06-13 14:18:43,254: Received the playground image. Detecting zones...
[rosout][INFO] 2017-06-13 14:18:43,283: Publishing the detected zones on /zones
[rosout][INFO] 2017-06-13 14:18:44,489: Received the playground image. Detecting zones...
[rosout][INFO] 2017-06-13 14:18:44,522: Publishing the detected zones on /zones
[rosout][INFO] 2017-06-13 14:18:45,977: Received the playground image. Detecting zones...
[rosout][INFO] 2017-06-13 14:18:46,001: Publishing the detected zones on /zones
[rosout][INFO] 2017-06-13 14:18:46,677: Received the playground image. Detecting zones...
[rosout][INFO] 2017-06-13 14:18:46,710: Publishing the detected zones on /zones
[rosout][INFO] 2017-06-13 14:18:46,953: Received the playground image. Detecting zones...
[rosout][INFO] 2017-06-13 14:18:46,974: Publishing the detected zones on /zones
[rosout][INFO] 2017-06-13 14:18:48,491: Received the playground image. Detecting zones...
[rosout][INFO] 2017-06-13 14:18:48,513: Publishing the detected zones on /zones
[rosout][INFO] 2017-06-13 14:18:48,779: Received the playground image. Detecting zones...
[rosout][INFO] 2017-06-13 14:18:48,804: Publishing the detected zones on /zones
[rosout][INFO] 2017-06-13 14:18:48,993: Received the playground image. Detecting zones...
[rosout][INFO] 2017-06-13 14:18:49,039: Publishing the detected zones on /zones
[rosout][INFO] 2017-06-13 14:18:49,497: Received the playground image. Detecting zones...
[rosout][INFO] 2017-06-13 14:18:49,518: Publishing the detected zones on /zones
[rosout][INFO] 2017-06-13 14:18:51,279: Received the playground image. Detecting zones...
[rosout][INFO] 2017-06-13 14:18:51,303: Publishing the detected zones on /zones
[rosout][INFO] 2017-06-13 14:18:52,223: Received the playground image. Detecting zones...
[rosout][INFO] 2017-06-13 14:18:52,251: Publishing the detected zones on /zones
[rosout][INFO] 2017-06-13 14:18:52,466: Received the playground image. Detecting zones...
[rosout][INFO] 2017-06-13 14:18:52,492: Publishing the detected zones on /zones
[rosout][INFO] 2017-06-13 14:18:53,247: Received the playground image. Detecting zones...
[rosout][INFO] 2017-06-13 14:18:53,271: Publishing the detected zones on /zones
[rosout][INFO] 2017-06-13 14:18:53,999: Received the playground image. Detecting zones...
[rosout][INFO] 2017-06-13 14:18:54,032: Publishing the detected zones on /zones
[rosout][INFO] 2017-06-13 14:18:55,399: Received the playground image. Detecting zones...
[rosout][INFO] 2017-06-13 14:18:55,419: Publishing the detected zones on /zones
[rosout][INFO] 2017-06-13 14:18:58,941: Received the playground image. Detecting zones...
[rosout][INFO] 2017-06-13 14:18:58,966: Publishing the detected zones on /zones
[rosout][INFO] 2017-06-13 14:19:00,714: Received the playground image. Detecting zones...
[rosout][INFO] 2017-06-13 14:19:00,737: Publishing the detected zones on /zones
[rosout][INFO] 2017-06-13 14:19:01,708: Received the playground image. Detecting zones...
[rosout][INFO] 2017-06-13 14:19:01,734: Publishing the detected zones on /zones
[rosout][INFO] 2017-06-13 14:19:04,395: Received the playground image. Detecting zones...
[rosout][INFO] 2017-06-13 14:19:04,423: Publishing the detected zones on /zones
[rosout][INFO] 2017-06-13 14:19:10,698: Received the playground image. Detecting zones...
[rosout][INFO] 2017-06-13 14:19:10,731: Publishing the detected zones on /zones
[rosout][INFO] 2017-06-13 14:19:10,995: Received the playground image. Detecting zones...
[rosout][INFO] 2017-06-13 14:19:11,028: Publishing the detected zones on /zones
[rosout][INFO] 2017-06-13 14:19:12,591: Received the playground image. Detecting zones...
[rosout][INFO] 2017-06-13 14:19:12,616: Publishing the detected zones on /zones
[rosout][INFO] 2017-06-13 14:19:13,569: Received the playground image. Detecting zones...
[rosout][INFO] 2017-06-13 14:19:13,617: Publishing the detected zones on /zones
[rosout][INFO] 2017-06-13 14:19:14,272: Received the playground image. Detecting zones...
[rosout][INFO] 2017-06-13 14:19:14,293: Publishing the detected zones on /zones
[rosout][INFO] 2017-06-13 14:19:14,835: Received the playground image. Detecting zones...
[rosout][INFO] 2017-06-13 14:19:14,861: Publishing the detected zones on /zones
[rosout][INFO] 2017-06-13 14:19:15,274: Received the playground image. Detecting zones...
[rosout][INFO] 2017-06-13 14:19:15,298: Publishing the detected zones on /zones
[rosout][INFO] 2017-06-13 14:19:15,542: Received the playground image. Detecting zones...
[rosout][INFO] 2017-06-13 14:19:15,582: Publishing the detected zones on /zones
[rosout][INFO] 2017-06-13 14:19:15,883: Received the playground image. Detecting zones...
[rosout][INFO] 2017-06-13 14:19:15,924: Publishing the detected zones on /zones
[rosout][INFO] 2017-06-13 14:19:16,249: Received the playground image. Detecting zones...
[rosout][INFO] 2017-06-13 14:19:16,269: Publishing the detected zones on /zones
[rosout][INFO] 2017-06-13 14:19:16,596: Received the playground image. Detecting zones...
[rosout][INFO] 2017-06-13 14:19:16,622: Publishing the detected zones on /zones
[rosout][INFO] 2017-06-13 14:19:17,023: Received the playground image. Detecting zones...
[rosout][INFO] 2017-06-13 14:19:17,048: Publishing the detected zones on /zones
[rosout][INFO] 2017-06-13 14:19:17,408: Received the playground image. Detecting zones...
[rosout][INFO] 2017-06-13 14:19:17,440: Publishing the detected zones on /zones
[rosout][INFO] 2017-06-13 14:19:18,067: Received the playground image. Detecting zones...
[rosout][INFO] 2017-06-13 14:19:18,101: Publishing the detected zones on /zones
[rosout][INFO] 2017-06-13 14:19:18,876: Received the playground image. Detecting zones...
[rosout][INFO] 2017-06-13 14:19:18,903: Publishing the detected zones on /zones
[rosout][INFO] 2017-06-13 14:19:19,440: Received the playground image. Detecting zones...
[rosout][INFO] 2017-06-13 14:19:19,456: Publishing the detected zones on /zones
[rosout][INFO] 2017-06-13 14:19:19,729: Received the playground image. Detecting zones...
[rosout][INFO] 2017-06-13 14:19:19,753: Publishing the detected zones on /zones
[rosout][INFO] 2017-06-13 14:19:20,040: Received the playground image. Detecting zones...
[rosout][INFO] 2017-06-13 14:19:20,071: Publishing the detected zones on /zones
[rosout][INFO] 2017-06-13 14:19:20,251: Received the playground image. Detecting zones...
[rosout][INFO] 2017-06-13 14:19:20,273: Publishing the detected zones on /zones
[rosout][INFO] 2017-06-13 14:19:20,449: Received the playground image. Detecting zones...
[rosout][INFO] 2017-06-13 14:19:20,468: Publishing the detected zones on /zones
[rosout][INFO] 2017-06-13 14:19:20,697: Received the playground image. Detecting zones...
[rosout][INFO] 2017-06-13 14:19:20,717: Publishing the detected zones on /zones
[rosout][INFO] 2017-06-13 14:19:21,004: Received the playground image. Detecting zones...
[rosout][INFO] 2017-06-13 14:19:21,027: Publishing the detected zones on /zones
[rosout][INFO] 2017-06-13 14:19:21,251: Received the playground image. Detecting zones...
[rosout][INFO] 2017-06-13 14:19:21,278: Publishing the detected zones on /zones
[rosout][INFO] 2017-06-13 14:19:21,622: Received the playground image. Detecting zones...
[rosout][INFO] 2017-06-13 14:19:21,644: Publishing the detected zones on /zones
[rosout][INFO] 2017-06-13 14:19:21,916: Received the playground image. Detecting zones...
[rosout][INFO] 2017-06-13 14:19:21,952: Publishing the detected zones on /zones
[rosout][INFO] 2017-06-13 14:19:22,182: Received the playground image. Detecting zones...
[rosout][INFO] 2017-06-13 14:19:22,215: Publishing the detected zones on /zones
[rosout][INFO] 2017-06-13 14:19:22,345: Received the playground image. Detecting zones...
[rosout][INFO] 2017-06-13 14:19:22,362: Publishing the detected zones on /zones
[rosout][INFO] 2017-06-13 14:19:22,705: Received the playground image. Detecting zones...
[rosout][INFO] 2017-06-13 14:19:22,723: Publishing the detected zones on /zones
[rosout][INFO] 2017-06-13 14:19:23,008: Received the playground image. Detecting zones...
[rosout][INFO] 2017-06-13 14:19:23,028: Publishing the detected zones on /zones
[rosout][INFO] 2017-06-13 14:19:23,287: Received the playground image. Detecting zones...
[rosout][INFO] 2017-06-13 14:19:23,309: Publishing the detected zones on /zones
[rosout][INFO] 2017-06-13 14:19:23,496: Received the playground image. Detecting zones...
[rosout][INFO] 2017-06-13 14:19:23,522: Publishing the detected zones on /zones
[rosout][INFO] 2017-06-13 14:19:23,792: Received the playground image. Detecting zones...
[rosout][INFO] 2017-06-13 14:19:23,817: Publishing the detected zones on /zones
[rosout][INFO] 2017-06-13 14:19:24,203: Received the playground image. Detecting zones...
[rosout][INFO] 2017-06-13 14:19:24,224: Publishing the detected zones on /zones
[rosout][INFO] 2017-06-13 14:19:24,911: Received the playground image. Detecting zones...
[rosout][INFO] 2017-06-13 14:19:24,935: Publishing the detected zones on /zones
[rosout][INFO] 2017-06-13 14:19:25,184: Received the playground image. Detecting zones...
[rosout][INFO] 2017-06-13 14:19:25,205: Publishing the detected zones on /zones
[rosout][INFO] 2017-06-13 14:19:25,399: Received the playground image. Detecting zones...
[rosout][INFO] 2017-06-13 14:19:25,428: Publishing the detected zones on /zones
[rosout][INFO] 2017-06-13 14:19:26,210: Received the playground image. Detecting zones...
[rosout][INFO] 2017-06-13 14:19:26,236: Publishing the detected zones on /zones
[rosout][INFO] 2017-06-13 14:19:26,443: Received the playground image. Detecting zones...
[rosout][INFO] 2017-06-13 14:19:26,463: Publishing the detected zones on /zones
[rosout][INFO] 2017-06-13 14:19:26,652: Received the playground image. Detecting zones...
[rosout][INFO] 2017-06-13 14:19:26,678: Publishing the detected zones on /zones
[rosout][INFO] 2017-06-13 14:19:26,976: Received the playground image. Detecting zones...
[rosout][INFO] 2017-06-13 14:19:27,000: Publishing the detected zones on /zones
[rosout][INFO] 2017-06-13 14:19:27,185: Received the playground image. Detecting zones...
[rosout][INFO] 2017-06-13 14:19:27,209: Publishing the detected zones on /zones
[rosout][INFO] 2017-06-13 14:19:27,689: Received the playground image. Detecting zones...
[rosout][INFO] 2017-06-13 14:19:27,722: Publishing the detected zones on /zones
[rosout][INFO] 2017-06-13 14:19:27,921: Received the playground image. Detecting zones...
[rosout][INFO] 2017-06-13 14:19:27,944: Publishing the detected zones on /zones
[rosout][INFO] 2017-06-13 14:19:28,687: Received the playground image. Detecting zones...
[rosout][INFO] 2017-06-13 14:19:28,720: Publishing the detected zones on /zones
[rosout][INFO] 2017-06-13 14:19:28,923: Received the playground image. Detecting zones...
[rosout][INFO] 2017-06-13 14:19:28,943: Publishing the detected zones on /zones
[rosout][INFO] 2017-06-13 14:19:31,696: Received the playground image. Detecting zones...
[rosout][INFO] 2017-06-13 14:19:31,726: Publishing the detected zones on /zones
[rosout][INFO] 2017-06-13 14:19:34,700: Received the playground image. Detecting zones...
[rosout][INFO] 2017-06-13 14:19:34,727: Publishing the detected zones on /zones
[rosout][INFO] 2017-06-13 14:19:35,485: Received the playground image. Detecting zones...
[rosout][INFO] 2017-06-13 14:19:35,506: Publishing the detected zones on /zones
[rosout][INFO] 2017-06-13 14:19:36,786: Received the playground image. Detecting zones...
[rosout][INFO] 2017-06-13 14:19:36,821: Publishing the detected zones on /zones
[rosout][INFO] 2017-06-13 14:19:37,015: Received the playground image. Detecting zones...
[rosout][INFO] 2017-06-13 14:19:37,053: Publishing the detected zones on /zones
[rosout][INFO] 2017-06-13 14:19:37,434: Received the playground image. Detecting zones...
[rosout][INFO] 2017-06-13 14:19:37,454: Publishing the detected zones on /zones
[rosout][INFO] 2017-06-13 14:19:39,182: Received the playground image. Detecting zones...
[rosout][INFO] 2017-06-13 14:19:39,223: Publishing the detected zones on /zones
[rosout][INFO] 2017-06-13 14:19:40,436: Received the playground image. Detecting zones...
[rosout][INFO] 2017-06-13 14:19:40,457: Publishing the detected zones on /zones
[rosout][INFO] 2017-06-13 14:19:40,716: Received the playground image. Detecting zones...
[rosout][INFO] 2017-06-13 14:19:40,736: Publishing the detected zones on /zones
[rosout][INFO] 2017-06-13 14:19:41,706: Received the playground image. Detecting zones...
[rosout][INFO] 2017-06-13 14:19:41,728: Publishing the detected zones on /zones
[rosout][INFO] 2017-06-13 14:19:42,202: Received the playground image. Detecting zones...
[rosout][INFO] 2017-06-13 14:19:42,226: Publishing the detected zones on /zones
[rosout][INFO] 2017-06-13 14:19:44,956: Received the playground image. Detecting zones...
[rosout][INFO] 2017-06-13 14:19:44,980: Publishing the detected zones on /zones
[rosout][INFO] 2017-06-13 14:19:47,452: Received the playground image. Detecting zones...
[rosout][INFO] 2017-06-13 14:19:47,481: Publishing the detected zones on /zones
[rosout][INFO] 2017-06-13 14:19:47,672: Received the playground image. Detecting zones...
[rosout][INFO] 2017-06-13 14:19:47,695: Publishing the detected zones on /zones
[rosout][INFO] 2017-06-13 14:19:47,999: Received the playground image. Detecting zones...
[rosout][INFO] 2017-06-13 14:19:48,033: Publishing the detected zones on /zones
[rosout][INFO] 2017-06-13 14:19:48,241: Received the playground image. Detecting zones...
[rosout][INFO] 2017-06-13 14:19:48,264: Publishing the detected zones on /zones
[rosout][INFO] 2017-06-13 14:19:48,471: Received the playground image. Detecting zones...
[rosout][INFO] 2017-06-13 14:19:48,492: Publishing the detected zones on /zones
[rosout][INFO] 2017-06-13 14:19:48,734: Received the playground image. Detecting zones...
[rosout][INFO] 2017-06-13 14:19:48,758: Publishing the detected zones on /zones
[rosout][INFO] 2017-06-13 14:19:48,979: Received the playground image. Detecting zones...
[rosout][INFO] 2017-06-13 14:19:49,017: Publishing the detected zones on /zones
[rosout][INFO] 2017-06-13 14:19:49,220: Received the playground image. Detecting zones...
[rosout][INFO] 2017-06-13 14:19:49,243: Publishing the detected zones on /zones
[rosout][INFO] 2017-06-13 14:19:49,480: Received the playground image. Detecting zones...
[rosout][INFO] 2017-06-13 14:19:49,509: Publishing the detected zones on /zones
[rosout][INFO] 2017-06-13 14:19:49,678: Received the playground image. Detecting zones...
[rosout][INFO] 2017-06-13 14:19:49,709: Publishing the detected zones on /zones
[rosout][INFO] 2017-06-13 14:19:49,987: Received the playground image. Detecting zones...
[rosout][INFO] 2017-06-13 14:19:50,015: Publishing the detected zones on /zones
[rosout][INFO] 2017-06-13 14:19:50,183: Received the playground image. Detecting zones...
[rosout][INFO] 2017-06-13 14:19:50,209: Publishing the detected zones on /zones
[rosout][INFO] 2017-06-13 14:19:50,503: Received the playground image. Detecting zones...
[rosout][INFO] 2017-06-13 14:19:50,526: Publishing the detected zones on /zones
[rosout][INFO] 2017-06-13 14:19:50,779: Received the playground image. Detecting zones...
[rosout][INFO] 2017-06-13 14:19:50,805: Publishing the detected zones on /zones
[rosout][INFO] 2017-06-13 14:19:51,035: Received the playground image. Detecting zones...
[rosout][INFO] 2017-06-13 14:19:51,067: Publishing the detected zones on /zones
[rosout][INFO] 2017-06-13 14:19:51,238: Received the playground image. Detecting zones...
[rosout][INFO] 2017-06-13 14:19:51,258: Publishing the detected zones on /zones
[rosout][INFO] 2017-06-13 14:19:51,461: Received the playground image. Detecting zones...
[rosout][INFO] 2017-06-13 14:19:51,489: Publishing the detected zones on /zones
[rosout][INFO] 2017-06-13 14:19:51,674: Received the playground image. Detecting zones...
[rosout][INFO] 2017-06-13 14:19:51,692: Publishing the detected zones on /zones
[rosout][INFO] 2017-06-13 14:19:52,964: Received the playground image. Detecting zones...
[rosout][INFO] 2017-06-13 14:19:52,990: Publishing the detected zones on /zones
[rosout][INFO] 2017-06-13 14:19:57,779: Received the playground image. Detecting zones...
[rosout][INFO] 2017-06-13 14:19:57,808: Publishing the detected zones on /zones
[rosout][INFO] 2017-06-13 14:20:01,784: Received the playground image. Detecting zones...
[rosout][INFO] 2017-06-13 14:20:01,809: Publishing the detected zones on /zones
[rosout][INFO] 2017-06-13 14:20:03,448: Received the playground image. Detecting zones...
[rosout][INFO] 2017-06-13 14:20:03,467: Publishing the detected zones on /zones
[rosout][INFO] 2017-06-13 14:20:03,998: Received the playground image. Detecting zones...
[rosout][INFO] 2017-06-13 14:20:04,021: Publishing the detected zones on /zones
[rosout][INFO] 2017-06-13 14:20:06,763: Received the playground image. Detecting zones...
[rosout][INFO] 2017-06-13 14:20:06,800: Publishing the detected zones on /zones
[rosout][INFO] 2017-06-13 14:20:07,960: Received the playground image. Detecting zones...
[rosout][INFO] 2017-06-13 14:20:07,981: Publishing the detected zones on /zones
[rosout][INFO] 2017-06-13 14:20:08,176: Received the playground image. Detecting zones...
[rosout][INFO] 2017-06-13 14:20:08,199: Publishing the detected zones on /zones
[rosout][INFO] 2017-06-13 14:20:09,206: Received the playground image. Detecting zones...
[rosout][INFO] 2017-06-13 14:20:09,230: Publishing the detected zones on /zones
[rosout][INFO] 2017-06-13 14:20:13,449: Received the playground image. Detecting zones...
[rosout][INFO] 2017-06-13 14:20:13,467: Publishing the detected zones on /zones
[rosout][INFO] 2017-06-13 14:20:15,681: Received the playground image. Detecting zones...
[rosout][INFO] 2017-06-13 14:20:15,699: Publishing the detected zones on /zones
[rosout][INFO] 2017-06-13 14:20:19,449: Received the playground image. Detecting zones...
[rosout][INFO] 2017-06-13 14:20:19,481: Publishing the detected zones on /zones
[rosout][INFO] 2017-06-13 14:20:19,682: Received the playground image. Detecting zones...
[rosout][INFO] 2017-06-13 14:20:19,712: Publishing the detected zones on /zones
[rosout][INFO] 2017-06-13 14:20:20,699: Received the playground image. Detecting zones...
[rosout][INFO] 2017-06-13 14:20:20,728: Publishing the detected zones on /zones
[rosout][INFO] 2017-06-13 14:20:21,202: Received the playground image. Detecting zones...
[rosout][INFO] 2017-06-13 14:20:21,225: Publishing the detected zones on /zones
[rosout][INFO] 2017-06-13 14:20:23,179: Received the playground image. Detecting zones...
[rosout][INFO] 2017-06-13 14:20:23,209: Publishing the detected zones on /zones
[rosout][INFO] 2017-06-13 14:20:24,180: Received the playground image. Detecting zones...
[rosout][INFO] 2017-06-13 14:20:24,207: Publishing the detected zones on /zones
[rosout][INFO] 2017-06-13 14:20:27,174: Received the playground image. Detecting zones...
[rosout][INFO] 2017-06-13 14:20:27,195: Publishing the detected zones on /zones
[rosout][INFO] 2017-06-13 14:20:29,166: Received the playground image. Detecting zones...
[rosout][INFO] 2017-06-13 14:20:29,184: Publishing the detected zones on /zones
[rosout][INFO] 2017-06-13 14:20:30,948: Received the playground image. Detecting zones...
[rosout][INFO] 2017-06-13 14:20:30,970: Publishing the detected zones on /zones
[rosout][INFO] 2017-06-13 14:20:31,208: Received the playground image. Detecting zones...
[rosout][INFO] 2017-06-13 14:20:31,232: Publishing the detected zones on /zones
[rosout][INFO] 2017-06-13 14:20:31,470: Received the playground image. Detecting zones...
[rosout][INFO] 2017-06-13 14:20:31,499: Publishing the detected zones on /zones
[rosout][INFO] 2017-06-13 14:20:32,391: Received the playground image. Detecting zones...
[rosout][INFO] 2017-06-13 14:20:32,411: Publishing the detected zones on /zones
[rosout][INFO] 2017-06-13 14:20:34,258: Received the playground image. Detecting zones...
[rosout][INFO] 2017-06-13 14:20:34,278: Publishing the detected zones on /zones
[rosout][INFO] 2017-06-13 14:20:34,772: Received the playground image. Detecting zones...
[rosout][INFO] 2017-06-13 14:20:34,801: Publishing the detected zones on /zones
[rosout][INFO] 2017-06-13 14:20:37,262: Received the playground image. Detecting zones...
[rosout][INFO] 2017-06-13 14:20:37,282: Publishing the detected zones on /zones
[rosout][INFO] 2017-06-13 14:20:39,814: Received the playground image. Detecting zones...
[rosout][INFO] 2017-06-13 14:20:39,842: Publishing the detected zones on /zones
[rosout][INFO] 2017-06-13 14:20:40,052: Received the playground image. Detecting zones...
[rosout][INFO] 2017-06-13 14:20:40,070: Publishing the detected zones on /zones
[rosout][INFO] 2017-06-13 14:20:40,738: Received the playground image. Detecting zones...
[rosout][INFO] 2017-06-13 14:20:40,771: Publishing the detected zones on /zones
[rosout][INFO] 2017-06-13 14:20:41,414: Received the playground image. Detecting zones...
[rosout][INFO] 2017-06-13 14:20:41,439: Publishing the detected zones on /zones
[rosout][INFO] 2017-06-13 14:20:43,719: Received the playground image. Detecting zones...
[rosout][INFO] 2017-06-13 14:20:43,753: Publishing the detected zones on /zones
[rosout][INFO] 2017-06-13 14:20:43,974: Received the playground image. Detecting zones...
[rosout][INFO] 2017-06-13 14:20:44,012: Publishing the detected zones on /zones
[rosout][INFO] 2017-06-13 14:20:44,978: Received the playground image. Detecting zones...
[rosout][INFO] 2017-06-13 14:20:45,000: Publishing the detected zones on /zones
[rosout][INFO] 2017-06-13 14:20:45,724: Received the playground image. Detecting zones...
[rosout][INFO] 2017-06-13 14:20:45,751: Publishing the detected zones on /zones
[rosout][INFO] 2017-06-13 14:20:45,966: Received the playground image. Detecting zones...
[rosout][INFO] 2017-06-13 14:20:45,994: Publishing the detected zones on /zones
[rosout][INFO] 2017-06-13 14:20:46,222: Received the playground image. Detecting zones...
[rosout][INFO] 2017-06-13 14:20:46,242: Publishing the detected zones on /zones
[rosout][INFO] 2017-06-13 14:20:46,473: Received the playground image. Detecting zones...
[rosout][INFO] 2017-06-13 14:20:46,497: Publishing the detected zones on /zones
[rosout][INFO] 2017-06-13 14:20:46,674: Received the playground image. Detecting zones...
[rosout][INFO] 2017-06-13 14:20:46,707: Publishing the detected zones on /zones
[rosout][INFO] 2017-06-13 14:20:46,956: Received the playground image. Detecting zones...
[rosout][INFO] 2017-06-13 14:20:46,992: Publishing the detected zones on /zones
[rosout][INFO] 2017-06-13 14:20:47,211: Received the playground image. Detecting zones...
[rosout][INFO] 2017-06-13 14:20:47,241: Publishing the detected zones on /zones
[rosout][INFO] 2017-06-13 14:20:47,490: Received the playground image. Detecting zones...
[rosout][INFO] 2017-06-13 14:20:47,514: Publishing the detected zones on /zones
[rosout][INFO] 2017-06-13 14:20:47,878: Received the playground image. Detecting zones...
[rosout][INFO] 2017-06-13 14:20:47,903: Publishing the detected zones on /zones
[rosout][INFO] 2017-06-13 14:20:48,127: Received the playground image. Detecting zones...
[rosout][INFO] 2017-06-13 14:20:48,161: Publishing the detected zones on /zones
[rosout][INFO] 2017-06-13 14:20:48,368: Received the playground image. Detecting zones...
[rosout][INFO] 2017-06-13 14:20:48,405: Publishing the detected zones on /zones
[rosout][INFO] 2017-06-13 14:20:48,580: Received the playground image. Detecting zones...
[rosout][INFO] 2017-06-13 14:20:48,611: Publishing the detected zones on /zones
[rosout][INFO] 2017-06-13 14:20:48,820: Received the playground image. Detecting zones...
[rosout][INFO] 2017-06-13 14:20:48,861: Publishing the detected zones on /zones
[rosout][INFO] 2017-06-13 14:20:49,044: Received the playground image. Detecting zones...
[rosout][INFO] 2017-06-13 14:20:49,082: Publishing the detected zones on /zones
[rosout][INFO] 2017-06-13 14:20:49,252: Received the playground image. Detecting zones...
[rosout][INFO] 2017-06-13 14:20:49,278: Publishing the detected zones on /zones
[rosout][INFO] 2017-06-13 14:20:53,966: Received the playground image. Detecting zones...
[rosout][INFO] 2017-06-13 14:20:53,991: Publishing the detected zones on /zones
[rosout][INFO] 2017-06-13 14:20:55,431: Received the playground image. Detecting zones...
[rosout][INFO] 2017-06-13 14:20:55,449: Publishing the detected zones on /zones
[rosout][INFO] 2017-06-13 14:20:57,459: Received the playground image. Detecting zones...
[rosout][INFO] 2017-06-13 14:20:57,481: Publishing the detected zones on /zones
[rosout][INFO] 2017-06-13 14:20:57,676: Received the playground image. Detecting zones...
[rosout][INFO] 2017-06-13 14:20:57,695: Publishing the detected zones on /zones
[rosout][INFO] 2017-06-13 14:20:58,929: Received the playground image. Detecting zones...
[rosout][INFO] 2017-06-13 14:20:58,946: Publishing the detected zones on /zones
[rosout][INFO] 2017-06-13 14:20:59,946: Received the playground image. Detecting zones...
[rosout][INFO] 2017-06-13 14:20:59,975: Publishing the detected zones on /zones
[rosout][INFO] 2017-06-13 14:21:00,452: Received the playground image. Detecting zones...
[rosout][INFO] 2017-06-13 14:21:00,479: Publishing the detected zones on /zones
[rosout][INFO] 2017-06-13 14:21:04,662: Received the playground image. Detecting zones...
[rosout][INFO] 2017-06-13 14:21:04,687: Publishing the detected zones on /zones
[rosout][INFO] 2017-06-13 14:21:08,685: Received the playground image. Detecting zones...
[rosout][INFO] 2017-06-13 14:21:08,711: Publishing the detected zones on /zones
[rosout][INFO] 2017-06-13 14:21:10,183: Received the playground image. Detecting zones...
[rosout][INFO] 2017-06-13 14:21:10,199: Publishing the detected zones on /zones
[rosout][INFO] 2017-06-13 14:21:12,167: Received the playground image. Detecting zones...
[rosout][INFO] 2017-06-13 14:21:12,190: Publishing the detected zones on /zones
[rosout][INFO] 2017-06-13 14:21:14,127: Received the playground image. Detecting zones...
[rosout][INFO] 2017-06-13 14:21:14,148: Publishing the detected zones on /zones
[rosout][INFO] 2017-06-13 14:21:14,687: Received the playground image. Detecting zones...
[rosout][INFO] 2017-06-13 14:21:14,704: Publishing the detected zones on /zones
[rosout][INFO] 2017-06-13 14:21:16,420: Received the playground image. Detecting zones...
[rosout][INFO] 2017-06-13 14:21:16,438: Publishing the detected zones on /zones
[rosout][INFO] 2017-06-13 14:21:17,428: Received the playground image. Detecting zones...
[rosout][INFO] 2017-06-13 14:21:17,456: Publishing the detected zones on /zones
[rosout][INFO] 2017-06-13 14:21:17,945: Received the playground image. Detecting zones...
[rosout][INFO] 2017-06-13 14:21:17,979: Publishing the detected zones on /zones
[rosout][INFO] 2017-06-13 14:21:18,710: Received the playground image. Detecting zones...
[rosout][INFO] 2017-06-13 14:21:18,733: Publishing the detected zones on /zones
[rosout][INFO] 2017-06-13 14:21:22,971: Received the playground image. Detecting zones...
[rosout][INFO] 2017-06-13 14:21:23,011: Publishing the detected zones on /zones
[rosout][INFO] 2017-06-13 14:21:24,745: Received the playground image. Detecting zones...
[rosout][INFO] 2017-06-13 14:21:24,767: Publishing the detected zones on /zones
[rosout][INFO] 2017-06-13 14:21:25,016: Received the playground image. Detecting zones...
[rosout][INFO] 2017-06-13 14:21:25,053: Publishing the detected zones on /zones
[rosout][INFO] 2017-06-13 14:21:25,190: Received the playground image. Detecting zones...
[rosout][INFO] 2017-06-13 14:21:25,214: Publishing the detected zones on /zones
[rosout][INFO] 2017-06-13 14:21:25,455: Received the playground image. Detecting zones...
[rosout][INFO] 2017-06-13 14:21:25,479: Publishing the detected zones on /zones
[rosout][INFO] 2017-06-13 14:21:25,725: Received the playground image. Detecting zones...
[rosout][INFO] 2017-06-13 14:21:25,754: Publishing the detected zones on /zones
[rosout][INFO] 2017-06-13 14:21:26,012: Received the playground image. Detecting zones...
[rosout][INFO] 2017-06-13 14:21:26,038: Publishing the detected zones on /zones
[rosout][INFO] 2017-06-13 14:21:26,245: Received the playground image. Detecting zones...
[rosout][INFO] 2017-06-13 14:21:26,265: Publishing the detected zones on /zones
[rosout][INFO] 2017-06-13 14:21:26,515: Received the playground image. Detecting zones...
[rosout][INFO] 2017-06-13 14:21:26,535: Publishing the detected zones on /zones
[rosout][INFO] 2017-06-13 14:21:26,783: Received the playground image. Detecting zones...
[rosout][INFO] 2017-06-13 14:21:26,818: Publishing the detected zones on /zones
[rosout][INFO] 2017-06-13 14:21:27,031: Received the playground image. Detecting zones...
[rosout][INFO] 2017-06-13 14:21:27,056: Publishing the detected zones on /zones
[rosout][INFO] 2017-06-13 14:21:27,594: Received the playground image. Detecting zones...
[rosout][INFO] 2017-06-13 14:21:27,634: Publishing the detected zones on /zones
[rosout][INFO] 2017-06-13 14:21:27,849: Received the playground image. Detecting zones...
[rosout][INFO] 2017-06-13 14:21:27,889: Publishing the detected zones on /zones
[rosout][INFO] 2017-06-13 14:21:28,155: Received the playground image. Detecting zones...
[rosout][INFO] 2017-06-13 14:21:28,181: Publishing the detected zones on /zones
[rosout][INFO] 2017-06-13 14:21:28,351: Received the playground image. Detecting zones...
[rosout][INFO] 2017-06-13 14:21:28,373: Publishing the detected zones on /zones
[rosout][INFO] 2017-06-13 14:21:28,580: Received the playground image. Detecting zones...
[rosout][INFO] 2017-06-13 14:21:28,611: Publishing the detected zones on /zones
[rosout][INFO] 2017-06-13 14:21:28,875: Received the playground image. Detecting zones...
[rosout][INFO] 2017-06-13 14:21:28,905: Publishing the detected zones on /zones
[rosout][INFO] 2017-06-13 14:21:29,079: Received the playground image. Detecting zones...
[rosout][INFO] 2017-06-13 14:21:29,104: Publishing the detected zones on /zones
[rosout][INFO] 2017-06-13 14:21:32,987: Received the playground image. Detecting zones...
[rosout][INFO] 2017-06-13 14:21:33,004: Publishing the detected zones on /zones
[rosout][INFO] 2017-06-13 14:21:35,527: Received the playground image. Detecting zones...
[rosout][INFO] 2017-06-13 14:21:35,549: Publishing the detected zones on /zones
[rosout][INFO] 2017-06-13 14:21:36,751: Received the playground image. Detecting zones...
[rosout][INFO] 2017-06-13 14:21:36,777: Publishing the detected zones on /zones
[rosout][INFO] 2017-06-13 14:21:38,902: Received the playground image. Detecting zones...
[rosout][INFO] 2017-06-13 14:21:38,940: Publishing the detected zones on /zones
[rosout][INFO] 2017-06-13 14:21:40,692: Received the playground image. Detecting zones...
[rosout][INFO] 2017-06-13 14:21:40,717: Publishing the detected zones on /zones
[rosout][INFO] 2017-06-13 14:21:40,933: Received the playground image. Detecting zones...
[rosout][INFO] 2017-06-13 14:21:40,955: Publishing the detected zones on /zones
[rosout][INFO] 2017-06-13 14:21:45,186: Received the playground image. Detecting zones...
[rosout][INFO] 2017-06-13 14:21:45,213: Publishing the detected zones on /zones
[rosout][INFO] 2017-06-13 14:21:46,193: Received the playground image. Detecting zones...
[rosout][INFO] 2017-06-13 14:21:46,216: Publishing the detected zones on /zones
[rosout][INFO] 2017-06-13 14:21:48,709: Received the playground image. Detecting zones...
[rosout][INFO] 2017-06-13 14:21:48,739: Publishing the detected zones on /zones
[rosout][INFO] 2017-06-13 14:21:48,916: Received the playground image. Detecting zones...
[rosout][INFO] 2017-06-13 14:21:48,950: Publishing the detected zones on /zones
[rosout][INFO] 2017-06-13 14:21:53,215: Received the playground image. Detecting zones...
[rosout][INFO] 2017-06-13 14:21:53,249: Publishing the detected zones on /zones
[rosout][INFO] 2017-06-13 14:21:54,212: Received the playground image. Detecting zones...
[rosout][INFO] 2017-06-13 14:21:54,244: Publishing the detected zones on /zones
[rosout][INFO] 2017-06-13 14:21:55,400: Received the playground image. Detecting zones...
[rosout][INFO] 2017-06-13 14:21:55,424: Publishing the detected zones on /zones
[rosout][INFO] 2017-06-13 14:21:56,404: Received the playground image. Detecting zones...
[rosout][INFO] 2017-06-13 14:21:56,425: Publishing the detected zones on /zones
[rosout][INFO] 2017-06-13 14:21:58,213: Received the playground image. Detecting zones...
[rosout][INFO] 2017-06-13 14:21:58,238: Publishing the detected zones on /zones
[rosout][INFO] 2017-06-13 14:22:01,457: Received the playground image. Detecting zones...
[rosout][INFO] 2017-06-13 14:22:01,488: Publishing the detected zones on /zones
[rosout][INFO] 2017-06-13 14:22:03,691: Received the playground image. Detecting zones...
[rosout][INFO] 2017-06-13 14:22:03,712: Publishing the detected zones on /zones
[rosout][INFO] 2017-06-13 14:22:05,175: Received the playground image. Detecting zones...
[rosout][INFO] 2017-06-13 14:22:05,194: Publishing the detected zones on /zones
[rosout][INFO] 2017-06-13 14:22:06,448: Received the playground image. Detecting zones...
[rosout][INFO] 2017-06-13 14:22:06,468: Publishing the detected zones on /zones
[rosout][INFO] 2017-06-13 14:22:13,926: Received the playground image. Detecting zones...
[rosout][INFO] 2017-06-13 14:22:13,960: Publishing the detected zones on /zones
[rosout][INFO] 2017-06-13 14:22:14,694: Received the playground image. Detecting zones...
[rosout][INFO] 2017-06-13 14:22:14,713: Publishing the detected zones on /zones
[rosout][INFO] 2017-06-13 14:22:14,954: Received the playground image. Detecting zones...
[rosout][INFO] 2017-06-13 14:22:14,988: Publishing the detected zones on /zones
[rosout][INFO] 2017-06-13 14:22:15,446: Received the playground image. Detecting zones...
[rosout][INFO] 2017-06-13 14:22:15,469: Publishing the detected zones on /zones
[rosout][INFO] 2017-06-13 14:22:15,944: Received the playground image. Detecting zones...
[rosout][INFO] 2017-06-13 14:22:15,967: Publishing the detected zones on /zones
[rosout][INFO] 2017-06-13 14:22:16,181: Received the playground image. Detecting zones...
[rosout][INFO] 2017-06-13 14:22:16,206: Publishing the detected zones on /zones
[rosout][INFO] 2017-06-13 14:22:16,689: Received the playground image. Detecting zones...
[rosout][INFO] 2017-06-13 14:22:16,718: Publishing the detected zones on /zones
[rosout][INFO] 2017-06-13 14:22:17,182: Received the playground image. Detecting zones...
[rosout][INFO] 2017-06-13 14:22:17,202: Publishing the detected zones on /zones
[rosout][INFO] 2017-06-13 14:22:17,690: Received the playground image. Detecting zones...
[rosout][INFO] 2017-06-13 14:22:17,708: Publishing the detected zones on /zones
[rosout][INFO] 2017-06-13 14:22:17,941: Received the playground image. Detecting zones...
[rosout][INFO] 2017-06-13 14:22:17,966: Publishing the detected zones on /zones
[rosout][INFO] 2017-06-13 14:22:18,928: Received the playground image. Detecting zones...
[rosout][INFO] 2017-06-13 14:22:18,955: Publishing the detected zones on /zones
[rosout][INFO] 2017-06-13 14:22:19,723: Received the playground image. Detecting zones...
[rosout][INFO] 2017-06-13 14:22:19,764: Publishing the detected zones on /zones
[rosout][INFO] 2017-06-13 14:22:20,478: Received the playground image. Detecting zones...
[rosout][INFO] 2017-06-13 14:22:20,500: Publishing the detected zones on /zones
[rosout][INFO] 2017-06-13 14:22:21,207: Received the playground image. Detecting zones...
[rosout][INFO] 2017-06-13 14:22:21,229: Publishing the detected zones on /zones
[rosout][INFO] 2017-06-13 14:22:21,447: Received the playground image. Detecting zones...
[rosout][INFO] 2017-06-13 14:22:21,465: Publishing the detected zones on /zones
[rosout][INFO] 2017-06-13 14:22:22,203: Received the playground image. Detecting zones...
[rosout][INFO] 2017-06-13 14:22:22,223: Publishing the detected zones on /zones
[rosout][INFO] 2017-06-13 14:22:23,686: Received the playground image. Detecting zones...
[rosout][INFO] 2017-06-13 14:22:23,709: Publishing the detected zones on /zones
[rosout][INFO] 2017-06-13 14:22:24,728: Received the playground image. Detecting zones...
[rosout][INFO] 2017-06-13 14:22:24,746: Publishing the detected zones on /zones
[rosout][INFO] 2017-06-13 14:22:25,720: Received the playground image. Detecting zones...
[rosout][INFO] 2017-06-13 14:22:25,739: Publishing the detected zones on /zones
[rosout][INFO] 2017-06-13 14:22:28,700: Received the playground image. Detecting zones...
[rosout][INFO] 2017-06-13 14:22:28,732: Publishing the detected zones on /zones
[rosout][INFO] 2017-06-13 14:22:29,222: Received the playground image. Detecting zones...
[rosout][INFO] 2017-06-13 14:22:29,249: Publishing the detected zones on /zones
[rosout][INFO] 2017-06-13 14:22:29,458: Received the playground image. Detecting zones...
[rosout][INFO] 2017-06-13 14:22:29,475: Publishing the detected zones on /zones
[rosout][INFO] 2017-06-13 14:22:29,931: Received the playground image. Detecting zones...
[rosout][INFO] 2017-06-13 14:22:29,952: Publishing the detected zones on /zones
[rosout][INFO] 2017-06-13 14:22:30,689: Received the playground image. Detecting zones...
[rosout][INFO] 2017-06-13 14:22:30,708: Publishing the detected zones on /zones
[rosout][INFO] 2017-06-13 14:22:31,939: Received the playground image. Detecting zones...
[rosout][INFO] 2017-06-13 14:22:31,975: Publishing the detected zones on /zones
[rosout][INFO] 2017-06-13 14:22:32,708: Received the playground image. Detecting zones...
[rosout][INFO] 2017-06-13 14:22:32,725: Publishing the detected zones on /zones
[rosout][INFO] 2017-06-13 14:22:33,426: Received the playground image. Detecting zones...
[rosout][INFO] 2017-06-13 14:22:33,444: Publishing the detected zones on /zones
[rosout][INFO] 2017-06-13 14:22:34,181: Received the playground image. Detecting zones...
[rosout][INFO] 2017-06-13 14:22:34,196: Publishing the detected zones on /zones
[rosout][INFO] 2017-06-13 14:22:36,238: Received the playground image. Detecting zones...
[rosout][INFO] 2017-06-13 14:22:36,255: Publishing the detected zones on /zones
[rosout][INFO] 2017-06-13 14:22:36,720: Received the playground image. Detecting zones...
[rosout][INFO] 2017-06-13 14:22:36,743: Publishing the detected zones on /zones
[rosout][INFO] 2017-06-13 14:22:36,924: Received the playground image. Detecting zones...
[rosout][INFO] 2017-06-13 14:22:36,943: Publishing the detected zones on /zones
[rosout][INFO] 2017-06-13 14:22:37,977: Received the playground image. Detecting zones...
[rosout][INFO] 2017-06-13 14:22:38,010: Publishing the detected zones on /zones
[rosout][INFO] 2017-06-13 14:22:39,189: Received the playground image. Detecting zones...
[rosout][INFO] 2017-06-13 14:22:39,218: Publishing the detected zones on /zones
[rosout][INFO] 2017-06-13 14:22:39,397: Received the playground image. Detecting zones...
[rosout][INFO] 2017-06-13 14:22:39,425: Publishing the detected zones on /zones
[rosout][INFO] 2017-06-13 14:22:40,450: Received the playground image. Detecting zones...
[rosout][INFO] 2017-06-13 14:22:40,472: Publishing the detected zones on /zones
[rosout][INFO] 2017-06-13 14:22:41,445: Received the playground image. Detecting zones...
[rosout][INFO] 2017-06-13 14:22:41,462: Publishing the detected zones on /zones
[rosout][INFO] 2017-06-13 14:22:43,935: Received the playground image. Detecting zones...
[rosout][INFO] 2017-06-13 14:22:43,954: Publishing the detected zones on /zones
[rosout][INFO] 2017-06-13 14:22:45,217: Received the playground image. Detecting zones...
[rosout][INFO] 2017-06-13 14:22:45,239: Publishing the detected zones on /zones
[rosout][INFO] 2017-06-13 14:22:49,984: Received the playground image. Detecting zones...
[rosout][INFO] 2017-06-13 14:22:50,015: Publishing the detected zones on /zones
[rosout][INFO] 2017-06-13 14:22:52,226: Received the playground image. Detecting zones...
[rosout][INFO] 2017-06-13 14:22:52,256: Publishing the detected zones on /zones
[rosout][INFO] 2017-06-13 14:22:52,969: Received the playground image. Detecting zones...
[rosout][INFO] 2017-06-13 14:22:52,996: Publishing the detected zones on /zones
[rosout][INFO] 2017-06-13 14:22:55,970: Received the playground image. Detecting zones...
[rosout][INFO] 2017-06-13 14:22:56,004: Publishing the detected zones on /zones
[rosout][INFO] 2017-06-13 14:22:57,427: Received the playground image. Detecting zones...
[rosout][INFO] 2017-06-13 14:22:57,445: Publishing the detected zones on /zones
[rosout][INFO] 2017-06-13 14:23:02,205: Received the playground image. Detecting zones...
[rosout][INFO] 2017-06-13 14:23:02,223: Publishing the detected zones on /zones
[rosout][INFO] 2017-06-13 14:23:13,441: Received the playground image. Detecting zones...
[rosout][INFO] 2017-06-13 14:23:13,465: Publishing the detected zones on /zones
[rosout][INFO] 2017-06-13 14:23:14,192: Received the playground image. Detecting zones...
[rosout][INFO] 2017-06-13 14:23:14,217: Publishing the detected zones on /zones
[rosout][INFO] 2017-06-13 14:23:14,958: Received the playground image. Detecting zones...
[rosout][INFO] 2017-06-13 14:23:14,981: Publishing the detected zones on /zones
[rosout][INFO] 2017-06-13 14:23:19,439: Received the playground image. Detecting zones...
[rosout][INFO] 2017-06-13 14:23:19,472: Publishing the detected zones on /zones
[rosout][INFO] 2017-06-13 14:23:19,939: Received the playground image. Detecting zones...
[rosout][INFO] 2017-06-13 14:23:19,966: Publishing the detected zones on /zones
[rosout][INFO] 2017-06-13 14:23:20,416: Received the playground image. Detecting zones...
[rosout][INFO] 2017-06-13 14:23:20,444: Publishing the detected zones on /zones
[rosout][INFO] 2017-06-13 14:23:20,973: Received the playground image. Detecting zones...
[rosout][INFO] 2017-06-13 14:23:20,997: Publishing the detected zones on /zones
[rosout][INFO] 2017-06-13 14:23:21,278: Received the playground image. Detecting zones...
[rosout][INFO] 2017-06-13 14:23:21,306: Publishing the detected zones on /zones
[rosout][INFO] 2017-06-13 14:23:21,526: Received the playground image. Detecting zones...
[rosout][INFO] 2017-06-13 14:23:21,555: Publishing the detected zones on /zones
[rosout][INFO] 2017-06-13 14:23:21,799: Received the playground image. Detecting zones...
[rosout][INFO] 2017-06-13 14:23:21,836: Publishing the detected zones on /zones
[rosout][INFO] 2017-06-13 14:23:22,050: Received the playground image. Detecting zones...
[rosout][INFO] 2017-06-13 14:23:22,077: Publishing the detected zones on /zones
[rosout][INFO] 2017-06-13 14:23:22,336: Received the playground image. Detecting zones...
[rosout][INFO] 2017-06-13 14:23:22,357: Publishing the detected zones on /zones
[rosout][INFO] 2017-06-13 14:23:22,602: Received the playground image. Detecting zones...
[rosout][INFO] 2017-06-13 14:23:22,643: Publishing the detected zones on /zones
[rosout][INFO] 2017-06-13 14:23:23,057: Received the playground image. Detecting zones...
[rosout][INFO] 2017-06-13 14:23:23,090: Publishing the detected zones on /zones
[rosout][INFO] 2017-06-13 14:23:23,489: Received the playground image. Detecting zones...
[rosout][INFO] 2017-06-13 14:23:23,522: Publishing the detected zones on /zones
[rosout][INFO] 2017-06-13 14:23:23,900: Received the playground image. Detecting zones...
[rosout][INFO] 2017-06-13 14:23:23,930: Publishing the detected zones on /zones
[rosout][INFO] 2017-06-13 14:23:24,088: Received the playground image. Detecting zones...
[rosout][INFO] 2017-06-13 14:23:24,114: Publishing the detected zones on /zones
[rosout][INFO] 2017-06-13 14:23:24,269: Received the playground image. Detecting zones...
[rosout][INFO] 2017-06-13 14:23:24,283: Publishing the detected zones on /zones
[rosout][INFO] 2017-06-13 14:23:27,108: Received the playground image. Detecting zones...
[rosout][INFO] 2017-06-13 14:23:27,128: Publishing the detected zones on /zones
[rosout][INFO] 2017-06-13 14:23:27,428: Received the playground image. Detecting zones...
[rosout][INFO] 2017-06-13 14:23:27,451: Publishing the detected zones on /zones
[rosout][INFO] 2017-06-13 14:23:28,131: Received the playground image. Detecting zones...
[rosout][INFO] 2017-06-13 14:23:28,163: Publishing the detected zones on /zones
[rosout][INFO] 2017-06-13 14:23:28,830: Received the playground image. Detecting zones...
[rosout][INFO] 2017-06-13 14:23:28,861: Publishing the detected zones on /zones
[rosout][INFO] 2017-06-13 14:23:29,103: Received the playground image. Detecting zones...
[rosout][INFO] 2017-06-13 14:23:29,132: Publishing the detected zones on /zones
[rosout][INFO] 2017-06-13 14:23:29,328: Received the playground image. Detecting zones...
[rosout][INFO] 2017-06-13 14:23:29,351: Publishing the detected zones on /zones
[rosout][INFO] 2017-06-13 14:23:29,583: Received the playground image. Detecting zones...
[rosout][INFO] 2017-06-13 14:23:29,607: Publishing the detected zones on /zones
[rosout][INFO] 2017-06-13 14:23:29,963: Received the playground image. Detecting zones...
[rosout][INFO] 2017-06-13 14:23:29,983: Publishing the detected zones on /zones
[rosout][INFO] 2017-06-13 14:23:31,015: Received the playground image. Detecting zones...
[rosout][INFO] 2017-06-13 14:23:31,047: Publishing the detected zones on /zones
[rosout][INFO] 2017-06-13 14:23:31,297: Received the playground image. Detecting zones...
[rosout][INFO] 2017-06-13 14:23:31,327: Publishing the detected zones on /zones
[rosout][INFO] 2017-06-13 14:23:31,561: Received the playground image. Detecting zones...
[rosout][INFO] 2017-06-13 14:23:31,579: Publishing the detected zones on /zones
[rosout][INFO] 2017-06-13 14:23:31,857: Received the playground image. Detecting zones...
[rosout][INFO] 2017-06-13 14:23:31,884: Publishing the detected zones on /zones
[rosout][INFO] 2017-06-13 14:23:32,092: Received the playground image. Detecting zones...
[rosout][INFO] 2017-06-13 14:23:32,111: Publishing the detected zones on /zones
[rosout][INFO] 2017-06-13 14:23:32,321: Received the playground image. Detecting zones...
[rosout][INFO] 2017-06-13 14:23:32,340: Publishing the detected zones on /zones
[rosout][INFO] 2017-06-13 14:23:32,551: Received the playground image. Detecting zones...
[rosout][INFO] 2017-06-13 14:23:32,573: Publishing the detected zones on /zones
[rosout][INFO] 2017-06-13 14:23:32,756: Received the playground image. Detecting zones...
[rosout][INFO] 2017-06-13 14:23:32,789: Publishing the detected zones on /zones
[rosout][INFO] 2017-06-13 14:23:32,991: Received the playground image. Detecting zones...
[rosout][INFO] 2017-06-13 14:23:33,022: Publishing the detected zones on /zones
[rosout][INFO] 2017-06-13 14:23:35,200: Received the playground image. Detecting zones...
[rosout][INFO] 2017-06-13 14:23:35,221: Publishing the detected zones on /zones
[rosout][INFO] 2017-06-13 14:23:35,739: Received the playground image. Detecting zones...
[rosout][INFO] 2017-06-13 14:23:35,760: Publishing the detected zones on /zones
[rosout][INFO] 2017-06-13 14:23:38,277: Received the playground image. Detecting zones...
[rosout][INFO] 2017-06-13 14:23:38,303: Publishing the detected zones on /zones
[rosout][INFO] 2017-06-13 14:23:38,795: Received the playground image. Detecting zones...
[rosout][INFO] 2017-06-13 14:23:38,844: Publishing the detected zones on /zones
[rosout][INFO] 2017-06-13 14:23:39,213: Received the playground image. Detecting zones...
[rosout][INFO] 2017-06-13 14:23:39,260: Publishing the detected zones on /zones
[rosout][INFO] 2017-06-13 14:23:39,434: Received the playground image. Detecting zones...
[rosout][INFO] 2017-06-13 14:23:39,465: Publishing the detected zones on /zones
[rosout][INFO] 2017-06-13 14:23:39,711: Received the playground image. Detecting zones...
[rosout][INFO] 2017-06-13 14:23:39,753: Publishing the detected zones on /zones
[rosout][INFO] 2017-06-13 14:23:40,051: Received the playground image. Detecting zones...
[rosout][INFO] 2017-06-13 14:23:40,072: Publishing the detected zones on /zones
[rosout][INFO] 2017-06-13 14:23:41,300: Received the playground image. Detecting zones...
[rosout][INFO] 2017-06-13 14:23:41,321: Publishing the detected zones on /zones
[rosout][INFO] 2017-06-13 14:23:41,596: Received the playground image. Detecting zones...
[rosout][INFO] 2017-06-13 14:23:41,619: Publishing the detected zones on /zones
[rosout][INFO] 2017-06-13 14:23:41,872: Received the playground image. Detecting zones...
[rosout][INFO] 2017-06-13 14:23:41,896: Publishing the detected zones on /zones
[rosout][INFO] 2017-06-13 14:23:42,135: Received the playground image. Detecting zones...
[rosout][INFO] 2017-06-13 14:23:42,161: Publishing the detected zones on /zones
[rosout][INFO] 2017-06-13 14:23:42,535: Received the playground image. Detecting zones...
[rosout][INFO] 2017-06-13 14:23:42,557: Publishing the detected zones on /zones
[rosout][INFO] 2017-06-13 14:23:44,052: Received the playground image. Detecting zones...
[rosout][INFO] 2017-06-13 14:23:44,074: Publishing the detected zones on /zones
[rosout][INFO] 2017-06-13 14:23:44,616: Received the playground image. Detecting zones...
[rosout][INFO] 2017-06-13 14:23:44,651: Publishing the detected zones on /zones
[rosout][INFO] 2017-06-13 14:23:45,024: Received the playground image. Detecting zones...
[rosout][INFO] 2017-06-13 14:23:45,047: Publishing the detected zones on /zones
[rosout][INFO] 2017-06-13 14:23:45,960: Received the playground image. Detecting zones...
[rosout][INFO] 2017-06-13 14:23:45,989: Publishing the detected zones on /zones
[rosout][INFO] 2017-06-13 14:23:50,498: Received the playground image. Detecting zones...
[rosout][INFO] 2017-06-13 14:23:50,518: Publishing the detected zones on /zones
[rosout][INFO] 2017-06-13 14:23:50,744: Received the playground image. Detecting zones...
[rosout][INFO] 2017-06-13 14:23:50,776: Publishing the detected zones on /zones
[rosout][INFO] 2017-06-13 14:23:53,904: Received the playground image. Detecting zones...
[rosout][INFO] 2017-06-13 14:23:53,931: Publishing the detected zones on /zones
[rosout][INFO] 2017-06-13 14:23:56,476: Received the playground image. Detecting zones...
[rosout][INFO] 2017-06-13 14:23:56,510: Publishing the detected zones on /zones
[rosout][INFO] 2017-06-13 14:23:57,579: Received the playground image. Detecting zones...
[rosout][INFO] 2017-06-13 14:23:57,601: Publishing the detected zones on /zones
[rosout][INFO] 2017-06-13 14:23:57,808: Received the playground image. Detecting zones...
[rosout][INFO] 2017-06-13 14:23:57,837: Publishing the detected zones on /zones
[rosout][INFO] 2017-06-13 14:23:58,460: Received the playground image. Detecting zones...
[rosout][INFO] 2017-06-13 14:23:58,488: Publishing the detected zones on /zones
[rosout][INFO] 2017-06-13 14:23:59,244: Received the playground image. Detecting zones...
[rosout][INFO] 2017-06-13 14:23:59,270: Publishing the detected zones on /zones
[rosout][INFO] 2017-06-13 14:23:59,594: Received the playground image. Detecting zones...
[rosout][INFO] 2017-06-13 14:23:59,639: Publishing the detected zones on /zones
[rosout][INFO] 2017-06-13 14:23:59,890: Received the playground image. Detecting zones...
[rosout][INFO] 2017-06-13 14:23:59,912: Publishing the detected zones on /zones
[rosout][INFO] 2017-06-13 14:24:00,992: Received the playground image. Detecting zones...
[rosout][INFO] 2017-06-13 14:24:01,027: Publishing the detected zones on /zones
[rosout][INFO] 2017-06-13 14:24:02,235: Received the playground image. Detecting zones...
[rosout][INFO] 2017-06-13 14:24:02,257: Publishing the detected zones on /zones
[rosout][INFO] 2017-06-13 14:24:03,542: Received the playground image. Detecting zones...
[rosout][INFO] 2017-06-13 14:24:03,593: Publishing the detected zones on /zones
[rosout][INFO] 2017-06-13 14:24:03,806: Received the playground image. Detecting zones...
[rosout][INFO] 2017-06-13 14:24:03,843: Publishing the detected zones on /zones
[rosout][INFO] 2017-06-13 14:24:04,053: Received the playground image. Detecting zones...
[rosout][INFO] 2017-06-13 14:24:04,083: Publishing the detected zones on /zones
[rosout][INFO] 2017-06-13 14:24:04,266: Received the playground image. Detecting zones...
[rosout][INFO] 2017-06-13 14:24:04,298: Publishing the detected zones on /zones
[rosout][INFO] 2017-06-13 14:24:06,754: Received the playground image. Detecting zones...
[rosout][INFO] 2017-06-13 14:24:06,789: Publishing the detected zones on /zones
[rosout][INFO] 2017-06-13 14:24:07,083: Received the playground image. Detecting zones...
[rosout][INFO] 2017-06-13 14:24:07,118: Publishing the detected zones on /zones
[rosout][INFO] 2017-06-13 14:24:11,981: Received the playground image. Detecting zones...
[rosout][INFO] 2017-06-13 14:24:12,019: Publishing the detected zones on /zones
[rosout][INFO] 2017-06-13 14:24:12,323: Received the playground image. Detecting zones...
[rosout][INFO] 2017-06-13 14:24:12,353: Publishing the detected zones on /zones
[rosout][INFO] 2017-06-13 14:24:12,545: Received the playground image. Detecting zones...
[rosout][INFO] 2017-06-13 14:24:12,566: Publishing the detected zones on /zones
[rosout][INFO] 2017-06-13 14:24:12,804: Received the playground image. Detecting zones...
[rosout][INFO] 2017-06-13 14:24:12,839: Publishing the detected zones on /zones
[rosout][INFO] 2017-06-13 14:24:13,277: Received the playground image. Detecting zones...
[rosout][INFO] 2017-06-13 14:24:13,312: Publishing the detected zones on /zones
[rosout][INFO] 2017-06-13 14:24:13,750: Received the playground image. Detecting zones...
[rosout][INFO] 2017-06-13 14:24:13,771: Publishing the detected zones on /zones
[rosout][INFO] 2017-06-13 14:24:14,068: Received the playground image. Detecting zones...
[rosout][INFO] 2017-06-13 14:24:14,088: Publishing the detected zones on /zones
[rosout][INFO] 2017-06-13 14:24:14,315: Received the playground image. Detecting zones...
[rosout][INFO] 2017-06-13 14:24:14,344: Publishing the detected zones on /zones
[rosout][INFO] 2017-06-13 14:24:14,586: Received the playground image. Detecting zones...
[rosout][INFO] 2017-06-13 14:24:14,620: Publishing the detected zones on /zones
[rosout][INFO] 2017-06-13 14:24:14,834: Received the playground image. Detecting zones...
[rosout][INFO] 2017-06-13 14:24:14,860: Publishing the detected zones on /zones
[rosout][INFO] 2017-06-13 14:24:15,057: Received the playground image. Detecting zones...
[rosout][INFO] 2017-06-13 14:24:15,078: Publishing the detected zones on /zones
[rosout][INFO] 2017-06-13 14:24:15,312: Received the playground image. Detecting zones...
[rosout][INFO] 2017-06-13 14:24:15,331: Publishing the detected zones on /zones
[rosout][INFO] 2017-06-13 14:24:15,576: Received the playground image. Detecting zones...
[rosout][INFO] 2017-06-13 14:24:15,608: Publishing the detected zones on /zones
[rosout][INFO] 2017-06-13 14:24:15,956: Received the playground image. Detecting zones...
[rosout][INFO] 2017-06-13 14:24:15,987: Publishing the detected zones on /zones
[rosout][INFO] 2017-06-13 14:24:16,241: Received the playground image. Detecting zones...
[rosout][INFO] 2017-06-13 14:24:16,266: Publishing the detected zones on /zones
[rosout][INFO] 2017-06-13 14:24:16,479: Received the playground image. Detecting zones...
[rosout][INFO] 2017-06-13 14:24:16,504: Publishing the detected zones on /zones
[rosout][INFO] 2017-06-13 14:24:16,875: Received the playground image. Detecting zones...
[rosout][INFO] 2017-06-13 14:24:16,901: Publishing the detected zones on /zones
[rosout][INFO] 2017-06-13 14:24:17,109: Received the playground image. Detecting zones...
[rosout][INFO] 2017-06-13 14:24:17,129: Publishing the detected zones on /zones
[rosout][INFO] 2017-06-13 14:24:17,559: Received the playground image. Detecting zones...
[rosout][INFO] 2017-06-13 14:24:17,605: Publishing the detected zones on /zones
[rosout][INFO] 2017-06-13 14:24:17,840: Received the playground image. Detecting zones...
[rosout][INFO] 2017-06-13 14:24:17,868: Publishing the detected zones on /zones
[rosout][INFO] 2017-06-13 14:24:18,088: Received the playground image. Detecting zones...
[rosout][INFO] 2017-06-13 14:24:18,122: Publishing the detected zones on /zones
[rosout][INFO] 2017-06-13 14:24:18,337: Received the playground image. Detecting zones...
[rosout][INFO] 2017-06-13 14:24:18,358: Publishing the detected zones on /zones
[rosout][INFO] 2017-06-13 14:24:18,619: Received the playground image. Detecting zones...
[rosout][INFO] 2017-06-13 14:24:18,636: Publishing the detected zones on /zones
[rosout][INFO] 2017-06-13 14:24:18,894: Received the playground image. Detecting zones...
[rosout][INFO] 2017-06-13 14:24:18,925: Publishing the detected zones on /zones
[rosout][INFO] 2017-06-13 14:24:19,160: Received the playground image. Detecting zones...
[rosout][INFO] 2017-06-13 14:24:19,201: Publishing the detected zones on /zones
[rosout][INFO] 2017-06-13 14:24:19,403: Received the playground image. Detecting zones...
[rosout][INFO] 2017-06-13 14:24:19,419: Publishing the detected zones on /zones
[rosout][INFO] 2017-06-13 14:24:19,660: Received the playground image. Detecting zones...
[rosout][INFO] 2017-06-13 14:24:19,700: Publishing the detected zones on /zones
[rosout][INFO] 2017-06-13 14:24:19,981: Received the playground image. Detecting zones...
[rosout][INFO] 2017-06-13 14:24:20,022: Publishing the detected zones on /zones
[rosout][INFO] 2017-06-13 14:24:20,209: Received the playground image. Detecting zones...
[rosout][INFO] 2017-06-13 14:24:20,238: Publishing the detected zones on /zones
[rosout][INFO] 2017-06-13 14:24:20,396: Received the playground image. Detecting zones...
[rosout][INFO] 2017-06-13 14:24:20,423: Publishing the detected zones on /zones
[rosout][INFO] 2017-06-13 14:24:20,643: Received the playground image. Detecting zones...
[rosout][INFO] 2017-06-13 14:24:20,669: Publishing the detected zones on /zones
[rosout][INFO] 2017-06-13 14:24:20,972: Received the playground image. Detecting zones...
[rosout][INFO] 2017-06-13 14:24:21,022: Publishing the detected zones on /zones
[rosout][INFO] 2017-06-13 14:24:21,533: Received the playground image. Detecting zones...
[rosout][INFO] 2017-06-13 14:24:21,557: Publishing the detected zones on /zones
[rosout][INFO] 2017-06-13 14:24:21,872: Received the playground image. Detecting zones...
[rosout][INFO] 2017-06-13 14:24:21,897: Publishing the detected zones on /zones
[rosout][INFO] 2017-06-13 14:24:22,211: Received the playground image. Detecting zones...
[rosout][INFO] 2017-06-13 14:24:22,229: Publishing the detected zones on /zones
[rosout][INFO] 2017-06-13 14:24:22,518: Received the playground image. Detecting zones...
[rosout][INFO] 2017-06-13 14:24:22,539: Publishing the detected zones on /zones
[rosout][INFO] 2017-06-13 14:24:22,711: Received the playground image. Detecting zones...
[rosout][INFO] 2017-06-13 14:24:22,731: Publishing the detected zones on /zones
[rosout][INFO] 2017-06-13 14:24:22,924: Received the playground image. Detecting zones...
[rosout][INFO] 2017-06-13 14:24:22,955: Publishing the detected zones on /zones
[rosout][INFO] 2017-06-13 14:24:23,226: Received the playground image. Detecting zones...
[rosout][INFO] 2017-06-13 14:24:23,255: Publishing the detected zones on /zones
[rosout][INFO] 2017-06-13 14:24:23,543: Received the playground image. Detecting zones...
[rosout][INFO] 2017-06-13 14:24:23,567: Publishing the detected zones on /zones
[rosout][INFO] 2017-06-13 14:24:23,736: Received the playground image. Detecting zones...
[rosout][INFO] 2017-06-13 14:24:23,781: Publishing the detected zones on /zones
[rosout][INFO] 2017-06-13 14:24:24,032: Received the playground image. Detecting zones...
[rosout][INFO] 2017-06-13 14:24:24,076: Publishing the detected zones on /zones
[rosout][INFO] 2017-06-13 14:24:24,250: Received the playground image. Detecting zones...
[rosout][INFO] 2017-06-13 14:24:24,276: Publishing the detected zones on /zones
[rosout][INFO] 2017-06-13 14:24:24,527: Received the playground image. Detecting zones...
[rosout][INFO] 2017-06-13 14:24:24,556: Publishing the detected zones on /zones
[rosout][INFO] 2017-06-13 14:24:24,786: Received the playground image. Detecting zones...
[rosout][INFO] 2017-06-13 14:24:24,808: Publishing the detected zones on /zones
[rosout][INFO] 2017-06-13 14:24:25,064: Received the playground image. Detecting zones...
[rosout][INFO] 2017-06-13 14:24:25,084: Publishing the detected zones on /zones
[rosout][INFO] 2017-06-13 14:24:25,324: Received the playground image. Detecting zones...
[rosout][INFO] 2017-06-13 14:24:25,347: Publishing the detected zones on /zones
[rosout][INFO] 2017-06-13 14:24:25,527: Received the playground image. Detecting zones...
[rosout][INFO] 2017-06-13 14:24:25,570: Publishing the detected zones on /zones
[rosout][INFO] 2017-06-13 14:24:25,796: Received the playground image. Detecting zones...
[rosout][INFO] 2017-06-13 14:24:25,817: Publishing the detected zones on /zones
[rosout][INFO] 2017-06-13 14:24:26,079: Received the playground image. Detecting zones...
[rosout][INFO] 2017-06-13 14:24:26,107: Publishing the detected zones on /zones
[rosout][INFO] 2017-06-13 14:24:26,340: Received the playground image. Detecting zones...
[rosout][INFO] 2017-06-13 14:24:26,361: Publishing the detected zones on /zones
[rosout][INFO] 2017-06-13 14:24:26,601: Received the playground image. Detecting zones...
[rosout][INFO] 2017-06-13 14:24:26,627: Publishing the detected zones on /zones
[rosout][INFO] 2017-06-13 14:24:26,875: Received the playground image. Detecting zones...
[rosout][INFO] 2017-06-13 14:24:26,924: Publishing the detected zones on /zones
[rosout][INFO] 2017-06-13 14:24:27,135: Received the playground image. Detecting zones...
[rosout][INFO] 2017-06-13 14:24:27,181: Publishing the detected zones on /zones
[rosout][INFO] 2017-06-13 14:24:27,364: Received the playground image. Detecting zones...
[rosout][INFO] 2017-06-13 14:24:27,404: Publishing the detected zones on /zones
[rosout][INFO] 2017-06-13 14:24:27,612: Received the playground image. Detecting zones...
[rosout][INFO] 2017-06-13 14:24:27,646: Publishing the detected zones on /zones
[rosout][INFO] 2017-06-13 14:24:27,804: Received the playground image. Detecting zones...
[rosout][INFO] 2017-06-13 14:24:27,844: Publishing the detected zones on /zones
[rosout][INFO] 2017-06-13 14:24:27,997: Received the playground image. Detecting zones...
[rosout][INFO] 2017-06-13 14:24:28,025: Publishing the detected zones on /zones
[rosout][INFO] 2017-06-13 14:24:28,439: Received the playground image. Detecting zones...
[rosout][INFO] 2017-06-13 14:24:28,473: Publishing the detected zones on /zones
[rosout][INFO] 2017-06-13 14:24:29,278: Received the playground image. Detecting zones...
[rosout][INFO] 2017-06-13 14:24:29,303: Publishing the detected zones on /zones
[rosout][INFO] 2017-06-13 14:24:30,154: Received the playground image. Detecting zones...
[rosout][INFO] 2017-06-13 14:24:30,186: Publishing the detected zones on /zones
[rosout][INFO] 2017-06-13 14:24:30,479: Received the playground image. Detecting zones...
[rosout][INFO] 2017-06-13 14:24:30,509: Publishing the detected zones on /zones
[rosout][INFO] 2017-06-13 14:24:30,793: Received the playground image. Detecting zones...
[rosout][INFO] 2017-06-13 14:24:30,819: Publishing the detected zones on /zones
[rosout][INFO] 2017-06-13 14:24:31,184: Received the playground image. Detecting zones...
[rosout][INFO] 2017-06-13 14:24:31,207: Publishing the detected zones on /zones
[rosout][INFO] 2017-06-13 14:24:31,536: Received the playground image. Detecting zones...
[rosout][INFO] 2017-06-13 14:24:31,576: Publishing the detected zones on /zones
[rosout][INFO] 2017-06-13 14:24:31,863: Received the playground image. Detecting zones...
[rosout][INFO] 2017-06-13 14:24:31,915: Publishing the detected zones on /zones
[rosout][INFO] 2017-06-13 14:24:32,152: Received the playground image. Detecting zones...
[rosout][INFO] 2017-06-13 14:24:32,181: Publishing the detected zones on /zones
[rosout][INFO] 2017-06-13 14:24:32,364: Received the playground image. Detecting zones...
[rosout][INFO] 2017-06-13 14:24:32,403: Publishing the detected zones on /zones
[rosout][INFO] 2017-06-13 14:24:32,602: Received the playground image. Detecting zones...
[rosout][INFO] 2017-06-13 14:24:32,640: Publishing the detected zones on /zones
[rosout][INFO] 2017-06-13 14:24:32,841: Received the playground image. Detecting zones...
[rosout][INFO] 2017-06-13 14:24:32,882: Publishing the detected zones on /zones
[rosout][INFO] 2017-06-13 14:24:33,038: Received the playground image. Detecting zones...
[rosout][INFO] 2017-06-13 14:24:33,061: Publishing the detected zones on /zones
[rosout][INFO] 2017-06-13 14:24:33,199: Received the playground image. Detecting zones...
[rosout][INFO] 2017-06-13 14:24:33,226: Publishing the detected zones on /zones
[rosout][INFO] 2017-06-13 14:24:33,539: Received the playground image. Detecting zones...
[rosout][INFO] 2017-06-13 14:24:33,560: Publishing the detected zones on /zones
[rosout][INFO] 2017-06-13 14:24:34,021: Received the playground image. Detecting zones...
[rosout][INFO] 2017-06-13 14:24:34,057: Publishing the detected zones on /zones
[rosout][INFO] 2017-06-13 14:24:34,299: Received the playground image. Detecting zones...
[rosout][INFO] 2017-06-13 14:24:34,322: Publishing the detected zones on /zones
[rosout][INFO] 2017-06-13 14:24:34,611: Received the playground image. Detecting zones...
[rosout][INFO] 2017-06-13 14:24:34,632: Publishing the detected zones on /zones
[rosout][INFO] 2017-06-13 14:24:34,886: Received the playground image. Detecting zones...
[rosout][INFO] 2017-06-13 14:24:34,911: Publishing the detected zones on /zones
[rosout][INFO] 2017-06-13 14:24:35,162: Received the playground image. Detecting zones...
[rosout][INFO] 2017-06-13 14:24:35,180: Publishing the detected zones on /zones
[rosout][INFO] 2017-06-13 14:24:35,386: Received the playground image. Detecting zones...
[rosout][INFO] 2017-06-13 14:24:35,404: Publishing the detected zones on /zones
[rosout][INFO] 2017-06-13 14:24:35,729: Received the playground image. Detecting zones...
[rosout][INFO] 2017-06-13 14:24:35,760: Publishing the detected zones on /zones
[rosout][INFO] 2017-06-13 14:24:36,050: Received the playground image. Detecting zones...
[rosout][INFO] 2017-06-13 14:24:36,084: Publishing the detected zones on /zones
[rosout][INFO] 2017-06-13 14:24:36,262: Received the playground image. Detecting zones...
[rosout][INFO] 2017-06-13 14:24:36,292: Publishing the detected zones on /zones
[rosout][INFO] 2017-06-13 14:24:36,437: Received the playground image. Detecting zones...
[rosout][INFO] 2017-06-13 14:24:36,464: Publishing the detected zones on /zones
[rosout][INFO] 2017-06-13 14:24:36,650: Received the playground image. Detecting zones...
[rosout][INFO] 2017-06-13 14:24:36,687: Publishing the detected zones on /zones
[rosout][INFO] 2017-06-13 14:24:36,888: Received the playground image. Detecting zones...
[rosout][INFO] 2017-06-13 14:24:36,920: Publishing the detected zones on /zones
[rosout][INFO] 2017-06-13 14:24:37,467: Received the playground image. Detecting zones...
[rosout][INFO] 2017-06-13 14:24:37,495: Publishing the detected zones on /zones
[rosout][INFO] 2017-06-13 14:24:37,733: Received the playground image. Detecting zones...
[rosout][INFO] 2017-06-13 14:24:37,767: Publishing the detected zones on /zones
[rosout][INFO] 2017-06-13 14:24:38,023: Received the playground image. Detecting zones...
[rosout][INFO] 2017-06-13 14:24:38,056: Publishing the detected zones on /zones
[rosout][INFO] 2017-06-13 14:24:38,270: Received the playground image. Detecting zones...
[rosout][INFO] 2017-06-13 14:24:38,288: Publishing the detected zones on /zones
[rosout][INFO] 2017-06-13 14:24:38,531: Received the playground image. Detecting zones...
[rosout][INFO] 2017-06-13 14:24:38,563: Publishing the detected zones on /zones
[rosout][INFO] 2017-06-13 14:24:38,769: Received the playground image. Detecting zones...
[rosout][INFO] 2017-06-13 14:24:38,814: Publishing the detected zones on /zones
[rosout][INFO] 2017-06-13 14:24:39,038: Received the playground image. Detecting zones...
[rosout][INFO] 2017-06-13 14:24:39,069: Publishing the detected zones on /zones
[rosout][INFO] 2017-06-13 14:24:39,275: Received the playground image. Detecting zones...
[rosout][INFO] 2017-06-13 14:24:39,298: Publishing the detected zones on /zones
[rosout][INFO] 2017-06-13 14:24:39,492: Received the playground image. Detecting zones...
[rosout][INFO] 2017-06-13 14:24:39,522: Publishing the detected zones on /zones
[rosout][INFO] 2017-06-13 14:24:39,764: Received the playground image. Detecting zones...
[rosout][INFO] 2017-06-13 14:24:39,803: Publishing the detected zones on /zones
[rosout][INFO] 2017-06-13 14:24:40,040: Received the playground image. Detecting zones...
[rosout][INFO] 2017-06-13 14:24:40,057: Publishing the detected zones on /zones
[rosout][INFO] 2017-06-13 14:24:40,327: Received the playground image. Detecting zones...
[rosout][INFO] 2017-06-13 14:24:40,357: Publishing the detected zones on /zones
[rosout][INFO] 2017-06-13 14:24:40,574: Received the playground image. Detecting zones...
[rosout][INFO] 2017-06-13 14:24:40,600: Publishing the detected zones on /zones
[rosout][INFO] 2017-06-13 14:24:40,870: Received the playground image. Detecting zones...
[rosout][INFO] 2017-06-13 14:24:40,890: Publishing the detected zones on /zones
[rosout][INFO] 2017-06-13 14:24:41,174: Received the playground image. Detecting zones...
[rosout][INFO] 2017-06-13 14:24:41,199: Publishing the detected zones on /zones
[rosout][INFO] 2017-06-13 14:24:41,447: Received the playground image. Detecting zones...
[rosout][INFO] 2017-06-13 14:24:41,476: Publishing the detected zones on /zones
[rosout][INFO] 2017-06-13 14:24:41,638: Received the playground image. Detecting zones...
[rosout][INFO] 2017-06-13 14:24:41,664: Publishing the detected zones on /zones
[rosout][INFO] 2017-06-13 14:24:41,861: Received the playground image. Detecting zones...
[rosout][INFO] 2017-06-13 14:24:41,896: Publishing the detected zones on /zones
[rosout][INFO] 2017-06-13 14:24:42,086: Received the playground image. Detecting zones...
[rosout][INFO] 2017-06-13 14:24:42,120: Publishing the detected zones on /zones
[rosout][INFO] 2017-06-13 14:24:42,316: Received the playground image. Detecting zones...
[rosout][INFO] 2017-06-13 14:24:42,342: Publishing the detected zones on /zones
[rosout][INFO] 2017-06-13 14:24:42,674: Received the playground image. Detecting zones...
[rosout][INFO] 2017-06-13 14:24:42,709: Publishing the detected zones on /zones
[rosout][INFO] 2017-06-13 14:24:43,063: Received the playground image. Detecting zones...
[rosout][INFO] 2017-06-13 14:24:43,096: Publishing the detected zones on /zones
[rosout][INFO] 2017-06-13 14:24:43,430: Received the playground image. Detecting zones...
[rosout][INFO] 2017-06-13 14:24:43,468: Publishing the detected zones on /zones
[rosout][INFO] 2017-06-13 14:24:43,855: Received the playground image. Detecting zones...
[rosout][INFO] 2017-06-13 14:24:43,899: Publishing the detected zones on /zones
[rosout][INFO] 2017-06-13 14:24:44,221: Received the playground image. Detecting zones...
[rosout][INFO] 2017-06-13 14:24:44,246: Publishing the detected zones on /zones
[rosout][INFO] 2017-06-13 14:24:44,531: Received the playground image. Detecting zones...
[rosout][INFO] 2017-06-13 14:24:44,548: Publishing the detected zones on /zones
[rosout][INFO] 2017-06-13 14:24:44,704: Received the playground image. Detecting zones...
[rosout][INFO] 2017-06-13 14:24:44,724: Publishing the detected zones on /zones
[rosout][INFO] 2017-06-13 14:24:46,190: Received the playground image. Detecting zones...
[rosout][INFO] 2017-06-13 14:24:46,209: Publishing the detected zones on /zones
[rosout][INFO] 2017-06-13 14:24:48,699: Received the playground image. Detecting zones...
[rosout][INFO] 2017-06-13 14:24:48,721: Publishing the detected zones on /zones
[rosout][INFO] 2017-06-13 14:24:56,674: Received the playground image. Detecting zones...
[rosout][INFO] 2017-06-13 14:24:56,695: Publishing the detected zones on /zones
[rosout][INFO] 2017-06-13 14:24:57,443: Received the playground image. Detecting zones...
[rosout][INFO] 2017-06-13 14:24:57,464: Publishing the detected zones on /zones
[rosout][INFO] 2017-06-13 14:25:02,200: Received the playground image. Detecting zones...
[rosout][INFO] 2017-06-13 14:25:02,220: Publishing the detected zones on /zones
[rosout][INFO] 2017-06-13 14:25:02,698: Received the playground image. Detecting zones...
[rosout][INFO] 2017-06-13 14:25:02,726: Publishing the detected zones on /zones
[rosout][INFO] 2017-06-13 14:25:07,947: Received the playground image. Detecting zones...
[rosout][INFO] 2017-06-13 14:25:07,989: Publishing the detected zones on /zones
[rosout][INFO] 2017-06-13 14:25:08,198: Received the playground image. Detecting zones...
[rosout][INFO] 2017-06-13 14:25:08,219: Publishing the detected zones on /zones
[rosout][INFO] 2017-06-13 14:25:08,663: Received the playground image. Detecting zones...
[rosout][INFO] 2017-06-13 14:25:08,681: Publishing the detected zones on /zones
[rosout][INFO] 2017-06-13 14:25:10,940: Received the playground image. Detecting zones...
[rosout][INFO] 2017-06-13 14:25:10,977: Publishing the detected zones on /zones
[rosout][INFO] 2017-06-13 14:25:11,137: Received the playground image. Detecting zones...
[rosout][INFO] 2017-06-13 14:25:11,156: Publishing the detected zones on /zones
[rosout][INFO] 2017-06-13 14:25:11,467: Received the playground image. Detecting zones...
[rosout][INFO] 2017-06-13 14:25:11,498: Publishing the detected zones on /zones
[rosout][INFO] 2017-06-13 14:25:12,004: Received the playground image. Detecting zones...
[rosout][INFO] 2017-06-13 14:25:12,045: Publishing the detected zones on /zones
[rosout][INFO] 2017-06-13 14:25:12,694: Received the playground image. Detecting zones...
[rosout][INFO] 2017-06-13 14:25:12,728: Publishing the detected zones on /zones
[rosout][INFO] 2017-06-13 14:25:16,156: Received the playground image. Detecting zones...
[rosout][INFO] 2017-06-13 14:25:16,177: Publishing the detected zones on /zones
[rosout][INFO] 2017-06-13 14:25:18,762: Received the playground image. Detecting zones...
[rosout][INFO] 2017-06-13 14:25:18,832: Publishing the detected zones on /zones
[rosout][INFO] 2017-06-13 14:25:19,330: Received the playground image. Detecting zones...
[rosout][INFO] 2017-06-13 14:25:19,358: Publishing the detected zones on /zones
[rosout][INFO] 2017-06-13 14:25:19,767: Received the playground image. Detecting zones...
[rosout][INFO] 2017-06-13 14:25:19,805: Publishing the detected zones on /zones
[rosout][INFO] 2017-06-13 14:25:20,063: Received the playground image. Detecting zones...
[rosout][INFO] 2017-06-13 14:25:20,086: Publishing the detected zones on /zones
[rosout][INFO] 2017-06-13 14:25:20,358: Received the playground image. Detecting zones...
[rosout][INFO] 2017-06-13 14:25:20,381: Publishing the detected zones on /zones
[rosout][INFO] 2017-06-13 14:25:20,724: Received the playground image. Detecting zones...
[rosout][INFO] 2017-06-13 14:25:20,754: Publishing the detected zones on /zones
[rosout][INFO] 2017-06-13 14:25:20,989: Received the playground image. Detecting zones...
[rosout][INFO] 2017-06-13 14:25:21,011: Publishing the detected zones on /zones
[rosout][INFO] 2017-06-13 14:25:21,187: Received the playground image. Detecting zones...
[rosout][INFO] 2017-06-13 14:25:21,213: Publishing the detected zones on /zones
[rosout][INFO] 2017-06-13 14:25:21,352: Received the playground image. Detecting zones...
[rosout][INFO] 2017-06-13 14:25:21,378: Publishing the detected zones on /zones
[rosout][INFO] 2017-06-13 14:25:22,190: Received the playground image. Detecting zones...
[rosout][INFO] 2017-06-13 14:25:22,220: Publishing the detected zones on /zones
[rosout][INFO] 2017-06-13 14:25:23,436: Received the playground image. Detecting zones...
[rosout][INFO] 2017-06-13 14:25:23,454: Publishing the detected zones on /zones
[rosout][INFO] 2017-06-13 14:25:24,214: Received the playground image. Detecting zones...
[rosout][INFO] 2017-06-13 14:25:24,233: Publishing the detected zones on /zones
[rosout][INFO] 2017-06-13 14:25:24,465: Received the playground image. Detecting zones...
[rosout][INFO] 2017-06-13 14:25:24,489: Publishing the detected zones on /zones
[rosout][INFO] 2017-06-13 14:25:24,952: Received the playground image. Detecting zones...
[rosout][INFO] 2017-06-13 14:25:24,976: Publishing the detected zones on /zones
[rosout][INFO] 2017-06-13 14:25:25,722: Received the playground image. Detecting zones...
[rosout][INFO] 2017-06-13 14:25:25,753: Publishing the detected zones on /zones
[rosout][INFO] 2017-06-13 14:25:25,954: Received the playground image. Detecting zones...
[rosout][INFO] 2017-06-13 14:25:25,982: Publishing the detected zones on /zones
[rosout][INFO] 2017-06-13 14:25:26,523: Received the playground image. Detecting zones...
[rosout][INFO] 2017-06-13 14:25:26,555: Publishing the detected zones on /zones
[rosout][INFO] 2017-06-13 14:25:26,740: Received the playground image. Detecting zones...
[rosout][INFO] 2017-06-13 14:25:26,767: Publishing the detected zones on /zones
[rosout][INFO] 2017-06-13 14:25:26,956: Received the playground image. Detecting zones...
[rosout][INFO] 2017-06-13 14:25:26,980: Publishing the detected zones on /zones
[rosout][INFO] 2017-06-13 14:25:27,489: Received the playground image. Detecting zones...
[rosout][INFO] 2017-06-13 14:25:27,518: Publishing the detected zones on /zones
[rosout][INFO] 2017-06-13 14:25:27,722: Received the playground image. Detecting zones...
[rosout][INFO] 2017-06-13 14:25:27,741: Publishing the detected zones on /zones
[rosout][INFO] 2017-06-13 14:25:27,992: Received the playground image. Detecting zones...
[rosout][INFO] 2017-06-13 14:25:28,013: Publishing the detected zones on /zones
[rosout][INFO] 2017-06-13 14:25:28,350: Received the playground image. Detecting zones...
[rosout][INFO] 2017-06-13 14:25:28,373: Publishing the detected zones on /zones
[rosout][INFO] 2017-06-13 14:25:28,532: Received the playground image. Detecting zones...
[rosout][INFO] 2017-06-13 14:25:28,557: Publishing the detected zones on /zones
[rosout][INFO] 2017-06-13 14:25:28,966: Received the playground image. Detecting zones...
[rosout][INFO] 2017-06-13 14:25:29,004: Publishing the detected zones on /zones
[rosout][INFO] 2017-06-13 14:25:29,206: Received the playground image. Detecting zones...
[rosout][INFO] 2017-06-13 14:25:29,237: Publishing the detected zones on /zones
[rosout][INFO] 2017-06-13 14:25:29,445: Received the playground image. Detecting zones...
[rosout][INFO] 2017-06-13 14:25:29,465: Publishing the detected zones on /zones
[rosout][INFO] 2017-06-13 14:25:31,418: Received the playground image. Detecting zones...
[rosout][INFO] 2017-06-13 14:25:31,438: Publishing the detected zones on /zones
[rosout][INFO] 2017-06-13 14:25:31,678: Received the playground image. Detecting zones...
[rosout][INFO] 2017-06-13 14:25:31,697: Publishing the detected zones on /zones
[rosout][INFO] 2017-06-13 14:25:31,936: Received the playground image. Detecting zones...
[rosout][INFO] 2017-06-13 14:25:31,973: Publishing the detected zones on /zones
[rosout][INFO] 2017-06-13 14:25:32,195: Received the playground image. Detecting zones...
[rosout][INFO] 2017-06-13 14:25:32,229: Publishing the detected zones on /zones
[rosout][INFO] 2017-06-13 14:25:32,432: Received the playground image. Detecting zones...
[rosout][INFO] 2017-06-13 14:25:32,447: Publishing the detected zones on /zones
[rosout][INFO] 2017-06-13 14:25:33,209: Received the playground image. Detecting zones...
[rosout][INFO] 2017-06-13 14:25:33,227: Publishing the detected zones on /zones
[rosout][INFO] 2017-06-13 14:25:33,405: Received the playground image. Detecting zones...
[rosout][INFO] 2017-06-13 14:25:33,426: Publishing the detected zones on /zones
[rosout][INFO] 2017-06-13 14:25:33,707: Received the playground image. Detecting zones...
[rosout][INFO] 2017-06-13 14:25:33,737: Publishing the detected zones on /zones
[rosout][INFO] 2017-06-13 14:25:34,202: Received the playground image. Detecting zones...
[rosout][INFO] 2017-06-13 14:25:34,227: Publishing the detected zones on /zones
[rosout][INFO] 2017-06-13 14:25:34,476: Received the playground image. Detecting zones...
[rosout][INFO] 2017-06-13 14:25:34,510: Publishing the detected zones on /zones
[rosout][INFO] 2017-06-13 14:25:34,737: Received the playground image. Detecting zones...
[rosout][INFO] 2017-06-13 14:25:34,763: Publishing the detected zones on /zones
[rosout][INFO] 2017-06-13 14:25:35,163: Received the playground image. Detecting zones...
[rosout][INFO] 2017-06-13 14:25:35,186: Publishing the detected zones on /zones
[rosout][INFO] 2017-06-13 14:25:35,398: Received the playground image. Detecting zones...
[rosout][INFO] 2017-06-13 14:25:35,419: Publishing the detected zones on /zones
[rosout][INFO] 2017-06-13 14:25:35,692: Received the playground image. Detecting zones...
[rosout][INFO] 2017-06-13 14:25:35,727: Publishing the detected zones on /zones
[rosout][INFO] 2017-06-13 14:25:35,998: Received the playground image. Detecting zones...
[rosout][INFO] 2017-06-13 14:25:36,019: Publishing the detected zones on /zones
[rosout][INFO] 2017-06-13 14:25:36,205: Received the playground image. Detecting zones...
[rosout][INFO] 2017-06-13 14:25:36,223: Publishing the detected zones on /zones
[rosout][INFO] 2017-06-13 14:25:38,964: Received the playground image. Detecting zones...
[rosout][INFO] 2017-06-13 14:25:38,982: Publishing the detected zones on /zones
[rospy.internal][INFO] 2017-06-13 14:26:01,560: topic[/zones] removing connection to /rosbag_record_freeplay_sandbox
[rospy.core][INFO] 2017-06-13 14:26:46,088: signal_shutdown [signal-2]
[rospy.core][INFO] 2017-06-13 14:26:46,092: signal_shutdown [signal-15]
[rospy.internal][INFO] 2017-06-13 14:26:46,096: topic[/rosout] removing connection to /rosout
[rospy.internal][INFO] 2017-06-13 14:26:46,096: topic[/sandtray/background/image] removing connection to http://sandtray-hrilab:33701/
[rospy.internal][INFO] 2017-06-13 14:26:46,097: topic[/sandtray/background/camera_info] removing connection to http://sandtray-hrilab:33701/
[rospy.impl.masterslave][INFO] 2017-06-13 14:26:46,097: signal-2
[rospy.core][INFO] 2017-06-13 14:26:46,712: signal_shutdown [atexit]
