[rospy.client][INFO] 2017-07-07 09:49:58,688: init_node, name[/sandbox_zones_from_image], pid[3482]
[xmlrpc][INFO] 2017-07-07 09:49:58,688: XML-RPC server binding to 0.0.0.0:0
[xmlrpc][INFO] 2017-07-07 09:49:58,688: Started XML-RPC server [http://sandtray-hrilab:40470/]
[rospy.init][INFO] 2017-07-07 09:49:58,689: ROS Slave URI: [http://sandtray-hrilab:40470/]
[rospy.impl.masterslave][INFO] 2017-07-07 09:49:58,689: _ready: http://sandtray-hrilab:40470/
[rospy.registration][INFO] 2017-07-07 09:49:58,689: Registering with master node http://localhost:11311
[xmlrpc][INFO] 2017-07-07 09:49:58,690: xml rpc node: starting XML-RPC server
[rospy.init][INFO] 2017-07-07 09:49:58,789: registered with master
[rospy.rosout][INFO] 2017-07-07 09:49:58,789: initializing /rosout core topic
[rospy.rosout][INFO] 2017-07-07 09:49:58,792: connected to core topic /rosout
[rospy.simtime][INFO] 2017-07-07 09:49:58,793: /use_sim_time is not set, will not subscribe to simulated time [/clock] topic
[rosout][INFO] 2017-07-07 09:49:58,801: Waiting for images of the playground
[rospy.internal][INFO] 2017-07-07 09:49:58,805: topic[/sandtray/background/camera_info] adding connection to [http://sandtray-hrilab:41209/], count 0
[rospy.internal][INFO] 2017-07-07 09:49:58,805: topic[/sandtray/background/image] adding connection to [http://sandtray-hrilab:41209/], count 0
[rospy.internal][INFO] 2017-07-07 09:49:59,081: topic[/rosout] adding connection to [/rosout], count 0
[rosout][INFO] 2017-07-07 09:52:15,803: Received the playground image. Detecting zones...
[rosout][INFO] 2017-07-07 09:52:15,824: Publishing the detected zones on /zones
[rosout][INFO] 2017-07-07 09:52:59,815: Received the playground image. Detecting zones...
[rosout][INFO] 2017-07-07 09:52:59,827: Publishing the detected zones on /zones
[rosout][INFO] 2017-07-07 09:53:02,551: Received the playground image. Detecting zones...
[rosout][INFO] 2017-07-07 09:53:02,568: Publishing the detected zones on /zones
[rosout][INFO] 2017-07-07 09:53:03,808: Received the playground image. Detecting zones...
[rosout][INFO] 2017-07-07 09:53:03,819: Publishing the detected zones on /zones
[rosout][INFO] 2017-07-07 09:53:05,065: Received the playground image. Detecting zones...
[rosout][INFO] 2017-07-07 09:53:05,076: Publishing the detected zones on /zones
[rosout][INFO] 2017-07-07 09:53:07,321: Received the playground image. Detecting zones...
[rosout][INFO] 2017-07-07 09:53:07,336: Publishing the detected zones on /zones
[rosout][INFO] 2017-07-07 09:53:09,306: Received the playground image. Detecting zones...
[rosout][INFO] 2017-07-07 09:53:09,322: Publishing the detected zones on /zones
[rosout][INFO] 2017-07-07 09:53:10,802: Received the playground image. Detecting zones...
[rosout][INFO] 2017-07-07 09:53:10,812: Publishing the detected zones on /zones
[rosout][INFO] 2017-07-07 09:53:11,302: Received the playground image. Detecting zones...
[rosout][INFO] 2017-07-07 09:53:11,316: Publishing the detected zones on /zones
[rosout][INFO] 2017-07-07 09:53:11,818: Received the playground image. Detecting zones...
[rosout][INFO] 2017-07-07 09:53:11,831: Publishing the detected zones on /zones
[rosout][INFO] 2017-07-07 09:53:14,340: Received the playground image. Detecting zones...
[rosout][INFO] 2017-07-07 09:53:14,353: Publishing the detected zones on /zones
[rosout][INFO] 2017-07-07 09:53:28,335: Received the playground image. Detecting zones...
[rosout][INFO] 2017-07-07 09:53:28,347: Publishing the detected zones on /zones
[rosout][INFO] 2017-07-07 09:53:28,558: Received the playground image. Detecting zones...
[rosout][INFO] 2017-07-07 09:53:28,574: Publishing the detected zones on /zones
[rosout][INFO] 2017-07-07 09:53:32,057: Received the playground image. Detecting zones...
[rosout][INFO] 2017-07-07 09:53:32,072: Publishing the detected zones on /zones
[rosout][INFO] 2017-07-07 09:53:32,605: Received the playground image. Detecting zones...
[rosout][INFO] 2017-07-07 09:53:32,619: Publishing the detected zones on /zones
[rosout][INFO] 2017-07-07 09:53:36,805: Received the playground image. Detecting zones...
[rosout][INFO] 2017-07-07 09:53:36,816: Publishing the detected zones on /zones
[rosout][INFO] 2017-07-07 09:53:44,802: Received the playground image. Detecting zones...
[rosout][INFO] 2017-07-07 09:53:44,814: Publishing the detected zones on /zones
[rosout][INFO] 2017-07-07 09:53:45,562: Received the playground image. Detecting zones...
[rosout][INFO] 2017-07-07 09:53:45,578: Publishing the detected zones on /zones
[rosout][INFO] 2017-07-07 09:53:46,555: Received the playground image. Detecting zones...
[rosout][INFO] 2017-07-07 09:53:46,572: Publishing the detected zones on /zones
[rosout][INFO] 2017-07-07 09:53:47,307: Received the playground image. Detecting zones...
[rosout][INFO] 2017-07-07 09:53:47,323: Publishing the detected zones on /zones
[rosout][INFO] 2017-07-07 09:53:47,565: Received the playground image. Detecting zones...
[rosout][INFO] 2017-07-07 09:53:47,580: Publishing the detected zones on /zones
[rosout][INFO] 2017-07-07 09:53:48,061: Received the playground image. Detecting zones...
[rosout][INFO] 2017-07-07 09:53:48,074: Publishing the detected zones on /zones
[rosout][INFO] 2017-07-07 09:53:49,328: Received the playground image. Detecting zones...
[rosout][INFO] 2017-07-07 09:53:49,339: Publishing the detected zones on /zones
[rosout][INFO] 2017-07-07 09:53:50,599: Received the playground image. Detecting zones...
[rosout][INFO] 2017-07-07 09:53:50,611: Publishing the detected zones on /zones
[rosout][INFO] 2017-07-07 09:53:51,804: Received the playground image. Detecting zones...
[rosout][INFO] 2017-07-07 09:53:51,815: Publishing the detected zones on /zones
[rosout][INFO] 2017-07-07 09:53:53,320: Received the playground image. Detecting zones...
[rosout][INFO] 2017-07-07 09:53:53,333: Publishing the detected zones on /zones
[rosout][INFO] 2017-07-07 09:53:53,570: Received the playground image. Detecting zones...
[rosout][INFO] 2017-07-07 09:53:53,581: Publishing the detected zones on /zones
[rosout][INFO] 2017-07-07 09:53:53,803: Received the playground image. Detecting zones...
[rosout][INFO] 2017-07-07 09:53:53,814: Publishing the detected zones on /zones
[rosout][INFO] 2017-07-07 09:53:55,601: Received the playground image. Detecting zones...
[rosout][INFO] 2017-07-07 09:53:55,616: Publishing the detected zones on /zones
[rosout][INFO] 2017-07-07 09:53:56,318: Received the playground image. Detecting zones...
[rosout][INFO] 2017-07-07 09:53:56,330: Publishing the detected zones on /zones
[rosout][INFO] 2017-07-07 09:53:58,337: Received the playground image. Detecting zones...
[rosout][INFO] 2017-07-07 09:53:58,352: Publishing the detected zones on /zones
[rosout][INFO] 2017-07-07 09:54:04,304: Received the playground image. Detecting zones...
[rosout][INFO] 2017-07-07 09:54:04,321: Publishing the detected zones on /zones
[rosout][INFO] 2017-07-07 09:54:05,302: Received the playground image. Detecting zones...
[rosout][INFO] 2017-07-07 09:54:05,318: Publishing the detected zones on /zones
[rosout][INFO] 2017-07-07 09:54:06,056: Received the playground image. Detecting zones...
[rosout][INFO] 2017-07-07 09:54:06,069: Publishing the detected zones on /zones
[rosout][INFO] 2017-07-07 09:54:11,583: Received the playground image. Detecting zones...
[rosout][INFO] 2017-07-07 09:54:11,598: Publishing the detected zones on /zones
[rosout][INFO] 2017-07-07 09:54:13,079: Received the playground image. Detecting zones...
[rosout][INFO] 2017-07-07 09:54:13,093: Publishing the detected zones on /zones
[rosout][INFO] 2017-07-07 09:54:16,061: Received the playground image. Detecting zones...
[rosout][INFO] 2017-07-07 09:54:16,075: Publishing the detected zones on /zones
[rosout][INFO] 2017-07-07 09:54:17,825: Received the playground image. Detecting zones...
[rosout][INFO] 2017-07-07 09:54:17,836: Publishing the detected zones on /zones
[rosout][INFO] 2017-07-07 09:54:22,563: Received the playground image. Detecting zones...
[rosout][INFO] 2017-07-07 09:54:22,579: Publishing the detected zones on /zones
[rosout][INFO] 2017-07-07 09:54:35,306: Received the playground image. Detecting zones...
[rosout][INFO] 2017-07-07 09:54:35,319: Publishing the detected zones on /zones
[rosout][INFO] 2017-07-07 10:03:54,570: Received the playground image. Detecting zones...
[rosout][INFO] 2017-07-07 10:03:54,588: Publishing the detected zones on /zones
[rospy.internal][INFO] 2017-07-07 10:03:55,241: topic[/zones] adding connection to [/rosbag_record_freeplay_sandbox], count 0
[rosout][INFO] 2017-07-07 10:05:18,336: Received the playground image. Detecting zones...
[rosout][INFO] 2017-07-07 10:05:18,360: Publishing the detected zones on /zones
[rosout][INFO] 2017-07-07 10:05:18,591: Received the playground image. Detecting zones...
[rosout][INFO] 2017-07-07 10:05:18,615: Publishing the detected zones on /zones
[rosout][INFO] 2017-07-07 10:05:19,094: Received the playground image. Detecting zones...
[rosout][INFO] 2017-07-07 10:05:19,119: Publishing the detected zones on /zones
[rosout][INFO] 2017-07-07 10:05:36,844: Received the playground image. Detecting zones...
[rosout][INFO] 2017-07-07 10:05:36,872: Publishing the detected zones on /zones
[rosout][INFO] 2017-07-07 10:05:37,842: Received the playground image. Detecting zones...
[rosout][INFO] 2017-07-07 10:05:37,867: Publishing the detected zones on /zones
[rosout][INFO] 2017-07-07 10:05:38,604: Received the playground image. Detecting zones...
[rosout][INFO] 2017-07-07 10:05:38,626: Publishing the detected zones on /zones
[rosout][INFO] 2017-07-07 10:05:39,107: Received the playground image. Detecting zones...
[rosout][INFO] 2017-07-07 10:05:39,133: Publishing the detected zones on /zones
[rosout][INFO] 2017-07-07 10:05:39,836: Received the playground image. Detecting zones...
[rosout][INFO] 2017-07-07 10:05:39,860: Publishing the detected zones on /zones
[rosout][INFO] 2017-07-07 10:05:41,084: Received the playground image. Detecting zones...
[rosout][INFO] 2017-07-07 10:05:41,104: Publishing the detected zones on /zones
[rosout][INFO] 2017-07-07 10:05:41,837: Received the playground image. Detecting zones...
[rosout][INFO] 2017-07-07 10:05:41,859: Publishing the detected zones on /zones
[rosout][INFO] 2017-07-07 10:05:42,602: Received the playground image. Detecting zones...
[rosout][INFO] 2017-07-07 10:05:42,637: Publishing the detected zones on /zones
[rosout][INFO] 2017-07-07 10:05:43,334: Received the playground image. Detecting zones...
[rosout][INFO] 2017-07-07 10:05:43,354: Publishing the detected zones on /zones
[rosout][INFO] 2017-07-07 10:05:44,091: Received the playground image. Detecting zones...
[rosout][INFO] 2017-07-07 10:05:44,112: Publishing the detected zones on /zones
[rosout][INFO] 2017-07-07 10:05:44,836: Received the playground image. Detecting zones...
[rosout][INFO] 2017-07-07 10:05:44,858: Publishing the detected zones on /zones
[rosout][INFO] 2017-07-07 10:05:45,832: Received the playground image. Detecting zones...
[rosout][INFO] 2017-07-07 10:05:45,857: Publishing the detected zones on /zones
[rosout][INFO] 2017-07-07 10:05:47,345: Received the playground image. Detecting zones...
[rosout][INFO] 2017-07-07 10:05:47,365: Publishing the detected zones on /zones
[rosout][INFO] 2017-07-07 10:05:48,841: Received the playground image. Detecting zones...
[rosout][INFO] 2017-07-07 10:05:48,863: Publishing the detected zones on /zones
[rosout][INFO] 2017-07-07 10:05:49,830: Received the playground image. Detecting zones...
[rosout][INFO] 2017-07-07 10:05:49,862: Publishing the detected zones on /zones
[rosout][INFO] 2017-07-07 10:05:50,597: Received the playground image. Detecting zones...
[rosout][INFO] 2017-07-07 10:05:50,624: Publishing the detected zones on /zones
[rosout][INFO] 2017-07-07 10:05:51,838: Received the playground image. Detecting zones...
[rosout][INFO] 2017-07-07 10:05:51,857: Publishing the detected zones on /zones
[rosout][INFO] 2017-07-07 10:05:52,585: Received the playground image. Detecting zones...
[rosout][INFO] 2017-07-07 10:05:52,607: Publishing the detected zones on /zones
[rosout][INFO] 2017-07-07 10:05:53,586: Received the playground image. Detecting zones...
[rosout][INFO] 2017-07-07 10:05:53,617: Publishing the detected zones on /zones
[rosout][INFO] 2017-07-07 10:05:53,830: Received the playground image. Detecting zones...
[rosout][INFO] 2017-07-07 10:05:53,848: Publishing the detected zones on /zones
[rosout][INFO] 2017-07-07 10:05:54,588: Received the playground image. Detecting zones...
[rosout][INFO] 2017-07-07 10:05:54,606: Publishing the detected zones on /zones
[rosout][INFO] 2017-07-07 10:05:55,094: Received the playground image. Detecting zones...
[rosout][INFO] 2017-07-07 10:05:55,113: Publishing the detected zones on /zones
[rosout][INFO] 2017-07-07 10:05:55,331: Received the playground image. Detecting zones...
[rosout][INFO] 2017-07-07 10:05:55,350: Publishing the detected zones on /zones
[rosout][INFO] 2017-07-07 10:05:57,073: Received the playground image. Detecting zones...
[rosout][INFO] 2017-07-07 10:05:57,104: Publishing the detected zones on /zones
[rosout][INFO] 2017-07-07 10:05:58,084: Received the playground image. Detecting zones...
[rosout][INFO] 2017-07-07 10:05:58,107: Publishing the detected zones on /zones
[rosout][INFO] 2017-07-07 10:05:59,867: Received the playground image. Detecting zones...
[rosout][INFO] 2017-07-07 10:05:59,893: Publishing the detected zones on /zones
[rosout][INFO] 2017-07-07 10:06:00,328: Received the playground image. Detecting zones...
[rosout][INFO] 2017-07-07 10:06:00,353: Publishing the detected zones on /zones
[rosout][INFO] 2017-07-07 10:06:00,583: Received the playground image. Detecting zones...
[rosout][INFO] 2017-07-07 10:06:00,602: Publishing the detected zones on /zones
[rosout][INFO] 2017-07-07 10:06:00,851: Received the playground image. Detecting zones...
[rosout][INFO] 2017-07-07 10:06:00,886: Publishing the detected zones on /zones
[rosout][INFO] 2017-07-07 10:06:01,117: Received the playground image. Detecting zones...
[rosout][INFO] 2017-07-07 10:06:01,137: Publishing the detected zones on /zones
[rosout][INFO] 2017-07-07 10:06:01,834: Received the playground image. Detecting zones...
[rosout][INFO] 2017-07-07 10:06:01,854: Publishing the detected zones on /zones
[rosout][INFO] 2017-07-07 10:06:03,585: Received the playground image. Detecting zones...
[rosout][INFO] 2017-07-07 10:06:03,610: Publishing the detected zones on /zones
[rosout][INFO] 2017-07-07 10:06:04,588: Received the playground image. Detecting zones...
[rosout][INFO] 2017-07-07 10:06:04,616: Publishing the detected zones on /zones
[rosout][INFO] 2017-07-07 10:06:05,320: Received the playground image. Detecting zones...
[rosout][INFO] 2017-07-07 10:06:05,344: Publishing the detected zones on /zones
[rosout][INFO] 2017-07-07 10:06:06,111: Received the playground image. Detecting zones...
[rosout][INFO] 2017-07-07 10:06:06,133: Publishing the detected zones on /zones
[rosout][INFO] 2017-07-07 10:06:06,334: Received the playground image. Detecting zones...
[rosout][INFO] 2017-07-07 10:06:06,357: Publishing the detected zones on /zones
[rosout][INFO] 2017-07-07 10:06:06,845: Received the playground image. Detecting zones...
[rosout][INFO] 2017-07-07 10:06:06,867: Publishing the detected zones on /zones
[rosout][INFO] 2017-07-07 10:06:07,078: Received the playground image. Detecting zones...
[rosout][INFO] 2017-07-07 10:06:07,098: Publishing the detected zones on /zones
[rosout][INFO] 2017-07-07 10:06:08,099: Received the playground image. Detecting zones...
[rosout][INFO] 2017-07-07 10:06:08,119: Publishing the detected zones on /zones
[rosout][INFO] 2017-07-07 10:06:08,335: Received the playground image. Detecting zones...
[rosout][INFO] 2017-07-07 10:06:08,355: Publishing the detected zones on /zones
[rosout][INFO] 2017-07-07 10:06:08,590: Received the playground image. Detecting zones...
[rosout][INFO] 2017-07-07 10:06:08,610: Publishing the detected zones on /zones
[rosout][INFO] 2017-07-07 10:06:09,331: Received the playground image. Detecting zones...
[rosout][INFO] 2017-07-07 10:06:09,347: Publishing the detected zones on /zones
[rosout][INFO] 2017-07-07 10:06:10,088: Received the playground image. Detecting zones...
[rosout][INFO] 2017-07-07 10:06:10,105: Publishing the detected zones on /zones
[rosout][INFO] 2017-07-07 10:06:11,078: Received the playground image. Detecting zones...
[rosout][INFO] 2017-07-07 10:06:11,093: Publishing the detected zones on /zones
[rosout][INFO] 2017-07-07 10:06:12,090: Received the playground image. Detecting zones...
[rosout][INFO] 2017-07-07 10:06:12,109: Publishing the detected zones on /zones
[rosout][INFO] 2017-07-07 10:06:12,572: Received the playground image. Detecting zones...
[rosout][INFO] 2017-07-07 10:06:12,601: Publishing the detected zones on /zones
[rosout][INFO] 2017-07-07 10:06:13,074: Received the playground image. Detecting zones...
[rosout][INFO] 2017-07-07 10:06:13,091: Publishing the detected zones on /zones
[rosout][INFO] 2017-07-07 10:06:13,595: Received the playground image. Detecting zones...
[rosout][INFO] 2017-07-07 10:06:13,620: Publishing the detected zones on /zones
[rosout][INFO] 2017-07-07 10:06:13,826: Received the playground image. Detecting zones...
[rosout][INFO] 2017-07-07 10:06:13,849: Publishing the detected zones on /zones
[rosout][INFO] 2017-07-07 10:06:14,828: Received the playground image. Detecting zones...
[rosout][INFO] 2017-07-07 10:06:14,847: Publishing the detected zones on /zones
[rosout][INFO] 2017-07-07 10:06:16,087: Received the playground image. Detecting zones...
[rosout][INFO] 2017-07-07 10:06:16,117: Publishing the detected zones on /zones
[rosout][INFO] 2017-07-07 10:06:16,836: Received the playground image. Detecting zones...
[rosout][INFO] 2017-07-07 10:06:16,852: Publishing the detected zones on /zones
[rosout][INFO] 2017-07-07 10:06:17,842: Received the playground image. Detecting zones...
[rosout][INFO] 2017-07-07 10:06:17,862: Publishing the detected zones on /zones
[rosout][INFO] 2017-07-07 10:06:18,832: Received the playground image. Detecting zones...
[rosout][INFO] 2017-07-07 10:06:18,852: Publishing the detected zones on /zones
[rosout][INFO] 2017-07-07 10:06:19,342: Received the playground image. Detecting zones...
[rosout][INFO] 2017-07-07 10:06:19,359: Publishing the detected zones on /zones
[rosout][INFO] 2017-07-07 10:06:32,090: Received the playground image. Detecting zones...
[rosout][INFO] 2017-07-07 10:06:32,107: Publishing the detected zones on /zones
[rosout][INFO] 2017-07-07 10:06:35,849: Received the playground image. Detecting zones...
[rosout][INFO] 2017-07-07 10:06:35,867: Publishing the detected zones on /zones
[rosout][INFO] 2017-07-07 10:06:57,852: Received the playground image. Detecting zones...
[rosout][INFO] 2017-07-07 10:06:57,871: Publishing the detected zones on /zones
[rosout][INFO] 2017-07-07 10:07:02,098: Received the playground image. Detecting zones...
[rosout][INFO] 2017-07-07 10:07:02,118: Publishing the detected zones on /zones
[rosout][INFO] 2017-07-07 10:07:04,334: Received the playground image. Detecting zones...
[rosout][INFO] 2017-07-07 10:07:04,351: Publishing the detected zones on /zones
[rosout][INFO] 2017-07-07 10:07:08,107: Received the playground image. Detecting zones...
[rosout][INFO] 2017-07-07 10:07:08,137: Publishing the detected zones on /zones
[rosout][INFO] 2017-07-07 10:07:09,595: Received the playground image. Detecting zones...
[rosout][INFO] 2017-07-07 10:07:09,624: Publishing the detected zones on /zones
[rosout][INFO] 2017-07-07 10:07:11,325: Received the playground image. Detecting zones...
[rosout][INFO] 2017-07-07 10:07:11,343: Publishing the detected zones on /zones
[rosout][INFO] 2017-07-07 10:07:16,075: Received the playground image. Detecting zones...
[rosout][INFO] 2017-07-07 10:07:16,096: Publishing the detected zones on /zones
[rosout][INFO] 2017-07-07 10:07:18,628: Received the playground image. Detecting zones...
[rosout][INFO] 2017-07-07 10:07:18,650: Publishing the detected zones on /zones
[rosout][INFO] 2017-07-07 10:07:20,589: Received the playground image. Detecting zones...
[rosout][INFO] 2017-07-07 10:07:20,610: Publishing the detected zones on /zones
[rosout][INFO] 2017-07-07 10:07:21,597: Received the playground image. Detecting zones...
[rosout][INFO] 2017-07-07 10:07:21,631: Publishing the detected zones on /zones
[rosout][INFO] 2017-07-07 10:07:22,591: Received the playground image. Detecting zones...
[rosout][INFO] 2017-07-07 10:07:22,621: Publishing the detected zones on /zones
[rosout][INFO] 2017-07-07 10:07:23,613: Received the playground image. Detecting zones...
[rosout][INFO] 2017-07-07 10:07:23,633: Publishing the detected zones on /zones
[rosout][INFO] 2017-07-07 10:07:27,140: Received the playground image. Detecting zones...
[rosout][INFO] 2017-07-07 10:07:27,166: Publishing the detected zones on /zones
[rosout][INFO] 2017-07-07 10:07:27,876: Received the playground image. Detecting zones...
[rosout][INFO] 2017-07-07 10:07:27,917: Publishing the detected zones on /zones
[rosout][INFO] 2017-07-07 10:07:29,137: Received the playground image. Detecting zones...
[rosout][INFO] 2017-07-07 10:07:29,168: Publishing the detected zones on /zones
[rosout][INFO] 2017-07-07 10:07:29,462: Received the playground image. Detecting zones...
[rosout][INFO] 2017-07-07 10:07:29,489: Publishing the detected zones on /zones
[rosout][INFO] 2017-07-07 10:07:29,603: Received the playground image. Detecting zones...
[rosout][INFO] 2017-07-07 10:07:29,627: Publishing the detected zones on /zones
[rosout][INFO] 2017-07-07 10:07:32,148: Received the playground image. Detecting zones...
[rosout][INFO] 2017-07-07 10:07:32,169: Publishing the detected zones on /zones
[rosout][INFO] 2017-07-07 10:07:33,398: Received the playground image. Detecting zones...
[rosout][INFO] 2017-07-07 10:07:33,421: Publishing the detected zones on /zones
[rosout][INFO] 2017-07-07 10:07:36,121: Received the playground image. Detecting zones...
[rosout][INFO] 2017-07-07 10:07:36,151: Publishing the detected zones on /zones
[rosout][INFO] 2017-07-07 10:07:37,138: Received the playground image. Detecting zones...
[rosout][INFO] 2017-07-07 10:07:37,158: Publishing the detected zones on /zones
[rosout][INFO] 2017-07-07 10:07:37,637: Received the playground image. Detecting zones...
[rosout][INFO] 2017-07-07 10:07:37,655: Publishing the detected zones on /zones
[rosout][INFO] 2017-07-07 10:07:38,663: Received the playground image. Detecting zones...
[rosout][INFO] 2017-07-07 10:07:38,681: Publishing the detected zones on /zones
[rosout][INFO] 2017-07-07 10:07:39,330: Received the playground image. Detecting zones...
[rosout][INFO] 2017-07-07 10:07:39,351: Publishing the detected zones on /zones
[rosout][INFO] 2017-07-07 10:07:40,830: Received the playground image. Detecting zones...
[rosout][INFO] 2017-07-07 10:07:40,846: Publishing the detected zones on /zones
[rosout][INFO] 2017-07-07 10:07:41,584: Received the playground image. Detecting zones...
[rosout][INFO] 2017-07-07 10:07:41,624: Publishing the detected zones on /zones
[rosout][INFO] 2017-07-07 10:07:45,621: Received the playground image. Detecting zones...
[rosout][INFO] 2017-07-07 10:07:45,652: Publishing the detected zones on /zones
[rosout][INFO] 2017-07-07 10:07:45,839: Received the playground image. Detecting zones...
[rosout][INFO] 2017-07-07 10:07:45,888: Publishing the detected zones on /zones
[rosout][INFO] 2017-07-07 10:07:47,852: Received the playground image. Detecting zones...
[rosout][INFO] 2017-07-07 10:07:47,886: Publishing the detected zones on /zones
[rosout][INFO] 2017-07-07 10:07:52,081: Received the playground image. Detecting zones...
[rosout][INFO] 2017-07-07 10:07:52,100: Publishing the detected zones on /zones
[rosout][INFO] 2017-07-07 10:07:52,583: Received the playground image. Detecting zones...
[rosout][INFO] 2017-07-07 10:07:52,602: Publishing the detected zones on /zones
[rosout][INFO] 2017-07-07 10:07:56,828: Received the playground image. Detecting zones...
[rosout][INFO] 2017-07-07 10:07:56,846: Publishing the detected zones on /zones
[rosout][INFO] 2017-07-07 10:08:02,090: Received the playground image. Detecting zones...
[rosout][INFO] 2017-07-07 10:08:02,111: Publishing the detected zones on /zones
[rosout][INFO] 2017-07-07 10:08:04,836: Received the playground image. Detecting zones...
[rosout][INFO] 2017-07-07 10:08:04,862: Publishing the detected zones on /zones
[rosout][INFO] 2017-07-07 10:08:07,841: Received the playground image. Detecting zones...
[rosout][INFO] 2017-07-07 10:08:07,863: Publishing the detected zones on /zones
[rosout][INFO] 2017-07-07 10:08:16,324: Received the playground image. Detecting zones...
[rosout][INFO] 2017-07-07 10:08:16,339: Publishing the detected zones on /zones
[rosout][INFO] 2017-07-07 10:08:22,154: Received the playground image. Detecting zones...
[rosout][INFO] 2017-07-07 10:08:22,183: Publishing the detected zones on /zones
[rosout][INFO] 2017-07-07 10:08:23,339: Received the playground image. Detecting zones...
[rosout][INFO] 2017-07-07 10:08:23,359: Publishing the detected zones on /zones
[rosout][INFO] 2017-07-07 10:08:24,081: Received the playground image. Detecting zones...
[rosout][INFO] 2017-07-07 10:08:24,100: Publishing the detected zones on /zones
[rosout][INFO] 2017-07-07 10:08:26,320: Received the playground image. Detecting zones...
[rosout][INFO] 2017-07-07 10:08:26,336: Publishing the detected zones on /zones
[rosout][INFO] 2017-07-07 10:08:26,614: Received the playground image. Detecting zones...
[rosout][INFO] 2017-07-07 10:08:26,640: Publishing the detected zones on /zones
[rosout][INFO] 2017-07-07 10:08:27,110: Received the playground image. Detecting zones...
[rosout][INFO] 2017-07-07 10:08:27,139: Publishing the detected zones on /zones
[rosout][INFO] 2017-07-07 10:08:27,570: Received the playground image. Detecting zones...
[rosout][INFO] 2017-07-07 10:08:27,589: Publishing the detected zones on /zones
[rosout][INFO] 2017-07-07 10:08:28,327: Received the playground image. Detecting zones...
[rosout][INFO] 2017-07-07 10:08:28,345: Publishing the detected zones on /zones
[rosout][INFO] 2017-07-07 10:08:29,091: Received the playground image. Detecting zones...
[rosout][INFO] 2017-07-07 10:08:29,109: Publishing the detected zones on /zones
[rosout][INFO] 2017-07-07 10:08:29,335: Received the playground image. Detecting zones...
[rosout][INFO] 2017-07-07 10:08:29,351: Publishing the detected zones on /zones
[rosout][INFO] 2017-07-07 10:08:29,839: Received the playground image. Detecting zones...
[rosout][INFO] 2017-07-07 10:08:29,855: Publishing the detected zones on /zones
[rosout][INFO] 2017-07-07 10:08:30,584: Received the playground image. Detecting zones...
[rosout][INFO] 2017-07-07 10:08:30,603: Publishing the detected zones on /zones
[rosout][INFO] 2017-07-07 10:08:34,588: Received the playground image. Detecting zones...
[rosout][INFO] 2017-07-07 10:08:34,616: Publishing the detected zones on /zones
[rosout][INFO] 2017-07-07 10:08:35,328: Received the playground image. Detecting zones...
[rosout][INFO] 2017-07-07 10:08:35,343: Publishing the detected zones on /zones
[rosout][INFO] 2017-07-07 10:08:35,830: Received the playground image. Detecting zones...
[rosout][INFO] 2017-07-07 10:08:35,856: Publishing the detected zones on /zones
[rosout][INFO] 2017-07-07 10:08:36,586: Received the playground image. Detecting zones...
[rosout][INFO] 2017-07-07 10:08:36,604: Publishing the detected zones on /zones
[rosout][INFO] 2017-07-07 10:08:37,326: Received the playground image. Detecting zones...
[rosout][INFO] 2017-07-07 10:08:37,344: Publishing the detected zones on /zones
[rosout][INFO] 2017-07-07 10:08:37,841: Received the playground image. Detecting zones...
[rosout][INFO] 2017-07-07 10:08:37,862: Publishing the detected zones on /zones
[rosout][INFO] 2017-07-07 10:08:38,590: Received the playground image. Detecting zones...
[rosout][INFO] 2017-07-07 10:08:38,617: Publishing the detected zones on /zones
[rosout][INFO] 2017-07-07 10:08:39,326: Received the playground image. Detecting zones...
[rosout][INFO] 2017-07-07 10:08:39,345: Publishing the detected zones on /zones
[rosout][INFO] 2017-07-07 10:08:40,086: Received the playground image. Detecting zones...
[rosout][INFO] 2017-07-07 10:08:40,107: Publishing the detected zones on /zones
[rosout][INFO] 2017-07-07 10:08:41,343: Received the playground image. Detecting zones...
[rosout][INFO] 2017-07-07 10:08:41,362: Publishing the detected zones on /zones
[rosout][INFO] 2017-07-07 10:08:42,080: Received the playground image. Detecting zones...
[rosout][INFO] 2017-07-07 10:08:42,106: Publishing the detected zones on /zones
[rosout][INFO] 2017-07-07 10:08:43,341: Received the playground image. Detecting zones...
[rosout][INFO] 2017-07-07 10:08:43,358: Publishing the detected zones on /zones
[rosout][INFO] 2017-07-07 10:08:44,327: Received the playground image. Detecting zones...
[rosout][INFO] 2017-07-07 10:08:44,345: Publishing the detected zones on /zones
[rosout][INFO] 2017-07-07 10:08:45,093: Received the playground image. Detecting zones...
[rosout][INFO] 2017-07-07 10:08:45,114: Publishing the detected zones on /zones
[rosout][INFO] 2017-07-07 10:08:45,846: Received the playground image. Detecting zones...
[rosout][INFO] 2017-07-07 10:08:45,867: Publishing the detected zones on /zones
[rosout][INFO] 2017-07-07 10:08:46,362: Received the playground image. Detecting zones...
[rosout][INFO] 2017-07-07 10:08:46,379: Publishing the detected zones on /zones
[rosout][INFO] 2017-07-07 10:08:47,102: Received the playground image. Detecting zones...
[rosout][INFO] 2017-07-07 10:08:47,125: Publishing the detected zones on /zones
[rosout][INFO] 2017-07-07 10:08:47,586: Received the playground image. Detecting zones...
[rosout][INFO] 2017-07-07 10:08:47,614: Publishing the detected zones on /zones
[rosout][INFO] 2017-07-07 10:08:48,101: Received the playground image. Detecting zones...
[rosout][INFO] 2017-07-07 10:08:48,124: Publishing the detected zones on /zones
[rosout][INFO] 2017-07-07 10:08:48,835: Received the playground image. Detecting zones...
[rosout][INFO] 2017-07-07 10:08:48,870: Publishing the detected zones on /zones
[rosout][INFO] 2017-07-07 10:08:49,342: Received the playground image. Detecting zones...
[rosout][INFO] 2017-07-07 10:08:49,365: Publishing the detected zones on /zones
[rosout][INFO] 2017-07-07 10:08:50,093: Received the playground image. Detecting zones...
[rosout][INFO] 2017-07-07 10:08:50,114: Publishing the detected zones on /zones
[rosout][INFO] 2017-07-07 10:08:51,097: Received the playground image. Detecting zones...
[rosout][INFO] 2017-07-07 10:08:51,116: Publishing the detected zones on /zones
[rosout][INFO] 2017-07-07 10:08:51,311: Received the playground image. Detecting zones...
[rosout][INFO] 2017-07-07 10:08:51,335: Publishing the detected zones on /zones
[rosout][INFO] 2017-07-07 10:08:51,833: Received the playground image. Detecting zones...
[rosout][INFO] 2017-07-07 10:08:51,852: Publishing the detected zones on /zones
[rosout][INFO] 2017-07-07 10:08:52,352: Received the playground image. Detecting zones...
[rosout][INFO] 2017-07-07 10:08:52,372: Publishing the detected zones on /zones
[rosout][INFO] 2017-07-07 10:08:53,095: Received the playground image. Detecting zones...
[rosout][INFO] 2017-07-07 10:08:53,115: Publishing the detected zones on /zones
[rosout][INFO] 2017-07-07 10:08:53,326: Received the playground image. Detecting zones...
[rosout][INFO] 2017-07-07 10:08:53,345: Publishing the detected zones on /zones
[rosout][INFO] 2017-07-07 10:08:54,087: Received the playground image. Detecting zones...
[rosout][INFO] 2017-07-07 10:08:54,107: Publishing the detected zones on /zones
[rosout][INFO] 2017-07-07 10:08:54,586: Received the playground image. Detecting zones...
[rosout][INFO] 2017-07-07 10:08:54,618: Publishing the detected zones on /zones
[rosout][INFO] 2017-07-07 10:08:55,588: Received the playground image. Detecting zones...
[rosout][INFO] 2017-07-07 10:08:55,614: Publishing the detected zones on /zones
[rosout][INFO] 2017-07-07 10:08:56,323: Received the playground image. Detecting zones...
[rosout][INFO] 2017-07-07 10:08:56,345: Publishing the detected zones on /zones
[rosout][INFO] 2017-07-07 10:08:56,841: Received the playground image. Detecting zones...
[rosout][INFO] 2017-07-07 10:08:56,861: Publishing the detected zones on /zones
[rosout][INFO] 2017-07-07 10:08:57,075: Received the playground image. Detecting zones...
[rosout][INFO] 2017-07-07 10:08:57,092: Publishing the detected zones on /zones
[rosout][INFO] 2017-07-07 10:08:57,837: Received the playground image. Detecting zones...
[rosout][INFO] 2017-07-07 10:08:57,858: Publishing the detected zones on /zones
[rosout][INFO] 2017-07-07 10:08:59,337: Received the playground image. Detecting zones...
[rosout][INFO] 2017-07-07 10:08:59,356: Publishing the detected zones on /zones
[rosout][INFO] 2017-07-07 10:08:59,829: Received the playground image. Detecting zones...
[rosout][INFO] 2017-07-07 10:08:59,852: Publishing the detected zones on /zones
[rosout][INFO] 2017-07-07 10:09:02,339: Received the playground image. Detecting zones...
[rosout][INFO] 2017-07-07 10:09:02,357: Publishing the detected zones on /zones
[rosout][INFO] 2017-07-07 10:09:03,353: Received the playground image. Detecting zones...
[rosout][INFO] 2017-07-07 10:09:03,370: Publishing the detected zones on /zones
[rosout][INFO] 2017-07-07 10:09:04,341: Received the playground image. Detecting zones...
[rosout][INFO] 2017-07-07 10:09:04,360: Publishing the detected zones on /zones
[rosout][INFO] 2017-07-07 10:09:04,588: Received the playground image. Detecting zones...
[rosout][INFO] 2017-07-07 10:09:04,608: Publishing the detected zones on /zones
[rosout][INFO] 2017-07-07 10:09:05,335: Received the playground image. Detecting zones...
[rosout][INFO] 2017-07-07 10:09:05,355: Publishing the detected zones on /zones
[rosout][INFO] 2017-07-07 10:09:06,079: Received the playground image. Detecting zones...
[rosout][INFO] 2017-07-07 10:09:06,097: Publishing the detected zones on /zones
[rosout][INFO] 2017-07-07 10:09:06,327: Received the playground image. Detecting zones...
[rosout][INFO] 2017-07-07 10:09:06,346: Publishing the detected zones on /zones
[rosout][INFO] 2017-07-07 10:09:06,834: Received the playground image. Detecting zones...
[rosout][INFO] 2017-07-07 10:09:06,854: Publishing the detected zones on /zones
[rosout][INFO] 2017-07-07 10:09:07,364: Received the playground image. Detecting zones...
[rosout][INFO] 2017-07-07 10:09:07,384: Publishing the detected zones on /zones
[rosout][INFO] 2017-07-07 10:09:07,836: Received the playground image. Detecting zones...
[rosout][INFO] 2017-07-07 10:09:07,866: Publishing the detected zones on /zones
[rosout][INFO] 2017-07-07 10:09:08,088: Received the playground image. Detecting zones...
[rosout][INFO] 2017-07-07 10:09:08,113: Publishing the detected zones on /zones
[rosout][INFO] 2017-07-07 10:09:08,604: Received the playground image. Detecting zones...
[rosout][INFO] 2017-07-07 10:09:08,624: Publishing the detected zones on /zones
[rosout][INFO] 2017-07-07 10:09:09,113: Received the playground image. Detecting zones...
[rosout][INFO] 2017-07-07 10:09:09,128: Publishing the detected zones on /zones
[rosout][INFO] 2017-07-07 10:09:09,314: Received the playground image. Detecting zones...
[rosout][INFO] 2017-07-07 10:09:09,339: Publishing the detected zones on /zones
[rosout][INFO] 2017-07-07 10:09:09,845: Received the playground image. Detecting zones...
[rosout][INFO] 2017-07-07 10:09:09,867: Publishing the detected zones on /zones
[rosout][INFO] 2017-07-07 10:09:10,333: Received the playground image. Detecting zones...
[rosout][INFO] 2017-07-07 10:09:10,350: Publishing the detected zones on /zones
[rosout][INFO] 2017-07-07 10:09:10,834: Received the playground image. Detecting zones...
[rosout][INFO] 2017-07-07 10:09:10,851: Publishing the detected zones on /zones
[rosout][INFO] 2017-07-07 10:09:11,843: Received the playground image. Detecting zones...
[rosout][INFO] 2017-07-07 10:09:11,867: Publishing the detected zones on /zones
[rosout][INFO] 2017-07-07 10:09:12,591: Received the playground image. Detecting zones...
[rosout][INFO] 2017-07-07 10:09:12,622: Publishing the detected zones on /zones
[rosout][INFO] 2017-07-07 10:09:12,837: Received the playground image. Detecting zones...
[rosout][INFO] 2017-07-07 10:09:12,864: Publishing the detected zones on /zones
[rosout][INFO] 2017-07-07 10:09:13,340: Received the playground image. Detecting zones...
[rosout][INFO] 2017-07-07 10:09:13,359: Publishing the detected zones on /zones
[rosout][INFO] 2017-07-07 10:09:13,822: Received the playground image. Detecting zones...
[rosout][INFO] 2017-07-07 10:09:13,846: Publishing the detected zones on /zones
[rosout][INFO] 2017-07-07 10:09:14,846: Received the playground image. Detecting zones...
[rosout][INFO] 2017-07-07 10:09:14,866: Publishing the detected zones on /zones
[rosout][INFO] 2017-07-07 10:09:16,073: Received the playground image. Detecting zones...
[rosout][INFO] 2017-07-07 10:09:16,098: Publishing the detected zones on /zones
[rosout][INFO] 2017-07-07 10:09:17,591: Received the playground image. Detecting zones...
[rosout][INFO] 2017-07-07 10:09:17,617: Publishing the detected zones on /zones
[rosout][INFO] 2017-07-07 10:09:18,080: Received the playground image. Detecting zones...
[rosout][INFO] 2017-07-07 10:09:18,102: Publishing the detected zones on /zones
[rosout][INFO] 2017-07-07 10:09:18,577: Received the playground image. Detecting zones...
[rosout][INFO] 2017-07-07 10:09:18,605: Publishing the detected zones on /zones
[rosout][INFO] 2017-07-07 10:09:21,603: Received the playground image. Detecting zones...
[rosout][INFO] 2017-07-07 10:09:21,634: Publishing the detected zones on /zones
[rosout][INFO] 2017-07-07 10:09:24,342: Received the playground image. Detecting zones...
[rosout][INFO] 2017-07-07 10:09:24,368: Publishing the detected zones on /zones
[rosout][INFO] 2017-07-07 10:09:26,334: Received the playground image. Detecting zones...
[rosout][INFO] 2017-07-07 10:09:26,355: Publishing the detected zones on /zones
[rosout][INFO] 2017-07-07 10:09:26,848: Received the playground image. Detecting zones...
[rosout][INFO] 2017-07-07 10:09:26,876: Publishing the detected zones on /zones
[rosout][INFO] 2017-07-07 10:09:27,851: Received the playground image. Detecting zones...
[rosout][INFO] 2017-07-07 10:09:27,876: Publishing the detected zones on /zones
[rosout][INFO] 2017-07-07 10:09:28,852: Received the playground image. Detecting zones...
[rosout][INFO] 2017-07-07 10:09:28,884: Publishing the detected zones on /zones
[rosout][INFO] 2017-07-07 10:09:31,589: Received the playground image. Detecting zones...
[rosout][INFO] 2017-07-07 10:09:31,608: Publishing the detected zones on /zones
[rosout][INFO] 2017-07-07 10:09:34,091: Received the playground image. Detecting zones...
[rosout][INFO] 2017-07-07 10:09:34,109: Publishing the detected zones on /zones
[rosout][INFO] 2017-07-07 10:09:43,088: Received the playground image. Detecting zones...
[rosout][INFO] 2017-07-07 10:09:43,121: Publishing the detected zones on /zones
[rosout][INFO] 2017-07-07 10:09:54,595: Received the playground image. Detecting zones...
[rosout][INFO] 2017-07-07 10:09:54,628: Publishing the detected zones on /zones
[rosout][INFO] 2017-07-07 10:09:55,096: Received the playground image. Detecting zones...
[rosout][INFO] 2017-07-07 10:09:55,121: Publishing the detected zones on /zones
[rosout][INFO] 2017-07-07 10:09:56,093: Received the playground image. Detecting zones...
[rosout][INFO] 2017-07-07 10:09:56,116: Publishing the detected zones on /zones
[rosout][INFO] 2017-07-07 10:09:57,601: Received the playground image. Detecting zones...
[rosout][INFO] 2017-07-07 10:09:57,620: Publishing the detected zones on /zones
[rosout][INFO] 2017-07-07 10:09:58,848: Received the playground image. Detecting zones...
[rosout][INFO] 2017-07-07 10:09:58,869: Publishing the detected zones on /zones
[rosout][INFO] 2017-07-07 10:09:59,321: Received the playground image. Detecting zones...
[rosout][INFO] 2017-07-07 10:09:59,346: Publishing the detected zones on /zones
[rosout][INFO] 2017-07-07 10:09:59,841: Received the playground image. Detecting zones...
[rosout][INFO] 2017-07-07 10:09:59,865: Publishing the detected zones on /zones
[rosout][INFO] 2017-07-07 10:10:00,592: Received the playground image. Detecting zones...
[rosout][INFO] 2017-07-07 10:10:00,619: Publishing the detected zones on /zones
[rosout][INFO] 2017-07-07 10:10:01,087: Received the playground image. Detecting zones...
[rosout][INFO] 2017-07-07 10:10:01,113: Publishing the detected zones on /zones
[rosout][INFO] 2017-07-07 10:10:02,357: Received the playground image. Detecting zones...
[rosout][INFO] 2017-07-07 10:10:02,383: Publishing the detected zones on /zones
[rosout][INFO] 2017-07-07 10:10:02,853: Received the playground image. Detecting zones...
[rosout][INFO] 2017-07-07 10:10:02,877: Publishing the detected zones on /zones
[rosout][INFO] 2017-07-07 10:10:03,088: Received the playground image. Detecting zones...
[rosout][INFO] 2017-07-07 10:10:03,106: Publishing the detected zones on /zones
[rosout][INFO] 2017-07-07 10:10:03,328: Received the playground image. Detecting zones...
[rosout][INFO] 2017-07-07 10:10:03,355: Publishing the detected zones on /zones
[rosout][INFO] 2017-07-07 10:10:03,592: Received the playground image. Detecting zones...
[rosout][INFO] 2017-07-07 10:10:03,610: Publishing the detected zones on /zones
[rosout][INFO] 2017-07-07 10:10:03,858: Received the playground image. Detecting zones...
[rosout][INFO] 2017-07-07 10:10:03,891: Publishing the detected zones on /zones
[rosout][INFO] 2017-07-07 10:10:05,353: Received the playground image. Detecting zones...
[rosout][INFO] 2017-07-07 10:10:05,386: Publishing the detected zones on /zones
[rosout][INFO] 2017-07-07 10:10:05,591: Received the playground image. Detecting zones...
[rosout][INFO] 2017-07-07 10:10:05,621: Publishing the detected zones on /zones
[rosout][INFO] 2017-07-07 10:10:06,327: Received the playground image. Detecting zones...
[rosout][INFO] 2017-07-07 10:10:06,347: Publishing the detected zones on /zones
[rosout][INFO] 2017-07-07 10:10:07,326: Received the playground image. Detecting zones...
[rosout][INFO] 2017-07-07 10:10:07,343: Publishing the detected zones on /zones
[rosout][INFO] 2017-07-07 10:10:13,123: Received the playground image. Detecting zones...
[rosout][INFO] 2017-07-07 10:10:13,152: Publishing the detected zones on /zones
[rosout][INFO] 2017-07-07 10:10:13,332: Received the playground image. Detecting zones...
[rosout][INFO] 2017-07-07 10:10:13,348: Publishing the detected zones on /zones
[rosout][INFO] 2017-07-07 10:10:18,617: Received the playground image. Detecting zones...
[rosout][INFO] 2017-07-07 10:10:18,648: Publishing the detected zones on /zones
[rosout][INFO] 2017-07-07 10:10:19,105: Received the playground image. Detecting zones...
[rosout][INFO] 2017-07-07 10:10:19,124: Publishing the detected zones on /zones
[rosout][INFO] 2017-07-07 10:10:19,832: Received the playground image. Detecting zones...
[rosout][INFO] 2017-07-07 10:10:19,854: Publishing the detected zones on /zones
[rosout][INFO] 2017-07-07 10:10:20,599: Received the playground image. Detecting zones...
[rosout][INFO] 2017-07-07 10:10:20,626: Publishing the detected zones on /zones
[rosout][INFO] 2017-07-07 10:10:25,619: Received the playground image. Detecting zones...
[rosout][INFO] 2017-07-07 10:10:25,649: Publishing the detected zones on /zones
[rosout][INFO] 2017-07-07 10:10:26,335: Received the playground image. Detecting zones...
[rosout][INFO] 2017-07-07 10:10:26,353: Publishing the detected zones on /zones
[rosout][INFO] 2017-07-07 10:10:27,132: Received the playground image. Detecting zones...
[rosout][INFO] 2017-07-07 10:10:27,150: Publishing the detected zones on /zones
[rosout][INFO] 2017-07-07 10:10:28,131: Received the playground image. Detecting zones...
[rosout][INFO] 2017-07-07 10:10:28,161: Publishing the detected zones on /zones
[rosout][INFO] 2017-07-07 10:10:34,178: Received the playground image. Detecting zones...
[rosout][INFO] 2017-07-07 10:10:34,211: Publishing the detected zones on /zones
[rosout][INFO] 2017-07-07 10:10:37,157: Received the playground image. Detecting zones...
[rosout][INFO] 2017-07-07 10:10:37,176: Publishing the detected zones on /zones
[rosout][INFO] 2017-07-07 10:10:37,387: Received the playground image. Detecting zones...
[rosout][INFO] 2017-07-07 10:10:37,404: Publishing the detected zones on /zones
[rosout][INFO] 2017-07-07 10:10:38,088: Received the playground image. Detecting zones...
[rosout][INFO] 2017-07-07 10:10:38,102: Publishing the detected zones on /zones
[rosout][INFO] 2017-07-07 10:10:48,827: Received the playground image. Detecting zones...
[rosout][INFO] 2017-07-07 10:10:48,845: Publishing the detected zones on /zones
[rosout][INFO] 2017-07-07 10:10:51,349: Received the playground image. Detecting zones...
[rosout][INFO] 2017-07-07 10:10:51,377: Publishing the detected zones on /zones
[rosout][INFO] 2017-07-07 10:10:52,356: Received the playground image. Detecting zones...
[rosout][INFO] 2017-07-07 10:10:52,377: Publishing the detected zones on /zones
[rosout][INFO] 2017-07-07 10:10:53,354: Received the playground image. Detecting zones...
[rosout][INFO] 2017-07-07 10:10:53,387: Publishing the detected zones on /zones
[rosout][INFO] 2017-07-07 10:10:53,575: Received the playground image. Detecting zones...
[rosout][INFO] 2017-07-07 10:10:53,594: Publishing the detected zones on /zones
[rosout][INFO] 2017-07-07 10:11:23,334: Received the playground image. Detecting zones...
[rosout][INFO] 2017-07-07 10:11:23,353: Publishing the detected zones on /zones
[rosout][INFO] 2017-07-07 10:11:24,119: Received the playground image. Detecting zones...
[rosout][INFO] 2017-07-07 10:11:24,139: Publishing the detected zones on /zones
[rosout][INFO] 2017-07-07 10:11:27,655: Received the playground image. Detecting zones...
[rosout][INFO] 2017-07-07 10:11:27,690: Publishing the detected zones on /zones
[rosout][INFO] 2017-07-07 10:11:27,919: Received the playground image. Detecting zones...
[rosout][INFO] 2017-07-07 10:11:27,945: Publishing the detected zones on /zones
[rosout][INFO] 2017-07-07 10:11:28,320: Received the playground image. Detecting zones...
[rosout][INFO] 2017-07-07 10:11:28,345: Publishing the detected zones on /zones
[rosout][INFO] 2017-07-07 10:11:30,270: Received the playground image. Detecting zones...
[rosout][INFO] 2017-07-07 10:11:30,296: Publishing the detected zones on /zones
[rosout][INFO] 2017-07-07 10:11:30,529: Received the playground image. Detecting zones...
[rosout][INFO] 2017-07-07 10:11:30,565: Publishing the detected zones on /zones
[rosout][INFO] 2017-07-07 10:11:30,794: Received the playground image. Detecting zones...
[rosout][INFO] 2017-07-07 10:11:30,833: Publishing the detected zones on /zones
[rosout][INFO] 2017-07-07 10:11:31,123: Received the playground image. Detecting zones...
[rosout][INFO] 2017-07-07 10:11:31,156: Publishing the detected zones on /zones
[rosout][INFO] 2017-07-07 10:11:31,366: Received the playground image. Detecting zones...
[rosout][INFO] 2017-07-07 10:11:31,384: Publishing the detected zones on /zones
[rosout][INFO] 2017-07-07 10:11:31,733: Received the playground image. Detecting zones...
[rosout][INFO] 2017-07-07 10:11:31,776: Publishing the detected zones on /zones
[rosout][INFO] 2017-07-07 10:11:32,000: Received the playground image. Detecting zones...
[rosout][INFO] 2017-07-07 10:11:32,027: Publishing the detected zones on /zones
[rosout][INFO] 2017-07-07 10:11:32,370: Received the playground image. Detecting zones...
[rosout][INFO] 2017-07-07 10:11:32,392: Publishing the detected zones on /zones
[rosout][INFO] 2017-07-07 10:11:33,633: Received the playground image. Detecting zones...
[rosout][INFO] 2017-07-07 10:11:33,654: Publishing the detected zones on /zones
[rosout][INFO] 2017-07-07 10:11:34,242: Received the playground image. Detecting zones...
[rosout][INFO] 2017-07-07 10:11:34,264: Publishing the detected zones on /zones
[rosout][INFO] 2017-07-07 10:11:34,370: Received the playground image. Detecting zones...
[rosout][INFO] 2017-07-07 10:11:34,396: Publishing the detected zones on /zones
[rosout][INFO] 2017-07-07 10:11:35,333: Received the playground image. Detecting zones...
[rosout][INFO] 2017-07-07 10:11:35,359: Publishing the detected zones on /zones
[rosout][INFO] 2017-07-07 10:11:35,808: Received the playground image. Detecting zones...
[rosout][INFO] 2017-07-07 10:11:35,840: Publishing the detected zones on /zones
[rosout][INFO] 2017-07-07 10:11:36,070: Received the playground image. Detecting zones...
[rosout][INFO] 2017-07-07 10:11:36,090: Publishing the detected zones on /zones
[rosout][INFO] 2017-07-07 10:11:36,238: Received the playground image. Detecting zones...
[rosout][INFO] 2017-07-07 10:11:36,262: Publishing the detected zones on /zones
[rosout][INFO] 2017-07-07 10:11:36,464: Received the playground image. Detecting zones...
[rosout][INFO] 2017-07-07 10:11:36,489: Publishing the detected zones on /zones
[rosout][INFO] 2017-07-07 10:11:36,820: Received the playground image. Detecting zones...
[rosout][INFO] 2017-07-07 10:11:36,841: Publishing the detected zones on /zones
[rosout][INFO] 2017-07-07 10:11:36,937: Received the playground image. Detecting zones...
[rosout][INFO] 2017-07-07 10:11:36,971: Publishing the detected zones on /zones
[rosout][INFO] 2017-07-07 10:11:37,202: Received the playground image. Detecting zones...
[rosout][INFO] 2017-07-07 10:11:37,225: Publishing the detected zones on /zones
[rosout][INFO] 2017-07-07 10:11:37,618: Received the playground image. Detecting zones...
[rosout][INFO] 2017-07-07 10:11:37,634: Publishing the detected zones on /zones
[rosout][INFO] 2017-07-07 10:11:38,035: Received the playground image. Detecting zones...
[rosout][INFO] 2017-07-07 10:11:38,053: Publishing the detected zones on /zones
[rosout][INFO] 2017-07-07 10:11:38,221: Received the playground image. Detecting zones...
[rosout][INFO] 2017-07-07 10:11:38,241: Publishing the detected zones on /zones
[rosout][INFO] 2017-07-07 10:11:38,373: Received the playground image. Detecting zones...
[rosout][INFO] 2017-07-07 10:11:38,392: Publishing the detected zones on /zones
[rosout][INFO] 2017-07-07 10:11:38,651: Received the playground image. Detecting zones...
[rosout][INFO] 2017-07-07 10:11:38,675: Publishing the detected zones on /zones
[rosout][INFO] 2017-07-07 10:11:39,028: Received the playground image. Detecting zones...
[rosout][INFO] 2017-07-07 10:11:39,066: Publishing the detected zones on /zones
[rosout][INFO] 2017-07-07 10:11:39,126: Received the playground image. Detecting zones...
[rosout][INFO] 2017-07-07 10:11:39,144: Publishing the detected zones on /zones
[rosout][INFO] 2017-07-07 10:11:39,895: Received the playground image. Detecting zones...
[rosout][INFO] 2017-07-07 10:11:39,917: Publishing the detected zones on /zones
[rosout][INFO] 2017-07-07 10:11:40,087: Received the playground image. Detecting zones...
[rosout][INFO] 2017-07-07 10:11:40,107: Publishing the detected zones on /zones
[rosout][INFO] 2017-07-07 10:11:40,669: Received the playground image. Detecting zones...
[rosout][INFO] 2017-07-07 10:11:40,693: Publishing the detected zones on /zones
[rosout][INFO] 2017-07-07 10:11:40,978: Received the playground image. Detecting zones...
[rosout][INFO] 2017-07-07 10:11:40,995: Publishing the detected zones on /zones
[rosout][INFO] 2017-07-07 10:11:41,082: Received the playground image. Detecting zones...
[rosout][INFO] 2017-07-07 10:11:41,107: Publishing the detected zones on /zones
[rosout][INFO] 2017-07-07 10:11:41,563: Received the playground image. Detecting zones...
[rosout][INFO] 2017-07-07 10:11:41,606: Publishing the detected zones on /zones
[rosout][INFO] 2017-07-07 10:11:41,750: Received the playground image. Detecting zones...
[rosout][INFO] 2017-07-07 10:11:41,780: Publishing the detected zones on /zones
[rosout][INFO] 2017-07-07 10:11:42,242: Received the playground image. Detecting zones...
[rosout][INFO] 2017-07-07 10:11:42,268: Publishing the detected zones on /zones
[rosout][INFO] 2017-07-07 10:11:42,945: Received the playground image. Detecting zones...
[rosout][INFO] 2017-07-07 10:11:42,976: Publishing the detected zones on /zones
[rosout][INFO] 2017-07-07 10:11:43,205: Received the playground image. Detecting zones...
[rosout][INFO] 2017-07-07 10:11:43,230: Publishing the detected zones on /zones
[rosout][INFO] 2017-07-07 10:11:43,392: Received the playground image. Detecting zones...
[rosout][INFO] 2017-07-07 10:11:43,412: Publishing the detected zones on /zones
[rosout][INFO] 2017-07-07 10:11:43,892: Received the playground image. Detecting zones...
[rosout][INFO] 2017-07-07 10:11:43,921: Publishing the detected zones on /zones
[rosout][INFO] 2017-07-07 10:11:44,396: Received the playground image. Detecting zones...
[rosout][INFO] 2017-07-07 10:11:44,422: Publishing the detected zones on /zones
[rosout][INFO] 2017-07-07 10:11:44,649: Received the playground image. Detecting zones...
[rosout][INFO] 2017-07-07 10:11:44,671: Publishing the detected zones on /zones
[rosout][INFO] 2017-07-07 10:11:45,382: Received the playground image. Detecting zones...
[rosout][INFO] 2017-07-07 10:11:45,399: Publishing the detected zones on /zones
[rosout][INFO] 2017-07-07 10:11:45,881: Received the playground image. Detecting zones...
[rosout][INFO] 2017-07-07 10:11:45,908: Publishing the detected zones on /zones
[rosout][INFO] 2017-07-07 10:11:46,616: Received the playground image. Detecting zones...
[rosout][INFO] 2017-07-07 10:11:46,636: Publishing the detected zones on /zones
[rosout][INFO] 2017-07-07 10:11:47,349: Received the playground image. Detecting zones...
[rosout][INFO] 2017-07-07 10:11:47,365: Publishing the detected zones on /zones
[rosout][INFO] 2017-07-07 10:11:47,983: Received the playground image. Detecting zones...
[rosout][INFO] 2017-07-07 10:11:48,004: Publishing the detected zones on /zones
[rosout][INFO] 2017-07-07 10:11:48,135: Received the playground image. Detecting zones...
[rosout][INFO] 2017-07-07 10:11:48,155: Publishing the detected zones on /zones
[rosout][INFO] 2017-07-07 10:11:48,574: Received the playground image. Detecting zones...
[rosout][INFO] 2017-07-07 10:11:48,595: Publishing the detected zones on /zones
[rosout][INFO] 2017-07-07 10:11:48,928: Received the playground image. Detecting zones...
[rosout][INFO] 2017-07-07 10:11:48,949: Publishing the detected zones on /zones
[rosout][INFO] 2017-07-07 10:11:49,096: Received the playground image. Detecting zones...
[rosout][INFO] 2017-07-07 10:11:49,122: Publishing the detected zones on /zones
[rosout][INFO] 2017-07-07 10:11:49,334: Received the playground image. Detecting zones...
[rosout][INFO] 2017-07-07 10:11:49,352: Publishing the detected zones on /zones
[rosout][INFO] 2017-07-07 10:11:49,588: Received the playground image. Detecting zones...
[rosout][INFO] 2017-07-07 10:11:49,618: Publishing the detected zones on /zones
[rosout][INFO] 2017-07-07 10:11:49,834: Received the playground image. Detecting zones...
[rosout][INFO] 2017-07-07 10:11:49,854: Publishing the detected zones on /zones
[rosout][INFO] 2017-07-07 10:11:50,336: Received the playground image. Detecting zones...
[rosout][INFO] 2017-07-07 10:11:50,356: Publishing the detected zones on /zones
[rosout][INFO] 2017-07-07 10:11:50,616: Received the playground image. Detecting zones...
[rosout][INFO] 2017-07-07 10:11:50,645: Publishing the detected zones on /zones
[rosout][INFO] 2017-07-07 10:11:50,893: Received the playground image. Detecting zones...
[rosout][INFO] 2017-07-07 10:11:50,926: Publishing the detected zones on /zones
[rosout][INFO] 2017-07-07 10:11:51,131: Received the playground image. Detecting zones...
[rosout][INFO] 2017-07-07 10:11:51,148: Publishing the detected zones on /zones
[rosout][INFO] 2017-07-07 10:11:51,671: Received the playground image. Detecting zones...
[rosout][INFO] 2017-07-07 10:11:51,700: Publishing the detected zones on /zones
[rosout][INFO] 2017-07-07 10:11:51,910: Received the playground image. Detecting zones...
[rosout][INFO] 2017-07-07 10:11:51,954: Publishing the detected zones on /zones
[rosout][INFO] 2017-07-07 10:11:52,660: Received the playground image. Detecting zones...
[rosout][INFO] 2017-07-07 10:11:52,683: Publishing the detected zones on /zones
[rosout][INFO] 2017-07-07 10:11:53,178: Received the playground image. Detecting zones...
[rosout][INFO] 2017-07-07 10:11:53,209: Publishing the detected zones on /zones
[rosout][INFO] 2017-07-07 10:11:53,504: Received the playground image. Detecting zones...
[rosout][INFO] 2017-07-07 10:11:53,535: Publishing the detected zones on /zones
[rosout][INFO] 2017-07-07 10:11:53,982: Received the playground image. Detecting zones...
[rosout][INFO] 2017-07-07 10:11:54,006: Publishing the detected zones on /zones
[rosout][INFO] 2017-07-07 10:11:54,255: Received the playground image. Detecting zones...
[rosout][INFO] 2017-07-07 10:11:54,276: Publishing the detected zones on /zones
[rosout][INFO] 2017-07-07 10:11:54,571: Received the playground image. Detecting zones...
[rosout][INFO] 2017-07-07 10:11:54,595: Publishing the detected zones on /zones
[rosout][INFO] 2017-07-07 10:11:55,374: Received the playground image. Detecting zones...
[rosout][INFO] 2017-07-07 10:11:55,402: Publishing the detected zones on /zones
[rosout][INFO] 2017-07-07 10:11:55,555: Received the playground image. Detecting zones...
[rosout][INFO] 2017-07-07 10:11:55,574: Publishing the detected zones on /zones
[rosout][INFO] 2017-07-07 10:11:55,700: Received the playground image. Detecting zones...
[rosout][INFO] 2017-07-07 10:11:55,719: Publishing the detected zones on /zones
[rosout][INFO] 2017-07-07 10:11:56,427: Received the playground image. Detecting zones...
[rosout][INFO] 2017-07-07 10:11:56,452: Publishing the detected zones on /zones
[rosout][INFO] 2017-07-07 10:11:56,625: Received the playground image. Detecting zones...
[rosout][INFO] 2017-07-07 10:11:56,647: Publishing the detected zones on /zones
[rosout][INFO] 2017-07-07 10:11:57,229: Received the playground image. Detecting zones...
[rosout][INFO] 2017-07-07 10:11:57,254: Publishing the detected zones on /zones
[rosout][INFO] 2017-07-07 10:11:57,705: Received the playground image. Detecting zones...
[rosout][INFO] 2017-07-07 10:11:57,738: Publishing the detected zones on /zones
[rosout][INFO] 2017-07-07 10:11:57,919: Received the playground image. Detecting zones...
[rosout][INFO] 2017-07-07 10:11:57,948: Publishing the detected zones on /zones
[rosout][INFO] 2017-07-07 10:11:58,232: Received the playground image. Detecting zones...
[rosout][INFO] 2017-07-07 10:11:58,261: Publishing the detected zones on /zones
[rosout][INFO] 2017-07-07 10:11:58,436: Received the playground image. Detecting zones...
[rosout][INFO] 2017-07-07 10:11:58,454: Publishing the detected zones on /zones
[rosout][INFO] 2017-07-07 10:11:58,662: Received the playground image. Detecting zones...
[rosout][INFO] 2017-07-07 10:11:58,709: Publishing the detected zones on /zones
[rosout][INFO] 2017-07-07 10:11:58,969: Received the playground image. Detecting zones...
[rosout][INFO] 2017-07-07 10:11:58,988: Publishing the detected zones on /zones
[rosout][INFO] 2017-07-07 10:11:59,095: Received the playground image. Detecting zones...
[rosout][INFO] 2017-07-07 10:11:59,114: Publishing the detected zones on /zones
[rosout][INFO] 2017-07-07 10:12:06,837: Received the playground image. Detecting zones...
[rosout][INFO] 2017-07-07 10:12:06,860: Publishing the detected zones on /zones
[rosout][INFO] 2017-07-07 10:12:27,334: Received the playground image. Detecting zones...
[rosout][INFO] 2017-07-07 10:12:27,355: Publishing the detected zones on /zones
[rosout][INFO] 2017-07-07 10:12:38,324: Received the playground image. Detecting zones...
[rosout][INFO] 2017-07-07 10:12:38,345: Publishing the detected zones on /zones
[rosout][INFO] 2017-07-07 10:12:42,329: Received the playground image. Detecting zones...
[rosout][INFO] 2017-07-07 10:12:42,348: Publishing the detected zones on /zones
[rosout][INFO] 2017-07-07 10:12:47,372: Received the playground image. Detecting zones...
[rosout][INFO] 2017-07-07 10:12:47,396: Publishing the detected zones on /zones
[rosout][INFO] 2017-07-07 10:12:48,833: Received the playground image. Detecting zones...
[rosout][INFO] 2017-07-07 10:12:48,863: Publishing the detected zones on /zones
[rosout][INFO] 2017-07-07 10:12:53,834: Received the playground image. Detecting zones...
[rosout][INFO] 2017-07-07 10:12:53,855: Publishing the detected zones on /zones
[rosout][INFO] 2017-07-07 10:12:59,831: Received the playground image. Detecting zones...
[rosout][INFO] 2017-07-07 10:12:59,852: Publishing the detected zones on /zones
[rosout][INFO] 2017-07-07 10:13:02,841: Received the playground image. Detecting zones...
[rosout][INFO] 2017-07-07 10:13:02,865: Publishing the detected zones on /zones
[rosout][INFO] 2017-07-07 10:13:03,590: Received the playground image. Detecting zones...
[rosout][INFO] 2017-07-07 10:13:03,621: Publishing the detected zones on /zones
[rosout][INFO] 2017-07-07 10:13:04,590: Received the playground image. Detecting zones...
[rosout][INFO] 2017-07-07 10:13:04,613: Publishing the detected zones on /zones
[rosout][INFO] 2017-07-07 10:13:06,838: Received the playground image. Detecting zones...
[rosout][INFO] 2017-07-07 10:13:06,867: Publishing the detected zones on /zones
[rosout][INFO] 2017-07-07 10:13:07,582: Received the playground image. Detecting zones...
[rosout][INFO] 2017-07-07 10:13:07,605: Publishing the detected zones on /zones
[rosout][INFO] 2017-07-07 10:13:08,577: Received the playground image. Detecting zones...
[rosout][INFO] 2017-07-07 10:13:08,597: Publishing the detected zones on /zones
[rosout][INFO] 2017-07-07 10:13:55,868: Received the playground image. Detecting zones...
[rosout][INFO] 2017-07-07 10:13:55,893: Publishing the detected zones on /zones
[rosout][INFO] 2017-07-07 10:13:56,090: Received the playground image. Detecting zones...
[rosout][INFO] 2017-07-07 10:13:56,116: Publishing the detected zones on /zones
[rosout][INFO] 2017-07-07 10:14:02,344: Received the playground image. Detecting zones...
[rosout][INFO] 2017-07-07 10:14:02,361: Publishing the detected zones on /zones
[rosout][INFO] 2017-07-07 10:14:13,362: Received the playground image. Detecting zones...
[rosout][INFO] 2017-07-07 10:14:13,389: Publishing the detected zones on /zones
[rosout][INFO] 2017-07-07 10:14:13,852: Received the playground image. Detecting zones...
[rosout][INFO] 2017-07-07 10:14:13,874: Publishing the detected zones on /zones
[rosout][INFO] 2017-07-07 10:14:14,083: Received the playground image. Detecting zones...
[rosout][INFO] 2017-07-07 10:14:14,099: Publishing the detected zones on /zones
[rosout][INFO] 2017-07-07 10:15:03,835: Received the playground image. Detecting zones...
[rosout][INFO] 2017-07-07 10:15:03,867: Publishing the detected zones on /zones
[rospy.internal][INFO] 2017-07-07 10:15:26,961: topic[/zones] removing connection to /rosbag_record_freeplay_sandbox
[rospy.core][INFO] 2017-07-07 10:20:19,137: signal_shutdown [signal-15]
[rospy.internal][INFO] 2017-07-07 10:20:19,145: topic[/rosout] removing connection to /rosout
[rospy.internal][INFO] 2017-07-07 10:20:19,145: topic[/sandtray/background/image] removing connection to http://sandtray-hrilab:41209/
[rospy.internal][INFO] 2017-07-07 10:20:19,146: topic[/sandtray/background/camera_info] removing connection to http://sandtray-hrilab:41209/
[rospy.impl.masterslave][INFO] 2017-07-07 10:20:19,146: signal-15
[rospy.internal][WARNING] 2017-07-07 10:20:19,146: Unknown error initiating TCP/IP socket to sandtray-hrilab:40817 (http://sandtray-hrilab:41209/): Traceback (most recent call last):
  File "/opt/ros/kinetic/lib/python2.7/dist-packages/rospy/impl/tcpros_base.py", line 558, in connect
    self.local_endpoint = self.socket.getsockname()
AttributeError: 'NoneType' object has no attribute 'getsockname'

[rospy.internal][WARNING] 2017-07-07 10:20:19,147: Unknown error initiating TCP/IP socket to sandtray-hrilab:40817 (http://sandtray-hrilab:41209/): Traceback (most recent call last):
  File "/opt/ros/kinetic/lib/python2.7/dist-packages/rospy/impl/tcpros_base.py", line 558, in connect
    self.local_endpoint = self.socket.getsockname()
AttributeError: 'NoneType' object has no attribute 'getsockname'

[rospy.core][INFO] 2017-07-07 10:20:19,330: signal_shutdown [signal-2]
[rospy.core][INFO] 2017-07-07 10:20:19,330: signal_shutdown [atexit]
