[rospy.client][INFO] 2017-06-08 11:18:59,403: init_node, name[/move_sandbox_items], pid[12943]
[xmlrpc][INFO] 2017-06-08 11:18:59,404: XML-RPC server binding to 0.0.0.0:0
[xmlrpc][INFO] 2017-06-08 11:18:59,404: Started XML-RPC server [http://sandtray-hrilab:46141/]
[rospy.init][INFO] 2017-06-08 11:18:59,404: ROS Slave URI: [http://sandtray-hrilab:46141/]
[rospy.impl.masterslave][INFO] 2017-06-08 11:18:59,404: _ready: http://sandtray-hrilab:46141/
[rospy.registration][INFO] 2017-06-08 11:18:59,405: Registering with master node http://localhost:11311
[xmlrpc][INFO] 2017-06-08 11:18:59,405: xml rpc node: starting XML-RPC server
[rospy.init][INFO] 2017-06-08 11:18:59,505: registered with master
[rospy.rosout][INFO] 2017-06-08 11:18:59,505: initializing /rosout core topic
[rospy.rosout][INFO] 2017-06-08 11:18:59,507: connected to core topic /rosout
[rospy.simtime][INFO] 2017-06-08 11:18:59,508: /use_sim_time is not set, will not subscribe to simulated time [/clock] topic
[rospy.internal][INFO] 2017-06-08 11:18:59,523: topic[/tf] adding connection to [http://sandtray-hrilab:41873/], count 0
[rospy.internal][INFO] 2017-06-08 11:18:59,525: topic[/tf] adding connection to [http://sandtray-hrilab:38206/], count 0
[rospy.internal][INFO] 2017-06-08 11:18:59,525: topic[/tf] adding connection to [http://sandtray-hrilab:37960/], count 1
[rospy.internal][INFO] 2017-06-08 11:18:59,527: topic[/tf] adding connection to [http://sandtray-hrilab:45567/], count 2
[rospy.internal][INFO] 2017-06-08 11:18:59,529: topic[/tf] adding connection to [http://sandtray-hrilab:44149/], count 4
[rospy.internal][INFO] 2017-06-08 11:18:59,738: topic[/rosout] adding connection to [/rosout], count 0
[rospy.internal][INFO] 2017-06-08 11:18:59,789: topic[/poses] adding connection to [/sandtray], count 0
[rospy.core][INFO] 2017-06-08 11:18:59,825: signal_shutdown [signal-2]
[rospy.internal][INFO] 2017-06-08 11:18:59,833: topic[/poses] removing connection to /sandtray
[rospy.internal][INFO] 2017-06-08 11:18:59,833: topic[/rosout] removing connection to /rosout
[rospy.internal][INFO] 2017-06-08 11:18:59,833: topic[/tf] removing connection to http://sandtray-hrilab:41873/
[rospy.internal][WARNING] 2017-06-08 11:18:59,834: Unknown error initiating TCP/IP socket to sandtray-hrilab:49538 (http://sandtray-hrilab:41873/): Traceback (most recent call last):
  File "/opt/ros/kinetic/lib/python2.7/dist-packages/rospy/impl/tcpros_base.py", line 557, in connect
    self.read_header()
  File "/opt/ros/kinetic/lib/python2.7/dist-packages/rospy/impl/tcpros_base.py", line 650, in read_header
    self._validate_header(read_ros_handshake_header(sock, self.read_buff, self.protocol.buff_size))
AttributeError: 'NoneType' object has no attribute 'buff_size'

[rospy.topics][ERROR] 2017-06-08 11:18:59,834: Traceback (most recent call last):
  File "/opt/ros/kinetic/lib/python2.7/dist-packages/rospy/topics.py", line 326, in close
    c.close()
  File "/opt/ros/kinetic/lib/python2.7/dist-packages/rospy/impl/tcpros_base.py", line 838, in close
    self.socket.close()
AttributeError: 'NoneType' object has no attribute 'close'

[rospy.internal][INFO] 2017-06-08 11:18:59,834: topic[/tf] removing connection to http://sandtray-hrilab:38206/
[rospy.internal][INFO] 2017-06-08 11:18:59,835: topic[/tf] removing connection to http://sandtray-hrilab:37960/
[rospy.topics][ERROR] 2017-06-08 11:18:59,835: Traceback (most recent call last):
  File "/opt/ros/kinetic/lib/python2.7/dist-packages/rospy/topics.py", line 326, in close
    c.close()
  File "/opt/ros/kinetic/lib/python2.7/dist-packages/rospy/impl/tcpros_base.py", line 838, in close
    self.socket.close()
AttributeError: 'NoneType' object has no attribute 'close'

[rospy.internal][WARNING] 2017-06-08 11:18:59,835: Unknown error initiating TCP/IP socket to sandtray-hrilab:52118 (http://sandtray-hrilab:37960/): Traceback (most recent call last):
  File "/opt/ros/kinetic/lib/python2.7/dist-packages/rospy/impl/tcpros_base.py", line 557, in connect
    self.read_header()
  File "/opt/ros/kinetic/lib/python2.7/dist-packages/rospy/impl/tcpros_base.py", line 650, in read_header
    self._validate_header(read_ros_handshake_header(sock, self.read_buff, self.protocol.buff_size))
AttributeError: 'NoneType' object has no attribute 'buff_size'

[rospy.internal][INFO] 2017-06-08 11:18:59,835: topic[/tf] removing connection to http://sandtray-hrilab:45567/
[rospy.internal][WARNING] 2017-06-08 11:18:59,836: Unknown error initiating TCP/IP socket to sandtray-hrilab:55092 (http://sandtray-hrilab:45567/): Traceback (most recent call last):
  File "/opt/ros/kinetic/lib/python2.7/dist-packages/rospy/impl/tcpros_base.py", line 558, in connect
    self.local_endpoint = self.socket.getsockname()
AttributeError: 'NoneType' object has no attribute 'getsockname'

[rospy.internal][INFO] 2017-06-08 11:18:59,836: topic[/tf] removing connection to http://sandtray-hrilab:44149/
[rospy.impl.masterslave][INFO] 2017-06-08 11:18:59,836: signal-2
[rospy.internal][WARNING] 2017-06-08 11:18:59,836: Unknown error initiating TCP/IP socket to sandtray-hrilab:57765 (http://sandtray-hrilab:44149/): Traceback (most recent call last):
  File "/opt/ros/kinetic/lib/python2.7/dist-packages/rospy/impl/tcpros_base.py", line 558, in connect
    self.local_endpoint = self.socket.getsockname()
AttributeError: 'NoneType' object has no attribute 'getsockname'

[rospy.core][INFO] 2017-06-08 11:18:59,968: signal_shutdown [atexit]
