[INFO] [1499770728.080189]: /move_sandbox_items: Received a request to move hippo to 0.57, -0.18. Let's do that
[INFO] [1499770728.080828]: Moving hippo to -0.01,-0.06
[INFO] [1499770728.081082]: Requesting a plan...
[INFO] [1499770728.252590]: Received trajectory! As requested, waiting -0.026389565s before starting...
[INFO] [1499770728.252951]: Waiting a bit more (0.0s) to give the robot time to prepare...
[INFO] [1499770728.253330]: Starting to play trajectory!
[INFO] [1499770728.253871]: Done 0%
[INFO] [1499770728.354879]: Done 4%
[INFO] [1499770728.455814]: Done 9%
[INFO] [1499770728.556683]: Done 13%
[INFO] [1499770728.657473]: Done 18%
[INFO] [1499770728.758296]: Done 22%
[INFO] [1499770728.859234]: Done 27%
[INFO] [1499770728.960491]: Done 31%
[INFO] [1499770729.061961]: Done 36%
[INFO] [1499770729.163423]: Done 40%
[INFO] [1499770729.264665]: Done 45%
[INFO] [1499770729.366241]: Done 50%
[INFO] [1499770729.467815]: Done 54%
[INFO] [1499770729.568685]: Done 59%
[INFO] [1499770729.669430]: Done 63%
[INFO] [1499770729.770291]: Done 68%
[INFO] [1499770729.871259]: Done 72%
[INFO] [1499770729.972313]: Done 77%
[INFO] [1499770730.073160]: Done 81%
[INFO] [1499770730.173972]: Done 86%
[INFO] [1499770730.275230]: Done 90%
[INFO] [1499770730.376868]: /move_sandbox_items: Succeeded
[INFO] [1499770731.944105]: /move_sandbox_items: Received a request to move hippo to 0.57, -0.18. Let's do that
[INFO] [1499770731.944879]: Moving hippo to -0.04,-0.04
[INFO] [1499770731.945116]: Requesting a plan...
[INFO] [1499770732.056703]: Received trajectory! As requested, waiting -0.030608204s before starting...
[INFO] [1499770732.057016]: Waiting a bit more (0.0s) to give the robot time to prepare...
[INFO] [1499770732.057303]: Starting to play trajectory!
[INFO] [1499770732.057753]: Done 0%
[INFO] [1499770732.158567]: Done 8%
[INFO] [1499770732.259436]: Done 16%
[INFO] [1499770732.360454]: Done 25%
[INFO] [1499770732.461280]: Done 33%
[INFO] [1499770732.562224]: Done 41%
[INFO] [1499770732.663410]: Done 50%
[INFO] [1499770732.764487]: Done 58%
[INFO] [1499770732.865376]: Done 66%
[INFO] [1499770732.966217]: Done 75%
[INFO] [1499770733.067172]: Done 83%
[INFO] [1499770733.168145]: /move_sandbox_items: Succeeded
[INFO] [1499770735.640755]: /move_sandbox_items: Received a request to move crocodile to 0.57, -0.18. Let's do that
[INFO] [1499770735.641488]: Moving crocodile to -0.03,-0.01
[INFO] [1499770735.641788]: Requesting a plan...
[INFO] [1499770735.864126]: Received trajectory! As requested, waiting -0.037848895s before starting...
[INFO] [1499770735.864533]: Waiting a bit more (0.0s) to give the robot time to prepare...
[INFO] [1499770735.864809]: Starting to play trajectory!
[INFO] [1499770735.865446]: Done 0%
[INFO] [1499770735.966382]: Done 16%
[INFO] [1499770736.067498]: Done 33%
[INFO] [1499770736.168314]: Done 50%
[INFO] [1499770736.269484]: Done 66%
[INFO] [1499770736.370507]: /move_sandbox_items: Succeeded
[INFO] [1499770738.206855]: /move_sandbox_items: Received a request to move giraffe to 0.49, -0.06. Let's do that
[INFO] [1499770738.208521]: Moving giraffe to -0.07,0.09
[INFO] [1499770738.209108]: Requesting a plan...
[INFO] [1499770738.228293]: Received trajectory! As requested, waiting -0.002120305s before starting...
[INFO] [1499770738.228817]: Waiting a bit more (0.0s) to give the robot time to prepare...
[INFO] [1499770738.229133]: Starting to play trajectory!
[INFO] [1499770738.229949]: Done 0%
[INFO] [1499770738.330749]: Done 1%
[INFO] [1499770738.431752]: Done 2%
[INFO] [1499770738.532653]: Done 4%
[INFO] [1499770738.634789]: Done 5%
[INFO] [1499770738.735957]: Done 7%
[INFO] [1499770738.836830]: Done 8%
[INFO] [1499770738.937953]: Done 10%
[INFO] [1499770739.038925]: Done 11%
[INFO] [1499770739.140564]: Done 13%
[INFO] [1499770739.241670]: Done 14%
[INFO] [1499770739.342829]: Done 16%
[INFO] [1499770739.443893]: Done 17%
[INFO] [1499770739.545015]: Done 19%
[INFO] [1499770739.645918]: Done 20%
[INFO] [1499770739.746922]: Done 22%
[INFO] [1499770739.847965]: Done 23%
[INFO] [1499770739.949037]: Done 25%
[INFO] [1499770740.050059]: Done 26%
[INFO] [1499770740.153283]: Done 27%
[INFO] [1499770740.254476]: Done 29%
[INFO] [1499770740.355564]: Done 30%
[INFO] [1499770740.456701]: Done 32%
[INFO] [1499770740.557771]: Done 33%
[INFO] [1499770740.658847]: Done 35%
[INFO] [1499770740.760602]: Done 36%
[INFO] [1499770740.861668]: Done 38%
[INFO] [1499770740.962843]: Done 39%
[INFO] [1499770741.064169]: Done 41%
[INFO] [1499770741.165976]: Done 42%
[INFO] [1499770741.267151]: Done 44%
[INFO] [1499770741.368331]: Done 45%
[INFO] [1499770741.469794]: Done 47%
[INFO] [1499770741.570847]: Done 48%
[INFO] [1499770741.671925]: Done 50%
[INFO] [1499770741.773088]: Done 51%
[INFO] [1499770741.874272]: Done 52%
[INFO] [1499770741.975321]: Done 54%
[INFO] [1499770742.076284]: Done 55%
[INFO] [1499770742.177291]: Done 57%
[INFO] [1499770742.280290]: Done 58%
[INFO] [1499770742.381690]: Done 60%
[INFO] [1499770742.483034]: Done 61%
[INFO] [1499770742.584056]: Done 63%
[INFO] [1499770742.685109]: Done 64%
[INFO] [1499770742.786000]: Done 66%
[INFO] [1499770742.886922]: Done 67%
[INFO] [1499770742.987731]: Done 69%
[INFO] [1499770743.088538]: Done 70%
[INFO] [1499770743.189414]: Done 72%
[INFO] [1499770743.290329]: Done 73%
[INFO] [1499770743.391303]: Done 75%
[INFO] [1499770743.492607]: Done 76%
[INFO] [1499770743.593622]: Done 77%
[INFO] [1499770743.694700]: Done 79%
[INFO] [1499770743.795719]: Done 80%
[INFO] [1499770743.896707]: Done 82%
[INFO] [1499770743.997702]: Done 83%
[INFO] [1499770744.098855]: Done 85%
[INFO] [1499770744.199956]: Done 86%
[INFO] [1499770744.301582]: Done 88%
[INFO] [1499770744.402477]: Done 89%
[INFO] [1499770744.503420]: Done 91%
[INFO] [1499770744.604449]: Done 92%
[INFO] [1499770744.705457]: Done 94%
[INFO] [1499770744.806404]: Done 95%
[INFO] [1499770744.907490]: Done 97%
[INFO] [1499770745.008872]: /move_sandbox_items: Succeeded
[INFO] [1499770747.445770]: /move_sandbox_items: Received a request to move hippo to 0.57, -0.18. Let's do that
[INFO] [1499770747.446614]: Moving hippo to 0.01,-0.04
[INFO] [1499770747.446946]: Requesting a plan...
[INFO] [1499770747.627138]: Received trajectory! As requested, waiting -0.000391768s before starting...
[INFO] [1499770747.627586]: Waiting a bit more (0.0s) to give the robot time to prepare...
[INFO] [1499770747.628143]: Starting to play trajectory!
[INFO] [1499770747.628630]: Done 0%
[INFO] [1499770747.729527]: Done 12%
[INFO] [1499770747.830484]: Done 25%
[INFO] [1499770747.931436]: Done 37%
[INFO] [1499770748.032339]: Done 50%
[INFO] [1499770748.133388]: Done 62%
[INFO] [1499770748.234408]: Done 75%
[INFO] [1499770748.335578]: /move_sandbox_items: Succeeded
[INFO] [1499770750.640767]: /move_sandbox_items: Received a request to move lion to 0.49, -0.06. Let's do that
[INFO] [1499770750.641457]: Moving lion to 0.07,-0.03
[INFO] [1499770750.641716]: Requesting a plan...
[INFO] [1499770750.826698]: Received trajectory! As requested, waiting -0.000412243s before starting...
[INFO] [1499770750.827033]: Waiting a bit more (0.0s) to give the robot time to prepare...
[INFO] [1499770750.827315]: Starting to play trajectory!
[INFO] [1499770750.827789]: Done 0%
[INFO] [1499770750.928777]: Done 7%
[INFO] [1499770751.029741]: Done 14%
[INFO] [1499770751.130814]: Done 21%
[INFO] [1499770751.231722]: Done 28%
[INFO] [1499770751.332711]: Done 35%
[INFO] [1499770751.433574]: Done 42%
[INFO] [1499770751.534464]: Done 50%
[INFO] [1499770751.636047]: Done 57%
[INFO] [1499770751.736969]: Done 64%
[INFO] [1499770751.838277]: Done 71%
[INFO] [1499770751.939947]: Done 78%
[INFO] [1499770752.040764]: Done 85%
[INFO] [1499770752.141855]: /move_sandbox_items: Succeeded
[INFO] [1499770754.162347]: /move_sandbox_items: Received a request to move giraffe to 0.49, -0.06. Let's do that
[INFO] [1499770754.163059]: Moving giraffe to -0.09,0.08
[INFO] [1499770754.163376]: Requesting a plan...
[INFO] [1499770754.274300]: Received trajectory! As requested, waiting -0.047701101s before starting...
[INFO] [1499770754.274692]: Waiting a bit more (0.0s) to give the robot time to prepare...
[INFO] [1499770754.274949]: Starting to play trajectory!
[INFO] [1499770754.275468]: Done 0%
[INFO] [1499770754.376573]: Done 1%
[INFO] [1499770754.477791]: Done 3%
[INFO] [1499770754.578906]: Done 5%
[INFO] [1499770754.679970]: Done 7%
[INFO] [1499770754.781023]: Done 9%
[INFO] [1499770754.882106]: Done 11%
[INFO] [1499770754.983286]: Done 13%
[INFO] [1499770755.084369]: Done 15%
[INFO] [1499770755.185630]: Done 17%
[INFO] [1499770755.286759]: Done 19%
[INFO] [1499770755.387902]: Done 21%
[INFO] [1499770755.490837]: Done 23%
[INFO] [1499770755.592331]: Done 25%
[INFO] [1499770755.693781]: Done 27%
[INFO] [1499770755.794914]: Done 29%
[INFO] [1499770755.896082]: Done 31%
[INFO] [1499770755.997217]: Done 33%
[INFO] [1499770756.098536]: Done 35%
[INFO] [1499770756.200165]: Done 37%
[INFO] [1499770756.301426]: Done 39%
[INFO] [1499770756.402440]: Done 41%
[INFO] [1499770756.503495]: Done 43%
[INFO] [1499770756.604372]: Done 45%
[INFO] [1499770756.705381]: Done 47%
[INFO] [1499770756.807426]: Done 49%
[INFO] [1499770756.908427]: Done 50%
[INFO] [1499770757.009316]: Done 52%
[INFO] [1499770757.110315]: Done 54%
[INFO] [1499770757.211309]: Done 56%
[INFO] [1499770757.312250]: Done 58%
[INFO] [1499770757.413331]: Done 60%
[INFO] [1499770757.514317]: Done 62%
[INFO] [1499770757.615283]: Done 64%
[INFO] [1499770757.716473]: Done 66%
[INFO] [1499770757.817479]: Done 68%
[INFO] [1499770757.919059]: Done 70%
[INFO] [1499770758.020070]: Done 72%
[INFO] [1499770758.121656]: Done 74%
[INFO] [1499770758.222922]: Done 76%
[INFO] [1499770758.324046]: Done 78%
[INFO] [1499770758.425124]: Done 80%
[INFO] [1499770758.526222]: Done 82%
[INFO] [1499770758.627154]: Done 84%
[INFO] [1499770758.728380]: Done 86%
[INFO] [1499770758.829384]: Done 88%
[INFO] [1499770758.930355]: Done 90%
[INFO] [1499770759.031361]: Done 92%
[INFO] [1499770759.132341]: Done 94%
[INFO] [1499770759.233422]: Done 96%
[INFO] [1499770759.334507]: /move_sandbox_items: Succeeded
[INFO] [1499770761.138325]: /move_sandbox_items: Received a request to move crocodile to 0.57, -0.18. Let's do that
[INFO] [1499770761.139087]: Moving crocodile to 0.05,0.00
[INFO] [1499770761.139453]: Requesting a plan...
[INFO] [1499770761.261779]: Received trajectory! As requested, waiting -0.035285317s before starting...
[INFO] [1499770761.262201]: Waiting a bit more (0.0s) to give the robot time to prepare...
[INFO] [1499770761.262915]: Starting to play trajectory!
[INFO] [1499770761.264157]: Done 0%
[INFO] [1499770761.365082]: Done 5%
[INFO] [1499770761.466212]: Done 10%
[INFO] [1499770761.567205]: Done 15%
[INFO] [1499770761.668166]: Done 21%
[INFO] [1499770761.769006]: Done 26%
[INFO] [1499770761.870109]: Done 31%
[INFO] [1499770761.971107]: Done 36%
[INFO] [1499770762.072348]: Done 42%
[INFO] [1499770762.173807]: Done 47%
[INFO] [1499770762.274777]: Done 52%
[INFO] [1499770762.375970]: Done 57%
[INFO] [1499770762.476866]: Done 63%
[INFO] [1499770762.577815]: Done 68%
[INFO] [1499770762.678878]: Done 73%
[INFO] [1499770762.779798]: Done 78%
[INFO] [1499770762.880907]: Done 84%
[INFO] [1499770762.981972]: Done 89%
[INFO] [1499770763.083888]: /move_sandbox_items: Succeeded
[INFO] [1499770764.587651]: /move_sandbox_items: Received a request to move hippo to 0.57, -0.18. Let's do that
[INFO] [1499770764.588644]: Moving hippo to -0.02,0.02
[INFO] [1499770764.589002]: Requesting a plan...
[INFO] [1499770764.637529]: Received trajectory! As requested, waiting -0.011134814s before starting...
[INFO] [1499770764.638693]: Waiting a bit more (0.0s) to give the robot time to prepare...
[INFO] [1499770764.638984]: Starting to play trajectory!
[INFO] [1499770764.639473]: Done 0%
[INFO] [1499770764.740352]: Done 14%
[INFO] [1499770764.841196]: Done 28%
[INFO] [1499770764.942194]: Done 42%
[INFO] [1499770765.043055]: Done 57%
[INFO] [1499770765.144277]: Done 71%
[INFO] [1499770765.245280]: /move_sandbox_items: Succeeded
[INFO] [1499770766.656673]: /move_sandbox_items: Received a request to move crocodile to 0.57, -0.18. Let's do that
[INFO] [1499770766.657297]: Moving crocodile to -0.02,0.01
[INFO] [1499770766.657576]: Requesting a plan...
[INFO] [1499770766.860029]: Received trajectory! As requested, waiting -0.03378723s before starting...
[INFO] [1499770766.860576]: Waiting a bit more (0.0s) to give the robot time to prepare...
[INFO] [1499770766.860935]: Starting to play trajectory!
[INFO] [1499770766.861478]: Done 0%
[INFO] [1499770766.962689]: Done 4%
[INFO] [1499770767.063843]: Done 8%
[INFO] [1499770767.165064]: Done 13%
[INFO] [1499770767.266126]: Done 17%
[INFO] [1499770767.367213]: Done 21%
[INFO] [1499770767.468352]: Done 26%
[INFO] [1499770767.569316]: Done 30%
[INFO] [1499770767.670283]: Done 34%
[INFO] [1499770767.771244]: Done 39%
[INFO] [1499770767.872537]: Done 43%
[INFO] [1499770767.973661]: Done 47%
[INFO] [1499770768.074769]: Done 52%
[INFO] [1499770768.175694]: Done 56%
[INFO] [1499770768.277192]: Done 60%
[INFO] [1499770768.379343]: Done 65%
[INFO] [1499770768.480654]: Done 69%
[INFO] [1499770768.581943]: Done 73%
[INFO] [1499770768.683115]: Done 78%
[INFO] [1499770768.784482]: Done 82%
[INFO] [1499770768.885522]: Done 86%
[INFO] [1499770768.986601]: Done 91%
[INFO] [1499770769.088142]: /move_sandbox_items: Succeeded
[INFO] [1499770771.408524]: /move_sandbox_items: Received a request to move caravan to 0.49, -0.06. Let's do that
[INFO] [1499770771.409360]: Moving caravan to 0.02,-0.04
[INFO] [1499770771.409641]: Requesting a plan...
[INFO] [1499770771.468466]: Received trajectory! As requested, waiting -0.042088497s before starting...
[INFO] [1499770771.468874]: Waiting a bit more (0.0s) to give the robot time to prepare...
[INFO] [1499770771.469179]: Starting to play trajectory!
[INFO] [1499770771.470279]: Done 0%
[INFO] [1499770771.571331]: Done 11%
[INFO] [1499770771.672242]: Done 22%
[INFO] [1499770771.773255]: Done 33%
[INFO] [1499770771.874393]: Done 44%
[INFO] [1499770771.975321]: Done 55%
[INFO] [1499770772.076375]: Done 66%
[INFO] [1499770772.177455]: Done 77%
[INFO] [1499770772.278758]: /move_sandbox_items: Succeeded
[INFO] [1499770822.657993]: /move_sandbox_items: Received a request to move ball to 0.06, -0.06. Let's do that
[INFO] [1499770822.658850]: Moving ball to -0.09,0.23
[INFO] [1499770822.659195]: Requesting a plan...
[INFO] [1499770822.827153]: Received trajectory! As requested, waiting -0.000940671s before starting...
[INFO] [1499770822.827581]: Waiting a bit more (0.0s) to give the robot time to prepare...
[INFO] [1499770822.828179]: Starting to play trajectory!
[INFO] [1499770822.828772]: Done 0%
[INFO] [1499770822.929482]: Done 2%
[INFO] [1499770823.030229]: Done 4%
[INFO] [1499770823.131373]: Done 6%
[INFO] [1499770823.232156]: Done 8%
[INFO] [1499770823.333091]: Done 10%
[INFO] [1499770823.433992]: Done 13%
[INFO] [1499770823.534876]: Done 15%
[INFO] [1499770823.635710]: Done 17%
[INFO] [1499770823.736679]: Done 19%
[INFO] [1499770823.837691]: Done 21%
[INFO] [1499770823.938799]: Done 23%
[INFO] [1499770824.040330]: Done 26%
[INFO] [1499770824.141482]: Done 28%
[INFO] [1499770824.243149]: Done 30%
[INFO] [1499770824.344140]: Done 32%
[INFO] [1499770824.445512]: Done 34%
[INFO] [1499770824.546408]: Done 36%
[INFO] [1499770824.647406]: Done 39%
[INFO] [1499770824.748244]: Done 41%
[INFO] [1499770824.849318]: Done 43%
[INFO] [1499770824.950454]: Done 45%
[INFO] [1499770825.051781]: Done 47%
[INFO] [1499770825.153221]: Done 50%
[INFO] [1499770825.254114]: Done 52%
[INFO] [1499770825.354988]: Done 54%
[INFO] [1499770825.455824]: Done 56%
[INFO] [1499770825.556678]: Done 58%
[INFO] [1499770825.657592]: Done 60%
[INFO] [1499770825.758532]: Done 63%
[INFO] [1499770825.859377]: Done 65%
[INFO] [1499770825.960193]: Done 67%
[INFO] [1499770826.061026]: Done 69%
[INFO] [1499770826.161926]: Done 71%
[INFO] [1499770826.262920]: Done 73%
[INFO] [1499770826.363920]: Done 76%
[INFO] [1499770826.464705]: Done 78%
[INFO] [1499770826.565664]: Done 80%
[INFO] [1499770826.668053]: Done 82%
[INFO] [1499770826.769033]: Done 84%
[INFO] [1499770826.870290]: Done 86%
[INFO] [1499770826.971309]: Done 89%
[INFO] [1499770827.072411]: Done 91%
[INFO] [1499770827.173770]: Done 93%
[INFO] [1499770827.275472]: Done 95%
[INFO] [1499770827.376622]: /move_sandbox_items: Succeeded
[INFO] [1499770830.485948]: /move_sandbox_items: Received a request to move ball to 0.49, -0.06. Let's do that
[INFO] [1499770830.486670]: Moving ball to 0.05,-0.33
[INFO] [1499770830.487025]: Requesting a plan...
[INFO] [1499770830.628061]: Received trajectory! As requested, waiting -0.001635582s before starting...
[INFO] [1499770830.628471]: Waiting a bit more (0.0s) to give the robot time to prepare...
[INFO] [1499770830.628740]: Starting to play trajectory!
[INFO] [1499770830.629372]: Done 0%
[INFO] [1499770830.730468]: Done 1%
[INFO] [1499770830.831587]: Done 2%
[INFO] [1499770830.932632]: Done 4%
[INFO] [1499770831.034460]: Done 5%
[INFO] [1499770831.135815]: Done 7%
[INFO] [1499770831.236946]: Done 8%
[INFO] [1499770831.338122]: Done 10%
[INFO] [1499770831.439209]: Done 11%
[INFO] [1499770831.540301]: Done 13%
[INFO] [1499770831.642196]: Done 14%
[INFO] [1499770831.743196]: Done 16%
[INFO] [1499770831.844190]: Done 17%
[INFO] [1499770831.945287]: Done 19%
[INFO] [1499770832.046249]: Done 20%
[INFO] [1499770832.147180]: Done 22%
[INFO] [1499770832.248101]: Done 23%
[INFO] [1499770832.349269]: Done 25%
[INFO] [1499770832.450339]: Done 26%
[INFO] [1499770832.552266]: Done 28%
[INFO] [1499770832.653490]: Done 29%
[INFO] [1499770832.754573]: Done 31%
[INFO] [1499770832.855500]: Done 32%
[INFO] [1499770832.956468]: Done 34%
[INFO] [1499770833.057459]: Done 35%
[INFO] [1499770833.159010]: Done 37%
[INFO] [1499770833.260225]: Done 38%
[INFO] [1499770833.361436]: Done 40%
[INFO] [1499770833.462279]: Done 41%
[INFO] [1499770833.563459]: Done 43%
[INFO] [1499770833.664643]: Done 44%
[INFO] [1499770833.765758]: Done 46%
[INFO] [1499770833.866689]: Done 47%
[INFO] [1499770833.967608]: Done 49%
[INFO] [1499770834.068481]: Done 50%
[INFO] [1499770834.170119]: Done 52%
[INFO] [1499770834.271141]: Done 53%
[INFO] [1499770834.372331]: Done 55%
[INFO] [1499770834.473385]: Done 56%
[INFO] [1499770834.574335]: Done 58%
[INFO] [1499770834.675191]: Done 59%
[INFO] [1499770834.776094]: Done 61%
[INFO] [1499770834.877045]: Done 62%
[INFO] [1499770834.978148]: Done 64%
[INFO] [1499770835.079253]: Done 65%
[INFO] [1499770835.180373]: Done 67%
[INFO] [1499770835.281465]: Done 68%
[INFO] [1499770835.382468]: Done 70%
[INFO] [1499770835.483401]: Done 71%
[INFO] [1499770835.584456]: Done 73%
[INFO] [1499770835.685457]: Done 74%
[INFO] [1499770835.786465]: Done 76%
[INFO] [1499770835.887821]: Done 77%
[INFO] [1499770835.988967]: Done 79%
[INFO] [1499770836.089902]: Done 80%
[INFO] [1499770836.190926]: Done 82%
[INFO] [1499770836.292091]: Done 83%
[INFO] [1499770836.394993]: Done 85%
[INFO] [1499770836.495995]: Done 86%
[INFO] [1499770836.597080]: Done 88%
[INFO] [1499770836.698195]: Done 89%
[INFO] [1499770836.799521]: Done 91%
[INFO] [1499770836.901011]: Done 92%
[INFO] [1499770837.002140]: Done 94%
[INFO] [1499770837.103421]: Done 95%
[INFO] [1499770837.204480]: Done 97%
[INFO] [1499770837.305886]: /move_sandbox_items: Succeeded
[INFO] [1499770838.673329]: /move_sandbox_items: Received a request to move lion to 0.49, -0.06. Let's do that
[INFO] [1499770838.674305]: Moving lion to 0.08,-0.03
[INFO] [1499770838.674744]: Requesting a plan...
[INFO] [1499770838.841370]: Received trajectory! As requested, waiting -0.014912124s before starting...
[INFO] [1499770838.841895]: Waiting a bit more (0.0s) to give the robot time to prepare...
[INFO] [1499770838.842319]: Starting to play trajectory!
[INFO] [1499770838.843007]: Done 0%
[INFO] [1499770838.945673]: Done 4%
[INFO] [1499770839.047080]: Done 9%
[INFO] [1499770839.148747]: Done 13%
[INFO] [1499770839.249752]: Done 18%
[INFO] [1499770839.350930]: Done 22%
[INFO] [1499770839.452005]: Done 27%
[INFO] [1499770839.552982]: Done 31%
[INFO] [1499770839.654743]: Done 36%
[INFO] [1499770839.755786]: Done 40%
[INFO] [1499770839.856783]: Done 45%
[INFO] [1499770839.957724]: Done 50%
[INFO] [1499770840.058857]: Done 54%
[INFO] [1499770840.159909]: Done 59%
[INFO] [1499770840.260906]: Done 63%
[INFO] [1499770840.361962]: Done 68%
[INFO] [1499770840.464481]: Done 72%
[INFO] [1499770840.565554]: Done 77%
[INFO] [1499770840.666780]: Done 81%
[INFO] [1499770840.767736]: Done 86%
[INFO] [1499770840.868707]: Done 90%
[INFO] [1499770840.969840]: /move_sandbox_items: Succeeded
[INFO] [1499770842.774729]: /move_sandbox_items: Received a request to move caravan to 0.06, -0.06. Let's do that
[INFO] [1499770842.776274]: Moving caravan to -0.31,-0.33
[INFO] [1499770842.776762]: Requesting a plan...
[INFO] [1499770842.828222]: Received trajectory! As requested, waiting -0.002008323s before starting...
[INFO] [1499770842.828854]: Waiting a bit more (0.0s) to give the robot time to prepare...
[INFO] [1499770842.829223]: Starting to play trajectory!
[INFO] [1499770842.829819]: Done 0%
[INFO] [1499770842.930848]: Done 1%
[INFO] [1499770843.031915]: Done 2%
[INFO] [1499770843.132879]: Done 3%
[INFO] [1499770843.234089]: Done 4%
[INFO] [1499770843.335150]: Done 5%
[INFO] [1499770843.436030]: Done 6%
[INFO] [1499770843.536917]: Done 7%
[INFO] [1499770843.638101]: Done 8%
[INFO] [1499770843.739120]: Done 9%
[INFO] [1499770843.840569]: Done 10%
[INFO] [1499770843.941597]: Done 12%
[INFO] [1499770844.042664]: Done 13%
[INFO] [1499770844.143791]: Done 14%
[INFO] [1499770844.245402]: Done 15%
[INFO] [1499770844.346812]: Done 16%
[INFO] [1499770844.448115]: Done 17%
[INFO] [1499770844.549443]: Done 18%
[INFO] [1499770844.650793]: Done 19%
[INFO] [1499770844.752136]: Done 20%
[INFO] [1499770844.853216]: Done 21%
[INFO] [1499770844.954135]: Done 23%
[INFO] [1499770845.055224]: Done 24%
[INFO] [1499770845.156324]: Done 25%
[INFO] [1499770845.257493]: Done 26%
[INFO] [1499770845.359483]: Done 27%
[INFO] [1499770845.460596]: Done 28%
[INFO] [1499770845.561540]: Done 29%
[INFO] [1499770845.662640]: Done 30%
[INFO] [1499770845.764596]: Done 31%
[INFO] [1499770845.868735]: Done 32%
[INFO] [1499770845.969788]: Done 34%
[INFO] [1499770846.070906]: Done 35%
[INFO] [1499770846.172180]: Done 36%
[INFO] [1499770846.273767]: Done 37%
[INFO] [1499770846.374835]: Done 38%
[INFO] [1499770846.476362]: Done 39%
[INFO] [1499770846.577450]: Done 40%
[INFO] [1499770846.678573]: Done 41%
[INFO] [1499770846.779854]: Done 42%
[INFO] [1499770846.881081]: Done 43%
[INFO] [1499770846.982078]: Done 45%
[INFO] [1499770847.084151]: Done 46%
[INFO] [1499770847.185313]: Done 47%
[INFO] [1499770847.287514]: Done 48%
[INFO] [1499770847.388610]: Done 49%
[INFO] [1499770847.492116]: Done 50%
[INFO] [1499770847.593328]: Done 51%
[INFO] [1499770847.694544]: Done 52%
[INFO] [1499770847.795561]: Done 53%
[INFO] [1499770847.896465]: Done 54%
[INFO] [1499770847.997423]: Done 56%
[INFO] [1499770848.099044]: Done 57%
[INFO] [1499770848.200251]: Done 58%
[INFO] [1499770848.301346]: Done 59%
[INFO] [1499770848.402509]: Done 60%
[INFO] [1499770848.503661]: Done 61%
[INFO] [1499770848.604925]: Done 62%
[INFO] [1499770848.706106]: Done 63%
[INFO] [1499770848.807206]: Done 64%
[INFO] [1499770848.908217]: Done 65%
[INFO] [1499770849.009232]: Done 67%
[INFO] [1499770849.110361]: Done 68%
[INFO] [1499770849.211491]: Done 69%
[INFO] [1499770849.312734]: Done 70%
[INFO] [1499770849.415114]: Done 71%
[INFO] [1499770849.516126]: Done 72%
[INFO] [1499770849.617377]: Done 73%
[INFO] [1499770849.718735]: Done 74%
[INFO] [1499770849.820143]: Done 75%
[INFO] [1499770849.921361]: Done 76%
[INFO] [1499770850.022475]: Done 78%
[INFO] [1499770850.123424]: Done 79%
[INFO] [1499770850.224532]: Done 80%
[INFO] [1499770850.325948]: Done 81%
[INFO] [1499770850.427789]: Done 82%
[INFO] [1499770850.528990]: Done 83%
[INFO] [1499770850.630022]: Done 84%
[INFO] [1499770850.731576]: Done 85%
[INFO] [1499770850.925808]: Done 86%
[INFO] [1499770851.026749]: Done 87%
[INFO] [1499770851.129078]: Done 89%
[INFO] [1499770851.230097]: Done 90%
[INFO] [1499770851.331591]: Done 91%
[INFO] [1499770851.432908]: Done 92%
[INFO] [1499770851.533966]: Done 93%
[INFO] [1499770851.635661]: Done 94%
[INFO] [1499770851.736804]: Done 95%
[INFO] [1499770851.838148]: Done 96%
[INFO] [1499770851.939753]: Done 97%
[INFO] [1499770852.041015]: /move_sandbox_items: Succeeded
[INFO] [1499770853.308784]: /move_sandbox_items: Received a request to move girl to 0.21, -0.07. Let's do that
[INFO] [1499770853.309483]: Moving girl to 0.04,0.11
[INFO] [1499770853.309787]: Requesting a plan...
[INFO] [1499770853.427129]: Received trajectory! As requested, waiting -0.000768675s before starting...
[INFO] [1499770853.427615]: Waiting a bit more (0.0s) to give the robot time to prepare...
[INFO] [1499770853.427903]: Starting to play trajectory!
[INFO] [1499770853.428311]: Done 0%
[INFO] [1499770853.529109]: Done 4%
[INFO] [1499770853.629946]: Done 8%
[INFO] [1499770853.730869]: Done 13%
[INFO] [1499770853.831766]: Done 17%
[INFO] [1499770853.932773]: Done 21%
[INFO] [1499770854.033898]: Done 26%
[INFO] [1499770854.134902]: Done 30%
[INFO] [1499770854.236281]: Done 34%
[INFO] [1499770854.337232]: Done 39%
[INFO] [1499770854.438145]: Done 43%
[INFO] [1499770854.539346]: Done 47%
[INFO] [1499770854.640514]: Done 52%
[INFO] [1499770854.741611]: Done 56%
[INFO] [1499770854.842602]: Done 60%
[INFO] [1499770854.943828]: Done 65%
[INFO] [1499770855.044786]: Done 69%
[INFO] [1499770855.146257]: Done 73%
[INFO] [1499770855.247441]: Done 78%
[INFO] [1499770855.349277]: Done 82%
[INFO] [1499770855.450915]: Done 86%
[INFO] [1499770855.551741]: Done 91%
[INFO] [1499770855.652808]: /move_sandbox_items: Succeeded
[INFO] [1499770857.119404]: /move_sandbox_items: Received a request to move giraffe to 0.49, -0.06. Let's do that
[INFO] [1499770857.120477]: Moving giraffe to 0.04,0.07
[INFO] [1499770857.120848]: Requesting a plan...
[INFO] [1499770857.226968]: Received trajectory! As requested, waiting -0.000575173s before starting...
[INFO] [1499770857.227619]: Waiting a bit more (0.0s) to give the robot time to prepare...
[INFO] [1499770857.227902]: Starting to play trajectory!
[INFO] [1499770857.228471]: Done 0%
[INFO] [1499770857.329397]: Done 5%
[INFO] [1499770857.430294]: Done 11%
[INFO] [1499770857.531305]: Done 17%
[INFO] [1499770857.632355]: Done 23%
[INFO] [1499770857.733519]: Done 29%
[INFO] [1499770857.834724]: Done 35%
[INFO] [1499770857.935759]: Done 41%
[INFO] [1499770858.036713]: Done 47%
[INFO] [1499770858.137812]: Done 52%
[INFO] [1499770858.238797]: Done 58%
[INFO] [1499770858.339893]: Done 64%
[INFO] [1499770858.441127]: Done 70%
[INFO] [1499770858.542172]: Done 76%
[INFO] [1499770858.643097]: Done 82%
[INFO] [1499770858.744169]: Done 88%
[INFO] [1499770858.846029]: /move_sandbox_items: Succeeded
[INFO] [1499770860.950692]: /move_sandbox_items: Received a request to move crocodile to 0.57, -0.18. Let's do that
[INFO] [1499770860.951425]: Moving crocodile to 0.09,-0.03
[INFO] [1499770860.951768]: Requesting a plan...
[INFO] [1499770861.030351]: Received trajectory! As requested, waiting -0.000712891s before starting...
[INFO] [1499770861.031086]: Waiting a bit more (0.0s) to give the robot time to prepare...
[INFO] [1499770861.031399]: Starting to play trajectory!
[INFO] [1499770861.032536]: Done 0%
[INFO] [1499770861.133769]: Done 4%
[INFO] [1499770861.234978]: Done 9%
[INFO] [1499770861.336299]: Done 14%
[INFO] [1499770861.437481]: Done 19%
[INFO] [1499770861.539434]: Done 23%
[INFO] [1499770861.641080]: Done 28%
[INFO] [1499770861.742370]: Done 33%
[INFO] [1499770861.843695]: Done 38%
[INFO] [1499770861.945094]: Done 42%
[INFO] [1499770862.046475]: Done 47%
[INFO] [1499770862.147760]: Done 52%
[INFO] [1499770862.248884]: Done 57%
[INFO] [1499770862.350425]: Done 61%
[INFO] [1499770862.451526]: Done 66%
[INFO] [1499770862.552776]: Done 71%
[INFO] [1499770862.654303]: Done 76%
[INFO] [1499770862.755726]: Done 80%
[INFO] [1499770862.856776]: Done 85%
[INFO] [1499770862.957992]: Done 90%
[INFO] [1499770863.059254]: /move_sandbox_items: Succeeded
[INFO] [1499770864.662950]: /move_sandbox_items: Received a request to move elephant to 0.36, -0.24. Let's do that
[INFO] [1499770864.663721]: Moving elephant to -0.01,0.03
[INFO] [1499770864.664016]: Requesting a plan...
[INFO] [1499770864.826667]: Received trajectory! As requested, waiting -0.000373671s before starting...
[INFO] [1499770864.827179]: Waiting a bit more (0.0s) to give the robot time to prepare...
[INFO] [1499770864.827601]: Starting to play trajectory!
[INFO] [1499770864.828207]: Done 0%
[INFO] [1499770864.929305]: Done 12%
[INFO] [1499770865.030836]: Done 25%
[INFO] [1499770865.132024]: Done 37%
[INFO] [1499770865.233102]: Done 50%
[INFO] [1499770865.334944]: Done 62%
[INFO] [1499770865.441374]: Done 75%
[INFO] [1499770865.543147]: /move_sandbox_items: Succeeded
[INFO] [1499770867.883770]: /move_sandbox_items: Received a request to move ball to 0.49, -0.06. Let's do that
[INFO] [1499770867.884562]: Moving ball to 0.20,-0.06
[INFO] [1499770867.885335]: Requesting a plan...
[INFO] [1499770868.064679]: Received trajectory! As requested, waiting -0.037784976s before starting...
[INFO] [1499770868.065157]: Waiting a bit more (0.0s) to give the robot time to prepare...
[INFO] [1499770868.065492]: Starting to play trajectory!
[INFO] [1499770868.066081]: Done 0%
[INFO] [1499770868.167571]: Done 2%
[INFO] [1499770868.269474]: Done 4%
[INFO] [1499770868.371618]: Done 6%
[INFO] [1499770868.472611]: Done 8%
[INFO] [1499770868.573972]: Done 10%
[INFO] [1499770868.676010]: Done 12%
[INFO] [1499770868.777200]: Done 14%
[INFO] [1499770868.878246]: Done 16%
[INFO] [1499770868.979349]: Done 18%
[INFO] [1499770869.080513]: Done 20%
[INFO] [1499770869.181635]: Done 22%
[INFO] [1499770869.282621]: Done 24%
[INFO] [1499770869.383618]: Done 26%
[INFO] [1499770869.484483]: Done 28%
[INFO] [1499770869.585320]: Done 30%
[INFO] [1499770869.686379]: Done 32%
[INFO] [1499770869.787244]: Done 34%
[INFO] [1499770869.888147]: Done 36%
[INFO] [1499770869.989158]: Done 38%
[INFO] [1499770870.090100]: Done 40%
[INFO] [1499770870.191053]: Done 42%
[INFO] [1499770870.292373]: Done 44%
[INFO] [1499770870.393432]: Done 46%
[INFO] [1499770870.494277]: Done 48%
[INFO] [1499770870.595393]: Done 50%
[INFO] [1499770870.697285]: Done 52%
[INFO] [1499770870.798162]: Done 54%
[INFO] [1499770870.899076]: Done 56%
[INFO] [1499770871.000502]: Done 58%
[INFO] [1499770871.101355]: Done 60%
[INFO] [1499770871.202259]: Done 62%
[INFO] [1499770871.303462]: Done 64%
[INFO] [1499770871.404420]: Done 66%
[INFO] [1499770871.505295]: Done 68%
[INFO] [1499770871.606211]: Done 70%
[INFO] [1499770871.707768]: Done 72%
[INFO] [1499770871.809046]: Done 74%
[INFO] [1499770871.910225]: Done 76%
[INFO] [1499770872.011285]: Done 78%
[INFO] [1499770872.112178]: Done 80%
[INFO] [1499770872.213128]: Done 82%
[INFO] [1499770872.313966]: Done 84%
[INFO] [1499770872.415287]: Done 86%
[INFO] [1499770872.516475]: Done 88%
[INFO] [1499770872.617632]: Done 90%
[INFO] [1499770872.718541]: Done 92%
[INFO] [1499770872.819850]: Done 94%
[INFO] [1499770872.920909]: Done 96%
[INFO] [1499770873.022292]: /move_sandbox_items: Succeeded
[INFO] [1499770874.388728]: /move_sandbox_items: Received a request to move giraffe to 0.39, -0.07. Let's do that
[INFO] [1499770874.389861]: Moving giraffe to -0.08,-0.07
[INFO] [1499770874.390173]: Requesting a plan...
[INFO] [1499770874.427827]: Received trajectory! As requested, waiting -0.00114634s before starting...
[INFO] [1499770874.428276]: Waiting a bit more (0.0s) to give the robot time to prepare...
[INFO] [1499770874.428649]: Starting to play trajectory!
[INFO] [1499770874.429214]: Done 0%
[INFO] [1499770874.530432]: Done 4%
[INFO] [1499770874.631473]: Done 9%
[INFO] [1499770874.732517]: Done 14%
[INFO] [1499770874.833696]: Done 19%
[INFO] [1499770874.934851]: Done 23%
[INFO] [1499770875.035885]: Done 28%
[INFO] [1499770875.137054]: Done 33%
[INFO] [1499770875.238292]: Done 38%
[INFO] [1499770875.344714]: Done 42%
[INFO] [1499770875.445791]: Done 47%
[INFO] [1499770875.546886]: Done 52%
[INFO] [1499770875.647786]: Done 57%
[INFO] [1499770875.748790]: Done 61%
[INFO] [1499770875.849869]: Done 66%
[INFO] [1499770875.951209]: Done 71%
[INFO] [1499770876.052158]: Done 76%
[INFO] [1499770876.153400]: Done 80%
[INFO] [1499770876.254486]: Done 85%
[INFO] [1499770876.355383]: Done 90%
[INFO] [1499770876.456498]: /move_sandbox_items: Succeeded
[INFO] [1499770877.691269]: /move_sandbox_items: Received a request to move elephant to 0.36, -0.24. Let's do that
[INFO] [1499770877.691948]: Moving elephant to 0.05,-0.05
[INFO] [1499770877.692215]: Requesting a plan...
[INFO] [1499770877.826908]: Received trajectory! As requested, waiting -0.000431195s before starting...
[INFO] [1499770877.827589]: Waiting a bit more (0.0s) to give the robot time to prepare...
[INFO] [1499770877.827989]: Starting to play trajectory!
[INFO] [1499770877.829269]: Done 0%
[INFO] [1499770877.930340]: Done 8%
[INFO] [1499770878.031315]: Done 16%
[INFO] [1499770878.132492]: Done 25%
[INFO] [1499770878.233537]: Done 33%
[INFO] [1499770878.334474]: Done 41%
[INFO] [1499770878.435349]: Done 50%
[INFO] [1499770878.536231]: Done 58%
[INFO] [1499770878.638266]: Done 66%
[INFO] [1499770878.739441]: Done 75%
[INFO] [1499770878.840935]: Done 83%
[INFO] [1499770878.942640]: /move_sandbox_items: Succeeded
[INFO] [1499770883.020439]: /move_sandbox_items: Received a request to move elephant to 0.36, -0.24. Let's do that
[INFO] [1499770883.021178]: Moving elephant to 0.08,0.03
[INFO] [1499770883.021402]: Requesting a plan...
[INFO] [1499770883.027013]: Received trajectory! As requested, waiting -0.000488505s before starting...
[INFO] [1499770883.027700]: Waiting a bit more (0.0s) to give the robot time to prepare...
[INFO] [1499770883.028066]: Starting to play trajectory!
[INFO] [1499770883.029185]: Done 0%
[INFO] [1499770883.130163]: Done 7%
[INFO] [1499770883.231345]: Done 14%
[INFO] [1499770883.332729]: Done 21%
[INFO] [1499770883.433838]: Done 28%
[INFO] [1499770883.535346]: Done 35%
[INFO] [1499770883.636495]: Done 42%
[INFO] [1499770883.737611]: Done 50%
[INFO] [1499770883.838548]: Done 57%
[INFO] [1499770883.939652]: Done 64%
[INFO] [1499770884.040667]: Done 71%
[INFO] [1499770884.141801]: Done 78%
[INFO] [1499770884.243007]: Done 85%
[INFO] [1499770884.344277]: /move_sandbox_items: Succeeded
[INFO] [1499770910.964510]: /move_sandbox_items: Received a request to move crocodile to 0.57, -0.18. Let's do that
[INFO] [1499770910.965289]: Moving crocodile to -0.01,0.04
[INFO] [1499770910.965631]: Requesting a plan...
[INFO] [1499770911.026837]: Received trajectory! As requested, waiting -0.000488897s before starting...
[INFO] [1499770911.027640]: Waiting a bit more (0.0s) to give the robot time to prepare...
[INFO] [1499770911.028677]: Starting to play trajectory!
[INFO] [1499770911.029255]: Done 0%
[INFO] [1499770911.130699]: Done 12%
[INFO] [1499770911.231883]: Done 25%
[INFO] [1499770911.332911]: Done 37%
[INFO] [1499770911.433973]: Done 50%
[INFO] [1499770911.534889]: Done 62%
[INFO] [1499770911.635818]: Done 75%
[INFO] [1499770911.736910]: /move_sandbox_items: Succeeded
[INFO] [1499770919.317164]: /move_sandbox_items: Received a request to move lion to 0.49, -0.06. Let's do that
[INFO] [1499770919.318011]: Moving lion to -0.09,0.06
[INFO] [1499770919.318402]: Requesting a plan...
[INFO] [1499770919.427004]: Received trajectory! As requested, waiting -0.000590672s before starting...
[INFO] [1499770919.427443]: Waiting a bit more (0.0s) to give the robot time to prepare...
[INFO] [1499770919.427755]: Starting to play trajectory!
[INFO] [1499770919.428206]: Done 0%
[INFO] [1499770919.529157]: Done 5%
[INFO] [1499770919.630069]: Done 11%
[INFO] [1499770919.730984]: Done 17%
[INFO] [1499770919.831963]: Done 23%
[INFO] [1499770919.933081]: Done 29%
[INFO] [1499770920.034342]: Done 35%
[INFO] [1499770920.135636]: Done 41%
[INFO] [1499770920.237152]: Done 47%
[INFO] [1499770920.339205]: Done 52%
[INFO] [1499770920.440352]: Done 58%
[INFO] [1499770920.541633]: Done 64%
[INFO] [1499770920.642722]: Done 70%
[INFO] [1499770920.743809]: Done 76%
[INFO] [1499770920.845114]: Done 82%
[INFO] [1499770920.946682]: Done 88%
[INFO] [1499770921.048255]: /move_sandbox_items: Succeeded
[INFO] [1499770923.516998]: /move_sandbox_items: Received a request to move lion to 0.49, -0.06. Let's do that
[INFO] [1499770923.517715]: Moving lion to 0.24,0.22
[INFO] [1499770923.518023]: Requesting a plan...
[INFO] [1499770923.628323]: Received trajectory! As requested, waiting -0.001706935s before starting...
[INFO] [1499770923.628788]: Waiting a bit more (0.0s) to give the robot time to prepare...
[INFO] [1499770923.629241]: Starting to play trajectory!
[INFO] [1499770923.629914]: Done 0%
[INFO] [1499770923.730801]: Done 1%
[INFO] [1499770923.832042]: Done 3%
[INFO] [1499770923.933113]: Done 4%
[INFO] [1499770924.034152]: Done 6%
[INFO] [1499770924.135127]: Done 7%
[INFO] [1499770924.236178]: Done 9%
[INFO] [1499770924.337285]: Done 10%
[INFO] [1499770924.438503]: Done 12%
[INFO] [1499770924.539920]: Done 13%
[INFO] [1499770924.641040]: Done 15%
[INFO] [1499770924.742111]: Done 16%
[INFO] [1499770924.843328]: Done 18%
[INFO] [1499770924.944938]: Done 20%
[INFO] [1499770925.046077]: Done 21%
[INFO] [1499770925.148316]: Done 23%
[INFO] [1499770925.249516]: Done 24%
[INFO] [1499770925.350541]: Done 26%
[INFO] [1499770925.452153]: Done 27%
[INFO] [1499770925.553180]: Done 29%
[INFO] [1499770925.654256]: Done 30%
[INFO] [1499770925.755361]: Done 32%
[INFO] [1499770925.856752]: Done 33%
[INFO] [1499770925.957857]: Done 35%
[INFO] [1499770926.063288]: Done 36%
[INFO] [1499770926.164343]: Done 38%
[INFO] [1499770926.265434]: Done 40%
[INFO] [1499770926.366487]: Done 41%
[INFO] [1499770926.467814]: Done 43%
[INFO] [1499770926.568769]: Done 44%
[INFO] [1499770926.669716]: Done 46%
[INFO] [1499770926.770753]: Done 47%
[INFO] [1499770926.871872]: Done 49%
[INFO] [1499770926.973056]: Done 50%
[INFO] [1499770927.074257]: Done 52%
[INFO] [1499770927.175642]: Done 53%
[INFO] [1499770927.276746]: Done 55%
[INFO] [1499770927.377811]: Done 56%
[INFO] [1499770927.479337]: Done 58%
[INFO] [1499770927.580703]: Done 60%
[INFO] [1499770927.682376]: Done 61%
[INFO] [1499770927.783867]: Done 63%
[INFO] [1499770927.885150]: Done 64%
[INFO] [1499770927.986184]: Done 66%
[INFO] [1499770928.087449]: Done 67%
[INFO] [1499770928.188504]: Done 69%
[INFO] [1499770928.289674]: Done 70%
[INFO] [1499770928.390942]: Done 72%
[INFO] [1499770928.492922]: Done 73%
[INFO] [1499770928.594223]: Done 75%
[INFO] [1499770928.696586]: Done 76%
[INFO] [1499770928.798294]: Done 78%
[INFO] [1499770928.899312]: Done 80%
[INFO] [1499770929.000693]: Done 81%
[INFO] [1499770929.101569]: Done 83%
[INFO] [1499770929.202822]: Done 84%
[INFO] [1499770929.304331]: Done 86%
[INFO] [1499770929.405575]: Done 87%
[INFO] [1499770929.506776]: Done 89%
[INFO] [1499770929.608020]: Done 90%
[INFO] [1499770929.709454]: Done 92%
[INFO] [1499770929.810978]: Done 93%
[INFO] [1499770929.912704]: Done 95%
[INFO] [1499770930.014108]: Done 96%
[INFO] [1499770930.115580]: /move_sandbox_items: Succeeded
[INFO] [1499770932.019893]: /move_sandbox_items: Received a request to move lion to 0.49, -0.06. Let's do that
[INFO] [1499770932.020740]: Moving lion to 0.04,-0.05
[INFO] [1499770932.021059]: Requesting a plan...
[INFO] [1499770932.028157]: Received trajectory! As requested, waiting -0.001522652s before starting...
[INFO] [1499770932.028615]: Waiting a bit more (0.0s) to give the robot time to prepare...
[INFO] [1499770932.028948]: Starting to play trajectory!
[INFO] [1499770932.029359]: Done 0%
[INFO] [1499770932.130360]: Done 8%
[INFO] [1499770932.231806]: Done 16%
[INFO] [1499770932.332981]: Done 25%
[INFO] [1499770932.434044]: Done 33%
[INFO] [1499770932.535085]: Done 41%
[INFO] [1499770932.636365]: Done 50%
[INFO] [1499770932.737460]: Done 58%
[INFO] [1499770932.838519]: Done 66%
[INFO] [1499770932.939775]: Done 75%
[INFO] [1499770933.041054]: Done 83%
[INFO] [1499770933.142347]: /move_sandbox_items: Succeeded
[INFO] [1499770935.611813]: /move_sandbox_items: Received a request to move lion to 0.49, -0.06. Let's do that
[INFO] [1499770935.612710]: Moving lion to 0.00,-0.05
[INFO] [1499770935.613074]: Requesting a plan...
[INFO] [1499770935.627571]: Received trajectory! As requested, waiting -0.001073819s before starting...
[INFO] [1499770935.628107]: Waiting a bit more (0.0s) to give the robot time to prepare...
[INFO] [1499770935.628608]: Starting to play trajectory!
[INFO] [1499770935.629175]: Done 0%
[INFO] [1499770935.730123]: Done 10%
[INFO] [1499770935.831242]: Done 20%
[INFO] [1499770935.932299]: Done 30%
[INFO] [1499770936.033325]: Done 40%
[INFO] [1499770936.134335]: Done 50%
[INFO] [1499770936.235536]: Done 60%
[INFO] [1499770936.336594]: Done 70%
[INFO] [1499770936.437610]: Done 80%
[INFO] [1499770936.539263]: /move_sandbox_items: Succeeded
[INFO] [1499770938.711712]: /move_sandbox_items: Received a request to move lion to 0.49, -0.06. Let's do that
[INFO] [1499770938.712762]: Moving lion to 0.19,0.28
[INFO] [1499770938.713103]: Requesting a plan...
[INFO] [1499770938.828271]: Received trajectory! As requested, waiting -0.00176985s before starting...
[INFO] [1499770938.829053]: Waiting a bit more (0.0s) to give the robot time to prepare...
[INFO] [1499770938.829413]: Starting to play trajectory!
[INFO] [1499770938.830001]: Done 0%
[INFO] [1499770938.930838]: Done 1%
[INFO] [1499770939.032022]: Done 3%
[INFO] [1499770939.133102]: Done 4%
[INFO] [1499770939.234080]: Done 6%
[INFO] [1499770939.335170]: Done 7%
[INFO] [1499770939.436472]: Done 9%
[INFO] [1499770939.537460]: Done 10%
[INFO] [1499770939.638991]: Done 12%
[INFO] [1499770939.739974]: Done 13%
[INFO] [1499770939.841077]: Done 15%
[INFO] [1499770939.942790]: Done 16%
[INFO] [1499770940.044218]: Done 18%
[INFO] [1499770940.146497]: Done 19%
[INFO] [1499770940.247774]: Done 21%
[INFO] [1499770940.349190]: Done 22%
[INFO] [1499770940.450462]: Done 24%
[INFO] [1499770940.551431]: Done 25%
[INFO] [1499770940.652610]: Done 27%
[INFO] [1499770940.753742]: Done 28%
[INFO] [1499770940.855868]: Done 30%
[INFO] [1499770940.957005]: Done 31%
[INFO] [1499770941.058068]: Done 33%
[INFO] [1499770941.159309]: Done 34%
[INFO] [1499770941.260423]: Done 36%
[INFO] [1499770941.361516]: Done 37%
[INFO] [1499770941.462658]: Done 39%
[INFO] [1499770941.563617]: Done 40%
[INFO] [1499770941.665006]: Done 42%
[INFO] [1499770941.766212]: Done 43%
[INFO] [1499770941.867229]: Done 45%
[INFO] [1499770941.968480]: Done 46%
[INFO] [1499770942.069976]: Done 48%
[INFO] [1499770942.171065]: Done 50%
[INFO] [1499770942.272441]: Done 51%
[INFO] [1499770942.373646]: Done 53%
[INFO] [1499770942.474698]: Done 54%
[INFO] [1499770942.576069]: Done 56%
[INFO] [1499770942.677045]: Done 57%
[INFO] [1499770942.778174]: Done 59%
[INFO] [1499770942.881994]: Done 60%
[INFO] [1499770942.983054]: Done 62%
[INFO] [1499770943.084072]: Done 63%
[INFO] [1499770943.185231]: Done 65%
[INFO] [1499770943.286199]: Done 66%
[INFO] [1499770943.387435]: Done 68%
[INFO] [1499770943.488782]: Done 69%
[INFO] [1499770943.589645]: Done 71%
[INFO] [1499770943.690740]: Done 72%
[INFO] [1499770943.792293]: Done 74%
[INFO] [1499770943.894399]: Done 75%
[INFO] [1499770943.995925]: Done 77%
[INFO] [1499770944.097053]: Done 78%
[INFO] [1499770944.198202]: Done 80%
[INFO] [1499770944.299379]: Done 81%
[INFO] [1499770944.400754]: Done 83%
[INFO] [1499770944.501754]: Done 84%
[INFO] [1499770944.602613]: Done 86%
[INFO] [1499770944.703748]: Done 87%
[INFO] [1499770944.804731]: Done 89%
[INFO] [1499770944.905805]: Done 90%
[INFO] [1499770945.006911]: Done 92%
[INFO] [1499770945.107953]: Done 93%
[INFO] [1499770945.209245]: Done 95%
[INFO] [1499770945.310167]: Done 96%
[INFO] [1499770945.411154]: /move_sandbox_items: Succeeded
[INFO] [1499770947.479933]: /move_sandbox_items: Received a request to move lion to 0.49, -0.06. Let's do that
[INFO] [1499770947.480794]: Moving lion to 0.19,-0.06
[INFO] [1499770947.481107]: Requesting a plan...
[INFO] [1499770947.627520]: Received trajectory! As requested, waiting -0.000875168s before starting...
[INFO] [1499770947.628091]: Waiting a bit more (0.0s) to give the robot time to prepare...
[INFO] [1499770947.628493]: Starting to play trajectory!
[INFO] [1499770947.629947]: Done 0%
[INFO] [1499770947.730912]: Done 3%
[INFO] [1499770947.832077]: Done 6%
[INFO] [1499770947.933813]: Done 9%
[INFO] [1499770948.035147]: Done 12%
[INFO] [1499770948.136439]: Done 15%
[INFO] [1499770948.238273]: Done 18%
[INFO] [1499770948.339525]: Done 21%
[INFO] [1499770948.441044]: Done 25%
[INFO] [1499770948.544381]: Done 28%
[INFO] [1499770948.645500]: Done 31%
[INFO] [1499770948.746588]: Done 34%
[INFO] [1499770948.848601]: Done 37%
[INFO] [1499770948.949706]: Done 40%
[INFO] [1499770949.050931]: Done 43%
[INFO] [1499770949.152086]: Done 46%
[INFO] [1499770949.253215]: Done 50%
[INFO] [1499770949.354216]: Done 53%
[INFO] [1499770949.455527]: Done 56%
[INFO] [1499770949.556727]: Done 59%
[INFO] [1499770949.657862]: Done 62%
[INFO] [1499770949.759068]: Done 65%
[INFO] [1499770949.860240]: Done 68%
[INFO] [1499770949.961472]: Done 71%
[INFO] [1499770950.063006]: Done 75%
[INFO] [1499770950.164057]: Done 78%
[INFO] [1499770950.265195]: Done 81%
[INFO] [1499770950.366281]: Done 84%
[INFO] [1499770950.467498]: Done 87%
[INFO] [1499770950.568603]: Done 90%
[INFO] [1499770950.669681]: Done 93%
[INFO] [1499770950.771104]: /move_sandbox_items: Succeeded
[INFO] [1499770952.790962]: /move_sandbox_items: Received a request to move lion to 0.49, -0.06. Let's do that
[INFO] [1499770952.791723]: Moving lion to 0.06,0.01
[INFO] [1499770952.792046]: Requesting a plan...
[INFO] [1499770952.828057]: Received trajectory! As requested, waiting -0.001446597s before starting...
[INFO] [1499770952.828568]: Waiting a bit more (0.0s) to give the robot time to prepare...
[INFO] [1499770952.828901]: Starting to play trajectory!
[INFO] [1499770952.829397]: Done 0%
[INFO] [1499770952.930291]: Done 8%
[INFO] [1499770953.031392]: Done 16%
[INFO] [1499770953.132555]: Done 25%
[INFO] [1499770953.233636]: Done 33%
[INFO] [1499770953.336061]: Done 41%
[INFO] [1499770953.437222]: Done 50%
[INFO] [1499770953.538624]: Done 58%
[INFO] [1499770953.639627]: Done 66%
[INFO] [1499770953.740909]: Done 75%
[INFO] [1499770953.842486]: Done 83%
[INFO] [1499770953.944294]: /move_sandbox_items: Succeeded
[INFO] [1499770970.742508]: /move_sandbox_items: Received a request to move elephant to 0.21, -0.07. Let's do that
[INFO] [1499770970.743563]: Moving elephant to 0.12,0.11
[INFO] [1499770970.743931]: Requesting a plan...
[INFO] [1499770970.860559]: Received trajectory! As requested, waiting -0.034077293s before starting...
[INFO] [1499770970.860986]: Waiting a bit more (0.0s) to give the robot time to prepare...
[INFO] [1499770970.861293]: Starting to play trajectory!
[INFO] [1499770970.862024]: Done 0%
[INFO] [1499770970.962939]: Done 2%
[INFO] [1499770971.063987]: Done 5%
[INFO] [1499770971.165100]: Done 8%
[INFO] [1499770971.266278]: Done 11%
[INFO] [1499770971.367572]: Done 14%
[INFO] [1499770971.468715]: Done 17%
[INFO] [1499770971.570218]: Done 20%
[INFO] [1499770971.671188]: Done 22%
[INFO] [1499770971.772217]: Done 25%
[INFO] [1499770971.873535]: Done 28%
[INFO] [1499770971.975062]: Done 31%
[INFO] [1499770972.076170]: Done 34%
[INFO] [1499770972.177193]: Done 37%
[INFO] [1499770972.278294]: Done 40%
[INFO] [1499770972.379308]: Done 42%
[INFO] [1499770972.480728]: Done 45%
[INFO] [1499770972.581905]: Done 48%
[INFO] [1499770972.683333]: Done 51%
[INFO] [1499770972.786154]: Done 54%
[INFO] [1499770972.891764]: Done 57%
[INFO] [1499770972.993444]: Done 60%
[INFO] [1499770973.094445]: Done 62%
[INFO] [1499770973.195450]: Done 65%
[INFO] [1499770973.296550]: Done 68%
[INFO] [1499770973.397697]: Done 71%
[INFO] [1499770973.498834]: Done 74%
[INFO] [1499770973.600339]: Done 77%
[INFO] [1499770973.702553]: Done 80%
[INFO] [1499770973.803572]: Done 82%
[INFO] [1499770973.904651]: Done 85%
[INFO] [1499770974.008110]: Done 88%
[INFO] [1499770974.109136]: Done 91%
[INFO] [1499770974.210570]: Done 94%
[INFO] [1499770974.311760]: /move_sandbox_items: Succeeded
[INFO] [1499770976.016952]: /move_sandbox_items: Received a request to move girl to 0.49, -0.06. Let's do that
[INFO] [1499770976.017745]: Moving girl to -0.18,-0.17
[INFO] [1499770976.018085]: Requesting a plan...
[INFO] [1499770976.060149]: Received trajectory! As requested, waiting -0.033770948s before starting...
[INFO] [1499770976.060733]: Waiting a bit more (0.0s) to give the robot time to prepare...
[INFO] [1499770976.061064]: Starting to play trajectory!
[INFO] [1499770976.061625]: Done 0%
[INFO] [1499770976.162791]: Done 1%
[INFO] [1499770976.263972]: Done 3%
[INFO] [1499770976.365087]: Done 5%
[INFO] [1499770976.466199]: Done 7%
[INFO] [1499770976.567401]: Done 9%
[INFO] [1499770976.668427]: Done 11%
[INFO] [1499770976.770188]: Done 13%
[INFO] [1499770976.871414]: Done 15%
[INFO] [1499770976.972607]: Done 17%
[INFO] [1499770977.073811]: Done 19%
[INFO] [1499770977.174917]: Done 21%
[INFO] [1499770977.276105]: Done 23%
[INFO] [1499770977.377197]: Done 25%
[INFO] [1499770977.478461]: Done 27%
[INFO] [1499770977.580775]: Done 29%
[INFO] [1499770977.683503]: Done 31%
[INFO] [1499770977.784929]: Done 33%
[INFO] [1499770977.886709]: Done 35%
[INFO] [1499770977.987685]: Done 37%
[INFO] [1499770978.088750]: Done 39%
[INFO] [1499770978.189805]: Done 41%
[INFO] [1499770978.290667]: Done 43%
[INFO] [1499770978.391772]: Done 45%
[INFO] [1499770978.492792]: Done 47%
[INFO] [1499770978.593896]: Done 49%
[INFO] [1499770978.695025]: Done 50%
[INFO] [1499770978.796108]: Done 52%
[INFO] [1499770978.897123]: Done 54%
[INFO] [1499770978.998212]: Done 56%
[INFO] [1499770979.099219]: Done 58%
[INFO] [1499770979.200619]: Done 60%
[INFO] [1499770979.301603]: Done 62%
[INFO] [1499770979.402898]: Done 64%
[INFO] [1499770979.504215]: Done 66%
[INFO] [1499770979.605349]: Done 68%
[INFO] [1499770979.706346]: Done 70%
[INFO] [1499770979.807637]: Done 72%
[INFO] [1499770979.909086]: Done 74%
[INFO] [1499770980.010291]: Done 76%
[INFO] [1499770980.111446]: Done 78%
[INFO] [1499770980.212602]: Done 80%
[INFO] [1499770980.313514]: Done 82%
[INFO] [1499770980.414906]: Done 84%
[INFO] [1499770980.516147]: Done 86%
[INFO] [1499770980.617269]: Done 88%
[INFO] [1499770980.718959]: Done 90%
[INFO] [1499770980.826763]: Done 92%
[INFO] [1499770980.929304]: Done 94%
[INFO] [1499770981.030418]: Done 96%
[INFO] [1499770981.131568]: /move_sandbox_items: Succeeded
[INFO] [1499770983.035273]: /move_sandbox_items: Received a request to move girl to 0.06, -0.06. Let's do that
[INFO] [1499770983.035966]: Moving girl to -0.20,0.02
[INFO] [1499770983.036287]: Requesting a plan...
[INFO] [1499770983.266782]: Received trajectory! As requested, waiting -0.040393224s before starting...
[INFO] [1499770983.267343]: Waiting a bit more (0.0s) to give the robot time to prepare...
[INFO] [1499770983.267681]: Starting to play trajectory!
[INFO] [1499770983.268197]: Done 0%
[INFO] [1499770983.369285]: Done 3%
[INFO] [1499770983.470934]: Done 6%
[INFO] [1499770983.572135]: Done 9%
[INFO] [1499770983.673625]: Done 12%
[INFO] [1499770983.775028]: Done 15%
[INFO] [1499770983.876354]: Done 18%
[INFO] [1499770983.978041]: Done 21%
[INFO] [1499770984.079307]: Done 25%
[INFO] [1499770984.181347]: Done 28%
[INFO] [1499770984.282523]: Done 31%
[INFO] [1499770984.384429]: Done 34%
[INFO] [1499770984.486209]: Done 37%
[INFO] [1499770984.587267]: Done 40%
[INFO] [1499770984.688338]: Done 43%
[INFO] [1499770984.789419]: Done 46%
[INFO] [1499770984.890935]: Done 50%
[INFO] [1499770984.991956]: Done 53%
[INFO] [1499770985.093028]: Done 56%
[INFO] [1499770985.194160]: Done 59%
[INFO] [1499770985.295622]: Done 62%
[INFO] [1499770985.397076]: Done 65%
[INFO] [1499770985.498200]: Done 68%
[INFO] [1499770985.599179]: Done 71%
[INFO] [1499770985.700456]: Done 75%
[INFO] [1499770985.801476]: Done 78%
[INFO] [1499770985.902601]: Done 81%
[INFO] [1499770986.003682]: Done 84%
[INFO] [1499770986.104734]: Done 87%
[INFO] [1499770986.205796]: Done 90%
[INFO] [1499770986.307086]: Done 93%
[INFO] [1499770986.408684]: /move_sandbox_items: Succeeded
[INFO] [1499770989.080407]: /move_sandbox_items: Received a request to move caravan to 0.49, -0.06. Let's do that
[INFO] [1499770989.081308]: Moving caravan to 0.23,0.23
[INFO] [1499770989.081628]: Requesting a plan...
[INFO] [1499770989.235618]: Received trajectory! As requested, waiting -0.009126462s before starting...
[INFO] [1499770989.236155]: Waiting a bit more (0.0s) to give the robot time to prepare...
[INFO] [1499770989.236603]: Starting to play trajectory!
[INFO] [1499770989.237181]: Done 0%
[INFO] [1499770989.338892]: Done 1%
[INFO] [1499770989.440041]: Done 3%
[INFO] [1499770989.541312]: Done 4%
[INFO] [1499770989.642538]: Done 6%
[INFO] [1499770989.744924]: Done 7%
[INFO] [1499770989.846126]: Done 9%
[INFO] [1499770989.947452]: Done 11%
[INFO] [1499770990.049343]: Done 12%
[INFO] [1499770990.150439]: Done 14%
[INFO] [1499770990.251593]: Done 15%
[INFO] [1499770990.352818]: Done 17%
[INFO] [1499770990.454285]: Done 19%
[INFO] [1499770990.555359]: Done 20%
[INFO] [1499770990.656371]: Done 22%
[INFO] [1499770990.758243]: Done 23%
[INFO] [1499770990.860987]: Done 25%
[INFO] [1499770990.962089]: Done 26%
[INFO] [1499770991.063203]: Done 28%
[INFO] [1499770991.164316]: Done 30%
[INFO] [1499770991.265856]: Done 31%
[INFO] [1499770991.367475]: Done 33%
[INFO] [1499770991.468812]: Done 34%
[INFO] [1499770991.570553]: Done 36%
[INFO] [1499770991.671604]: Done 38%
[INFO] [1499770991.773161]: Done 39%
[INFO] [1499770991.874269]: Done 41%
[INFO] [1499770991.975386]: Done 42%
[INFO] [1499770992.076454]: Done 44%
[INFO] [1499770992.178084]: Done 46%
[INFO] [1499770992.279423]: Done 47%
[INFO] [1499770992.380412]: Done 49%
[INFO] [1499770992.481818]: Done 50%
[INFO] [1499770992.583200]: Done 52%
[INFO] [1499770992.684438]: Done 53%
[INFO] [1499770992.786903]: Done 55%
[INFO] [1499770992.888137]: Done 57%
[INFO] [1499770992.989023]: Done 58%
[INFO] [1499770993.090737]: Done 60%
[INFO] [1499770993.191928]: Done 61%
[INFO] [1499770993.293235]: Done 63%
[INFO] [1499770993.394605]: Done 65%
[INFO] [1499770993.495892]: Done 66%
[INFO] [1499770993.596950]: Done 68%
[INFO] [1499770993.697872]: Done 69%
[INFO] [1499770993.799061]: Done 71%
[INFO] [1499770993.900277]: Done 73%
[INFO] [1499770994.001759]: Done 74%
[INFO] [1499770994.102774]: Done 76%
[INFO] [1499770994.203959]: Done 77%
[INFO] [1499770994.305126]: Done 79%
[INFO] [1499770994.406530]: Done 80%
[INFO] [1499770994.508667]: Done 82%
[INFO] [1499770994.609851]: Done 84%
[INFO] [1499770994.711601]: Done 85%
[INFO] [1499770994.812638]: Done 87%
[INFO] [1499770994.913885]: Done 88%
[INFO] [1499770995.015111]: Done 90%
[INFO] [1499770995.116221]: Done 92%
[INFO] [1499770995.217400]: Done 93%
[INFO] [1499770995.318975]: Done 95%
[INFO] [1499770995.420165]: Done 96%
[INFO] [1499770995.525414]: /move_sandbox_items: Succeeded
[INFO] [1499770997.961471]: /move_sandbox_items: Received a request to move caravan to 0.49, -0.06. Let's do that
[INFO] [1499770997.962207]: Moving caravan to -0.16,-0.00
[INFO] [1499770997.962492]: Requesting a plan...
[INFO] [1499770998.027458]: Received trajectory! As requested, waiting -0.00091518s before starting...
[INFO] [1499770998.027940]: Waiting a bit more (0.0s) to give the robot time to prepare...
[INFO] [1499770998.028262]: Starting to play trajectory!
[INFO] [1499770998.028865]: Done 0%
[INFO] [1499770998.129883]: Done 4%
[INFO] [1499770998.231061]: Done 8%
[INFO] [1499770998.332408]: Done 12%
[INFO] [1499770998.433824]: Done 16%
[INFO] [1499770998.534972]: Done 20%
[INFO] [1499770998.635969]: Done 25%
[INFO] [1499770998.738221]: Done 29%
[INFO] [1499770998.841522]: Done 33%
[INFO] [1499770998.944248]: Done 37%
[INFO] [1499770999.047965]: Done 41%
[INFO] [1499770999.149358]: Done 45%
[INFO] [1499770999.250505]: Done 50%
[INFO] [1499770999.351621]: Done 54%
[INFO] [1499770999.452625]: Done 58%
[INFO] [1499770999.553713]: Done 62%
[INFO] [1499770999.655070]: Done 66%
[INFO] [1499770999.756133]: Done 70%
[INFO] [1499770999.857307]: Done 75%
[INFO] [1499770999.958327]: Done 79%
[INFO] [1499771000.059326]: Done 83%
[INFO] [1499771000.160234]: Done 87%
[INFO] [1499771000.261391]: Done 91%
[INFO] [1499771000.362467]: /move_sandbox_items: Succeeded
[INFO] [1499771002.570250]: /move_sandbox_items: Received a request to move girl to 0.21, -0.07. Let's do that
[INFO] [1499771002.571030]: Moving girl to -0.11,0.08
[INFO] [1499771002.571362]: Requesting a plan...
[INFO] [1499771002.628103]: Received trajectory! As requested, waiting -0.001311985s before starting...
[INFO] [1499771002.628786]: Waiting a bit more (0.0s) to give the robot time to prepare...
[INFO] [1499771002.629373]: Starting to play trajectory!
[INFO] [1499771002.629963]: Done 0%
[INFO] [1499771002.731433]: Done 3%
[INFO] [1499771002.832436]: Done 7%
[INFO] [1499771002.933715]: Done 11%
[INFO] [1499771003.036225]: Done 14%
[INFO] [1499771003.137960]: Done 18%
[INFO] [1499771003.239230]: Done 22%
[INFO] [1499771003.340506]: Done 25%
[INFO] [1499771003.441837]: Done 29%
[INFO] [1499771003.543912]: Done 33%
[INFO] [1499771003.645206]: Done 37%
[INFO] [1499771003.746625]: Done 40%
[INFO] [1499771003.848617]: Done 44%
[INFO] [1499771003.949587]: Done 48%
[INFO] [1499771004.050743]: Done 51%
[INFO] [1499771004.151920]: Done 55%
[INFO] [1499771004.254584]: Done 59%
[INFO] [1499771004.356362]: Done 62%
[INFO] [1499771004.457589]: Done 66%
[INFO] [1499771004.558624]: Done 70%
[INFO] [1499771004.659708]: Done 74%
[INFO] [1499771004.760838]: Done 77%
[INFO] [1499771004.861899]: Done 81%
[INFO] [1499771004.963047]: Done 85%
[INFO] [1499771005.064062]: Done 88%
[INFO] [1499771005.165038]: Done 92%
[INFO] [1499771005.265962]: /move_sandbox_items: Succeeded
[INFO] [1499771007.635089]: /move_sandbox_items: Received a request to move crocodile to 0.57, -0.18. Let's do that
[INFO] [1499771007.635993]: Moving crocodile to -0.01,0.02
[INFO] [1499771007.636351]: Requesting a plan...
[INFO] [1499771007.826833]: Received trajectory! As requested, waiting -0.000289606s before starting...
[INFO] [1499771007.827276]: Waiting a bit more (0.0s) to give the robot time to prepare...
[INFO] [1499771007.827734]: Starting to play trajectory!
[INFO] [1499771007.828176]: Done 0%
[INFO] [1499771007.929229]: Done 25%
[INFO] [1499771008.030221]: Done 50%
[INFO] [1499771008.131444]: /move_sandbox_items: Succeeded
[INFO] [1499771010.035293]: /move_sandbox_items: Received a request to move lion to 0.49, -0.06. Let's do that
[INFO] [1499771010.036027]: Moving lion to 0.05,0.05
[INFO] [1499771010.036345]: Requesting a plan...
[INFO] [1499771010.230216]: Received trajectory! As requested, waiting -0.003697688s before starting...
[INFO] [1499771010.230688]: Waiting a bit more (0.0s) to give the robot time to prepare...
[INFO] [1499771010.231050]: Starting to play trajectory!
[INFO] [1499771010.231578]: Done 0%
[INFO] [1499771010.332599]: Done 7%
[INFO] [1499771010.433801]: Done 15%
[INFO] [1499771010.534829]: Done 23%
[INFO] [1499771010.635842]: Done 30%
[INFO] [1499771010.736829]: Done 38%
[INFO] [1499771010.838418]: Done 46%
[INFO] [1499771010.939662]: Done 53%
[INFO] [1499771011.040978]: Done 61%
[INFO] [1499771011.142261]: Done 69%
[INFO] [1499771011.243656]: Done 76%
[INFO] [1499771011.344598]: Done 84%
[INFO] [1499771011.445884]: /move_sandbox_items: Succeeded
[INFO] [1499771016.277948]: /move_sandbox_items: Received a request to move crocodile to 0.57, -0.18. Let's do that
[INFO] [1499771016.278794]: Moving crocodile to -0.04,-0.01
[INFO] [1499771016.279038]: Requesting a plan...
[INFO] [1499771016.426989]: Received trajectory! As requested, waiting -0.000402667s before starting...
[INFO] [1499771016.427547]: Waiting a bit more (0.0s) to give the robot time to prepare...
[INFO] [1499771016.427913]: Starting to play trajectory!
[INFO] [1499771016.428430]: Done 0%
[INFO] [1499771016.529496]: Done 11%
[INFO] [1499771016.630395]: Done 22%
[INFO] [1499771016.731443]: Done 33%
[INFO] [1499771016.832366]: Done 44%
[INFO] [1499771016.933524]: Done 55%
[INFO] [1499771017.034504]: Done 66%
[INFO] [1499771017.135505]: Done 77%
[INFO] [1499771017.237236]: /move_sandbox_items: Succeeded
[INFO] [1499771018.672958]: /move_sandbox_items: Received a request to move crocodile to 0.57, -0.18. Let's do that
[INFO] [1499771018.674180]: Moving crocodile to 0.05,0.02
[INFO] [1499771018.674686]: Requesting a plan...
[INFO] [1499771018.826996]: Received trajectory! As requested, waiting -0.00041747s before starting...
[INFO] [1499771018.827518]: Waiting a bit more (0.0s) to give the robot time to prepare...
[INFO] [1499771018.827866]: Starting to play trajectory!
[INFO] [1499771018.828890]: Done 0%
[INFO] [1499771018.929975]: Done 11%
[INFO] [1499771019.031207]: Done 22%
[INFO] [1499771019.132589]: Done 33%
[INFO] [1499771019.233605]: Done 44%
[INFO] [1499771019.334592]: Done 55%
[INFO] [1499771019.435790]: Done 66%
[INFO] [1499771019.537022]: Done 77%
[INFO] [1499771019.638799]: /move_sandbox_items: Succeeded
[INFO] [1499771033.763322]: /move_sandbox_items: Received a request to move hippo to 0.28, -0.15. Let's do that
[INFO] [1499771033.764034]: Moving hippo to 0.21,-0.05
[INFO] [1499771033.764333]: Requesting a plan...
[INFO] [1499771033.827933]: Received trajectory! As requested, waiting -0.001296478s before starting...
[INFO] [1499771033.828429]: Waiting a bit more (0.0s) to give the robot time to prepare...
[INFO] [1499771033.829726]: Starting to play trajectory!
[INFO] [1499771033.830459]: Done 0%
[INFO] [1499771033.931768]: Done 2%
[INFO] [1499771034.032927]: Done 4%
[INFO] [1499771034.134093]: Done 6%
[INFO] [1499771034.235187]: Done 9%
[INFO] [1499771034.336245]: Done 11%
[INFO] [1499771034.437288]: Done 13%
[INFO] [1499771034.540839]: Done 15%
[INFO] [1499771034.641904]: Done 18%
[INFO] [1499771034.742849]: Done 20%
[INFO] [1499771034.843679]: Done 22%
[INFO] [1499771034.945124]: Done 25%
[INFO] [1499771035.046366]: Done 27%
[INFO] [1499771035.147572]: Done 29%
[INFO] [1499771035.248999]: Done 31%
[INFO] [1499771035.350300]: Done 34%
[INFO] [1499771035.451401]: Done 36%
[INFO] [1499771035.552290]: Done 38%
[INFO] [1499771035.653198]: Done 40%
[INFO] [1499771035.754065]: Done 43%
[INFO] [1499771035.855012]: Done 45%
[INFO] [1499771035.955968]: Done 47%
[INFO] [1499771036.056853]: Done 50%
[INFO] [1499771036.157743]: Done 52%
[INFO] [1499771036.259176]: Done 54%
[INFO] [1499771036.360422]: Done 56%
[INFO] [1499771036.461467]: Done 59%
[INFO] [1499771036.562422]: Done 61%
[INFO] [1499771036.663463]: Done 63%
[INFO] [1499771036.764406]: Done 65%
[INFO] [1499771036.865484]: Done 68%
[INFO] [1499771036.966632]: Done 70%
[INFO] [1499771037.067551]: Done 72%
[INFO] [1499771037.168581]: Done 75%
[INFO] [1499771037.269747]: Done 77%
[INFO] [1499771037.370973]: Done 79%
[INFO] [1499771037.472615]: Done 81%
[INFO] [1499771037.574257]: Done 84%
[INFO] [1499771037.676928]: Done 86%
[INFO] [1499771037.778162]: Done 88%
[INFO] [1499771037.879409]: Done 90%
[INFO] [1499771037.980502]: Done 93%
[INFO] [1499771038.081652]: Done 95%
[INFO] [1499771038.182845]: /move_sandbox_items: Succeeded
[INFO] [1499771049.402408]: /move_sandbox_items: Received a request to move crocodile to 0.57, -0.18. Let's do that
[INFO] [1499771049.403063]: Moving crocodile to -0.00,0.03
[INFO] [1499771049.403335]: Requesting a plan...
[INFO] [1499771049.426786]: Received trajectory! As requested, waiting -0.000360179s before starting...
[INFO] [1499771049.427480]: Waiting a bit more (0.0s) to give the robot time to prepare...
[INFO] [1499771049.427770]: Starting to play trajectory!
[INFO] [1499771049.428168]: Done 0%
[INFO] [1499771049.528975]: Done 16%
[INFO] [1499771049.630047]: Done 33%
[INFO] [1499771049.731022]: Done 50%
[INFO] [1499771049.831967]: Done 66%
[INFO] [1499771049.933335]: /move_sandbox_items: Succeeded
[INFO] [1499771054.557951]: /move_sandbox_items: Received a request to move lion to 0.49, -0.06. Let's do that
[INFO] [1499771054.558593]: Moving lion to -0.24,0.06
[INFO] [1499771054.558853]: Requesting a plan...
[INFO] [1499771054.664329]: Received trajectory! As requested, waiting -0.03787518s before starting...
[INFO] [1499771054.664799]: Waiting a bit more (0.0s) to give the robot time to prepare...
[INFO] [1499771054.665071]: Starting to play trajectory!
[INFO] [1499771054.665459]: Done 0%
[INFO] [1499771054.766410]: Done 2%
[INFO] [1499771054.867953]: Done 4%
[INFO] [1499771054.968953]: Done 6%
[INFO] [1499771055.069925]: Done 9%
[INFO] [1499771055.171043]: Done 11%
[INFO] [1499771055.272063]: Done 13%
[INFO] [1499771055.373321]: Done 15%
[INFO] [1499771055.474378]: Done 18%
[INFO] [1499771055.575463]: Done 20%
[INFO] [1499771055.676528]: Done 22%
[INFO] [1499771055.777493]: Done 25%
[INFO] [1499771055.878889]: Done 27%
[INFO] [1499771055.980587]: Done 29%
[INFO] [1499771056.081577]: Done 31%
[INFO] [1499771056.182798]: Done 34%
[INFO] [1499771056.283746]: Done 36%
[INFO] [1499771056.384784]: Done 38%
[INFO] [1499771056.485855]: Done 40%
[INFO] [1499771056.587084]: Done 43%
[INFO] [1499771056.688791]: Done 45%
[INFO] [1499771056.789772]: Done 47%
[INFO] [1499771056.890730]: Done 50%
[INFO] [1499771056.991854]: Done 52%
[INFO] [1499771057.092788]: Done 54%
[INFO] [1499771057.193827]: Done 56%
[INFO] [1499771057.294986]: Done 59%
[INFO] [1499771057.396085]: Done 61%
[INFO] [1499771057.497143]: Done 63%
[INFO] [1499771057.598122]: Done 65%
[INFO] [1499771057.699301]: Done 68%
[INFO] [1499771057.801700]: Done 70%
[INFO] [1499771057.903915]: Done 72%
[INFO] [1499771058.004951]: Done 75%
[INFO] [1499771058.105875]: Done 77%
[INFO] [1499771058.206967]: Done 79%
[INFO] [1499771058.307871]: Done 81%
[INFO] [1499771058.409128]: Done 84%
[INFO] [1499771058.510760]: Done 86%
[INFO] [1499771058.612133]: Done 88%
[INFO] [1499771058.713714]: Done 90%
[INFO] [1499771058.814984]: Done 93%
[INFO] [1499771058.916236]: Done 95%
[INFO] [1499771059.018039]: /move_sandbox_items: Succeeded
[INFO] [1499771108.880046]: /move_sandbox_items: Received a request to move hippo to 0.28, -0.15. Let's do that
[INFO] [1499771108.880816]: Moving hippo to 0.04,-0.03
[INFO] [1499771108.881119]: Requesting a plan...
[INFO] [1499771109.027333]: Received trajectory! As requested, waiting -0.000406789s before starting...
[INFO] [1499771109.027774]: Waiting a bit more (0.0s) to give the robot time to prepare...
[INFO] [1499771109.028059]: Starting to play trajectory!
[INFO] [1499771109.028632]: Done 0%
[INFO] [1499771109.129487]: Done 9%
[INFO] [1499771109.230400]: Done 18%
[INFO] [1499771109.331252]: Done 27%
[INFO] [1499771109.432065]: Done 36%
[INFO] [1499771109.532911]: Done 45%
[INFO] [1499771109.633994]: Done 54%
[INFO] [1499771109.735165]: Done 63%
[INFO] [1499771109.836129]: Done 72%
[INFO] [1499771109.937236]: Done 81%
[INFO] [1499771110.038176]: /move_sandbox_items: Succeeded
