[rospy.client][INFO] 2017-07-11 11:58:47,386: init_node, name[/sandbox_play], pid[14482]
[xmlrpc][INFO] 2017-07-11 11:58:47,386: XML-RPC server binding to 0.0.0.0:0
[xmlrpc][INFO] 2017-07-11 11:58:47,387: Started XML-RPC server [http://sandtray-hrilab:39662/]
[rospy.init][INFO] 2017-07-11 11:58:47,387: ROS Slave URI: [http://sandtray-hrilab:39662/]
[rospy.impl.masterslave][INFO] 2017-07-11 11:58:47,387: _ready: http://sandtray-hrilab:39662/
[rospy.registration][INFO] 2017-07-11 11:58:47,388: Registering with master node http://localhost:11311
[xmlrpc][INFO] 2017-07-11 11:58:47,388: xml rpc node: starting XML-RPC server
[rospy.init][INFO] 2017-07-11 11:58:47,487: registered with master
[rospy.rosout][INFO] 2017-07-11 11:58:47,487: initializing /rosout core topic
[rospy.rosout][INFO] 2017-07-11 11:58:47,489: connected to core topic /rosout
[rospy.simtime][INFO] 2017-07-11 11:58:47,491: /use_sim_time is not set, will not subscribe to simulated time [/clock] topic
[rosout][INFO] 2017-07-11 11:58:47,497: Initializing TF...
[rospy.internal][INFO] 2017-07-11 11:58:47,504: topic[/tf] adding connection to [http://sandtray-hrilab:36241/], count 0
[rospy.internal][INFO] 2017-07-11 11:58:47,505: topic[/tf] adding connection to [http://sandtray-hrilab:39043/], count 0
[rospy.internal][INFO] 2017-07-11 11:58:47,506: topic[/tf] adding connection to [http://sandtray-hrilab:44481/], count 0
[rospy.internal][INFO] 2017-07-11 11:58:47,508: topic[/tf] adding connection to [http://sandtray-hrilab:41681/], count 1
[rospy.internal][INFO] 2017-07-11 11:58:47,508: topic[/tf] adding connection to [http://sandtray-hrilab:40399/], count 1
[rospy.internal][INFO] 2017-07-11 11:58:47,509: topic[/tf] adding connection to [http://sandtray-hrilab:33621/], count 1
[rospy.internal][INFO] 2017-07-11 11:58:47,773: topic[/rosout] adding connection to [/rosout], count 0
[rosout][INFO] 2017-07-11 11:58:48,005: Waiting for move_sandbox_items action server...
[rospy.internal][INFO] 2017-07-11 11:58:48,011: topic[/zones] adding connection to [http://sandtray-hrilab:39135/], count 0
[rosout][INFO] 2017-07-11 11:58:48,014: Adding/updating a blue zone
[rosout][INFO] 2017-07-11 11:58:48,015: Adding/updating a blue zone
[rosout][INFO] 2017-07-11 11:58:48,015: Adding/updating a blue zone
[rosout][INFO] 2017-07-11 11:58:48,015: Adding/updating a blue zone
[rosout][INFO] 2017-07-11 11:58:48,016: Adding/updating a yellow zone
[rosout][INFO] 2017-07-11 11:58:48,016: Adding/updating a black zone
[rosout][INFO] 2017-07-11 11:58:48,017: Adding/updating a black zone
[rosout][INFO] 2017-07-11 11:58:48,018: Adding/updating a black zone
[rosout][INFO] 2017-07-11 11:58:48,018: Adding/updating a black zone
[rosout][INFO] 2017-07-11 11:58:48,018: Adding/updating a black zone
[rosout][INFO] 2017-07-11 11:58:48,019: Adding/updating a green zone
[rospy.internal][INFO] 2017-07-11 11:58:48,021: topic[/move_sandbox_items/status] adding connection to [http://sandtray-hrilab:46426/], count 0
[rosout][INFO] 2017-07-11 11:58:48,020: Adding/updating a green zone
[rosout][INFO] 2017-07-11 11:58:48,022: Adding/updating a green zone
[rosout][INFO] 2017-07-11 11:58:48,022: Adding/updating a green zone
[rosout][INFO] 2017-07-11 11:58:48,023: Adding/updating a green zone
[rosout][INFO] 2017-07-11 11:58:48,024: Adding/updating a white zone
[rospy.internal][INFO] 2017-07-11 11:58:48,025: topic[/move_sandbox_items/result] adding connection to [http://sandtray-hrilab:46426/], count 0
[rospy.internal][INFO] 2017-07-11 11:58:48,026: topic[/move_sandbox_items/feedback] adding connection to [http://sandtray-hrilab:46426/], count 0
[rospy.internal][INFO] 2017-07-11 11:58:48,040: topic[/move_sandbox_items/cancel] adding connection to [/move_sandbox_items], count 0
[rospy.internal][INFO] 2017-07-11 11:58:48,040: topic[/move_sandbox_items/goal] adding connection to [/move_sandbox_items], count 0
[rosout][INFO] 2017-07-11 11:58:48,043: Ready to play!
[rosout][WARNING] 2017-07-11 11:58:48,068: arm_reach is not yet published.
[rosout][INFO] 2017-07-11 11:58:48,069: Sending hippo to blue
[rospy.internal][INFO] 2017-07-11 11:58:48,490: topic[/tf] adding connection to [http://sandtray-hrilab:42559/], count 6
[rosout][INFO] 2017-07-11 11:58:51,939: Sending hippo to blue
[rospy.internal][INFO] 2017-07-11 11:58:52,994: topic[/tf] adding connection to [http://192.168.2.103:45979/], count 7
[rosout][INFO] 2017-07-11 11:58:55,607: Sending crocodile to blue
[rosout][INFO] 2017-07-11 11:58:58,200: Sending giraffe to green
[rosout][INFO] 2017-07-11 11:59:07,440: Sending hippo to blue
[rosout][INFO] 2017-07-11 11:59:10,623: Sending lion to yellow
[rosout][INFO] 2017-07-11 11:59:14,159: Sending giraffe to green
[rosout][INFO] 2017-07-11 11:59:21,109: Sending crocodile to blue
[rosout][INFO] 2017-07-11 11:59:24,563: Sending hippo to blue
[rosout][INFO] 2017-07-11 11:59:26,650: Sending crocodile to blue
[rosout][INFO] 2017-07-11 11:59:31,405: Sending caravan to white
[rosout][INFO] 2017-07-11 11:59:52,719: Adding/updating a blue zone
[rosout][INFO] 2017-07-11 11:59:52,719: Adding/updating a blue zone
[rosout][INFO] 2017-07-11 11:59:52,719: Adding/updating a blue zone
[rosout][INFO] 2017-07-11 11:59:52,719: Adding/updating a blue zone
[rosout][INFO] 2017-07-11 11:59:52,720: Adding/updating a yellow zone
[rosout][INFO] 2017-07-11 11:59:52,720: Adding/updating a black zone
[rosout][INFO] 2017-07-11 11:59:52,720: Adding/updating a black zone
[rosout][INFO] 2017-07-11 11:59:52,721: Adding/updating a black zone
[rosout][INFO] 2017-07-11 11:59:52,721: Adding/updating a black zone
[rosout][INFO] 2017-07-11 11:59:52,721: Adding/updating a black zone
[rosout][INFO] 2017-07-11 11:59:52,721: Adding/updating a green zone
[rosout][INFO] 2017-07-11 11:59:52,722: Adding/updating a green zone
[rosout][INFO] 2017-07-11 11:59:52,722: Adding/updating a green zone
[rosout][INFO] 2017-07-11 11:59:52,722: Adding/updating a green zone
[rosout][INFO] 2017-07-11 11:59:52,722: Adding/updating a green zone
[rosout][INFO] 2017-07-11 11:59:52,723: Adding/updating a white zone
[rosout][INFO] 2017-07-11 12:00:00,481: Adding/updating a blue zone
[rosout][INFO] 2017-07-11 12:00:00,481: Adding/updating a blue zone
[rosout][INFO] 2017-07-11 12:00:00,482: Adding/updating a blue zone
[rosout][INFO] 2017-07-11 12:00:00,482: Adding/updating a blue zone
[rosout][INFO] 2017-07-11 12:00:00,482: Adding/updating a yellow zone
[rosout][INFO] 2017-07-11 12:00:00,483: Adding/updating a black zone
[rosout][INFO] 2017-07-11 12:00:00,483: Adding/updating a black zone
[rosout][INFO] 2017-07-11 12:00:00,483: Adding/updating a black zone
[rosout][INFO] 2017-07-11 12:00:00,484: Adding/updating a black zone
[rosout][INFO] 2017-07-11 12:00:00,484: Adding/updating a black zone
[rosout][INFO] 2017-07-11 12:00:00,484: Adding/updating a green zone
[rosout][INFO] 2017-07-11 12:00:00,485: Adding/updating a green zone
[rosout][INFO] 2017-07-11 12:00:00,485: Adding/updating a green zone
[rosout][INFO] 2017-07-11 12:00:00,486: Adding/updating a green zone
[rosout][INFO] 2017-07-11 12:00:00,487: Adding/updating a green zone
[rosout][INFO] 2017-07-11 12:00:00,488: Adding/updating a white zone
[rosout][INFO] 2017-07-11 12:00:06,475: Adding/updating a blue zone
[rosout][INFO] 2017-07-11 12:00:06,475: Adding/updating a blue zone
[rosout][INFO] 2017-07-11 12:00:06,476: Adding/updating a blue zone
[rosout][INFO] 2017-07-11 12:00:06,476: Adding/updating a blue zone
[rosout][INFO] 2017-07-11 12:00:06,476: Adding/updating a yellow zone
[rosout][INFO] 2017-07-11 12:00:06,476: Adding/updating a black zone
[rosout][INFO] 2017-07-11 12:00:06,477: Adding/updating a black zone
[rosout][INFO] 2017-07-11 12:00:06,477: Adding/updating a black zone
[rosout][INFO] 2017-07-11 12:00:06,477: Adding/updating a black zone
[rosout][INFO] 2017-07-11 12:00:06,478: Adding/updating a black zone
[rosout][INFO] 2017-07-11 12:00:06,478: Adding/updating a green zone
[rosout][INFO] 2017-07-11 12:00:06,478: Adding/updating a green zone
[rosout][INFO] 2017-07-11 12:00:06,478: Adding/updating a green zone
[rosout][INFO] 2017-07-11 12:00:06,479: Adding/updating a green zone
[rosout][INFO] 2017-07-11 12:00:06,479: Adding/updating a green zone
[rosout][INFO] 2017-07-11 12:00:06,479: Adding/updating a green zone
[rosout][INFO] 2017-07-11 12:00:06,479: Adding/updating a white zone
[rosout][INFO] 2017-07-11 12:00:08,219: Adding/updating a blue zone
[rosout][INFO] 2017-07-11 12:00:08,220: Adding/updating a blue zone
[rosout][INFO] 2017-07-11 12:00:08,220: Adding/updating a blue zone
[rosout][INFO] 2017-07-11 12:00:08,220: Adding/updating a blue zone
[rosout][INFO] 2017-07-11 12:00:08,221: Adding/updating a yellow zone
[rosout][INFO] 2017-07-11 12:00:08,221: Adding/updating a black zone
[rosout][INFO] 2017-07-11 12:00:08,221: Adding/updating a black zone
[rosout][INFO] 2017-07-11 12:00:08,223: Adding/updating a black zone
[rosout][INFO] 2017-07-11 12:00:08,223: Adding/updating a black zone
[rosout][INFO] 2017-07-11 12:00:08,223: Adding/updating a black zone
[rosout][INFO] 2017-07-11 12:00:08,224: Adding/updating a green zone
[rosout][INFO] 2017-07-11 12:00:08,224: Adding/updating a green zone
[rosout][INFO] 2017-07-11 12:00:08,225: Adding/updating a green zone
[rosout][INFO] 2017-07-11 12:00:08,226: Adding/updating a green zone
[rosout][INFO] 2017-07-11 12:00:08,227: Adding/updating a green zone
[rosout][INFO] 2017-07-11 12:00:08,227: Adding/updating a white zone
[rosout][INFO] 2017-07-11 12:00:09,731: Adding/updating a blue zone
[rosout][INFO] 2017-07-11 12:00:09,731: Adding/updating a blue zone
[rosout][INFO] 2017-07-11 12:00:09,732: Adding/updating a blue zone
[rosout][INFO] 2017-07-11 12:00:09,732: Adding/updating a blue zone
[rosout][INFO] 2017-07-11 12:00:09,732: Adding/updating a yellow zone
[rosout][INFO] 2017-07-11 12:00:09,732: Adding/updating a black zone
[rosout][INFO] 2017-07-11 12:00:09,733: Adding/updating a black zone
[rosout][INFO] 2017-07-11 12:00:09,733: Adding/updating a black zone
[rosout][INFO] 2017-07-11 12:00:09,733: Adding/updating a black zone
[rosout][INFO] 2017-07-11 12:00:09,734: Adding/updating a black zone
[rosout][INFO] 2017-07-11 12:00:09,734: Adding/updating a green zone
[rosout][INFO] 2017-07-11 12:00:09,734: Adding/updating a green zone
[rosout][INFO] 2017-07-11 12:00:09,735: Adding/updating a green zone
[rosout][INFO] 2017-07-11 12:00:09,735: Adding/updating a green zone
[rosout][INFO] 2017-07-11 12:00:09,735: Adding/updating a green zone
[rosout][INFO] 2017-07-11 12:00:09,736: Adding/updating a white zone
[rosout][INFO] 2017-07-11 12:00:12,970: Adding/updating a blue zone
[rosout][INFO] 2017-07-11 12:00:12,970: Adding/updating a blue zone
[rosout][INFO] 2017-07-11 12:00:12,971: Adding/updating a blue zone
[rosout][INFO] 2017-07-11 12:00:12,971: Adding/updating a blue zone
[rosout][INFO] 2017-07-11 12:00:12,971: Adding/updating a yellow zone
[rosout][INFO] 2017-07-11 12:00:12,972: Adding/updating a black zone
[rosout][INFO] 2017-07-11 12:00:12,972: Adding/updating a black zone
[rosout][INFO] 2017-07-11 12:00:12,972: Adding/updating a black zone
[rosout][INFO] 2017-07-11 12:00:12,972: Adding/updating a black zone
[rosout][INFO] 2017-07-11 12:00:12,973: Adding/updating a black zone
[rosout][INFO] 2017-07-11 12:00:12,973: Adding/updating a green zone
[rosout][INFO] 2017-07-11 12:00:12,973: Adding/updating a green zone
[rosout][INFO] 2017-07-11 12:00:12,974: Adding/updating a green zone
[rosout][INFO] 2017-07-11 12:00:12,974: Adding/updating a green zone
[rosout][INFO] 2017-07-11 12:00:12,975: Adding/updating a green zone
[rosout][INFO] 2017-07-11 12:00:12,975: Adding/updating a white zone
[rosout][INFO] 2017-07-11 12:00:22,641: Sending ball to white
[rosout][INFO] 2017-07-11 12:00:30,451: Sending ball to white
[rosout][INFO] 2017-07-11 12:00:38,647: Sending lion to yellow
[rosout][INFO] 2017-07-11 12:00:42,745: Sending caravan to white
[rosout][INFO] 2017-07-11 12:00:52,985: Adding/updating a blue zone
[rosout][INFO] 2017-07-11 12:00:52,985: Adding/updating a blue zone
[rosout][INFO] 2017-07-11 12:00:52,985: Adding/updating a blue zone
[rosout][INFO] 2017-07-11 12:00:52,986: Adding/updating a blue zone
[rosout][INFO] 2017-07-11 12:00:52,986: Adding/updating a yellow zone
[rosout][INFO] 2017-07-11 12:00:52,986: Adding/updating a black zone
[rosout][INFO] 2017-07-11 12:00:52,987: Adding/updating a black zone
[rosout][INFO] 2017-07-11 12:00:52,987: Adding/updating a black zone
[rosout][INFO] 2017-07-11 12:00:52,987: Adding/updating a black zone
[rosout][INFO] 2017-07-11 12:00:52,988: Adding/updating a black zone
[rosout][INFO] 2017-07-11 12:00:52,988: Adding/updating a black zone
[rosout][INFO] 2017-07-11 12:00:52,988: Adding/updating a green zone
[rosout][INFO] 2017-07-11 12:00:52,989: Adding/updating a green zone
[rosout][INFO] 2017-07-11 12:00:52,989: Adding/updating a green zone
[rosout][INFO] 2017-07-11 12:00:52,989: Adding/updating a green zone
[rosout][INFO] 2017-07-11 12:00:52,989: Adding/updating a green zone
[rosout][INFO] 2017-07-11 12:00:52,990: Adding/updating a white zone
[rosout][INFO] 2017-07-11 12:00:53,285: Sending girl to white
[rosout][INFO] 2017-07-11 12:00:57,101: Sending giraffe to green
[rosout][INFO] 2017-07-11 12:01:00,933: Sending crocodile to blue
[rosout][INFO] 2017-07-11 12:01:01,974: Adding/updating a blue zone
[rosout][INFO] 2017-07-11 12:01:01,975: Adding/updating a blue zone
[rosout][INFO] 2017-07-11 12:01:01,975: Adding/updating a blue zone
[rosout][INFO] 2017-07-11 12:01:01,975: Adding/updating a blue zone
[rosout][INFO] 2017-07-11 12:01:01,976: Adding/updating a yellow zone
[rosout][INFO] 2017-07-11 12:01:01,976: Adding/updating a black zone
[rosout][INFO] 2017-07-11 12:01:01,976: Adding/updating a black zone
[rosout][INFO] 2017-07-11 12:01:01,976: Adding/updating a black zone
[rosout][INFO] 2017-07-11 12:01:01,977: Adding/updating a black zone
[rosout][INFO] 2017-07-11 12:01:01,977: Adding/updating a black zone
[rosout][INFO] 2017-07-11 12:01:01,977: Adding/updating a green zone
[rosout][INFO] 2017-07-11 12:01:01,978: Adding/updating a green zone
[rosout][INFO] 2017-07-11 12:01:01,978: Adding/updating a green zone
[rosout][INFO] 2017-07-11 12:01:01,979: Adding/updating a green zone
[rosout][INFO] 2017-07-11 12:01:01,979: Adding/updating a green zone
[rosout][INFO] 2017-07-11 12:01:01,980: Adding/updating a white zone
[rosout][INFO] 2017-07-11 12:01:04,639: Sending elephant to green
[rosout][INFO] 2017-07-11 12:01:05,044: Adding/updating a blue zone
[rosout][INFO] 2017-07-11 12:01:05,044: Adding/updating a blue zone
[rosout][INFO] 2017-07-11 12:01:05,045: Adding/updating a blue zone
[rosout][INFO] 2017-07-11 12:01:05,045: Adding/updating a blue zone
[rosout][INFO] 2017-07-11 12:01:05,045: Adding/updating a yellow zone
[rosout][INFO] 2017-07-11 12:01:05,046: Adding/updating a black zone
[rosout][INFO] 2017-07-11 12:01:05,046: Adding/updating a black zone
[rosout][INFO] 2017-07-11 12:01:05,046: Adding/updating a black zone
[rosout][INFO] 2017-07-11 12:01:05,047: Adding/updating a black zone
[rosout][INFO] 2017-07-11 12:01:05,047: Adding/updating a black zone
[rosout][INFO] 2017-07-11 12:01:05,048: Adding/updating a green zone
[rosout][INFO] 2017-07-11 12:01:05,048: Adding/updating a green zone
[rosout][INFO] 2017-07-11 12:01:05,048: Adding/updating a green zone
[rosout][INFO] 2017-07-11 12:01:05,049: Adding/updating a green zone
[rosout][INFO] 2017-07-11 12:01:05,049: Adding/updating a green zone
[rosout][INFO] 2017-07-11 12:01:05,050: Adding/updating a white zone
[rosout][INFO] 2017-07-11 12:01:05,978: Adding/updating a blue zone
[rosout][INFO] 2017-07-11 12:01:05,978: Adding/updating a blue zone
[rosout][INFO] 2017-07-11 12:01:05,978: Adding/updating a blue zone
[rosout][INFO] 2017-07-11 12:01:05,979: Adding/updating a blue zone
[rosout][INFO] 2017-07-11 12:01:05,979: Adding/updating a yellow zone
[rosout][INFO] 2017-07-11 12:01:05,979: Adding/updating a black zone
[rosout][INFO] 2017-07-11 12:01:05,980: Adding/updating a black zone
[rosout][INFO] 2017-07-11 12:01:05,980: Adding/updating a black zone
[rosout][INFO] 2017-07-11 12:01:05,980: Adding/updating a black zone
[rosout][INFO] 2017-07-11 12:01:05,980: Adding/updating a black zone
[rosout][INFO] 2017-07-11 12:01:05,981: Adding/updating a green zone
[rosout][INFO] 2017-07-11 12:01:05,981: Adding/updating a green zone
[rosout][INFO] 2017-07-11 12:01:05,982: Adding/updating a green zone
[rosout][INFO] 2017-07-11 12:01:05,982: Adding/updating a green zone
[rosout][INFO] 2017-07-11 12:01:05,983: Adding/updating a green zone
[rosout][INFO] 2017-07-11 12:01:05,983: Adding/updating a white zone
[rosout][INFO] 2017-07-11 12:01:07,871: Sending ball to white
[rosout][INFO] 2017-07-11 12:01:14,375: Sending giraffe to green
[rosout][INFO] 2017-07-11 12:01:17,688: Sending elephant to green
[rosout][INFO] 2017-07-11 12:01:18,511: Adding/updating a blue zone
[rosout][INFO] 2017-07-11 12:01:18,512: Adding/updating a blue zone
[rosout][INFO] 2017-07-11 12:01:18,513: Adding/updating a blue zone
[rosout][INFO] 2017-07-11 12:01:18,513: Adding/updating a blue zone
[rosout][INFO] 2017-07-11 12:01:18,513: Adding/updating a yellow zone
[rosout][INFO] 2017-07-11 12:01:18,513: Adding/updating a black zone
[rosout][INFO] 2017-07-11 12:01:18,513: Adding/updating a black zone
[rosout][INFO] 2017-07-11 12:01:18,514: Adding/updating a black zone
[rosout][INFO] 2017-07-11 12:01:18,514: Adding/updating a black zone
[rosout][INFO] 2017-07-11 12:01:18,514: Adding/updating a black zone
[rosout][INFO] 2017-07-11 12:01:18,514: Adding/updating a green zone
[rosout][INFO] 2017-07-11 12:01:18,515: Adding/updating a green zone
[rosout][INFO] 2017-07-11 12:01:18,515: Adding/updating a green zone
[rosout][INFO] 2017-07-11 12:01:18,515: Adding/updating a green zone
[rosout][INFO] 2017-07-11 12:01:18,515: Adding/updating a green zone
[rosout][INFO] 2017-07-11 12:01:18,515: Adding/updating a white zone
[rosout][INFO] 2017-07-11 12:01:22,995: Sending elephant to green
[rosout][INFO] 2017-07-11 12:01:24,989: Adding/updating a blue zone
[rosout][INFO] 2017-07-11 12:01:24,989: Adding/updating a blue zone
[rosout][INFO] 2017-07-11 12:01:24,990: Adding/updating a blue zone
[rosout][INFO] 2017-07-11 12:01:24,990: Adding/updating a blue zone
[rosout][INFO] 2017-07-11 12:01:24,991: Adding/updating a yellow zone
[rosout][INFO] 2017-07-11 12:01:24,991: Adding/updating a black zone
[rosout][INFO] 2017-07-11 12:01:24,991: Adding/updating a black zone
[rosout][INFO] 2017-07-11 12:01:24,992: Adding/updating a black zone
[rosout][INFO] 2017-07-11 12:01:24,992: Adding/updating a black zone
[rosout][INFO] 2017-07-11 12:01:24,993: Adding/updating a black zone
[rosout][INFO] 2017-07-11 12:01:24,993: Adding/updating a green zone
[rosout][INFO] 2017-07-11 12:01:24,994: Adding/updating a green zone
[rosout][INFO] 2017-07-11 12:01:24,995: Adding/updating a green zone
[rosout][INFO] 2017-07-11 12:01:24,995: Adding/updating a green zone
[rosout][INFO] 2017-07-11 12:01:24,995: Adding/updating a green zone
[rosout][INFO] 2017-07-11 12:01:24,996: Adding/updating a white zone
[rosout][INFO] 2017-07-11 12:01:39,480: Adding/updating a blue zone
[rosout][INFO] 2017-07-11 12:01:39,481: Adding/updating a blue zone
[rosout][INFO] 2017-07-11 12:01:39,481: Adding/updating a blue zone
[rosout][INFO] 2017-07-11 12:01:39,481: Adding/updating a blue zone
[rosout][INFO] 2017-07-11 12:01:39,482: Adding/updating a yellow zone
[rosout][INFO] 2017-07-11 12:01:39,482: Adding/updating a black zone
[rosout][INFO] 2017-07-11 12:01:39,482: Adding/updating a black zone
[rosout][INFO] 2017-07-11 12:01:39,483: Adding/updating a black zone
[rosout][INFO] 2017-07-11 12:01:39,484: Adding/updating a black zone
[rosout][INFO] 2017-07-11 12:01:39,485: Adding/updating a black zone
[rosout][INFO] 2017-07-11 12:01:39,485: Adding/updating a green zone
[rosout][INFO] 2017-07-11 12:01:39,485: Adding/updating a green zone
[rosout][INFO] 2017-07-11 12:01:39,486: Adding/updating a green zone
[rosout][INFO] 2017-07-11 12:01:39,487: Adding/updating a green zone
[rosout][INFO] 2017-07-11 12:01:39,488: Adding/updating a green zone
[rosout][INFO] 2017-07-11 12:01:39,488: Adding/updating a white zone
[rosout][INFO] 2017-07-11 12:01:50,941: Sending crocodile to blue
[rosout][INFO] 2017-07-11 12:01:59,289: Sending lion to yellow
[rosout][INFO] 2017-07-11 12:02:03,486: Sending lion to yellow
[rosout][INFO] 2017-07-11 12:02:05,502: Adding/updating a blue zone
[rosout][INFO] 2017-07-11 12:02:05,503: Adding/updating a blue zone
[rosout][INFO] 2017-07-11 12:02:05,503: Adding/updating a blue zone
[rosout][INFO] 2017-07-11 12:02:05,504: Adding/updating a blue zone
[rosout][INFO] 2017-07-11 12:02:05,504: Adding/updating a yellow zone
[rosout][INFO] 2017-07-11 12:02:05,505: Adding/updating a black zone
[rosout][INFO] 2017-07-11 12:02:05,505: Adding/updating a black zone
[rosout][INFO] 2017-07-11 12:02:05,506: Adding/updating a black zone
[rosout][INFO] 2017-07-11 12:02:05,506: Adding/updating a black zone
[rosout][INFO] 2017-07-11 12:02:05,507: Adding/updating a black zone
[rosout][INFO] 2017-07-11 12:02:05,507: Adding/updating a green zone
[rosout][INFO] 2017-07-11 12:02:05,507: Adding/updating a green zone
[rosout][INFO] 2017-07-11 12:02:05,508: Adding/updating a green zone
[rosout][INFO] 2017-07-11 12:02:05,508: Adding/updating a green zone
[rosout][INFO] 2017-07-11 12:02:05,509: Adding/updating a green zone
[rosout][INFO] 2017-07-11 12:02:05,509: Adding/updating a white zone
[rosout][INFO] 2017-07-11 12:02:07,237: Adding/updating a blue zone
[rosout][INFO] 2017-07-11 12:02:07,237: Adding/updating a blue zone
[rosout][INFO] 2017-07-11 12:02:07,237: Adding/updating a blue zone
[rosout][INFO] 2017-07-11 12:02:07,238: Adding/updating a blue zone
[rosout][INFO] 2017-07-11 12:02:07,238: Adding/updating a yellow zone
[rosout][INFO] 2017-07-11 12:02:07,238: Adding/updating a black zone
[rosout][INFO] 2017-07-11 12:02:07,239: Adding/updating a black zone
[rosout][INFO] 2017-07-11 12:02:07,239: Adding/updating a black zone
[rosout][INFO] 2017-07-11 12:02:07,239: Adding/updating a black zone
[rosout][INFO] 2017-07-11 12:02:07,239: Adding/updating a black zone
[rosout][INFO] 2017-07-11 12:02:07,240: Adding/updating a green zone
[rosout][INFO] 2017-07-11 12:02:07,240: Adding/updating a green zone
[rosout][INFO] 2017-07-11 12:02:07,240: Adding/updating a green zone
[rosout][INFO] 2017-07-11 12:02:07,240: Adding/updating a green zone
[rosout][INFO] 2017-07-11 12:02:07,241: Adding/updating a green zone
[rosout][INFO] 2017-07-11 12:02:07,241: Adding/updating a white zone
[rosout][INFO] 2017-07-11 12:02:11,990: Sending lion to yellow
[rosout][INFO] 2017-07-11 12:02:15,603: Sending lion to yellow
[rosout][INFO] 2017-07-11 12:02:18,680: Sending lion to yellow
[rosout][INFO] 2017-07-11 12:02:20,740: Adding/updating a blue zone
[rosout][INFO] 2017-07-11 12:02:20,740: Adding/updating a blue zone
[rosout][INFO] 2017-07-11 12:02:20,741: Adding/updating a blue zone
[rosout][INFO] 2017-07-11 12:02:20,741: Adding/updating a blue zone
[rosout][INFO] 2017-07-11 12:02:20,741: Adding/updating a yellow zone
[rosout][INFO] 2017-07-11 12:02:20,742: Adding/updating a black zone
[rosout][INFO] 2017-07-11 12:02:20,742: Adding/updating a black zone
[rosout][INFO] 2017-07-11 12:02:20,743: Adding/updating a black zone
[rosout][INFO] 2017-07-11 12:02:20,743: Adding/updating a black zone
[rosout][INFO] 2017-07-11 12:02:20,743: Adding/updating a black zone
[rosout][INFO] 2017-07-11 12:02:20,744: Adding/updating a green zone
[rosout][INFO] 2017-07-11 12:02:20,744: Adding/updating a green zone
[rosout][INFO] 2017-07-11 12:02:20,744: Adding/updating a green zone
[rosout][INFO] 2017-07-11 12:02:20,744: Adding/updating a green zone
[rosout][INFO] 2017-07-11 12:02:20,745: Adding/updating a green zone
[rosout][INFO] 2017-07-11 12:02:20,745: Adding/updating a white zone
[rosout][INFO] 2017-07-11 12:02:25,784: Adding/updating a blue zone
[rosout][INFO] 2017-07-11 12:02:25,785: Adding/updating a blue zone
[rosout][INFO] 2017-07-11 12:02:25,786: Adding/updating a blue zone
[rosout][INFO] 2017-07-11 12:02:25,786: Adding/updating a blue zone
[rosout][INFO] 2017-07-11 12:02:25,786: Adding/updating a yellow zone
[rosout][INFO] 2017-07-11 12:02:25,787: Adding/updating a black zone
[rosout][INFO] 2017-07-11 12:02:25,787: Adding/updating a black zone
[rosout][INFO] 2017-07-11 12:02:25,787: Adding/updating a black zone
[rosout][INFO] 2017-07-11 12:02:25,788: Adding/updating a black zone
[rosout][INFO] 2017-07-11 12:02:25,790: Adding/updating a black zone
[rosout][INFO] 2017-07-11 12:02:25,791: Adding/updating a green zone
[rosout][INFO] 2017-07-11 12:02:25,791: Adding/updating a green zone
[rosout][INFO] 2017-07-11 12:02:25,791: Adding/updating a green zone
[rosout][INFO] 2017-07-11 12:02:25,792: Adding/updating a green zone
[rosout][INFO] 2017-07-11 12:02:25,792: Adding/updating a green zone
[rosout][INFO] 2017-07-11 12:02:25,793: Adding/updating a white zone
[rosout][INFO] 2017-07-11 12:02:26,228: Adding/updating a blue zone
[rosout][INFO] 2017-07-11 12:02:26,228: Adding/updating a blue zone
[rosout][INFO] 2017-07-11 12:02:26,229: Adding/updating a blue zone
[rosout][INFO] 2017-07-11 12:02:26,229: Adding/updating a blue zone
[rosout][INFO] 2017-07-11 12:02:26,229: Adding/updating a yellow zone
[rosout][INFO] 2017-07-11 12:02:26,229: Adding/updating a black zone
[rosout][INFO] 2017-07-11 12:02:26,230: Adding/updating a black zone
[rosout][INFO] 2017-07-11 12:02:26,230: Adding/updating a black zone
[rosout][INFO] 2017-07-11 12:02:26,230: Adding/updating a black zone
[rosout][INFO] 2017-07-11 12:02:26,230: Adding/updating a black zone
[rosout][INFO] 2017-07-11 12:02:26,231: Adding/updating a green zone
[rosout][INFO] 2017-07-11 12:02:26,232: Adding/updating a green zone
[rosout][INFO] 2017-07-11 12:02:26,232: Adding/updating a green zone
[rosout][INFO] 2017-07-11 12:02:26,233: Adding/updating a green zone
[rosout][INFO] 2017-07-11 12:02:26,233: Adding/updating a green zone
[rosout][INFO] 2017-07-11 12:02:26,233: Adding/updating a white zone
[rosout][INFO] 2017-07-11 12:02:27,469: Sending lion to yellow
[rosout][INFO] 2017-07-11 12:02:29,492: Adding/updating a blue zone
[rosout][INFO] 2017-07-11 12:02:29,492: Adding/updating a blue zone
[rosout][INFO] 2017-07-11 12:02:29,493: Adding/updating a blue zone
[rosout][INFO] 2017-07-11 12:02:29,493: Adding/updating a blue zone
[rosout][INFO] 2017-07-11 12:02:29,494: Adding/updating a yellow zone
[rosout][INFO] 2017-07-11 12:02:29,494: Adding/updating a black zone
[rosout][INFO] 2017-07-11 12:02:29,494: Adding/updating a black zone
[rosout][INFO] 2017-07-11 12:02:29,495: Adding/updating a black zone
[rosout][INFO] 2017-07-11 12:02:29,495: Adding/updating a black zone
[rosout][INFO] 2017-07-11 12:02:29,495: Adding/updating a black zone
[rosout][INFO] 2017-07-11 12:02:29,496: Adding/updating a green zone
[rosout][INFO] 2017-07-11 12:02:29,496: Adding/updating a green zone
[rosout][INFO] 2017-07-11 12:02:29,496: Adding/updating a green zone
[rosout][INFO] 2017-07-11 12:02:29,496: Adding/updating a green zone
[rosout][INFO] 2017-07-11 12:02:29,497: Adding/updating a green zone
[rosout][INFO] 2017-07-11 12:02:29,497: Adding/updating a white zone
[rosout][INFO] 2017-07-11 12:02:30,488: Adding/updating a blue zone
[rosout][INFO] 2017-07-11 12:02:30,488: Adding/updating a blue zone
[rosout][INFO] 2017-07-11 12:02:30,489: Adding/updating a blue zone
[rosout][INFO] 2017-07-11 12:02:30,489: Adding/updating a blue zone
[rosout][INFO] 2017-07-11 12:02:30,489: Adding/updating a yellow zone
[rosout][INFO] 2017-07-11 12:02:30,490: Adding/updating a black zone
[rosout][INFO] 2017-07-11 12:02:30,490: Adding/updating a black zone
[rosout][INFO] 2017-07-11 12:02:30,491: Adding/updating a black zone
[rosout][INFO] 2017-07-11 12:02:30,491: Adding/updating a black zone
[rosout][INFO] 2017-07-11 12:02:30,493: Adding/updating a black zone
[rosout][INFO] 2017-07-11 12:02:30,494: Adding/updating a green zone
[rosout][INFO] 2017-07-11 12:02:30,494: Adding/updating a green zone
[rosout][INFO] 2017-07-11 12:02:30,495: Adding/updating a green zone
[rosout][INFO] 2017-07-11 12:02:30,495: Adding/updating a green zone
[rosout][INFO] 2017-07-11 12:02:30,495: Adding/updating a green zone
[rosout][INFO] 2017-07-11 12:02:30,496: Adding/updating a white zone
[rosout][INFO] 2017-07-11 12:02:32,782: Sending lion to yellow
[rosout][INFO] 2017-07-11 12:02:50,722: Sending elephant to green
[rosout][INFO] 2017-07-11 12:02:52,734: Adding/updating a blue zone
[rosout][INFO] 2017-07-11 12:02:52,735: Adding/updating a blue zone
[rosout][INFO] 2017-07-11 12:02:52,735: Adding/updating a blue zone
[rosout][INFO] 2017-07-11 12:02:52,736: Adding/updating a blue zone
[rosout][INFO] 2017-07-11 12:02:52,736: Adding/updating a yellow zone
[rosout][INFO] 2017-07-11 12:02:52,736: Adding/updating a black zone
[rosout][INFO] 2017-07-11 12:02:52,737: Adding/updating a black zone
[rosout][INFO] 2017-07-11 12:02:52,737: Adding/updating a black zone
[rosout][INFO] 2017-07-11 12:02:52,737: Adding/updating a black zone
[rosout][INFO] 2017-07-11 12:02:52,737: Adding/updating a black zone
[rosout][INFO] 2017-07-11 12:02:52,738: Adding/updating a green zone
[rosout][INFO] 2017-07-11 12:02:52,738: Adding/updating a green zone
[rosout][INFO] 2017-07-11 12:02:52,738: Adding/updating a green zone
[rosout][INFO] 2017-07-11 12:02:52,738: Adding/updating a green zone
[rosout][INFO] 2017-07-11 12:02:52,739: Adding/updating a green zone
[rosout][INFO] 2017-07-11 12:02:52,739: Adding/updating a white zone
[rosout][INFO] 2017-07-11 12:02:55,980: Sending girl to white
[rosout][INFO] 2017-07-11 12:03:03,033: Sending girl to white
[rosout][INFO] 2017-07-11 12:03:05,978: Adding/updating a blue zone
[rosout][INFO] 2017-07-11 12:03:05,978: Adding/updating a blue zone
[rosout][INFO] 2017-07-11 12:03:05,979: Adding/updating a blue zone
[rosout][INFO] 2017-07-11 12:03:05,979: Adding/updating a blue zone
[rosout][INFO] 2017-07-11 12:03:05,979: Adding/updating a yellow zone
[rosout][INFO] 2017-07-11 12:03:05,980: Adding/updating a black zone
[rosout][INFO] 2017-07-11 12:03:05,980: Adding/updating a black zone
[rosout][INFO] 2017-07-11 12:03:05,981: Adding/updating a black zone
[rosout][INFO] 2017-07-11 12:03:05,981: Adding/updating a black zone
[rosout][INFO] 2017-07-11 12:03:05,981: Adding/updating a black zone
[rosout][INFO] 2017-07-11 12:03:05,982: Adding/updating a green zone
[rosout][INFO] 2017-07-11 12:03:05,982: Adding/updating a green zone
[rosout][INFO] 2017-07-11 12:03:05,983: Adding/updating a green zone
[rosout][INFO] 2017-07-11 12:03:05,983: Adding/updating a green zone
[rosout][INFO] 2017-07-11 12:03:05,984: Adding/updating a green zone
[rosout][INFO] 2017-07-11 12:03:05,984: Adding/updating a white zone
[rosout][INFO] 2017-07-11 12:03:09,062: Sending caravan to white
[rosout][INFO] 2017-07-11 12:03:17,949: Sending caravan to white
[rosout][INFO] 2017-07-11 12:03:19,240: Adding/updating a blue zone
[rosout][INFO] 2017-07-11 12:03:19,240: Adding/updating a blue zone
[rosout][INFO] 2017-07-11 12:03:19,240: Adding/updating a blue zone
[rosout][INFO] 2017-07-11 12:03:19,241: Adding/updating a blue zone
[rosout][INFO] 2017-07-11 12:03:19,241: Adding/updating a yellow zone
[rosout][INFO] 2017-07-11 12:03:19,241: Adding/updating a black zone
[rosout][INFO] 2017-07-11 12:03:19,242: Adding/updating a black zone
[rosout][INFO] 2017-07-11 12:03:19,242: Adding/updating a black zone
[rosout][INFO] 2017-07-11 12:03:19,242: Adding/updating a black zone
[rosout][INFO] 2017-07-11 12:03:19,242: Adding/updating a black zone
[rosout][INFO] 2017-07-11 12:03:19,243: Adding/updating a green zone
[rosout][INFO] 2017-07-11 12:03:19,243: Adding/updating a green zone
[rosout][INFO] 2017-07-11 12:03:19,243: Adding/updating a green zone
[rosout][INFO] 2017-07-11 12:03:19,244: Adding/updating a green zone
[rosout][INFO] 2017-07-11 12:03:19,244: Adding/updating a green zone
[rosout][INFO] 2017-07-11 12:03:19,245: Adding/updating a white zone
[rosout][INFO] 2017-07-11 12:03:20,751: Adding/updating a blue zone
[rosout][INFO] 2017-07-11 12:03:20,752: Adding/updating a blue zone
[rosout][INFO] 2017-07-11 12:03:20,752: Adding/updating a blue zone
[rosout][INFO] 2017-07-11 12:03:20,753: Adding/updating a blue zone
[rosout][INFO] 2017-07-11 12:03:20,753: Adding/updating a yellow zone
[rosout][INFO] 2017-07-11 12:03:20,753: Adding/updating a black zone
[rosout][INFO] 2017-07-11 12:03:20,754: Adding/updating a black zone
[rosout][INFO] 2017-07-11 12:03:20,755: Adding/updating a black zone
[rosout][INFO] 2017-07-11 12:03:20,756: Adding/updating a black zone
[rosout][INFO] 2017-07-11 12:03:20,756: Adding/updating a black zone
[rosout][INFO] 2017-07-11 12:03:20,757: Adding/updating a green zone
[rosout][INFO] 2017-07-11 12:03:20,757: Adding/updating a green zone
[rosout][INFO] 2017-07-11 12:03:20,757: Adding/updating a green zone
[rosout][INFO] 2017-07-11 12:03:20,758: Adding/updating a green zone
[rosout][INFO] 2017-07-11 12:03:20,758: Adding/updating a green zone
[rosout][INFO] 2017-07-11 12:03:20,758: Adding/updating a white zone
[rosout][INFO] 2017-07-11 12:03:22,567: Sending girl to white
[rosout][INFO] 2017-07-11 12:03:27,619: Sending crocodile to blue
[rosout][INFO] 2017-07-11 12:03:30,000: Sending lion to yellow
[rosout][INFO] 2017-07-11 12:03:36,273: Sending crocodile to blue
[rosout][INFO] 2017-07-11 12:03:38,662: Sending crocodile to blue
[rosout][INFO] 2017-07-11 12:03:53,759: Sending hippo to blue
[rosout][INFO] 2017-07-11 12:04:08,983: Adding/updating a blue zone
[rosout][INFO] 2017-07-11 12:04:08,983: Adding/updating a blue zone
[rosout][INFO] 2017-07-11 12:04:08,984: Adding/updating a blue zone
[rosout][INFO] 2017-07-11 12:04:08,984: Adding/updating a blue zone
[rosout][INFO] 2017-07-11 12:04:08,984: Adding/updating a yellow zone
[rosout][INFO] 2017-07-11 12:04:08,985: Adding/updating a black zone
[rosout][INFO] 2017-07-11 12:04:08,985: Adding/updating a black zone
[rosout][INFO] 2017-07-11 12:04:08,985: Adding/updating a black zone
[rosout][INFO] 2017-07-11 12:04:08,986: Adding/updating a black zone
[rosout][INFO] 2017-07-11 12:04:08,986: Adding/updating a black zone
[rosout][INFO] 2017-07-11 12:04:08,986: Adding/updating a green zone
[rosout][INFO] 2017-07-11 12:04:08,987: Adding/updating a green zone
[rosout][INFO] 2017-07-11 12:04:08,987: Adding/updating a green zone
[rosout][INFO] 2017-07-11 12:04:08,987: Adding/updating a green zone
[rosout][INFO] 2017-07-11 12:04:08,987: Adding/updating a green zone
[rosout][INFO] 2017-07-11 12:04:08,990: Adding/updating a white zone
[rosout][INFO] 2017-07-11 12:04:09,373: Sending crocodile to blue
[rosout][INFO] 2017-07-11 12:04:14,556: Sending lion to yellow
[rosout][INFO] 2017-07-11 12:04:52,983: Adding/updating a blue zone
[rosout][INFO] 2017-07-11 12:04:52,984: Adding/updating a blue zone
[rosout][INFO] 2017-07-11 12:04:52,984: Adding/updating a blue zone
[rosout][INFO] 2017-07-11 12:04:52,984: Adding/updating a blue zone
[rosout][INFO] 2017-07-11 12:04:52,985: Adding/updating a yellow zone
[rosout][INFO] 2017-07-11 12:04:52,985: Adding/updating a black zone
[rosout][INFO] 2017-07-11 12:04:52,986: Adding/updating a black zone
[rosout][INFO] 2017-07-11 12:04:52,986: Adding/updating a black zone
[rosout][INFO] 2017-07-11 12:04:52,986: Adding/updating a black zone
[rosout][INFO] 2017-07-11 12:04:52,986: Adding/updating a black zone
[rosout][INFO] 2017-07-11 12:04:52,986: Adding/updating a green zone
[rosout][INFO] 2017-07-11 12:04:52,987: Adding/updating a green zone
[rosout][INFO] 2017-07-11 12:04:52,987: Adding/updating a green zone
[rosout][INFO] 2017-07-11 12:04:52,987: Adding/updating a green zone
[rosout][INFO] 2017-07-11 12:04:52,988: Adding/updating a green zone
[rosout][INFO] 2017-07-11 12:04:52,988: Adding/updating a white zone
[rosout][INFO] 2017-07-11 12:05:00,734: Adding/updating a blue zone
[rosout][INFO] 2017-07-11 12:05:00,735: Adding/updating a blue zone
[rosout][INFO] 2017-07-11 12:05:00,735: Adding/updating a blue zone
[rosout][INFO] 2017-07-11 12:05:00,735: Adding/updating a blue zone
[rosout][INFO] 2017-07-11 12:05:00,736: Adding/updating a yellow zone
[rosout][INFO] 2017-07-11 12:05:00,736: Adding/updating a black zone
[rosout][INFO] 2017-07-11 12:05:00,736: Adding/updating a black zone
[rosout][INFO] 2017-07-11 12:05:00,737: Adding/updating a black zone
[rosout][INFO] 2017-07-11 12:05:00,737: Adding/updating a black zone
[rosout][INFO] 2017-07-11 12:05:00,737: Adding/updating a black zone
[rosout][INFO] 2017-07-11 12:05:00,738: Adding/updating a green zone
[rosout][INFO] 2017-07-11 12:05:00,738: Adding/updating a green zone
[rosout][INFO] 2017-07-11 12:05:00,739: Adding/updating a green zone
[rosout][INFO] 2017-07-11 12:05:00,739: Adding/updating a green zone
[rosout][INFO] 2017-07-11 12:05:00,739: Adding/updating a green zone
[rosout][INFO] 2017-07-11 12:05:00,740: Adding/updating a white zone
[rosout][INFO] 2017-07-11 12:05:01,235: Adding/updating a blue zone
[rosout][INFO] 2017-07-11 12:05:01,235: Adding/updating a blue zone
[rosout][INFO] 2017-07-11 12:05:01,236: Adding/updating a blue zone
[rosout][INFO] 2017-07-11 12:05:01,236: Adding/updating a blue zone
[rosout][INFO] 2017-07-11 12:05:01,237: Adding/updating a yellow zone
[rosout][INFO] 2017-07-11 12:05:01,237: Adding/updating a black zone
[rosout][INFO] 2017-07-11 12:05:01,237: Adding/updating a black zone
[rosout][INFO] 2017-07-11 12:05:01,238: Adding/updating a black zone
[rosout][INFO] 2017-07-11 12:05:01,238: Adding/updating a black zone
[rosout][INFO] 2017-07-11 12:05:01,238: Adding/updating a black zone
[rosout][INFO] 2017-07-11 12:05:01,239: Adding/updating a green zone
[rosout][INFO] 2017-07-11 12:05:01,239: Adding/updating a green zone
[rosout][INFO] 2017-07-11 12:05:01,240: Adding/updating a green zone
[rosout][INFO] 2017-07-11 12:05:01,240: Adding/updating a green zone
[rosout][INFO] 2017-07-11 12:05:01,240: Adding/updating a green zone
[rosout][INFO] 2017-07-11 12:05:01,241: Adding/updating a white zone
[rosout][INFO] 2017-07-11 12:05:01,726: Adding/updating a blue zone
[rosout][INFO] 2017-07-11 12:05:01,727: Adding/updating a blue zone
[rosout][INFO] 2017-07-11 12:05:01,727: Adding/updating a blue zone
[rosout][INFO] 2017-07-11 12:05:01,727: Adding/updating a blue zone
[rosout][INFO] 2017-07-11 12:05:01,728: Adding/updating a yellow zone
[rosout][INFO] 2017-07-11 12:05:01,728: Adding/updating a black zone
[rosout][INFO] 2017-07-11 12:05:01,728: Adding/updating a black zone
[rosout][INFO] 2017-07-11 12:05:01,729: Adding/updating a black zone
[rosout][INFO] 2017-07-11 12:05:01,729: Adding/updating a black zone
[rosout][INFO] 2017-07-11 12:05:01,729: Adding/updating a black zone
[rosout][INFO] 2017-07-11 12:05:01,730: Adding/updating a green zone
[rosout][INFO] 2017-07-11 12:05:01,730: Adding/updating a green zone
[rosout][INFO] 2017-07-11 12:05:01,730: Adding/updating a green zone
[rosout][INFO] 2017-07-11 12:05:01,731: Adding/updating a green zone
[rosout][INFO] 2017-07-11 12:05:01,731: Adding/updating a green zone
[rosout][INFO] 2017-07-11 12:05:01,731: Adding/updating a white zone
[rosout][INFO] 2017-07-11 12:05:08,852: Sending hippo to blue
[rospy.internal][WARNING] 2017-07-11 12:05:09,496: Unknown error initiating TCP/IP socket to 192.168.2.103:35012 (http://192.168.2.103:45979/): Traceback (most recent call last):
  File "/opt/ros/kinetic/lib/python2.7/dist-packages/rospy/impl/tcpros_base.py", line 555, in connect
    self.socket.connect((dest_addr, dest_port))
  File "/usr/lib/python2.7/socket.py", line 228, in meth
    return getattr(self._sock,name)(*args)
error: [Errno 111] Connection refused

[rospy.internal][INFO] 2017-07-11 12:05:09,496: topic[/tf] removing connection to http://192.168.2.103:45979/
[rospy.core][INFO] 2017-07-11 12:05:09,693: signal_shutdown [signal-2]
[rospy.internal][INFO] 2017-07-11 12:05:09,703: topic[/move_sandbox_items/goal] removing connection to /move_sandbox_items
[rospy.internal][INFO] 2017-07-11 12:05:09,704: topic[/move_sandbox_items/cancel] removing connection to /move_sandbox_items
[rospy.internal][INFO] 2017-07-11 12:05:09,705: topic[/rosout] removing connection to /rosout
[rospy.internal][INFO] 2017-07-11 12:05:09,706: topic[/move_sandbox_items/result] removing connection to http://sandtray-hrilab:46426/
[rospy.internal][INFO] 2017-07-11 12:05:09,706: topic[/zones] removing connection to http://sandtray-hrilab:39135/
[rospy.internal][INFO] 2017-07-11 12:05:09,707: topic[/tf] removing connection to http://sandtray-hrilab:36241/
[rospy.internal][INFO] 2017-07-11 12:05:09,707: topic[/tf] removing connection to http://sandtray-hrilab:39043/
[rospy.internal][INFO] 2017-07-11 12:05:09,707: topic[/tf] removing connection to http://sandtray-hrilab:44481/
[rospy.internal][WARNING] 2017-07-11 12:05:09,707: Unknown error initiating TCP/IP socket to sandtray-hrilab:35633 (http://sandtray-hrilab:46426/): Traceback (most recent call last):
  File "/opt/ros/kinetic/lib/python2.7/dist-packages/rospy/impl/tcpros_base.py", line 558, in connect
    self.local_endpoint = self.socket.getsockname()
AttributeError: 'NoneType' object has no attribute 'getsockname'

[rospy.internal][INFO] 2017-07-11 12:05:09,708: topic[/tf] removing connection to http://sandtray-hrilab:41681/
[rospy.internal][INFO] 2017-07-11 12:05:09,709: topic[/tf] removing connection to http://sandtray-hrilab:40399/
[rospy.internal][INFO] 2017-07-11 12:05:09,709: topic[/tf] removing connection to http://sandtray-hrilab:33621/
[rospy.internal][INFO] 2017-07-11 12:05:09,709: topic[/tf] removing connection to http://sandtray-hrilab:42559/
[rospy.internal][INFO] 2017-07-11 12:05:09,709: topic[/move_sandbox_items/feedback] removing connection to http://sandtray-hrilab:46426/
[rospy.internal][INFO] 2017-07-11 12:05:09,710: topic[/move_sandbox_items/status] removing connection to http://sandtray-hrilab:46426/
[rospy.impl.masterslave][INFO] 2017-07-11 12:05:09,710: signal-2
[rospy.internal][WARNING] 2017-07-11 12:05:09,711: Unknown error initiating TCP/IP socket to sandtray-hrilab:35633 (http://sandtray-hrilab:46426/): Traceback (most recent call last):
  File "/opt/ros/kinetic/lib/python2.7/dist-packages/rospy/impl/tcpros_base.py", line 558, in connect
    self.local_endpoint = self.socket.getsockname()
AttributeError: 'NoneType' object has no attribute 'getsockname'

[rospy.core][INFO] 2017-07-11 12:05:11,836: signal_shutdown [atexit]
