[rospy.client][INFO] 2017-07-11 11:51:52,244: init_node, name[/sandbox_zones_from_image], pid[12531]
[xmlrpc][INFO] 2017-07-11 11:51:52,244: XML-RPC server binding to 0.0.0.0:0
[xmlrpc][INFO] 2017-07-11 11:51:52,244: Started XML-RPC server [http://sandtray-hrilab:39135/]
[rospy.init][INFO] 2017-07-11 11:51:52,244: ROS Slave URI: [http://sandtray-hrilab:39135/]
[rospy.impl.masterslave][INFO] 2017-07-11 11:51:52,244: _ready: http://sandtray-hrilab:39135/
[rospy.registration][INFO] 2017-07-11 11:51:52,245: Registering with master node http://localhost:11311
[xmlrpc][INFO] 2017-07-11 11:51:52,245: xml rpc node: starting XML-RPC server
[rospy.init][INFO] 2017-07-11 11:51:52,345: registered with master
[rospy.rosout][INFO] 2017-07-11 11:51:52,345: initializing /rosout core topic
[rospy.rosout][INFO] 2017-07-11 11:51:52,347: connected to core topic /rosout
[rospy.simtime][INFO] 2017-07-11 11:51:52,348: /use_sim_time is not set, will not subscribe to simulated time [/clock] topic
[rosout][INFO] 2017-07-11 11:51:52,358: Waiting for images of the playground
[rospy.internal][INFO] 2017-07-11 11:51:52,360: topic[/sandtray/background/camera_info] adding connection to [http://sandtray-hrilab:44481/], count 0
[rospy.internal][INFO] 2017-07-11 11:51:52,361: topic[/sandtray/background/image] adding connection to [http://sandtray-hrilab:44481/], count 0
[rosout][INFO] 2017-07-11 11:51:52,373: Received the playground image. Detecting zones...
[rosout][INFO] 2017-07-11 11:51:52,394: Publishing the detected zones on /zones
[rospy.internal][INFO] 2017-07-11 11:51:52,632: topic[/rosout] adding connection to [/rosout], count 0
[rosout][INFO] 2017-07-11 11:52:00,891: Received the playground image. Detecting zones...
[rosout][INFO] 2017-07-11 11:52:00,904: Publishing the detected zones on /zones
[rosout][INFO] 2017-07-11 11:52:13,910: Received the playground image. Detecting zones...
[rosout][INFO] 2017-07-11 11:52:13,924: Publishing the detected zones on /zones
[rosout][INFO] 2017-07-11 11:52:30,385: Received the playground image. Detecting zones...
[rosout][INFO] 2017-07-11 11:52:30,397: Publishing the detected zones on /zones
[rosout][INFO] 2017-07-11 11:52:40,640: Received the playground image. Detecting zones...
[rosout][INFO] 2017-07-11 11:52:40,655: Publishing the detected zones on /zones
[rosout][INFO] 2017-07-11 11:52:42,144: Received the playground image. Detecting zones...
[rosout][INFO] 2017-07-11 11:52:42,157: Publishing the detected zones on /zones
[rosout][INFO] 2017-07-11 11:52:50,145: Received the playground image. Detecting zones...
[rosout][INFO] 2017-07-11 11:52:50,158: Publishing the detected zones on /zones
[rosout][INFO] 2017-07-11 11:52:53,416: Received the playground image. Detecting zones...
[rosout][INFO] 2017-07-11 11:52:53,433: Publishing the detected zones on /zones
[rosout][INFO] 2017-07-11 11:52:53,642: Received the playground image. Detecting zones...
[rosout][INFO] 2017-07-11 11:52:53,664: Publishing the detected zones on /zones
[rosout][INFO] 2017-07-11 11:52:57,426: Received the playground image. Detecting zones...
[rosout][INFO] 2017-07-11 11:52:57,448: Publishing the detected zones on /zones
[rosout][INFO] 2017-07-11 11:52:57,672: Received the playground image. Detecting zones...
[rosout][INFO] 2017-07-11 11:52:57,697: Publishing the detected zones on /zones
[rosout][INFO] 2017-07-11 11:52:58,165: Received the playground image. Detecting zones...
[rosout][INFO] 2017-07-11 11:52:58,183: Publishing the detected zones on /zones
[rosout][INFO] 2017-07-11 11:53:02,642: Received the playground image. Detecting zones...
[rosout][INFO] 2017-07-11 11:53:02,659: Publishing the detected zones on /zones
[rosout][INFO] 2017-07-11 11:53:06,678: Received the playground image. Detecting zones...
[rosout][INFO] 2017-07-11 11:53:06,691: Publishing the detected zones on /zones
[rosout][INFO] 2017-07-11 11:58:46,909: Received the playground image. Detecting zones...
[rosout][INFO] 2017-07-11 11:58:46,925: Publishing the detected zones on /zones
[rospy.internal][INFO] 2017-07-11 11:58:47,531: topic[/zones] adding connection to [/rosbag_record_freeplay_sandbox], count 0
[rospy.internal][INFO] 2017-07-11 11:58:48,012: topic[/zones] adding connection to [/sandbox_play], count 1
[rosout][INFO] 2017-07-11 11:59:52,671: Received the playground image. Detecting zones...
[rosout][INFO] 2017-07-11 11:59:52,692: Publishing the detected zones on /zones
[rosout][INFO] 2017-07-11 12:00:00,424: Received the playground image. Detecting zones...
[rosout][INFO] 2017-07-11 12:00:00,454: Publishing the detected zones on /zones
[rosout][INFO] 2017-07-11 12:00:06,415: Received the playground image. Detecting zones...
[rosout][INFO] 2017-07-11 12:00:06,448: Publishing the detected zones on /zones
[rosout][INFO] 2017-07-11 12:00:08,176: Received the playground image. Detecting zones...
[rosout][INFO] 2017-07-11 12:00:08,194: Publishing the detected zones on /zones
[rosout][INFO] 2017-07-11 12:00:09,675: Received the playground image. Detecting zones...
[rosout][INFO] 2017-07-11 12:00:09,702: Publishing the detected zones on /zones
[rosout][INFO] 2017-07-11 12:00:12,924: Received the playground image. Detecting zones...
[rosout][INFO] 2017-07-11 12:00:12,943: Publishing the detected zones on /zones
[rosout][INFO] 2017-07-11 12:00:52,929: Received the playground image. Detecting zones...
[rosout][INFO] 2017-07-11 12:00:52,954: Publishing the detected zones on /zones
[rosout][INFO] 2017-07-11 12:01:01,917: Received the playground image. Detecting zones...
[rosout][INFO] 2017-07-11 12:01:01,946: Publishing the detected zones on /zones
[rosout][INFO] 2017-07-11 12:01:04,995: Received the playground image. Detecting zones...
[rosout][INFO] 2017-07-11 12:01:05,023: Publishing the detected zones on /zones
[rosout][INFO] 2017-07-11 12:01:05,938: Received the playground image. Detecting zones...
[rosout][INFO] 2017-07-11 12:01:05,961: Publishing the detected zones on /zones
[rosout][INFO] 2017-07-11 12:01:18,452: Received the playground image. Detecting zones...
[rosout][INFO] 2017-07-11 12:01:18,478: Publishing the detected zones on /zones
[rosout][INFO] 2017-07-11 12:01:24,943: Received the playground image. Detecting zones...
[rosout][INFO] 2017-07-11 12:01:24,963: Publishing the detected zones on /zones
[rosout][INFO] 2017-07-11 12:01:39,430: Received the playground image. Detecting zones...
[rosout][INFO] 2017-07-11 12:01:39,452: Publishing the detected zones on /zones
[rosout][INFO] 2017-07-11 12:02:05,448: Received the playground image. Detecting zones...
[rosout][INFO] 2017-07-11 12:02:05,470: Publishing the detected zones on /zones
[rosout][INFO] 2017-07-11 12:02:07,189: Received the playground image. Detecting zones...
[rosout][INFO] 2017-07-11 12:02:07,211: Publishing the detected zones on /zones
[rosout][INFO] 2017-07-11 12:02:20,681: Received the playground image. Detecting zones...
[rosout][INFO] 2017-07-11 12:02:20,711: Publishing the detected zones on /zones
[rosout][INFO] 2017-07-11 12:02:25,719: Received the playground image. Detecting zones...
[rosout][INFO] 2017-07-11 12:02:25,748: Publishing the detected zones on /zones
[rosout][INFO] 2017-07-11 12:02:26,181: Received the playground image. Detecting zones...
[rosout][INFO] 2017-07-11 12:02:26,198: Publishing the detected zones on /zones
[rosout][INFO] 2017-07-11 12:02:29,441: Received the playground image. Detecting zones...
[rosout][INFO] 2017-07-11 12:02:29,464: Publishing the detected zones on /zones
[rosout][INFO] 2017-07-11 12:02:30,434: Received the playground image. Detecting zones...
[rosout][INFO] 2017-07-11 12:02:30,457: Publishing the detected zones on /zones
[rosout][INFO] 2017-07-11 12:02:52,680: Received the playground image. Detecting zones...
[rosout][INFO] 2017-07-11 12:02:52,700: Publishing the detected zones on /zones
[rosout][INFO] 2017-07-11 12:03:05,934: Received the playground image. Detecting zones...
[rosout][INFO] 2017-07-11 12:03:05,956: Publishing the detected zones on /zones
[rosout][INFO] 2017-07-11 12:03:19,177: Received the playground image. Detecting zones...
[rosout][INFO] 2017-07-11 12:03:19,211: Publishing the detected zones on /zones
[rosout][INFO] 2017-07-11 12:03:20,698: Received the playground image. Detecting zones...
[rosout][INFO] 2017-07-11 12:03:20,721: Publishing the detected zones on /zones
[rosout][INFO] 2017-07-11 12:04:08,929: Received the playground image. Detecting zones...
[rosout][INFO] 2017-07-11 12:04:08,954: Publishing the detected zones on /zones
[rosout][INFO] 2017-07-11 12:04:52,934: Received the playground image. Detecting zones...
[rosout][INFO] 2017-07-11 12:04:52,958: Publishing the detected zones on /zones
[rosout][INFO] 2017-07-11 12:05:00,672: Received the playground image. Detecting zones...
[rosout][INFO] 2017-07-11 12:05:00,706: Publishing the detected zones on /zones
[rosout][INFO] 2017-07-11 12:05:01,186: Received the playground image. Detecting zones...
[rosout][INFO] 2017-07-11 12:05:01,208: Publishing the detected zones on /zones
[rosout][INFO] 2017-07-11 12:05:01,677: Received the playground image. Detecting zones...
[rosout][INFO] 2017-07-11 12:05:01,695: Publishing the detected zones on /zones
[rospy.internal][INFO] 2017-07-11 12:05:10,180: topic[/zones] removing connection to /sandbox_play
[rosout][INFO] 2017-07-11 12:05:14,179: Received the playground image. Detecting zones...
[rosout][INFO] 2017-07-11 12:05:14,196: Publishing the detected zones on /zones
[rosout][INFO] 2017-07-11 12:05:16,924: Received the playground image. Detecting zones...
[rosout][INFO] 2017-07-11 12:05:16,943: Publishing the detected zones on /zones
[rosout][INFO] 2017-07-11 12:05:26,434: Received the playground image. Detecting zones...
[rosout][INFO] 2017-07-11 12:05:26,459: Publishing the detected zones on /zones
[rosout][INFO] 2017-07-11 12:05:33,924: Received the playground image. Detecting zones...
[rosout][INFO] 2017-07-11 12:05:33,946: Publishing the detected zones on /zones
[rospy.internal][INFO] 2017-07-11 12:06:19,208: topic[/zones] removing connection to /rosbag_record_freeplay_sandbox
[rospy.core][INFO] 2017-07-11 12:09:36,866: signal_shutdown [signal-2]
[rospy.internal][INFO] 2017-07-11 12:09:36,870: topic[/rosout] removing connection to /rosout
[rospy.internal][INFO] 2017-07-11 12:09:36,870: topic[/sandtray/background/image] removing connection to http://sandtray-hrilab:44481/
[rospy.internal][WARNING] 2017-07-11 12:09:36,871: Unknown error initiating TCP/IP socket to sandtray-hrilab:60142 (http://sandtray-hrilab:44481/): Traceback (most recent call last):
  File "/opt/ros/kinetic/lib/python2.7/dist-packages/rospy/impl/tcpros_base.py", line 557, in connect
    self.read_header()
  File "/opt/ros/kinetic/lib/python2.7/dist-packages/rospy/impl/tcpros_base.py", line 650, in read_header
    self._validate_header(read_ros_handshake_header(sock, self.read_buff, self.protocol.buff_size))
AttributeError: 'NoneType' object has no attribute 'buff_size'

[rospy.topics][ERROR] 2017-07-11 12:09:36,871: Traceback (most recent call last):
  File "/opt/ros/kinetic/lib/python2.7/dist-packages/rospy/topics.py", line 326, in close
    c.close()
  File "/opt/ros/kinetic/lib/python2.7/dist-packages/rospy/impl/tcpros_base.py", line 838, in close
    self.socket.close()
AttributeError: 'NoneType' object has no attribute 'close'

[rospy.internal][INFO] 2017-07-11 12:09:36,871: topic[/sandtray/background/camera_info] removing connection to http://sandtray-hrilab:44481/
[rospy.impl.masterslave][INFO] 2017-07-11 12:09:36,872: signal-2
[rospy.core][INFO] 2017-07-11 12:09:37,025: signal_shutdown [signal-15]
[rospy.core][INFO] 2017-07-11 12:09:37,025: signal_shutdown [atexit]
