[rospy.client][INFO] 2017-06-22 14:13:05,421: init_node, name[/sandbox_zones_from_image], pid[21361]
[xmlrpc][INFO] 2017-06-22 14:13:05,421: XML-RPC server binding to 0.0.0.0:0
[xmlrpc][INFO] 2017-06-22 14:13:05,422: Started XML-RPC server [http://sandtray-hrilab:42150/]
[rospy.init][INFO] 2017-06-22 14:13:05,422: ROS Slave URI: [http://sandtray-hrilab:42150/]
[rospy.impl.masterslave][INFO] 2017-06-22 14:13:05,422: _ready: http://sandtray-hrilab:42150/
[rospy.registration][INFO] 2017-06-22 14:13:05,422: Registering with master node http://localhost:11311
[xmlrpc][INFO] 2017-06-22 14:13:05,423: xml rpc node: starting XML-RPC server
[rospy.init][INFO] 2017-06-22 14:13:05,522: registered with master
[rospy.rosout][INFO] 2017-06-22 14:13:05,522: initializing /rosout core topic
[rospy.rosout][INFO] 2017-06-22 14:13:05,525: connected to core topic /rosout
[rospy.simtime][INFO] 2017-06-22 14:13:05,526: /use_sim_time is not set, will not subscribe to simulated time [/clock] topic
[rosout][INFO] 2017-06-22 14:13:05,533: Waiting for images of the playground
[rospy.internal][INFO] 2017-06-22 14:13:05,538: topic[/sandtray/background/camera_info] adding connection to [http://sandtray-hrilab:45609/], count 0
[rospy.internal][INFO] 2017-06-22 14:13:05,538: topic[/sandtray/background/image] adding connection to [http://sandtray-hrilab:45609/], count 0
[rosout][INFO] 2017-06-22 14:13:05,550: Received the playground image. Detecting zones...
[rosout][INFO] 2017-06-22 14:13:05,568: Publishing the detected zones on /zones
[rospy.internal][INFO] 2017-06-22 14:13:05,811: topic[/rosout] adding connection to [/rosout], count 0
[rosout][INFO] 2017-06-22 14:16:21,269: Received the playground image. Detecting zones...
[rosout][INFO] 2017-06-22 14:16:21,283: Publishing the detected zones on /zones
[rospy.internal][INFO] 2017-06-22 14:16:21,811: topic[/zones] adding connection to [/rosbag_record_freeplay_sandbox], count 0
[rospy.internal][INFO] 2017-06-22 14:16:22,538: topic[/zones] adding connection to [/sandbox_play], count 1
[rosout][INFO] 2017-06-22 14:18:57,386: Received the playground image. Detecting zones...
[rosout][INFO] 2017-06-22 14:18:57,421: Publishing the detected zones on /zones
[rosout][INFO] 2017-06-22 14:19:11,867: Received the playground image. Detecting zones...
[rosout][INFO] 2017-06-22 14:19:11,892: Publishing the detected zones on /zones
[rosout][INFO] 2017-06-22 14:19:49,129: Received the playground image. Detecting zones...
[rosout][INFO] 2017-06-22 14:19:49,152: Publishing the detected zones on /zones
[rosout][INFO] 2017-06-22 14:20:21,898: Received the playground image. Detecting zones...
[rosout][INFO] 2017-06-22 14:20:21,927: Publishing the detected zones on /zones
[rosout][INFO] 2017-06-22 14:20:28,626: Received the playground image. Detecting zones...
[rosout][INFO] 2017-06-22 14:20:28,658: Publishing the detected zones on /zones
[rosout][INFO] 2017-06-22 14:20:39,392: Received the playground image. Detecting zones...
[rosout][INFO] 2017-06-22 14:20:39,423: Publishing the detected zones on /zones
[rosout][INFO] 2017-06-22 14:20:40,084: Received the playground image. Detecting zones...
[rosout][INFO] 2017-06-22 14:20:40,101: Publishing the detected zones on /zones
[rosout][INFO] 2017-06-22 14:20:40,888: Received the playground image. Detecting zones...
[rosout][INFO] 2017-06-22 14:20:40,919: Publishing the detected zones on /zones
[rosout][INFO] 2017-06-22 14:20:41,633: Received the playground image. Detecting zones...
[rosout][INFO] 2017-06-22 14:20:41,656: Publishing the detected zones on /zones
[rosout][INFO] 2017-06-22 14:20:42,116: Received the playground image. Detecting zones...
[rosout][INFO] 2017-06-22 14:20:42,133: Publishing the detected zones on /zones
[rosout][INFO] 2017-06-22 14:20:43,882: Received the playground image. Detecting zones...
[rosout][INFO] 2017-06-22 14:20:43,904: Publishing the detected zones on /zones
[rosout][INFO] 2017-06-22 14:20:50,894: Received the playground image. Detecting zones...
[rosout][INFO] 2017-06-22 14:20:50,924: Publishing the detected zones on /zones
[rosout][INFO] 2017-06-22 14:20:51,935: Received the playground image. Detecting zones...
[rosout][INFO] 2017-06-22 14:20:51,959: Publishing the detected zones on /zones
[rosout][INFO] 2017-06-22 14:21:04,658: Received the playground image. Detecting zones...
[rosout][INFO] 2017-06-22 14:21:04,676: Publishing the detected zones on /zones
[rosout][INFO] 2017-06-22 14:21:07,350: Received the playground image. Detecting zones...
[rosout][INFO] 2017-06-22 14:21:07,366: Publishing the detected zones on /zones
[rosout][INFO] 2017-06-22 14:21:11,092: Received the playground image. Detecting zones...
[rosout][INFO] 2017-06-22 14:21:11,107: Publishing the detected zones on /zones
[rosout][INFO] 2017-06-22 14:21:14,838: Received the playground image. Detecting zones...
[rosout][INFO] 2017-06-22 14:21:14,860: Publishing the detected zones on /zones
[rosout][INFO] 2017-06-22 14:21:16,117: Received the playground image. Detecting zones...
[rosout][INFO] 2017-06-22 14:21:16,138: Publishing the detected zones on /zones
[rosout][INFO] 2017-06-22 14:21:22,087: Received the playground image. Detecting zones...
[rosout][INFO] 2017-06-22 14:21:22,105: Publishing the detected zones on /zones
[rosout][INFO] 2017-06-22 14:21:26,332: Received the playground image. Detecting zones...
[rosout][INFO] 2017-06-22 14:21:26,354: Publishing the detected zones on /zones
[rosout][INFO] 2017-06-22 14:21:27,605: Received the playground image. Detecting zones...
[rosout][INFO] 2017-06-22 14:21:27,629: Publishing the detected zones on /zones
[rosout][INFO] 2017-06-22 14:21:38,845: Received the playground image. Detecting zones...
[rosout][INFO] 2017-06-22 14:21:38,881: Publishing the detected zones on /zones
[rosout][INFO] 2017-06-22 14:21:45,139: Received the playground image. Detecting zones...
[rosout][INFO] 2017-06-22 14:21:45,156: Publishing the detected zones on /zones
[rosout][INFO] 2017-06-22 14:21:52,086: Received the playground image. Detecting zones...
[rosout][INFO] 2017-06-22 14:21:52,109: Publishing the detected zones on /zones
[rosout][INFO] 2017-06-22 14:21:58,901: Received the playground image. Detecting zones...
[rosout][INFO] 2017-06-22 14:21:58,922: Publishing the detected zones on /zones
[rosout][INFO] 2017-06-22 14:22:00,858: Received the playground image. Detecting zones...
[rosout][INFO] 2017-06-22 14:22:00,878: Publishing the detected zones on /zones
[rosout][INFO] 2017-06-22 14:22:10,144: Received the playground image. Detecting zones...
[rosout][INFO] 2017-06-22 14:22:10,163: Publishing the detected zones on /zones
[rosout][INFO] 2017-06-22 14:22:55,345: Received the playground image. Detecting zones...
[rosout][INFO] 2017-06-22 14:22:55,368: Publishing the detected zones on /zones
[rosout][INFO] 2017-06-22 14:23:02,646: Received the playground image. Detecting zones...
[rosout][INFO] 2017-06-22 14:23:02,664: Publishing the detected zones on /zones
[rosout][INFO] 2017-06-22 14:23:11,366: Received the playground image. Detecting zones...
[rosout][INFO] 2017-06-22 14:23:11,387: Publishing the detected zones on /zones
[rosout][INFO] 2017-06-22 14:23:17,856: Received the playground image. Detecting zones...
[rosout][INFO] 2017-06-22 14:23:17,874: Publishing the detected zones on /zones
[rosout][INFO] 2017-06-22 14:23:18,383: Received the playground image. Detecting zones...
[rosout][INFO] 2017-06-22 14:23:18,409: Publishing the detected zones on /zones
[rosout][INFO] 2017-06-22 14:23:22,376: Received the playground image. Detecting zones...
[rosout][INFO] 2017-06-22 14:23:22,395: Publishing the detected zones on /zones
[rosout][INFO] 2017-06-22 14:23:27,855: Received the playground image. Detecting zones...
[rosout][INFO] 2017-06-22 14:23:27,883: Publishing the detected zones on /zones
[rosout][INFO] 2017-06-22 14:23:55,371: Received the playground image. Detecting zones...
[rosout][INFO] 2017-06-22 14:23:55,399: Publishing the detected zones on /zones
[rosout][INFO] 2017-06-22 14:23:59,614: Received the playground image. Detecting zones...
[rosout][INFO] 2017-06-22 14:23:59,649: Publishing the detected zones on /zones
[rosout][INFO] 2017-06-22 14:24:00,861: Received the playground image. Detecting zones...
[rosout][INFO] 2017-06-22 14:24:00,886: Publishing the detected zones on /zones
[rosout][INFO] 2017-06-22 14:24:07,160: Received the playground image. Detecting zones...
[rosout][INFO] 2017-06-22 14:24:07,189: Publishing the detected zones on /zones
[rosout][INFO] 2017-06-22 14:24:09,377: Received the playground image. Detecting zones...
[rosout][INFO] 2017-06-22 14:24:09,398: Publishing the detected zones on /zones
[rosout][INFO] 2017-06-22 14:24:11,860: Received the playground image. Detecting zones...
[rosout][INFO] 2017-06-22 14:24:11,882: Publishing the detected zones on /zones
[rosout][INFO] 2017-06-22 14:24:12,415: Received the playground image. Detecting zones...
[rosout][INFO] 2017-06-22 14:24:12,444: Publishing the detected zones on /zones
[rosout][INFO] 2017-06-22 14:24:12,815: Received the playground image. Detecting zones...
[rosout][INFO] 2017-06-22 14:24:12,840: Publishing the detected zones on /zones
[rosout][INFO] 2017-06-22 14:24:13,059: Received the playground image. Detecting zones...
[rosout][INFO] 2017-06-22 14:24:13,075: Publishing the detected zones on /zones
[rosout][INFO] 2017-06-22 14:24:13,935: Received the playground image. Detecting zones...
[rosout][INFO] 2017-06-22 14:24:13,957: Publishing the detected zones on /zones
[rosout][INFO] 2017-06-22 14:24:14,609: Received the playground image. Detecting zones...
[rosout][INFO] 2017-06-22 14:24:14,642: Publishing the detected zones on /zones
[rosout][INFO] 2017-06-22 14:24:15,135: Received the playground image. Detecting zones...
[rosout][INFO] 2017-06-22 14:24:15,156: Publishing the detected zones on /zones
[rosout][INFO] 2017-06-22 14:24:15,671: Received the playground image. Detecting zones...
[rosout][INFO] 2017-06-22 14:24:15,695: Publishing the detected zones on /zones
[rosout][INFO] 2017-06-22 14:24:17,702: Received the playground image. Detecting zones...
[rosout][INFO] 2017-06-22 14:24:17,735: Publishing the detected zones on /zones
[rosout][INFO] 2017-06-22 14:24:18,365: Received the playground image. Detecting zones...
[rosout][INFO] 2017-06-22 14:24:18,388: Publishing the detected zones on /zones
[rosout][INFO] 2017-06-22 14:24:18,649: Received the playground image. Detecting zones...
[rosout][INFO] 2017-06-22 14:24:18,682: Publishing the detected zones on /zones
[rosout][INFO] 2017-06-22 14:24:18,897: Received the playground image. Detecting zones...
[rosout][INFO] 2017-06-22 14:24:18,930: Publishing the detected zones on /zones
[rosout][INFO] 2017-06-22 14:24:19,380: Received the playground image. Detecting zones...
[rosout][INFO] 2017-06-22 14:24:19,405: Publishing the detected zones on /zones
[rosout][INFO] 2017-06-22 14:24:19,606: Received the playground image. Detecting zones...
[rosout][INFO] 2017-06-22 14:24:19,627: Publishing the detected zones on /zones
[rosout][INFO] 2017-06-22 14:24:20,079: Received the playground image. Detecting zones...
[rosout][INFO] 2017-06-22 14:24:20,094: Publishing the detected zones on /zones
[rosout][INFO] 2017-06-22 14:24:21,647: Received the playground image. Detecting zones...
[rosout][INFO] 2017-06-22 14:24:21,670: Publishing the detected zones on /zones
[rosout][INFO] 2017-06-22 14:24:21,905: Received the playground image. Detecting zones...
[rosout][INFO] 2017-06-22 14:24:21,938: Publishing the detected zones on /zones
[rosout][INFO] 2017-06-22 14:24:22,116: Received the playground image. Detecting zones...
[rosout][INFO] 2017-06-22 14:24:22,147: Publishing the detected zones on /zones
[rosout][INFO] 2017-06-22 14:24:22,401: Received the playground image. Detecting zones...
[rosout][INFO] 2017-06-22 14:24:22,420: Publishing the detected zones on /zones
[rosout][INFO] 2017-06-22 14:24:24,913: Received the playground image. Detecting zones...
[rosout][INFO] 2017-06-22 14:24:24,950: Publishing the detected zones on /zones
[rosout][INFO] 2017-06-22 14:24:25,355: Received the playground image. Detecting zones...
[rosout][INFO] 2017-06-22 14:24:25,375: Publishing the detected zones on /zones
[rosout][INFO] 2017-06-22 14:24:26,611: Received the playground image. Detecting zones...
[rosout][INFO] 2017-06-22 14:24:26,630: Publishing the detected zones on /zones
[rosout][INFO] 2017-06-22 14:24:29,163: Received the playground image. Detecting zones...
[rosout][INFO] 2017-06-22 14:24:29,185: Publishing the detected zones on /zones
[rosout][INFO] 2017-06-22 14:24:29,405: Received the playground image. Detecting zones...
[rosout][INFO] 2017-06-22 14:24:29,430: Publishing the detected zones on /zones
[rosout][INFO] 2017-06-22 14:24:29,598: Received the playground image. Detecting zones...
[rosout][INFO] 2017-06-22 14:24:29,621: Publishing the detected zones on /zones
[rosout][INFO] 2017-06-22 14:24:29,847: Received the playground image. Detecting zones...
[rosout][INFO] 2017-06-22 14:24:29,873: Publishing the detected zones on /zones
[rosout][INFO] 2017-06-22 14:24:30,156: Received the playground image. Detecting zones...
[rosout][INFO] 2017-06-22 14:24:30,176: Publishing the detected zones on /zones
[rosout][INFO] 2017-06-22 14:24:30,387: Received the playground image. Detecting zones...
[rosout][INFO] 2017-06-22 14:24:30,406: Publishing the detected zones on /zones
[rosout][INFO] 2017-06-22 14:24:30,634: Received the playground image. Detecting zones...
[rosout][INFO] 2017-06-22 14:24:30,655: Publishing the detected zones on /zones
[rosout][INFO] 2017-06-22 14:24:30,901: Received the playground image. Detecting zones...
[rosout][INFO] 2017-06-22 14:24:30,928: Publishing the detected zones on /zones
[rosout][INFO] 2017-06-22 14:24:31,132: Received the playground image. Detecting zones...
[rosout][INFO] 2017-06-22 14:24:31,148: Publishing the detected zones on /zones
[rosout][INFO] 2017-06-22 14:24:32,389: Received the playground image. Detecting zones...
[rosout][INFO] 2017-06-22 14:24:32,408: Publishing the detected zones on /zones
[rosout][INFO] 2017-06-22 14:24:36,893: Received the playground image. Detecting zones...
[rosout][INFO] 2017-06-22 14:24:36,914: Publishing the detected zones on /zones
[rosout][INFO] 2017-06-22 14:24:43,894: Received the playground image. Detecting zones...
[rosout][INFO] 2017-06-22 14:24:43,916: Publishing the detected zones on /zones
[rosout][INFO] 2017-06-22 14:24:44,632: Received the playground image. Detecting zones...
[rosout][INFO] 2017-06-22 14:24:44,649: Publishing the detected zones on /zones
[rosout][INFO] 2017-06-22 14:25:03,381: Received the playground image. Detecting zones...
[rosout][INFO] 2017-06-22 14:25:03,406: Publishing the detected zones on /zones
[rosout][INFO] 2017-06-22 14:25:16,626: Received the playground image. Detecting zones...
[rosout][INFO] 2017-06-22 14:25:16,648: Publishing the detected zones on /zones
[rosout][INFO] 2017-06-22 14:25:22,633: Received the playground image. Detecting zones...
[rosout][INFO] 2017-06-22 14:25:22,669: Publishing the detected zones on /zones
[rosout][INFO] 2017-06-22 14:25:26,128: Received the playground image. Detecting zones...
[rosout][INFO] 2017-06-22 14:25:26,153: Publishing the detected zones on /zones
[rosout][INFO] 2017-06-22 14:25:33,390: Received the playground image. Detecting zones...
[rosout][INFO] 2017-06-22 14:25:33,412: Publishing the detected zones on /zones
[rosout][INFO] 2017-06-22 14:25:38,904: Received the playground image. Detecting zones...
[rosout][INFO] 2017-06-22 14:25:38,935: Publishing the detected zones on /zones
[rosout][INFO] 2017-06-22 14:25:49,427: Received the playground image. Detecting zones...
[rosout][INFO] 2017-06-22 14:25:49,455: Publishing the detected zones on /zones
[rosout][INFO] 2017-06-22 14:25:50,859: Received the playground image. Detecting zones...
[rosout][INFO] 2017-06-22 14:25:50,904: Publishing the detected zones on /zones
[rosout][INFO] 2017-06-22 14:26:02,377: Received the playground image. Detecting zones...
[rosout][INFO] 2017-06-22 14:26:02,400: Publishing the detected zones on /zones
[rosout][INFO] 2017-06-22 14:26:04,895: Received the playground image. Detecting zones...
[rosout][INFO] 2017-06-22 14:26:04,917: Publishing the detected zones on /zones
[rosout][INFO] 2017-06-22 14:26:07,609: Received the playground image. Detecting zones...
[rosout][INFO] 2017-06-22 14:26:07,628: Publishing the detected zones on /zones
[rosout][INFO] 2017-06-22 14:26:17,382: Received the playground image. Detecting zones...
[rosout][INFO] 2017-06-22 14:26:17,415: Publishing the detected zones on /zones
[rosout][INFO] 2017-06-22 14:26:22,426: Received the playground image. Detecting zones...
[rosout][INFO] 2017-06-22 14:26:22,448: Publishing the detected zones on /zones
[rosout][INFO] 2017-06-22 14:26:30,073: Received the playground image. Detecting zones...
[rosout][INFO] 2017-06-22 14:26:30,105: Publishing the detected zones on /zones
[rosout][INFO] 2017-06-22 14:26:30,417: Received the playground image. Detecting zones...
[rosout][INFO] 2017-06-22 14:26:30,444: Publishing the detected zones on /zones
[rosout][INFO] 2017-06-22 14:26:30,632: Received the playground image. Detecting zones...
[rosout][INFO] 2017-06-22 14:26:30,681: Publishing the detected zones on /zones
[rosout][INFO] 2017-06-22 14:26:31,064: Received the playground image. Detecting zones...
[rosout][INFO] 2017-06-22 14:26:31,097: Publishing the detected zones on /zones
[rosout][INFO] 2017-06-22 14:26:32,109: Received the playground image. Detecting zones...
[rosout][INFO] 2017-06-22 14:26:32,131: Publishing the detected zones on /zones
[rosout][INFO] 2017-06-22 14:26:32,420: Received the playground image. Detecting zones...
[rosout][INFO] 2017-06-22 14:26:32,456: Publishing the detected zones on /zones
[rosout][INFO] 2017-06-22 14:26:32,772: Received the playground image. Detecting zones...
[rosout][INFO] 2017-06-22 14:26:32,799: Publishing the detected zones on /zones
[rosout][INFO] 2017-06-22 14:26:33,060: Received the playground image. Detecting zones...
[rosout][INFO] 2017-06-22 14:26:33,088: Publishing the detected zones on /zones
[rosout][INFO] 2017-06-22 14:26:34,216: Received the playground image. Detecting zones...
[rosout][INFO] 2017-06-22 14:26:34,238: Publishing the detected zones on /zones
[rosout][INFO] 2017-06-22 14:26:34,464: Received the playground image. Detecting zones...
[rosout][INFO] 2017-06-22 14:26:34,492: Publishing the detected zones on /zones
[rosout][INFO] 2017-06-22 14:26:34,706: Received the playground image. Detecting zones...
[rosout][INFO] 2017-06-22 14:26:34,731: Publishing the detected zones on /zones
[rosout][INFO] 2017-06-22 14:26:36,761: Received the playground image. Detecting zones...
[rosout][INFO] 2017-06-22 14:26:36,782: Publishing the detected zones on /zones
[rosout][INFO] 2017-06-22 14:26:37,039: Received the playground image. Detecting zones...
[rosout][INFO] 2017-06-22 14:26:37,063: Publishing the detected zones on /zones
[rosout][INFO] 2017-06-22 14:26:39,696: Received the playground image. Detecting zones...
[rosout][INFO] 2017-06-22 14:26:39,717: Publishing the detected zones on /zones
[rosout][INFO] 2017-06-22 14:26:40,037: Received the playground image. Detecting zones...
[rosout][INFO] 2017-06-22 14:26:40,062: Publishing the detected zones on /zones
[rosout][INFO] 2017-06-22 14:26:40,408: Received the playground image. Detecting zones...
[rosout][INFO] 2017-06-22 14:26:40,451: Publishing the detected zones on /zones
[rosout][INFO] 2017-06-22 14:26:40,779: Received the playground image. Detecting zones...
[rosout][INFO] 2017-06-22 14:26:40,810: Publishing the detected zones on /zones
[rosout][INFO] 2017-06-22 14:26:42,024: Received the playground image. Detecting zones...
[rosout][INFO] 2017-06-22 14:26:42,044: Publishing the detected zones on /zones
[rosout][INFO] 2017-06-22 14:26:43,470: Received the playground image. Detecting zones...
[rosout][INFO] 2017-06-22 14:26:43,495: Publishing the detected zones on /zones
[rosout][INFO] 2017-06-22 14:26:43,834: Received the playground image. Detecting zones...
[rosout][INFO] 2017-06-22 14:26:43,863: Publishing the detected zones on /zones
[rosout][INFO] 2017-06-22 14:26:44,170: Received the playground image. Detecting zones...
[rosout][INFO] 2017-06-22 14:26:44,191: Publishing the detected zones on /zones
[rosout][INFO] 2017-06-22 14:26:44,465: Received the playground image. Detecting zones...
[rosout][INFO] 2017-06-22 14:26:44,484: Publishing the detected zones on /zones
[rosout][INFO] 2017-06-22 14:26:44,675: Received the playground image. Detecting zones...
[rosout][INFO] 2017-06-22 14:26:44,700: Publishing the detected zones on /zones
[rosout][INFO] 2017-06-22 14:26:44,896: Received the playground image. Detecting zones...
[rosout][INFO] 2017-06-22 14:26:44,930: Publishing the detected zones on /zones
[rosout][INFO] 2017-06-22 14:26:45,251: Received the playground image. Detecting zones...
[rosout][INFO] 2017-06-22 14:26:45,271: Publishing the detected zones on /zones
[rosout][INFO] 2017-06-22 14:26:46,710: Received the playground image. Detecting zones...
[rosout][INFO] 2017-06-22 14:26:46,737: Publishing the detected zones on /zones
[rosout][INFO] 2017-06-22 14:26:47,039: Received the playground image. Detecting zones...
[rosout][INFO] 2017-06-22 14:26:47,059: Publishing the detected zones on /zones
[rosout][INFO] 2017-06-22 14:26:47,521: Received the playground image. Detecting zones...
[rosout][INFO] 2017-06-22 14:26:47,538: Publishing the detected zones on /zones
[rosout][INFO] 2017-06-22 14:26:47,829: Received the playground image. Detecting zones...
[rosout][INFO] 2017-06-22 14:26:47,868: Publishing the detected zones on /zones
[rosout][INFO] 2017-06-22 14:26:48,117: Received the playground image. Detecting zones...
[rosout][INFO] 2017-06-22 14:26:48,142: Publishing the detected zones on /zones
[rosout][INFO] 2017-06-22 14:26:48,310: Received the playground image. Detecting zones...
[rosout][INFO] 2017-06-22 14:26:48,338: Publishing the detected zones on /zones
[rosout][INFO] 2017-06-22 14:26:48,607: Received the playground image. Detecting zones...
[rosout][INFO] 2017-06-22 14:26:48,642: Publishing the detected zones on /zones
[rosout][INFO] 2017-06-22 14:26:49,094: Received the playground image. Detecting zones...
[rosout][INFO] 2017-06-22 14:26:49,123: Publishing the detected zones on /zones
[rosout][INFO] 2017-06-22 14:26:49,469: Received the playground image. Detecting zones...
[rosout][INFO] 2017-06-22 14:26:49,494: Publishing the detected zones on /zones
[rosout][INFO] 2017-06-22 14:26:49,717: Received the playground image. Detecting zones...
[rosout][INFO] 2017-06-22 14:26:49,744: Publishing the detected zones on /zones
[rosout][INFO] 2017-06-22 14:26:49,950: Received the playground image. Detecting zones...
[rosout][INFO] 2017-06-22 14:26:50,002: Publishing the detected zones on /zones
[rosout][INFO] 2017-06-22 14:26:50,269: Received the playground image. Detecting zones...
[rosout][INFO] 2017-06-22 14:26:50,302: Publishing the detected zones on /zones
[rosout][INFO] 2017-06-22 14:26:50,473: Received the playground image. Detecting zones...
[rosout][INFO] 2017-06-22 14:26:50,504: Publishing the detected zones on /zones
[rosout][INFO] 2017-06-22 14:26:50,740: Received the playground image. Detecting zones...
[rosout][INFO] 2017-06-22 14:26:50,765: Publishing the detected zones on /zones
[rosout][INFO] 2017-06-22 14:26:51,915: Received the playground image. Detecting zones...
[rosout][INFO] 2017-06-22 14:26:51,932: Publishing the detected zones on /zones
[rosout][INFO] 2017-06-22 14:27:08,881: Received the playground image. Detecting zones...
[rosout][INFO] 2017-06-22 14:27:08,905: Publishing the detected zones on /zones
[rosout][INFO] 2017-06-22 14:27:09,909: Received the playground image. Detecting zones...
[rosout][INFO] 2017-06-22 14:27:09,925: Publishing the detected zones on /zones
[rosout][INFO] 2017-06-22 14:27:11,551: Received the playground image. Detecting zones...
[rosout][INFO] 2017-06-22 14:27:11,579: Publishing the detected zones on /zones
[rosout][INFO] 2017-06-22 14:27:11,950: Received the playground image. Detecting zones...
[rosout][INFO] 2017-06-22 14:27:11,995: Publishing the detected zones on /zones
[rosout][INFO] 2017-06-22 14:27:12,406: Received the playground image. Detecting zones...
[rosout][INFO] 2017-06-22 14:27:12,436: Publishing the detected zones on /zones
[rosout][INFO] 2017-06-22 14:27:12,946: Received the playground image. Detecting zones...
[rosout][INFO] 2017-06-22 14:27:12,979: Publishing the detected zones on /zones
[rosout][INFO] 2017-06-22 14:27:13,162: Received the playground image. Detecting zones...
[rosout][INFO] 2017-06-22 14:27:13,193: Publishing the detected zones on /zones
[rosout][INFO] 2017-06-22 14:27:13,400: Received the playground image. Detecting zones...
[rosout][INFO] 2017-06-22 14:27:13,420: Publishing the detected zones on /zones
[rosout][INFO] 2017-06-22 14:27:13,895: Received the playground image. Detecting zones...
[rosout][INFO] 2017-06-22 14:27:13,926: Publishing the detected zones on /zones
[rosout][INFO] 2017-06-22 14:27:14,451: Received the playground image. Detecting zones...
[rosout][INFO] 2017-06-22 14:27:14,482: Publishing the detected zones on /zones
[rosout][INFO] 2017-06-22 14:27:14,910: Received the playground image. Detecting zones...
[rosout][INFO] 2017-06-22 14:27:14,931: Publishing the detected zones on /zones
[rosout][INFO] 2017-06-22 14:27:15,544: Received the playground image. Detecting zones...
[rosout][INFO] 2017-06-22 14:27:15,565: Publishing the detected zones on /zones
[rosout][INFO] 2017-06-22 14:27:16,018: Received the playground image. Detecting zones...
[rosout][INFO] 2017-06-22 14:27:16,044: Publishing the detected zones on /zones
[rosout][INFO] 2017-06-22 14:27:16,294: Received the playground image. Detecting zones...
[rosout][INFO] 2017-06-22 14:27:16,317: Publishing the detected zones on /zones
[rosout][INFO] 2017-06-22 14:27:16,538: Received the playground image. Detecting zones...
[rosout][INFO] 2017-06-22 14:27:16,578: Publishing the detected zones on /zones
[rosout][INFO] 2017-06-22 14:27:16,769: Received the playground image. Detecting zones...
[rosout][INFO] 2017-06-22 14:27:16,799: Publishing the detected zones on /zones
[rosout][INFO] 2017-06-22 14:27:17,020: Received the playground image. Detecting zones...
[rosout][INFO] 2017-06-22 14:27:17,055: Publishing the detected zones on /zones
[rosout][INFO] 2017-06-22 14:27:17,255: Received the playground image. Detecting zones...
[rosout][INFO] 2017-06-22 14:27:17,290: Publishing the detected zones on /zones
[rosout][INFO] 2017-06-22 14:27:17,451: Received the playground image. Detecting zones...
[rosout][INFO] 2017-06-22 14:27:17,482: Publishing the detected zones on /zones
[rosout][INFO] 2017-06-22 14:27:17,729: Received the playground image. Detecting zones...
[rosout][INFO] 2017-06-22 14:27:17,762: Publishing the detected zones on /zones
[rosout][INFO] 2017-06-22 14:27:18,025: Received the playground image. Detecting zones...
[rosout][INFO] 2017-06-22 14:27:18,055: Publishing the detected zones on /zones
[rosout][INFO] 2017-06-22 14:27:18,262: Received the playground image. Detecting zones...
[rosout][INFO] 2017-06-22 14:27:18,287: Publishing the detected zones on /zones
[rosout][INFO] 2017-06-22 14:27:18,524: Received the playground image. Detecting zones...
[rosout][INFO] 2017-06-22 14:27:18,551: Publishing the detected zones on /zones
[rosout][INFO] 2017-06-22 14:27:18,744: Received the playground image. Detecting zones...
[rosout][INFO] 2017-06-22 14:27:18,769: Publishing the detected zones on /zones
[rosout][INFO] 2017-06-22 14:27:19,069: Received the playground image. Detecting zones...
[rosout][INFO] 2017-06-22 14:27:19,090: Publishing the detected zones on /zones
[rosout][INFO] 2017-06-22 14:27:19,307: Received the playground image. Detecting zones...
[rosout][INFO] 2017-06-22 14:27:19,342: Publishing the detected zones on /zones
[rosout][INFO] 2017-06-22 14:27:19,611: Received the playground image. Detecting zones...
[rosout][INFO] 2017-06-22 14:27:19,654: Publishing the detected zones on /zones
[rosout][INFO] 2017-06-22 14:27:19,905: Received the playground image. Detecting zones...
[rosout][INFO] 2017-06-22 14:27:19,928: Publishing the detected zones on /zones
[rosout][INFO] 2017-06-22 14:27:20,208: Received the playground image. Detecting zones...
[rosout][INFO] 2017-06-22 14:27:20,237: Publishing the detected zones on /zones
[rosout][INFO] 2017-06-22 14:27:20,464: Received the playground image. Detecting zones...
[rosout][INFO] 2017-06-22 14:27:20,494: Publishing the detected zones on /zones
[rosout][INFO] 2017-06-22 14:27:20,954: Received the playground image. Detecting zones...
[rosout][INFO] 2017-06-22 14:27:20,986: Publishing the detected zones on /zones
[rosout][INFO] 2017-06-22 14:27:21,967: Received the playground image. Detecting zones...
[rosout][INFO] 2017-06-22 14:27:21,995: Publishing the detected zones on /zones
[rosout][INFO] 2017-06-22 14:27:22,215: Received the playground image. Detecting zones...
[rosout][INFO] 2017-06-22 14:27:22,248: Publishing the detected zones on /zones
[rosout][INFO] 2017-06-22 14:27:22,433: Received the playground image. Detecting zones...
[rosout][INFO] 2017-06-22 14:27:22,453: Publishing the detected zones on /zones
[rosout][INFO] 2017-06-22 14:27:22,851: Received the playground image. Detecting zones...
[rosout][INFO] 2017-06-22 14:27:22,877: Publishing the detected zones on /zones
[rosout][INFO] 2017-06-22 14:27:23,377: Received the playground image. Detecting zones...
[rosout][INFO] 2017-06-22 14:27:23,400: Publishing the detected zones on /zones
[rosout][INFO] 2017-06-22 14:27:24,355: Received the playground image. Detecting zones...
[rosout][INFO] 2017-06-22 14:27:24,374: Publishing the detected zones on /zones
[rosout][INFO] 2017-06-22 14:27:26,674: Received the playground image. Detecting zones...
[rosout][INFO] 2017-06-22 14:27:26,699: Publishing the detected zones on /zones
[rosout][INFO] 2017-06-22 14:27:31,338: Received the playground image. Detecting zones...
[rosout][INFO] 2017-06-22 14:27:31,356: Publishing the detected zones on /zones
[rosout][INFO] 2017-06-22 14:27:33,135: Received the playground image. Detecting zones...
[rosout][INFO] 2017-06-22 14:27:33,151: Publishing the detected zones on /zones
[rosout][INFO] 2017-06-22 14:27:34,891: Received the playground image. Detecting zones...
[rosout][INFO] 2017-06-22 14:27:34,920: Publishing the detected zones on /zones
[rosout][INFO] 2017-06-22 14:27:38,547: Received the playground image. Detecting zones...
[rosout][INFO] 2017-06-22 14:27:38,582: Publishing the detected zones on /zones
[rosout][INFO] 2017-06-22 14:27:39,177: Received the playground image. Detecting zones...
[rosout][INFO] 2017-06-22 14:27:39,209: Publishing the detected zones on /zones
[rosout][INFO] 2017-06-22 14:27:39,757: Received the playground image. Detecting zones...
[rosout][INFO] 2017-06-22 14:27:39,785: Publishing the detected zones on /zones
[rosout][INFO] 2017-06-22 14:27:40,220: Received the playground image. Detecting zones...
[rosout][INFO] 2017-06-22 14:27:40,239: Publishing the detected zones on /zones
[rosout][INFO] 2017-06-22 14:27:40,949: Received the playground image. Detecting zones...
[rosout][INFO] 2017-06-22 14:27:40,969: Publishing the detected zones on /zones
[rosout][INFO] 2017-06-22 14:27:41,511: Received the playground image. Detecting zones...
[rosout][INFO] 2017-06-22 14:27:41,531: Publishing the detected zones on /zones
[rosout][INFO] 2017-06-22 14:27:41,970: Received the playground image. Detecting zones...
[rosout][INFO] 2017-06-22 14:27:41,994: Publishing the detected zones on /zones
[rosout][INFO] 2017-06-22 14:27:42,789: Received the playground image. Detecting zones...
[rosout][INFO] 2017-06-22 14:27:42,820: Publishing the detected zones on /zones
[rosout][INFO] 2017-06-22 14:27:43,068: Received the playground image. Detecting zones...
[rosout][INFO] 2017-06-22 14:27:43,090: Publishing the detected zones on /zones
[rosout][INFO] 2017-06-22 14:27:43,705: Received the playground image. Detecting zones...
[rosout][INFO] 2017-06-22 14:27:43,741: Publishing the detected zones on /zones
[rosout][INFO] 2017-06-22 14:27:44,014: Received the playground image. Detecting zones...
[rosout][INFO] 2017-06-22 14:27:44,057: Publishing the detected zones on /zones
[rosout][INFO] 2017-06-22 14:27:44,449: Received the playground image. Detecting zones...
[rosout][INFO] 2017-06-22 14:27:44,468: Publishing the detected zones on /zones
[rosout][INFO] 2017-06-22 14:27:44,652: Received the playground image. Detecting zones...
[rosout][INFO] 2017-06-22 14:27:44,682: Publishing the detected zones on /zones
[rosout][INFO] 2017-06-22 14:27:45,415: Received the playground image. Detecting zones...
[rosout][INFO] 2017-06-22 14:27:45,442: Publishing the detected zones on /zones
[rosout][INFO] 2017-06-22 14:27:52,428: Received the playground image. Detecting zones...
[rosout][INFO] 2017-06-22 14:27:52,446: Publishing the detected zones on /zones
[rosout][INFO] 2017-06-22 14:28:15,644: Received the playground image. Detecting zones...
[rosout][INFO] 2017-06-22 14:28:15,665: Publishing the detected zones on /zones
[rosout][INFO] 2017-06-22 14:28:18,885: Received the playground image. Detecting zones...
[rosout][INFO] 2017-06-22 14:28:18,911: Publishing the detected zones on /zones
[rosout][INFO] 2017-06-22 14:28:19,634: Received the playground image. Detecting zones...
[rosout][INFO] 2017-06-22 14:28:19,654: Publishing the detected zones on /zones
[rosout][INFO] 2017-06-22 14:28:21,388: Received the playground image. Detecting zones...
[rosout][INFO] 2017-06-22 14:28:21,407: Publishing the detected zones on /zones
[rosout][INFO] 2017-06-22 14:28:23,634: Received the playground image. Detecting zones...
[rosout][INFO] 2017-06-22 14:28:23,660: Publishing the detected zones on /zones
[rosout][INFO] 2017-06-22 14:28:45,127: Received the playground image. Detecting zones...
[rosout][INFO] 2017-06-22 14:28:45,153: Publishing the detected zones on /zones
[rosout][INFO] 2017-06-22 14:28:53,159: Received the playground image. Detecting zones...
[rosout][INFO] 2017-06-22 14:28:53,178: Publishing the detected zones on /zones
[rosout][INFO] 2017-06-22 14:28:57,638: Received the playground image. Detecting zones...
[rosout][INFO] 2017-06-22 14:28:57,672: Publishing the detected zones on /zones
[rosout][INFO] 2017-06-22 14:28:58,957: Received the playground image. Detecting zones...
[rosout][INFO] 2017-06-22 14:28:58,991: Publishing the detected zones on /zones
[rosout][INFO] 2017-06-22 14:28:59,206: Received the playground image. Detecting zones...
[rosout][INFO] 2017-06-22 14:28:59,234: Publishing the detected zones on /zones
[rosout][INFO] 2017-06-22 14:28:59,378: Received the playground image. Detecting zones...
[rosout][INFO] 2017-06-22 14:28:59,402: Publishing the detected zones on /zones
[rosout][INFO] 2017-06-22 14:29:00,358: Received the playground image. Detecting zones...
[rosout][INFO] 2017-06-22 14:29:00,376: Publishing the detected zones on /zones
[rosout][INFO] 2017-06-22 14:29:00,604: Received the playground image. Detecting zones...
[rosout][INFO] 2017-06-22 14:29:00,621: Publishing the detected zones on /zones
[rosout][INFO] 2017-06-22 14:29:03,160: Received the playground image. Detecting zones...
[rosout][INFO] 2017-06-22 14:29:03,181: Publishing the detected zones on /zones
[rosout][INFO] 2017-06-22 14:29:03,386: Received the playground image. Detecting zones...
[rosout][INFO] 2017-06-22 14:29:03,416: Publishing the detected zones on /zones
[rosout][INFO] 2017-06-22 14:29:04,515: Received the playground image. Detecting zones...
[rosout][INFO] 2017-06-22 14:29:04,549: Publishing the detected zones on /zones
[rosout][INFO] 2017-06-22 14:29:04,781: Received the playground image. Detecting zones...
[rosout][INFO] 2017-06-22 14:29:04,817: Publishing the detected zones on /zones
[rosout][INFO] 2017-06-22 14:29:05,417: Received the playground image. Detecting zones...
[rosout][INFO] 2017-06-22 14:29:05,435: Publishing the detected zones on /zones
[rosout][INFO] 2017-06-22 14:29:05,920: Received the playground image. Detecting zones...
[rosout][INFO] 2017-06-22 14:29:05,958: Publishing the detected zones on /zones
[rosout][INFO] 2017-06-22 14:29:06,380: Received the playground image. Detecting zones...
[rosout][INFO] 2017-06-22 14:29:06,404: Publishing the detected zones on /zones
[rosout][INFO] 2017-06-22 14:29:06,657: Received the playground image. Detecting zones...
[rosout][INFO] 2017-06-22 14:29:06,679: Publishing the detected zones on /zones
[rosout][INFO] 2017-06-22 14:29:06,905: Received the playground image. Detecting zones...
[rosout][INFO] 2017-06-22 14:29:06,927: Publishing the detected zones on /zones
[rosout][INFO] 2017-06-22 14:29:07,403: Received the playground image. Detecting zones...
[rosout][INFO] 2017-06-22 14:29:07,429: Publishing the detected zones on /zones
[rosout][INFO] 2017-06-22 14:29:07,634: Received the playground image. Detecting zones...
[rosout][INFO] 2017-06-22 14:29:07,658: Publishing the detected zones on /zones
[rosout][INFO] 2017-06-22 14:29:11,133: Received the playground image. Detecting zones...
[rosout][INFO] 2017-06-22 14:29:11,160: Publishing the detected zones on /zones
[rosout][INFO] 2017-06-22 14:29:11,679: Received the playground image. Detecting zones...
[rosout][INFO] 2017-06-22 14:29:11,700: Publishing the detected zones on /zones
[rosout][INFO] 2017-06-22 14:29:11,870: Received the playground image. Detecting zones...
[rosout][INFO] 2017-06-22 14:29:11,889: Publishing the detected zones on /zones
[rosout][INFO] 2017-06-22 14:29:14,130: Received the playground image. Detecting zones...
[rosout][INFO] 2017-06-22 14:29:14,153: Publishing the detected zones on /zones
[rosout][INFO] 2017-06-22 14:29:17,380: Received the playground image. Detecting zones...
[rosout][INFO] 2017-06-22 14:29:17,400: Publishing the detected zones on /zones
[rosout][INFO] 2017-06-22 14:29:19,399: Received the playground image. Detecting zones...
[rosout][INFO] 2017-06-22 14:29:19,417: Publishing the detected zones on /zones
[rosout][INFO] 2017-06-22 14:29:24,433: Received the playground image. Detecting zones...
[rosout][INFO] 2017-06-22 14:29:24,457: Publishing the detected zones on /zones
[rosout][INFO] 2017-06-22 14:29:25,668: Received the playground image. Detecting zones...
[rosout][INFO] 2017-06-22 14:29:25,689: Publishing the detected zones on /zones
[rosout][INFO] 2017-06-22 14:29:27,915: Received the playground image. Detecting zones...
[rosout][INFO] 2017-06-22 14:29:27,936: Publishing the detected zones on /zones
[rosout][INFO] 2017-06-22 14:29:29,414: Received the playground image. Detecting zones...
[rosout][INFO] 2017-06-22 14:29:29,431: Publishing the detected zones on /zones
[rosout][INFO] 2017-06-22 14:29:31,622: Received the playground image. Detecting zones...
[rosout][INFO] 2017-06-22 14:29:31,651: Publishing the detected zones on /zones
[rosout][INFO] 2017-06-22 14:29:34,103: Received the playground image. Detecting zones...
[rosout][INFO] 2017-06-22 14:29:34,133: Publishing the detected zones on /zones
[rosout][INFO] 2017-06-22 14:29:35,633: Received the playground image. Detecting zones...
[rosout][INFO] 2017-06-22 14:29:35,665: Publishing the detected zones on /zones
[rosout][INFO] 2017-06-22 14:29:36,376: Received the playground image. Detecting zones...
[rosout][INFO] 2017-06-22 14:29:36,414: Publishing the detected zones on /zones
[rosout][INFO] 2017-06-22 14:29:37,120: Received the playground image. Detecting zones...
[rosout][INFO] 2017-06-22 14:29:37,140: Publishing the detected zones on /zones
[rosout][INFO] 2017-06-22 14:29:38,143: Received the playground image. Detecting zones...
[rosout][INFO] 2017-06-22 14:29:38,169: Publishing the detected zones on /zones
[rosout][INFO] 2017-06-22 14:29:53,627: Received the playground image. Detecting zones...
[rosout][INFO] 2017-06-22 14:29:53,654: Publishing the detected zones on /zones
[rosout][INFO] 2017-06-22 14:29:54,367: Received the playground image. Detecting zones...
[rosout][INFO] 2017-06-22 14:29:54,402: Publishing the detected zones on /zones
[rosout][INFO] 2017-06-22 14:29:54,867: Received the playground image. Detecting zones...
[rosout][INFO] 2017-06-22 14:29:54,887: Publishing the detected zones on /zones
[rosout][INFO] 2017-06-22 14:29:59,128: Received the playground image. Detecting zones...
[rosout][INFO] 2017-06-22 14:29:59,146: Publishing the detected zones on /zones
[rosout][INFO] 2017-06-22 14:30:04,381: Received the playground image. Detecting zones...
[rosout][INFO] 2017-06-22 14:30:04,408: Publishing the detected zones on /zones
[rosout][INFO] 2017-06-22 14:30:05,389: Received the playground image. Detecting zones...
[rosout][INFO] 2017-06-22 14:30:05,418: Publishing the detected zones on /zones
[rosout][INFO] 2017-06-22 14:30:09,957: Received the playground image. Detecting zones...
[rosout][INFO] 2017-06-22 14:30:09,986: Publishing the detected zones on /zones
[rosout][INFO] 2017-06-22 14:30:10,416: Received the playground image. Detecting zones...
[rosout][INFO] 2017-06-22 14:30:10,437: Publishing the detected zones on /zones
[rosout][INFO] 2017-06-22 14:30:16,707: Received the playground image. Detecting zones...
[rosout][INFO] 2017-06-22 14:30:16,738: Publishing the detected zones on /zones
[rosout][INFO] 2017-06-22 14:30:17,274: Received the playground image. Detecting zones...
[rosout][INFO] 2017-06-22 14:30:17,298: Publishing the detected zones on /zones
[rosout][INFO] 2017-06-22 14:30:17,568: Received the playground image. Detecting zones...
[rosout][INFO] 2017-06-22 14:30:17,589: Publishing the detected zones on /zones
[rosout][INFO] 2017-06-22 14:30:18,207: Received the playground image. Detecting zones...
[rosout][INFO] 2017-06-22 14:30:18,230: Publishing the detected zones on /zones
[rosout][INFO] 2017-06-22 14:30:18,531: Received the playground image. Detecting zones...
[rosout][INFO] 2017-06-22 14:30:18,559: Publishing the detected zones on /zones
[rosout][INFO] 2017-06-22 14:30:19,999: Received the playground image. Detecting zones...
[rosout][INFO] 2017-06-22 14:30:20,028: Publishing the detected zones on /zones
[rosout][INFO] 2017-06-22 14:30:20,672: Received the playground image. Detecting zones...
[rosout][INFO] 2017-06-22 14:30:20,711: Publishing the detected zones on /zones
[rosout][INFO] 2017-06-22 14:30:20,913: Received the playground image. Detecting zones...
[rosout][INFO] 2017-06-22 14:30:20,950: Publishing the detected zones on /zones
[rosout][INFO] 2017-06-22 14:30:21,729: Received the playground image. Detecting zones...
[rosout][INFO] 2017-06-22 14:30:21,759: Publishing the detected zones on /zones
[rosout][INFO] 2017-06-22 14:30:22,170: Received the playground image. Detecting zones...
[rosout][INFO] 2017-06-22 14:30:22,199: Publishing the detected zones on /zones
[rosout][INFO] 2017-06-22 14:30:22,547: Received the playground image. Detecting zones...
[rosout][INFO] 2017-06-22 14:30:22,569: Publishing the detected zones on /zones
[rosout][INFO] 2017-06-22 14:30:22,957: Received the playground image. Detecting zones...
[rosout][INFO] 2017-06-22 14:30:22,992: Publishing the detected zones on /zones
[rosout][INFO] 2017-06-22 14:30:23,276: Received the playground image. Detecting zones...
[rosout][INFO] 2017-06-22 14:30:23,293: Publishing the detected zones on /zones
[rosout][INFO] 2017-06-22 14:30:23,613: Received the playground image. Detecting zones...
[rosout][INFO] 2017-06-22 14:30:23,641: Publishing the detected zones on /zones
[rosout][INFO] 2017-06-22 14:30:24,702: Received the playground image. Detecting zones...
[rosout][INFO] 2017-06-22 14:30:24,734: Publishing the detected zones on /zones
[rosout][INFO] 2017-06-22 14:30:24,987: Received the playground image. Detecting zones...
[rosout][INFO] 2017-06-22 14:30:25,010: Publishing the detected zones on /zones
[rosout][INFO] 2017-06-22 14:30:25,313: Received the playground image. Detecting zones...
[rosout][INFO] 2017-06-22 14:30:25,336: Publishing the detected zones on /zones
[rosout][INFO] 2017-06-22 14:30:25,633: Received the playground image. Detecting zones...
[rosout][INFO] 2017-06-22 14:30:25,664: Publishing the detected zones on /zones
[rosout][INFO] 2017-06-22 14:30:26,097: Received the playground image. Detecting zones...
[rosout][INFO] 2017-06-22 14:30:26,116: Publishing the detected zones on /zones
[rosout][INFO] 2017-06-22 14:30:26,452: Received the playground image. Detecting zones...
[rosout][INFO] 2017-06-22 14:30:26,476: Publishing the detected zones on /zones
[rosout][INFO] 2017-06-22 14:30:27,097: Received the playground image. Detecting zones...
[rosout][INFO] 2017-06-22 14:30:27,119: Publishing the detected zones on /zones
[rosout][INFO] 2017-06-22 14:30:27,418: Received the playground image. Detecting zones...
[rosout][INFO] 2017-06-22 14:30:27,440: Publishing the detected zones on /zones
[rosout][INFO] 2017-06-22 14:30:27,728: Received the playground image. Detecting zones...
[rosout][INFO] 2017-06-22 14:30:27,774: Publishing the detected zones on /zones
[rosout][INFO] 2017-06-22 14:30:28,055: Received the playground image. Detecting zones...
[rosout][INFO] 2017-06-22 14:30:28,076: Publishing the detected zones on /zones
[rosout][INFO] 2017-06-22 14:30:28,321: Received the playground image. Detecting zones...
[rosout][INFO] 2017-06-22 14:30:28,339: Publishing the detected zones on /zones
[rosout][INFO] 2017-06-22 14:30:29,225: Received the playground image. Detecting zones...
[rosout][INFO] 2017-06-22 14:30:29,252: Publishing the detected zones on /zones
[rosout][INFO] 2017-06-22 14:30:29,976: Received the playground image. Detecting zones...
[rosout][INFO] 2017-06-22 14:30:30,016: Publishing the detected zones on /zones
[rosout][INFO] 2017-06-22 14:30:30,481: Received the playground image. Detecting zones...
[rosout][INFO] 2017-06-22 14:30:30,503: Publishing the detected zones on /zones
[rosout][INFO] 2017-06-22 14:30:30,769: Received the playground image. Detecting zones...
[rosout][INFO] 2017-06-22 14:30:30,812: Publishing the detected zones on /zones
[rosout][INFO] 2017-06-22 14:30:31,041: Received the playground image. Detecting zones...
[rosout][INFO] 2017-06-22 14:30:31,074: Publishing the detected zones on /zones
[rosout][INFO] 2017-06-22 14:30:32,203: Received the playground image. Detecting zones...
[rosout][INFO] 2017-06-22 14:30:32,225: Publishing the detected zones on /zones
[rosout][INFO] 2017-06-22 14:30:32,476: Received the playground image. Detecting zones...
[rosout][INFO] 2017-06-22 14:30:32,502: Publishing the detected zones on /zones
[rosout][INFO] 2017-06-22 14:30:32,715: Received the playground image. Detecting zones...
[rosout][INFO] 2017-06-22 14:30:32,746: Publishing the detected zones on /zones
[rosout][INFO] 2017-06-22 14:30:33,238: Received the playground image. Detecting zones...
[rosout][INFO] 2017-06-22 14:30:33,267: Publishing the detected zones on /zones
[rosout][INFO] 2017-06-22 14:30:33,556: Received the playground image. Detecting zones...
[rosout][INFO] 2017-06-22 14:30:33,595: Publishing the detected zones on /zones
[rosout][INFO] 2017-06-22 14:30:33,884: Received the playground image. Detecting zones...
[rosout][INFO] 2017-06-22 14:30:33,910: Publishing the detected zones on /zones
[rosout][INFO] 2017-06-22 14:30:34,181: Received the playground image. Detecting zones...
[rosout][INFO] 2017-06-22 14:30:34,209: Publishing the detected zones on /zones
[rosout][INFO] 2017-06-22 14:30:34,438: Received the playground image. Detecting zones...
[rosout][INFO] 2017-06-22 14:30:34,476: Publishing the detected zones on /zones
[rosout][INFO] 2017-06-22 14:30:34,672: Received the playground image. Detecting zones...
[rosout][INFO] 2017-06-22 14:30:34,694: Publishing the detected zones on /zones
[rosout][INFO] 2017-06-22 14:30:35,187: Received the playground image. Detecting zones...
[rosout][INFO] 2017-06-22 14:30:35,208: Publishing the detected zones on /zones
[rosout][INFO] 2017-06-22 14:30:35,462: Received the playground image. Detecting zones...
[rosout][INFO] 2017-06-22 14:30:35,500: Publishing the detected zones on /zones
[rosout][INFO] 2017-06-22 14:30:35,792: Received the playground image. Detecting zones...
[rosout][INFO] 2017-06-22 14:30:35,820: Publishing the detected zones on /zones
[rosout][INFO] 2017-06-22 14:30:36,139: Received the playground image. Detecting zones...
[rosout][INFO] 2017-06-22 14:30:36,161: Publishing the detected zones on /zones
[rosout][INFO] 2017-06-22 14:30:36,424: Received the playground image. Detecting zones...
[rosout][INFO] 2017-06-22 14:30:36,441: Publishing the detected zones on /zones
[rosout][INFO] 2017-06-22 14:30:36,696: Received the playground image. Detecting zones...
[rosout][INFO] 2017-06-22 14:30:36,721: Publishing the detected zones on /zones
[rosout][INFO] 2017-06-22 14:30:37,105: Received the playground image. Detecting zones...
[rosout][INFO] 2017-06-22 14:30:37,129: Publishing the detected zones on /zones
[rosout][INFO] 2017-06-22 14:30:38,488: Received the playground image. Detecting zones...
[rosout][INFO] 2017-06-22 14:30:38,514: Publishing the detected zones on /zones
[rosout][INFO] 2017-06-22 14:30:39,298: Received the playground image. Detecting zones...
[rosout][INFO] 2017-06-22 14:30:39,321: Publishing the detected zones on /zones
[rosout][INFO] 2017-06-22 14:30:40,625: Received the playground image. Detecting zones...
[rosout][INFO] 2017-06-22 14:30:40,658: Publishing the detected zones on /zones
[rosout][INFO] 2017-06-22 14:30:40,907: Received the playground image. Detecting zones...
[rosout][INFO] 2017-06-22 14:30:40,937: Publishing the detected zones on /zones
[rosout][INFO] 2017-06-22 14:30:41,593: Received the playground image. Detecting zones...
[rosout][INFO] 2017-06-22 14:30:41,623: Publishing the detected zones on /zones
[rosout][INFO] 2017-06-22 14:30:42,128: Received the playground image. Detecting zones...
[rosout][INFO] 2017-06-22 14:30:42,157: Publishing the detected zones on /zones
[rosout][INFO] 2017-06-22 14:30:42,502: Received the playground image. Detecting zones...
[rosout][INFO] 2017-06-22 14:30:42,528: Publishing the detected zones on /zones
[rosout][INFO] 2017-06-22 14:30:43,125: Received the playground image. Detecting zones...
[rosout][INFO] 2017-06-22 14:30:43,155: Publishing the detected zones on /zones
[rosout][INFO] 2017-06-22 14:30:43,606: Received the playground image. Detecting zones...
[rosout][INFO] 2017-06-22 14:30:43,633: Publishing the detected zones on /zones
[rosout][INFO] 2017-06-22 14:30:43,959: Received the playground image. Detecting zones...
[rosout][INFO] 2017-06-22 14:30:43,978: Publishing the detected zones on /zones
[rosout][INFO] 2017-06-22 14:30:44,130: Received the playground image. Detecting zones...
[rosout][INFO] 2017-06-22 14:30:44,157: Publishing the detected zones on /zones
[rosout][INFO] 2017-06-22 14:30:45,885: Received the playground image. Detecting zones...
[rosout][INFO] 2017-06-22 14:30:45,911: Publishing the detected zones on /zones
[rosout][INFO] 2017-06-22 14:30:49,878: Received the playground image. Detecting zones...
[rosout][INFO] 2017-06-22 14:30:49,908: Publishing the detected zones on /zones
[rosout][INFO] 2017-06-22 14:30:58,901: Received the playground image. Detecting zones...
[rosout][INFO] 2017-06-22 14:30:58,924: Publishing the detected zones on /zones
[rosout][INFO] 2017-06-22 14:31:00,210: Received the playground image. Detecting zones...
[rosout][INFO] 2017-06-22 14:31:00,238: Publishing the detected zones on /zones
[rosout][INFO] 2017-06-22 14:31:00,684: Received the playground image. Detecting zones...
[rosout][INFO] 2017-06-22 14:31:00,715: Publishing the detected zones on /zones
[rosout][INFO] 2017-06-22 14:31:03,447: Received the playground image. Detecting zones...
[rosout][INFO] 2017-06-22 14:31:03,489: Publishing the detected zones on /zones
[rosout][INFO] 2017-06-22 14:31:05,689: Received the playground image. Detecting zones...
[rosout][INFO] 2017-06-22 14:31:05,719: Publishing the detected zones on /zones
[rosout][INFO] 2017-06-22 14:31:05,898: Received the playground image. Detecting zones...
[rosout][INFO] 2017-06-22 14:31:05,923: Publishing the detected zones on /zones
[rosout][INFO] 2017-06-22 14:31:06,833: Received the playground image. Detecting zones...
[rosout][INFO] 2017-06-22 14:31:06,858: Publishing the detected zones on /zones
[rosout][INFO] 2017-06-22 14:31:07,092: Received the playground image. Detecting zones...
[rosout][INFO] 2017-06-22 14:31:07,116: Publishing the detected zones on /zones
[rosout][INFO] 2017-06-22 14:31:07,533: Received the playground image. Detecting zones...
[rosout][INFO] 2017-06-22 14:31:07,565: Publishing the detected zones on /zones
[rosout][INFO] 2017-06-22 14:31:07,701: Received the playground image. Detecting zones...
[rosout][INFO] 2017-06-22 14:31:07,743: Publishing the detected zones on /zones
[rosout][INFO] 2017-06-22 14:31:11,592: Received the playground image. Detecting zones...
[rosout][INFO] 2017-06-22 14:31:11,617: Publishing the detected zones on /zones
[rosout][INFO] 2017-06-22 14:31:14,410: Received the playground image. Detecting zones...
[rosout][INFO] 2017-06-22 14:31:14,433: Publishing the detected zones on /zones
[rosout][INFO] 2017-06-22 14:31:33,659: Received the playground image. Detecting zones...
[rosout][INFO] 2017-06-22 14:31:33,678: Publishing the detected zones on /zones
[rosout][INFO] 2017-06-22 14:31:57,706: Received the playground image. Detecting zones...
[rosout][INFO] 2017-06-22 14:31:57,733: Publishing the detected zones on /zones
[rosout][INFO] 2017-06-22 14:31:57,912: Received the playground image. Detecting zones...
[rosout][INFO] 2017-06-22 14:31:57,943: Publishing the detected zones on /zones
[rosout][INFO] 2017-06-22 14:31:59,906: Received the playground image. Detecting zones...
[rosout][INFO] 2017-06-22 14:31:59,935: Publishing the detected zones on /zones
[rosout][INFO] 2017-06-22 14:32:32,647: Received the playground image. Detecting zones...
[rosout][INFO] 2017-06-22 14:32:32,696: Publishing the detected zones on /zones
[rosout][INFO] 2017-06-22 14:32:53,880: Received the playground image. Detecting zones...
[rosout][INFO] 2017-06-22 14:32:53,906: Publishing the detected zones on /zones
[rosout][INFO] 2017-06-22 14:33:12,918: Received the playground image. Detecting zones...
[rosout][INFO] 2017-06-22 14:33:12,942: Publishing the detected zones on /zones
[rosout][INFO] 2017-06-22 14:33:25,649: Received the playground image. Detecting zones...
[rosout][INFO] 2017-06-22 14:33:25,674: Publishing the detected zones on /zones
[rosout][INFO] 2017-06-22 14:33:26,628: Received the playground image. Detecting zones...
[rosout][INFO] 2017-06-22 14:33:26,657: Publishing the detected zones on /zones
[rosout][INFO] 2017-06-22 14:33:28,138: Received the playground image. Detecting zones...
[rosout][INFO] 2017-06-22 14:33:28,167: Publishing the detected zones on /zones
[rosout][INFO] 2017-06-22 14:33:29,635: Received the playground image. Detecting zones...
[rosout][INFO] 2017-06-22 14:33:29,673: Publishing the detected zones on /zones
[rosout][INFO] 2017-06-22 14:33:31,373: Received the playground image. Detecting zones...
[rosout][INFO] 2017-06-22 14:33:31,405: Publishing the detected zones on /zones
[rosout][INFO] 2017-06-22 14:34:18,374: Received the playground image. Detecting zones...
[rosout][INFO] 2017-06-22 14:34:18,417: Publishing the detected zones on /zones
[rosout][INFO] 2017-06-22 14:34:25,891: Received the playground image. Detecting zones...
[rosout][INFO] 2017-06-22 14:34:25,919: Publishing the detected zones on /zones
[rosout][INFO] 2017-06-22 14:35:57,895: Received the playground image. Detecting zones...
[rosout][INFO] 2017-06-22 14:35:57,924: Publishing the detected zones on /zones
[rosout][INFO] 2017-06-22 14:35:58,158: Received the playground image. Detecting zones...
[rosout][INFO] 2017-06-22 14:35:58,175: Publishing the detected zones on /zones
[rosout][INFO] 2017-06-22 14:35:59,900: Received the playground image. Detecting zones...
[rosout][INFO] 2017-06-22 14:35:59,919: Publishing the detected zones on /zones
[rosout][INFO] 2017-06-22 14:36:27,118: Received the playground image. Detecting zones...
[rosout][INFO] 2017-06-22 14:36:27,136: Publishing the detected zones on /zones
[rosout][INFO] 2017-06-22 14:36:28,328: Received the playground image. Detecting zones...
[rosout][INFO] 2017-06-22 14:36:28,350: Publishing the detected zones on /zones
[rosout][INFO] 2017-06-22 14:36:38,631: Received the playground image. Detecting zones...
[rosout][INFO] 2017-06-22 14:36:38,652: Publishing the detected zones on /zones
[rosout][INFO] 2017-06-22 14:36:40,651: Received the playground image. Detecting zones...
[rosout][INFO] 2017-06-22 14:36:40,669: Publishing the detected zones on /zones
[rosout][INFO] 2017-06-22 14:36:49,381: Received the playground image. Detecting zones...
[rosout][INFO] 2017-06-22 14:36:49,411: Publishing the detected zones on /zones
[rosout][INFO] 2017-06-22 14:36:50,143: Received the playground image. Detecting zones...
[rosout][INFO] 2017-06-22 14:36:50,170: Publishing the detected zones on /zones
[rosout][INFO] 2017-06-22 14:36:50,653: Received the playground image. Detecting zones...
[rosout][INFO] 2017-06-22 14:36:50,673: Publishing the detected zones on /zones
[rosout][INFO] 2017-06-22 14:36:53,863: Received the playground image. Detecting zones...
[rosout][INFO] 2017-06-22 14:36:53,883: Publishing the detected zones on /zones
[rosout][INFO] 2017-06-22 14:36:59,341: Received the playground image. Detecting zones...
[rosout][INFO] 2017-06-22 14:36:59,361: Publishing the detected zones on /zones
[rosout][INFO] 2017-06-22 14:37:01,378: Received the playground image. Detecting zones...
[rosout][INFO] 2017-06-22 14:37:01,402: Publishing the detected zones on /zones
[rosout][INFO] 2017-06-22 14:37:11,653: Received the playground image. Detecting zones...
[rosout][INFO] 2017-06-22 14:37:11,676: Publishing the detected zones on /zones
[rosout][INFO] 2017-06-22 14:37:15,368: Received the playground image. Detecting zones...
[rosout][INFO] 2017-06-22 14:37:15,401: Publishing the detected zones on /zones
[rosout][INFO] 2017-06-22 14:37:17,178: Received the playground image. Detecting zones...
[rosout][INFO] 2017-06-22 14:37:17,199: Publishing the detected zones on /zones
[rosout][INFO] 2017-06-22 14:37:20,377: Received the playground image. Detecting zones...
[rosout][INFO] 2017-06-22 14:37:20,418: Publishing the detected zones on /zones
[rosout][INFO] 2017-06-22 14:37:24,631: Received the playground image. Detecting zones...
[rosout][INFO] 2017-06-22 14:37:24,659: Publishing the detected zones on /zones
[rosout][INFO] 2017-06-22 14:37:32,364: Received the playground image. Detecting zones...
[rosout][INFO] 2017-06-22 14:37:32,393: Publishing the detected zones on /zones
[rosout][INFO] 2017-06-22 14:37:32,887: Received the playground image. Detecting zones...
[rosout][INFO] 2017-06-22 14:37:32,907: Publishing the detected zones on /zones
[rosout][INFO] 2017-06-22 14:37:34,376: Received the playground image. Detecting zones...
[rosout][INFO] 2017-06-22 14:37:34,394: Publishing the detected zones on /zones
[rosout][INFO] 2017-06-22 14:37:42,648: Received the playground image. Detecting zones...
[rosout][INFO] 2017-06-22 14:37:42,665: Publishing the detected zones on /zones
[rosout][INFO] 2017-06-22 14:37:44,635: Received the playground image. Detecting zones...
[rosout][INFO] 2017-06-22 14:37:44,656: Publishing the detected zones on /zones
[rosout][INFO] 2017-06-22 14:37:49,913: Received the playground image. Detecting zones...
[rosout][INFO] 2017-06-22 14:37:49,930: Publishing the detected zones on /zones
[rosout][INFO] 2017-06-22 14:37:55,118: Received the playground image. Detecting zones...
[rosout][INFO] 2017-06-22 14:37:55,135: Publishing the detected zones on /zones
[rosout][INFO] 2017-06-22 14:37:58,647: Received the playground image. Detecting zones...
[rosout][INFO] 2017-06-22 14:37:58,673: Publishing the detected zones on /zones
[rosout][INFO] 2017-06-22 14:38:01,627: Received the playground image. Detecting zones...
[rosout][INFO] 2017-06-22 14:38:01,644: Publishing the detected zones on /zones
[rosout][INFO] 2017-06-22 14:38:05,148: Received the playground image. Detecting zones...
[rosout][INFO] 2017-06-22 14:38:05,166: Publishing the detected zones on /zones
[rosout][INFO] 2017-06-22 14:38:08,380: Received the playground image. Detecting zones...
[rosout][INFO] 2017-06-22 14:38:08,397: Publishing the detected zones on /zones
[rosout][INFO] 2017-06-22 14:38:10,878: Received the playground image. Detecting zones...
[rosout][INFO] 2017-06-22 14:38:10,899: Publishing the detected zones on /zones
[rosout][INFO] 2017-06-22 14:38:11,106: Received the playground image. Detecting zones...
[rosout][INFO] 2017-06-22 14:38:11,128: Publishing the detected zones on /zones
[rosout][INFO] 2017-06-22 14:38:12,678: Received the playground image. Detecting zones...
[rosout][INFO] 2017-06-22 14:38:12,697: Publishing the detected zones on /zones
[rosout][INFO] 2017-06-22 14:38:12,923: Received the playground image. Detecting zones...
[rosout][INFO] 2017-06-22 14:38:12,945: Publishing the detected zones on /zones
[rosout][INFO] 2017-06-22 14:38:13,414: Received the playground image. Detecting zones...
[rosout][INFO] 2017-06-22 14:38:13,440: Publishing the detected zones on /zones
[rosout][INFO] 2017-06-22 14:38:13,617: Received the playground image. Detecting zones...
[rosout][INFO] 2017-06-22 14:38:13,639: Publishing the detected zones on /zones
[rosout][INFO] 2017-06-22 14:38:13,854: Received the playground image. Detecting zones...
[rosout][INFO] 2017-06-22 14:38:13,883: Publishing the detected zones on /zones
[rosout][INFO] 2017-06-22 14:38:14,168: Received the playground image. Detecting zones...
[rosout][INFO] 2017-06-22 14:38:14,197: Publishing the detected zones on /zones
[rosout][INFO] 2017-06-22 14:38:14,345: Received the playground image. Detecting zones...
[rosout][INFO] 2017-06-22 14:38:14,377: Publishing the detected zones on /zones
[rosout][INFO] 2017-06-22 14:38:19,354: Received the playground image. Detecting zones...
[rosout][INFO] 2017-06-22 14:38:19,387: Publishing the detected zones on /zones
[rosout][INFO] 2017-06-22 14:38:19,684: Received the playground image. Detecting zones...
[rosout][INFO] 2017-06-22 14:38:19,717: Publishing the detected zones on /zones
[rosout][INFO] 2017-06-22 14:38:20,092: Received the playground image. Detecting zones...
[rosout][INFO] 2017-06-22 14:38:20,114: Publishing the detected zones on /zones
[rosout][INFO] 2017-06-22 14:38:20,456: Received the playground image. Detecting zones...
[rosout][INFO] 2017-06-22 14:38:20,486: Publishing the detected zones on /zones
[rosout][INFO] 2017-06-22 14:38:20,687: Received the playground image. Detecting zones...
[rosout][INFO] 2017-06-22 14:38:20,731: Publishing the detected zones on /zones
[rosout][INFO] 2017-06-22 14:38:21,014: Received the playground image. Detecting zones...
[rosout][INFO] 2017-06-22 14:38:21,042: Publishing the detected zones on /zones
[rosout][INFO] 2017-06-22 14:38:21,472: Received the playground image. Detecting zones...
[rosout][INFO] 2017-06-22 14:38:21,507: Publishing the detected zones on /zones
[rosout][INFO] 2017-06-22 14:38:21,751: Received the playground image. Detecting zones...
[rosout][INFO] 2017-06-22 14:38:21,773: Publishing the detected zones on /zones
[rosout][INFO] 2017-06-22 14:38:22,053: Received the playground image. Detecting zones...
[rosout][INFO] 2017-06-22 14:38:22,083: Publishing the detected zones on /zones
[rosout][INFO] 2017-06-22 14:38:22,711: Received the playground image. Detecting zones...
[rosout][INFO] 2017-06-22 14:38:22,728: Publishing the detected zones on /zones
[rosout][INFO] 2017-06-22 14:38:23,267: Received the playground image. Detecting zones...
[rosout][INFO] 2017-06-22 14:38:23,289: Publishing the detected zones on /zones
[rosout][INFO] 2017-06-22 14:38:23,959: Received the playground image. Detecting zones...
[rosout][INFO] 2017-06-22 14:38:23,990: Publishing the detected zones on /zones
[rosout][INFO] 2017-06-22 14:38:24,492: Received the playground image. Detecting zones...
[rosout][INFO] 2017-06-22 14:38:24,528: Publishing the detected zones on /zones
[rosout][INFO] 2017-06-22 14:38:24,999: Received the playground image. Detecting zones...
[rosout][INFO] 2017-06-22 14:38:25,038: Publishing the detected zones on /zones
[rosout][INFO] 2017-06-22 14:38:25,274: Received the playground image. Detecting zones...
[rosout][INFO] 2017-06-22 14:38:25,299: Publishing the detected zones on /zones
[rosout][INFO] 2017-06-22 14:38:25,688: Received the playground image. Detecting zones...
[rosout][INFO] 2017-06-22 14:38:25,721: Publishing the detected zones on /zones
[rosout][INFO] 2017-06-22 14:38:25,859: Received the playground image. Detecting zones...
[rosout][INFO] 2017-06-22 14:38:25,877: Publishing the detected zones on /zones
[rosout][INFO] 2017-06-22 14:38:30,373: Received the playground image. Detecting zones...
[rosout][INFO] 2017-06-22 14:38:30,395: Publishing the detected zones on /zones
[rosout][INFO] 2017-06-22 14:38:30,863: Received the playground image. Detecting zones...
[rosout][INFO] 2017-06-22 14:38:30,883: Publishing the detected zones on /zones
[rosout][INFO] 2017-06-22 14:38:35,648: Received the playground image. Detecting zones...
[rosout][INFO] 2017-06-22 14:38:35,665: Publishing the detected zones on /zones
[rosout][INFO] 2017-06-22 14:38:48,352: Received the playground image. Detecting zones...
[rosout][INFO] 2017-06-22 14:38:48,374: Publishing the detected zones on /zones
[rosout][INFO] 2017-06-22 14:38:57,091: Received the playground image. Detecting zones...
[rosout][INFO] 2017-06-22 14:38:57,112: Publishing the detected zones on /zones
[rosout][INFO] 2017-06-22 14:38:57,354: Received the playground image. Detecting zones...
[rosout][INFO] 2017-06-22 14:38:57,384: Publishing the detected zones on /zones
[rosout][INFO] 2017-06-22 14:38:57,889: Received the playground image. Detecting zones...
[rosout][INFO] 2017-06-22 14:38:57,910: Publishing the detected zones on /zones
[rosout][INFO] 2017-06-22 14:38:58,078: Received the playground image. Detecting zones...
[rosout][INFO] 2017-06-22 14:38:58,099: Publishing the detected zones on /zones
[rosout][INFO] 2017-06-22 14:39:00,145: Received the playground image. Detecting zones...
[rosout][INFO] 2017-06-22 14:39:00,162: Publishing the detected zones on /zones
[rosout][INFO] 2017-06-22 14:39:02,385: Received the playground image. Detecting zones...
[rosout][INFO] 2017-06-22 14:39:02,409: Publishing the detected zones on /zones
[rosout][INFO] 2017-06-22 14:39:04,129: Received the playground image. Detecting zones...
[rosout][INFO] 2017-06-22 14:39:04,151: Publishing the detected zones on /zones
[rosout][INFO] 2017-06-22 14:39:12,617: Received the playground image. Detecting zones...
[rosout][INFO] 2017-06-22 14:39:12,638: Publishing the detected zones on /zones
[rosout][INFO] 2017-06-22 14:39:15,859: Received the playground image. Detecting zones...
[rosout][INFO] 2017-06-22 14:39:15,880: Publishing the detected zones on /zones
[rosout][INFO] 2017-06-22 14:39:16,873: Received the playground image. Detecting zones...
[rosout][INFO] 2017-06-22 14:39:16,895: Publishing the detected zones on /zones
[rosout][INFO] 2017-06-22 14:39:23,630: Received the playground image. Detecting zones...
[rosout][INFO] 2017-06-22 14:39:23,654: Publishing the detected zones on /zones
[rosout][INFO] 2017-06-22 14:39:25,398: Received the playground image. Detecting zones...
[rosout][INFO] 2017-06-22 14:39:25,425: Publishing the detected zones on /zones
[rosout][INFO] 2017-06-22 14:39:30,131: Received the playground image. Detecting zones...
[rosout][INFO] 2017-06-22 14:39:30,152: Publishing the detected zones on /zones
[rosout][INFO] 2017-06-22 14:39:37,339: Received the playground image. Detecting zones...
[rosout][INFO] 2017-06-22 14:39:37,358: Publishing the detected zones on /zones
[rosout][INFO] 2017-06-22 14:39:37,878: Received the playground image. Detecting zones...
[rosout][INFO] 2017-06-22 14:39:37,896: Publishing the detected zones on /zones
[rosout][INFO] 2017-06-22 14:39:38,162: Received the playground image. Detecting zones...
[rosout][INFO] 2017-06-22 14:39:38,188: Publishing the detected zones on /zones
[rosout][INFO] 2017-06-22 14:39:41,404: Received the playground image. Detecting zones...
[rosout][INFO] 2017-06-22 14:39:41,425: Publishing the detected zones on /zones
[rosout][INFO] 2017-06-22 14:39:41,640: Received the playground image. Detecting zones...
[rosout][INFO] 2017-06-22 14:39:41,659: Publishing the detected zones on /zones
[rosout][INFO] 2017-06-22 14:39:52,635: Received the playground image. Detecting zones...
[rosout][INFO] 2017-06-22 14:39:52,656: Publishing the detected zones on /zones
[rosout][INFO] 2017-06-22 14:40:06,111: Received the playground image. Detecting zones...
[rosout][INFO] 2017-06-22 14:40:06,133: Publishing the detected zones on /zones
[rosout][INFO] 2017-06-22 14:40:08,385: Received the playground image. Detecting zones...
[rosout][INFO] 2017-06-22 14:40:08,407: Publishing the detected zones on /zones
[rosout][INFO] 2017-06-22 14:40:19,582: Received the playground image. Detecting zones...
[rosout][INFO] 2017-06-22 14:40:19,607: Publishing the detected zones on /zones
[rosout][INFO] 2017-06-22 14:40:35,373: Received the playground image. Detecting zones...
[rosout][INFO] 2017-06-22 14:40:35,398: Publishing the detected zones on /zones
[rosout][INFO] 2017-06-22 14:40:40,620: Received the playground image. Detecting zones...
[rosout][INFO] 2017-06-22 14:40:40,646: Publishing the detected zones on /zones
[rosout][INFO] 2017-06-22 14:40:45,916: Received the playground image. Detecting zones...
[rosout][INFO] 2017-06-22 14:40:45,938: Publishing the detected zones on /zones
[rosout][INFO] 2017-06-22 14:40:47,899: Received the playground image. Detecting zones...
[rosout][INFO] 2017-06-22 14:40:47,926: Publishing the detected zones on /zones
[rosout][INFO] 2017-06-22 14:40:48,396: Received the playground image. Detecting zones...
[rosout][INFO] 2017-06-22 14:40:48,437: Publishing the detected zones on /zones
[rosout][INFO] 2017-06-22 14:41:07,141: Received the playground image. Detecting zones...
[rosout][INFO] 2017-06-22 14:41:07,165: Publishing the detected zones on /zones
[rosout][INFO] 2017-06-22 14:41:10,387: Received the playground image. Detecting zones...
[rosout][INFO] 2017-06-22 14:41:10,414: Publishing the detected zones on /zones
[rosout][INFO] 2017-06-22 14:41:37,387: Received the playground image. Detecting zones...
[rosout][INFO] 2017-06-22 14:41:37,407: Publishing the detected zones on /zones
[rospy.internal][INFO] 2017-06-22 14:41:43,373: topic[/zones] removing connection to /sandbox_play
[rospy.internal][INFO] 2017-06-22 14:41:47,875: topic[/zones] removing connection to /rosbag_record_freeplay_sandbox
[rospy.core][INFO] 2017-06-22 14:42:16,952: signal_shutdown [signal-15]
[rospy.internal][INFO] 2017-06-22 14:42:16,958: topic[/rosout] removing connection to /rosout
[rospy.internal][INFO] 2017-06-22 14:42:16,959: topic[/sandtray/background/image] removing connection to http://sandtray-hrilab:45609/
[rospy.internal][WARNING] 2017-06-22 14:42:16,959: Unknown error initiating TCP/IP socket to sandtray-hrilab:42547 (http://sandtray-hrilab:45609/): Traceback (most recent call last):
  File "/opt/ros/kinetic/lib/python2.7/dist-packages/rospy/impl/tcpros_base.py", line 557, in connect
    self.read_header()
  File "/opt/ros/kinetic/lib/python2.7/dist-packages/rospy/impl/tcpros_base.py", line 650, in read_header
    self._validate_header(read_ros_handshake_header(sock, self.read_buff, self.protocol.buff_size))
AttributeError: 'NoneType' object has no attribute 'buff_size'

[rospy.topics][ERROR] 2017-06-22 14:42:16,959: Traceback (most recent call last):
  File "/opt/ros/kinetic/lib/python2.7/dist-packages/rospy/topics.py", line 326, in close
    c.close()
  File "/opt/ros/kinetic/lib/python2.7/dist-packages/rospy/impl/tcpros_base.py", line 838, in close
    self.socket.close()
AttributeError: 'NoneType' object has no attribute 'close'

[rospy.internal][INFO] 2017-06-22 14:42:16,959: topic[/sandtray/background/camera_info] removing connection to http://sandtray-hrilab:45609/
[rospy.impl.masterslave][INFO] 2017-06-22 14:42:16,960: signal-15
[rospy.core][INFO] 2017-06-22 14:42:17,112: signal_shutdown [signal-2]
[rospy.core][INFO] 2017-06-22 14:42:17,112: signal_shutdown [atexit]
