[rospy.client][INFO] 2017-06-07 10:17:51,030: init_node, name[/move_sandbox_items], pid[12680]
[xmlrpc][INFO] 2017-06-07 10:17:51,030: XML-RPC server binding to 0.0.0.0:0
[xmlrpc][INFO] 2017-06-07 10:17:51,030: Started XML-RPC server [http://sandtray-hrilab:42927/]
[rospy.init][INFO] 2017-06-07 10:17:51,031: ROS Slave URI: [http://sandtray-hrilab:42927/]
[rospy.impl.masterslave][INFO] 2017-06-07 10:17:51,031: _ready: http://sandtray-hrilab:42927/
[rospy.registration][INFO] 2017-06-07 10:17:51,031: Registering with master node http://localhost:11311
[xmlrpc][INFO] 2017-06-07 10:17:51,032: xml rpc node: starting XML-RPC server
[rospy.init][INFO] 2017-06-07 10:17:51,131: registered with master
[rospy.rosout][INFO] 2017-06-07 10:17:51,131: initializing /rosout core topic
[rospy.rosout][INFO] 2017-06-07 10:17:51,133: connected to core topic /rosout
[rospy.simtime][INFO] 2017-06-07 10:17:51,135: /use_sim_time is not set, will not subscribe to simulated time [/clock] topic
[rospy.internal][INFO] 2017-06-07 10:17:51,150: topic[/tf] adding connection to [http://sandtray-hrilab:34594/], count 0
[rospy.internal][INFO] 2017-06-07 10:17:51,151: topic[/tf] adding connection to [http://sandtray-hrilab:33026/], count 0
[rospy.internal][INFO] 2017-06-07 10:17:51,152: topic[/tf] adding connection to [http://sandtray-hrilab:42896/], count 0
[rospy.internal][INFO] 2017-06-07 10:17:51,154: topic[/tf] adding connection to [http://sandtray-hrilab:36452/], count 1
[rospy.internal][INFO] 2017-06-07 10:17:51,156: topic[/tf] adding connection to [http://sandtray-hrilab:44916/], count 4
[rospy.internal][INFO] 2017-06-07 10:17:51,358: topic[/rosout] adding connection to [/rosout], count 0
[rospy.internal][INFO] 2017-06-07 10:17:51,367: topic[/poses] adding connection to [/sandtray], count 0
[rospy.core][INFO] 2017-06-07 10:17:51,638: signal_shutdown [signal-2]
[rospy.internal][INFO] 2017-06-07 10:17:51,647: topic[/poses] removing connection to /sandtray
[rospy.internal][INFO] 2017-06-07 10:17:51,647: topic[/rosout] removing connection to /rosout
[rospy.internal][INFO] 2017-06-07 10:17:51,648: topic[/tf] removing connection to http://sandtray-hrilab:33026/
[rospy.internal][WARNING] 2017-06-07 10:17:51,649: Unknown error initiating TCP/IP socket to sandtray-hrilab:58740 (http://sandtray-hrilab:33026/): Traceback (most recent call last):
  File "/opt/ros/kinetic/lib/python2.7/dist-packages/rospy/impl/tcpros_base.py", line 557, in connect
    self.read_header()
  File "/opt/ros/kinetic/lib/python2.7/dist-packages/rospy/impl/tcpros_base.py", line 650, in read_header
    self._validate_header(read_ros_handshake_header(sock, self.read_buff, self.protocol.buff_size))
AttributeError: 'NoneType' object has no attribute 'buff_size'

[rospy.topics][ERROR] 2017-06-07 10:17:51,649: Traceback (most recent call last):
  File "/opt/ros/kinetic/lib/python2.7/dist-packages/rospy/topics.py", line 326, in close
    c.close()
  File "/opt/ros/kinetic/lib/python2.7/dist-packages/rospy/impl/tcpros_base.py", line 838, in close
    self.socket.close()
AttributeError: 'NoneType' object has no attribute 'close'

[rospy.internal][INFO] 2017-06-07 10:17:51,650: topic[/tf] removing connection to http://sandtray-hrilab:34594/
[rospy.internal][INFO] 2017-06-07 10:17:51,650: topic[/tf] removing connection to http://sandtray-hrilab:42896/
[rospy.internal][WARNING] 2017-06-07 10:17:51,650: Unknown error initiating TCP/IP socket to sandtray-hrilab:60330 (http://sandtray-hrilab:34594/): Traceback (most recent call last):
  File "/opt/ros/kinetic/lib/python2.7/dist-packages/rospy/impl/tcpros_base.py", line 557, in connect
    self.read_header()
  File "/opt/ros/kinetic/lib/python2.7/dist-packages/rospy/impl/tcpros_base.py", line 650, in read_header
    self._validate_header(read_ros_handshake_header(sock, self.read_buff, self.protocol.buff_size))
AttributeError: 'NoneType' object has no attribute 'buff_size'

[rospy.internal][INFO] 2017-06-07 10:17:51,650: topic[/tf] removing connection to http://sandtray-hrilab:36452/
[rospy.topics][ERROR] 2017-06-07 10:17:51,651: Traceback (most recent call last):
  File "/opt/ros/kinetic/lib/python2.7/dist-packages/rospy/topics.py", line 326, in close
    c.close()
  File "/opt/ros/kinetic/lib/python2.7/dist-packages/rospy/impl/tcpros_base.py", line 838, in close
    self.socket.close()
AttributeError: 'NoneType' object has no attribute 'close'

[rospy.internal][WARNING] 2017-06-07 10:17:51,651: Unknown error initiating TCP/IP socket to sandtray-hrilab:33265 (http://sandtray-hrilab:36452/): Traceback (most recent call last):
  File "/opt/ros/kinetic/lib/python2.7/dist-packages/rospy/impl/tcpros_base.py", line 557, in connect
    self.read_header()
  File "/opt/ros/kinetic/lib/python2.7/dist-packages/rospy/impl/tcpros_base.py", line 650, in read_header
    self._validate_header(read_ros_handshake_header(sock, self.read_buff, self.protocol.buff_size))
AttributeError: 'NoneType' object has no attribute 'buff_size'

[rospy.internal][INFO] 2017-06-07 10:17:51,651: topic[/tf] removing connection to http://sandtray-hrilab:44916/
[rospy.impl.masterslave][INFO] 2017-06-07 10:17:51,651: signal-2
[rospy.core][INFO] 2017-06-07 10:17:51,767: signal_shutdown [atexit]
