[rospy.client][INFO] 2017-06-20 10:35:40,226: init_node, name[/move_sandbox_items], pid[9054]
[xmlrpc][INFO] 2017-06-20 10:35:40,226: XML-RPC server binding to 0.0.0.0:0
[xmlrpc][INFO] 2017-06-20 10:35:40,227: Started XML-RPC server [http://sandtray-hrilab:44401/]
[rospy.init][INFO] 2017-06-20 10:35:40,227: ROS Slave URI: [http://sandtray-hrilab:44401/]
[rospy.impl.masterslave][INFO] 2017-06-20 10:35:40,227: _ready: http://sandtray-hrilab:44401/
[rospy.registration][INFO] 2017-06-20 10:35:40,228: Registering with master node http://localhost:11311
[xmlrpc][INFO] 2017-06-20 10:35:40,228: xml rpc node: starting XML-RPC server
[rospy.init][INFO] 2017-06-20 10:35:40,327: registered with master
[rospy.rosout][INFO] 2017-06-20 10:35:40,328: initializing /rosout core topic
[rospy.rosout][INFO] 2017-06-20 10:35:40,329: connected to core topic /rosout
[rospy.simtime][INFO] 2017-06-20 10:35:40,330: /use_sim_time is not set, will not subscribe to simulated time [/clock] topic
[rospy.internal][INFO] 2017-06-20 10:35:40,346: topic[/tf] adding connection to [http://sandtray-hrilab:37217/], count 0
[rospy.internal][INFO] 2017-06-20 10:35:40,350: topic[/tf] adding connection to [http://sandtray-hrilab:42510/], count 1
[rospy.internal][INFO] 2017-06-20 10:35:40,352: topic[/tf] adding connection to [http://sandtray-hrilab:42594/], count 2
[rospy.internal][INFO] 2017-06-20 10:35:40,353: topic[/tf] adding connection to [http://sandtray-hrilab:46866/], count 2
[rospy.internal][INFO] 2017-06-20 10:35:40,475: topic[/tf] adding connection to [http://sandtray-hrilab:39898/], count 4
[rospy.internal][INFO] 2017-06-20 10:35:40,549: topic[/poses] adding connection to [/sandtray], count 0
[rospy.internal][INFO] 2017-06-20 10:35:40,554: topic[/rosout] adding connection to [/rosout], count 0
[rospy.internal][WARNING] 2017-06-20 10:38:03,871: Unknown error initiating TCP/IP socket to sandtray-hrilab:41619 (http://sandtray-hrilab:42594/): Traceback (most recent call last):
  File "/opt/ros/kinetic/lib/python2.7/dist-packages/rospy/impl/tcpros_base.py", line 557, in connect
    self.read_header()
  File "/opt/ros/kinetic/lib/python2.7/dist-packages/rospy/impl/tcpros_base.py", line 650, in read_header
    self._validate_header(read_ros_handshake_header(sock, self.read_buff, self.protocol.buff_size))
  File "/opt/ros/kinetic/lib/python2.7/dist-packages/rosgraph/network.py", line 362, in read_ros_handshake_header
    d = sock.recv(buff_size)
error: [Errno 104] Connection reset by peer

[rospy.internal][INFO] 2017-06-20 10:38:03,871: topic[/tf] removing connection to http://sandtray-hrilab:42594/
[rospy.internal][INFO] 2017-06-20 10:39:47,729: topic[/tf] adding connection to [http://sandtray-hrilab:33825/], count 4
[rospy.internal][INFO] 2017-06-20 10:39:48,739: topic[/tf] adding connection to [http://sandtray-hrilab:39123/], count 5
[rospy.internal][WARNING] 2017-06-20 10:45:04,947: Unknown error initiating TCP/IP socket to sandtray-hrilab:55127 (http://sandtray-hrilab:33825/): Traceback (most recent call last):
  File "/opt/ros/kinetic/lib/python2.7/dist-packages/rospy/impl/tcpros_base.py", line 557, in connect
    self.read_header()
  File "/opt/ros/kinetic/lib/python2.7/dist-packages/rospy/impl/tcpros_base.py", line 650, in read_header
    self._validate_header(read_ros_handshake_header(sock, self.read_buff, self.protocol.buff_size))
  File "/opt/ros/kinetic/lib/python2.7/dist-packages/rosgraph/network.py", line 362, in read_ros_handshake_header
    d = sock.recv(buff_size)
error: [Errno 104] Connection reset by peer

[rospy.internal][INFO] 2017-06-20 10:45:04,947: topic[/tf] removing connection to http://sandtray-hrilab:33825/
[rospy.internal][WARNING] 2017-06-20 10:45:04,947: Unknown error initiating TCP/IP socket to sandtray-hrilab:33455 (http://sandtray-hrilab:39123/): Traceback (most recent call last):
  File "/opt/ros/kinetic/lib/python2.7/dist-packages/rospy/impl/tcpros_base.py", line 555, in connect
    self.socket.connect((dest_addr, dest_port))
  File "/usr/lib/python2.7/socket.py", line 228, in meth
    return getattr(self._sock,name)(*args)
error: [Errno 111] Connection refused

[rospy.internal][INFO] 2017-06-20 10:45:04,947: topic[/tf] removing connection to http://sandtray-hrilab:39123/
[rospy.internal][INFO] 2017-06-20 10:45:08,780: topic[/tf] adding connection to [http://sandtray-hrilab:41072/], count 4
[rospy.internal][INFO] 2017-06-20 10:45:09,095: topic[/tf] adding connection to [http://sandtray-hrilab:39163/], count 5
[rospy.internal][INFO] 2017-06-20 10:45:09,619: topic[/move_sandbox_items/status] adding connection to [/sandbox_play], count 0
[rospy.internal][INFO] 2017-06-20 10:45:09,622: topic[/move_sandbox_items/result] adding connection to [/sandbox_play], count 0
[rospy.internal][INFO] 2017-06-20 10:45:09,623: topic[/move_sandbox_items/feedback] adding connection to [/sandbox_play], count 0
[rospy.internal][INFO] 2017-06-20 10:45:09,711: topic[/move_sandbox_items/cancel] adding connection to [http://sandtray-hrilab:45191/], count 0
[rospy.internal][INFO] 2017-06-20 10:45:09,712: topic[/move_sandbox_items/goal] adding connection to [http://sandtray-hrilab:45191/], count 0
[rosout][INFO] 2017-06-20 10:45:09,756: /move_sandbox_items: Received a request to move hippo to 0.57, -0.18. Let's do that
[rosout][INFO] 2017-06-20 10:45:09,757: Moving hippo to -0.08,-0.01
[rosout][INFO] 2017-06-20 10:45:09,757: Requesting a plan...
[rosout][INFO] 2017-06-20 10:45:09,866: Received trajectory! As requested, waiting -0.000845703s before starting...
[rosout][INFO] 2017-06-20 10:45:09,866: Waiting a bit more (0.0s) to give the robot time to prepare...
[rosout][INFO] 2017-06-20 10:45:09,866: Starting to play trajectory!
[rosout][INFO] 2017-06-20 10:45:09,867: Done 0%
[rosout][INFO] 2017-06-20 10:45:09,968: Done 5%
[rosout][INFO] 2017-06-20 10:45:10,069: Done 11%
[rospy.internal][INFO] 2017-06-20 10:45:10,125: topic[/tf] adding connection to [http://sandtray-hrilab:37414/], count 6
[rosout][INFO] 2017-06-20 10:45:10,170: Done 17%
[rosout][INFO] 2017-06-20 10:45:10,270: Done 23%
[rosout][INFO] 2017-06-20 10:45:10,371: Done 29%
[rosout][INFO] 2017-06-20 10:45:10,472: Done 35%
[rosout][INFO] 2017-06-20 10:45:10,573: Done 41%
[rosout][INFO] 2017-06-20 10:45:10,674: Done 47%
[rosout][INFO] 2017-06-20 10:45:10,776: Done 52%
[rosout][INFO] 2017-06-20 10:45:10,877: Done 58%
[rosout][INFO] 2017-06-20 10:45:10,978: Done 64%
[rosout][INFO] 2017-06-20 10:45:11,079: Done 70%
[rosout][INFO] 2017-06-20 10:45:11,180: Done 76%
[rosout][INFO] 2017-06-20 10:45:11,281: Done 82%
[rosout][INFO] 2017-06-20 10:45:11,382: Done 88%
[rosout][INFO] 2017-06-20 10:45:11,483: /move_sandbox_items: Succeeded
[rosout][INFO] 2017-06-20 10:45:13,718: /move_sandbox_items: Received a request to move girl to 0.37, -0.25. Let's do that
[rosout][INFO] 2017-06-20 10:45:13,719: Moving girl to -0.13,0.13
[rosout][INFO] 2017-06-20 10:45:13,720: Requesting a plan...
[rosout][INFO] 2017-06-20 10:45:13,866: Received trajectory! As requested, waiting -0.000655589s before starting...
[rosout][INFO] 2017-06-20 10:45:13,866: Waiting a bit more (0.0s) to give the robot time to prepare...
[rosout][INFO] 2017-06-20 10:45:13,866: Starting to play trajectory!
[rosout][INFO] 2017-06-20 10:45:13,867: Done 0%
[rospy.internal][INFO] 2017-06-20 10:45:13,942: topic[/tf] adding connection to [http://192.168.2.104:34287/], count 7
[rosout][INFO] 2017-06-20 10:45:13,968: Done 2%
[rosout][INFO] 2017-06-20 10:45:14,069: Done 5%
[rosout][INFO] 2017-06-20 10:45:14,170: Done 8%
[rosout][INFO] 2017-06-20 10:45:14,271: Done 10%
[rosout][INFO] 2017-06-20 10:45:14,372: Done 13%
[rosout][INFO] 2017-06-20 10:45:14,474: Done 16%
[rosout][INFO] 2017-06-20 10:45:14,575: Done 18%
[rosout][INFO] 2017-06-20 10:45:14,676: Done 21%
[rosout][INFO] 2017-06-20 10:45:14,777: Done 24%
[rosout][INFO] 2017-06-20 10:45:14,879: Done 27%
[rosout][INFO] 2017-06-20 10:45:14,980: Done 29%
[rosout][INFO] 2017-06-20 10:45:15,081: Done 32%
[rosout][INFO] 2017-06-20 10:45:15,182: Done 35%
[rosout][INFO] 2017-06-20 10:45:15,284: Done 37%
[rosout][INFO] 2017-06-20 10:45:15,385: Done 40%
[rosout][INFO] 2017-06-20 10:45:15,486: Done 43%
[rosout][INFO] 2017-06-20 10:45:15,586: Done 45%
[rosout][INFO] 2017-06-20 10:45:15,689: Done 48%
[rosout][INFO] 2017-06-20 10:45:15,790: Done 51%
[rosout][INFO] 2017-06-20 10:45:15,891: Done 54%
[rosout][INFO] 2017-06-20 10:45:15,991: Done 56%
[rosout][INFO] 2017-06-20 10:45:16,092: Done 59%
[rosout][INFO] 2017-06-20 10:45:16,194: Done 62%
[rosout][INFO] 2017-06-20 10:45:16,295: Done 64%
[rosout][INFO] 2017-06-20 10:45:16,396: Done 67%
[rosout][INFO] 2017-06-20 10:45:16,497: Done 70%
[rosout][INFO] 2017-06-20 10:45:16,598: Done 72%
[rosout][INFO] 2017-06-20 10:45:16,699: Done 75%
[rosout][INFO] 2017-06-20 10:45:16,800: Done 78%
[rosout][INFO] 2017-06-20 10:45:16,901: Done 81%
[rosout][INFO] 2017-06-20 10:45:17,002: Done 83%
[rosout][INFO] 2017-06-20 10:45:17,103: Done 86%
[rosout][INFO] 2017-06-20 10:45:17,204: Done 89%
[rosout][INFO] 2017-06-20 10:45:17,305: Done 91%
[rosout][INFO] 2017-06-20 10:45:17,406: Done 94%
[rosout][INFO] 2017-06-20 10:45:17,508: /move_sandbox_items: Succeeded
[rosout][INFO] 2017-06-20 10:45:19,813: /move_sandbox_items: Received a request to move lion to 0.49, -0.06. Let's do that
[rosout][INFO] 2017-06-20 10:45:19,813: Moving lion to 0.20,-0.03
[rosout][INFO] 2017-06-20 10:45:19,814: Requesting a plan...
[rosout][INFO] 2017-06-20 10:45:19,866: Received trajectory! As requested, waiting -0.000758658s before starting...
[rosout][INFO] 2017-06-20 10:45:19,866: Waiting a bit more (0.0s) to give the robot time to prepare...
[rosout][INFO] 2017-06-20 10:45:19,867: Starting to play trajectory!
[rosout][INFO] 2017-06-20 10:45:19,868: Done 0%
[rosout][INFO] 2017-06-20 10:45:19,969: Done 2%
[rosout][INFO] 2017-06-20 10:45:20,070: Done 5%
[rosout][INFO] 2017-06-20 10:45:20,171: Done 7%
[rosout][INFO] 2017-06-20 10:45:20,273: Done 10%
[rosout][INFO] 2017-06-20 10:45:20,374: Done 12%
[rosout][INFO] 2017-06-20 10:45:20,476: Done 15%
[rosout][INFO] 2017-06-20 10:45:20,577: Done 17%
[rosout][INFO] 2017-06-20 10:45:20,678: Done 20%
[rosout][INFO] 2017-06-20 10:45:20,780: Done 23%
[rosout][INFO] 2017-06-20 10:45:20,881: Done 25%
[rosout][INFO] 2017-06-20 10:45:20,982: Done 28%
[rosout][INFO] 2017-06-20 10:45:21,084: Done 30%
[rosout][INFO] 2017-06-20 10:45:21,185: Done 33%
[rosout][INFO] 2017-06-20 10:45:21,286: Done 35%
[rosout][INFO] 2017-06-20 10:45:21,387: Done 38%
[rosout][INFO] 2017-06-20 10:45:21,489: Done 41%
[rosout][INFO] 2017-06-20 10:45:21,591: Done 43%
[rosout][INFO] 2017-06-20 10:45:21,692: Done 46%
[rosout][INFO] 2017-06-20 10:45:21,793: Done 48%
[rosout][INFO] 2017-06-20 10:45:21,894: Done 51%
[rosout][INFO] 2017-06-20 10:45:21,995: Done 53%
[rosout][INFO] 2017-06-20 10:45:22,096: Done 56%
[rosout][INFO] 2017-06-20 10:45:22,197: Done 58%
[rosout][INFO] 2017-06-20 10:45:22,298: Done 61%
[rosout][INFO] 2017-06-20 10:45:22,399: Done 64%
[rosout][INFO] 2017-06-20 10:45:22,500: Done 66%
[rosout][INFO] 2017-06-20 10:45:22,602: Done 69%
[rosout][INFO] 2017-06-20 10:45:22,703: Done 71%
[rosout][INFO] 2017-06-20 10:45:22,806: Done 74%
[rosout][INFO] 2017-06-20 10:45:22,907: Done 76%
[rosout][INFO] 2017-06-20 10:45:23,008: Done 79%
[rosout][INFO] 2017-06-20 10:45:23,109: Done 82%
[rosout][INFO] 2017-06-20 10:45:23,211: Done 84%
[rosout][INFO] 2017-06-20 10:45:23,312: Done 87%
[rosout][INFO] 2017-06-20 10:45:23,413: Done 89%
[rosout][INFO] 2017-06-20 10:45:23,514: Done 92%
[rosout][INFO] 2017-06-20 10:45:23,615: Done 94%
[rosout][INFO] 2017-06-20 10:45:23,716: /move_sandbox_items: Succeeded
[rosout][INFO] 2017-06-20 10:45:26,085: /move_sandbox_items: Received a request to move crocodile to 0.57, -0.18. Let's do that
[rosout][INFO] 2017-06-20 10:45:26,086: Moving crocodile to -0.04,-0.03
[rosout][INFO] 2017-06-20 10:45:26,086: Requesting a plan...
[rosout][INFO] 2017-06-20 10:45:26,265: Received trajectory! As requested, waiting -0.000430519s before starting...
[rosout][INFO] 2017-06-20 10:45:26,266: Waiting a bit more (0.0s) to give the robot time to prepare...
[rosout][INFO] 2017-06-20 10:45:26,266: Starting to play trajectory!
[rosout][INFO] 2017-06-20 10:45:26,267: Done 0%
[rosout][INFO] 2017-06-20 10:45:26,367: Done 10%
[rosout][INFO] 2017-06-20 10:45:26,468: Done 20%
[rosout][INFO] 2017-06-20 10:45:26,569: Done 30%
[rosout][INFO] 2017-06-20 10:45:26,670: Done 40%
[rosout][INFO] 2017-06-20 10:45:26,771: Done 50%
[rosout][INFO] 2017-06-20 10:45:26,872: Done 60%
[rosout][INFO] 2017-06-20 10:45:26,973: Done 70%
[rosout][INFO] 2017-06-20 10:45:27,074: Done 80%
[rosout][INFO] 2017-06-20 10:45:27,175: /move_sandbox_items: Succeeded
[rosout][INFO] 2017-06-20 10:45:29,281: /move_sandbox_items: Received a request to move lion to 0.49, -0.06. Let's do that
[rosout][INFO] 2017-06-20 10:45:29,282: Moving lion to -0.13,-0.14
[rosout][INFO] 2017-06-20 10:45:29,283: Requesting a plan...
[rosout][INFO] 2017-06-20 10:45:29,467: Received trajectory! As requested, waiting -0.002257963s before starting...
[rosout][INFO] 2017-06-20 10:45:29,468: Waiting a bit more (0.0s) to give the robot time to prepare...
[rosout][INFO] 2017-06-20 10:45:29,468: Starting to play trajectory!
[rosout][INFO] 2017-06-20 10:45:29,468: Done 0%
[rosout][INFO] 2017-06-20 10:45:29,569: Done 2%
[rosout][INFO] 2017-06-20 10:45:29,670: Done 4%
[rosout][INFO] 2017-06-20 10:45:29,772: Done 6%
[rosout][INFO] 2017-06-20 10:45:29,873: Done 8%
[rosout][INFO] 2017-06-20 10:45:29,974: Done 11%
[rosout][INFO] 2017-06-20 10:45:30,075: Done 13%
[rosout][INFO] 2017-06-20 10:45:30,176: Done 15%
[rosout][INFO] 2017-06-20 10:45:30,277: Done 17%
[rosout][INFO] 2017-06-20 10:45:30,378: Done 20%
[rosout][INFO] 2017-06-20 10:45:30,480: Done 22%
[rosout][INFO] 2017-06-20 10:45:30,581: Done 24%
[rosout][INFO] 2017-06-20 10:45:30,682: Done 26%
[rosout][INFO] 2017-06-20 10:45:30,783: Done 28%
[rosout][INFO] 2017-06-20 10:45:30,884: Done 31%
[rosout][INFO] 2017-06-20 10:45:30,985: Done 33%
[rosout][INFO] 2017-06-20 10:45:31,087: Done 35%
[rosout][INFO] 2017-06-20 10:45:31,188: Done 37%
[rosout][INFO] 2017-06-20 10:45:31,292: Done 40%
[rosout][INFO] 2017-06-20 10:45:31,394: Done 42%
[rosout][INFO] 2017-06-20 10:45:31,494: Done 44%
[rosout][INFO] 2017-06-20 10:45:31,595: Done 46%
[rosout][INFO] 2017-06-20 10:45:31,696: Done 48%
[rosout][INFO] 2017-06-20 10:45:31,797: Done 51%
[rosout][INFO] 2017-06-20 10:45:31,898: Done 53%
[rosout][INFO] 2017-06-20 10:45:31,999: Done 55%
[rosout][INFO] 2017-06-20 10:45:32,100: Done 57%
[rosout][INFO] 2017-06-20 10:45:32,202: Done 60%
[rosout][INFO] 2017-06-20 10:45:32,302: Done 62%
[rosout][INFO] 2017-06-20 10:45:32,403: Done 64%
[rosout][INFO] 2017-06-20 10:45:32,504: Done 66%
[rosout][INFO] 2017-06-20 10:45:32,606: Done 68%
[rosout][INFO] 2017-06-20 10:45:32,707: Done 71%
[rosout][INFO] 2017-06-20 10:45:32,808: Done 73%
[rosout][INFO] 2017-06-20 10:45:32,909: Done 75%
[rosout][INFO] 2017-06-20 10:45:33,010: Done 77%
[rosout][INFO] 2017-06-20 10:45:33,111: Done 80%
[rosout][INFO] 2017-06-20 10:45:33,212: Done 82%
[rosout][INFO] 2017-06-20 10:45:33,313: Done 84%
[rosout][INFO] 2017-06-20 10:45:33,414: Done 86%
[rosout][INFO] 2017-06-20 10:45:33,516: Done 88%
[rosout][INFO] 2017-06-20 10:45:33,617: Done 91%
[rosout][INFO] 2017-06-20 10:45:33,718: Done 93%
[rosout][INFO] 2017-06-20 10:45:33,819: Done 95%
[rosout][INFO] 2017-06-20 10:45:33,920: /move_sandbox_items: Succeeded
[rosout][INFO] 2017-06-20 10:45:35,358: /move_sandbox_items: Received a request to move caravan to 0.39, -0.07. Let's do that
[rosout][INFO] 2017-06-20 10:45:35,359: Moving caravan to 0.04,0.11
[rosout][INFO] 2017-06-20 10:45:35,359: Requesting a plan...
[rosout][INFO] 2017-06-20 10:45:35,465: Received trajectory! As requested, waiting -0.000516194s before starting...
[rosout][INFO] 2017-06-20 10:45:35,466: Waiting a bit more (0.0s) to give the robot time to prepare...
[rosout][INFO] 2017-06-20 10:45:35,466: Starting to play trajectory!
[rosout][INFO] 2017-06-20 10:45:35,466: Done 0%
[rosout][INFO] 2017-06-20 10:45:35,567: Done 4%
[rosout][INFO] 2017-06-20 10:45:35,668: Done 8%
[rosout][INFO] 2017-06-20 10:45:35,769: Done 13%
[rosout][INFO] 2017-06-20 10:45:35,870: Done 17%
[rosout][INFO] 2017-06-20 10:45:35,971: Done 21%
[rosout][INFO] 2017-06-20 10:45:36,073: Done 26%
[rosout][INFO] 2017-06-20 10:45:36,175: Done 30%
[rosout][INFO] 2017-06-20 10:45:36,276: Done 34%
[rosout][INFO] 2017-06-20 10:45:36,377: Done 39%
[rosout][INFO] 2017-06-20 10:45:36,478: Done 43%
[rosout][INFO] 2017-06-20 10:45:36,579: Done 47%
[rosout][INFO] 2017-06-20 10:45:36,680: Done 52%
[rosout][INFO] 2017-06-20 10:45:36,781: Done 56%
[rosout][INFO] 2017-06-20 10:45:36,882: Done 60%
[rosout][INFO] 2017-06-20 10:45:36,983: Done 65%
[rosout][INFO] 2017-06-20 10:45:37,084: Done 69%
[rosout][INFO] 2017-06-20 10:45:37,185: Done 73%
[rosout][INFO] 2017-06-20 10:45:37,286: Done 78%
[rosout][INFO] 2017-06-20 10:45:37,387: Done 82%
[rosout][INFO] 2017-06-20 10:45:37,488: Done 86%
[rosout][INFO] 2017-06-20 10:45:37,589: Done 91%
[rosout][INFO] 2017-06-20 10:45:37,690: /move_sandbox_items: Succeeded
[rosout][INFO] 2017-06-20 10:45:39,002: /move_sandbox_items: Received a request to move lion to 0.49, -0.06. Let's do that
[rosout][INFO] 2017-06-20 10:45:39,003: Moving lion to -0.02,-0.07
[rosout][INFO] 2017-06-20 10:45:39,003: Requesting a plan...
[rosout][INFO] 2017-06-20 10:45:39,066: Received trajectory! As requested, waiting -0.000796321s before starting...
[rosout][INFO] 2017-06-20 10:45:39,067: Waiting a bit more (0.0s) to give the robot time to prepare...
[rosout][INFO] 2017-06-20 10:45:39,067: Starting to play trajectory!
[rosout][INFO] 2017-06-20 10:45:39,067: Done 0%
[rosout][INFO] 2017-06-20 10:45:39,169: Done 8%
[rosout][INFO] 2017-06-20 10:45:39,270: Done 16%
[rosout][INFO] 2017-06-20 10:45:39,371: Done 25%
[rosout][INFO] 2017-06-20 10:45:39,472: Done 33%
[rosout][INFO] 2017-06-20 10:45:39,573: Done 41%
[rosout][INFO] 2017-06-20 10:45:39,674: Done 50%
[rosout][INFO] 2017-06-20 10:45:39,775: Done 58%
[rosout][INFO] 2017-06-20 10:45:39,876: Done 66%
[rosout][INFO] 2017-06-20 10:45:39,977: Done 75%
[rosout][INFO] 2017-06-20 10:45:40,078: Done 83%
[rosout][INFO] 2017-06-20 10:45:40,179: /move_sandbox_items: Succeeded
[rosout][INFO] 2017-06-20 10:45:42,149: /move_sandbox_items: Received a request to move hippo to 0.57, -0.18. Let's do that
[rosout][INFO] 2017-06-20 10:45:42,150: Moving hippo to -0.01,-0.03
[rosout][INFO] 2017-06-20 10:45:42,150: Requesting a plan...
[rosout][INFO] 2017-06-20 10:45:42,311: Received trajectory! As requested, waiting -0.046375337s before starting...
[rosout][INFO] 2017-06-20 10:45:42,312: Waiting a bit more (0.0s) to give the robot time to prepare...
[rosout][INFO] 2017-06-20 10:45:42,312: Starting to play trajectory!
[rosout][INFO] 2017-06-20 10:45:42,313: Done 0%
[rosout][INFO] 2017-06-20 10:45:42,414: Done 9%
[rosout][INFO] 2017-06-20 10:45:42,515: Done 18%
[rosout][INFO] 2017-06-20 10:45:42,616: Done 27%
[rospy.internal][INFO] 2017-06-20 10:45:42,705: topic[/poses] adding connection to [/nao_behaviours], count 1
[rosout][INFO] 2017-06-20 10:45:42,717: Done 36%
[rosout][INFO] 2017-06-20 10:45:42,818: Done 45%
[rosout][INFO] 2017-06-20 10:45:42,920: Done 54%
[rosout][INFO] 2017-06-20 10:45:43,022: Done 63%
[rosout][INFO] 2017-06-20 10:45:43,123: Done 72%
[rosout][INFO] 2017-06-20 10:45:43,224: Done 81%
[rosout][INFO] 2017-06-20 10:45:43,325: /move_sandbox_items: Succeeded
[rosout][INFO] 2017-06-20 10:46:26,072: /move_sandbox_items: Received a request to move lion to 0.49, -0.06. Let's do that
[rosout][INFO] 2017-06-20 10:46:26,073: Moving lion to 0.02,0.08
[rosout][INFO] 2017-06-20 10:46:26,073: Requesting a plan...
[rosout][INFO] 2017-06-20 10:46:26,265: Received trajectory! As requested, waiting -0.000592078s before starting...
[rosout][INFO] 2017-06-20 10:46:26,266: Waiting a bit more (0.0s) to give the robot time to prepare...
[rosout][INFO] 2017-06-20 10:46:26,266: Starting to play trajectory!
[rosout][INFO] 2017-06-20 10:46:26,267: Done 0%
[rosout][INFO] 2017-06-20 10:46:26,368: Done 5%
[rosout][INFO] 2017-06-20 10:46:26,469: Done 11%
[rosout][INFO] 2017-06-20 10:46:26,570: Done 16%
[rosout][INFO] 2017-06-20 10:46:26,671: Done 22%
[rosout][INFO] 2017-06-20 10:46:26,771: Done 27%
[rosout][INFO] 2017-06-20 10:46:26,873: Done 33%
[rosout][INFO] 2017-06-20 10:46:26,974: Done 38%
[rosout][INFO] 2017-06-20 10:46:27,075: Done 44%
[rosout][INFO] 2017-06-20 10:46:27,177: Done 50%
[rosout][INFO] 2017-06-20 10:46:27,278: Done 55%
[rosout][INFO] 2017-06-20 10:46:27,379: Done 61%
[rosout][INFO] 2017-06-20 10:46:27,482: Done 66%
[rosout][INFO] 2017-06-20 10:46:27,583: Done 72%
[rosout][INFO] 2017-06-20 10:46:27,684: Done 77%
[rosout][INFO] 2017-06-20 10:46:27,785: Done 83%
[rosout][INFO] 2017-06-20 10:46:27,886: Done 88%
[rosout][INFO] 2017-06-20 10:46:27,987: /move_sandbox_items: Succeeded
[rosout][INFO] 2017-06-20 10:46:44,384: /move_sandbox_items: Received a request to move lion to 0.49, -0.06. Let's do that
[rosout][INFO] 2017-06-20 10:46:44,385: Moving lion to 0.02,0.03
[rosout][INFO] 2017-06-20 10:46:44,385: Requesting a plan...
[rosout][INFO] 2017-06-20 10:46:44,466: Received trajectory! As requested, waiting -0.00070916s before starting...
[rosout][INFO] 2017-06-20 10:46:44,467: Waiting a bit more (0.0s) to give the robot time to prepare...
[rosout][INFO] 2017-06-20 10:46:44,467: Starting to play trajectory!
[rosout][INFO] 2017-06-20 10:46:44,468: Done 0%
[rosout][INFO] 2017-06-20 10:46:44,569: Done 12%
[rosout][INFO] 2017-06-20 10:46:44,670: Done 25%
[rosout][INFO] 2017-06-20 10:46:44,771: Done 37%
[rosout][INFO] 2017-06-20 10:46:44,873: Done 50%
[rosout][INFO] 2017-06-20 10:46:44,974: Done 62%
[rosout][INFO] 2017-06-20 10:46:45,075: Done 75%
[rosout][INFO] 2017-06-20 10:46:45,177: /move_sandbox_items: Succeeded
[rosout][INFO] 2017-06-20 10:46:47,614: /move_sandbox_items: Received a request to move lion to 0.49, -0.06. Let's do that
[rosout][INFO] 2017-06-20 10:46:47,615: Moving lion to 0.03,-0.08
[rosout][INFO] 2017-06-20 10:46:47,616: Requesting a plan...
[rosout][INFO] 2017-06-20 10:46:47,665: Received trajectory! As requested, waiting -0.000432225s before starting...
[rosout][INFO] 2017-06-20 10:46:47,666: Waiting a bit more (0.0s) to give the robot time to prepare...
[rosout][INFO] 2017-06-20 10:46:47,666: Starting to play trajectory!
[rosout][INFO] 2017-06-20 10:46:47,667: Done 0%
[rosout][INFO] 2017-06-20 10:46:47,768: Done 5%
[rosout][INFO] 2017-06-20 10:46:47,869: Done 11%
[rosout][INFO] 2017-06-20 10:46:47,970: Done 17%
[rosout][INFO] 2017-06-20 10:46:48,071: Done 23%
[rosout][INFO] 2017-06-20 10:46:48,172: Done 29%
[rosout][INFO] 2017-06-20 10:46:48,273: Done 35%
[rosout][INFO] 2017-06-20 10:46:48,374: Done 41%
[rosout][INFO] 2017-06-20 10:46:48,475: Done 47%
[rosout][INFO] 2017-06-20 10:46:48,576: Done 52%
[rosout][INFO] 2017-06-20 10:46:48,677: Done 58%
[rosout][INFO] 2017-06-20 10:46:48,778: Done 64%
[rosout][INFO] 2017-06-20 10:46:48,879: Done 70%
[rosout][INFO] 2017-06-20 10:46:48,980: Done 76%
[rosout][INFO] 2017-06-20 10:46:49,081: Done 82%
[rosout][INFO] 2017-06-20 10:46:49,182: Done 88%
[rosout][INFO] 2017-06-20 10:46:49,283: /move_sandbox_items: Succeeded
[rosout][INFO] 2017-06-20 10:47:05,649: /move_sandbox_items: Received a request to move elephant to 0.39, -0.07. Let's do that
[rosout][INFO] 2017-06-20 10:47:05,651: Moving elephant to -0.09,0.02
[rosout][INFO] 2017-06-20 10:47:05,652: Requesting a plan...
[rosout][INFO] 2017-06-20 10:47:05,667: Received trajectory! As requested, waiting -0.001012034s before starting...
[rosout][INFO] 2017-06-20 10:47:05,667: Waiting a bit more (0.0s) to give the robot time to prepare...
[rosout][INFO] 2017-06-20 10:47:05,667: Starting to play trajectory!
[rosout][INFO] 2017-06-20 10:47:05,668: Done 0%
[rosout][INFO] 2017-06-20 10:47:05,769: Done 5%
[rosout][INFO] 2017-06-20 10:47:05,870: Done 10%
[rosout][INFO] 2017-06-20 10:47:05,971: Done 15%
[rosout][INFO] 2017-06-20 10:47:06,072: Done 20%
[rosout][INFO] 2017-06-20 10:47:06,173: Done 25%
[rosout][INFO] 2017-06-20 10:47:06,274: Done 30%
[rosout][INFO] 2017-06-20 10:47:06,376: Done 35%
[rosout][INFO] 2017-06-20 10:47:06,477: Done 40%
[rosout][INFO] 2017-06-20 10:47:06,578: Done 45%
[rosout][INFO] 2017-06-20 10:47:06,680: Done 50%
[rosout][INFO] 2017-06-20 10:47:06,781: Done 55%
[rosout][INFO] 2017-06-20 10:47:06,882: Done 60%
[rosout][INFO] 2017-06-20 10:47:06,983: Done 65%
[rosout][INFO] 2017-06-20 10:47:07,084: Done 70%
[rosout][INFO] 2017-06-20 10:47:07,186: Done 75%
[rosout][INFO] 2017-06-20 10:47:07,287: Done 80%
[rosout][INFO] 2017-06-20 10:47:07,388: Done 85%
[rosout][INFO] 2017-06-20 10:47:07,489: Done 90%
[rosout][INFO] 2017-06-20 10:47:07,590: /move_sandbox_items: Succeeded
[rosout][INFO] 2017-06-20 10:47:09,595: /move_sandbox_items: Received a request to move elephant to 0.39, -0.07. Let's do that
[rosout][INFO] 2017-06-20 10:47:09,595: Moving elephant to 0.01,-0.06
[rosout][INFO] 2017-06-20 10:47:09,596: Requesting a plan...
[rosout][INFO] 2017-06-20 10:47:09,665: Received trajectory! As requested, waiting -0.000425031s before starting...
[rosout][INFO] 2017-06-20 10:47:09,666: Waiting a bit more (0.0s) to give the robot time to prepare...
[rosout][INFO] 2017-06-20 10:47:09,666: Starting to play trajectory!
[rosout][INFO] 2017-06-20 10:47:09,667: Done 0%
[rosout][INFO] 2017-06-20 10:47:09,768: Done 8%
[rosout][INFO] 2017-06-20 10:47:09,869: Done 16%
[rosout][INFO] 2017-06-20 10:47:09,970: Done 25%
[rosout][INFO] 2017-06-20 10:47:10,071: Done 33%
[rosout][INFO] 2017-06-20 10:47:10,172: Done 41%
[rosout][INFO] 2017-06-20 10:47:10,273: Done 50%
[rosout][INFO] 2017-06-20 10:47:10,374: Done 58%
[rosout][INFO] 2017-06-20 10:47:10,475: Done 66%
[rosout][INFO] 2017-06-20 10:47:10,576: Done 75%
[rosout][INFO] 2017-06-20 10:47:10,677: Done 83%
[rosout][INFO] 2017-06-20 10:47:10,779: /move_sandbox_items: Succeeded
[rosout][INFO] 2017-06-20 10:47:12,248: /move_sandbox_items: Received a request to move elephant to 0.39, -0.07. Let's do that
[rosout][INFO] 2017-06-20 10:47:12,249: Moving elephant to 0.01,0.04
[rosout][INFO] 2017-06-20 10:47:12,249: Requesting a plan...
[rosout][INFO] 2017-06-20 10:47:12,266: Received trajectory! As requested, waiting -0.00038322s before starting...
[rosout][INFO] 2017-06-20 10:47:12,266: Waiting a bit more (0.0s) to give the robot time to prepare...
[rosout][INFO] 2017-06-20 10:47:12,266: Starting to play trajectory!
[rosout][INFO] 2017-06-20 10:47:12,268: Done 0%
[rosout][INFO] 2017-06-20 10:47:12,369: Done 12%
[rosout][INFO] 2017-06-20 10:47:12,470: Done 25%
[rosout][INFO] 2017-06-20 10:47:12,571: Done 37%
[rosout][INFO] 2017-06-20 10:47:12,673: Done 50%
[rosout][INFO] 2017-06-20 10:47:12,774: Done 62%
[rosout][INFO] 2017-06-20 10:47:12,875: Done 75%
[rosout][INFO] 2017-06-20 10:47:12,976: /move_sandbox_items: Succeeded
[rosout][INFO] 2017-06-20 10:47:39,514: /move_sandbox_items: Received a request to move giraffe to 0.39, -0.07. Let's do that
[rosout][INFO] 2017-06-20 10:47:39,515: Moving giraffe to 0.06,-0.02
[rosout][INFO] 2017-06-20 10:47:39,515: Requesting a plan...
[rosout][INFO] 2017-06-20 10:47:39,714: Received trajectory! As requested, waiting -0.049461408s before starting...
[rosout][INFO] 2017-06-20 10:47:39,715: Waiting a bit more (0.0s) to give the robot time to prepare...
[rosout][INFO] 2017-06-20 10:47:39,715: Starting to play trajectory!
[rosout][INFO] 2017-06-20 10:47:39,716: Done 0%
[rosout][INFO] 2017-06-20 10:47:39,816: Done 4%
[rosout][INFO] 2017-06-20 10:47:39,917: Done 9%
[rosout][INFO] 2017-06-20 10:47:40,019: Done 14%
[rosout][INFO] 2017-06-20 10:47:40,121: Done 19%
[rosout][INFO] 2017-06-20 10:47:40,222: Done 23%
[rosout][INFO] 2017-06-20 10:47:40,323: Done 28%
[rosout][INFO] 2017-06-20 10:47:40,424: Done 33%
[rosout][INFO] 2017-06-20 10:47:40,526: Done 38%
[rosout][INFO] 2017-06-20 10:47:40,627: Done 42%
[rosout][INFO] 2017-06-20 10:47:40,728: Done 47%
[rosout][INFO] 2017-06-20 10:47:40,829: Done 52%
[rosout][INFO] 2017-06-20 10:47:40,931: Done 57%
[rosout][INFO] 2017-06-20 10:47:41,031: Done 61%
[rosout][INFO] 2017-06-20 10:47:41,132: Done 66%
[rosout][INFO] 2017-06-20 10:47:41,233: Done 71%
[rosout][INFO] 2017-06-20 10:47:41,334: Done 76%
[rosout][INFO] 2017-06-20 10:47:41,435: Done 80%
[rosout][INFO] 2017-06-20 10:47:41,536: Done 85%
[rosout][INFO] 2017-06-20 10:47:41,637: Done 90%
[rosout][INFO] 2017-06-20 10:47:41,738: /move_sandbox_items: Succeeded
[rosout][INFO] 2017-06-20 10:47:43,976: /move_sandbox_items: Received a request to move elephant to 0.39, -0.07. Let's do that
[rosout][INFO] 2017-06-20 10:47:43,977: Moving elephant to 0.04,-0.04
[rosout][INFO] 2017-06-20 10:47:43,978: Requesting a plan...
[rosout][INFO] 2017-06-20 10:47:44,106: Received trajectory! As requested, waiting -0.041072749s before starting...
[rosout][INFO] 2017-06-20 10:47:44,107: Waiting a bit more (0.0s) to give the robot time to prepare...
[rosout][INFO] 2017-06-20 10:47:44,107: Starting to play trajectory!
[rosout][INFO] 2017-06-20 10:47:44,108: Done 0%
[rosout][INFO] 2017-06-20 10:47:44,210: Done 5%
[rosout][INFO] 2017-06-20 10:47:44,310: Done 10%
[rosout][INFO] 2017-06-20 10:47:44,411: Done 15%
[rosout][INFO] 2017-06-20 10:47:44,513: Done 21%
[rosout][INFO] 2017-06-20 10:47:44,614: Done 26%
[rosout][INFO] 2017-06-20 10:47:44,715: Done 31%
[rosout][INFO] 2017-06-20 10:47:44,816: Done 36%
[rosout][INFO] 2017-06-20 10:47:44,917: Done 42%
[rosout][INFO] 2017-06-20 10:47:45,018: Done 47%
[rosout][INFO] 2017-06-20 10:47:45,119: Done 52%
[rosout][INFO] 2017-06-20 10:47:45,220: Done 57%
[rosout][INFO] 2017-06-20 10:47:45,321: Done 63%
[rosout][INFO] 2017-06-20 10:47:45,422: Done 68%
[rosout][INFO] 2017-06-20 10:47:45,523: Done 73%
[rosout][INFO] 2017-06-20 10:47:45,624: Done 78%
[rosout][INFO] 2017-06-20 10:47:45,726: Done 84%
[rosout][INFO] 2017-06-20 10:47:45,827: Done 89%
[rosout][INFO] 2017-06-20 10:47:45,928: /move_sandbox_items: Succeeded
[rosout][INFO] 2017-06-20 10:47:48,165: /move_sandbox_items: Received a request to move giraffe to 0.39, -0.07. Let's do that
[rosout][INFO] 2017-06-20 10:47:48,166: Moving giraffe to 0.02,-0.06
[rosout][INFO] 2017-06-20 10:47:48,166: Requesting a plan...
[rosout][INFO] 2017-06-20 10:47:48,303: Received trajectory! As requested, waiting -0.038049799s before starting...
[rosout][INFO] 2017-06-20 10:47:48,304: Waiting a bit more (0.0s) to give the robot time to prepare...
[rosout][INFO] 2017-06-20 10:47:48,304: Starting to play trajectory!
[rosout][INFO] 2017-06-20 10:47:48,304: Done 0%
[rosout][INFO] 2017-06-20 10:47:48,405: Done 7%
[rosout][INFO] 2017-06-20 10:47:48,506: Done 14%
[rosout][INFO] 2017-06-20 10:47:48,607: Done 21%
[rosout][INFO] 2017-06-20 10:47:48,709: Done 28%
[rosout][INFO] 2017-06-20 10:47:48,812: Done 35%
[rosout][INFO] 2017-06-20 10:47:48,913: Done 42%
[rosout][INFO] 2017-06-20 10:47:49,014: Done 50%
[rosout][INFO] 2017-06-20 10:47:49,115: Done 57%
[rosout][INFO] 2017-06-20 10:47:49,218: Done 64%
[rosout][INFO] 2017-06-20 10:47:49,319: Done 71%
[rosout][INFO] 2017-06-20 10:47:49,420: Done 78%
[rosout][INFO] 2017-06-20 10:47:49,521: Done 85%
[rosout][INFO] 2017-06-20 10:47:49,622: /move_sandbox_items: Succeeded
[rosout][INFO] 2017-06-20 10:47:51,827: /move_sandbox_items: Received a request to move elephant to 0.39, -0.07. Let's do that
[rosout][INFO] 2017-06-20 10:47:51,828: Moving elephant to -0.02,-0.02
[rosout][INFO] 2017-06-20 10:47:51,828: Requesting a plan...
[rosout][INFO] 2017-06-20 10:47:51,892: Received trajectory! As requested, waiting -0.027365579s before starting...
[rosout][INFO] 2017-06-20 10:47:51,893: Waiting a bit more (0.0s) to give the robot time to prepare...
[rosout][INFO] 2017-06-20 10:47:51,893: Starting to play trajectory!
[rosout][INFO] 2017-06-20 10:47:51,894: Done 0%
[rosout][INFO] 2017-06-20 10:47:51,995: Done 20%
[rosout][INFO] 2017-06-20 10:47:52,096: Done 40%
[rosout][INFO] 2017-06-20 10:47:52,197: Done 60%
[rosout][INFO] 2017-06-20 10:47:52,298: /move_sandbox_items: Succeeded
[rosout][INFO] 2017-06-20 10:47:53,664: /move_sandbox_items: Received a request to move giraffe to 0.39, -0.07. Let's do that
[rosout][INFO] 2017-06-20 10:47:53,665: Moving giraffe to 0.03,0.01
[rosout][INFO] 2017-06-20 10:47:53,665: Requesting a plan...
[rosout][INFO] 2017-06-20 10:47:53,903: Received trajectory! As requested, waiting -0.037037551s before starting...
[rosout][INFO] 2017-06-20 10:47:53,903: Waiting a bit more (0.0s) to give the robot time to prepare...
[rosout][INFO] 2017-06-20 10:47:53,903: Starting to play trajectory!
[rosout][INFO] 2017-06-20 10:47:53,904: Done 0%
[rosout][INFO] 2017-06-20 10:47:54,005: Done 9%
[rosout][INFO] 2017-06-20 10:47:54,106: Done 18%
[rosout][INFO] 2017-06-20 10:47:54,207: Done 27%
[rosout][INFO] 2017-06-20 10:47:54,308: Done 36%
[rosout][INFO] 2017-06-20 10:47:54,411: Done 45%
[rosout][INFO] 2017-06-20 10:47:54,512: Done 54%
[rosout][INFO] 2017-06-20 10:47:54,613: Done 63%
[rosout][INFO] 2017-06-20 10:47:54,714: Done 72%
[rosout][INFO] 2017-06-20 10:47:54,815: Done 81%
[rosout][INFO] 2017-06-20 10:47:54,916: /move_sandbox_items: Succeeded
[rosout][INFO] 2017-06-20 10:47:57,085: /move_sandbox_items: Received a request to move elephant to 0.39, -0.07. Let's do that
[rosout][INFO] 2017-06-20 10:47:57,086: Moving elephant to -0.00,-0.04
[rosout][INFO] 2017-06-20 10:47:57,086: Requesting a plan...
[rosout][INFO] 2017-06-20 10:47:57,303: Received trajectory! As requested, waiting -0.037858648s before starting...
[rosout][INFO] 2017-06-20 10:47:57,304: Waiting a bit more (0.0s) to give the robot time to prepare...
[rosout][INFO] 2017-06-20 10:47:57,305: Starting to play trajectory!
[rosout][INFO] 2017-06-20 10:47:57,305: Done 0%
[rosout][INFO] 2017-06-20 10:47:57,406: Done 6%
[rosout][INFO] 2017-06-20 10:47:57,507: Done 12%
[rosout][INFO] 2017-06-20 10:47:57,609: Done 18%
[rosout][INFO] 2017-06-20 10:47:57,710: Done 25%
[rosout][INFO] 2017-06-20 10:47:57,811: Done 31%
[rosout][INFO] 2017-06-20 10:47:57,912: Done 37%
[rosout][INFO] 2017-06-20 10:47:58,013: Done 43%
[rosout][INFO] 2017-06-20 10:47:58,114: Done 50%
[rosout][INFO] 2017-06-20 10:47:58,215: Done 56%
[rosout][INFO] 2017-06-20 10:47:58,315: Done 62%
[rosout][INFO] 2017-06-20 10:47:58,416: Done 68%
[rosout][INFO] 2017-06-20 10:47:58,517: Done 75%
[rosout][INFO] 2017-06-20 10:47:58,618: Done 81%
[rosout][INFO] 2017-06-20 10:47:58,719: Done 87%
[rosout][INFO] 2017-06-20 10:47:58,820: /move_sandbox_items: Succeeded
[rosout][INFO] 2017-06-20 10:48:44,455: /move_sandbox_items: Received a request to move giraffe to 0.39, -0.07. Let's do that
[rosout][INFO] 2017-06-20 10:48:44,456: Moving giraffe to 0.04,0.02
[rosout][INFO] 2017-06-20 10:48:44,456: Requesting a plan...
[rosout][INFO] 2017-06-20 10:48:44,500: Received trajectory! As requested, waiting -0.034469684s before starting...
[rosout][INFO] 2017-06-20 10:48:44,500: Waiting a bit more (0.0s) to give the robot time to prepare...
[rosout][INFO] 2017-06-20 10:48:44,500: Starting to play trajectory!
[rosout][INFO] 2017-06-20 10:48:44,501: Done 0%
[rosout][INFO] 2017-06-20 10:48:44,601: Done 12%
[rosout][INFO] 2017-06-20 10:48:44,702: Done 25%
[rosout][INFO] 2017-06-20 10:48:44,804: Done 37%
[rosout][INFO] 2017-06-20 10:48:44,908: Done 50%
[rosout][INFO] 2017-06-20 10:48:45,009: Done 62%
[rosout][INFO] 2017-06-20 10:48:45,110: Done 75%
[rosout][INFO] 2017-06-20 10:48:45,211: /move_sandbox_items: Succeeded
[rosout][INFO] 2017-06-20 10:48:51,093: /move_sandbox_items: Received a request to move giraffe to 0.39, -0.07. Let's do that
[rosout][INFO] 2017-06-20 10:48:51,094: Moving giraffe to 0.05,0.03
[rosout][INFO] 2017-06-20 10:48:51,094: Requesting a plan...
[rosout][INFO] 2017-06-20 10:48:51,270: Received trajectory! As requested, waiting -0.004757822s before starting...
[rosout][INFO] 2017-06-20 10:48:51,271: Waiting a bit more (0.0s) to give the robot time to prepare...
[rosout][INFO] 2017-06-20 10:48:51,271: Starting to play trajectory!
[rosout][INFO] 2017-06-20 10:48:51,272: Done 0%
[rosout][INFO] 2017-06-20 10:48:51,372: Done 7%
[rosout][INFO] 2017-06-20 10:48:51,474: Done 15%
[rosout][INFO] 2017-06-20 10:48:51,575: Done 23%
[rosout][INFO] 2017-06-20 10:48:51,676: Done 30%
[rosout][INFO] 2017-06-20 10:48:51,777: Done 38%
[rosout][INFO] 2017-06-20 10:48:51,878: Done 46%
[rosout][INFO] 2017-06-20 10:48:51,979: Done 53%
[rosout][INFO] 2017-06-20 10:48:52,079: Done 61%
[rosout][INFO] 2017-06-20 10:48:52,180: Done 69%
[rosout][INFO] 2017-06-20 10:48:52,281: Done 76%
[rosout][INFO] 2017-06-20 10:48:52,385: Done 84%
[rosout][INFO] 2017-06-20 10:48:52,486: /move_sandbox_items: Succeeded
[rosout][INFO] 2017-06-20 10:48:54,792: /move_sandbox_items: Received a request to move giraffe to 0.49, -0.06. Let's do that
[rosout][INFO] 2017-06-20 10:48:54,793: Moving giraffe to -0.02,-0.01
[rosout][INFO] 2017-06-20 10:48:54,793: Requesting a plan...
[rosout][INFO] 2017-06-20 10:48:54,866: Received trajectory! As requested, waiting -0.000544871s before starting...
[rosout][INFO] 2017-06-20 10:48:54,867: Waiting a bit more (0.0s) to give the robot time to prepare...
[rosout][INFO] 2017-06-20 10:48:54,867: Starting to play trajectory!
[rosout][INFO] 2017-06-20 10:48:54,868: Done 0%
[rosout][INFO] 2017-06-20 10:48:54,969: Done 20%
[rosout][INFO] 2017-06-20 10:48:55,070: Done 40%
[rosout][INFO] 2017-06-20 10:48:55,171: Done 60%
[rosout][INFO] 2017-06-20 10:48:55,273: /move_sandbox_items: Succeeded
[rospy.internal][WARNING] 2017-06-20 10:49:23,009: Unknown error initiating TCP/IP socket to sandtray-hrilab:55119 (http://sandtray-hrilab:41072/): Traceback (most recent call last):
  File "/opt/ros/kinetic/lib/python2.7/dist-packages/rospy/impl/tcpros_base.py", line 555, in connect
    self.socket.connect((dest_addr, dest_port))
  File "/usr/lib/python2.7/socket.py", line 228, in meth
    return getattr(self._sock,name)(*args)
error: [Errno 111] Connection refused

[rospy.internal][INFO] 2017-06-20 10:49:23,009: topic[/tf] removing connection to http://sandtray-hrilab:41072/
[rospy.internal][ERROR] 2017-06-20 10:49:23,294: Unable to initiate TCP/IP socket to sandtray-hrilab:35347 (http://sandtray-hrilab:45191/): Traceback (most recent call last):
  File "/opt/ros/kinetic/lib/python2.7/dist-packages/rospy/impl/tcpros_base.py", line 557, in connect
    self.read_header()
  File "/opt/ros/kinetic/lib/python2.7/dist-packages/rospy/impl/tcpros_base.py", line 650, in read_header
    self._validate_header(read_ros_handshake_header(sock, self.read_buff, self.protocol.buff_size))
  File "/opt/ros/kinetic/lib/python2.7/dist-packages/rospy/impl/tcpros_base.py", line 593, in _validate_header
    raise TransportInitError("remote error reported: %s"%header['error'])
TransportInitError: remote error reported: node shutting down

[rospy.internal][ERROR] 2017-06-20 10:49:23,294: Unable to initiate TCP/IP socket to sandtray-hrilab:35347 (http://sandtray-hrilab:45191/): Traceback (most recent call last):
  File "/opt/ros/kinetic/lib/python2.7/dist-packages/rospy/impl/tcpros_base.py", line 557, in connect
    self.read_header()
  File "/opt/ros/kinetic/lib/python2.7/dist-packages/rospy/impl/tcpros_base.py", line 650, in read_header
    self._validate_header(read_ros_handshake_header(sock, self.read_buff, self.protocol.buff_size))
  File "/opt/ros/kinetic/lib/python2.7/dist-packages/rospy/impl/tcpros_base.py", line 593, in _validate_header
    raise TransportInitError("remote error reported: %s"%header['error'])
TransportInitError: remote error reported: node shutting down

[rospy.internal][INFO] 2017-06-20 10:49:23,299: topic[/move_sandbox_items/status] adding connection to [/sandbox_play], count 1
[rospy.internal][INFO] 2017-06-20 10:49:23,299: topic[/move_sandbox_items/status] removing connection to /sandbox_play
[rospy.internal][INFO] 2017-06-20 10:49:23,361: topic[/move_sandbox_items/status] removing connection to /sandbox_play
[rospy.internal][INFO] 2017-06-20 10:49:23,573: topic[/move_sandbox_items/feedback] removing connection to /sandbox_play
[rospy.internal][INFO] 2017-06-20 10:49:23,573: topic[/move_sandbox_items/result] removing connection to /sandbox_play
[rospy.internal][WARNING] 2017-06-20 10:49:23,798: Unknown error initiating TCP/IP socket to 192.168.2.104:48437 (http://192.168.2.104:34287/): Traceback (most recent call last):
  File "/opt/ros/kinetic/lib/python2.7/dist-packages/rospy/impl/tcpros_base.py", line 557, in connect
    self.read_header()
  File "/opt/ros/kinetic/lib/python2.7/dist-packages/rospy/impl/tcpros_base.py", line 650, in read_header
    self._validate_header(read_ros_handshake_header(sock, self.read_buff, self.protocol.buff_size))
  File "/opt/ros/kinetic/lib/python2.7/dist-packages/rosgraph/network.py", line 362, in read_ros_handshake_header
    d = sock.recv(buff_size)
error: [Errno 104] Connection reset by peer

[rospy.internal][INFO] 2017-06-20 10:49:23,798: topic[/tf] removing connection to http://192.168.2.104:34287/
[rospy.internal][WARNING] 2017-06-20 10:49:24,296: Unknown error initiating TCP/IP socket to sandtray-hrilab:35347 (http://sandtray-hrilab:45191/): Traceback (most recent call last):
  File "/opt/ros/kinetic/lib/python2.7/dist-packages/rospy/impl/tcpros_base.py", line 555, in connect
    self.socket.connect((dest_addr, dest_port))
  File "/usr/lib/python2.7/socket.py", line 228, in meth
    return getattr(self._sock,name)(*args)
error: [Errno 111] Connection refused

[rospy.internal][INFO] 2017-06-20 10:49:24,296: topic[/move_sandbox_items/cancel] removing connection to http://sandtray-hrilab:45191/
[rospy.internal][WARNING] 2017-06-20 10:49:24,296: Unknown error initiating TCP/IP socket to sandtray-hrilab:35347 (http://sandtray-hrilab:45191/): Traceback (most recent call last):
  File "/opt/ros/kinetic/lib/python2.7/dist-packages/rospy/impl/tcpros_base.py", line 555, in connect
    self.socket.connect((dest_addr, dest_port))
  File "/usr/lib/python2.7/socket.py", line 228, in meth
    return getattr(self._sock,name)(*args)
error: [Errno 111] Connection refused

[rospy.internal][INFO] 2017-06-20 10:49:24,297: topic[/move_sandbox_items/goal] removing connection to http://sandtray-hrilab:45191/
[rospy.internal][INFO] 2017-06-20 10:49:24,341: topic[/poses] removing connection to /nao_behaviours
[rospy.internal][WARNING] 2017-06-20 10:49:33,615: Unknown error initiating TCP/IP socket to sandtray-hrilab:52717 (http://sandtray-hrilab:37414/): Traceback (most recent call last):
  File "/opt/ros/kinetic/lib/python2.7/dist-packages/rospy/impl/tcpros_base.py", line 555, in connect
    self.socket.connect((dest_addr, dest_port))
  File "/usr/lib/python2.7/socket.py", line 228, in meth
    return getattr(self._sock,name)(*args)
error: [Errno 111] Connection refused

[rospy.internal][INFO] 2017-06-20 10:49:33,616: topic[/tf] removing connection to http://sandtray-hrilab:37414/
[rospy.internal][WARNING] 2017-06-20 10:49:33,619: Unknown error initiating TCP/IP socket to sandtray-hrilab:53687 (http://sandtray-hrilab:39163/): Traceback (most recent call last):
  File "/opt/ros/kinetic/lib/python2.7/dist-packages/rospy/impl/tcpros_base.py", line 557, in connect
    self.read_header()
  File "/opt/ros/kinetic/lib/python2.7/dist-packages/rospy/impl/tcpros_base.py", line 650, in read_header
    self._validate_header(read_ros_handshake_header(sock, self.read_buff, self.protocol.buff_size))
  File "/opt/ros/kinetic/lib/python2.7/dist-packages/rosgraph/network.py", line 362, in read_ros_handshake_header
    d = sock.recv(buff_size)
error: [Errno 104] Connection reset by peer

[rospy.internal][INFO] 2017-06-20 10:49:33,620: topic[/tf] removing connection to http://sandtray-hrilab:39163/
[rospy.core][INFO] 2017-06-20 10:50:21,538: signal_shutdown [signal-15]
[rospy.internal][WARNING] 2017-06-20 10:50:21,539: Unknown error initiating TCP/IP socket to sandtray-hrilab:60997 (http://sandtray-hrilab:42510/): Traceback (most recent call last):
  File "/opt/ros/kinetic/lib/python2.7/dist-packages/rospy/impl/tcpros_base.py", line 555, in connect
    self.socket.connect((dest_addr, dest_port))
  File "/usr/lib/python2.7/socket.py", line 228, in meth
    return getattr(self._sock,name)(*args)
error: [Errno 111] Connection refused

[rospy.internal][INFO] 2017-06-20 10:50:21,539: topic[/tf] removing connection to http://sandtray-hrilab:42510/
[rospy.internal][INFO] 2017-06-20 10:50:21,545: topic[/poses] removing connection to /sandtray
[rospy.internal][INFO] 2017-06-20 10:50:21,546: topic[/rosout] removing connection to /rosout
[rospy.internal][INFO] 2017-06-20 10:50:21,546: topic[/tf] removing connection to http://sandtray-hrilab:37217/
[rospy.internal][INFO] 2017-06-20 10:50:21,546: topic[/tf] removing connection to http://sandtray-hrilab:46866/
[rospy.internal][INFO] 2017-06-20 10:50:21,546: topic[/tf] removing connection to http://sandtray-hrilab:39898/
[rospy.impl.masterslave][INFO] 2017-06-20 10:50:21,546: signal-15
[rospy.core][INFO] 2017-06-20 10:50:21,697: signal_shutdown [signal-2]
[rospy.core][INFO] 2017-06-20 10:50:21,697: signal_shutdown [atexit]
