[rospy.client][INFO] 2017-06-20 10:35:40,318: init_node, name[/sandbox_zones_from_image], pid[9063]
[xmlrpc][INFO] 2017-06-20 10:35:40,319: XML-RPC server binding to 0.0.0.0:0
[xmlrpc][INFO] 2017-06-20 10:35:40,319: Started XML-RPC server [http://sandtray-hrilab:35317/]
[rospy.init][INFO] 2017-06-20 10:35:40,319: ROS Slave URI: [http://sandtray-hrilab:35317/]
[rospy.impl.masterslave][INFO] 2017-06-20 10:35:40,319: _ready: http://sandtray-hrilab:35317/
[rospy.registration][INFO] 2017-06-20 10:35:40,320: Registering with master node http://localhost:11311
[xmlrpc][INFO] 2017-06-20 10:35:40,320: xml rpc node: starting XML-RPC server
[rospy.init][INFO] 2017-06-20 10:35:40,420: registered with master
[rospy.rosout][INFO] 2017-06-20 10:35:40,420: initializing /rosout core topic
[rospy.rosout][INFO] 2017-06-20 10:35:40,422: connected to core topic /rosout
[rospy.simtime][INFO] 2017-06-20 10:35:40,423: /use_sim_time is not set, will not subscribe to simulated time [/clock] topic
[rosout][INFO] 2017-06-20 10:35:40,432: Waiting for images of the playground
[rospy.internal][INFO] 2017-06-20 10:35:40,435: topic[/sandtray/background/camera_info] adding connection to [http://sandtray-hrilab:37217/], count 0
[rospy.internal][INFO] 2017-06-20 10:35:40,435: topic[/sandtray/background/image] adding connection to [http://sandtray-hrilab:37217/], count 0
[rosout][INFO] 2017-06-20 10:35:40,448: Received the playground image. Detecting zones...
[rosout][INFO] 2017-06-20 10:35:40,464: Publishing the detected zones on /zones
[rospy.internal][INFO] 2017-06-20 10:35:40,655: topic[/rosout] adding connection to [/rosout], count 0
[rosout][INFO] 2017-06-20 10:38:10,465: Received the playground image. Detecting zones...
[rosout][INFO] 2017-06-20 10:38:10,480: Publishing the detected zones on /zones
[rosout][INFO] 2017-06-20 10:38:34,709: Received the playground image. Detecting zones...
[rosout][INFO] 2017-06-20 10:38:34,726: Publishing the detected zones on /zones
[rosout][INFO] 2017-06-20 10:38:34,948: Received the playground image. Detecting zones...
[rosout][INFO] 2017-06-20 10:38:34,965: Publishing the detected zones on /zones
[rosout][INFO] 2017-06-20 10:38:35,192: Received the playground image. Detecting zones...
[rosout][INFO] 2017-06-20 10:38:35,205: Publishing the detected zones on /zones
[rosout][INFO] 2017-06-20 10:38:37,445: Received the playground image. Detecting zones...
[rosout][INFO] 2017-06-20 10:38:37,460: Publishing the detected zones on /zones
[rosout][INFO] 2017-06-20 10:38:45,943: Received the playground image. Detecting zones...
[rosout][INFO] 2017-06-20 10:38:45,960: Publishing the detected zones on /zones
[rosout][INFO] 2017-06-20 10:38:49,445: Received the playground image. Detecting zones...
[rosout][INFO] 2017-06-20 10:38:49,457: Publishing the detected zones on /zones
[rosout][INFO] 2017-06-20 10:38:59,705: Received the playground image. Detecting zones...
[rosout][INFO] 2017-06-20 10:38:59,719: Publishing the detected zones on /zones
[rosout][INFO] 2017-06-20 10:39:01,185: Received the playground image. Detecting zones...
[rosout][INFO] 2017-06-20 10:39:01,196: Publishing the detected zones on /zones
[rosout][INFO] 2017-06-20 10:39:02,700: Received the playground image. Detecting zones...
[rosout][INFO] 2017-06-20 10:39:02,718: Publishing the detected zones on /zones
[rosout][INFO] 2017-06-20 10:39:03,709: Received the playground image. Detecting zones...
[rosout][INFO] 2017-06-20 10:39:03,726: Publishing the detected zones on /zones
[rosout][INFO] 2017-06-20 10:39:08,698: Received the playground image. Detecting zones...
[rosout][INFO] 2017-06-20 10:39:08,712: Publishing the detected zones on /zones
[rosout][INFO] 2017-06-20 10:39:16,205: Received the playground image. Detecting zones...
[rosout][INFO] 2017-06-20 10:39:16,219: Publishing the detected zones on /zones
[rosout][INFO] 2017-06-20 10:39:17,217: Received the playground image. Detecting zones...
[rosout][INFO] 2017-06-20 10:39:17,231: Publishing the detected zones on /zones
[rosout][INFO] 2017-06-20 10:39:18,952: Received the playground image. Detecting zones...
[rosout][INFO] 2017-06-20 10:39:18,970: Publishing the detected zones on /zones
[rosout][INFO] 2017-06-20 10:39:21,736: Received the playground image. Detecting zones...
[rosout][INFO] 2017-06-20 10:39:21,751: Publishing the detected zones on /zones
[rosout][INFO] 2017-06-20 10:39:22,464: Received the playground image. Detecting zones...
[rosout][INFO] 2017-06-20 10:39:22,480: Publishing the detected zones on /zones
[rosout][INFO] 2017-06-20 10:39:22,695: Received the playground image. Detecting zones...
[rosout][INFO] 2017-06-20 10:39:22,711: Publishing the detected zones on /zones
[rosout][INFO] 2017-06-20 10:39:22,966: Received the playground image. Detecting zones...
[rosout][INFO] 2017-06-20 10:39:22,983: Publishing the detected zones on /zones
[rosout][INFO] 2017-06-20 10:39:23,181: Received the playground image. Detecting zones...
[rosout][INFO] 2017-06-20 10:39:23,193: Publishing the detected zones on /zones
[rosout][INFO] 2017-06-20 10:39:23,693: Received the playground image. Detecting zones...
[rosout][INFO] 2017-06-20 10:39:23,704: Publishing the detected zones on /zones
[rosout][INFO] 2017-06-20 10:39:24,184: Received the playground image. Detecting zones...
[rosout][INFO] 2017-06-20 10:39:24,197: Publishing the detected zones on /zones
[rosout][INFO] 2017-06-20 10:39:24,448: Received the playground image. Detecting zones...
[rosout][INFO] 2017-06-20 10:39:24,463: Publishing the detected zones on /zones
[rosout][INFO] 2017-06-20 10:39:24,971: Received the playground image. Detecting zones...
[rosout][INFO] 2017-06-20 10:39:24,983: Publishing the detected zones on /zones
[rosout][INFO] 2017-06-20 10:39:25,211: Received the playground image. Detecting zones...
[rosout][INFO] 2017-06-20 10:39:25,223: Publishing the detected zones on /zones
[rosout][INFO] 2017-06-20 10:39:25,456: Received the playground image. Detecting zones...
[rosout][INFO] 2017-06-20 10:39:25,469: Publishing the detected zones on /zones
[rosout][INFO] 2017-06-20 10:39:25,965: Received the playground image. Detecting zones...
[rosout][INFO] 2017-06-20 10:39:25,979: Publishing the detected zones on /zones
[rosout][INFO] 2017-06-20 10:39:27,197: Received the playground image. Detecting zones...
[rosout][INFO] 2017-06-20 10:39:27,212: Publishing the detected zones on /zones
[rosout][INFO] 2017-06-20 10:39:27,722: Received the playground image. Detecting zones...
[rosout][INFO] 2017-06-20 10:39:27,734: Publishing the detected zones on /zones
[rosout][INFO] 2017-06-20 10:39:28,207: Received the playground image. Detecting zones...
[rosout][INFO] 2017-06-20 10:39:28,218: Publishing the detected zones on /zones
[rosout][INFO] 2017-06-20 10:39:28,519: Received the playground image. Detecting zones...
[rosout][INFO] 2017-06-20 10:39:28,531: Publishing the detected zones on /zones
[rosout][INFO] 2017-06-20 10:39:29,453: Received the playground image. Detecting zones...
[rosout][INFO] 2017-06-20 10:39:29,465: Publishing the detected zones on /zones
[rosout][INFO] 2017-06-20 10:39:29,758: Received the playground image. Detecting zones...
[rosout][INFO] 2017-06-20 10:39:29,772: Publishing the detected zones on /zones
[rosout][INFO] 2017-06-20 10:39:29,994: Received the playground image. Detecting zones...
[rosout][INFO] 2017-06-20 10:39:30,009: Publishing the detected zones on /zones
[rosout][INFO] 2017-06-20 10:39:30,243: Received the playground image. Detecting zones...
[rosout][INFO] 2017-06-20 10:39:30,256: Publishing the detected zones on /zones
[rosout][INFO] 2017-06-20 10:39:30,448: Received the playground image. Detecting zones...
[rosout][INFO] 2017-06-20 10:39:30,461: Publishing the detected zones on /zones
[rosout][INFO] 2017-06-20 10:39:30,737: Received the playground image. Detecting zones...
[rosout][INFO] 2017-06-20 10:39:30,750: Publishing the detected zones on /zones
[rosout][INFO] 2017-06-20 10:39:30,984: Received the playground image. Detecting zones...
[rosout][INFO] 2017-06-20 10:39:30,997: Publishing the detected zones on /zones
[rosout][INFO] 2017-06-20 10:39:31,188: Received the playground image. Detecting zones...
[rosout][INFO] 2017-06-20 10:39:31,199: Publishing the detected zones on /zones
[rosout][INFO] 2017-06-20 10:39:31,449: Received the playground image. Detecting zones...
[rosout][INFO] 2017-06-20 10:39:31,462: Publishing the detected zones on /zones
[rosout][INFO] 2017-06-20 10:39:31,729: Received the playground image. Detecting zones...
[rosout][INFO] 2017-06-20 10:39:31,745: Publishing the detected zones on /zones
[rosout][INFO] 2017-06-20 10:39:31,963: Received the playground image. Detecting zones...
[rosout][INFO] 2017-06-20 10:39:31,979: Publishing the detected zones on /zones
[rosout][INFO] 2017-06-20 10:39:32,197: Received the playground image. Detecting zones...
[rosout][INFO] 2017-06-20 10:39:32,209: Publishing the detected zones on /zones
[rosout][INFO] 2017-06-20 10:39:32,447: Received the playground image. Detecting zones...
[rosout][INFO] 2017-06-20 10:39:32,463: Publishing the detected zones on /zones
[rosout][INFO] 2017-06-20 10:39:32,731: Received the playground image. Detecting zones...
[rosout][INFO] 2017-06-20 10:39:32,746: Publishing the detected zones on /zones
[rosout][INFO] 2017-06-20 10:39:33,190: Received the playground image. Detecting zones...
[rosout][INFO] 2017-06-20 10:39:33,201: Publishing the detected zones on /zones
[rosout][INFO] 2017-06-20 10:39:33,693: Received the playground image. Detecting zones...
[rosout][INFO] 2017-06-20 10:39:33,709: Publishing the detected zones on /zones
[rosout][INFO] 2017-06-20 10:39:33,978: Received the playground image. Detecting zones...
[rosout][INFO] 2017-06-20 10:39:33,992: Publishing the detected zones on /zones
[rosout][INFO] 2017-06-20 10:39:34,185: Received the playground image. Detecting zones...
[rosout][INFO] 2017-06-20 10:39:34,197: Publishing the detected zones on /zones
[rosout][INFO] 2017-06-20 10:39:34,440: Received the playground image. Detecting zones...
[rosout][INFO] 2017-06-20 10:39:34,452: Publishing the detected zones on /zones
[rosout][INFO] 2017-06-20 10:39:34,727: Received the playground image. Detecting zones...
[rosout][INFO] 2017-06-20 10:39:34,742: Publishing the detected zones on /zones
[rosout][INFO] 2017-06-20 10:39:34,946: Received the playground image. Detecting zones...
[rosout][INFO] 2017-06-20 10:39:34,964: Publishing the detected zones on /zones
[rosout][INFO] 2017-06-20 10:39:35,441: Received the playground image. Detecting zones...
[rosout][INFO] 2017-06-20 10:39:35,454: Publishing the detected zones on /zones
[rosout][INFO] 2017-06-20 10:39:35,691: Received the playground image. Detecting zones...
[rosout][INFO] 2017-06-20 10:39:35,707: Publishing the detected zones on /zones
[rosout][INFO] 2017-06-20 10:39:36,183: Received the playground image. Detecting zones...
[rosout][INFO] 2017-06-20 10:39:36,195: Publishing the detected zones on /zones
[rosout][INFO] 2017-06-20 10:39:36,687: Received the playground image. Detecting zones...
[rosout][INFO] 2017-06-20 10:39:36,700: Publishing the detected zones on /zones
[rosout][INFO] 2017-06-20 10:39:36,943: Received the playground image. Detecting zones...
[rosout][INFO] 2017-06-20 10:39:36,958: Publishing the detected zones on /zones
[rosout][INFO] 2017-06-20 10:39:37,444: Received the playground image. Detecting zones...
[rosout][INFO] 2017-06-20 10:39:37,457: Publishing the detected zones on /zones
[rosout][INFO] 2017-06-20 10:39:37,730: Received the playground image. Detecting zones...
[rosout][INFO] 2017-06-20 10:39:37,743: Publishing the detected zones on /zones
[rosout][INFO] 2017-06-20 10:39:38,185: Received the playground image. Detecting zones...
[rosout][INFO] 2017-06-20 10:39:38,196: Publishing the detected zones on /zones
[rosout][INFO] 2017-06-20 10:39:38,701: Received the playground image. Detecting zones...
[rosout][INFO] 2017-06-20 10:39:38,717: Publishing the detected zones on /zones
[rosout][INFO] 2017-06-20 10:39:38,945: Received the playground image. Detecting zones...
[rosout][INFO] 2017-06-20 10:39:38,960: Publishing the detected zones on /zones
[rosout][INFO] 2017-06-20 10:39:39,443: Received the playground image. Detecting zones...
[rosout][INFO] 2017-06-20 10:39:39,459: Publishing the detected zones on /zones
[rosout][INFO] 2017-06-20 10:39:39,693: Received the playground image. Detecting zones...
[rosout][INFO] 2017-06-20 10:39:39,711: Publishing the detected zones on /zones
[rosout][INFO] 2017-06-20 10:39:39,962: Received the playground image. Detecting zones...
[rosout][INFO] 2017-06-20 10:39:39,975: Publishing the detected zones on /zones
[rosout][INFO] 2017-06-20 10:39:40,226: Received the playground image. Detecting zones...
[rosout][INFO] 2017-06-20 10:39:40,238: Publishing the detected zones on /zones
[rosout][INFO] 2017-06-20 10:39:40,473: Received the playground image. Detecting zones...
[rosout][INFO] 2017-06-20 10:39:40,489: Publishing the detected zones on /zones
[rosout][INFO] 2017-06-20 10:39:41,195: Received the playground image. Detecting zones...
[rosout][INFO] 2017-06-20 10:39:41,208: Publishing the detected zones on /zones
[rosout][INFO] 2017-06-20 10:39:41,702: Received the playground image. Detecting zones...
[rosout][INFO] 2017-06-20 10:39:41,719: Publishing the detected zones on /zones
[rosout][INFO] 2017-06-20 10:39:47,463: Received the playground image. Detecting zones...
[rosout][INFO] 2017-06-20 10:39:47,476: Publishing the detected zones on /zones
[rosout][INFO] 2017-06-20 10:45:08,448: Received the playground image. Detecting zones...
[rosout][INFO] 2017-06-20 10:45:08,461: Publishing the detected zones on /zones
[rospy.internal][INFO] 2017-06-20 10:45:09,065: topic[/zones] adding connection to [/rosbag_record_freeplay_sandbox], count 0
[rospy.internal][INFO] 2017-06-20 10:45:09,603: topic[/zones] adding connection to [/sandbox_play], count 1
[rosout][INFO] 2017-06-20 10:46:29,983: Received the playground image. Detecting zones...
[rosout][INFO] 2017-06-20 10:46:30,003: Publishing the detected zones on /zones
[rosout][INFO] 2017-06-20 10:46:34,743: Received the playground image. Detecting zones...
[rosout][INFO] 2017-06-20 10:46:34,767: Publishing the detected zones on /zones
[rosout][INFO] 2017-06-20 10:47:43,465: Received the playground image. Detecting zones...
[rosout][INFO] 2017-06-20 10:47:43,490: Publishing the detected zones on /zones
[rosout][INFO] 2017-06-20 10:47:49,979: Received the playground image. Detecting zones...
[rosout][INFO] 2017-06-20 10:47:50,010: Publishing the detected zones on /zones
[rosout][INFO] 2017-06-20 10:48:03,240: Received the playground image. Detecting zones...
[rosout][INFO] 2017-06-20 10:48:03,269: Publishing the detected zones on /zones
[rosout][INFO] 2017-06-20 10:48:05,722: Received the playground image. Detecting zones...
[rosout][INFO] 2017-06-20 10:48:05,746: Publishing the detected zones on /zones
[rosout][INFO] 2017-06-20 10:48:08,231: Received the playground image. Detecting zones...
[rosout][INFO] 2017-06-20 10:48:08,252: Publishing the detected zones on /zones
[rosout][INFO] 2017-06-20 10:48:10,232: Received the playground image. Detecting zones...
[rosout][INFO] 2017-06-20 10:48:10,255: Publishing the detected zones on /zones
[rosout][INFO] 2017-06-20 10:48:14,492: Received the playground image. Detecting zones...
[rosout][INFO] 2017-06-20 10:48:14,510: Publishing the detected zones on /zones
[rosout][INFO] 2017-06-20 10:48:20,484: Received the playground image. Detecting zones...
[rosout][INFO] 2017-06-20 10:48:20,506: Publishing the detected zones on /zones
[rosout][INFO] 2017-06-20 10:48:28,472: Received the playground image. Detecting zones...
[rosout][INFO] 2017-06-20 10:48:28,494: Publishing the detected zones on /zones
[rosout][INFO] 2017-06-20 10:48:35,491: Received the playground image. Detecting zones...
[rosout][INFO] 2017-06-20 10:48:35,510: Publishing the detected zones on /zones
[rosout][INFO] 2017-06-20 10:48:53,747: Received the playground image. Detecting zones...
[rosout][INFO] 2017-06-20 10:48:53,763: Publishing the detected zones on /zones
[rosout][INFO] 2017-06-20 10:48:54,228: Received the playground image. Detecting zones...
[rosout][INFO] 2017-06-20 10:48:54,245: Publishing the detected zones on /zones
[rosout][INFO] 2017-06-20 10:49:00,481: Received the playground image. Detecting zones...
[rosout][INFO] 2017-06-20 10:49:00,503: Publishing the detected zones on /zones
[rosout][INFO] 2017-06-20 10:49:05,992: Received the playground image. Detecting zones...
[rosout][INFO] 2017-06-20 10:49:06,016: Publishing the detected zones on /zones
[rospy.internal][INFO] 2017-06-20 10:49:23,769: topic[/zones] removing connection to /sandbox_play
[rospy.internal][INFO] 2017-06-20 10:49:33,773: topic[/zones] removing connection to /rosbag_record_freeplay_sandbox
[rospy.core][INFO] 2017-06-20 10:50:21,538: signal_shutdown [signal-15]
[rospy.internal][INFO] 2017-06-20 10:50:21,544: topic[/rosout] removing connection to /rosout
[rospy.internal][INFO] 2017-06-20 10:50:21,544: topic[/sandtray/background/image] removing connection to http://sandtray-hrilab:37217/
[rospy.internal][INFO] 2017-06-20 10:50:21,545: topic[/sandtray/background/camera_info] removing connection to http://sandtray-hrilab:37217/
[rospy.impl.masterslave][INFO] 2017-06-20 10:50:21,545: signal-15
[rospy.core][INFO] 2017-06-20 10:50:21,596: signal_shutdown [signal-2]
[rospy.core][INFO] 2017-06-20 10:50:21,596: signal_shutdown [atexit]
