[rospy.client][INFO] 2017-07-10 14:24:17,023: init_node, name[/sandbox_zones_from_image], pid[12333]
[xmlrpc][INFO] 2017-07-10 14:24:17,023: XML-RPC server binding to 0.0.0.0:0
[xmlrpc][INFO] 2017-07-10 14:24:17,024: Started XML-RPC server [http://sandtray-hrilab:38537/]
[rospy.init][INFO] 2017-07-10 14:24:17,024: ROS Slave URI: [http://sandtray-hrilab:38537/]
[rospy.impl.masterslave][INFO] 2017-07-10 14:24:17,024: _ready: http://sandtray-hrilab:38537/
[rospy.registration][INFO] 2017-07-10 14:24:17,025: Registering with master node http://localhost:11311
[xmlrpc][INFO] 2017-07-10 14:24:17,025: xml rpc node: starting XML-RPC server
[rospy.init][INFO] 2017-07-10 14:24:17,124: registered with master
[rospy.rosout][INFO] 2017-07-10 14:24:17,124: initializing /rosout core topic
[rospy.rosout][INFO] 2017-07-10 14:24:17,126: connected to core topic /rosout
[rospy.simtime][INFO] 2017-07-10 14:24:17,127: /use_sim_time is not set, will not subscribe to simulated time [/clock] topic
[rosout][INFO] 2017-07-10 14:24:17,135: Waiting for images of the playground
[rospy.internal][INFO] 2017-07-10 14:24:17,139: topic[/sandtray/background/camera_info] adding connection to [http://sandtray-hrilab:40271/], count 0
[rospy.internal][INFO] 2017-07-10 14:24:17,140: topic[/sandtray/background/image] adding connection to [http://sandtray-hrilab:40271/], count 0
[rospy.internal][INFO] 2017-07-10 14:24:17,363: topic[/rosout] adding connection to [/rosout], count 0
[rosout][INFO] 2017-07-10 14:26:43,631: Received the playground image. Detecting zones...
[rosout][INFO] 2017-07-10 14:26:43,643: Publishing the detected zones on /zones
[rosout][INFO] 2017-07-10 14:26:48,869: Received the playground image. Detecting zones...
[rosout][INFO] 2017-07-10 14:26:48,885: Publishing the detected zones on /zones
[rosout][INFO] 2017-07-10 14:27:06,589: Received the playground image. Detecting zones...
[rosout][INFO] 2017-07-10 14:27:06,600: Publishing the detected zones on /zones
[rosout][INFO] 2017-07-10 14:27:10,587: Received the playground image. Detecting zones...
[rosout][INFO] 2017-07-10 14:27:10,598: Publishing the detected zones on /zones
[rosout][INFO] 2017-07-10 14:27:12,099: Received the playground image. Detecting zones...
[rosout][INFO] 2017-07-10 14:27:12,112: Publishing the detected zones on /zones
[rosout][INFO] 2017-07-10 14:27:12,347: Received the playground image. Detecting zones...
[rosout][INFO] 2017-07-10 14:27:12,358: Publishing the detected zones on /zones
[rosout][INFO] 2017-07-10 14:27:19,845: Received the playground image. Detecting zones...
[rosout][INFO] 2017-07-10 14:27:19,861: Publishing the detected zones on /zones
[rosout][INFO] 2017-07-10 14:27:21,094: Received the playground image. Detecting zones...
[rosout][INFO] 2017-07-10 14:27:21,110: Publishing the detected zones on /zones
[rosout][INFO] 2017-07-10 14:27:29,842: Received the playground image. Detecting zones...
[rosout][INFO] 2017-07-10 14:27:29,859: Publishing the detected zones on /zones
[rosout][INFO] 2017-07-10 14:27:35,911: Received the playground image. Detecting zones...
[rosout][INFO] 2017-07-10 14:27:35,923: Publishing the detected zones on /zones
[rosout][INFO] 2017-07-10 14:27:37,376: Received the playground image. Detecting zones...
[rosout][INFO] 2017-07-10 14:27:37,390: Publishing the detected zones on /zones
[rosout][INFO] 2017-07-10 14:27:38,385: Received the playground image. Detecting zones...
[rosout][INFO] 2017-07-10 14:27:38,398: Publishing the detected zones on /zones
[rosout][INFO] 2017-07-10 14:27:39,119: Received the playground image. Detecting zones...
[rosout][INFO] 2017-07-10 14:27:39,131: Publishing the detected zones on /zones
[rosout][INFO] 2017-07-10 14:27:39,670: Received the playground image. Detecting zones...
[rosout][INFO] 2017-07-10 14:27:39,684: Publishing the detected zones on /zones
[rosout][INFO] 2017-07-10 14:27:39,868: Received the playground image. Detecting zones...
[rosout][INFO] 2017-07-10 14:27:39,881: Publishing the detected zones on /zones
[rosout][INFO] 2017-07-10 14:27:40,104: Received the playground image. Detecting zones...
[rosout][INFO] 2017-07-10 14:27:40,115: Publishing the detected zones on /zones
[rosout][INFO] 2017-07-10 14:27:45,854: Received the playground image. Detecting zones...
[rosout][INFO] 2017-07-10 14:27:45,871: Publishing the detected zones on /zones
[rosout][INFO] 2017-07-10 14:27:49,339: Received the playground image. Detecting zones...
[rosout][INFO] 2017-07-10 14:27:49,350: Publishing the detected zones on /zones
[rosout][INFO] 2017-07-10 14:27:51,107: Received the playground image. Detecting zones...
[rosout][INFO] 2017-07-10 14:27:51,123: Publishing the detected zones on /zones
[rosout][INFO] 2017-07-10 14:28:01,845: Received the playground image. Detecting zones...
[rosout][INFO] 2017-07-10 14:28:01,857: Publishing the detected zones on /zones
[rosout][INFO] 2017-07-10 14:33:13,853: Received the playground image. Detecting zones...
[rosout][INFO] 2017-07-10 14:33:13,864: Publishing the detected zones on /zones
[rospy.internal][INFO] 2017-07-10 14:33:14,327: topic[/zones] adding connection to [/rosbag_record_freeplay_sandbox], count 0
[rosout][INFO] 2017-07-10 14:33:58,523: Received the playground image. Detecting zones...
[rosout][INFO] 2017-07-10 14:33:58,541: Publishing the detected zones on /zones
[rosout][INFO] 2017-07-10 14:33:59,262: Received the playground image. Detecting zones...
[rosout][INFO] 2017-07-10 14:33:59,302: Publishing the detected zones on /zones
[rosout][INFO] 2017-07-10 14:33:59,947: Received the playground image. Detecting zones...
[rosout][INFO] 2017-07-10 14:33:59,967: Publishing the detected zones on /zones
[rosout][INFO] 2017-07-10 14:34:01,982: Received the playground image. Detecting zones...
[rosout][INFO] 2017-07-10 14:34:02,006: Publishing the detected zones on /zones
[rosout][INFO] 2017-07-10 14:34:02,226: Received the playground image. Detecting zones...
[rosout][INFO] 2017-07-10 14:34:02,253: Publishing the detected zones on /zones
[rosout][INFO] 2017-07-10 14:34:03,208: Received the playground image. Detecting zones...
[rosout][INFO] 2017-07-10 14:34:03,229: Publishing the detected zones on /zones
[rosout][INFO] 2017-07-10 14:34:04,716: Received the playground image. Detecting zones...
[rosout][INFO] 2017-07-10 14:34:04,739: Publishing the detected zones on /zones
[rosout][INFO] 2017-07-10 14:34:05,929: Received the playground image. Detecting zones...
[rosout][INFO] 2017-07-10 14:34:05,955: Publishing the detected zones on /zones
[rosout][INFO] 2017-07-10 14:34:06,981: Received the playground image. Detecting zones...
[rosout][INFO] 2017-07-10 14:34:07,006: Publishing the detected zones on /zones
[rosout][INFO] 2017-07-10 14:34:07,733: Received the playground image. Detecting zones...
[rosout][INFO] 2017-07-10 14:34:07,752: Publishing the detected zones on /zones
[rosout][INFO] 2017-07-10 14:34:07,976: Received the playground image. Detecting zones...
[rosout][INFO] 2017-07-10 14:34:07,992: Publishing the detected zones on /zones
[rosout][INFO] 2017-07-10 14:34:17,806: Received the playground image. Detecting zones...
[rosout][INFO] 2017-07-10 14:34:17,835: Publishing the detected zones on /zones
[rosout][INFO] 2017-07-10 14:34:19,932: Received the playground image. Detecting zones...
[rosout][INFO] 2017-07-10 14:34:19,952: Publishing the detected zones on /zones
[rosout][INFO] 2017-07-10 14:34:23,207: Received the playground image. Detecting zones...
[rosout][INFO] 2017-07-10 14:34:23,235: Publishing the detected zones on /zones
[rosout][INFO] 2017-07-10 14:34:25,685: Received the playground image. Detecting zones...
[rosout][INFO] 2017-07-10 14:34:25,703: Publishing the detected zones on /zones
[rosout][INFO] 2017-07-10 14:34:27,480: Received the playground image. Detecting zones...
[rosout][INFO] 2017-07-10 14:34:27,506: Publishing the detected zones on /zones
[rosout][INFO] 2017-07-10 14:34:28,736: Received the playground image. Detecting zones...
[rosout][INFO] 2017-07-10 14:34:28,758: Publishing the detected zones on /zones
[rosout][INFO] 2017-07-10 14:34:33,220: Received the playground image. Detecting zones...
[rosout][INFO] 2017-07-10 14:34:33,240: Publishing the detected zones on /zones
[rosout][INFO] 2017-07-10 14:34:34,514: Received the playground image. Detecting zones...
[rosout][INFO] 2017-07-10 14:34:34,539: Publishing the detected zones on /zones
[rosout][INFO] 2017-07-10 14:34:35,482: Received the playground image. Detecting zones...
[rosout][INFO] 2017-07-10 14:34:35,499: Publishing the detected zones on /zones
[rosout][INFO] 2017-07-10 14:34:39,265: Received the playground image. Detecting zones...
[rosout][INFO] 2017-07-10 14:34:39,288: Publishing the detected zones on /zones
[rosout][INFO] 2017-07-10 14:34:39,503: Received the playground image. Detecting zones...
[rosout][INFO] 2017-07-10 14:34:39,528: Publishing the detected zones on /zones
[rosout][INFO] 2017-07-10 14:34:42,521: Received the playground image. Detecting zones...
[rosout][INFO] 2017-07-10 14:34:42,546: Publishing the detected zones on /zones
[rosout][INFO] 2017-07-10 14:34:42,755: Received the playground image. Detecting zones...
[rosout][INFO] 2017-07-10 14:34:42,794: Publishing the detected zones on /zones
[rosout][INFO] 2017-07-10 14:34:43,966: Received the playground image. Detecting zones...
[rosout][INFO] 2017-07-10 14:34:43,992: Publishing the detected zones on /zones
[rosout][INFO] 2017-07-10 14:34:44,981: Received the playground image. Detecting zones...
[rosout][INFO] 2017-07-10 14:34:45,010: Publishing the detected zones on /zones
[rosout][INFO] 2017-07-10 14:34:48,522: Received the playground image. Detecting zones...
[rosout][INFO] 2017-07-10 14:34:48,552: Publishing the detected zones on /zones
[rosout][INFO] 2017-07-10 14:34:49,952: Received the playground image. Detecting zones...
[rosout][INFO] 2017-07-10 14:34:49,970: Publishing the detected zones on /zones
[rosout][INFO] 2017-07-10 14:34:50,495: Received the playground image. Detecting zones...
[rosout][INFO] 2017-07-10 14:34:50,536: Publishing the detected zones on /zones
[rosout][INFO] 2017-07-10 14:34:50,950: Received the playground image. Detecting zones...
[rosout][INFO] 2017-07-10 14:34:50,980: Publishing the detected zones on /zones
[rosout][INFO] 2017-07-10 14:34:53,703: Received the playground image. Detecting zones...
[rosout][INFO] 2017-07-10 14:34:53,729: Publishing the detected zones on /zones
[rosout][INFO] 2017-07-10 14:34:55,246: Received the playground image. Detecting zones...
[rosout][INFO] 2017-07-10 14:34:55,272: Publishing the detected zones on /zones
[rosout][INFO] 2017-07-10 14:34:56,486: Received the playground image. Detecting zones...
[rosout][INFO] 2017-07-10 14:34:56,505: Publishing the detected zones on /zones
[rosout][INFO] 2017-07-10 14:35:00,234: Received the playground image. Detecting zones...
[rosout][INFO] 2017-07-10 14:35:00,263: Publishing the detected zones on /zones
[rosout][INFO] 2017-07-10 14:35:01,474: Received the playground image. Detecting zones...
[rosout][INFO] 2017-07-10 14:35:01,505: Publishing the detected zones on /zones
[rosout][INFO] 2017-07-10 14:35:11,468: Received the playground image. Detecting zones...
[rosout][INFO] 2017-07-10 14:35:11,490: Publishing the detected zones on /zones
[rosout][INFO] 2017-07-10 14:35:22,488: Received the playground image. Detecting zones...
[rosout][INFO] 2017-07-10 14:35:22,501: Publishing the detected zones on /zones
[rosout][INFO] 2017-07-10 14:35:36,471: Received the playground image. Detecting zones...
[rosout][INFO] 2017-07-10 14:35:36,503: Publishing the detected zones on /zones
[rosout][INFO] 2017-07-10 14:35:44,958: Received the playground image. Detecting zones...
[rosout][INFO] 2017-07-10 14:35:44,975: Publishing the detected zones on /zones
[rosout][INFO] 2017-07-10 14:35:45,979: Received the playground image. Detecting zones...
[rosout][INFO] 2017-07-10 14:35:46,001: Publishing the detected zones on /zones
[rosout][INFO] 2017-07-10 14:35:46,238: Received the playground image. Detecting zones...
[rosout][INFO] 2017-07-10 14:35:46,258: Publishing the detected zones on /zones
[rosout][INFO] 2017-07-10 14:35:46,970: Received the playground image. Detecting zones...
[rosout][INFO] 2017-07-10 14:35:46,990: Publishing the detected zones on /zones
[rosout][INFO] 2017-07-10 14:35:47,225: Received the playground image. Detecting zones...
[rosout][INFO] 2017-07-10 14:35:47,241: Publishing the detected zones on /zones
[rosout][INFO] 2017-07-10 14:35:50,531: Received the playground image. Detecting zones...
[rosout][INFO] 2017-07-10 14:35:50,559: Publishing the detected zones on /zones
[rosout][INFO] 2017-07-10 14:35:50,980: Received the playground image. Detecting zones...
[rosout][INFO] 2017-07-10 14:35:51,010: Publishing the detected zones on /zones
[rosout][INFO] 2017-07-10 14:35:51,469: Received the playground image. Detecting zones...
[rosout][INFO] 2017-07-10 14:35:51,489: Publishing the detected zones on /zones
[rosout][INFO] 2017-07-10 14:35:56,972: Received the playground image. Detecting zones...
[rosout][INFO] 2017-07-10 14:35:56,997: Publishing the detected zones on /zones
[rosout][INFO] 2017-07-10 14:35:58,492: Received the playground image. Detecting zones...
[rosout][INFO] 2017-07-10 14:35:58,528: Publishing the detected zones on /zones
[rosout][INFO] 2017-07-10 14:35:58,741: Received the playground image. Detecting zones...
[rosout][INFO] 2017-07-10 14:35:58,764: Publishing the detected zones on /zones
[rosout][INFO] 2017-07-10 14:35:58,963: Received the playground image. Detecting zones...
[rosout][INFO] 2017-07-10 14:35:58,986: Publishing the detected zones on /zones
[rosout][INFO] 2017-07-10 14:35:59,220: Received the playground image. Detecting zones...
[rosout][INFO] 2017-07-10 14:35:59,240: Publishing the detected zones on /zones
[rosout][INFO] 2017-07-10 14:35:59,754: Received the playground image. Detecting zones...
[rosout][INFO] 2017-07-10 14:35:59,771: Publishing the detected zones on /zones
[rosout][INFO] 2017-07-10 14:36:00,230: Received the playground image. Detecting zones...
[rosout][INFO] 2017-07-10 14:36:00,251: Publishing the detected zones on /zones
[rosout][INFO] 2017-07-10 14:36:00,492: Received the playground image. Detecting zones...
[rosout][INFO] 2017-07-10 14:36:00,520: Publishing the detected zones on /zones
[rosout][INFO] 2017-07-10 14:36:00,722: Received the playground image. Detecting zones...
[rosout][INFO] 2017-07-10 14:36:00,741: Publishing the detected zones on /zones
[rosout][INFO] 2017-07-10 14:36:00,934: Received the playground image. Detecting zones...
[rosout][INFO] 2017-07-10 14:36:00,954: Publishing the detected zones on /zones
[rosout][INFO] 2017-07-10 14:36:04,497: Received the playground image. Detecting zones...
[rosout][INFO] 2017-07-10 14:36:04,520: Publishing the detected zones on /zones
[rosout][INFO] 2017-07-10 14:36:04,743: Received the playground image. Detecting zones...
[rosout][INFO] 2017-07-10 14:36:04,772: Publishing the detected zones on /zones
[rosout][INFO] 2017-07-10 14:36:04,978: Received the playground image. Detecting zones...
[rosout][INFO] 2017-07-10 14:36:05,000: Publishing the detected zones on /zones
[rosout][INFO] 2017-07-10 14:36:07,281: Received the playground image. Detecting zones...
[rosout][INFO] 2017-07-10 14:36:07,306: Publishing the detected zones on /zones
[rosout][INFO] 2017-07-10 14:36:07,515: Received the playground image. Detecting zones...
[rosout][INFO] 2017-07-10 14:36:07,539: Publishing the detected zones on /zones
[rosout][INFO] 2017-07-10 14:36:07,947: Received the playground image. Detecting zones...
[rosout][INFO] 2017-07-10 14:36:07,971: Publishing the detected zones on /zones
[rosout][INFO] 2017-07-10 14:36:09,305: Received the playground image. Detecting zones...
[rosout][INFO] 2017-07-10 14:36:09,331: Publishing the detected zones on /zones
[rosout][INFO] 2017-07-10 14:36:09,954: Received the playground image. Detecting zones...
[rosout][INFO] 2017-07-10 14:36:09,974: Publishing the detected zones on /zones
[rosout][INFO] 2017-07-10 14:36:10,210: Received the playground image. Detecting zones...
[rosout][INFO] 2017-07-10 14:36:10,239: Publishing the detected zones on /zones
[rosout][INFO] 2017-07-10 14:36:10,477: Received the playground image. Detecting zones...
[rosout][INFO] 2017-07-10 14:36:10,509: Publishing the detected zones on /zones
[rosout][INFO] 2017-07-10 14:36:10,714: Received the playground image. Detecting zones...
[rosout][INFO] 2017-07-10 14:36:10,732: Publishing the detected zones on /zones
[rosout][INFO] 2017-07-10 14:36:10,953: Received the playground image. Detecting zones...
[rosout][INFO] 2017-07-10 14:36:10,980: Publishing the detected zones on /zones
[rosout][INFO] 2017-07-10 14:36:11,236: Received the playground image. Detecting zones...
[rosout][INFO] 2017-07-10 14:36:11,268: Publishing the detected zones on /zones
[rosout][INFO] 2017-07-10 14:36:12,254: Received the playground image. Detecting zones...
[rosout][INFO] 2017-07-10 14:36:12,279: Publishing the detected zones on /zones
[rosout][INFO] 2017-07-10 14:36:13,722: Received the playground image. Detecting zones...
[rosout][INFO] 2017-07-10 14:36:13,744: Publishing the detected zones on /zones
[rosout][INFO] 2017-07-10 14:36:13,990: Received the playground image. Detecting zones...
[rosout][INFO] 2017-07-10 14:36:14,009: Publishing the detected zones on /zones
[rosout][INFO] 2017-07-10 14:36:14,972: Received the playground image. Detecting zones...
[rosout][INFO] 2017-07-10 14:36:14,990: Publishing the detected zones on /zones
[rosout][INFO] 2017-07-10 14:36:16,492: Received the playground image. Detecting zones...
[rosout][INFO] 2017-07-10 14:36:16,514: Publishing the detected zones on /zones
[rosout][INFO] 2017-07-10 14:36:18,250: Received the playground image. Detecting zones...
[rosout][INFO] 2017-07-10 14:36:18,288: Publishing the detected zones on /zones
[rosout][INFO] 2017-07-10 14:36:18,505: Received the playground image. Detecting zones...
[rosout][INFO] 2017-07-10 14:36:18,553: Publishing the detected zones on /zones
[rosout][INFO] 2017-07-10 14:36:20,275: Received the playground image. Detecting zones...
[rosout][INFO] 2017-07-10 14:36:20,305: Publishing the detected zones on /zones
[rosout][INFO] 2017-07-10 14:36:20,481: Received the playground image. Detecting zones...
[rosout][INFO] 2017-07-10 14:36:20,507: Publishing the detected zones on /zones
[rosout][INFO] 2017-07-10 14:36:20,965: Received the playground image. Detecting zones...
[rosout][INFO] 2017-07-10 14:36:20,988: Publishing the detected zones on /zones
[rosout][INFO] 2017-07-10 14:36:21,496: Received the playground image. Detecting zones...
[rosout][INFO] 2017-07-10 14:36:21,527: Publishing the detected zones on /zones
[rosout][INFO] 2017-07-10 14:36:21,716: Received the playground image. Detecting zones...
[rosout][INFO] 2017-07-10 14:36:21,745: Publishing the detected zones on /zones
[rosout][INFO] 2017-07-10 14:36:23,201: Received the playground image. Detecting zones...
[rosout][INFO] 2017-07-10 14:36:23,223: Publishing the detected zones on /zones
[rosout][INFO] 2017-07-10 14:36:23,490: Received the playground image. Detecting zones...
[rosout][INFO] 2017-07-10 14:36:23,530: Publishing the detected zones on /zones
[rosout][INFO] 2017-07-10 14:36:23,720: Received the playground image. Detecting zones...
[rosout][INFO] 2017-07-10 14:36:23,748: Publishing the detected zones on /zones
[rosout][INFO] 2017-07-10 14:36:25,489: Received the playground image. Detecting zones...
[rosout][INFO] 2017-07-10 14:36:25,515: Publishing the detected zones on /zones
[rosout][INFO] 2017-07-10 14:36:29,510: Received the playground image. Detecting zones...
[rosout][INFO] 2017-07-10 14:36:29,538: Publishing the detected zones on /zones
[rosout][INFO] 2017-07-10 14:36:29,975: Received the playground image. Detecting zones...
[rosout][INFO] 2017-07-10 14:36:30,005: Publishing the detected zones on /zones
[rosout][INFO] 2017-07-10 14:36:30,228: Received the playground image. Detecting zones...
[rosout][INFO] 2017-07-10 14:36:30,248: Publishing the detected zones on /zones
[rosout][INFO] 2017-07-10 14:36:30,459: Received the playground image. Detecting zones...
[rosout][INFO] 2017-07-10 14:36:30,476: Publishing the detected zones on /zones
[rosout][INFO] 2017-07-10 14:36:30,714: Received the playground image. Detecting zones...
[rosout][INFO] 2017-07-10 14:36:30,733: Publishing the detected zones on /zones
[rosout][INFO] 2017-07-10 14:36:31,481: Received the playground image. Detecting zones...
[rosout][INFO] 2017-07-10 14:36:31,507: Publishing the detected zones on /zones
[rosout][INFO] 2017-07-10 14:36:32,695: Received the playground image. Detecting zones...
[rosout][INFO] 2017-07-10 14:36:32,717: Publishing the detected zones on /zones
[rosout][INFO] 2017-07-10 14:36:32,965: Received the playground image. Detecting zones...
[rosout][INFO] 2017-07-10 14:36:32,985: Publishing the detected zones on /zones
[rosout][INFO] 2017-07-10 14:36:34,507: Received the playground image. Detecting zones...
[rosout][INFO] 2017-07-10 14:36:34,526: Publishing the detected zones on /zones
[rosout][INFO] 2017-07-10 14:36:42,018: Received the playground image. Detecting zones...
[rosout][INFO] 2017-07-10 14:36:42,037: Publishing the detected zones on /zones
[rosout][INFO] 2017-07-10 14:36:42,748: Received the playground image. Detecting zones...
[rosout][INFO] 2017-07-10 14:36:42,773: Publishing the detected zones on /zones
[rosout][INFO] 2017-07-10 14:36:45,532: Received the playground image. Detecting zones...
[rosout][INFO] 2017-07-10 14:36:45,558: Publishing the detected zones on /zones
[rosout][INFO] 2017-07-10 14:36:45,751: Received the playground image. Detecting zones...
[rosout][INFO] 2017-07-10 14:36:45,777: Publishing the detected zones on /zones
[rosout][INFO] 2017-07-10 14:36:46,247: Received the playground image. Detecting zones...
[rosout][INFO] 2017-07-10 14:36:46,276: Publishing the detected zones on /zones
[rosout][INFO] 2017-07-10 14:36:46,740: Received the playground image. Detecting zones...
[rosout][INFO] 2017-07-10 14:36:46,766: Publishing the detected zones on /zones
[rosout][INFO] 2017-07-10 14:36:49,264: Received the playground image. Detecting zones...
[rosout][INFO] 2017-07-10 14:36:49,301: Publishing the detected zones on /zones
[rosout][INFO] 2017-07-10 14:36:49,685: Received the playground image. Detecting zones...
[rosout][INFO] 2017-07-10 14:36:49,712: Publishing the detected zones on /zones
[rosout][INFO] 2017-07-10 14:36:50,016: Received the playground image. Detecting zones...
[rosout][INFO] 2017-07-10 14:36:50,036: Publishing the detected zones on /zones
[rosout][INFO] 2017-07-10 14:36:50,252: Received the playground image. Detecting zones...
[rosout][INFO] 2017-07-10 14:36:50,280: Publishing the detected zones on /zones
[rosout][INFO] 2017-07-10 14:36:53,481: Received the playground image. Detecting zones...
[rosout][INFO] 2017-07-10 14:36:53,515: Publishing the detected zones on /zones
[rosout][INFO] 2017-07-10 14:36:55,976: Received the playground image. Detecting zones...
[rosout][INFO] 2017-07-10 14:36:56,006: Publishing the detected zones on /zones
[rosout][INFO] 2017-07-10 14:36:56,730: Received the playground image. Detecting zones...
[rosout][INFO] 2017-07-10 14:36:56,751: Publishing the detected zones on /zones
[rosout][INFO] 2017-07-10 14:36:57,972: Received the playground image. Detecting zones...
[rosout][INFO] 2017-07-10 14:36:57,998: Publishing the detected zones on /zones
[rosout][INFO] 2017-07-10 14:36:58,745: Received the playground image. Detecting zones...
[rosout][INFO] 2017-07-10 14:36:58,771: Publishing the detected zones on /zones
[rosout][INFO] 2017-07-10 14:36:59,436: Received the playground image. Detecting zones...
[rosout][INFO] 2017-07-10 14:36:59,467: Publishing the detected zones on /zones
[rosout][INFO] 2017-07-10 14:37:00,222: Received the playground image. Detecting zones...
[rosout][INFO] 2017-07-10 14:37:00,261: Publishing the detected zones on /zones
[rosout][INFO] 2017-07-10 14:37:00,487: Received the playground image. Detecting zones...
[rosout][INFO] 2017-07-10 14:37:00,514: Publishing the detected zones on /zones
[rosout][INFO] 2017-07-10 14:37:01,024: Received the playground image. Detecting zones...
[rosout][INFO] 2017-07-10 14:37:01,046: Publishing the detected zones on /zones
[rosout][INFO] 2017-07-10 14:37:04,007: Received the playground image. Detecting zones...
[rosout][INFO] 2017-07-10 14:37:04,031: Publishing the detected zones on /zones
[rosout][INFO] 2017-07-10 14:37:04,739: Received the playground image. Detecting zones...
[rosout][INFO] 2017-07-10 14:37:04,771: Publishing the detected zones on /zones
[rosout][INFO] 2017-07-10 14:37:04,991: Received the playground image. Detecting zones...
[rosout][INFO] 2017-07-10 14:37:05,020: Publishing the detected zones on /zones
[rosout][INFO] 2017-07-10 14:37:05,330: Received the playground image. Detecting zones...
[rosout][INFO] 2017-07-10 14:37:05,353: Publishing the detected zones on /zones
[rosout][INFO] 2017-07-10 14:37:05,546: Received the playground image. Detecting zones...
[rosout][INFO] 2017-07-10 14:37:05,573: Publishing the detected zones on /zones
[rosout][INFO] 2017-07-10 14:37:06,333: Received the playground image. Detecting zones...
[rosout][INFO] 2017-07-10 14:37:06,357: Publishing the detected zones on /zones
[rosout][INFO] 2017-07-10 14:37:06,813: Received the playground image. Detecting zones...
[rosout][INFO] 2017-07-10 14:37:06,846: Publishing the detected zones on /zones
[rosout][INFO] 2017-07-10 14:37:07,288: Received the playground image. Detecting zones...
[rosout][INFO] 2017-07-10 14:37:07,329: Publishing the detected zones on /zones
[rosout][INFO] 2017-07-10 14:37:07,510: Received the playground image. Detecting zones...
[rosout][INFO] 2017-07-10 14:37:07,541: Publishing the detected zones on /zones
[rosout][INFO] 2017-07-10 14:37:07,749: Received the playground image. Detecting zones...
[rosout][INFO] 2017-07-10 14:37:07,771: Publishing the detected zones on /zones
[rosout][INFO] 2017-07-10 14:37:08,014: Received the playground image. Detecting zones...
[rosout][INFO] 2017-07-10 14:37:08,043: Publishing the detected zones on /zones
[rosout][INFO] 2017-07-10 14:37:08,501: Received the playground image. Detecting zones...
[rosout][INFO] 2017-07-10 14:37:08,523: Publishing the detected zones on /zones
[rosout][INFO] 2017-07-10 14:37:08,785: Received the playground image. Detecting zones...
[rosout][INFO] 2017-07-10 14:37:08,811: Publishing the detected zones on /zones
[rosout][INFO] 2017-07-10 14:37:09,277: Received the playground image. Detecting zones...
[rosout][INFO] 2017-07-10 14:37:09,317: Publishing the detected zones on /zones
[rosout][INFO] 2017-07-10 14:37:09,549: Received the playground image. Detecting zones...
[rosout][INFO] 2017-07-10 14:37:09,575: Publishing the detected zones on /zones
[rosout][INFO] 2017-07-10 14:37:10,054: Received the playground image. Detecting zones...
[rosout][INFO] 2017-07-10 14:37:10,077: Publishing the detected zones on /zones
[rosout][INFO] 2017-07-10 14:37:10,286: Received the playground image. Detecting zones...
[rosout][INFO] 2017-07-10 14:37:10,323: Publishing the detected zones on /zones
[rosout][INFO] 2017-07-10 14:37:10,520: Received the playground image. Detecting zones...
[rosout][INFO] 2017-07-10 14:37:10,549: Publishing the detected zones on /zones
[rosout][INFO] 2017-07-10 14:37:11,086: Received the playground image. Detecting zones...
[rosout][INFO] 2017-07-10 14:37:11,104: Publishing the detected zones on /zones
[rosout][INFO] 2017-07-10 14:37:11,334: Received the playground image. Detecting zones...
[rosout][INFO] 2017-07-10 14:37:11,358: Publishing the detected zones on /zones
[rosout][INFO] 2017-07-10 14:37:11,649: Received the playground image. Detecting zones...
[rosout][INFO] 2017-07-10 14:37:11,666: Publishing the detected zones on /zones
[rosout][INFO] 2017-07-10 14:37:12,029: Received the playground image. Detecting zones...
[rosout][INFO] 2017-07-10 14:37:12,049: Publishing the detected zones on /zones
[rosout][INFO] 2017-07-10 14:37:12,974: Received the playground image. Detecting zones...
[rosout][INFO] 2017-07-10 14:37:12,995: Publishing the detected zones on /zones
[rosout][INFO] 2017-07-10 14:37:13,499: Received the playground image. Detecting zones...
[rosout][INFO] 2017-07-10 14:37:13,535: Publishing the detected zones on /zones
[rosout][INFO] 2017-07-10 14:37:13,972: Received the playground image. Detecting zones...
[rosout][INFO] 2017-07-10 14:37:13,993: Publishing the detected zones on /zones
[rosout][INFO] 2017-07-10 14:37:15,216: Received the playground image. Detecting zones...
[rosout][INFO] 2017-07-10 14:37:15,241: Publishing the detected zones on /zones
[rosout][INFO] 2017-07-10 14:37:16,484: Received the playground image. Detecting zones...
[rosout][INFO] 2017-07-10 14:37:16,512: Publishing the detected zones on /zones
[rosout][INFO] 2017-07-10 14:37:16,971: Received the playground image. Detecting zones...
[rosout][INFO] 2017-07-10 14:37:16,991: Publishing the detected zones on /zones
[rosout][INFO] 2017-07-10 14:37:18,506: Received the playground image. Detecting zones...
[rosout][INFO] 2017-07-10 14:37:18,534: Publishing the detected zones on /zones
[rosout][INFO] 2017-07-10 14:37:19,484: Received the playground image. Detecting zones...
[rosout][INFO] 2017-07-10 14:37:19,512: Publishing the detected zones on /zones
[rosout][INFO] 2017-07-10 14:37:20,746: Received the playground image. Detecting zones...
[rosout][INFO] 2017-07-10 14:37:20,774: Publishing the detected zones on /zones
[rosout][INFO] 2017-07-10 14:37:21,497: Received the playground image. Detecting zones...
[rosout][INFO] 2017-07-10 14:37:21,526: Publishing the detected zones on /zones
[rosout][INFO] 2017-07-10 14:37:22,271: Received the playground image. Detecting zones...
[rosout][INFO] 2017-07-10 14:37:22,301: Publishing the detected zones on /zones
[rosout][INFO] 2017-07-10 14:37:22,520: Received the playground image. Detecting zones...
[rosout][INFO] 2017-07-10 14:37:22,538: Publishing the detected zones on /zones
[rosout][INFO] 2017-07-10 14:37:23,522: Received the playground image. Detecting zones...
[rosout][INFO] 2017-07-10 14:37:23,561: Publishing the detected zones on /zones
[rosout][INFO] 2017-07-10 14:37:23,746: Received the playground image. Detecting zones...
[rosout][INFO] 2017-07-10 14:37:23,772: Publishing the detected zones on /zones
[rosout][INFO] 2017-07-10 14:37:24,212: Received the playground image. Detecting zones...
[rosout][INFO] 2017-07-10 14:37:24,256: Publishing the detected zones on /zones
[rosout][INFO] 2017-07-10 14:37:24,936: Received the playground image. Detecting zones...
[rosout][INFO] 2017-07-10 14:37:24,957: Publishing the detected zones on /zones
[rosout][INFO] 2017-07-10 14:37:25,957: Received the playground image. Detecting zones...
[rosout][INFO] 2017-07-10 14:37:25,978: Publishing the detected zones on /zones
[rosout][INFO] 2017-07-10 14:37:26,492: Received the playground image. Detecting zones...
[rosout][INFO] 2017-07-10 14:37:26,516: Publishing the detected zones on /zones
[rosout][INFO] 2017-07-10 14:37:27,760: Received the playground image. Detecting zones...
[rosout][INFO] 2017-07-10 14:37:27,780: Publishing the detected zones on /zones
[rosout][INFO] 2017-07-10 14:37:27,946: Received the playground image. Detecting zones...
[rosout][INFO] 2017-07-10 14:37:27,966: Publishing the detected zones on /zones
[rosout][INFO] 2017-07-10 14:37:28,206: Received the playground image. Detecting zones...
[rosout][INFO] 2017-07-10 14:37:28,233: Publishing the detected zones on /zones
[rosout][INFO] 2017-07-10 14:37:28,480: Received the playground image. Detecting zones...
[rosout][INFO] 2017-07-10 14:37:28,500: Publishing the detected zones on /zones
[rosout][INFO] 2017-07-10 14:37:28,985: Received the playground image. Detecting zones...
[rosout][INFO] 2017-07-10 14:37:29,018: Publishing the detected zones on /zones
[rosout][INFO] 2017-07-10 14:37:29,495: Received the playground image. Detecting zones...
[rosout][INFO] 2017-07-10 14:37:29,514: Publishing the detected zones on /zones
[rosout][INFO] 2017-07-10 14:37:29,708: Received the playground image. Detecting zones...
[rosout][INFO] 2017-07-10 14:37:29,725: Publishing the detected zones on /zones
[rosout][INFO] 2017-07-10 14:37:31,985: Received the playground image. Detecting zones...
[rosout][INFO] 2017-07-10 14:37:32,006: Publishing the detected zones on /zones
[rosout][INFO] 2017-07-10 14:37:35,212: Received the playground image. Detecting zones...
[rosout][INFO] 2017-07-10 14:37:35,230: Publishing the detected zones on /zones
[rosout][INFO] 2017-07-10 14:37:37,201: Received the playground image. Detecting zones...
[rosout][INFO] 2017-07-10 14:37:37,222: Publishing the detected zones on /zones
[rosout][INFO] 2017-07-10 14:37:47,986: Received the playground image. Detecting zones...
[rosout][INFO] 2017-07-10 14:37:48,012: Publishing the detected zones on /zones
[rosout][INFO] 2017-07-10 14:37:48,222: Received the playground image. Detecting zones...
[rosout][INFO] 2017-07-10 14:37:48,252: Publishing the detected zones on /zones
[rosout][INFO] 2017-07-10 14:37:48,733: Received the playground image. Detecting zones...
[rosout][INFO] 2017-07-10 14:37:48,760: Publishing the detected zones on /zones
[rosout][INFO] 2017-07-10 14:37:48,982: Received the playground image. Detecting zones...
[rosout][INFO] 2017-07-10 14:37:49,007: Publishing the detected zones on /zones
[rosout][INFO] 2017-07-10 14:37:49,220: Received the playground image. Detecting zones...
[rosout][INFO] 2017-07-10 14:37:49,238: Publishing the detected zones on /zones
[rosout][INFO] 2017-07-10 14:37:52,009: Received the playground image. Detecting zones...
[rosout][INFO] 2017-07-10 14:37:52,034: Publishing the detected zones on /zones
[rosout][INFO] 2017-07-10 14:37:52,476: Received the playground image. Detecting zones...
[rosout][INFO] 2017-07-10 14:37:52,510: Publishing the detected zones on /zones
[rosout][INFO] 2017-07-10 14:37:53,009: Received the playground image. Detecting zones...
[rosout][INFO] 2017-07-10 14:37:53,032: Publishing the detected zones on /zones
[rosout][INFO] 2017-07-10 14:37:53,996: Received the playground image. Detecting zones...
[rosout][INFO] 2017-07-10 14:37:54,016: Publishing the detected zones on /zones
[rosout][INFO] 2017-07-10 14:37:58,467: Received the playground image. Detecting zones...
[rosout][INFO] 2017-07-10 14:37:58,490: Publishing the detected zones on /zones
[rosout][INFO] 2017-07-10 14:37:59,947: Received the playground image. Detecting zones...
[rosout][INFO] 2017-07-10 14:37:59,968: Publishing the detected zones on /zones
[rosout][INFO] 2017-07-10 14:38:00,209: Received the playground image. Detecting zones...
[rosout][INFO] 2017-07-10 14:38:00,230: Publishing the detected zones on /zones
[rosout][INFO] 2017-07-10 14:38:00,710: Received the playground image. Detecting zones...
[rosout][INFO] 2017-07-10 14:38:00,730: Publishing the detected zones on /zones
[rosout][INFO] 2017-07-10 14:38:02,725: Received the playground image. Detecting zones...
[rosout][INFO] 2017-07-10 14:38:02,742: Publishing the detected zones on /zones
[rosout][INFO] 2017-07-10 14:38:05,173: Received the playground image. Detecting zones...
[rosout][INFO] 2017-07-10 14:38:05,197: Publishing the detected zones on /zones
[rosout][INFO] 2017-07-10 14:38:10,718: Received the playground image. Detecting zones...
[rosout][INFO] 2017-07-10 14:38:10,741: Publishing the detected zones on /zones
[rosout][INFO] 2017-07-10 14:38:12,242: Received the playground image. Detecting zones...
[rosout][INFO] 2017-07-10 14:38:12,270: Publishing the detected zones on /zones
[rosout][INFO] 2017-07-10 14:38:12,483: Received the playground image. Detecting zones...
[rosout][INFO] 2017-07-10 14:38:12,513: Publishing the detected zones on /zones
[rosout][INFO] 2017-07-10 14:38:12,943: Received the playground image. Detecting zones...
[rosout][INFO] 2017-07-10 14:38:12,960: Publishing the detected zones on /zones
[rosout][INFO] 2017-07-10 14:38:16,697: Received the playground image. Detecting zones...
[rosout][INFO] 2017-07-10 14:38:16,719: Publishing the detected zones on /zones
[rosout][INFO] 2017-07-10 14:38:18,212: Received the playground image. Detecting zones...
[rosout][INFO] 2017-07-10 14:38:18,255: Publishing the detected zones on /zones
[rosout][INFO] 2017-07-10 14:38:19,230: Received the playground image. Detecting zones...
[rosout][INFO] 2017-07-10 14:38:19,260: Publishing the detected zones on /zones
[rosout][INFO] 2017-07-10 14:38:19,510: Received the playground image. Detecting zones...
[rosout][INFO] 2017-07-10 14:38:19,533: Publishing the detected zones on /zones
[rosout][INFO] 2017-07-10 14:38:19,743: Received the playground image. Detecting zones...
[rosout][INFO] 2017-07-10 14:38:19,765: Publishing the detected zones on /zones
[rosout][INFO] 2017-07-10 14:38:20,284: Received the playground image. Detecting zones...
[rosout][INFO] 2017-07-10 14:38:20,305: Publishing the detected zones on /zones
[rosout][INFO] 2017-07-10 14:38:20,698: Received the playground image. Detecting zones...
[rosout][INFO] 2017-07-10 14:38:20,720: Publishing the detected zones on /zones
[rosout][INFO] 2017-07-10 14:38:20,991: Received the playground image. Detecting zones...
[rosout][INFO] 2017-07-10 14:38:21,010: Publishing the detected zones on /zones
[rosout][INFO] 2017-07-10 14:38:21,740: Received the playground image. Detecting zones...
[rosout][INFO] 2017-07-10 14:38:21,762: Publishing the detected zones on /zones
[rosout][INFO] 2017-07-10 14:38:21,976: Received the playground image. Detecting zones...
[rosout][INFO] 2017-07-10 14:38:22,001: Publishing the detected zones on /zones
[rosout][INFO] 2017-07-10 14:38:22,200: Received the playground image. Detecting zones...
[rosout][INFO] 2017-07-10 14:38:22,219: Publishing the detected zones on /zones
[rosout][INFO] 2017-07-10 14:38:23,729: Received the playground image. Detecting zones...
[rosout][INFO] 2017-07-10 14:38:23,749: Publishing the detected zones on /zones
[rosout][INFO] 2017-07-10 14:38:26,481: Received the playground image. Detecting zones...
[rosout][INFO] 2017-07-10 14:38:26,501: Publishing the detected zones on /zones
[rosout][INFO] 2017-07-10 14:38:47,199: Received the playground image. Detecting zones...
[rosout][INFO] 2017-07-10 14:38:47,221: Publishing the detected zones on /zones
[rosout][INFO] 2017-07-10 14:38:48,200: Received the playground image. Detecting zones...
[rosout][INFO] 2017-07-10 14:38:48,215: Publishing the detected zones on /zones
[rosout][INFO] 2017-07-10 14:38:53,982: Received the playground image. Detecting zones...
[rosout][INFO] 2017-07-10 14:38:54,005: Publishing the detected zones on /zones
[rosout][INFO] 2017-07-10 14:38:55,217: Received the playground image. Detecting zones...
[rosout][INFO] 2017-07-10 14:38:55,244: Publishing the detected zones on /zones
[rosout][INFO] 2017-07-10 14:38:58,986: Received the playground image. Detecting zones...
[rosout][INFO] 2017-07-10 14:38:59,019: Publishing the detected zones on /zones
[rosout][INFO] 2017-07-10 14:38:59,314: Received the playground image. Detecting zones...
[rosout][INFO] 2017-07-10 14:38:59,332: Publishing the detected zones on /zones
[rosout][INFO] 2017-07-10 14:38:59,542: Received the playground image. Detecting zones...
[rosout][INFO] 2017-07-10 14:38:59,565: Publishing the detected zones on /zones
[rosout][INFO] 2017-07-10 14:39:00,975: Received the playground image. Detecting zones...
[rosout][INFO] 2017-07-10 14:39:00,994: Publishing the detected zones on /zones
[rosout][INFO] 2017-07-10 14:39:01,715: Received the playground image. Detecting zones...
[rosout][INFO] 2017-07-10 14:39:01,734: Publishing the detected zones on /zones
[rosout][INFO] 2017-07-10 14:39:02,236: Received the playground image. Detecting zones...
[rosout][INFO] 2017-07-10 14:39:02,258: Publishing the detected zones on /zones
[rosout][INFO] 2017-07-10 14:39:02,990: Received the playground image. Detecting zones...
[rosout][INFO] 2017-07-10 14:39:03,009: Publishing the detected zones on /zones
[rosout][INFO] 2017-07-10 14:39:03,265: Received the playground image. Detecting zones...
[rosout][INFO] 2017-07-10 14:39:03,292: Publishing the detected zones on /zones
[rosout][INFO] 2017-07-10 14:39:03,983: Received the playground image. Detecting zones...
[rosout][INFO] 2017-07-10 14:39:04,001: Publishing the detected zones on /zones
[rosout][INFO] 2017-07-10 14:39:04,257: Received the playground image. Detecting zones...
[rosout][INFO] 2017-07-10 14:39:04,275: Publishing the detected zones on /zones
[rosout][INFO] 2017-07-10 14:39:07,240: Received the playground image. Detecting zones...
[rosout][INFO] 2017-07-10 14:39:07,261: Publishing the detected zones on /zones
[rosout][INFO] 2017-07-10 14:39:18,979: Received the playground image. Detecting zones...
[rosout][INFO] 2017-07-10 14:39:18,998: Publishing the detected zones on /zones
[rosout][INFO] 2017-07-10 14:39:19,242: Received the playground image. Detecting zones...
[rosout][INFO] 2017-07-10 14:39:19,266: Publishing the detected zones on /zones
[rosout][INFO] 2017-07-10 14:39:20,219: Received the playground image. Detecting zones...
[rosout][INFO] 2017-07-10 14:39:20,241: Publishing the detected zones on /zones
[rosout][INFO] 2017-07-10 14:39:22,937: Received the playground image. Detecting zones...
[rosout][INFO] 2017-07-10 14:39:22,960: Publishing the detected zones on /zones
[rosout][INFO] 2017-07-10 14:39:23,254: Received the playground image. Detecting zones...
[rosout][INFO] 2017-07-10 14:39:23,281: Publishing the detected zones on /zones
[rosout][INFO] 2017-07-10 14:39:23,708: Received the playground image. Detecting zones...
[rosout][INFO] 2017-07-10 14:39:23,734: Publishing the detected zones on /zones
[rosout][INFO] 2017-07-10 14:39:23,971: Received the playground image. Detecting zones...
[rosout][INFO] 2017-07-10 14:39:23,996: Publishing the detected zones on /zones
[rosout][INFO] 2017-07-10 14:39:26,236: Received the playground image. Detecting zones...
[rosout][INFO] 2017-07-10 14:39:26,252: Publishing the detected zones on /zones
[rosout][INFO] 2017-07-10 14:39:27,212: Received the playground image. Detecting zones...
[rosout][INFO] 2017-07-10 14:39:27,235: Publishing the detected zones on /zones
[rosout][INFO] 2017-07-10 14:39:31,262: Received the playground image. Detecting zones...
[rosout][INFO] 2017-07-10 14:39:31,288: Publishing the detected zones on /zones
[rosout][INFO] 2017-07-10 14:39:31,725: Received the playground image. Detecting zones...
[rosout][INFO] 2017-07-10 14:39:31,746: Publishing the detected zones on /zones
[rosout][INFO] 2017-07-10 14:39:32,480: Received the playground image. Detecting zones...
[rosout][INFO] 2017-07-10 14:39:32,503: Publishing the detected zones on /zones
[rosout][INFO] 2017-07-10 14:39:34,214: Received the playground image. Detecting zones...
[rosout][INFO] 2017-07-10 14:39:34,231: Publishing the detected zones on /zones
[rosout][INFO] 2017-07-10 14:39:36,235: Received the playground image. Detecting zones...
[rosout][INFO] 2017-07-10 14:39:36,263: Publishing the detected zones on /zones
[rosout][INFO] 2017-07-10 14:39:43,519: Received the playground image. Detecting zones...
[rosout][INFO] 2017-07-10 14:39:43,563: Publishing the detected zones on /zones
[rosout][INFO] 2017-07-10 14:39:43,758: Received the playground image. Detecting zones...
[rosout][INFO] 2017-07-10 14:39:43,781: Publishing the detected zones on /zones
[rosout][INFO] 2017-07-10 14:39:43,995: Received the playground image. Detecting zones...
[rosout][INFO] 2017-07-10 14:39:44,018: Publishing the detected zones on /zones
[rosout][INFO] 2017-07-10 14:39:44,266: Received the playground image. Detecting zones...
[rosout][INFO] 2017-07-10 14:39:44,294: Publishing the detected zones on /zones
[rosout][INFO] 2017-07-10 14:39:44,510: Received the playground image. Detecting zones...
[rosout][INFO] 2017-07-10 14:39:44,545: Publishing the detected zones on /zones
[rosout][INFO] 2017-07-10 14:39:45,033: Received the playground image. Detecting zones...
[rosout][INFO] 2017-07-10 14:39:45,057: Publishing the detected zones on /zones
[rosout][INFO] 2017-07-10 14:39:47,229: Received the playground image. Detecting zones...
[rosout][INFO] 2017-07-10 14:39:47,267: Publishing the detected zones on /zones
[rosout][INFO] 2017-07-10 14:39:47,455: Received the playground image. Detecting zones...
[rosout][INFO] 2017-07-10 14:39:47,484: Publishing the detected zones on /zones
[rosout][INFO] 2017-07-10 14:39:47,972: Received the playground image. Detecting zones...
[rosout][INFO] 2017-07-10 14:39:48,002: Publishing the detected zones on /zones
[rosout][INFO] 2017-07-10 14:39:48,238: Received the playground image. Detecting zones...
[rosout][INFO] 2017-07-10 14:39:48,268: Publishing the detected zones on /zones
[rosout][INFO] 2017-07-10 14:39:48,478: Received the playground image. Detecting zones...
[rosout][INFO] 2017-07-10 14:39:48,509: Publishing the detected zones on /zones
[rosout][INFO] 2017-07-10 14:39:48,970: Received the playground image. Detecting zones...
[rosout][INFO] 2017-07-10 14:39:48,992: Publishing the detected zones on /zones
[rosout][INFO] 2017-07-10 14:39:49,283: Received the playground image. Detecting zones...
[rosout][INFO] 2017-07-10 14:39:49,312: Publishing the detected zones on /zones
[rosout][INFO] 2017-07-10 14:39:49,511: Received the playground image. Detecting zones...
[rosout][INFO] 2017-07-10 14:39:49,539: Publishing the detected zones on /zones
[rosout][INFO] 2017-07-10 14:39:49,717: Received the playground image. Detecting zones...
[rosout][INFO] 2017-07-10 14:39:49,738: Publishing the detected zones on /zones
[rosout][INFO] 2017-07-10 14:40:00,247: Received the playground image. Detecting zones...
[rosout][INFO] 2017-07-10 14:40:00,277: Publishing the detected zones on /zones
[rosout][INFO] 2017-07-10 14:40:02,469: Received the playground image. Detecting zones...
[rosout][INFO] 2017-07-10 14:40:02,495: Publishing the detected zones on /zones
[rosout][INFO] 2017-07-10 14:40:03,515: Received the playground image. Detecting zones...
[rosout][INFO] 2017-07-10 14:40:03,541: Publishing the detected zones on /zones
[rosout][INFO] 2017-07-10 14:40:06,714: Received the playground image. Detecting zones...
[rosout][INFO] 2017-07-10 14:40:06,732: Publishing the detected zones on /zones
[rosout][INFO] 2017-07-10 14:40:06,964: Received the playground image. Detecting zones...
[rosout][INFO] 2017-07-10 14:40:06,980: Publishing the detected zones on /zones
[rosout][INFO] 2017-07-10 14:40:07,737: Received the playground image. Detecting zones...
[rosout][INFO] 2017-07-10 14:40:07,756: Publishing the detected zones on /zones
[rosout][INFO] 2017-07-10 14:40:08,223: Received the playground image. Detecting zones...
[rosout][INFO] 2017-07-10 14:40:08,238: Publishing the detected zones on /zones
[rosout][INFO] 2017-07-10 14:40:09,488: Received the playground image. Detecting zones...
[rosout][INFO] 2017-07-10 14:40:09,511: Publishing the detected zones on /zones
[rosout][INFO] 2017-07-10 14:40:10,230: Received the playground image. Detecting zones...
[rosout][INFO] 2017-07-10 14:40:10,261: Publishing the detected zones on /zones
[rosout][INFO] 2017-07-10 14:40:11,258: Received the playground image. Detecting zones...
[rosout][INFO] 2017-07-10 14:40:11,291: Publishing the detected zones on /zones
[rosout][INFO] 2017-07-10 14:40:12,486: Received the playground image. Detecting zones...
[rosout][INFO] 2017-07-10 14:40:12,512: Publishing the detected zones on /zones
[rosout][INFO] 2017-07-10 14:40:15,721: Received the playground image. Detecting zones...
[rosout][INFO] 2017-07-10 14:40:15,745: Publishing the detected zones on /zones
[rosout][INFO] 2017-07-10 14:40:16,730: Received the playground image. Detecting zones...
[rosout][INFO] 2017-07-10 14:40:16,755: Publishing the detected zones on /zones
[rosout][INFO] 2017-07-10 14:40:17,524: Received the playground image. Detecting zones...
[rosout][INFO] 2017-07-10 14:40:17,554: Publishing the detected zones on /zones
[rosout][INFO] 2017-07-10 14:40:19,681: Received the playground image. Detecting zones...
[rosout][INFO] 2017-07-10 14:40:19,708: Publishing the detected zones on /zones
[rosout][INFO] 2017-07-10 14:40:20,984: Received the playground image. Detecting zones...
[rosout][INFO] 2017-07-10 14:40:21,003: Publishing the detected zones on /zones
[rosout][INFO] 2017-07-10 14:40:21,472: Received the playground image. Detecting zones...
[rosout][INFO] 2017-07-10 14:40:21,503: Publishing the detected zones on /zones
[rosout][INFO] 2017-07-10 14:40:21,692: Received the playground image. Detecting zones...
[rosout][INFO] 2017-07-10 14:40:21,711: Publishing the detected zones on /zones
[rosout][INFO] 2017-07-10 14:40:21,939: Received the playground image. Detecting zones...
[rosout][INFO] 2017-07-10 14:40:21,964: Publishing the detected zones on /zones
[rosout][INFO] 2017-07-10 14:40:22,699: Received the playground image. Detecting zones...
[rosout][INFO] 2017-07-10 14:40:22,723: Publishing the detected zones on /zones
[rosout][INFO] 2017-07-10 14:40:22,938: Received the playground image. Detecting zones...
[rosout][INFO] 2017-07-10 14:40:22,954: Publishing the detected zones on /zones
[rosout][INFO] 2017-07-10 14:40:28,227: Received the playground image. Detecting zones...
[rosout][INFO] 2017-07-10 14:40:28,252: Publishing the detected zones on /zones
[rosout][INFO] 2017-07-10 14:40:28,478: Received the playground image. Detecting zones...
[rosout][INFO] 2017-07-10 14:40:28,496: Publishing the detected zones on /zones
[rosout][INFO] 2017-07-10 14:40:28,693: Received the playground image. Detecting zones...
[rosout][INFO] 2017-07-10 14:40:28,709: Publishing the detected zones on /zones
[rosout][INFO] 2017-07-10 14:40:29,955: Received the playground image. Detecting zones...
[rosout][INFO] 2017-07-10 14:40:29,973: Publishing the detected zones on /zones
[rosout][INFO] 2017-07-10 14:40:32,225: Received the playground image. Detecting zones...
[rosout][INFO] 2017-07-10 14:40:32,247: Publishing the detected zones on /zones
[rosout][INFO] 2017-07-10 14:40:33,243: Received the playground image. Detecting zones...
[rosout][INFO] 2017-07-10 14:40:33,262: Publishing the detected zones on /zones
[rosout][INFO] 2017-07-10 14:40:33,981: Received the playground image. Detecting zones...
[rosout][INFO] 2017-07-10 14:40:34,000: Publishing the detected zones on /zones
[rosout][INFO] 2017-07-10 14:40:34,483: Received the playground image. Detecting zones...
[rosout][INFO] 2017-07-10 14:40:34,504: Publishing the detected zones on /zones
[rosout][INFO] 2017-07-10 14:40:35,718: Received the playground image. Detecting zones...
[rosout][INFO] 2017-07-10 14:40:35,737: Publishing the detected zones on /zones
[rosout][INFO] 2017-07-10 14:40:36,700: Received the playground image. Detecting zones...
[rosout][INFO] 2017-07-10 14:40:36,718: Publishing the detected zones on /zones
[rosout][INFO] 2017-07-10 14:40:37,447: Received the playground image. Detecting zones...
[rosout][INFO] 2017-07-10 14:40:37,465: Publishing the detected zones on /zones
[rosout][INFO] 2017-07-10 14:40:38,210: Received the playground image. Detecting zones...
[rosout][INFO] 2017-07-10 14:40:38,234: Publishing the detected zones on /zones
[rosout][INFO] 2017-07-10 14:40:38,712: Received the playground image. Detecting zones...
[rosout][INFO] 2017-07-10 14:40:38,733: Publishing the detected zones on /zones
[rosout][INFO] 2017-07-10 14:40:39,205: Received the playground image. Detecting zones...
[rosout][INFO] 2017-07-10 14:40:39,227: Publishing the detected zones on /zones
[rosout][INFO] 2017-07-10 14:40:39,748: Received the playground image. Detecting zones...
[rosout][INFO] 2017-07-10 14:40:39,768: Publishing the detected zones on /zones
[rosout][INFO] 2017-07-10 14:40:40,719: Received the playground image. Detecting zones...
[rosout][INFO] 2017-07-10 14:40:40,742: Publishing the detected zones on /zones
[rosout][INFO] 2017-07-10 14:40:41,253: Received the playground image. Detecting zones...
[rosout][INFO] 2017-07-10 14:40:41,277: Publishing the detected zones on /zones
[rosout][INFO] 2017-07-10 14:40:42,252: Received the playground image. Detecting zones...
[rosout][INFO] 2017-07-10 14:40:42,274: Publishing the detected zones on /zones
[rosout][INFO] 2017-07-10 14:40:42,738: Received the playground image. Detecting zones...
[rosout][INFO] 2017-07-10 14:40:42,757: Publishing the detected zones on /zones
[rosout][INFO] 2017-07-10 14:40:46,464: Received the playground image. Detecting zones...
[rosout][INFO] 2017-07-10 14:40:46,483: Publishing the detected zones on /zones
[rosout][INFO] 2017-07-10 14:40:46,711: Received the playground image. Detecting zones...
[rosout][INFO] 2017-07-10 14:40:46,729: Publishing the detected zones on /zones
[rosout][INFO] 2017-07-10 14:40:51,293: Received the playground image. Detecting zones...
[rosout][INFO] 2017-07-10 14:40:51,312: Publishing the detected zones on /zones
[rosout][INFO] 2017-07-10 14:40:51,741: Received the playground image. Detecting zones...
[rosout][INFO] 2017-07-10 14:40:51,762: Publishing the detected zones on /zones
[rosout][INFO] 2017-07-10 14:40:53,722: Received the playground image. Detecting zones...
[rosout][INFO] 2017-07-10 14:40:53,742: Publishing the detected zones on /zones
[rosout][INFO] 2017-07-10 14:40:53,926: Received the playground image. Detecting zones...
[rosout][INFO] 2017-07-10 14:40:53,944: Publishing the detected zones on /zones
[rosout][INFO] 2017-07-10 14:40:54,501: Received the playground image. Detecting zones...
[rosout][INFO] 2017-07-10 14:40:54,520: Publishing the detected zones on /zones
[rosout][INFO] 2017-07-10 14:40:54,718: Received the playground image. Detecting zones...
[rosout][INFO] 2017-07-10 14:40:54,746: Publishing the detected zones on /zones
[rosout][INFO] 2017-07-10 14:40:55,223: Received the playground image. Detecting zones...
[rosout][INFO] 2017-07-10 14:40:55,259: Publishing the detected zones on /zones
[rosout][INFO] 2017-07-10 14:40:56,258: Received the playground image. Detecting zones...
[rosout][INFO] 2017-07-10 14:40:56,279: Publishing the detected zones on /zones
[rosout][INFO] 2017-07-10 14:40:56,714: Received the playground image. Detecting zones...
[rosout][INFO] 2017-07-10 14:40:56,736: Publishing the detected zones on /zones
[rosout][INFO] 2017-07-10 14:40:56,958: Received the playground image. Detecting zones...
[rosout][INFO] 2017-07-10 14:40:56,978: Publishing the detected zones on /zones
[rosout][INFO] 2017-07-10 14:40:57,200: Received the playground image. Detecting zones...
[rosout][INFO] 2017-07-10 14:40:57,226: Publishing the detected zones on /zones
[rosout][INFO] 2017-07-10 14:40:57,699: Received the playground image. Detecting zones...
[rosout][INFO] 2017-07-10 14:40:57,721: Publishing the detected zones on /zones
[rosout][INFO] 2017-07-10 14:40:57,940: Received the playground image. Detecting zones...
[rosout][INFO] 2017-07-10 14:40:57,969: Publishing the detected zones on /zones
[rosout][INFO] 2017-07-10 14:40:58,236: Received the playground image. Detecting zones...
[rosout][INFO] 2017-07-10 14:40:58,271: Publishing the detected zones on /zones
[rosout][INFO] 2017-07-10 14:40:58,522: Received the playground image. Detecting zones...
[rosout][INFO] 2017-07-10 14:40:58,553: Publishing the detected zones on /zones
[rosout][INFO] 2017-07-10 14:40:58,714: Received the playground image. Detecting zones...
[rosout][INFO] 2017-07-10 14:40:58,741: Publishing the detected zones on /zones
[rosout][INFO] 2017-07-10 14:40:58,968: Received the playground image. Detecting zones...
[rosout][INFO] 2017-07-10 14:40:58,989: Publishing the detected zones on /zones
[rosout][INFO] 2017-07-10 14:40:59,237: Received the playground image. Detecting zones...
[rosout][INFO] 2017-07-10 14:40:59,263: Publishing the detected zones on /zones
[rosout][INFO] 2017-07-10 14:40:59,932: Received the playground image. Detecting zones...
[rosout][INFO] 2017-07-10 14:40:59,957: Publishing the detected zones on /zones
[rosout][INFO] 2017-07-10 14:41:00,950: Received the playground image. Detecting zones...
[rosout][INFO] 2017-07-10 14:41:00,970: Publishing the detected zones on /zones
[rosout][INFO] 2017-07-10 14:41:03,228: Received the playground image. Detecting zones...
[rosout][INFO] 2017-07-10 14:41:03,252: Publishing the detected zones on /zones
[rosout][INFO] 2017-07-10 14:41:07,477: Received the playground image. Detecting zones...
[rosout][INFO] 2017-07-10 14:41:07,503: Publishing the detected zones on /zones
[rosout][INFO] 2017-07-10 14:41:09,715: Received the playground image. Detecting zones...
[rosout][INFO] 2017-07-10 14:41:09,746: Publishing the detected zones on /zones
[rosout][INFO] 2017-07-10 14:41:11,698: Received the playground image. Detecting zones...
[rosout][INFO] 2017-07-10 14:41:11,727: Publishing the detected zones on /zones
[rosout][INFO] 2017-07-10 14:41:12,479: Received the playground image. Detecting zones...
[rosout][INFO] 2017-07-10 14:41:12,509: Publishing the detected zones on /zones
[rosout][INFO] 2017-07-10 14:41:18,752: Received the playground image. Detecting zones...
[rosout][INFO] 2017-07-10 14:41:18,779: Publishing the detected zones on /zones
[rosout][INFO] 2017-07-10 14:41:21,258: Received the playground image. Detecting zones...
[rosout][INFO] 2017-07-10 14:41:21,283: Publishing the detected zones on /zones
[rosout][INFO] 2017-07-10 14:41:22,527: Received the playground image. Detecting zones...
[rosout][INFO] 2017-07-10 14:41:22,557: Publishing the detected zones on /zones
[rosout][INFO] 2017-07-10 14:41:22,980: Received the playground image. Detecting zones...
[rosout][INFO] 2017-07-10 14:41:23,011: Publishing the detected zones on /zones
[rosout][INFO] 2017-07-10 14:41:25,479: Received the playground image. Detecting zones...
[rosout][INFO] 2017-07-10 14:41:25,500: Publishing the detected zones on /zones
[rosout][INFO] 2017-07-10 14:41:27,232: Received the playground image. Detecting zones...
[rosout][INFO] 2017-07-10 14:41:27,261: Publishing the detected zones on /zones
[rosout][INFO] 2017-07-10 14:41:30,232: Received the playground image. Detecting zones...
[rosout][INFO] 2017-07-10 14:41:30,261: Publishing the detected zones on /zones
[rosout][INFO] 2017-07-10 14:41:35,694: Received the playground image. Detecting zones...
[rosout][INFO] 2017-07-10 14:41:35,711: Publishing the detected zones on /zones
[rosout][INFO] 2017-07-10 14:41:37,239: Received the playground image. Detecting zones...
[rosout][INFO] 2017-07-10 14:41:37,273: Publishing the detected zones on /zones
[rosout][INFO] 2017-07-10 14:41:37,491: Received the playground image. Detecting zones...
[rosout][INFO] 2017-07-10 14:41:37,514: Publishing the detected zones on /zones
[rosout][INFO] 2017-07-10 14:41:37,738: Received the playground image. Detecting zones...
[rosout][INFO] 2017-07-10 14:41:37,754: Publishing the detected zones on /zones
[rosout][INFO] 2017-07-10 14:41:38,239: Received the playground image. Detecting zones...
[rosout][INFO] 2017-07-10 14:41:38,261: Publishing the detected zones on /zones
[rosout][INFO] 2017-07-10 14:41:38,736: Received the playground image. Detecting zones...
[rosout][INFO] 2017-07-10 14:41:38,762: Publishing the detected zones on /zones
[rosout][INFO] 2017-07-10 14:41:39,001: Received the playground image. Detecting zones...
[rosout][INFO] 2017-07-10 14:41:39,022: Publishing the detected zones on /zones
[rosout][INFO] 2017-07-10 14:41:49,478: Received the playground image. Detecting zones...
[rosout][INFO] 2017-07-10 14:41:49,498: Publishing the detected zones on /zones
[rosout][INFO] 2017-07-10 14:41:51,748: Received the playground image. Detecting zones...
[rosout][INFO] 2017-07-10 14:41:51,767: Publishing the detected zones on /zones
[rosout][INFO] 2017-07-10 14:41:52,506: Received the playground image. Detecting zones...
[rosout][INFO] 2017-07-10 14:41:52,533: Publishing the detected zones on /zones
[rosout][INFO] 2017-07-10 14:41:54,492: Received the playground image. Detecting zones...
[rosout][INFO] 2017-07-10 14:41:54,512: Publishing the detected zones on /zones
[rosout][INFO] 2017-07-10 14:41:55,738: Received the playground image. Detecting zones...
[rosout][INFO] 2017-07-10 14:41:55,762: Publishing the detected zones on /zones
[rosout][INFO] 2017-07-10 14:41:56,711: Received the playground image. Detecting zones...
[rosout][INFO] 2017-07-10 14:41:56,726: Publishing the detected zones on /zones
[rosout][INFO] 2017-07-10 14:41:56,937: Received the playground image. Detecting zones...
[rosout][INFO] 2017-07-10 14:41:56,960: Publishing the detected zones on /zones
[rosout][INFO] 2017-07-10 14:41:58,254: Received the playground image. Detecting zones...
[rosout][INFO] 2017-07-10 14:41:58,280: Publishing the detected zones on /zones
[rosout][INFO] 2017-07-10 14:41:58,450: Received the playground image. Detecting zones...
[rosout][INFO] 2017-07-10 14:41:58,476: Publishing the detected zones on /zones
[rosout][INFO] 2017-07-10 14:41:58,742: Received the playground image. Detecting zones...
[rosout][INFO] 2017-07-10 14:41:58,762: Publishing the detected zones on /zones
[rosout][INFO] 2017-07-10 14:41:59,688: Received the playground image. Detecting zones...
[rosout][INFO] 2017-07-10 14:41:59,709: Publishing the detected zones on /zones
[rosout][INFO] 2017-07-10 14:42:03,261: Received the playground image. Detecting zones...
[rosout][INFO] 2017-07-10 14:42:03,287: Publishing the detected zones on /zones
[rosout][INFO] 2017-07-10 14:42:12,509: Received the playground image. Detecting zones...
[rosout][INFO] 2017-07-10 14:42:12,539: Publishing the detected zones on /zones
[rosout][INFO] 2017-07-10 14:42:13,490: Received the playground image. Detecting zones...
[rosout][INFO] 2017-07-10 14:42:13,520: Publishing the detected zones on /zones
[rosout][INFO] 2017-07-10 14:42:14,933: Received the playground image. Detecting zones...
[rosout][INFO] 2017-07-10 14:42:14,949: Publishing the detected zones on /zones
[rosout][INFO] 2017-07-10 14:42:16,212: Received the playground image. Detecting zones...
[rosout][INFO] 2017-07-10 14:42:16,240: Publishing the detected zones on /zones
[rosout][INFO] 2017-07-10 14:42:20,237: Received the playground image. Detecting zones...
[rosout][INFO] 2017-07-10 14:42:20,266: Publishing the detected zones on /zones
[rosout][INFO] 2017-07-10 14:42:22,316: Received the playground image. Detecting zones...
[rosout][INFO] 2017-07-10 14:42:22,344: Publishing the detected zones on /zones
[rosout][INFO] 2017-07-10 14:42:23,744: Received the playground image. Detecting zones...
[rosout][INFO] 2017-07-10 14:42:23,763: Publishing the detected zones on /zones
[rosout][INFO] 2017-07-10 14:42:25,010: Received the playground image. Detecting zones...
[rosout][INFO] 2017-07-10 14:42:25,032: Publishing the detected zones on /zones
[rosout][INFO] 2017-07-10 14:42:25,694: Received the playground image. Detecting zones...
[rosout][INFO] 2017-07-10 14:42:25,720: Publishing the detected zones on /zones
[rosout][INFO] 2017-07-10 14:42:26,696: Received the playground image. Detecting zones...
[rosout][INFO] 2017-07-10 14:42:26,723: Publishing the detected zones on /zones
[rosout][INFO] 2017-07-10 14:42:26,952: Received the playground image. Detecting zones...
[rosout][INFO] 2017-07-10 14:42:26,984: Publishing the detected zones on /zones
[rosout][INFO] 2017-07-10 14:42:28,726: Received the playground image. Detecting zones...
[rosout][INFO] 2017-07-10 14:42:28,744: Publishing the detected zones on /zones
[rosout][INFO] 2017-07-10 14:42:30,260: Received the playground image. Detecting zones...
[rosout][INFO] 2017-07-10 14:42:30,287: Publishing the detected zones on /zones
[rosout][INFO] 2017-07-10 14:42:31,699: Received the playground image. Detecting zones...
[rosout][INFO] 2017-07-10 14:42:31,720: Publishing the detected zones on /zones
[rosout][INFO] 2017-07-10 14:42:33,972: Received the playground image. Detecting zones...
[rosout][INFO] 2017-07-10 14:42:33,993: Publishing the detected zones on /zones
[rosout][INFO] 2017-07-10 14:42:36,513: Received the playground image. Detecting zones...
[rosout][INFO] 2017-07-10 14:42:36,542: Publishing the detected zones on /zones
[rosout][INFO] 2017-07-10 14:42:38,001: Received the playground image. Detecting zones...
[rosout][INFO] 2017-07-10 14:42:38,032: Publishing the detected zones on /zones
[rosout][INFO] 2017-07-10 14:42:42,978: Received the playground image. Detecting zones...
[rosout][INFO] 2017-07-10 14:42:43,001: Publishing the detected zones on /zones
[rosout][INFO] 2017-07-10 14:42:44,746: Received the playground image. Detecting zones...
[rosout][INFO] 2017-07-10 14:42:44,785: Publishing the detected zones on /zones
[rosout][INFO] 2017-07-10 14:42:44,946: Received the playground image. Detecting zones...
[rosout][INFO] 2017-07-10 14:42:44,971: Publishing the detected zones on /zones
[rosout][INFO] 2017-07-10 14:42:47,466: Received the playground image. Detecting zones...
[rosout][INFO] 2017-07-10 14:42:47,499: Publishing the detected zones on /zones
[rosout][INFO] 2017-07-10 14:42:49,218: Received the playground image. Detecting zones...
[rosout][INFO] 2017-07-10 14:42:49,247: Publishing the detected zones on /zones
[rosout][INFO] 2017-07-10 14:42:51,246: Received the playground image. Detecting zones...
[rosout][INFO] 2017-07-10 14:42:51,270: Publishing the detected zones on /zones
[rosout][INFO] 2017-07-10 14:42:52,740: Received the playground image. Detecting zones...
[rosout][INFO] 2017-07-10 14:42:52,763: Publishing the detected zones on /zones
[rosout][INFO] 2017-07-10 14:42:52,955: Received the playground image. Detecting zones...
[rosout][INFO] 2017-07-10 14:42:52,971: Publishing the detected zones on /zones
[rosout][INFO] 2017-07-10 14:42:57,948: Received the playground image. Detecting zones...
[rosout][INFO] 2017-07-10 14:42:57,973: Publishing the detected zones on /zones
[rosout][INFO] 2017-07-10 14:42:58,682: Received the playground image. Detecting zones...
[rosout][INFO] 2017-07-10 14:42:58,703: Publishing the detected zones on /zones
[rosout][INFO] 2017-07-10 14:42:59,734: Received the playground image. Detecting zones...
[rosout][INFO] 2017-07-10 14:42:59,752: Publishing the detected zones on /zones
[rosout][INFO] 2017-07-10 14:43:02,744: Received the playground image. Detecting zones...
[rosout][INFO] 2017-07-10 14:43:02,771: Publishing the detected zones on /zones
[rosout][INFO] 2017-07-10 14:43:03,965: Received the playground image. Detecting zones...
[rosout][INFO] 2017-07-10 14:43:03,985: Publishing the detected zones on /zones
[rosout][INFO] 2017-07-10 14:43:04,504: Received the playground image. Detecting zones...
[rosout][INFO] 2017-07-10 14:43:04,530: Publishing the detected zones on /zones
[rosout][INFO] 2017-07-10 14:43:05,724: Received the playground image. Detecting zones...
[rosout][INFO] 2017-07-10 14:43:05,748: Publishing the detected zones on /zones
[rosout][INFO] 2017-07-10 14:43:06,040: Received the playground image. Detecting zones...
[rosout][INFO] 2017-07-10 14:43:06,058: Publishing the detected zones on /zones
[rosout][INFO] 2017-07-10 14:43:06,209: Received the playground image. Detecting zones...
[rosout][INFO] 2017-07-10 14:43:06,235: Publishing the detected zones on /zones
[rosout][INFO] 2017-07-10 14:43:07,029: Received the playground image. Detecting zones...
[rosout][INFO] 2017-07-10 14:43:07,052: Publishing the detected zones on /zones
[rosout][INFO] 2017-07-10 14:43:07,965: Received the playground image. Detecting zones...
[rosout][INFO] 2017-07-10 14:43:07,990: Publishing the detected zones on /zones
[rosout][INFO] 2017-07-10 14:43:09,026: Received the playground image. Detecting zones...
[rosout][INFO] 2017-07-10 14:43:09,052: Publishing the detected zones on /zones
[rosout][INFO] 2017-07-10 14:43:09,527: Received the playground image. Detecting zones...
[rosout][INFO] 2017-07-10 14:43:09,554: Publishing the detected zones on /zones
[rosout][INFO] 2017-07-10 14:43:09,942: Received the playground image. Detecting zones...
[rosout][INFO] 2017-07-10 14:43:09,963: Publishing the detected zones on /zones
[rosout][INFO] 2017-07-10 14:43:10,714: Received the playground image. Detecting zones...
[rosout][INFO] 2017-07-10 14:43:10,739: Publishing the detected zones on /zones
[rosout][INFO] 2017-07-10 14:43:11,493: Received the playground image. Detecting zones...
[rosout][INFO] 2017-07-10 14:43:11,512: Publishing the detected zones on /zones
[rosout][INFO] 2017-07-10 14:43:11,988: Received the playground image. Detecting zones...
[rosout][INFO] 2017-07-10 14:43:12,008: Publishing the detected zones on /zones
[rosout][INFO] 2017-07-10 14:43:12,725: Received the playground image. Detecting zones...
[rosout][INFO] 2017-07-10 14:43:12,753: Publishing the detected zones on /zones
[rosout][INFO] 2017-07-10 14:43:12,984: Received the playground image. Detecting zones...
[rosout][INFO] 2017-07-10 14:43:13,007: Publishing the detected zones on /zones
[rosout][INFO] 2017-07-10 14:43:13,503: Received the playground image. Detecting zones...
[rosout][INFO] 2017-07-10 14:43:13,525: Publishing the detected zones on /zones
[rosout][INFO] 2017-07-10 14:43:13,984: Received the playground image. Detecting zones...
[rosout][INFO] 2017-07-10 14:43:14,012: Publishing the detected zones on /zones
[rosout][INFO] 2017-07-10 14:43:14,247: Received the playground image. Detecting zones...
[rosout][INFO] 2017-07-10 14:43:14,271: Publishing the detected zones on /zones
[rosout][INFO] 2017-07-10 14:43:15,502: Received the playground image. Detecting zones...
[rosout][INFO] 2017-07-10 14:43:15,533: Publishing the detected zones on /zones
[rosout][INFO] 2017-07-10 14:43:16,490: Received the playground image. Detecting zones...
[rosout][INFO] 2017-07-10 14:43:16,509: Publishing the detected zones on /zones
[rosout][INFO] 2017-07-10 14:43:16,711: Received the playground image. Detecting zones...
[rosout][INFO] 2017-07-10 14:43:16,729: Publishing the detected zones on /zones
[rosout][INFO] 2017-07-10 14:43:17,262: Received the playground image. Detecting zones...
[rosout][INFO] 2017-07-10 14:43:17,290: Publishing the detected zones on /zones
[rosout][INFO] 2017-07-10 14:43:17,503: Received the playground image. Detecting zones...
[rosout][INFO] 2017-07-10 14:43:17,522: Publishing the detected zones on /zones
[rosout][INFO] 2017-07-10 14:43:17,679: Received the playground image. Detecting zones...
[rosout][INFO] 2017-07-10 14:43:17,711: Publishing the detected zones on /zones
[rosout][INFO] 2017-07-10 14:43:18,724: Received the playground image. Detecting zones...
[rosout][INFO] 2017-07-10 14:43:18,747: Publishing the detected zones on /zones
[rosout][INFO] 2017-07-10 14:43:19,750: Received the playground image. Detecting zones...
[rosout][INFO] 2017-07-10 14:43:19,771: Publishing the detected zones on /zones
[rosout][INFO] 2017-07-10 14:43:21,151: Received the playground image. Detecting zones...
[rosout][INFO] 2017-07-10 14:43:21,180: Publishing the detected zones on /zones
[rosout][INFO] 2017-07-10 14:43:21,318: Received the playground image. Detecting zones...
[rosout][INFO] 2017-07-10 14:43:21,355: Publishing the detected zones on /zones
[rosout][INFO] 2017-07-10 14:43:21,988: Received the playground image. Detecting zones...
[rosout][INFO] 2017-07-10 14:43:22,005: Publishing the detected zones on /zones
[rosout][INFO] 2017-07-10 14:43:22,487: Received the playground image. Detecting zones...
[rosout][INFO] 2017-07-10 14:43:22,511: Publishing the detected zones on /zones
[rosout][INFO] 2017-07-10 14:43:22,730: Received the playground image. Detecting zones...
[rosout][INFO] 2017-07-10 14:43:22,752: Publishing the detected zones on /zones
[rosout][INFO] 2017-07-10 14:43:22,965: Received the playground image. Detecting zones...
[rosout][INFO] 2017-07-10 14:43:22,984: Publishing the detected zones on /zones
[rosout][INFO] 2017-07-10 14:43:23,237: Received the playground image. Detecting zones...
[rosout][INFO] 2017-07-10 14:43:23,258: Publishing the detected zones on /zones
[rosout][INFO] 2017-07-10 14:43:23,466: Received the playground image. Detecting zones...
[rosout][INFO] 2017-07-10 14:43:23,494: Publishing the detected zones on /zones
[rosout][INFO] 2017-07-10 14:43:35,733: Received the playground image. Detecting zones...
[rosout][INFO] 2017-07-10 14:43:35,759: Publishing the detected zones on /zones
[rosout][INFO] 2017-07-10 14:43:35,973: Received the playground image. Detecting zones...
[rosout][INFO] 2017-07-10 14:43:35,999: Publishing the detected zones on /zones
[rosout][INFO] 2017-07-10 14:43:36,250: Received the playground image. Detecting zones...
[rosout][INFO] 2017-07-10 14:43:36,266: Publishing the detected zones on /zones
[rosout][INFO] 2017-07-10 14:43:37,755: Received the playground image. Detecting zones...
[rosout][INFO] 2017-07-10 14:43:37,773: Publishing the detected zones on /zones
[rosout][INFO] 2017-07-10 14:43:37,950: Received the playground image. Detecting zones...
[rosout][INFO] 2017-07-10 14:43:37,968: Publishing the detected zones on /zones
[rosout][INFO] 2017-07-10 14:43:39,224: Received the playground image. Detecting zones...
[rosout][INFO] 2017-07-10 14:43:39,241: Publishing the detected zones on /zones
[rosout][INFO] 2017-07-10 14:43:39,733: Received the playground image. Detecting zones...
[rosout][INFO] 2017-07-10 14:43:39,753: Publishing the detected zones on /zones
[rosout][INFO] 2017-07-10 14:43:41,716: Received the playground image. Detecting zones...
[rosout][INFO] 2017-07-10 14:43:41,741: Publishing the detected zones on /zones
[rosout][INFO] 2017-07-10 14:43:41,967: Received the playground image. Detecting zones...
[rosout][INFO] 2017-07-10 14:43:41,985: Publishing the detected zones on /zones
[rosout][INFO] 2017-07-10 14:43:49,503: Received the playground image. Detecting zones...
[rosout][INFO] 2017-07-10 14:43:49,522: Publishing the detected zones on /zones
[rosout][INFO] 2017-07-10 14:43:59,256: Received the playground image. Detecting zones...
[rosout][INFO] 2017-07-10 14:43:59,274: Publishing the detected zones on /zones
[rosout][INFO] 2017-07-10 14:43:59,496: Received the playground image. Detecting zones...
[rosout][INFO] 2017-07-10 14:43:59,525: Publishing the detected zones on /zones
[rosout][INFO] 2017-07-10 14:44:00,004: Received the playground image. Detecting zones...
[rosout][INFO] 2017-07-10 14:44:00,032: Publishing the detected zones on /zones
[rosout][INFO] 2017-07-10 14:44:01,257: Received the playground image. Detecting zones...
[rosout][INFO] 2017-07-10 14:44:01,279: Publishing the detected zones on /zones
[rospy.internal][INFO] 2017-07-10 14:44:23,679: topic[/zones] removing connection to /rosbag_record_freeplay_sandbox
[rospy.core][INFO] 2017-07-10 14:44:34,866: signal_shutdown [signal-15]
[rospy.internal][INFO] 2017-07-10 14:44:34,872: topic[/rosout] removing connection to /rosout
[rospy.internal][INFO] 2017-07-10 14:44:34,872: topic[/sandtray/background/image] removing connection to http://sandtray-hrilab:40271/
[rospy.internal][INFO] 2017-07-10 14:44:34,872: topic[/sandtray/background/camera_info] removing connection to http://sandtray-hrilab:40271/
[rospy.impl.masterslave][INFO] 2017-07-10 14:44:34,872: signal-15
[rospy.core][INFO] 2017-07-10 14:44:34,922: signal_shutdown [signal-2]
[rospy.core][INFO] 2017-07-10 14:44:34,923: signal_shutdown [atexit]
