[rospy.client][INFO] 2017-06-21 14:46:54,140: init_node, name[/sandbox_zones_from_image], pid[11506]
[xmlrpc][INFO] 2017-06-21 14:46:54,140: XML-RPC server binding to 0.0.0.0:0
[xmlrpc][INFO] 2017-06-21 14:46:54,140: Started XML-RPC server [http://sandtray-hrilab:40071/]
[rospy.init][INFO] 2017-06-21 14:46:54,140: ROS Slave URI: [http://sandtray-hrilab:40071/]
[rospy.impl.masterslave][INFO] 2017-06-21 14:46:54,141: _ready: http://sandtray-hrilab:40071/
[rospy.registration][INFO] 2017-06-21 14:46:54,142: Registering with master node http://localhost:11311
[xmlrpc][INFO] 2017-06-21 14:46:54,142: xml rpc node: starting XML-RPC server
[rospy.init][INFO] 2017-06-21 14:46:54,241: registered with master
[rospy.rosout][INFO] 2017-06-21 14:46:54,242: initializing /rosout core topic
[rospy.rosout][INFO] 2017-06-21 14:46:54,244: connected to core topic /rosout
[rospy.simtime][INFO] 2017-06-21 14:46:54,245: /use_sim_time is not set, will not subscribe to simulated time [/clock] topic
[rosout][INFO] 2017-06-21 14:46:54,255: Waiting for images of the playground
[rospy.internal][INFO] 2017-06-21 14:46:54,260: topic[/sandtray/background/camera_info] adding connection to [http://sandtray-hrilab:38867/], count 0
[rospy.internal][INFO] 2017-06-21 14:46:54,261: topic[/sandtray/background/image] adding connection to [http://sandtray-hrilab:38867/], count 0
[rosout][INFO] 2017-06-21 14:46:54,272: Received the playground image. Detecting zones...
[rosout][INFO] 2017-06-21 14:46:54,290: Publishing the detected zones on /zones
[rospy.internal][INFO] 2017-06-21 14:46:54,355: topic[/rosout] adding connection to [/rosout], count 0
[rosout][INFO] 2017-06-21 14:48:35,914: Received the playground image. Detecting zones...
[rosout][INFO] 2017-06-21 14:48:35,927: Publishing the detected zones on /zones
[rosout][INFO] 2017-06-21 14:48:58,666: Received the playground image. Detecting zones...
[rosout][INFO] 2017-06-21 14:48:58,683: Publishing the detected zones on /zones
[rosout][INFO] 2017-06-21 14:49:13,409: Received the playground image. Detecting zones...
[rosout][INFO] 2017-06-21 14:49:13,422: Publishing the detected zones on /zones
[rosout][INFO] 2017-06-21 14:49:18,420: Received the playground image. Detecting zones...
[rosout][INFO] 2017-06-21 14:49:18,437: Publishing the detected zones on /zones
[rosout][INFO] 2017-06-21 14:49:29,197: Received the playground image. Detecting zones...
[rosout][INFO] 2017-06-21 14:49:29,208: Publishing the detected zones on /zones
[rosout][INFO] 2017-06-21 14:49:31,152: Received the playground image. Detecting zones...
[rosout][INFO] 2017-06-21 14:49:31,163: Publishing the detected zones on /zones
[rosout][INFO] 2017-06-21 14:49:36,479: Received the playground image. Detecting zones...
[rosout][INFO] 2017-06-21 14:49:36,494: Publishing the detected zones on /zones
[rosout][INFO] 2017-06-21 14:49:38,456: Received the playground image. Detecting zones...
[rosout][INFO] 2017-06-21 14:49:38,468: Publishing the detected zones on /zones
[rosout][INFO] 2017-06-21 14:49:39,441: Received the playground image. Detecting zones...
[rosout][INFO] 2017-06-21 14:49:39,452: Publishing the detected zones on /zones
[rosout][INFO] 2017-06-21 14:49:39,672: Received the playground image. Detecting zones...
[rosout][INFO] 2017-06-21 14:49:39,684: Publishing the detected zones on /zones
[rosout][INFO] 2017-06-21 14:49:39,928: Received the playground image. Detecting zones...
[rosout][INFO] 2017-06-21 14:49:39,941: Publishing the detected zones on /zones
[rosout][INFO] 2017-06-21 14:49:40,174: Received the playground image. Detecting zones...
[rosout][INFO] 2017-06-21 14:49:40,189: Publishing the detected zones on /zones
[rosout][INFO] 2017-06-21 14:49:40,436: Received the playground image. Detecting zones...
[rosout][INFO] 2017-06-21 14:49:40,449: Publishing the detected zones on /zones
[rosout][INFO] 2017-06-21 14:49:40,655: Received the playground image. Detecting zones...
[rosout][INFO] 2017-06-21 14:49:40,667: Publishing the detected zones on /zones
[rosout][INFO] 2017-06-21 14:49:41,171: Received the playground image. Detecting zones...
[rosout][INFO] 2017-06-21 14:49:41,186: Publishing the detected zones on /zones
[rosout][INFO] 2017-06-21 14:49:41,423: Received the playground image. Detecting zones...
[rosout][INFO] 2017-06-21 14:49:41,435: Publishing the detected zones on /zones
[rosout][INFO] 2017-06-21 14:49:41,658: Received the playground image. Detecting zones...
[rosout][INFO] 2017-06-21 14:49:41,674: Publishing the detected zones on /zones
[rosout][INFO] 2017-06-21 14:49:42,414: Received the playground image. Detecting zones...
[rosout][INFO] 2017-06-21 14:49:42,430: Publishing the detected zones on /zones
[rosout][INFO] 2017-06-21 14:49:42,709: Received the playground image. Detecting zones...
[rosout][INFO] 2017-06-21 14:49:42,722: Publishing the detected zones on /zones
[rosout][INFO] 2017-06-21 14:49:43,146: Received the playground image. Detecting zones...
[rosout][INFO] 2017-06-21 14:49:43,159: Publishing the detected zones on /zones
[rosout][INFO] 2017-06-21 14:49:43,694: Received the playground image. Detecting zones...
[rosout][INFO] 2017-06-21 14:49:43,707: Publishing the detected zones on /zones
[rosout][INFO] 2017-06-21 14:49:44,175: Received the playground image. Detecting zones...
[rosout][INFO] 2017-06-21 14:49:44,187: Publishing the detected zones on /zones
[rosout][INFO] 2017-06-21 14:49:44,401: Received the playground image. Detecting zones...
[rosout][INFO] 2017-06-21 14:49:44,415: Publishing the detected zones on /zones
[rosout][INFO] 2017-06-21 14:49:44,932: Received the playground image. Detecting zones...
[rosout][INFO] 2017-06-21 14:49:44,945: Publishing the detected zones on /zones
[rosout][INFO] 2017-06-21 14:49:45,191: Received the playground image. Detecting zones...
[rosout][INFO] 2017-06-21 14:49:45,204: Publishing the detected zones on /zones
[rosout][INFO] 2017-06-21 14:49:45,419: Received the playground image. Detecting zones...
[rosout][INFO] 2017-06-21 14:49:45,429: Publishing the detected zones on /zones
[rosout][INFO] 2017-06-21 14:49:51,669: Received the playground image. Detecting zones...
[rosout][INFO] 2017-06-21 14:49:51,681: Publishing the detected zones on /zones
[rosout][INFO] 2017-06-21 14:54:45,913: Received the playground image. Detecting zones...
[rosout][INFO] 2017-06-21 14:54:45,928: Publishing the detected zones on /zones
[rospy.internal][INFO] 2017-06-21 14:54:46,431: topic[/zones] adding connection to [/rosbag_record_freeplay_sandbox], count 0
[rospy.internal][INFO] 2017-06-21 14:54:47,033: topic[/zones] adding connection to [/sandbox_play], count 1
[rosout][INFO] 2017-06-21 14:56:52,449: Received the playground image. Detecting zones...
[rosout][INFO] 2017-06-21 14:56:52,470: Publishing the detected zones on /zones
[rosout][INFO] 2017-06-21 14:56:53,201: Received the playground image. Detecting zones...
[rosout][INFO] 2017-06-21 14:56:53,218: Publishing the detected zones on /zones
[rosout][INFO] 2017-06-21 14:56:56,212: Received the playground image. Detecting zones...
[rosout][INFO] 2017-06-21 14:56:56,234: Publishing the detected zones on /zones
[rosout][INFO] 2017-06-21 14:56:56,943: Received the playground image. Detecting zones...
[rosout][INFO] 2017-06-21 14:56:56,979: Publishing the detected zones on /zones
[rosout][INFO] 2017-06-21 14:57:08,707: Received the playground image. Detecting zones...
[rosout][INFO] 2017-06-21 14:57:08,733: Publishing the detected zones on /zones
[rosout][INFO] 2017-06-21 14:57:15,706: Received the playground image. Detecting zones...
[rosout][INFO] 2017-06-21 14:57:15,724: Publishing the detected zones on /zones
[rosout][INFO] 2017-06-21 14:57:39,447: Received the playground image. Detecting zones...
[rosout][INFO] 2017-06-21 14:57:39,468: Publishing the detected zones on /zones
[rosout][INFO] 2017-06-21 14:57:41,225: Received the playground image. Detecting zones...
[rosout][INFO] 2017-06-21 14:57:41,250: Publishing the detected zones on /zones
[rosout][INFO] 2017-06-21 14:58:24,188: Received the playground image. Detecting zones...
[rosout][INFO] 2017-06-21 14:58:24,211: Publishing the detected zones on /zones
[rosout][INFO] 2017-06-21 14:58:34,683: Received the playground image. Detecting zones...
[rosout][INFO] 2017-06-21 14:58:34,704: Publishing the detected zones on /zones
[rosout][INFO] 2017-06-21 14:58:45,436: Received the playground image. Detecting zones...
[rosout][INFO] 2017-06-21 14:58:45,465: Publishing the detected zones on /zones
[rosout][INFO] 2017-06-21 14:58:48,192: Received the playground image. Detecting zones...
[rosout][INFO] 2017-06-21 14:58:48,215: Publishing the detected zones on /zones
[rosout][INFO] 2017-06-21 14:58:48,680: Received the playground image. Detecting zones...
[rosout][INFO] 2017-06-21 14:58:48,699: Publishing the detected zones on /zones
[rosout][INFO] 2017-06-21 14:58:50,478: Received the playground image. Detecting zones...
[rosout][INFO] 2017-06-21 14:58:50,492: Publishing the detected zones on /zones
[rosout][INFO] 2017-06-21 14:58:51,686: Received the playground image. Detecting zones...
[rosout][INFO] 2017-06-21 14:58:51,707: Publishing the detected zones on /zones
[rosout][INFO] 2017-06-21 14:58:52,691: Received the playground image. Detecting zones...
[rosout][INFO] 2017-06-21 14:58:52,711: Publishing the detected zones on /zones
[rosout][INFO] 2017-06-21 14:59:01,180: Received the playground image. Detecting zones...
[rosout][INFO] 2017-06-21 14:59:01,204: Publishing the detected zones on /zones
[rosout][INFO] 2017-06-21 14:59:05,174: Received the playground image. Detecting zones...
[rosout][INFO] 2017-06-21 14:59:05,199: Publishing the detected zones on /zones
[rosout][INFO] 2017-06-21 14:59:12,448: Received the playground image. Detecting zones...
[rosout][INFO] 2017-06-21 14:59:12,466: Publishing the detected zones on /zones
[rosout][INFO] 2017-06-21 14:59:17,688: Received the playground image. Detecting zones...
[rosout][INFO] 2017-06-21 14:59:17,713: Publishing the detected zones on /zones
[rosout][INFO] 2017-06-21 14:59:26,444: Received the playground image. Detecting zones...
[rosout][INFO] 2017-06-21 14:59:26,467: Publishing the detected zones on /zones
[rosout][INFO] 2017-06-21 14:59:29,445: Received the playground image. Detecting zones...
[rosout][INFO] 2017-06-21 14:59:29,471: Publishing the detected zones on /zones
[rosout][INFO] 2017-06-21 14:59:41,746: Received the playground image. Detecting zones...
[rosout][INFO] 2017-06-21 14:59:41,774: Publishing the detected zones on /zones
[rosout][INFO] 2017-06-21 14:59:42,697: Received the playground image. Detecting zones...
[rosout][INFO] 2017-06-21 14:59:42,719: Publishing the detected zones on /zones
[rosout][INFO] 2017-06-21 15:00:29,445: Received the playground image. Detecting zones...
[rosout][INFO] 2017-06-21 15:00:29,465: Publishing the detected zones on /zones
[rosout][INFO] 2017-06-21 15:00:31,949: Received the playground image. Detecting zones...
[rosout][INFO] 2017-06-21 15:00:31,979: Publishing the detected zones on /zones
[rosout][INFO] 2017-06-21 15:00:32,766: Received the playground image. Detecting zones...
[rosout][INFO] 2017-06-21 15:00:32,790: Publishing the detected zones on /zones
[rosout][INFO] 2017-06-21 15:00:32,947: Received the playground image. Detecting zones...
[rosout][INFO] 2017-06-21 15:00:32,980: Publishing the detected zones on /zones
[rosout][INFO] 2017-06-21 15:00:48,677: Received the playground image. Detecting zones...
[rosout][INFO] 2017-06-21 15:00:48,706: Publishing the detected zones on /zones
[rosout][INFO] 2017-06-21 15:00:51,198: Received the playground image. Detecting zones...
[rosout][INFO] 2017-06-21 15:00:51,214: Publishing the detected zones on /zones
[rosout][INFO] 2017-06-21 15:00:53,686: Received the playground image. Detecting zones...
[rosout][INFO] 2017-06-21 15:00:53,705: Publishing the detected zones on /zones
[rosout][INFO] 2017-06-21 15:01:27,189: Received the playground image. Detecting zones...
[rosout][INFO] 2017-06-21 15:01:27,217: Publishing the detected zones on /zones
[rosout][INFO] 2017-06-21 15:01:28,454: Received the playground image. Detecting zones...
[rosout][INFO] 2017-06-21 15:01:28,475: Publishing the detected zones on /zones
[rosout][INFO] 2017-06-21 15:02:13,697: Received the playground image. Detecting zones...
[rosout][INFO] 2017-06-21 15:02:13,716: Publishing the detected zones on /zones
[rosout][INFO] 2017-06-21 15:02:15,698: Received the playground image. Detecting zones...
[rosout][INFO] 2017-06-21 15:02:15,725: Publishing the detected zones on /zones
[rosout][INFO] 2017-06-21 15:02:18,436: Received the playground image. Detecting zones...
[rosout][INFO] 2017-06-21 15:02:18,456: Publishing the detected zones on /zones
[rosout][INFO] 2017-06-21 15:02:18,938: Received the playground image. Detecting zones...
[rosout][INFO] 2017-06-21 15:02:18,956: Publishing the detected zones on /zones
[rosout][INFO] 2017-06-21 15:02:19,696: Received the playground image. Detecting zones...
[rosout][INFO] 2017-06-21 15:02:19,712: Publishing the detected zones on /zones
[rosout][INFO] 2017-06-21 15:02:24,447: Received the playground image. Detecting zones...
[rosout][INFO] 2017-06-21 15:02:24,466: Publishing the detected zones on /zones
[rosout][INFO] 2017-06-21 15:02:25,461: Received the playground image. Detecting zones...
[rosout][INFO] 2017-06-21 15:02:25,483: Publishing the detected zones on /zones
[rosout][INFO] 2017-06-21 15:02:46,448: Received the playground image. Detecting zones...
[rosout][INFO] 2017-06-21 15:02:46,467: Publishing the detected zones on /zones
[rosout][INFO] 2017-06-21 15:03:15,938: Received the playground image. Detecting zones...
[rosout][INFO] 2017-06-21 15:03:15,957: Publishing the detected zones on /zones
[rosout][INFO] 2017-06-21 15:04:14,698: Received the playground image. Detecting zones...
[rosout][INFO] 2017-06-21 15:04:14,730: Publishing the detected zones on /zones
[rosout][INFO] 2017-06-21 15:04:15,683: Received the playground image. Detecting zones...
[rosout][INFO] 2017-06-21 15:04:15,707: Publishing the detected zones on /zones
[rosout][INFO] 2017-06-21 15:04:17,682: Received the playground image. Detecting zones...
[rosout][INFO] 2017-06-21 15:04:17,712: Publishing the detected zones on /zones
[rosout][INFO] 2017-06-21 15:04:48,942: Received the playground image. Detecting zones...
[rosout][INFO] 2017-06-21 15:04:48,969: Publishing the detected zones on /zones
[rosout][INFO] 2017-06-21 15:04:49,709: Received the playground image. Detecting zones...
[rosout][INFO] 2017-06-21 15:04:49,736: Publishing the detected zones on /zones
[rosout][INFO] 2017-06-21 15:04:50,955: Received the playground image. Detecting zones...
[rosout][INFO] 2017-06-21 15:04:50,972: Publishing the detected zones on /zones
[rosout][INFO] 2017-06-21 15:04:51,434: Received the playground image. Detecting zones...
[rosout][INFO] 2017-06-21 15:04:51,453: Publishing the detected zones on /zones
[rosout][INFO] 2017-06-21 15:04:52,435: Received the playground image. Detecting zones...
[rosout][INFO] 2017-06-21 15:04:52,459: Publishing the detected zones on /zones
[rosout][INFO] 2017-06-21 15:04:53,437: Received the playground image. Detecting zones...
[rosout][INFO] 2017-06-21 15:04:53,467: Publishing the detected zones on /zones
[rosout][INFO] 2017-06-21 15:04:53,933: Received the playground image. Detecting zones...
[rosout][INFO] 2017-06-21 15:04:53,970: Publishing the detected zones on /zones
[rosout][INFO] 2017-06-21 15:04:55,678: Received the playground image. Detecting zones...
[rosout][INFO] 2017-06-21 15:04:55,710: Publishing the detected zones on /zones
[rosout][INFO] 2017-06-21 15:04:58,446: Received the playground image. Detecting zones...
[rosout][INFO] 2017-06-21 15:04:58,467: Publishing the detected zones on /zones
[rosout][INFO] 2017-06-21 15:04:58,923: Received the playground image. Detecting zones...
[rosout][INFO] 2017-06-21 15:04:58,945: Publishing the detected zones on /zones
[rosout][INFO] 2017-06-21 15:04:59,675: Received the playground image. Detecting zones...
[rosout][INFO] 2017-06-21 15:04:59,691: Publishing the detected zones on /zones
[rosout][INFO] 2017-06-21 15:05:00,697: Received the playground image. Detecting zones...
[rosout][INFO] 2017-06-21 15:05:00,716: Publishing the detected zones on /zones
[rosout][INFO] 2017-06-21 15:05:10,469: Received the playground image. Detecting zones...
[rosout][INFO] 2017-06-21 15:05:10,486: Publishing the detected zones on /zones
[rosout][INFO] 2017-06-21 15:05:15,678: Received the playground image. Detecting zones...
[rosout][INFO] 2017-06-21 15:05:15,698: Publishing the detected zones on /zones
[rosout][INFO] 2017-06-21 15:05:16,692: Received the playground image. Detecting zones...
[rosout][INFO] 2017-06-21 15:05:16,722: Publishing the detected zones on /zones
[rosout][INFO] 2017-06-21 15:05:17,439: Received the playground image. Detecting zones...
[rosout][INFO] 2017-06-21 15:05:17,460: Publishing the detected zones on /zones
[rosout][INFO] 2017-06-21 15:05:20,195: Received the playground image. Detecting zones...
[rosout][INFO] 2017-06-21 15:05:20,219: Publishing the detected zones on /zones
[rosout][INFO] 2017-06-21 15:05:48,190: Received the playground image. Detecting zones...
[rosout][INFO] 2017-06-21 15:05:48,216: Publishing the detected zones on /zones
[rosout][INFO] 2017-06-21 15:05:49,499: Received the playground image. Detecting zones...
[rosout][INFO] 2017-06-21 15:05:49,533: Publishing the detected zones on /zones
[rosout][INFO] 2017-06-21 15:05:52,948: Received the playground image. Detecting zones...
[rosout][INFO] 2017-06-21 15:05:52,968: Publishing the detected zones on /zones
[rosout][INFO] 2017-06-21 15:06:01,438: Received the playground image. Detecting zones...
[rosout][INFO] 2017-06-21 15:06:01,455: Publishing the detected zones on /zones
[rosout][INFO] 2017-06-21 15:06:01,945: Received the playground image. Detecting zones...
[rosout][INFO] 2017-06-21 15:06:01,963: Publishing the detected zones on /zones
[rosout][INFO] 2017-06-21 15:06:03,196: Received the playground image. Detecting zones...
[rosout][INFO] 2017-06-21 15:06:03,218: Publishing the detected zones on /zones
[rosout][INFO] 2017-06-21 15:06:04,442: Received the playground image. Detecting zones...
[rosout][INFO] 2017-06-21 15:06:04,459: Publishing the detected zones on /zones
[rosout][INFO] 2017-06-21 15:06:12,947: Received the playground image. Detecting zones...
[rosout][INFO] 2017-06-21 15:06:12,962: Publishing the detected zones on /zones
[rosout][INFO] 2017-06-21 15:06:18,687: Received the playground image. Detecting zones...
[rosout][INFO] 2017-06-21 15:06:18,705: Publishing the detected zones on /zones
[rosout][INFO] 2017-06-21 15:06:42,942: Received the playground image. Detecting zones...
[rosout][INFO] 2017-06-21 15:06:42,967: Publishing the detected zones on /zones
[rosout][INFO] 2017-06-21 15:06:43,440: Received the playground image. Detecting zones...
[rosout][INFO] 2017-06-21 15:06:43,459: Publishing the detected zones on /zones
[rosout][INFO] 2017-06-21 15:07:11,436: Received the playground image. Detecting zones...
[rosout][INFO] 2017-06-21 15:07:11,458: Publishing the detected zones on /zones
[rosout][INFO] 2017-06-21 15:07:14,962: Received the playground image. Detecting zones...
[rosout][INFO] 2017-06-21 15:07:14,989: Publishing the detected zones on /zones
[rosout][INFO] 2017-06-21 15:07:50,199: Received the playground image. Detecting zones...
[rosout][INFO] 2017-06-21 15:07:50,216: Publishing the detected zones on /zones
[rosout][INFO] 2017-06-21 15:07:54,449: Received the playground image. Detecting zones...
[rosout][INFO] 2017-06-21 15:07:54,469: Publishing the detected zones on /zones
[rosout][INFO] 2017-06-21 15:07:54,698: Received the playground image. Detecting zones...
[rosout][INFO] 2017-06-21 15:07:54,717: Publishing the detected zones on /zones
[rosout][INFO] 2017-06-21 15:07:57,951: Received the playground image. Detecting zones...
[rosout][INFO] 2017-06-21 15:07:57,975: Publishing the detected zones on /zones
[rosout][INFO] 2017-06-21 15:08:16,445: Received the playground image. Detecting zones...
[rosout][INFO] 2017-06-21 15:08:16,464: Publishing the detected zones on /zones
[rosout][INFO] 2017-06-21 15:08:16,942: Received the playground image. Detecting zones...
[rosout][INFO] 2017-06-21 15:08:16,961: Publishing the detected zones on /zones
[rosout][INFO] 2017-06-21 15:08:17,945: Received the playground image. Detecting zones...
[rosout][INFO] 2017-06-21 15:08:17,963: Publishing the detected zones on /zones
[rosout][INFO] 2017-06-21 15:08:18,691: Received the playground image. Detecting zones...
[rosout][INFO] 2017-06-21 15:08:18,711: Publishing the detected zones on /zones
[rosout][INFO] 2017-06-21 15:08:19,711: Received the playground image. Detecting zones...
[rosout][INFO] 2017-06-21 15:08:19,735: Publishing the detected zones on /zones
[rosout][INFO] 2017-06-21 15:08:20,453: Received the playground image. Detecting zones...
[rosout][INFO] 2017-06-21 15:08:20,479: Publishing the detected zones on /zones
[rosout][INFO] 2017-06-21 15:08:21,211: Received the playground image. Detecting zones...
[rosout][INFO] 2017-06-21 15:08:21,234: Publishing the detected zones on /zones
[rosout][INFO] 2017-06-21 15:08:30,195: Received the playground image. Detecting zones...
[rosout][INFO] 2017-06-21 15:08:30,212: Publishing the detected zones on /zones
[rosout][INFO] 2017-06-21 15:08:33,946: Received the playground image. Detecting zones...
[rosout][INFO] 2017-06-21 15:08:33,968: Publishing the detected zones on /zones
[rosout][INFO] 2017-06-21 15:08:36,945: Received the playground image. Detecting zones...
[rosout][INFO] 2017-06-21 15:08:36,977: Publishing the detected zones on /zones
[rosout][INFO] 2017-06-21 15:08:37,208: Received the playground image. Detecting zones...
[rosout][INFO] 2017-06-21 15:08:37,236: Publishing the detected zones on /zones
[rosout][INFO] 2017-06-21 15:08:37,938: Received the playground image. Detecting zones...
[rosout][INFO] 2017-06-21 15:08:37,960: Publishing the detected zones on /zones
[rosout][INFO] 2017-06-21 15:08:46,937: Received the playground image. Detecting zones...
[rosout][INFO] 2017-06-21 15:08:46,969: Publishing the detected zones on /zones
[rosout][INFO] 2017-06-21 15:08:47,684: Received the playground image. Detecting zones...
[rosout][INFO] 2017-06-21 15:08:47,703: Publishing the detected zones on /zones
[rosout][INFO] 2017-06-21 15:08:48,951: Received the playground image. Detecting zones...
[rosout][INFO] 2017-06-21 15:08:48,977: Publishing the detected zones on /zones
[rosout][INFO] 2017-06-21 15:08:49,190: Received the playground image. Detecting zones...
[rosout][INFO] 2017-06-21 15:08:49,210: Publishing the detected zones on /zones
[rosout][INFO] 2017-06-21 15:08:54,946: Received the playground image. Detecting zones...
[rosout][INFO] 2017-06-21 15:08:54,979: Publishing the detected zones on /zones
[rosout][INFO] 2017-06-21 15:09:01,184: Received the playground image. Detecting zones...
[rosout][INFO] 2017-06-21 15:09:01,201: Publishing the detected zones on /zones
[rosout][INFO] 2017-06-21 15:09:07,941: Received the playground image. Detecting zones...
[rosout][INFO] 2017-06-21 15:09:07,962: Publishing the detected zones on /zones
[rosout][INFO] 2017-06-21 15:09:08,975: Received the playground image. Detecting zones...
[rosout][INFO] 2017-06-21 15:09:09,006: Publishing the detected zones on /zones
[rosout][INFO] 2017-06-21 15:09:10,461: Received the playground image. Detecting zones...
[rosout][INFO] 2017-06-21 15:09:10,484: Publishing the detected zones on /zones
[rosout][INFO] 2017-06-21 15:09:10,688: Received the playground image. Detecting zones...
[rosout][INFO] 2017-06-21 15:09:10,708: Publishing the detected zones on /zones
[rosout][INFO] 2017-06-21 15:09:11,180: Received the playground image. Detecting zones...
[rosout][INFO] 2017-06-21 15:09:11,195: Publishing the detected zones on /zones
[rosout][INFO] 2017-06-21 15:09:24,713: Received the playground image. Detecting zones...
[rosout][INFO] 2017-06-21 15:09:24,738: Publishing the detected zones on /zones
[rosout][INFO] 2017-06-21 15:09:25,441: Received the playground image. Detecting zones...
[rosout][INFO] 2017-06-21 15:09:25,459: Publishing the detected zones on /zones
[rosout][INFO] 2017-06-21 15:09:26,749: Received the playground image. Detecting zones...
[rosout][INFO] 2017-06-21 15:09:26,777: Publishing the detected zones on /zones
[rosout][INFO] 2017-06-21 15:09:29,197: Received the playground image. Detecting zones...
[rosout][INFO] 2017-06-21 15:09:29,217: Publishing the detected zones on /zones
[rosout][INFO] 2017-06-21 15:09:32,700: Received the playground image. Detecting zones...
[rosout][INFO] 2017-06-21 15:09:32,730: Publishing the detected zones on /zones
[rosout][INFO] 2017-06-21 15:09:33,704: Received the playground image. Detecting zones...
[rosout][INFO] 2017-06-21 15:09:33,732: Publishing the detected zones on /zones
[rosout][INFO] 2017-06-21 15:09:35,183: Received the playground image. Detecting zones...
[rosout][INFO] 2017-06-21 15:09:35,201: Publishing the detected zones on /zones
[rosout][INFO] 2017-06-21 15:09:35,960: Received the playground image. Detecting zones...
[rosout][INFO] 2017-06-21 15:09:35,996: Publishing the detected zones on /zones
[rosout][INFO] 2017-06-21 15:09:36,438: Received the playground image. Detecting zones...
[rosout][INFO] 2017-06-21 15:09:36,458: Publishing the detected zones on /zones
[rosout][INFO] 2017-06-21 15:09:36,946: Received the playground image. Detecting zones...
[rosout][INFO] 2017-06-21 15:09:36,977: Publishing the detected zones on /zones
[rosout][INFO] 2017-06-21 15:09:39,947: Received the playground image. Detecting zones...
[rosout][INFO] 2017-06-21 15:09:39,974: Publishing the detected zones on /zones
[rosout][INFO] 2017-06-21 15:09:40,439: Received the playground image. Detecting zones...
[rosout][INFO] 2017-06-21 15:09:40,464: Publishing the detected zones on /zones
[rosout][INFO] 2017-06-21 15:09:40,938: Received the playground image. Detecting zones...
[rosout][INFO] 2017-06-21 15:09:40,964: Publishing the detected zones on /zones
[rosout][INFO] 2017-06-21 15:09:41,442: Received the playground image. Detecting zones...
[rosout][INFO] 2017-06-21 15:09:41,463: Publishing the detected zones on /zones
[rosout][INFO] 2017-06-21 15:09:42,195: Received the playground image. Detecting zones...
[rosout][INFO] 2017-06-21 15:09:42,212: Publishing the detected zones on /zones
[rosout][INFO] 2017-06-21 15:09:42,683: Received the playground image. Detecting zones...
[rosout][INFO] 2017-06-21 15:09:42,698: Publishing the detected zones on /zones
[rosout][INFO] 2017-06-21 15:09:43,209: Received the playground image. Detecting zones...
[rosout][INFO] 2017-06-21 15:09:43,228: Publishing the detected zones on /zones
[rosout][INFO] 2017-06-21 15:09:43,940: Received the playground image. Detecting zones...
[rosout][INFO] 2017-06-21 15:09:43,976: Publishing the detected zones on /zones
[rosout][INFO] 2017-06-21 15:09:44,457: Received the playground image. Detecting zones...
[rosout][INFO] 2017-06-21 15:09:44,477: Publishing the detected zones on /zones
[rosout][INFO] 2017-06-21 15:09:45,193: Received the playground image. Detecting zones...
[rosout][INFO] 2017-06-21 15:09:45,209: Publishing the detected zones on /zones
[rosout][INFO] 2017-06-21 15:09:45,696: Received the playground image. Detecting zones...
[rosout][INFO] 2017-06-21 15:09:45,721: Publishing the detected zones on /zones
[rosout][INFO] 2017-06-21 15:09:46,452: Received the playground image. Detecting zones...
[rosout][INFO] 2017-06-21 15:09:46,485: Publishing the detected zones on /zones
[rosout][INFO] 2017-06-21 15:09:46,955: Received the playground image. Detecting zones...
[rosout][INFO] 2017-06-21 15:09:46,979: Publishing the detected zones on /zones
[rosout][INFO] 2017-06-21 15:09:47,689: Received the playground image. Detecting zones...
[rosout][INFO] 2017-06-21 15:09:47,709: Publishing the detected zones on /zones
[rosout][INFO] 2017-06-21 15:09:48,206: Received the playground image. Detecting zones...
[rosout][INFO] 2017-06-21 15:09:48,223: Publishing the detected zones on /zones
[rosout][INFO] 2017-06-21 15:09:48,936: Received the playground image. Detecting zones...
[rosout][INFO] 2017-06-21 15:09:48,956: Publishing the detected zones on /zones
[rosout][INFO] 2017-06-21 15:09:49,445: Received the playground image. Detecting zones...
[rosout][INFO] 2017-06-21 15:09:49,461: Publishing the detected zones on /zones
[rosout][INFO] 2017-06-21 15:09:50,189: Received the playground image. Detecting zones...
[rosout][INFO] 2017-06-21 15:09:50,206: Publishing the detected zones on /zones
[rosout][INFO] 2017-06-21 15:09:50,681: Received the playground image. Detecting zones...
[rosout][INFO] 2017-06-21 15:09:50,701: Publishing the detected zones on /zones
[rosout][INFO] 2017-06-21 15:09:51,175: Received the playground image. Detecting zones...
[rosout][INFO] 2017-06-21 15:09:51,191: Publishing the detected zones on /zones
[rosout][INFO] 2017-06-21 15:09:51,692: Received the playground image. Detecting zones...
[rosout][INFO] 2017-06-21 15:09:51,708: Publishing the detected zones on /zones
[rosout][INFO] 2017-06-21 15:09:52,175: Received the playground image. Detecting zones...
[rosout][INFO] 2017-06-21 15:09:52,190: Publishing the detected zones on /zones
[rosout][INFO] 2017-06-21 15:09:52,678: Received the playground image. Detecting zones...
[rosout][INFO] 2017-06-21 15:09:52,702: Publishing the detected zones on /zones
[rosout][INFO] 2017-06-21 15:09:53,185: Received the playground image. Detecting zones...
[rosout][INFO] 2017-06-21 15:09:53,209: Publishing the detected zones on /zones
[rosout][INFO] 2017-06-21 15:09:53,429: Received the playground image. Detecting zones...
[rosout][INFO] 2017-06-21 15:09:53,450: Publishing the detected zones on /zones
[rosout][INFO] 2017-06-21 15:09:54,456: Received the playground image. Detecting zones...
[rosout][INFO] 2017-06-21 15:09:54,486: Publishing the detected zones on /zones
[rosout][INFO] 2017-06-21 15:09:55,968: Received the playground image. Detecting zones...
[rosout][INFO] 2017-06-21 15:09:55,990: Publishing the detected zones on /zones
[rosout][INFO] 2017-06-21 15:09:58,973: Received the playground image. Detecting zones...
[rosout][INFO] 2017-06-21 15:09:58,993: Publishing the detected zones on /zones
[rosout][INFO] 2017-06-21 15:09:59,687: Received the playground image. Detecting zones...
[rosout][INFO] 2017-06-21 15:09:59,711: Publishing the detected zones on /zones
[rosout][INFO] 2017-06-21 15:10:04,183: Received the playground image. Detecting zones...
[rosout][INFO] 2017-06-21 15:10:04,200: Publishing the detected zones on /zones
[rosout][INFO] 2017-06-21 15:10:05,707: Received the playground image. Detecting zones...
[rosout][INFO] 2017-06-21 15:10:05,727: Publishing the detected zones on /zones
[rosout][INFO] 2017-06-21 15:10:12,935: Received the playground image. Detecting zones...
[rosout][INFO] 2017-06-21 15:10:12,953: Publishing the detected zones on /zones
[rosout][INFO] 2017-06-21 15:10:13,956: Received the playground image. Detecting zones...
[rosout][INFO] 2017-06-21 15:10:13,979: Publishing the detected zones on /zones
[rosout][INFO] 2017-06-21 15:10:14,435: Received the playground image. Detecting zones...
[rosout][INFO] 2017-06-21 15:10:14,457: Publishing the detected zones on /zones
[rosout][INFO] 2017-06-21 15:10:15,196: Received the playground image. Detecting zones...
[rosout][INFO] 2017-06-21 15:10:15,215: Publishing the detected zones on /zones
[rosout][INFO] 2017-06-21 15:10:15,726: Received the playground image. Detecting zones...
[rosout][INFO] 2017-06-21 15:10:15,752: Publishing the detected zones on /zones
[rosout][INFO] 2017-06-21 15:10:16,464: Received the playground image. Detecting zones...
[rosout][INFO] 2017-06-21 15:10:16,487: Publishing the detected zones on /zones
[rosout][INFO] 2017-06-21 15:10:17,433: Received the playground image. Detecting zones...
[rosout][INFO] 2017-06-21 15:10:17,456: Publishing the detected zones on /zones
[rosout][INFO] 2017-06-21 15:10:20,724: Received the playground image. Detecting zones...
[rosout][INFO] 2017-06-21 15:10:20,745: Publishing the detected zones on /zones
[rosout][INFO] 2017-06-21 15:10:21,479: Received the playground image. Detecting zones...
[rosout][INFO] 2017-06-21 15:10:21,507: Publishing the detected zones on /zones
[rosout][INFO] 2017-06-21 15:10:21,688: Received the playground image. Detecting zones...
[rosout][INFO] 2017-06-21 15:10:21,711: Publishing the detected zones on /zones
[rosout][INFO] 2017-06-21 15:10:23,710: Received the playground image. Detecting zones...
[rosout][INFO] 2017-06-21 15:10:23,727: Publishing the detected zones on /zones
[rosout][INFO] 2017-06-21 15:10:23,993: Received the playground image. Detecting zones...
[rosout][INFO] 2017-06-21 15:10:24,026: Publishing the detected zones on /zones
[rosout][INFO] 2017-06-21 15:10:24,206: Received the playground image. Detecting zones...
[rosout][INFO] 2017-06-21 15:10:24,230: Publishing the detected zones on /zones
[rosout][INFO] 2017-06-21 15:10:27,194: Received the playground image. Detecting zones...
[rosout][INFO] 2017-06-21 15:10:27,221: Publishing the detected zones on /zones
[rosout][INFO] 2017-06-21 15:10:27,704: Received the playground image. Detecting zones...
[rosout][INFO] 2017-06-21 15:10:27,730: Publishing the detected zones on /zones
[rosout][INFO] 2017-06-21 15:10:28,681: Received the playground image. Detecting zones...
[rosout][INFO] 2017-06-21 15:10:28,701: Publishing the detected zones on /zones
[rosout][INFO] 2017-06-21 15:10:33,204: Received the playground image. Detecting zones...
[rosout][INFO] 2017-06-21 15:10:33,225: Publishing the detected zones on /zones
[rosout][INFO] 2017-06-21 15:10:37,470: Received the playground image. Detecting zones...
[rosout][INFO] 2017-06-21 15:10:37,501: Publishing the detected zones on /zones
[rosout][INFO] 2017-06-21 15:10:41,230: Received the playground image. Detecting zones...
[rosout][INFO] 2017-06-21 15:10:41,265: Publishing the detected zones on /zones
[rosout][INFO] 2017-06-21 15:10:41,471: Received the playground image. Detecting zones...
[rosout][INFO] 2017-06-21 15:10:41,503: Publishing the detected zones on /zones
[rosout][INFO] 2017-06-21 15:10:41,703: Received the playground image. Detecting zones...
[rosout][INFO] 2017-06-21 15:10:41,732: Publishing the detected zones on /zones
[rosout][INFO] 2017-06-21 15:10:42,200: Received the playground image. Detecting zones...
[rosout][INFO] 2017-06-21 15:10:42,230: Publishing the detected zones on /zones
[rosout][INFO] 2017-06-21 15:10:42,420: Received the playground image. Detecting zones...
[rosout][INFO] 2017-06-21 15:10:42,444: Publishing the detected zones on /zones
[rosout][INFO] 2017-06-21 15:10:42,710: Received the playground image. Detecting zones...
[rosout][INFO] 2017-06-21 15:10:42,728: Publishing the detected zones on /zones
[rosout][INFO] 2017-06-21 15:10:43,475: Received the playground image. Detecting zones...
[rosout][INFO] 2017-06-21 15:10:43,499: Publishing the detected zones on /zones
[rosout][INFO] 2017-06-21 15:10:43,971: Received the playground image. Detecting zones...
[rosout][INFO] 2017-06-21 15:10:44,000: Publishing the detected zones on /zones
[rosout][INFO] 2017-06-21 15:10:44,709: Received the playground image. Detecting zones...
[rosout][INFO] 2017-06-21 15:10:44,732: Publishing the detected zones on /zones
[rosout][INFO] 2017-06-21 15:10:45,196: Received the playground image. Detecting zones...
[rosout][INFO] 2017-06-21 15:10:45,216: Publishing the detected zones on /zones
[rosout][INFO] 2017-06-21 15:10:46,715: Received the playground image. Detecting zones...
[rosout][INFO] 2017-06-21 15:10:46,736: Publishing the detected zones on /zones
[rosout][INFO] 2017-06-21 15:10:47,701: Received the playground image. Detecting zones...
[rosout][INFO] 2017-06-21 15:10:47,721: Publishing the detected zones on /zones
[rosout][INFO] 2017-06-21 15:10:48,943: Received the playground image. Detecting zones...
[rosout][INFO] 2017-06-21 15:10:48,967: Publishing the detected zones on /zones
[rosout][INFO] 2017-06-21 15:10:49,436: Received the playground image. Detecting zones...
[rosout][INFO] 2017-06-21 15:10:49,461: Publishing the detected zones on /zones
[rosout][INFO] 2017-06-21 15:10:49,944: Received the playground image. Detecting zones...
[rosout][INFO] 2017-06-21 15:10:49,971: Publishing the detected zones on /zones
[rosout][INFO] 2017-06-21 15:10:50,450: Received the playground image. Detecting zones...
[rosout][INFO] 2017-06-21 15:10:50,470: Publishing the detected zones on /zones
[rosout][INFO] 2017-06-21 15:10:50,955: Received the playground image. Detecting zones...
[rosout][INFO] 2017-06-21 15:10:50,975: Publishing the detected zones on /zones
[rosout][INFO] 2017-06-21 15:10:51,202: Received the playground image. Detecting zones...
[rosout][INFO] 2017-06-21 15:10:51,216: Publishing the detected zones on /zones
[rosout][INFO] 2017-06-21 15:10:51,690: Received the playground image. Detecting zones...
[rosout][INFO] 2017-06-21 15:10:51,706: Publishing the detected zones on /zones
[rosout][INFO] 2017-06-21 15:10:52,229: Received the playground image. Detecting zones...
[rosout][INFO] 2017-06-21 15:10:52,247: Publishing the detected zones on /zones
[rosout][INFO] 2017-06-21 15:10:55,471: Received the playground image. Detecting zones...
[rosout][INFO] 2017-06-21 15:10:55,488: Publishing the detected zones on /zones
[rosout][INFO] 2017-06-21 15:10:58,688: Received the playground image. Detecting zones...
[rosout][INFO] 2017-06-21 15:10:58,722: Publishing the detected zones on /zones
[rosout][INFO] 2017-06-21 15:10:59,043: Received the playground image. Detecting zones...
[rosout][INFO] 2017-06-21 15:10:59,067: Publishing the detected zones on /zones
[rosout][INFO] 2017-06-21 15:10:59,201: Received the playground image. Detecting zones...
[rosout][INFO] 2017-06-21 15:10:59,218: Publishing the detected zones on /zones
[rosout][INFO] 2017-06-21 15:10:59,464: Received the playground image. Detecting zones...
[rosout][INFO] 2017-06-21 15:10:59,488: Publishing the detected zones on /zones
[rosout][INFO] 2017-06-21 15:10:59,705: Received the playground image. Detecting zones...
[rosout][INFO] 2017-06-21 15:10:59,725: Publishing the detected zones on /zones
[rosout][INFO] 2017-06-21 15:11:00,012: Received the playground image. Detecting zones...
[rosout][INFO] 2017-06-21 15:11:00,041: Publishing the detected zones on /zones
[rosout][INFO] 2017-06-21 15:11:00,209: Received the playground image. Detecting zones...
[rosout][INFO] 2017-06-21 15:11:00,233: Publishing the detected zones on /zones
[rosout][INFO] 2017-06-21 15:11:00,723: Received the playground image. Detecting zones...
[rosout][INFO] 2017-06-21 15:11:00,749: Publishing the detected zones on /zones
[rosout][INFO] 2017-06-21 15:11:04,471: Received the playground image. Detecting zones...
[rosout][INFO] 2017-06-21 15:11:04,495: Publishing the detected zones on /zones
[rosout][INFO] 2017-06-21 15:11:06,716: Received the playground image. Detecting zones...
[rosout][INFO] 2017-06-21 15:11:06,745: Publishing the detected zones on /zones
[rosout][INFO] 2017-06-21 15:11:08,944: Received the playground image. Detecting zones...
[rosout][INFO] 2017-06-21 15:11:08,982: Publishing the detected zones on /zones
[rosout][INFO] 2017-06-21 15:11:10,206: Received the playground image. Detecting zones...
[rosout][INFO] 2017-06-21 15:11:10,229: Publishing the detected zones on /zones
[rosout][INFO] 2017-06-21 15:11:11,470: Received the playground image. Detecting zones...
[rosout][INFO] 2017-06-21 15:11:11,492: Publishing the detected zones on /zones
[rosout][INFO] 2017-06-21 15:11:12,211: Received the playground image. Detecting zones...
[rosout][INFO] 2017-06-21 15:11:12,231: Publishing the detected zones on /zones
[rosout][INFO] 2017-06-21 15:11:12,531: Received the playground image. Detecting zones...
[rosout][INFO] 2017-06-21 15:11:12,562: Publishing the detected zones on /zones
[rosout][INFO] 2017-06-21 15:11:12,719: Received the playground image. Detecting zones...
[rosout][INFO] 2017-06-21 15:11:12,745: Publishing the detected zones on /zones
[rosout][INFO] 2017-06-21 15:11:14,213: Received the playground image. Detecting zones...
[rosout][INFO] 2017-06-21 15:11:14,243: Publishing the detected zones on /zones
[rosout][INFO] 2017-06-21 15:11:16,673: Received the playground image. Detecting zones...
[rosout][INFO] 2017-06-21 15:11:16,703: Publishing the detected zones on /zones
[rosout][INFO] 2017-06-21 15:11:16,959: Received the playground image. Detecting zones...
[rosout][INFO] 2017-06-21 15:11:16,978: Publishing the detected zones on /zones
[rosout][INFO] 2017-06-21 15:11:20,189: Received the playground image. Detecting zones...
[rosout][INFO] 2017-06-21 15:11:20,208: Publishing the detected zones on /zones
[rosout][INFO] 2017-06-21 15:11:20,471: Received the playground image. Detecting zones...
[rosout][INFO] 2017-06-21 15:11:20,493: Publishing the detected zones on /zones
[rosout][INFO] 2017-06-21 15:11:20,998: Received the playground image. Detecting zones...
[rosout][INFO] 2017-06-21 15:11:21,018: Publishing the detected zones on /zones
[rosout][INFO] 2017-06-21 15:11:24,430: Received the playground image. Detecting zones...
[rosout][INFO] 2017-06-21 15:11:24,448: Publishing the detected zones on /zones
[rosout][INFO] 2017-06-21 15:11:25,426: Received the playground image. Detecting zones...
[rosout][INFO] 2017-06-21 15:11:25,443: Publishing the detected zones on /zones
[rosout][INFO] 2017-06-21 15:11:26,929: Received the playground image. Detecting zones...
[rosout][INFO] 2017-06-21 15:11:26,949: Publishing the detected zones on /zones
[rosout][INFO] 2017-06-21 15:11:28,930: Received the playground image. Detecting zones...
[rosout][INFO] 2017-06-21 15:11:28,956: Publishing the detected zones on /zones
[rosout][INFO] 2017-06-21 15:11:34,699: Received the playground image. Detecting zones...
[rosout][INFO] 2017-06-21 15:11:34,728: Publishing the detected zones on /zones
[rosout][INFO] 2017-06-21 15:11:36,189: Received the playground image. Detecting zones...
[rosout][INFO] 2017-06-21 15:11:36,208: Publishing the detected zones on /zones
[rosout][INFO] 2017-06-21 15:11:38,231: Received the playground image. Detecting zones...
[rosout][INFO] 2017-06-21 15:11:38,258: Publishing the detected zones on /zones
[rosout][INFO] 2017-06-21 15:11:40,420: Received the playground image. Detecting zones...
[rosout][INFO] 2017-06-21 15:11:40,438: Publishing the detected zones on /zones
[rosout][INFO] 2017-06-21 15:11:47,972: Received the playground image. Detecting zones...
[rosout][INFO] 2017-06-21 15:11:48,001: Publishing the detected zones on /zones
[rosout][INFO] 2017-06-21 15:11:48,977: Received the playground image. Detecting zones...
[rosout][INFO] 2017-06-21 15:11:49,003: Publishing the detected zones on /zones
[rosout][INFO] 2017-06-21 15:11:49,437: Received the playground image. Detecting zones...
[rosout][INFO] 2017-06-21 15:11:49,460: Publishing the detected zones on /zones
[rosout][INFO] 2017-06-21 15:11:49,937: Received the playground image. Detecting zones...
[rosout][INFO] 2017-06-21 15:11:49,953: Publishing the detected zones on /zones
[rosout][INFO] 2017-06-21 15:11:50,436: Received the playground image. Detecting zones...
[rosout][INFO] 2017-06-21 15:11:50,455: Publishing the detected zones on /zones
[rosout][INFO] 2017-06-21 15:11:51,199: Received the playground image. Detecting zones...
[rosout][INFO] 2017-06-21 15:11:51,217: Publishing the detected zones on /zones
[rosout][INFO] 2017-06-21 15:11:51,944: Received the playground image. Detecting zones...
[rosout][INFO] 2017-06-21 15:11:51,962: Publishing the detected zones on /zones
[rosout][INFO] 2017-06-21 15:11:52,435: Received the playground image. Detecting zones...
[rosout][INFO] 2017-06-21 15:11:52,457: Publishing the detected zones on /zones
[rosout][INFO] 2017-06-21 15:11:53,206: Received the playground image. Detecting zones...
[rosout][INFO] 2017-06-21 15:11:53,234: Publishing the detected zones on /zones
[rosout][INFO] 2017-06-21 15:11:54,470: Received the playground image. Detecting zones...
[rosout][INFO] 2017-06-21 15:11:54,487: Publishing the detected zones on /zones
[rosout][INFO] 2017-06-21 15:11:55,989: Received the playground image. Detecting zones...
[rosout][INFO] 2017-06-21 15:11:56,020: Publishing the detected zones on /zones
[rosout][INFO] 2017-06-21 15:11:56,490: Received the playground image. Detecting zones...
[rosout][INFO] 2017-06-21 15:11:56,522: Publishing the detected zones on /zones
[rosout][INFO] 2017-06-21 15:11:56,711: Received the playground image. Detecting zones...
[rosout][INFO] 2017-06-21 15:11:56,746: Publishing the detected zones on /zones
[rosout][INFO] 2017-06-21 15:11:57,975: Received the playground image. Detecting zones...
[rosout][INFO] 2017-06-21 15:11:58,010: Publishing the detected zones on /zones
[rosout][INFO] 2017-06-21 15:11:58,226: Received the playground image. Detecting zones...
[rosout][INFO] 2017-06-21 15:11:58,261: Publishing the detected zones on /zones
[rosout][INFO] 2017-06-21 15:11:59,189: Received the playground image. Detecting zones...
[rosout][INFO] 2017-06-21 15:11:59,211: Publishing the detected zones on /zones
[rosout][INFO] 2017-06-21 15:12:01,718: Received the playground image. Detecting zones...
[rosout][INFO] 2017-06-21 15:12:01,746: Publishing the detected zones on /zones
[rosout][INFO] 2017-06-21 15:12:02,202: Received the playground image. Detecting zones...
[rosout][INFO] 2017-06-21 15:12:02,220: Publishing the detected zones on /zones
[rosout][INFO] 2017-06-21 15:12:04,224: Received the playground image. Detecting zones...
[rosout][INFO] 2017-06-21 15:12:04,255: Publishing the detected zones on /zones
[rosout][INFO] 2017-06-21 15:12:06,703: Received the playground image. Detecting zones...
[rosout][INFO] 2017-06-21 15:12:06,726: Publishing the detected zones on /zones
[rosout][INFO] 2017-06-21 15:12:08,984: Received the playground image. Detecting zones...
[rosout][INFO] 2017-06-21 15:12:09,017: Publishing the detected zones on /zones
[rosout][INFO] 2017-06-21 15:12:12,788: Received the playground image. Detecting zones...
[rosout][INFO] 2017-06-21 15:12:12,820: Publishing the detected zones on /zones
[rosout][INFO] 2017-06-21 15:12:15,206: Received the playground image. Detecting zones...
[rosout][INFO] 2017-06-21 15:12:15,243: Publishing the detected zones on /zones
[rosout][INFO] 2017-06-21 15:12:15,718: Received the playground image. Detecting zones...
[rosout][INFO] 2017-06-21 15:12:15,737: Publishing the detected zones on /zones
[rosout][INFO] 2017-06-21 15:12:18,679: Received the playground image. Detecting zones...
[rosout][INFO] 2017-06-21 15:12:18,697: Publishing the detected zones on /zones
[rosout][INFO] 2017-06-21 15:12:19,695: Received the playground image. Detecting zones...
[rosout][INFO] 2017-06-21 15:12:19,713: Publishing the detected zones on /zones
[rosout][INFO] 2017-06-21 15:12:23,436: Received the playground image. Detecting zones...
[rosout][INFO] 2017-06-21 15:12:23,456: Publishing the detected zones on /zones
[rosout][INFO] 2017-06-21 15:12:27,223: Received the playground image. Detecting zones...
[rosout][INFO] 2017-06-21 15:12:27,247: Publishing the detected zones on /zones
[rosout][INFO] 2017-06-21 15:12:31,194: Received the playground image. Detecting zones...
[rosout][INFO] 2017-06-21 15:12:31,228: Publishing the detected zones on /zones
[rosout][INFO] 2017-06-21 15:12:32,436: Received the playground image. Detecting zones...
[rosout][INFO] 2017-06-21 15:12:32,459: Publishing the detected zones on /zones
[rosout][INFO] 2017-06-21 15:12:33,961: Received the playground image. Detecting zones...
[rosout][INFO] 2017-06-21 15:12:33,987: Publishing the detected zones on /zones
[rosout][INFO] 2017-06-21 15:12:34,436: Received the playground image. Detecting zones...
[rosout][INFO] 2017-06-21 15:12:34,451: Publishing the detected zones on /zones
[rosout][INFO] 2017-06-21 15:12:35,967: Received the playground image. Detecting zones...
[rosout][INFO] 2017-06-21 15:12:35,991: Publishing the detected zones on /zones
[rosout][INFO] 2017-06-21 15:12:40,235: Received the playground image. Detecting zones...
[rosout][INFO] 2017-06-21 15:12:40,256: Publishing the detected zones on /zones
[rosout][INFO] 2017-06-21 15:12:49,983: Received the playground image. Detecting zones...
[rosout][INFO] 2017-06-21 15:12:50,004: Publishing the detected zones on /zones
[rosout][INFO] 2017-06-21 15:12:50,689: Received the playground image. Detecting zones...
[rosout][INFO] 2017-06-21 15:12:50,710: Publishing the detected zones on /zones
[rosout][INFO] 2017-06-21 15:12:51,197: Received the playground image. Detecting zones...
[rosout][INFO] 2017-06-21 15:12:51,217: Publishing the detected zones on /zones
[rosout][INFO] 2017-06-21 15:12:51,427: Received the playground image. Detecting zones...
[rosout][INFO] 2017-06-21 15:12:51,450: Publishing the detected zones on /zones
[rosout][INFO] 2017-06-21 15:12:51,951: Received the playground image. Detecting zones...
[rosout][INFO] 2017-06-21 15:12:51,974: Publishing the detected zones on /zones
[rosout][INFO] 2017-06-21 15:12:52,945: Received the playground image. Detecting zones...
[rosout][INFO] 2017-06-21 15:12:52,968: Publishing the detected zones on /zones
[rosout][INFO] 2017-06-21 15:12:54,189: Received the playground image. Detecting zones...
[rosout][INFO] 2017-06-21 15:12:54,214: Publishing the detected zones on /zones
[rospy.internal][INFO] 2017-06-21 15:12:57,458: topic[/zones] removing connection to /sandbox_play
[rospy.internal][INFO] 2017-06-21 15:13:01,960: topic[/zones] removing connection to /rosbag_record_freeplay_sandbox
[rospy.core][INFO] 2017-06-21 15:13:17,106: signal_shutdown [signal-15]
[rospy.internal][INFO] 2017-06-21 15:13:17,113: topic[/rosout] removing connection to /rosout
[rospy.internal][INFO] 2017-06-21 15:13:17,113: topic[/sandtray/background/image] removing connection to http://sandtray-hrilab:38867/
[rospy.internal][WARNING] 2017-06-21 15:13:17,114: Unknown error initiating TCP/IP socket to sandtray-hrilab:51512 (http://sandtray-hrilab:38867/): Traceback (most recent call last):
  File "/opt/ros/kinetic/lib/python2.7/dist-packages/rospy/impl/tcpros_base.py", line 557, in connect
    self.read_header()
  File "/opt/ros/kinetic/lib/python2.7/dist-packages/rospy/impl/tcpros_base.py", line 650, in read_header
    self._validate_header(read_ros_handshake_header(sock, self.read_buff, self.protocol.buff_size))
AttributeError: 'NoneType' object has no attribute 'buff_size'

[rospy.topics][ERROR] 2017-06-21 15:13:17,114: Traceback (most recent call last):
  File "/opt/ros/kinetic/lib/python2.7/dist-packages/rospy/topics.py", line 326, in close
    c.close()
  File "/opt/ros/kinetic/lib/python2.7/dist-packages/rospy/impl/tcpros_base.py", line 838, in close
    self.socket.close()
AttributeError: 'NoneType' object has no attribute 'close'

[rospy.internal][INFO] 2017-06-21 15:13:17,114: topic[/sandtray/background/camera_info] removing connection to http://sandtray-hrilab:38867/
[rospy.impl.masterslave][INFO] 2017-06-21 15:13:17,115: signal-15
[rospy.core][INFO] 2017-06-21 15:13:17,148: signal_shutdown [signal-2]
[rospy.core][INFO] 2017-06-21 15:13:17,148: signal_shutdown [atexit]
