[INFO] [1498051693.786910]: /move_sandbox_items: Received a request to move caravan to 0.49, -0.06. Let's do that
[INFO] [1498051693.787711]: Moving caravan to 0.14,-0.34
[INFO] [1498051693.787999]: Requesting a plan...
[INFO] [1498051693.956262]: Received trajectory! As requested, waiting -0.001987893s before starting...
[INFO] [1498051693.956718]: Waiting a bit more (0.0s) to give the robot time to prepare...
[INFO] [1498051693.957156]: Starting to play trajectory!
[INFO] [1498051693.957727]: Done 0%
[INFO] [1498051694.058724]: Done 1%
[INFO] [1498051694.159689]: Done 2%
[INFO] [1498051694.260579]: Done 4%
[INFO] [1498051694.361576]: Done 5%
[INFO] [1498051694.462548]: Done 6%
[INFO] [1498051694.563771]: Done 8%
[INFO] [1498051694.664898]: Done 9%
[INFO] [1498051694.765823]: Done 11%
[INFO] [1498051694.866933]: Done 12%
[INFO] [1498051694.967835]: Done 13%
[INFO] [1498051695.068776]: Done 15%
[INFO] [1498051695.169694]: Done 16%
[INFO] [1498051695.270786]: Done 18%
[INFO] [1498051695.371864]: Done 19%
[INFO] [1498051695.473168]: Done 20%
[INFO] [1498051695.574179]: Done 22%
[INFO] [1498051695.675209]: Done 23%
[INFO] [1498051695.776144]: Done 25%
[INFO] [1498051695.877130]: Done 26%
[INFO] [1498051695.978227]: Done 27%
[INFO] [1498051696.079230]: Done 29%
[INFO] [1498051696.180183]: Done 30%
[INFO] [1498051696.281224]: Done 31%
[INFO] [1498051696.382271]: Done 33%
[INFO] [1498051696.483156]: Done 34%
[INFO] [1498051696.584095]: Done 36%
[INFO] [1498051696.685186]: Done 37%
[INFO] [1498051696.786120]: Done 38%
[INFO] [1498051696.887051]: Done 40%
[INFO] [1498051696.987959]: Done 41%
[INFO] [1498051697.088952]: Done 43%
[INFO] [1498051697.189977]: Done 44%
[INFO] [1498051697.291277]: Done 45%
[INFO] [1498051697.392578]: Done 47%
[INFO] [1498051697.493492]: Done 48%
[INFO] [1498051697.594334]: Done 50%
[INFO] [1498051697.695299]: Done 51%
[INFO] [1498051697.796373]: Done 52%
[INFO] [1498051697.897739]: Done 54%
[INFO] [1498051697.998694]: Done 55%
[INFO] [1498051698.099627]: Done 56%
[INFO] [1498051698.200544]: Done 58%
[INFO] [1498051698.301711]: Done 59%
[INFO] [1498051698.402887]: Done 61%
[INFO] [1498051698.504022]: Done 62%
[INFO] [1498051698.604952]: Done 63%
[INFO] [1498051698.706029]: Done 65%
[INFO] [1498051698.807168]: Done 66%
[INFO] [1498051698.908019]: Done 68%
[INFO] [1498051699.009008]: Done 69%
[INFO] [1498051699.110016]: Done 70%
[INFO] [1498051699.211434]: Done 72%
[INFO] [1498051699.312391]: Done 73%
[INFO] [1498051699.413313]: Done 75%
[INFO] [1498051699.514239]: Done 76%
[INFO] [1498051699.615194]: Done 77%
[INFO] [1498051699.716101]: Done 79%
[INFO] [1498051699.816991]: Done 80%
[INFO] [1498051699.917898]: Done 81%
[INFO] [1498051700.019120]: Done 83%
[INFO] [1498051700.120549]: Done 84%
[INFO] [1498051700.221463]: Done 86%
[INFO] [1498051700.322370]: Done 87%
[INFO] [1498051700.423254]: Done 88%
[INFO] [1498051700.524457]: Done 90%
[INFO] [1498051700.625465]: Done 91%
[INFO] [1498051700.726354]: Done 93%
[INFO] [1498051700.827260]: Done 94%
[INFO] [1498051700.929173]: Done 95%
[INFO] [1498051701.030439]: Done 97%
[INFO] [1498051701.131783]: /move_sandbox_items: Succeeded
[INFO] [1498051702.835444]: /move_sandbox_items: Received a request to move caravan to 0.49, -0.06. Let's do that
[INFO] [1498051702.836379]: Moving caravan to -0.03,0.05
[INFO] [1498051702.836832]: Requesting a plan...
[INFO] [1498051702.954562]: Received trajectory! As requested, waiting -0.000344533s before starting...
[INFO] [1498051702.954905]: Waiting a bit more (0.0s) to give the robot time to prepare...
[INFO] [1498051702.955158]: Starting to play trajectory!
[INFO] [1498051702.955528]: Done 0%
[INFO] [1498051703.056551]: Done 8%
[INFO] [1498051703.157549]: Done 16%
[INFO] [1498051703.258513]: Done 25%
[INFO] [1498051703.359501]: Done 33%
[INFO] [1498051703.460534]: Done 41%
[INFO] [1498051703.561720]: Done 50%
[INFO] [1498051703.662572]: Done 58%
[INFO] [1498051703.763839]: Done 66%
[INFO] [1498051703.864645]: Done 75%
[INFO] [1498051703.965680]: Done 83%
[INFO] [1498051704.066876]: /move_sandbox_items: Succeeded
[INFO] [1498051705.401969]: /move_sandbox_items: Received a request to move zebra to 0.00, -0.17. Let's do that
[INFO] [1498051705.402760]: Moving zebra to 0.09,0.08
[INFO] [1498051705.403087]: Requesting a plan...
[INFO] [1498051705.555052]: Received trajectory! As requested, waiting -0.000850433s before starting...
[INFO] [1498051705.555513]: Waiting a bit more (0.0s) to give the robot time to prepare...
[INFO] [1498051705.555914]: Starting to play trajectory!
[INFO] [1498051705.556479]: Done 0%
[INFO] [1498051705.657437]: Done 3%
[INFO] [1498051705.758499]: Done 6%
[INFO] [1498051705.860129]: Done 10%
[INFO] [1498051705.961260]: Done 13%
[INFO] [1498051706.062397]: Done 17%
[INFO] [1498051706.167407]: Done 20%
[INFO] [1498051706.268306]: Done 24%
[INFO] [1498051706.369411]: Done 27%
[INFO] [1498051706.470537]: Done 31%
[INFO] [1498051706.572136]: Done 34%
[INFO] [1498051706.675663]: Done 37%
[INFO] [1498051706.778423]: Done 41%
[INFO] [1498051706.879440]: Done 44%
[INFO] [1498051707.001218]: Done 48%
[INFO] [1498051707.106872]: Done 51%
[INFO] [1498051707.207688]: Done 55%
[INFO] [1498051707.308881]: Done 58%
[INFO] [1498051707.410290]: Done 62%
[INFO] [1498051707.511121]: Done 65%
[INFO] [1498051707.612161]: Done 68%
[INFO] [1498051707.713007]: Done 72%
[INFO] [1498051707.814005]: Done 75%
[INFO] [1498051707.915115]: Done 79%
[INFO] [1498051708.016018]: Done 82%
[INFO] [1498051708.118929]: Done 86%
[INFO] [1498051708.219825]: Done 89%
[INFO] [1498051708.321302]: Done 93%
[INFO] [1498051708.423273]: /move_sandbox_items: Succeeded
[INFO] [1498051710.402203]: /move_sandbox_items: Received a request to move crocodile to 0.57, -0.18. Let's do that
[INFO] [1498051710.403122]: Moving crocodile to -0.02,0.00
[INFO] [1498051710.403546]: Requesting a plan...
[INFO] [1498051710.554466]: Received trajectory! As requested, waiting -0.000333247s before starting...
[INFO] [1498051710.554895]: Waiting a bit more (0.0s) to give the robot time to prepare...
[INFO] [1498051710.555166]: Starting to play trajectory!
[INFO] [1498051710.555642]: Done 0%
[INFO] [1498051710.656609]: Done 16%
[INFO] [1498051710.757654]: Done 33%
[INFO] [1498051710.858658]: Done 50%
[INFO] [1498051710.962438]: Done 66%
[INFO] [1498051711.063488]: /move_sandbox_items: Succeeded
[INFO] [1498051712.837595]: /move_sandbox_items: Received a request to move girl to 0.00, -0.17. Let's do that
[INFO] [1498051712.840992]: Moving girl to 0.02,-0.08
[INFO] [1498051712.841432]: Requesting a plan...
[INFO] [1498051712.993587]: Received trajectory! As requested, waiting -0.039347166s before starting...
[INFO] [1498051712.994199]: Waiting a bit more (0.0s) to give the robot time to prepare...
[INFO] [1498051712.994571]: Starting to play trajectory!
[INFO] [1498051712.995046]: Done 0%
[INFO] [1498051713.095949]: Done 3%
[INFO] [1498051713.197208]: Done 6%
[INFO] [1498051713.299710]: Done 10%
[INFO] [1498051713.401052]: Done 13%
[INFO] [1498051713.502386]: Done 17%
[INFO] [1498051713.603747]: Done 20%
[INFO] [1498051713.705671]: Done 24%
[INFO] [1498051713.806498]: Done 27%
[INFO] [1498051713.907518]: Done 31%
[INFO] [1498051714.008448]: Done 34%
[INFO] [1498051714.109630]: Done 37%
[INFO] [1498051714.210621]: Done 41%
[INFO] [1498051714.311921]: Done 44%
[INFO] [1498051714.413057]: Done 48%
[INFO] [1498051714.515863]: Done 51%
[INFO] [1498051714.616817]: Done 55%
[INFO] [1498051714.717752]: Done 58%
[INFO] [1498051714.818703]: Done 62%
[INFO] [1498051714.919533]: Done 65%
[INFO] [1498051715.020481]: Done 68%
[INFO] [1498051715.121587]: Done 72%
[INFO] [1498051715.222577]: Done 75%
[INFO] [1498051715.323456]: Done 79%
[INFO] [1498051715.424403]: Done 82%
[INFO] [1498051715.525185]: Done 86%
[INFO] [1498051715.626005]: Done 89%
[INFO] [1498051715.726981]: Done 93%
[INFO] [1498051715.828486]: /move_sandbox_items: Succeeded
[INFO] [1498051717.131600]: /move_sandbox_items: Received a request to move lion to 0.49, -0.06. Let's do that
[INFO] [1498051717.132406]: Moving lion to -0.30,-0.23
[INFO] [1498051717.132758]: Requesting a plan...
[INFO] [1498051717.188947]: Received trajectory! As requested, waiting -0.034555497s before starting...
[INFO] [1498051717.189643]: Waiting a bit more (0.0s) to give the robot time to prepare...
[INFO] [1498051717.189934]: Starting to play trajectory!
[INFO] [1498051717.190374]: Done 0%
[INFO] [1498051717.291241]: Done 1%
[INFO] [1498051717.392082]: Done 2%
[INFO] [1498051717.493026]: Done 3%
[INFO] [1498051717.593943]: Done 4%
[INFO] [1498051717.695198]: Done 6%
[INFO] [1498051717.796168]: Done 7%
[INFO] [1498051717.899033]: Done 8%
[INFO] [1498051717.999890]: Done 9%
[INFO] [1498051718.100744]: Done 10%
[INFO] [1498051718.201681]: Done 12%
[INFO] [1498051718.302531]: Done 13%
[INFO] [1498051718.403380]: Done 14%
[INFO] [1498051718.504749]: Done 15%
[INFO] [1498051718.605994]: Done 16%
[INFO] [1498051718.706878]: Done 18%
[INFO] [1498051718.807935]: Done 19%
[INFO] [1498051718.909027]: Done 20%
[INFO] [1498051719.009964]: Done 21%
[INFO] [1498051719.110836]: Done 22%
[INFO] [1498051719.212371]: Done 24%
[INFO] [1498051719.313772]: Done 25%
[INFO] [1498051719.414702]: Done 26%
[INFO] [1498051719.515724]: Done 27%
[INFO] [1498051719.616701]: Done 28%
[INFO] [1498051719.717718]: Done 30%
[INFO] [1498051719.818619]: Done 31%
[INFO] [1498051719.919438]: Done 32%
[INFO] [1498051720.020481]: Done 33%
[INFO] [1498051720.121287]: Done 34%
[INFO] [1498051720.222117]: Done 36%
[INFO] [1498051720.323020]: Done 37%
[INFO] [1498051720.423832]: Done 38%
[INFO] [1498051720.524781]: Done 39%
[INFO] [1498051720.626148]: Done 40%
[INFO] [1498051720.727022]: Done 42%
[INFO] [1498051720.827953]: Done 43%
[INFO] [1498051720.928841]: Done 44%
[INFO] [1498051721.030023]: Done 45%
[INFO] [1498051721.131893]: Done 46%
[INFO] [1498051721.232793]: Done 48%
[INFO] [1498051721.333780]: Done 49%
[INFO] [1498051721.434994]: Done 50%
[INFO] [1498051721.536059]: Done 51%
[INFO] [1498051721.637072]: Done 53%
[INFO] [1498051721.738216]: Done 54%
[INFO] [1498051721.839585]: Done 55%
[INFO] [1498051721.940767]: Done 56%
[INFO] [1498051722.042155]: Done 57%
[INFO] [1498051722.143486]: Done 59%
[INFO] [1498051722.244541]: Done 60%
[INFO] [1498051722.345570]: Done 61%
[INFO] [1498051722.446586]: Done 62%
[INFO] [1498051722.547713]: Done 63%
[INFO] [1498051722.648628]: Done 65%
[INFO] [1498051722.749732]: Done 66%
[INFO] [1498051722.850852]: Done 67%
[INFO] [1498051722.951742]: Done 68%
[INFO] [1498051723.052737]: Done 69%
[INFO] [1498051723.153567]: Done 71%
[INFO] [1498051723.254474]: Done 72%
[INFO] [1498051723.355289]: Done 73%
[INFO] [1498051723.456115]: Done 74%
[INFO] [1498051723.557019]: Done 75%
[INFO] [1498051723.657934]: Done 77%
[INFO] [1498051723.758852]: Done 78%
[INFO] [1498051723.859863]: Done 79%
[INFO] [1498051723.960939]: Done 80%
[INFO] [1498051724.061824]: Done 81%
[INFO] [1498051724.162609]: Done 83%
[INFO] [1498051724.263589]: Done 84%
[INFO] [1498051724.364532]: Done 85%
[INFO] [1498051724.465545]: Done 86%
[INFO] [1498051724.566406]: Done 87%
[INFO] [1498051724.667561]: Done 89%
[INFO] [1498051724.769109]: Done 90%
[INFO] [1498051724.870204]: Done 91%
[INFO] [1498051724.971266]: Done 92%
[INFO] [1498051725.072416]: Done 93%
[INFO] [1498051725.173591]: Done 95%
[INFO] [1498051725.274479]: Done 96%
[INFO] [1498051725.375420]: Done 97%
[INFO] [1498051725.476433]: /move_sandbox_items: Succeeded
[INFO] [1498051727.243865]: /move_sandbox_items: Received a request to move hippo to 0.29, -0.02. Let's do that
[INFO] [1498051727.244501]: Moving hippo to -0.00,-0.08
[INFO] [1498051727.244763]: Requesting a plan...
[INFO] [1498051727.354733]: Received trajectory! As requested, waiting -0.000485441s before starting...
[INFO] [1498051727.355099]: Waiting a bit more (0.0s) to give the robot time to prepare...
[INFO] [1498051727.355360]: Starting to play trajectory!
[INFO] [1498051727.355735]: Done 0%
[INFO] [1498051727.456590]: Done 7%
[INFO] [1498051727.557694]: Done 14%
[INFO] [1498051727.658724]: Done 21%
[INFO] [1498051727.759704]: Done 28%
[INFO] [1498051727.860833]: Done 35%
[INFO] [1498051727.961814]: Done 42%
[INFO] [1498051728.062860]: Done 50%
[INFO] [1498051728.168750]: Done 57%
[INFO] [1498051728.269713]: Done 64%
[INFO] [1498051728.370623]: Done 71%
[INFO] [1498051728.471915]: Done 78%
[INFO] [1498051728.572918]: Done 85%
[INFO] [1498051728.673924]: /move_sandbox_items: Succeeded
[INFO] [1498051730.980900]: /move_sandbox_items: Received a request to move girl to 0.49, -0.06. Let's do that
[INFO] [1498051730.981674]: Moving girl to 0.18,0.45
[INFO] [1498051730.981961]: Requesting a plan...
[INFO] [1498051731.191709]: Received trajectory! As requested, waiting -0.037472779s before starting...
[INFO] [1498051731.192079]: Waiting a bit more (0.0s) to give the robot time to prepare...
[INFO] [1498051731.192352]: Starting to play trajectory!
[INFO] [1498051731.192959]: Done 0%
[INFO] [1498051731.294260]: Done 0%
[INFO] [1498051731.395162]: Done 1%
[INFO] [1498051731.498699]: Done 2%
[INFO] [1498051731.599537]: Done 3%
[INFO] [1498051731.700807]: Done 4%
[INFO] [1498051731.801969]: Done 5%
[INFO] [1498051731.903637]: Done 6%
[INFO] [1498051732.005013]: Done 7%
[INFO] [1498051732.106324]: Done 8%
[INFO] [1498051732.207365]: Done 9%
[INFO] [1498051732.308481]: Done 10%
[INFO] [1498051732.409772]: Done 11%
[INFO] [1498051732.512793]: Done 12%
[INFO] [1498051732.613768]: Done 12%
[INFO] [1498051732.714747]: Done 13%
[INFO] [1498051732.815687]: Done 14%
[INFO] [1498051732.916636]: Done 15%
[INFO] [1498051733.017632]: Done 16%
[INFO] [1498051733.118638]: Done 17%
[INFO] [1498051733.219659]: Done 18%
[INFO] [1498051733.320644]: Done 19%
[INFO] [1498051733.421604]: Done 20%
[INFO] [1498051733.523102]: Done 21%
[INFO] [1498051733.624087]: Done 22%
[INFO] [1498051733.724995]: Done 23%
[INFO] [1498051733.826131]: Done 24%
[INFO] [1498051733.927140]: Done 25%
[INFO] [1498051734.028077]: Done 25%
[INFO] [1498051734.129084]: Done 26%
[INFO] [1498051734.230176]: Done 27%
[INFO] [1498051734.331331]: Done 28%
[INFO] [1498051734.432268]: Done 29%
[INFO] [1498051734.533441]: Done 30%
[INFO] [1498051734.634523]: Done 31%
[INFO] [1498051734.735354]: Done 32%
[INFO] [1498051734.836159]: Done 33%
[INFO] [1498051734.937184]: Done 34%
[INFO] [1498051735.038084]: Done 35%
[INFO] [1498051735.138924]: Done 36%
[INFO] [1498051735.239883]: Done 37%
[INFO] [1498051735.340696]: Done 37%
[INFO] [1498051735.441541]: Done 38%
[INFO] [1498051735.542471]: Done 39%
[INFO] [1498051735.643432]: Done 40%
[INFO] [1498051735.744538]: Done 41%
[INFO] [1498051735.845343]: Done 42%
[INFO] [1498051735.946153]: Done 43%
[INFO] [1498051736.047183]: Done 44%
[INFO] [1498051736.148106]: Done 45%
[INFO] [1498051736.248960]: Done 46%
[INFO] [1498051736.349914]: Done 47%
[INFO] [1498051736.451006]: Done 48%
[INFO] [1498051736.551860]: Done 49%
[INFO] [1498051736.652641]: Done 50%
[INFO] [1498051736.753580]: Done 50%
[INFO] [1498051736.854648]: Done 51%
[INFO] [1498051736.955644]: Done 52%
[INFO] [1498051737.056660]: Done 53%
[INFO] [1498051737.158066]: Done 54%
[INFO] [1498051737.262194]: Done 55%
[INFO] [1498051737.363403]: Done 56%
[INFO] [1498051737.464607]: Done 57%
[INFO] [1498051737.565512]: Done 58%
[INFO] [1498051737.666401]: Done 59%
[INFO] [1498051737.767398]: Done 60%
[INFO] [1498051737.868401]: Done 61%
[INFO] [1498051737.969330]: Done 62%
[INFO] [1498051738.070260]: Done 62%
[INFO] [1498051738.171173]: Done 63%
[INFO] [1498051738.272085]: Done 64%
[INFO] [1498051738.373009]: Done 65%
[INFO] [1498051738.473962]: Done 66%
[INFO] [1498051738.575110]: Done 67%
[INFO] [1498051738.676061]: Done 68%
[INFO] [1498051738.777202]: Done 69%
[INFO] [1498051738.879772]: Done 70%
[INFO] [1498051738.980586]: Done 71%
[INFO] [1498051739.081387]: Done 72%
[INFO] [1498051739.182299]: Done 73%
[INFO] [1498051739.283401]: Done 74%
[INFO] [1498051739.384224]: Done 75%
[INFO] [1498051739.485076]: Done 75%
[INFO] [1498051739.585950]: Done 76%
[INFO] [1498051739.686748]: Done 77%
[INFO] [1498051739.787558]: Done 78%
[INFO] [1498051739.888591]: Done 79%
[INFO] [1498051739.989488]: Done 80%
[INFO] [1498051740.090417]: Done 81%
[INFO] [1498051740.191467]: Done 82%
[INFO] [1498051740.292288]: Done 83%
[INFO] [1498051740.393249]: Done 84%
[INFO] [1498051740.494106]: Done 85%
[INFO] [1498051740.595023]: Done 86%
[INFO] [1498051740.696029]: Done 87%
[INFO] [1498051740.796962]: Done 87%
[INFO] [1498051740.897972]: Done 88%
[INFO] [1498051740.999011]: Done 89%
[INFO] [1498051741.100042]: Done 90%
[INFO] [1498051741.201142]: Done 91%
[INFO] [1498051741.301998]: Done 92%
[INFO] [1498051741.403208]: Done 93%
[INFO] [1498051741.504187]: Done 94%
[INFO] [1498051741.605057]: Done 95%
[INFO] [1498051741.706050]: Done 96%
[INFO] [1498051741.807032]: Done 97%
[INFO] [1498051741.907917]: Done 98%
[INFO] [1498051742.009171]: /move_sandbox_items: Succeeded
[INFO] [1498051786.214848]: /move_sandbox_items: Received a request to move caravan to 0.39, -0.07. Let's do that
[INFO] [1498051786.218655]: Moving caravan to 0.08,0.00
[INFO] [1498051786.219089]: Requesting a plan...
[INFO] [1498051786.354866]: Received trajectory! As requested, waiting -0.000532947s before starting...
[INFO] [1498051786.355287]: Waiting a bit more (0.0s) to give the robot time to prepare...
[INFO] [1498051786.355625]: Starting to play trajectory!
[INFO] [1498051786.356163]: Done 0%
[INFO] [1498051786.457046]: Done 6%
[INFO] [1498051786.558043]: Done 12%
[INFO] [1498051786.660700]: Done 18%
[INFO] [1498051786.761615]: Done 25%
[INFO] [1498051786.862555]: Done 31%
[INFO] [1498051786.963656]: Done 37%
[INFO] [1498051787.064890]: Done 43%
[INFO] [1498051787.170239]: Done 50%
[INFO] [1498051787.271129]: Done 56%
[INFO] [1498051787.372146]: Done 62%
[INFO] [1498051787.473252]: Done 68%
[INFO] [1498051787.574538]: Done 75%
[INFO] [1498051787.675778]: Done 81%
[INFO] [1498051787.777107]: Done 87%
[INFO] [1498051787.882226]: /move_sandbox_items: Succeeded
[INFO] [1498051793.425603]: /move_sandbox_items: Received a request to move crocodile to 0.29, -0.02. Let's do that
[INFO] [1498051793.426236]: Moving crocodile to -0.05,0.05
[INFO] [1498051793.426497]: Requesting a plan...
[INFO] [1498051793.589916]: Received trajectory! As requested, waiting -0.035586101s before starting...
[INFO] [1498051793.590299]: Waiting a bit more (0.0s) to give the robot time to prepare...
[INFO] [1498051793.590576]: Starting to play trajectory!
[INFO] [1498051793.590976]: Done 0%
[INFO] [1498051793.691746]: Done 7%
[INFO] [1498051793.792752]: Done 14%
[INFO] [1498051793.893707]: Done 21%
[INFO] [1498051793.994735]: Done 28%
[INFO] [1498051794.104116]: Done 35%
[INFO] [1498051794.205537]: Done 42%
[INFO] [1498051794.307466]: Done 50%
[INFO] [1498051794.409462]: Done 57%
[INFO] [1498051794.510934]: Done 64%
[INFO] [1498051794.611922]: Done 71%
[INFO] [1498051794.712940]: Done 78%
[INFO] [1498051794.814019]: Done 85%
[INFO] [1498051794.915035]: /move_sandbox_items: Succeeded
[INFO] [1498051797.234430]: /move_sandbox_items: Received a request to move crocodile to 0.29, -0.02. Let's do that
[INFO] [1498051797.235159]: Moving crocodile to 0.10,0.02
[INFO] [1498051797.235453]: Requesting a plan...
[INFO] [1498051797.354977]: Received trajectory! As requested, waiting -0.000817657s before starting...
[INFO] [1498051797.355823]: Waiting a bit more (0.0s) to give the robot time to prepare...
[INFO] [1498051797.356213]: Starting to play trajectory!
[INFO] [1498051797.356638]: Done 0%
[INFO] [1498051797.457530]: Done 5%
[INFO] [1498051797.564743]: Done 10%
[INFO] [1498051797.666021]: Done 15%
[INFO] [1498051797.767052]: Done 20%
[INFO] [1498051797.868108]: Done 25%
[INFO] [1498051797.968986]: Done 30%
[INFO] [1498051798.075181]: Done 35%
[INFO] [1498051798.176191]: Done 40%
[INFO] [1498051798.284390]: Done 45%
[INFO] [1498051798.389117]: Done 50%
[INFO] [1498051798.490165]: Done 55%
[INFO] [1498051798.591188]: Done 60%
[INFO] [1498051798.692646]: Done 65%
[INFO] [1498051798.794188]: Done 70%
[INFO] [1498051798.895071]: Done 75%
[INFO] [1498051798.996032]: Done 80%
[INFO] [1498051799.097075]: Done 85%
[INFO] [1498051799.198159]: Done 90%
[INFO] [1498051799.300016]: /move_sandbox_items: Succeeded
[INFO] [1498051801.278707]: /move_sandbox_items: Received a request to move crocodile to 0.29, -0.02. Let's do that
[INFO] [1498051801.279579]: Moving crocodile to -0.01,-0.04
[INFO] [1498051801.279990]: Requesting a plan...
[INFO] [1498051801.368327]: Received trajectory! As requested, waiting -0.014145775s before starting...
[INFO] [1498051801.368816]: Waiting a bit more (0.0s) to give the robot time to prepare...
[INFO] [1498051801.369176]: Starting to play trajectory!
[INFO] [1498051801.369661]: Done 0%
[INFO] [1498051801.470619]: Done 11%
[INFO] [1498051801.571764]: Done 22%
[INFO] [1498051801.673169]: Done 33%
[INFO] [1498051801.774069]: Done 44%
[INFO] [1498051801.875009]: Done 55%
[INFO] [1498051801.976016]: Done 66%
[INFO] [1498051802.076892]: Done 77%
[INFO] [1498051802.178342]: /move_sandbox_items: Succeeded
[INFO] [1498051804.593543]: /move_sandbox_items: Received a request to move hippo to 0.29, -0.02. Let's do that
[INFO] [1498051804.598963]: Moving hippo to -0.04,-0.15
[INFO] [1498051804.599334]: Requesting a plan...
[INFO] [1498051804.779148]: Received trajectory! As requested, waiting -0.024796992s before starting...
[INFO] [1498051804.779626]: Waiting a bit more (0.0s) to give the robot time to prepare...
[INFO] [1498051804.779950]: Starting to play trajectory!
[INFO] [1498051804.781548]: Done 0%
[INFO] [1498051804.882552]: Done 2%
[INFO] [1498051804.983626]: Done 5%
[INFO] [1498051805.084822]: Done 7%
[INFO] [1498051805.191469]: Done 10%
[INFO] [1498051805.292539]: Done 12%
[INFO] [1498051805.393760]: Done 15%
[INFO] [1498051805.498346]: Done 17%
[INFO] [1498051805.599529]: Done 20%
[INFO] [1498051805.700673]: Done 22%
[INFO] [1498051805.803607]: Done 25%
[INFO] [1498051805.904795]: Done 27%
[INFO] [1498051806.005847]: Done 30%
[INFO] [1498051806.106735]: Done 32%
[INFO] [1498051806.207792]: Done 35%
[INFO] [1498051806.308780]: Done 37%
[INFO] [1498051806.410603]: Done 40%
[INFO] [1498051806.513947]: Done 42%
[INFO] [1498051806.614810]: Done 45%
[INFO] [1498051806.715734]: Done 47%
[INFO] [1498051806.816723]: Done 50%
[INFO] [1498051806.917699]: Done 52%
[INFO] [1498051807.018484]: Done 55%
[INFO] [1498051807.119360]: Done 57%
[INFO] [1498051807.220627]: Done 60%
[INFO] [1498051807.328456]: Done 62%
[INFO] [1498051807.430293]: Done 65%
[INFO] [1498051807.531355]: Done 67%
[INFO] [1498051807.632807]: Done 70%
[INFO] [1498051807.733852]: Done 72%
[INFO] [1498051807.834874]: Done 75%
[INFO] [1498051807.936000]: Done 77%
[INFO] [1498051808.036932]: Done 80%
[INFO] [1498051808.137788]: Done 82%
[INFO] [1498051808.238750]: Done 85%
[INFO] [1498051808.349054]: Done 87%
[INFO] [1498051808.450475]: Done 90%
[INFO] [1498051808.551845]: Done 92%
[INFO] [1498051808.652823]: Done 95%
[INFO] [1498051808.753856]: /move_sandbox_items: Succeeded
[INFO] [1498051810.922588]: /move_sandbox_items: Received a request to move hippo to 0.29, -0.02. Let's do that
[INFO] [1498051810.924355]: Moving hippo to -0.02,-0.02
[INFO] [1498051810.924726]: Requesting a plan...
[INFO] [1498051810.982222]: Received trajectory! As requested, waiting -0.027952535s before starting...
[INFO] [1498051810.982637]: Waiting a bit more (0.0s) to give the robot time to prepare...
[INFO] [1498051810.982936]: Starting to play trajectory!
[INFO] [1498051810.983555]: Done 0%
[INFO] [1498051811.084524]: Done 9%
[INFO] [1498051811.185620]: Done 18%
[INFO] [1498051811.286702]: Done 27%
[INFO] [1498051811.387861]: Done 36%
[INFO] [1498051811.488891]: Done 45%
[INFO] [1498051811.590779]: Done 54%
[INFO] [1498051811.691763]: Done 63%
[INFO] [1498051811.792801]: Done 72%
[INFO] [1498051811.893724]: Done 81%
[INFO] [1498051811.994973]: /move_sandbox_items: Succeeded
[INFO] [1498051813.833609]: /move_sandbox_items: Received a request to move zebra to 0.39, -0.07. Let's do that
[INFO] [1498051813.834341]: Moving zebra to -0.24,-0.15
[INFO] [1498051813.834759]: Requesting a plan...
[INFO] [1498051813.955867]: Received trajectory! As requested, waiting -0.001613643s before starting...
[INFO] [1498051813.956263]: Waiting a bit more (0.0s) to give the robot time to prepare...
[INFO] [1498051813.956839]: Starting to play trajectory!
[INFO] [1498051813.957481]: Done 0%
[INFO] [1498051814.058516]: Done 1%
[INFO] [1498051814.159631]: Done 3%
[INFO] [1498051814.260773]: Done 5%
[INFO] [1498051814.361841]: Done 7%
[INFO] [1498051814.462885]: Done 8%
[INFO] [1498051814.564197]: Done 10%
[INFO] [1498051814.665036]: Done 12%
[INFO] [1498051814.766312]: Done 14%
[INFO] [1498051814.867467]: Done 16%
[INFO] [1498051814.968869]: Done 17%
[INFO] [1498051815.069916]: Done 19%
[INFO] [1498051815.171261]: Done 21%
[INFO] [1498051815.272175]: Done 23%
[INFO] [1498051815.373258]: Done 25%
[INFO] [1498051815.474882]: Done 26%
[INFO] [1498051815.575796]: Done 28%
[INFO] [1498051815.676978]: Done 30%
[INFO] [1498051815.777862]: Done 32%
[INFO] [1498051815.878964]: Done 33%
[INFO] [1498051815.980037]: Done 35%
[INFO] [1498051816.082037]: Done 37%
[INFO] [1498051816.183135]: Done 39%
[INFO] [1498051816.284333]: Done 41%
[INFO] [1498051816.385490]: Done 42%
[INFO] [1498051816.486495]: Done 44%
[INFO] [1498051816.587510]: Done 46%
[INFO] [1498051816.688609]: Done 48%
[INFO] [1498051816.789608]: Done 50%
[INFO] [1498051816.890721]: Done 51%
[INFO] [1498051816.991687]: Done 53%
[INFO] [1498051817.092751]: Done 55%
[INFO] [1498051817.193875]: Done 57%
[INFO] [1498051817.295040]: Done 58%
[INFO] [1498051817.396094]: Done 60%
[INFO] [1498051817.497871]: Done 62%
[INFO] [1498051817.598956]: Done 64%
[INFO] [1498051817.700064]: Done 66%
[INFO] [1498051817.800995]: Done 67%
[INFO] [1498051817.902018]: Done 69%
[INFO] [1498051818.002875]: Done 71%
[INFO] [1498051818.104044]: Done 73%
[INFO] [1498051818.204964]: Done 75%
[INFO] [1498051818.306446]: Done 76%
[INFO] [1498051818.407488]: Done 78%
[INFO] [1498051818.508295]: Done 80%
[INFO] [1498051818.609460]: Done 82%
[INFO] [1498051818.710442]: Done 83%
[INFO] [1498051818.811356]: Done 85%
[INFO] [1498051818.912300]: Done 87%
[INFO] [1498051819.013242]: Done 89%
[INFO] [1498051819.114182]: Done 91%
[INFO] [1498051819.215203]: Done 92%
[INFO] [1498051819.316192]: Done 94%
[INFO] [1498051819.417198]: Done 96%
[INFO] [1498051819.518454]: /move_sandbox_items: Succeeded
[INFO] [1498051821.888197]: /move_sandbox_items: Received a request to move crocodile to 0.29, -0.02. Let's do that
[INFO] [1498051821.888917]: Moving crocodile to 0.03,0.02
[INFO] [1498051821.889227]: Requesting a plan...
[INFO] [1498051821.954721]: Received trajectory! As requested, waiting -0.00041138s before starting...
[INFO] [1498051821.955165]: Waiting a bit more (0.0s) to give the robot time to prepare...
[INFO] [1498051821.955491]: Starting to play trajectory!
[INFO] [1498051821.956034]: Done 0%
[INFO] [1498051822.056977]: Done 11%
[INFO] [1498051822.158011]: Done 22%
[INFO] [1498051822.258928]: Done 33%
[INFO] [1498051822.361083]: Done 44%
[INFO] [1498051822.462400]: Done 55%
[INFO] [1498051822.565904]: Done 66%
[INFO] [1498051822.667033]: Done 77%
[INFO] [1498051822.768280]: /move_sandbox_items: Succeeded
[INFO] [1498051824.889189]: /move_sandbox_items: Received a request to move boy to 0.39, -0.07. Let's do that
[INFO] [1498051824.889981]: Moving boy to -0.17,0.14
[INFO] [1498051824.890323]: Requesting a plan...
[INFO] [1498051824.955468]: Received trajectory! As requested, waiting -0.001085214s before starting...
[INFO] [1498051824.955980]: Waiting a bit more (0.0s) to give the robot time to prepare...
[INFO] [1498051824.956386]: Starting to play trajectory!
[INFO] [1498051824.957147]: Done 0%
[INFO] [1498051825.061507]: Done 2%
[INFO] [1498051825.163027]: Done 4%
[INFO] [1498051825.264278]: Done 6%
[INFO] [1498051825.365126]: Done 9%
[INFO] [1498051825.466135]: Done 11%
[INFO] [1498051825.567234]: Done 13%
[INFO] [1498051825.668309]: Done 15%
[INFO] [1498051825.769188]: Done 18%
[INFO] [1498051825.870655]: Done 20%
[INFO] [1498051825.971995]: Done 22%
[INFO] [1498051826.073375]: Done 25%
[INFO] [1498051826.174316]: Done 27%
[INFO] [1498051826.275316]: Done 29%
[INFO] [1498051826.376306]: Done 31%
[INFO] [1498051826.477401]: Done 34%
[INFO] [1498051826.578848]: Done 36%
[INFO] [1498051826.679748]: Done 38%
[INFO] [1498051826.780748]: Done 40%
[INFO] [1498051826.882535]: Done 43%
[INFO] [1498051826.983339]: Done 45%
[INFO] [1498051827.084393]: Done 47%
[INFO] [1498051827.185369]: Done 50%
[INFO] [1498051827.286399]: Done 52%
[INFO] [1498051827.387486]: Done 54%
[INFO] [1498051827.488445]: Done 56%
[INFO] [1498051827.589307]: Done 59%
[INFO] [1498051827.690286]: Done 61%
[INFO] [1498051827.791558]: Done 63%
[INFO] [1498051827.892538]: Done 65%
[INFO] [1498051827.993514]: Done 68%
[INFO] [1498051828.094329]: Done 70%
[INFO] [1498051828.195295]: Done 72%
[INFO] [1498051828.296494]: Done 75%
[INFO] [1498051828.397450]: Done 77%
[INFO] [1498051828.498407]: Done 79%
[INFO] [1498051828.599449]: Done 81%
[INFO] [1498051828.700462]: Done 84%
[INFO] [1498051828.802200]: Done 86%
[INFO] [1498051828.903078]: Done 88%
[INFO] [1498051829.004116]: Done 90%
[INFO] [1498051829.105154]: Done 93%
[INFO] [1498051829.206241]: Done 95%
[INFO] [1498051829.307620]: /move_sandbox_items: Succeeded
[INFO] [1498051841.599191]: /move_sandbox_items: Received a request to move ball to 0.39, -0.07. Let's do that
[INFO] [1498051841.600195]: Moving ball to -0.01,-0.25
[INFO] [1498051841.600603]: Requesting a plan...
[INFO] [1498051841.782678]: Received trajectory! As requested, waiting -0.028439173s before starting...
[INFO] [1498051841.783334]: Waiting a bit more (0.0s) to give the robot time to prepare...
[INFO] [1498051841.783670]: Starting to play trajectory!
[INFO] [1498051841.784181]: Done 0%
[INFO] [1498051841.885338]: Done 1%
[INFO] [1498051841.986312]: Done 3%
[INFO] [1498051842.087292]: Done 5%
[INFO] [1498051842.188176]: Done 7%
[INFO] [1498051842.289070]: Done 8%
[INFO] [1498051842.390210]: Done 10%
[INFO] [1498051842.491113]: Done 12%
[INFO] [1498051842.592074]: Done 14%
[INFO] [1498051842.693169]: Done 15%
[INFO] [1498051842.794198]: Done 17%
[INFO] [1498051842.895174]: Done 19%
[INFO] [1498051842.995960]: Done 21%
[INFO] [1498051843.096933]: Done 22%
[INFO] [1498051843.197900]: Done 24%
[INFO] [1498051843.298754]: Done 26%
[INFO] [1498051843.399740]: Done 28%
[INFO] [1498051843.501323]: Done 29%
[INFO] [1498051843.603263]: Done 31%
[INFO] [1498051843.704682]: Done 33%
[INFO] [1498051843.805787]: Done 35%
[INFO] [1498051843.907030]: Done 36%
[INFO] [1498051844.008160]: Done 38%
[INFO] [1498051844.110823]: Done 40%
[INFO] [1498051844.213531]: Done 42%
[INFO] [1498051844.315142]: Done 43%
[INFO] [1498051844.417156]: Done 45%
[INFO] [1498051844.518405]: Done 47%
[INFO] [1498051844.619586]: Done 49%
[INFO] [1498051844.720832]: Done 50%
[INFO] [1498051844.822138]: Done 52%
[INFO] [1498051844.923544]: Done 54%
[INFO] [1498051845.025050]: Done 56%
[INFO] [1498051845.126173]: Done 57%
[INFO] [1498051845.227382]: Done 59%
[INFO] [1498051845.328817]: Done 61%
[INFO] [1498051845.430205]: Done 63%
[INFO] [1498051845.532205]: Done 64%
[INFO] [1498051845.634142]: Done 66%
[INFO] [1498051845.735143]: Done 68%
[INFO] [1498051845.836132]: Done 70%
[INFO] [1498051845.937213]: Done 71%
[INFO] [1498051846.038460]: Done 73%
[INFO] [1498051846.143887]: Done 75%
[INFO] [1498051846.246023]: Done 77%
[INFO] [1498051846.347813]: Done 78%
[INFO] [1498051846.450024]: Done 80%
[INFO] [1498051846.552546]: Done 82%
[INFO] [1498051846.653600]: Done 84%
[INFO] [1498051846.754524]: Done 85%
[INFO] [1498051846.855642]: Done 87%
[INFO] [1498051846.956814]: Done 89%
[INFO] [1498051847.057944]: Done 91%
[INFO] [1498051847.159001]: Done 92%
[INFO] [1498051847.260161]: Done 94%
[INFO] [1498051847.361739]: Done 96%
[INFO] [1498051847.463714]: /move_sandbox_items: Succeeded
[INFO] [1498051909.574700]: /move_sandbox_items: Received a request to move crocodile to 0.31, -0.06. Let's do that
[INFO] [1498051909.575528]: Moving crocodile to 0.03,0.03
[INFO] [1498051909.575903]: Requesting a plan...
[INFO] [1498051909.754860]: Received trajectory! As requested, waiting -0.000445722s before starting...
[INFO] [1498051909.756275]: Waiting a bit more (0.0s) to give the robot time to prepare...
[INFO] [1498051909.757688]: Starting to play trajectory!
[INFO] [1498051909.758654]: Done 0%
[INFO] [1498051909.860740]: Done 12%
[INFO] [1498051909.965269]: Done 25%
[INFO] [1498051910.066318]: Done 37%
[INFO] [1498051910.167337]: Done 50%
[INFO] [1498051910.268646]: Done 62%
[INFO] [1498051910.369638]: Done 75%
[INFO] [1498051910.470879]: /move_sandbox_items: Succeeded
[INFO] [1498051913.287405]: /move_sandbox_items: Received a request to move ball to 0.31, -0.09. Let's do that
[INFO] [1498051913.288154]: Moving ball to 0.04,0.08
[INFO] [1498051913.288421]: Requesting a plan...
[INFO] [1498051913.362430]: Received trajectory! As requested, waiting -0.008028112s before starting...
[INFO] [1498051913.362847]: Waiting a bit more (0.0s) to give the robot time to prepare...
[INFO] [1498051913.363410]: Starting to play trajectory!
[INFO] [1498051913.364201]: Done 0%
[INFO] [1498051913.465386]: Done 5%
[INFO] [1498051913.566500]: Done 10%
[INFO] [1498051913.667507]: Done 15%
[INFO] [1498051913.768548]: Done 20%
[INFO] [1498051913.869808]: Done 25%
[INFO] [1498051913.971039]: Done 30%
[INFO] [1498051914.076246]: Done 35%
[INFO] [1498051914.177453]: Done 40%
[INFO] [1498051914.278629]: Done 45%
[INFO] [1498051914.379607]: Done 50%
[INFO] [1498051914.480756]: Done 55%
[INFO] [1498051914.581856]: Done 60%
[INFO] [1498051914.682954]: Done 65%
[INFO] [1498051914.784114]: Done 70%
[INFO] [1498051914.885270]: Done 75%
[INFO] [1498051914.986328]: Done 80%
[INFO] [1498051915.087490]: Done 85%
[INFO] [1498051915.188578]: Done 90%
[INFO] [1498051915.289677]: /move_sandbox_items: Succeeded
[INFO] [1498051920.822440]: /move_sandbox_items: Received a request to move ball to 0.35, -0.08. Let's do that
[INFO] [1498051920.823185]: Moving ball to -0.04,-0.02
[INFO] [1498051920.823489]: Requesting a plan...
[INFO] [1498051920.954850]: Received trajectory! As requested, waiting -0.000524507s before starting...
[INFO] [1498051920.955306]: Waiting a bit more (0.0s) to give the robot time to prepare...
[INFO] [1498051920.955810]: Starting to play trajectory!
[INFO] [1498051920.956775]: Done 0%
[INFO] [1498051921.060039]: Done 10%
[INFO] [1498051921.161251]: Done 20%
[INFO] [1498051921.262162]: Done 30%
[INFO] [1498051921.366257]: Done 40%
[INFO] [1498051921.467324]: Done 50%
[INFO] [1498051921.568653]: Done 60%
[INFO] [1498051921.669771]: Done 70%
[INFO] [1498051921.770584]: Done 80%
[INFO] [1498051921.871648]: /move_sandbox_items: Succeeded
[INFO] [1498051986.062414]: /move_sandbox_items: Received a request to move ball to 0.40, -0.07. Let's do that
[INFO] [1498051986.063097]: Moving ball to 0.02,-0.07
[INFO] [1498051986.063282]: Requesting a plan...
[INFO] [1498051986.155086]: Received trajectory! As requested, waiting -0.000646193s before starting...
[INFO] [1498051986.155550]: Waiting a bit more (0.0s) to give the robot time to prepare...
[INFO] [1498051986.155892]: Starting to play trajectory!
[INFO] [1498051986.156352]: Done 0%
[INFO] [1498051986.257270]: Done 6%
[INFO] [1498051986.358363]: Done 12%
[INFO] [1498051986.459973]: Done 18%
[INFO] [1498051986.561114]: Done 25%
[INFO] [1498051986.662314]: Done 31%
[INFO] [1498051986.763159]: Done 37%
[INFO] [1498051986.864184]: Done 43%
[INFO] [1498051986.966033]: Done 50%
[INFO] [1498051987.067110]: Done 56%
[INFO] [1498051987.168048]: Done 62%
[INFO] [1498051987.269419]: Done 68%
[INFO] [1498051987.370737]: Done 75%
[INFO] [1498051987.471801]: Done 81%
[INFO] [1498051987.572877]: Done 87%
[INFO] [1498051987.679926]: /move_sandbox_items: Succeeded
[INFO] [1498051989.348686]: /move_sandbox_items: Received a request to move ball to 0.38, -0.05. Let's do that
[INFO] [1498051989.349468]: Moving ball to -0.03,0.01
[INFO] [1498051989.352425]: Requesting a plan...
[INFO] [1498051989.554541]: Received trajectory! As requested, waiting -0.000273438s before starting...
[INFO] [1498051989.554959]: Waiting a bit more (0.0s) to give the robot time to prepare...
[INFO] [1498051989.555249]: Starting to play trajectory!
[INFO] [1498051989.555832]: Done 0%
[INFO] [1498051989.657234]: Done 16%
[INFO] [1498051989.758269]: Done 33%
[INFO] [1498051989.859437]: Done 50%
[INFO] [1498051989.961327]: Done 66%
[INFO] [1498051990.062753]: /move_sandbox_items: Succeeded
[INFO] [1498052009.305995]: /move_sandbox_items: Received a request to move caravan to 0.30, -0.09. Let's do that
[INFO] [1498052009.306963]: Moving caravan to -0.04,-0.04
[INFO] [1498052009.307498]: Requesting a plan...
[INFO] [1498052009.354613]: Received trajectory! As requested, waiting -0.000436137s before starting...
[INFO] [1498052009.355046]: Waiting a bit more (0.0s) to give the robot time to prepare...
[INFO] [1498052009.355360]: Starting to play trajectory!
[INFO] [1498052009.355837]: Done 0%
[INFO] [1498052009.457584]: Done 9%
[INFO] [1498052009.561681]: Done 18%
[INFO] [1498052009.662807]: Done 27%
[INFO] [1498052009.764772]: Done 36%
[INFO] [1498052009.866228]: Done 45%
[INFO] [1498052009.969559]: Done 54%
[INFO] [1498052010.072290]: Done 63%
[INFO] [1498052010.173443]: Done 72%
[INFO] [1498052010.274550]: Done 81%
[INFO] [1498052010.375816]: /move_sandbox_items: Succeeded
[INFO] [1498052012.427932]: /move_sandbox_items: Received a request to move boy to 0.30, -0.09. Let's do that
[INFO] [1498052012.431615]: Moving boy to 0.03,-0.01
[INFO] [1498052012.431929]: Requesting a plan...
[INFO] [1498052012.580508]: Received trajectory! As requested, waiting -0.026314959s before starting...
[INFO] [1498052012.580969]: Waiting a bit more (0.0s) to give the robot time to prepare...
[INFO] [1498052012.581289]: Starting to play trajectory!
[INFO] [1498052012.581811]: Done 0%
[INFO] [1498052012.682785]: Done 16%
[INFO] [1498052012.783768]: Done 33%
[INFO] [1498052012.884720]: Done 50%
[INFO] [1498052012.987907]: Done 66%
[INFO] [1498052013.089774]: /move_sandbox_items: Succeeded
[INFO] [1498052024.217412]: /move_sandbox_items: Received a request to move boy to 0.30, -0.09. Let's do that
[INFO] [1498052024.218187]: Moving boy to 0.01,0.02
[INFO] [1498052024.218477]: Requesting a plan...
[INFO] [1498052024.354704]: Received trajectory! As requested, waiting -0.000296702s before starting...
[INFO] [1498052024.355163]: Waiting a bit more (0.0s) to give the robot time to prepare...
[INFO] [1498052024.355680]: Starting to play trajectory!
[INFO] [1498052024.356357]: Done 0%
[INFO] [1498052024.458050]: Done 25%
[INFO] [1498052024.559140]: Done 50%
[INFO] [1498052024.660260]: /move_sandbox_items: Succeeded
[INFO] [1498052027.767473]: /move_sandbox_items: Received a request to move caravan to 0.39, -0.08. Let's do that
[INFO] [1498052027.768426]: Moving caravan to -0.06,-0.11
[INFO] [1498052027.768788]: Requesting a plan...
[INFO] [1498052027.955025]: Received trajectory! As requested, waiting -0.000607734s before starting...
[INFO] [1498052027.956092]: Waiting a bit more (0.0s) to give the robot time to prepare...
[INFO] [1498052027.956435]: Starting to play trajectory!
[INFO] [1498052027.956907]: Done 0%
[INFO] [1498052028.057904]: Done 4%
[INFO] [1498052028.161686]: Done 9%
[INFO] [1498052028.262829]: Done 13%
[INFO] [1498052028.364010]: Done 18%
[INFO] [1498052028.465459]: Done 22%
[INFO] [1498052028.566498]: Done 27%
[INFO] [1498052028.667862]: Done 31%
[INFO] [1498052028.768895]: Done 36%
[INFO] [1498052028.870091]: Done 40%
[INFO] [1498052028.972002]: Done 45%
[INFO] [1498052029.072815]: Done 50%
[INFO] [1498052029.173884]: Done 54%
[INFO] [1498052029.274853]: Done 59%
[INFO] [1498052029.375821]: Done 63%
[INFO] [1498052029.477197]: Done 68%
[INFO] [1498052029.579356]: Done 72%
[INFO] [1498052029.680476]: Done 77%
[INFO] [1498052029.781351]: Done 81%
[INFO] [1498052029.882429]: Done 86%
[INFO] [1498052029.983305]: Done 90%
[INFO] [1498052030.084482]: /move_sandbox_items: Succeeded
[INFO] [1498052037.114867]: /move_sandbox_items: Received a request to move lion to 0.30, -0.08. Let's do that
[INFO] [1498052037.115510]: Moving lion to -0.10,-0.08
[INFO] [1498052037.115836]: Requesting a plan...
[INFO] [1498052037.155355]: Received trajectory! As requested, waiting -0.000996087s before starting...
[INFO] [1498052037.155734]: Waiting a bit more (0.0s) to give the robot time to prepare...
[INFO] [1498052037.156005]: Starting to play trajectory!
[INFO] [1498052037.156558]: Done 0%
[INFO] [1498052037.257442]: Done 3%
[INFO] [1498052037.358496]: Done 7%
[INFO] [1498052037.459559]: Done 11%
[INFO] [1498052037.560605]: Done 15%
[INFO] [1498052037.661593]: Done 19%
[INFO] [1498052037.764191]: Done 23%
[INFO] [1498052037.865372]: Done 26%
[INFO] [1498052037.966511]: Done 30%
[INFO] [1498052038.067633]: Done 34%
[INFO] [1498052038.168654]: Done 38%
[INFO] [1498052038.269726]: Done 42%
[INFO] [1498052038.371263]: Done 46%
[INFO] [1498052038.473061]: Done 50%
[INFO] [1498052038.574120]: Done 53%
[INFO] [1498052038.675176]: Done 57%
[INFO] [1498052038.779555]: Done 61%
[INFO] [1498052038.880562]: Done 65%
[INFO] [1498052038.981416]: Done 69%
[INFO] [1498052039.082544]: Done 73%
[INFO] [1498052039.183537]: Done 76%
[INFO] [1498052039.285008]: Done 80%
[INFO] [1498052039.385978]: Done 84%
[INFO] [1498052039.487229]: Done 88%
[INFO] [1498052039.588267]: Done 92%
[INFO] [1498052039.689474]: /move_sandbox_items: Succeeded
[INFO] [1498052041.056987]: /move_sandbox_items: Received a request to move lion to 0.30, -0.08. Let's do that
[INFO] [1498052041.057855]: Moving lion to 0.01,0.01
[INFO] [1498052041.058222]: Requesting a plan...
[INFO] [1498052041.154668]: Received trajectory! As requested, waiting -0.00035324s before starting...
[INFO] [1498052041.155127]: Waiting a bit more (0.0s) to give the robot time to prepare...
[INFO] [1498052041.155759]: Starting to play trajectory!
[INFO] [1498052041.159833]: Done 0%
[INFO] [1498052041.261034]: Done 33%
[INFO] [1498052041.363014]: /move_sandbox_items: Succeeded
[INFO] [1498052043.701050]: /move_sandbox_items: Received a request to move lion to 0.30, -0.08. Let's do that
[INFO] [1498052043.704479]: Moving lion to 0.00,0.02
[INFO] [1498052043.704848]: Requesting a plan...
[INFO] [1498052043.757231]: Received trajectory! As requested, waiting -0.002887593s before starting...
[INFO] [1498052043.757669]: Waiting a bit more (0.0s) to give the robot time to prepare...
[INFO] [1498052043.757989]: Starting to play trajectory!
[INFO] [1498052043.758518]: Done 0%
[INFO] [1498052043.859832]: Done 33%
[INFO] [1498052043.961306]: /move_sandbox_items: Succeeded
[INFO] [1498052046.166040]: /move_sandbox_items: Received a request to move elephant to 0.38, -0.05. Let's do that
[INFO] [1498052046.166685]: Moving elephant to 0.04,-0.07
[INFO] [1498052046.167041]: Requesting a plan...
[INFO] [1498052046.354961]: Received trajectory! As requested, waiting -0.000545225s before starting...
[INFO] [1498052046.355414]: Waiting a bit more (0.0s) to give the robot time to prepare...
[INFO] [1498052046.355856]: Starting to play trajectory!
[INFO] [1498052046.356320]: Done 0%
[INFO] [1498052046.457177]: Done 5%
[INFO] [1498052046.558604]: Done 11%
[INFO] [1498052046.661708]: Done 16%
[INFO] [1498052046.762710]: Done 22%
[INFO] [1498052046.863710]: Done 27%
[INFO] [1498052046.964672]: Done 33%
[INFO] [1498052047.066809]: Done 38%
[INFO] [1498052047.167751]: Done 44%
[INFO] [1498052047.268964]: Done 50%
[INFO] [1498052047.370068]: Done 55%
[INFO] [1498052047.471022]: Done 61%
[INFO] [1498052047.573827]: Done 66%
[INFO] [1498052047.675846]: Done 72%
[INFO] [1498052047.776832]: Done 77%
[INFO] [1498052047.878364]: Done 83%
[INFO] [1498052047.979487]: Done 88%
[INFO] [1498052048.081745]: /move_sandbox_items: Succeeded
[INFO] [1498052050.292866]: /move_sandbox_items: Received a request to move elephant to 0.38, -0.05. Let's do that
[INFO] [1498052050.293857]: Moving elephant to 0.02,-0.00
[INFO] [1498052050.294155]: Requesting a plan...
[INFO] [1498052050.355661]: Received trajectory! As requested, waiting -0.001397766s before starting...
[INFO] [1498052050.356124]: Waiting a bit more (0.0s) to give the robot time to prepare...
[INFO] [1498052050.356468]: Starting to play trajectory!
[INFO] [1498052050.356893]: Done 0%
[INFO] [1498052050.457657]: Done 20%
[INFO] [1498052050.558456]: Done 40%
[INFO] [1498052050.660413]: Done 60%
[INFO] [1498052050.761884]: /move_sandbox_items: Succeeded
[INFO] [1498052052.667687]: /move_sandbox_items: Received a request to move lion to 0.30, -0.08. Let's do that
[INFO] [1498052052.668429]: Moving lion to -0.01,0.03
[INFO] [1498052052.668724]: Requesting a plan...
[INFO] [1498052052.754541]: Received trajectory! As requested, waiting -0.000428244s before starting...
[INFO] [1498052052.754854]: Waiting a bit more (0.0s) to give the robot time to prepare...
[INFO] [1498052052.755431]: Starting to play trajectory!
[INFO] [1498052052.755963]: Done 0%
[INFO] [1498052052.857753]: Done 16%
[INFO] [1498052052.958706]: Done 33%
[INFO] [1498052053.060109]: Done 50%
[INFO] [1498052053.161188]: Done 66%
[INFO] [1498052053.262352]: /move_sandbox_items: Succeeded
[INFO] [1498052054.842018]: /move_sandbox_items: Received a request to move elephant to 0.38, -0.05. Let's do that
[INFO] [1498052054.842822]: Moving elephant to -0.05,-0.00
[INFO] [1498052054.843199]: Requesting a plan...
[INFO] [1498052054.954812]: Received trajectory! As requested, waiting -0.000501728s before starting...
[INFO] [1498052054.955293]: Waiting a bit more (0.0s) to give the robot time to prepare...
[INFO] [1498052054.955621]: Starting to play trajectory!
[INFO] [1498052054.956072]: Done 0%
[INFO] [1498052055.056898]: Done 8%
[INFO] [1498052055.158084]: Done 16%
[INFO] [1498052055.259359]: Done 25%
[INFO] [1498052055.360456]: Done 33%
[INFO] [1498052055.461633]: Done 41%
[INFO] [1498052055.562681]: Done 50%
[INFO] [1498052055.663664]: Done 58%
[INFO] [1498052055.764908]: Done 66%
[INFO] [1498052055.866185]: Done 75%
[INFO] [1498052055.967751]: Done 83%
[INFO] [1498052056.068926]: /move_sandbox_items: Succeeded
[INFO] [1498052065.760555]: /move_sandbox_items: Received a request to move elephant to 0.38, -0.05. Let's do that
[INFO] [1498052065.761210]: Moving elephant to -0.03,-0.01
[INFO] [1498052065.761461]: Requesting a plan...
[INFO] [1498052065.954524]: Received trajectory! As requested, waiting -0.000330879s before starting...
[INFO] [1498052065.954974]: Waiting a bit more (0.0s) to give the robot time to prepare...
[INFO] [1498052065.955247]: Starting to play trajectory!
[INFO] [1498052065.955703]: Done 0%
[INFO] [1498052066.056527]: Done 16%
[INFO] [1498052066.157550]: Done 33%
[INFO] [1498052066.258591]: Done 50%
[INFO] [1498052066.359732]: Done 66%
[INFO] [1498052066.461318]: /move_sandbox_items: Succeeded
[INFO] [1498052080.363666]: /move_sandbox_items: Received a request to move lion to 0.31, -0.09. Let's do that
[INFO] [1498052080.364986]: Moving lion to -0.02,-0.00
[INFO] [1498052080.365755]: Requesting a plan...
[INFO] [1498052080.554709]: Received trajectory! As requested, waiting -0.000355679s before starting...
[INFO] [1498052080.555077]: Waiting a bit more (0.0s) to give the robot time to prepare...
[INFO] [1498052080.555340]: Starting to play trajectory!
[INFO] [1498052080.555735]: Done 0%
[INFO] [1498052080.663189]: Done 20%
[INFO] [1498052080.764600]: Done 40%
[INFO] [1498052080.865571]: Done 60%
[INFO] [1498052080.966612]: /move_sandbox_items: Succeeded
[INFO] [1498052082.380332]: /move_sandbox_items: Received a request to move lion to 0.31, -0.09. Let's do that
[INFO] [1498052082.381244]: Moving lion to -0.01,-0.00
[INFO] [1498052082.381588]: Requesting a plan...
[INFO] [1498052082.554378]: Received trajectory! As requested, waiting -0.000250155s before starting...
[INFO] [1498052082.554809]: Waiting a bit more (0.0s) to give the robot time to prepare...
[INFO] [1498052082.555189]: Starting to play trajectory!
[INFO] [1498052082.555915]: Done 0%
[INFO] [1498052082.657956]: Done 25%
[INFO] [1498052082.759219]: Done 50%
[INFO] [1498052082.860521]: /move_sandbox_items: Succeeded
[INFO] [1498052085.095960]: /move_sandbox_items: Received a request to move lion to 0.31, -0.09. Let's do that
[INFO] [1498052085.096634]: Moving lion to -0.02,0.01
[INFO] [1498052085.096973]: Requesting a plan...
[INFO] [1498052085.154892]: Received trajectory! As requested, waiting -0.000444349s before starting...
[INFO] [1498052085.155312]: Waiting a bit more (0.0s) to give the robot time to prepare...
[INFO] [1498052085.155628]: Starting to play trajectory!
[INFO] [1498052085.156080]: Done 0%
[INFO] [1498052085.256901]: Done 20%
[INFO] [1498052085.360081]: Done 40%
[INFO] [1498052085.461155]: Done 60%
[INFO] [1498052085.562349]: /move_sandbox_items: Succeeded
[INFO] [1498052127.830981]: /move_sandbox_items: Received a request to move lion to 0.31, -0.09. Let's do that
[INFO] [1498052127.831769]: Moving lion to -0.01,0.00
[INFO] [1498052127.832068]: Requesting a plan...
[INFO] [1498052127.955131]: Received trajectory! As requested, waiting -0.000417202s before starting...
[INFO] [1498052127.955713]: Waiting a bit more (0.0s) to give the robot time to prepare...
[INFO] [1498052127.956164]: Starting to play trajectory!
[INFO] [1498052127.956906]: Done 0%
[INFO] [1498052128.058454]: Done 33%
[INFO] [1498052128.159830]: /move_sandbox_items: Succeeded
[INFO] [1498052147.980425]: /move_sandbox_items: Received a request to move lion to 0.31, -0.09. Let's do that
[INFO] [1498052147.982018]: Moving lion to -0.01,0.00
[INFO] [1498052147.982407]: Requesting a plan...
[INFO] [1498052148.155416]: Received trajectory! As requested, waiting -0.001010493s before starting...
[INFO] [1498052148.156018]: Waiting a bit more (0.0s) to give the robot time to prepare...
[INFO] [1498052148.156449]: Starting to play trajectory!
[INFO] [1498052148.157147]: Done 0%
[INFO] [1498052148.258474]: Done 33%
[INFO] [1498052148.359822]: /move_sandbox_items: Succeeded
[INFO] [1498052150.874587]: /move_sandbox_items: Received a request to move lion to 0.31, -0.09. Let's do that
[INFO] [1498052150.875410]: Moving lion to -0.10,-0.07
[INFO] [1498052150.875688]: Requesting a plan...
[INFO] [1498052150.982099]: Received trajectory! As requested, waiting -0.027917089s before starting...
[INFO] [1498052150.982683]: Waiting a bit more (0.0s) to give the robot time to prepare...
[INFO] [1498052150.983156]: Starting to play trajectory!
[INFO] [1498052150.983854]: Done 0%
[INFO] [1498052151.086494]: Done 3%
[INFO] [1498052151.187535]: Done 6%
[INFO] [1498052151.288650]: Done 10%
[INFO] [1498052151.389830]: Done 13%
[INFO] [1498052151.492047]: Done 17%
[INFO] [1498052151.593350]: Done 20%
[INFO] [1498052151.697248]: Done 24%
[INFO] [1498052151.798859]: Done 27%
[INFO] [1498052151.899884]: Done 31%
[INFO] [1498052152.001602]: Done 34%
[INFO] [1498052152.102777]: Done 37%
[INFO] [1498052152.204068]: Done 41%
[INFO] [1498052152.305125]: Done 44%
[INFO] [1498052152.406426]: Done 48%
[INFO] [1498052152.507311]: Done 51%
[INFO] [1498052152.608402]: Done 55%
[INFO] [1498052152.709250]: Done 58%
[INFO] [1498052152.812792]: Done 62%
[INFO] [1498052152.915154]: Done 65%
[INFO] [1498052153.016737]: Done 68%
[INFO] [1498052153.117889]: Done 72%
[INFO] [1498052153.218742]: Done 75%
[INFO] [1498052153.319672]: Done 79%
[INFO] [1498052153.420671]: Done 82%
[INFO] [1498052153.521745]: Done 86%
[INFO] [1498052153.622953]: Done 89%
[INFO] [1498052153.726087]: Done 93%
[INFO] [1498052153.827485]: /move_sandbox_items: Succeeded
[INFO] [1498052155.331394]: /move_sandbox_items: Received a request to move zebra to 0.22, -0.06. Let's do that
[INFO] [1498052155.332119]: Moving zebra to 0.06,-0.04
[INFO] [1498052155.332341]: Requesting a plan...
[INFO] [1498052155.354709]: Received trajectory! As requested, waiting -0.000524421s before starting...
[INFO] [1498052155.355343]: Waiting a bit more (0.0s) to give the robot time to prepare...
[INFO] [1498052155.355679]: Starting to play trajectory!
[INFO] [1498052155.356223]: Done 0%
[INFO] [1498052155.457143]: Done 6%
[INFO] [1498052155.559692]: Done 12%
[INFO] [1498052155.661333]: Done 18%
[INFO] [1498052155.762955]: Done 25%
[INFO] [1498052155.864443]: Done 31%
[INFO] [1498052155.965735]: Done 37%
[INFO] [1498052156.066824]: Done 43%
[INFO] [1498052156.169360]: Done 50%
[INFO] [1498052156.270897]: Done 56%
[INFO] [1498052156.371901]: Done 62%
[INFO] [1498052156.472955]: Done 68%
[INFO] [1498052156.573937]: Done 75%
[INFO] [1498052156.675061]: Done 81%
[INFO] [1498052156.777620]: Done 87%
[INFO] [1498052156.879137]: /move_sandbox_items: Succeeded
[INFO] [1498052158.351512]: /move_sandbox_items: Received a request to move lion to 0.31, -0.09. Let's do that
[INFO] [1498052158.352445]: Moving lion to -0.02,-0.07
[INFO] [1498052158.352833]: Requesting a plan...
[INFO] [1498052158.578093]: Received trajectory! As requested, waiting -0.023773207s before starting...
[INFO] [1498052158.578736]: Waiting a bit more (0.0s) to give the robot time to prepare...
[INFO] [1498052158.579001]: Starting to play trajectory!
[INFO] [1498052158.579442]: Done 0%
[INFO] [1498052158.680332]: Done 8%
[INFO] [1498052158.781279]: Done 16%
[INFO] [1498052158.882159]: Done 25%
[INFO] [1498052158.982993]: Done 33%
[INFO] [1498052159.083819]: Done 41%
[INFO] [1498052159.185868]: Done 50%
[INFO] [1498052159.287240]: Done 58%
[INFO] [1498052159.388164]: Done 66%
[INFO] [1498052159.489198]: Done 75%
[INFO] [1498052159.590173]: Done 83%
[INFO] [1498052159.691422]: /move_sandbox_items: Succeeded
[INFO] [1498052169.735004]: /move_sandbox_items: Received a request to move zebra to 0.31, -0.09. Let's do that
[INFO] [1498052169.735802]: Moving zebra to -0.05,0.00
[INFO] [1498052169.736403]: Requesting a plan...
[INFO] [1498052169.761284]: Received trajectory! As requested, waiting -0.007090374s before starting...
[INFO] [1498052169.761721]: Waiting a bit more (0.0s) to give the robot time to prepare...
[INFO] [1498052169.762006]: Starting to play trajectory!
[INFO] [1498052169.762526]: Done 0%
[INFO] [1498052169.864006]: Done 9%
[INFO] [1498052169.965110]: Done 18%
[INFO] [1498052170.066640]: Done 27%
[INFO] [1498052170.167953]: Done 36%
[INFO] [1498052170.269232]: Done 45%
[INFO] [1498052170.370383]: Done 54%
[INFO] [1498052170.471608]: Done 63%
[INFO] [1498052170.572855]: Done 72%
[INFO] [1498052170.674424]: Done 81%
[INFO] [1498052170.775756]: /move_sandbox_items: Succeeded
[INFO] [1498052258.736557]: /move_sandbox_items: Received a request to move girl to 0.31, -0.09. Let's do that
[INFO] [1498052258.737421]: Moving girl to -0.04,0.01
[INFO] [1498052258.737787]: Requesting a plan...
[INFO] [1498052258.754908]: Received trajectory! As requested, waiting -0.000547455s before starting...
[INFO] [1498052258.755319]: Waiting a bit more (0.0s) to give the robot time to prepare...
[INFO] [1498052258.755595]: Starting to play trajectory!
[INFO] [1498052258.756156]: Done 0%
[INFO] [1498052258.857494]: Done 14%
[INFO] [1498052258.958915]: Done 28%
[INFO] [1498052259.060293]: Done 42%
[INFO] [1498052259.162218]: Done 57%
[INFO] [1498052259.263564]: Done 71%
[INFO] [1498052259.364871]: /move_sandbox_items: Succeeded
[INFO] [1498052317.058707]: /move_sandbox_items: Received a request to move lion to 0.31, -0.09. Let's do that
[INFO] [1498052317.059504]: Moving lion to 0.03,-0.11
[INFO] [1498052317.059819]: Requesting a plan...
[INFO] [1498052317.176735]: Received trajectory! As requested, waiting -0.022398184s before starting...
[INFO] [1498052317.177170]: Waiting a bit more (0.0s) to give the robot time to prepare...
[INFO] [1498052317.177600]: Starting to play trajectory!
[INFO] [1498052317.178242]: Done 0%
[INFO] [1498052317.279356]: Done 4%
[INFO] [1498052317.380334]: Done 8%
[INFO] [1498052317.481342]: Done 13%
[INFO] [1498052317.582337]: Done 17%
[INFO] [1498052317.683349]: Done 21%
[INFO] [1498052317.784308]: Done 26%
[INFO] [1498052317.885307]: Done 30%
[INFO] [1498052317.986134]: Done 34%
[INFO] [1498052318.086971]: Done 39%
[INFO] [1498052318.187979]: Done 43%
[INFO] [1498052318.288844]: Done 47%
[INFO] [1498052318.390089]: Done 52%
[INFO] [1498052318.491037]: Done 56%
[INFO] [1498052318.591960]: Done 60%
[INFO] [1498052318.693113]: Done 65%
[INFO] [1498052318.794333]: Done 69%
[INFO] [1498052318.895254]: Done 73%
[INFO] [1498052318.996167]: Done 78%
[INFO] [1498052319.097065]: Done 82%
[INFO] [1498052319.197986]: Done 86%
[INFO] [1498052319.298902]: Done 91%
[INFO] [1498052319.400284]: /move_sandbox_items: Succeeded
[INFO] [1498052321.361419]: /move_sandbox_items: Received a request to move lion to 0.31, -0.09. Let's do that
[INFO] [1498052321.362048]: Moving lion to -0.08,0.18
[INFO] [1498052321.362251]: Requesting a plan...
[INFO] [1498052321.597894]: Received trajectory! As requested, waiting -0.043744043s before starting...
[INFO] [1498052321.598321]: Waiting a bit more (0.0s) to give the robot time to prepare...
[INFO] [1498052321.598822]: Starting to play trajectory!
[INFO] [1498052321.599280]: Done 0%
[INFO] [1498052321.700277]: Done 2%
[INFO] [1498052321.801390]: Done 5%
[INFO] [1498052321.905320]: Done 7%
[INFO] [1498052322.019276]: Done 10%
[INFO] [1498052322.120189]: Done 13%
[INFO] [1498052322.221180]: Done 15%
[INFO] [1498052322.322899]: Done 18%
[INFO] [1498052322.427263]: Done 21%
[INFO] [1498052322.528383]: Done 23%
[INFO] [1498052322.630197]: Done 26%
[INFO] [1498052322.731245]: Done 28%
[INFO] [1498052322.832428]: Done 31%
[INFO] [1498052322.933364]: Done 34%
[INFO] [1498052323.034532]: Done 36%
[INFO] [1498052323.136416]: Done 39%
[INFO] [1498052323.237614]: Done 42%
[INFO] [1498052323.338941]: Done 44%
[INFO] [1498052323.440653]: Done 47%
[INFO] [1498052323.542437]: Done 50%
[INFO] [1498052323.644020]: Done 52%
[INFO] [1498052323.745358]: Done 55%
[INFO] [1498052323.847045]: Done 57%
[INFO] [1498052323.948292]: Done 60%
[INFO] [1498052324.049650]: Done 63%
[INFO] [1498052324.150834]: Done 65%
[INFO] [1498052324.252788]: Done 68%
[INFO] [1498052324.353676]: Done 71%
[INFO] [1498052324.454728]: Done 73%
[INFO] [1498052324.556034]: Done 76%
[INFO] [1498052324.657849]: Done 78%
[INFO] [1498052324.758865]: Done 81%
[INFO] [1498052324.859880]: Done 84%
[INFO] [1498052324.960820]: Done 86%
[INFO] [1498052325.061850]: Done 89%
[INFO] [1498052325.162897]: Done 92%
[INFO] [1498052325.265196]: Done 94%
[INFO] [1498052325.366209]: /move_sandbox_items: Succeeded
[INFO] [1498052327.049521]: /move_sandbox_items: Received a request to move zebra to 0.39, -0.07. Let's do that
[INFO] [1498052327.050577]: Moving zebra to 0.10,0.14
[INFO] [1498052327.051394]: Requesting a plan...
[INFO] [1498052327.156765]: Received trajectory! As requested, waiting -0.002161619s before starting...
[INFO] [1498052327.157302]: Waiting a bit more (0.0s) to give the robot time to prepare...
[INFO] [1498052327.157634]: Starting to play trajectory!
[INFO] [1498052327.158123]: Done 0%
[INFO] [1498052327.259679]: Done 2%
[INFO] [1498052327.361079]: Done 4%
[INFO] [1498052327.462272]: Done 6%
[INFO] [1498052327.563214]: Done 8%
[INFO] [1498052327.664093]: Done 10%
[INFO] [1498052327.765169]: Done 12%
[INFO] [1498052327.866747]: Done 14%
[INFO] [1498052327.968296]: Done 16%
[INFO] [1498052328.069463]: Done 18%
[INFO] [1498052328.170523]: Done 20%
[INFO] [1498052328.271515]: Done 22%
[INFO] [1498052328.372553]: Done 24%
[INFO] [1498052328.473620]: Done 26%
[INFO] [1498052328.574687]: Done 28%
[INFO] [1498052328.675709]: Done 30%
[INFO] [1498052328.776696]: Done 32%
[INFO] [1498052328.877600]: Done 34%
[INFO] [1498052328.978456]: Done 36%
[INFO] [1498052329.079357]: Done 38%
[INFO] [1498052329.180243]: Done 40%
[INFO] [1498052329.281126]: Done 42%
[INFO] [1498052329.382105]: Done 44%
[INFO] [1498052329.483162]: Done 46%
[INFO] [1498052329.584607]: Done 48%
[INFO] [1498052329.685539]: Done 51%
[INFO] [1498052329.786781]: Done 53%
[INFO] [1498052329.887839]: Done 55%
[INFO] [1498052329.989003]: Done 57%
[INFO] [1498052330.090037]: Done 59%
[INFO] [1498052330.192442]: Done 61%
[INFO] [1498052330.293472]: Done 63%
[INFO] [1498052330.394414]: Done 65%
[INFO] [1498052330.495505]: Done 67%
[INFO] [1498052330.596550]: Done 69%
[INFO] [1498052330.697494]: Done 71%
[INFO] [1498052330.798481]: Done 73%
[INFO] [1498052330.899476]: Done 75%
[INFO] [1498052331.000471]: Done 77%
[INFO] [1498052331.101669]: Done 79%
[INFO] [1498052331.202654]: Done 81%
[INFO] [1498052331.304080]: Done 83%
[INFO] [1498052331.405386]: Done 85%
[INFO] [1498052331.506397]: Done 87%
[INFO] [1498052331.607653]: Done 89%
[INFO] [1498052331.708693]: Done 91%
[INFO] [1498052331.809627]: Done 93%
[INFO] [1498052331.910641]: Done 95%
[INFO] [1498052332.011634]: /move_sandbox_items: Succeeded
[INFO] [1498052333.827157]: /move_sandbox_items: Received a request to move elephant to 0.39, -0.07. Let's do that
[INFO] [1498052333.833266]: Moving elephant to -0.02,0.04
[INFO] [1498052333.834354]: Requesting a plan...
[INFO] [1498052333.993115]: Received trajectory! As requested, waiting -0.038926659s before starting...
[INFO] [1498052333.993482]: Waiting a bit more (0.0s) to give the robot time to prepare...
[INFO] [1498052333.993755]: Starting to play trajectory!
[INFO] [1498052333.994137]: Done 0%
[INFO] [1498052334.095296]: Done 8%
[INFO] [1498052334.196384]: Done 16%
[INFO] [1498052334.297919]: Done 25%
[INFO] [1498052334.399019]: Done 33%
[INFO] [1498052334.500780]: Done 41%
[INFO] [1498052334.601909]: Done 50%
[INFO] [1498052334.702869]: Done 58%
[INFO] [1498052334.805962]: Done 66%
[INFO] [1498052334.911099]: Done 75%
[INFO] [1498052335.012148]: Done 83%
[INFO] [1498052335.113213]: /move_sandbox_items: Succeeded
[INFO] [1498052337.525209]: /move_sandbox_items: Received a request to move lion to 0.31, -0.09. Let's do that
[INFO] [1498052337.525865]: Moving lion to 0.06,0.05
[INFO] [1498052337.526158]: Requesting a plan...
[INFO] [1498052337.563265]: Received trajectory! As requested, waiting -0.009193278s before starting...
[INFO] [1498052337.563824]: Waiting a bit more (0.0s) to give the robot time to prepare...
[INFO] [1498052337.564379]: Starting to play trajectory!
[INFO] [1498052337.564980]: Done 0%
[INFO] [1498052337.666609]: Done 2%
[INFO] [1498052337.767702]: Done 5%
[INFO] [1498052337.868898]: Done 8%
[INFO] [1498052337.970106]: Done 11%
[INFO] [1498052338.071361]: Done 13%
[INFO] [1498052338.173662]: Done 16%
[INFO] [1498052338.277645]: Done 19%
[INFO] [1498052338.383535]: Done 22%
[INFO] [1498052338.484673]: Done 25%
[INFO] [1498052338.585725]: Done 27%
[INFO] [1498052338.686986]: Done 30%
[INFO] [1498052338.788060]: Done 33%
[INFO] [1498052338.889123]: Done 36%
[INFO] [1498052338.990002]: Done 38%
[INFO] [1498052339.090936]: Done 41%
[INFO] [1498052339.192089]: Done 44%
[INFO] [1498052339.293178]: Done 47%
[INFO] [1498052339.398121]: Done 50%
[INFO] [1498052339.499950]: Done 52%
[INFO] [1498052339.601183]: Done 55%
[INFO] [1498052339.703755]: Done 58%
[INFO] [1498052339.805268]: Done 61%
[INFO] [1498052339.908623]: Done 63%
[INFO] [1498052340.013551]: Done 66%
[INFO] [1498052340.115507]: Done 69%
[INFO] [1498052340.216636]: Done 72%
[INFO] [1498052340.317834]: Done 75%
[INFO] [1498052340.425397]: Done 77%
[INFO] [1498052340.529819]: Done 80%
[INFO] [1498052340.631034]: Done 83%
[INFO] [1498052340.732131]: Done 86%
[INFO] [1498052340.833319]: Done 88%
[INFO] [1498052340.934469]: Done 91%
[INFO] [1498052341.035367]: Done 94%
[INFO] [1498052341.138369]: /move_sandbox_items: Succeeded
[INFO] [1498052342.641896]: /move_sandbox_items: Received a request to move hippo to 0.29, -0.02. Let's do that
[INFO] [1498052342.642909]: Moving hippo to -0.02,0.12
[INFO] [1498052342.647101]: Requesting a plan...
[INFO] [1498052342.755119]: Received trajectory! As requested, waiting -0.000813262s before starting...
[INFO] [1498052342.755520]: Waiting a bit more (0.0s) to give the robot time to prepare...
[INFO] [1498052342.755785]: Starting to play trajectory!
[INFO] [1498052342.756445]: Done 0%
[INFO] [1498052342.858006]: Done 3%
[INFO] [1498052342.959323]: Done 7%
[INFO] [1498052343.060383]: Done 11%
[INFO] [1498052343.164977]: Done 14%
[INFO] [1498052343.267664]: Done 18%
[INFO] [1498052343.368592]: Done 22%
[INFO] [1498052343.469819]: Done 25%
[INFO] [1498052343.570883]: Done 29%
[INFO] [1498052343.681743]: Done 33%
[INFO] [1498052343.783407]: Done 37%
[INFO] [1498052343.884785]: Done 40%
[INFO] [1498052343.985677]: Done 44%
[INFO] [1498052344.093445]: Done 48%
[INFO] [1498052344.194283]: Done 51%
[INFO] [1498052344.295243]: Done 55%
[INFO] [1498052344.396036]: Done 59%
[INFO] [1498052344.497102]: Done 62%
[INFO] [1498052344.598113]: Done 66%
[INFO] [1498052344.699159]: Done 70%
[INFO] [1498052344.800237]: Done 74%
[INFO] [1498052344.901117]: Done 77%
[INFO] [1498052345.001987]: Done 81%
[INFO] [1498052345.102858]: Done 85%
[INFO] [1498052345.208491]: Done 88%
[INFO] [1498052345.309542]: Done 92%
[INFO] [1498052345.410992]: /move_sandbox_items: Succeeded
[INFO] [1498052347.815391]: /move_sandbox_items: Received a request to move elephant to 0.39, -0.07. Let's do that
[INFO] [1498052347.816042]: Moving elephant to -0.04,0.04
[INFO] [1498052347.816304]: Requesting a plan...
[INFO] [1498052347.981846]: Received trajectory! As requested, waiting -0.027547065s before starting...
[INFO] [1498052347.982254]: Waiting a bit more (0.0s) to give the robot time to prepare...
[INFO] [1498052347.982542]: Starting to play trajectory!
[INFO] [1498052347.982993]: Done 0%
[INFO] [1498052348.083735]: Done 5%
[INFO] [1498052348.184636]: Done 10%
[INFO] [1498052348.285633]: Done 15%
[INFO] [1498052348.386533]: Done 20%
[INFO] [1498052348.487513]: Done 25%
[INFO] [1498052348.588490]: Done 30%
[INFO] [1498052348.689507]: Done 35%
[INFO] [1498052348.791386]: Done 40%
[INFO] [1498052348.892569]: Done 45%
[INFO] [1498052348.993455]: Done 50%
[INFO] [1498052349.096812]: Done 55%
[INFO] [1498052349.197742]: Done 60%
[INFO] [1498052349.310380]: Done 65%
[INFO] [1498052349.411631]: Done 70%
[INFO] [1498052349.512596]: Done 75%
[INFO] [1498052349.613490]: Done 80%
[INFO] [1498052349.714662]: Done 85%
[INFO] [1498052349.815535]: Done 90%
[INFO] [1498052349.916587]: /move_sandbox_items: Succeeded
[INFO] [1498052352.085878]: /move_sandbox_items: Received a request to move giraffe to 0.39, -0.07. Let's do that
[INFO] [1498052352.086649]: Moving giraffe to -0.04,0.03
[INFO] [1498052352.086978]: Requesting a plan...
[INFO] [1498052352.196330]: Received trajectory! As requested, waiting -0.04217718s before starting...
[INFO] [1498052352.196923]: Waiting a bit more (0.0s) to give the robot time to prepare...
[INFO] [1498052352.197467]: Starting to play trajectory!
[INFO] [1498052352.197925]: Done 0%
[INFO] [1498052352.298783]: Done 8%
[INFO] [1498052352.399747]: Done 16%
[INFO] [1498052352.500747]: Done 25%
[INFO] [1498052352.601677]: Done 33%
[INFO] [1498052352.702619]: Done 41%
[INFO] [1498052352.803607]: Done 50%
[INFO] [1498052352.906346]: Done 58%
[INFO] [1498052353.007231]: Done 66%
[INFO] [1498052353.108041]: Done 75%
[INFO] [1498052353.211145]: Done 83%
[INFO] [1498052353.312470]: /move_sandbox_items: Succeeded
[INFO] [1498052355.137851]: /move_sandbox_items: Received a request to move lion to 0.31, -0.09. Let's do that
[INFO] [1498052355.138548]: Moving lion to 0.08,-0.02
[INFO] [1498052355.138815]: Requesting a plan...
[INFO] [1498052355.199923]: Received trajectory! As requested, waiting -0.045491727s before starting...
[INFO] [1498052355.200297]: Waiting a bit more (0.0s) to give the robot time to prepare...
[INFO] [1498052355.200556]: Starting to play trajectory!
[INFO] [1498052355.201160]: Done 0%
[INFO] [1498052355.302202]: Done 4%
[INFO] [1498052355.403341]: Done 8%
[INFO] [1498052355.504865]: Done 13%
[INFO] [1498052355.605896]: Done 17%
[INFO] [1498052355.706964]: Done 21%
[INFO] [1498052355.808347]: Done 26%
[INFO] [1498052355.918181]: Done 30%
[INFO] [1498052356.019395]: Done 34%
[INFO] [1498052356.120482]: Done 39%
[INFO] [1498052356.221502]: Done 43%
[INFO] [1498052356.323265]: Done 47%
[INFO] [1498052356.427812]: Done 52%
[INFO] [1498052356.528828]: Done 56%
[INFO] [1498052356.629968]: Done 60%
[INFO] [1498052356.730939]: Done 65%
[INFO] [1498052356.831914]: Done 69%
[INFO] [1498052356.932832]: Done 73%
[INFO] [1498052357.033877]: Done 78%
[INFO] [1498052357.136049]: Done 82%
[INFO] [1498052357.236936]: Done 86%
[INFO] [1498052357.337916]: Done 91%
[INFO] [1498052357.439400]: /move_sandbox_items: Succeeded
[INFO] [1498052359.516936]: /move_sandbox_items: Received a request to move boy to 0.39, -0.07. Let's do that
[INFO] [1498052359.517828]: Moving boy to -0.07,-0.14
[INFO] [1498052359.518129]: Requesting a plan...
[INFO] [1498052359.589845]: Received trajectory! As requested, waiting -0.035599847s before starting...
[INFO] [1498052359.590277]: Waiting a bit more (0.0s) to give the robot time to prepare...
[INFO] [1498052359.590633]: Starting to play trajectory!
[INFO] [1498052359.591916]: Done 0%
[INFO] [1498052359.692812]: Done 1%
[INFO] [1498052359.794647]: Done 3%
[INFO] [1498052359.896511]: Done 5%
[INFO] [1498052359.997404]: Done 7%
[INFO] [1498052360.098341]: Done 9%
[INFO] [1498052360.199314]: Done 10%
[INFO] [1498052360.300278]: Done 12%
[INFO] [1498052360.401815]: Done 14%
[INFO] [1498052360.503030]: Done 16%
[INFO] [1498052360.604161]: Done 18%
[INFO] [1498052360.706282]: Done 20%
[INFO] [1498052360.811812]: Done 21%
[INFO] [1498052360.913103]: Done 23%
[INFO] [1498052361.014421]: Done 25%
[INFO] [1498052361.115472]: Done 27%
[INFO] [1498052361.216585]: Done 29%
[INFO] [1498052361.317694]: Done 30%
[INFO] [1498052361.419085]: Done 32%
[INFO] [1498052361.521521]: Done 34%
[INFO] [1498052361.622532]: Done 36%
[INFO] [1498052361.726484]: Done 38%
[INFO] [1498052361.827569]: Done 40%
[INFO] [1498052361.928707]: Done 41%
[INFO] [1498052362.032532]: Done 43%
[INFO] [1498052362.137857]: Done 45%
[INFO] [1498052362.239472]: Done 47%
[INFO] [1498052362.340801]: Done 49%
[INFO] [1498052362.441988]: Done 50%
[INFO] [1498052362.543002]: Done 52%
[INFO] [1498052362.644246]: Done 54%
[INFO] [1498052362.745295]: Done 56%
[INFO] [1498052362.846521]: Done 58%
[INFO] [1498052362.947533]: Done 60%
[INFO] [1498052363.048466]: Done 61%
[INFO] [1498052363.149435]: Done 63%
[INFO] [1498052363.250447]: Done 65%
[INFO] [1498052363.352566]: Done 67%
[INFO] [1498052363.453599]: Done 69%
[INFO] [1498052363.554618]: Done 70%
[INFO] [1498052363.656013]: Done 72%
[INFO] [1498052363.757158]: Done 74%
[INFO] [1498052363.858983]: Done 76%
[INFO] [1498052363.960284]: Done 78%
[INFO] [1498052364.061419]: Done 80%
[INFO] [1498052364.162443]: Done 81%
[INFO] [1498052364.264513]: Done 83%
[INFO] [1498052364.365423]: Done 85%
[INFO] [1498052364.466469]: Done 87%
[INFO] [1498052364.568190]: Done 89%
[INFO] [1498052364.669687]: Done 90%
[INFO] [1498052364.770872]: Done 92%
[INFO] [1498052364.871894]: Done 94%
[INFO] [1498052364.973020]: Done 96%
[INFO] [1498052365.074326]: /move_sandbox_items: Succeeded
[INFO] [1498052367.412746]: /move_sandbox_items: Received a request to move hippo to 0.29, -0.02. Let's do that
[INFO] [1498052367.413467]: Moving hippo to 0.01,0.02
[INFO] [1498052367.413729]: Requesting a plan...
[INFO] [1498052367.589433]: Received trajectory! As requested, waiting -0.034900554s before starting...
[INFO] [1498052367.589819]: Waiting a bit more (0.0s) to give the robot time to prepare...
[INFO] [1498052367.590080]: Starting to play trajectory!
[INFO] [1498052367.590462]: Done 0%
[INFO] [1498052367.691283]: Done 11%
[INFO] [1498052367.792844]: Done 22%
[INFO] [1498052367.893684]: Done 33%
[INFO] [1498052367.994556]: Done 44%
[INFO] [1498052368.095557]: Done 55%
[INFO] [1498052368.198335]: Done 66%
[INFO] [1498052368.299669]: Done 77%
[INFO] [1498052368.400991]: /move_sandbox_items: Succeeded
[INFO] [1498052385.079641]: /move_sandbox_items: Received a request to move crocodile to 0.29, -0.02. Let's do that
[INFO] [1498052385.080376]: Moving crocodile to -0.03,-0.04
[INFO] [1498052385.080657]: Requesting a plan...
[INFO] [1498052385.155555]: Received trajectory! As requested, waiting -0.000512701s before starting...
[INFO] [1498052385.156312]: Waiting a bit more (0.0s) to give the robot time to prepare...
[INFO] [1498052385.156983]: Starting to play trajectory!
[INFO] [1498052385.158014]: Done 0%
[INFO] [1498052385.260439]: Done 11%
[INFO] [1498052385.361473]: Done 22%
[INFO] [1498052385.462715]: Done 33%
[INFO] [1498052385.563779]: Done 44%
[INFO] [1498052385.665201]: Done 55%
[INFO] [1498052385.766117]: Done 66%
[INFO] [1498052385.868008]: Done 77%
[INFO] [1498052385.970858]: /move_sandbox_items: Succeeded
[INFO] [1498052389.685493]: /move_sandbox_items: Received a request to move giraffe to 0.39, -0.07. Let's do that
[INFO] [1498052389.686194]: Moving giraffe to -0.01,0.03
[INFO] [1498052389.686470]: Requesting a plan...
[INFO] [1498052389.788566]: Received trajectory! As requested, waiting -0.034175595s before starting...
[INFO] [1498052389.789035]: Waiting a bit more (0.0s) to give the robot time to prepare...
[INFO] [1498052389.789354]: Starting to play trajectory!
[INFO] [1498052389.789823]: Done 0%
[INFO] [1498052389.891031]: Done 14%
[INFO] [1498052390.010399]: Done 28%
[INFO] [1498052390.111397]: Done 42%
[INFO] [1498052390.212453]: Done 57%
[INFO] [1498052390.313359]: Done 71%
[INFO] [1498052390.414355]: /move_sandbox_items: Succeeded
[INFO] [1498052395.915757]: /move_sandbox_items: Received a request to move zebra to 0.39, -0.07. Let's do that
[INFO] [1498052395.916456]: Moving zebra to -0.01,-0.00
[INFO] [1498052395.916732]: Requesting a plan...
[INFO] [1498052395.954734]: Received trajectory! As requested, waiting -0.000395619s before starting...
[INFO] [1498052395.955132]: Waiting a bit more (0.0s) to give the robot time to prepare...
[INFO] [1498052395.955441]: Starting to play trajectory!
[INFO] [1498052395.955907]: Done 0%
[INFO] [1498052396.056736]: Done 33%
[INFO] [1498052396.158619]: /move_sandbox_items: Succeeded
[INFO] [1498052397.967292]: /move_sandbox_items: Received a request to move boy to 0.39, -0.07. Let's do that
[INFO] [1498052397.968429]: Moving boy to 0.04,0.02
[INFO] [1498052397.968982]: Requesting a plan...
[INFO] [1498052398.155307]: Received trajectory! As requested, waiting -0.001014651s before starting...
[INFO] [1498052398.155765]: Waiting a bit more (0.0s) to give the robot time to prepare...
[INFO] [1498052398.156064]: Starting to play trajectory!
[INFO] [1498052398.156494]: Done 0%
[INFO] [1498052398.257307]: Done 11%
[INFO] [1498052398.360110]: Done 22%
[INFO] [1498052398.461415]: Done 33%
[INFO] [1498052398.562741]: Done 44%
[INFO] [1498052398.664597]: Done 55%
[INFO] [1498052398.767061]: Done 66%
[INFO] [1498052398.868271]: Done 77%
[INFO] [1498052398.969558]: /move_sandbox_items: Succeeded
[INFO] [1498052400.374333]: /move_sandbox_items: Received a request to move zebra to 0.39, -0.07. Let's do that
[INFO] [1498052400.375358]: Moving zebra to 0.02,0.02
[INFO] [1498052400.375607]: Requesting a plan...
[INFO] [1498052400.595149]: Received trajectory! As requested, waiting -0.040998313s before starting...
[INFO] [1498052400.595713]: Waiting a bit more (0.0s) to give the robot time to prepare...
[INFO] [1498052400.596097]: Starting to play trajectory!
[INFO] [1498052400.596726]: Done 0%
[INFO] [1498052400.697768]: Done 20%
[INFO] [1498052400.798624]: Done 40%
[INFO] [1498052400.899502]: Done 60%
[INFO] [1498052401.000525]: /move_sandbox_items: Succeeded
[INFO] [1498052402.815688]: /move_sandbox_items: Received a request to move giraffe to 0.39, -0.07. Let's do that
[INFO] [1498052402.816483]: Moving giraffe to 0.02,-0.05
[INFO] [1498052402.816811]: Requesting a plan...
[INFO] [1498052402.992897]: Received trajectory! As requested, waiting -0.038500497s before starting...
[INFO] [1498052402.993374]: Waiting a bit more (0.0s) to give the robot time to prepare...
[INFO] [1498052402.993710]: Starting to play trajectory!
[INFO] [1498052402.994307]: Done 0%
[INFO] [1498052403.095305]: Done 9%
[INFO] [1498052403.196389]: Done 18%
[INFO] [1498052403.297397]: Done 27%
[INFO] [1498052403.398552]: Done 36%
[INFO] [1498052403.499873]: Done 45%
[INFO] [1498052403.601163]: Done 54%
[INFO] [1498052403.702295]: Done 63%
[INFO] [1498052403.803386]: Done 72%
[INFO] [1498052403.906465]: Done 81%
[INFO] [1498052404.008822]: /move_sandbox_items: Succeeded
[INFO] [1498052406.316258]: /move_sandbox_items: Received a request to move hippo to 0.29, -0.02. Let's do that
[INFO] [1498052406.317057]: Moving hippo to 0.01,0.03
[INFO] [1498052406.317472]: Requesting a plan...
[INFO] [1498052406.382224]: Received trajectory! As requested, waiting -0.028008494s before starting...
[INFO] [1498052406.382617]: Waiting a bit more (0.0s) to give the robot time to prepare...
[INFO] [1498052406.382939]: Starting to play trajectory!
[INFO] [1498052406.384295]: Done 0%
[INFO] [1498052406.485099]: Done 6%
[INFO] [1498052406.586129]: Done 13%
[INFO] [1498052406.687218]: Done 20%
[INFO] [1498052406.793665]: Done 26%
[INFO] [1498052406.894780]: Done 33%
[INFO] [1498052406.996381]: Done 40%
[INFO] [1498052407.101838]: Done 46%
[INFO] [1498052407.203489]: Done 53%
[INFO] [1498052407.305393]: Done 60%
[INFO] [1498052407.410936]: Done 66%
[INFO] [1498052407.516372]: Done 73%
[INFO] [1498052407.618474]: Done 80%
[INFO] [1498052407.719318]: Done 86%
[INFO] [1498052407.820530]: /move_sandbox_items: Succeeded
[INFO] [1498052409.997259]: /move_sandbox_items: Received a request to move crocodile to 0.29, -0.02. Let's do that
[INFO] [1498052409.997928]: Moving crocodile to -0.02,-0.05
[INFO] [1498052409.998236]: Requesting a plan...
[INFO] [1498052410.198227]: Received trajectory! As requested, waiting -0.043863308s before starting...
[INFO] [1498052410.198631]: Waiting a bit more (0.0s) to give the robot time to prepare...
[INFO] [1498052410.198910]: Starting to play trajectory!
[INFO] [1498052410.199478]: Done 0%
[INFO] [1498052410.300683]: Done 9%
[INFO] [1498052410.401908]: Done 18%
[INFO] [1498052410.503036]: Done 27%
[INFO] [1498052410.604554]: Done 36%
[INFO] [1498052410.705568]: Done 45%
[INFO] [1498052410.806583]: Done 54%
[INFO] [1498052410.907675]: Done 63%
[INFO] [1498052411.008601]: Done 72%
[INFO] [1498052411.109800]: Done 81%
[INFO] [1498052411.211218]: /move_sandbox_items: Succeeded
[INFO] [1498052413.458213]: /move_sandbox_items: Received a request to move hippo to 0.29, -0.02. Let's do that
[INFO] [1498052413.459324]: Moving hippo to 0.02,0.03
[INFO] [1498052413.460045]: Requesting a plan...
[INFO] [1498052413.581761]: Received trajectory! As requested, waiting -0.027657182s before starting...
[INFO] [1498052413.582228]: Waiting a bit more (0.0s) to give the robot time to prepare...
[INFO] [1498052413.582571]: Starting to play trajectory!
[INFO] [1498052413.583071]: Done 0%
[INFO] [1498052413.684064]: Done 6%
[INFO] [1498052413.785138]: Done 12%
[INFO] [1498052413.896892]: Done 18%
[INFO] [1498052413.998050]: Done 25%
[INFO] [1498052414.099178]: Done 31%
[INFO] [1498052414.200057]: Done 37%
[INFO] [1498052414.300947]: Done 43%
[INFO] [1498052414.406576]: Done 50%
[INFO] [1498052414.507593]: Done 56%
[INFO] [1498052414.608522]: Done 62%
[INFO] [1498052414.709434]: Done 68%
[INFO] [1498052414.810308]: Done 75%
[INFO] [1498052414.911992]: Done 81%
[INFO] [1498052415.015000]: Done 87%
[INFO] [1498052415.116112]: /move_sandbox_items: Succeeded
[INFO] [1498052416.384557]: /move_sandbox_items: Received a request to move crocodile to 0.29, -0.02. Let's do that
[INFO] [1498052416.385330]: Moving crocodile to -0.01,-0.04
[INFO] [1498052416.385612]: Requesting a plan...
[INFO] [1498052416.588130]: Received trajectory! As requested, waiting -0.03372324s before starting...
[INFO] [1498052416.588508]: Waiting a bit more (0.0s) to give the robot time to prepare...
[INFO] [1498052416.588772]: Starting to play trajectory!
[INFO] [1498052416.589453]: Done 0%
[INFO] [1498052416.690506]: Done 11%
[INFO] [1498052416.791611]: Done 22%
[INFO] [1498052416.892535]: Done 33%
[INFO] [1498052416.993542]: Done 44%
[INFO] [1498052417.094333]: Done 55%
[INFO] [1498052417.195284]: Done 66%
[INFO] [1498052417.296194]: Done 77%
[INFO] [1498052417.397415]: /move_sandbox_items: Succeeded
[INFO] [1498052419.301591]: /move_sandbox_items: Received a request to move hippo to 0.29, -0.02. Let's do that
[INFO] [1498052419.302482]: Moving hippo to 0.01,0.03
[INFO] [1498052419.302760]: Requesting a plan...
[INFO] [1498052419.387381]: Received trajectory! As requested, waiting -0.033001714s before starting...
[INFO] [1498052419.387848]: Waiting a bit more (0.0s) to give the robot time to prepare...
[INFO] [1498052419.388214]: Starting to play trajectory!
[INFO] [1498052419.388766]: Done 0%
[INFO] [1498052419.489737]: Done 5%
[INFO] [1498052419.590734]: Done 11%
[INFO] [1498052419.692173]: Done 17%
[INFO] [1498052419.793130]: Done 23%
[INFO] [1498052419.894164]: Done 29%
[INFO] [1498052419.995240]: Done 35%
[INFO] [1498052420.096513]: Done 41%
[INFO] [1498052420.198071]: Done 47%
[INFO] [1498052420.299646]: Done 52%
[INFO] [1498052420.401076]: Done 58%
[INFO] [1498052420.502396]: Done 64%
[INFO] [1498052420.603826]: Done 70%
[INFO] [1498052420.704790]: Done 76%
[INFO] [1498052420.806214]: Done 82%
[INFO] [1498052420.907275]: Done 88%
[INFO] [1498052421.008547]: /move_sandbox_items: Succeeded
[INFO] [1498052423.017561]: /move_sandbox_items: Received a request to move crocodile to 0.29, -0.02. Let's do that
[INFO] [1498052423.018230]: Moving crocodile to -0.01,-0.04
[INFO] [1498052423.018552]: Requesting a plan...
[INFO] [1498052423.186275]: Received trajectory! As requested, waiting -0.031732195s before starting...
[INFO] [1498052423.186672]: Waiting a bit more (0.0s) to give the robot time to prepare...
[INFO] [1498052423.186937]: Starting to play trajectory!
[INFO] [1498052423.187466]: Done 0%
[INFO] [1498052423.288221]: Done 11%
[INFO] [1498052423.389239]: Done 22%
[INFO] [1498052423.490189]: Done 33%
[INFO] [1498052423.591300]: Done 44%
[INFO] [1498052423.692632]: Done 55%
[INFO] [1498052423.793660]: Done 66%
[INFO] [1498052423.894723]: Done 77%
[INFO] [1498052423.995809]: /move_sandbox_items: Succeeded
[INFO] [1498052426.339138]: /move_sandbox_items: Received a request to move hippo to 0.29, -0.02. Let's do that
[INFO] [1498052426.340178]: Moving hippo to 0.01,0.03
[INFO] [1498052426.340488]: Requesting a plan...
[INFO] [1498052426.389151]: Received trajectory! As requested, waiting -0.034674663s before starting...
[INFO] [1498052426.389628]: Waiting a bit more (0.0s) to give the robot time to prepare...
[INFO] [1498052426.389894]: Starting to play trajectory!
[INFO] [1498052426.390332]: Done 0%
[INFO] [1498052426.498267]: Done 6%
[INFO] [1498052426.599201]: Done 12%
[INFO] [1498052426.700227]: Done 18%
[INFO] [1498052426.801409]: Done 25%
[INFO] [1498052426.908875]: Done 31%
[INFO] [1498052427.009756]: Done 37%
[INFO] [1498052427.115787]: Done 43%
[INFO] [1498052427.216692]: Done 50%
[INFO] [1498052427.317596]: Done 56%
[INFO] [1498052427.424751]: Done 62%
[INFO] [1498052427.526234]: Done 68%
[INFO] [1498052427.627299]: Done 75%
[INFO] [1498052427.728230]: Done 81%
[INFO] [1498052427.829255]: Done 87%
[INFO] [1498052427.930758]: /move_sandbox_items: Succeeded
[INFO] [1498052430.055971]: /move_sandbox_items: Received a request to move crocodile to 0.29, -0.02. Let's do that
[INFO] [1498052430.057203]: Moving crocodile to -0.01,-0.04
[INFO] [1498052430.057494]: Requesting a plan...
[INFO] [1498052430.207075]: Received trajectory! As requested, waiting -0.052607417s before starting...
[INFO] [1498052430.207443]: Waiting a bit more (0.0s) to give the robot time to prepare...
[INFO] [1498052430.207939]: Starting to play trajectory!
[INFO] [1498052430.208527]: Done 0%
[INFO] [1498052430.309625]: Done 4%
[INFO] [1498052430.410964]: Done 9%
[INFO] [1498052430.515870]: Done 13%
[INFO] [1498052430.626158]: Done 18%
[INFO] [1498052430.727403]: Done 22%
[INFO] [1498052430.828650]: Done 27%
[INFO] [1498052430.930105]: Done 31%
[INFO] [1498052431.030984]: Done 36%
[INFO] [1498052431.131905]: Done 40%
[INFO] [1498052431.233349]: Done 45%
[INFO] [1498052431.334458]: Done 50%
[INFO] [1498052431.435688]: Done 54%
[INFO] [1498052431.536917]: Done 59%
[INFO] [1498052431.638038]: Done 63%
[INFO] [1498052431.739113]: Done 68%
[INFO] [1498052431.846945]: Done 72%
[INFO] [1498052431.948335]: Done 77%
[INFO] [1498052432.049211]: Done 81%
[INFO] [1498052432.150209]: Done 86%
[INFO] [1498052432.251225]: Done 90%
[INFO] [1498052432.352215]: /move_sandbox_items: Succeeded
