[rospy.client][INFO] 2017-06-21 14:25:53,876: init_node, name[/sandbox_zones_from_image], pid[8283]
[xmlrpc][INFO] 2017-06-21 14:25:53,876: XML-RPC server binding to 0.0.0.0:0
[xmlrpc][INFO] 2017-06-21 14:25:53,876: Started XML-RPC server [http://sandtray-hrilab:38649/]
[rospy.init][INFO] 2017-06-21 14:25:53,876: ROS Slave URI: [http://sandtray-hrilab:38649/]
[rospy.impl.masterslave][INFO] 2017-06-21 14:25:53,877: _ready: http://sandtray-hrilab:38649/
[rospy.registration][INFO] 2017-06-21 14:25:53,877: Registering with master node http://localhost:11311
[xmlrpc][INFO] 2017-06-21 14:25:53,877: xml rpc node: starting XML-RPC server
[rospy.init][INFO] 2017-06-21 14:25:53,977: registered with master
[rospy.rosout][INFO] 2017-06-21 14:25:53,977: initializing /rosout core topic
[rospy.rosout][INFO] 2017-06-21 14:25:53,979: connected to core topic /rosout
[rospy.simtime][INFO] 2017-06-21 14:25:53,980: /use_sim_time is not set, will not subscribe to simulated time [/clock] topic
[rosout][INFO] 2017-06-21 14:25:53,987: Waiting for images of the playground
[rospy.internal][INFO] 2017-06-21 14:25:53,992: topic[/sandtray/background/camera_info] adding connection to [http://sandtray-hrilab:38867/], count 0
[rospy.internal][INFO] 2017-06-21 14:25:53,993: topic[/sandtray/background/image] adding connection to [http://sandtray-hrilab:38867/], count 0
[rosout][INFO] 2017-06-21 14:25:54,004: Received the playground image. Detecting zones...
[rosout][INFO] 2017-06-21 14:25:54,018: Publishing the detected zones on /zones
[rospy.internal][INFO] 2017-06-21 14:25:54,193: topic[/rosout] adding connection to [/rosout], count 0
[rosout][INFO] 2017-06-21 14:26:33,941: Received the playground image. Detecting zones...
[rosout][INFO] 2017-06-21 14:26:33,953: Publishing the detected zones on /zones
[rospy.internal][INFO] 2017-06-21 14:26:34,693: topic[/zones] adding connection to [/rosbag_record_freeplay_sandbox], count 0
[rospy.internal][INFO] 2017-06-21 14:26:35,188: topic[/zones] adding connection to [/sandbox_play], count 1
[rospy.core][INFO] 2017-06-21 14:27:08,330: signal_shutdown [signal-15]
[rospy.internal][INFO] 2017-06-21 14:27:08,337: topic[/zones] removing connection to /rosbag_record_freeplay_sandbox
[rospy.internal][INFO] 2017-06-21 14:27:08,338: topic[/zones] removing connection to /sandbox_play
[rospy.internal][INFO] 2017-06-21 14:27:08,338: topic[/rosout] removing connection to /rosout
[rospy.internal][INFO] 2017-06-21 14:27:08,338: topic[/sandtray/background/image] removing connection to http://sandtray-hrilab:38867/
[rospy.topics][ERROR] 2017-06-21 14:27:08,339: Traceback (most recent call last):
  File "/opt/ros/kinetic/lib/python2.7/dist-packages/rospy/topics.py", line 326, in close
    c.close()
  File "/opt/ros/kinetic/lib/python2.7/dist-packages/rospy/impl/tcpros_base.py", line 838, in close
    self.socket.close()
AttributeError: 'NoneType' object has no attribute 'close'

[rospy.internal][INFO] 2017-06-21 14:27:08,340: topic[/sandtray/background/camera_info] removing connection to http://sandtray-hrilab:38867/
[rospy.impl.masterslave][INFO] 2017-06-21 14:27:08,340: signal-15
[rospy.internal][WARNING] 2017-06-21 14:27:08,340: Unknown error initiating TCP/IP socket to sandtray-hrilab:51512 (http://sandtray-hrilab:38867/): Traceback (most recent call last):
  File "/opt/ros/kinetic/lib/python2.7/dist-packages/rospy/impl/tcpros_base.py", line 557, in connect
    self.read_header()
  File "/opt/ros/kinetic/lib/python2.7/dist-packages/rospy/impl/tcpros_base.py", line 650, in read_header
    self._validate_header(read_ros_handshake_header(sock, self.read_buff, self.protocol.buff_size))
AttributeError: 'NoneType' object has no attribute 'buff_size'

[rospy.core][INFO] 2017-06-21 14:27:08,504: signal_shutdown [signal-2]
[rospy.core][INFO] 2017-06-21 14:27:08,504: signal_shutdown [atexit]
[rospy.client][INFO] 2017-06-21 14:27:13,038: init_node, name[/sandbox_zones_from_image], pid[10492]
[xmlrpc][INFO] 2017-06-21 14:27:13,039: XML-RPC server binding to 0.0.0.0:0
[xmlrpc][INFO] 2017-06-21 14:27:13,039: Started XML-RPC server [http://sandtray-hrilab:35009/]
[rospy.impl.masterslave][INFO] 2017-06-21 14:27:13,040: _ready: http://sandtray-hrilab:35009/
[rospy.init][INFO] 2017-06-21 14:27:13,040: ROS Slave URI: [http://sandtray-hrilab:35009/]
[rospy.registration][INFO] 2017-06-21 14:27:13,041: Registering with master node http://localhost:11311
[xmlrpc][INFO] 2017-06-21 14:27:13,041: xml rpc node: starting XML-RPC server
[rospy.init][INFO] 2017-06-21 14:27:13,140: registered with master
[rospy.rosout][INFO] 2017-06-21 14:27:13,141: initializing /rosout core topic
[rospy.rosout][INFO] 2017-06-21 14:27:13,145: connected to core topic /rosout
[rospy.simtime][INFO] 2017-06-21 14:27:13,147: /use_sim_time is not set, will not subscribe to simulated time [/clock] topic
[rosout][INFO] 2017-06-21 14:27:13,157: Waiting for images of the playground
[rospy.internal][INFO] 2017-06-21 14:27:13,160: topic[/sandtray/background/camera_info] adding connection to [http://sandtray-hrilab:38867/], count 0
[rospy.internal][INFO] 2017-06-21 14:27:13,161: topic[/sandtray/background/image] adding connection to [http://sandtray-hrilab:38867/], count 0
[rosout][INFO] 2017-06-21 14:27:13,174: Received the playground image. Detecting zones...
[rospy.internal][INFO] 2017-06-21 14:27:13,209: topic[/zones] adding connection to [/sandbox_play], count 0
[rosout][INFO] 2017-06-21 14:27:13,212: Publishing the detected zones on /zones
[rospy.internal][INFO] 2017-06-21 14:27:13,389: topic[/zones] adding connection to [/rosbag_record_freeplay_sandbox], count 1
[rospy.internal][INFO] 2017-06-21 14:27:13,391: topic[/rosout] adding connection to [/rosout], count 0
[rosout][INFO] 2017-06-21 14:27:24,949: Received the playground image. Detecting zones...
[rosout][INFO] 2017-06-21 14:27:24,982: Publishing the detected zones on /zones
[rosout][INFO] 2017-06-21 14:27:25,940: Received the playground image. Detecting zones...
[rosout][INFO] 2017-06-21 14:27:25,973: Publishing the detected zones on /zones
[rospy.internal][INFO] 2017-06-21 14:28:08,180: topic[/zones] removing connection to /sandbox_play
[rospy.internal][INFO] 2017-06-21 14:28:13,692: topic[/zones] adding connection to [/sandbox_play], count 1
[rosout][INFO] 2017-06-21 14:29:09,821: Received the playground image. Detecting zones...
[rosout][INFO] 2017-06-21 14:29:09,853: Publishing the detected zones on /zones
[rosout][INFO] 2017-06-21 14:29:10,339: Received the playground image. Detecting zones...
[rosout][INFO] 2017-06-21 14:29:10,374: Publishing the detected zones on /zones
[rosout][INFO] 2017-06-21 14:29:10,743: Received the playground image. Detecting zones...
[rosout][INFO] 2017-06-21 14:29:10,775: Publishing the detected zones on /zones
[rosout][INFO] 2017-06-21 14:29:12,721: Received the playground image. Detecting zones...
[rosout][INFO] 2017-06-21 14:29:12,744: Publishing the detected zones on /zones
[rosout][INFO] 2017-06-21 14:29:13,608: Received the playground image. Detecting zones...
[rosout][INFO] 2017-06-21 14:29:13,632: Publishing the detected zones on /zones
[rosout][INFO] 2017-06-21 14:29:14,193: Received the playground image. Detecting zones...
[rosout][INFO] 2017-06-21 14:29:14,222: Publishing the detected zones on /zones
[rosout][INFO] 2017-06-21 14:29:14,811: Received the playground image. Detecting zones...
[rosout][INFO] 2017-06-21 14:29:14,837: Publishing the detected zones on /zones
[rosout][INFO] 2017-06-21 14:29:14,934: Received the playground image. Detecting zones...
[rosout][INFO] 2017-06-21 14:29:14,971: Publishing the detected zones on /zones
[rosout][INFO] 2017-06-21 14:29:15,024: Received the playground image. Detecting zones...
[rosout][INFO] 2017-06-21 14:29:15,052: Publishing the detected zones on /zones
[rosout][INFO] 2017-06-21 14:29:15,485: Received the playground image. Detecting zones...
[rosout][INFO] 2017-06-21 14:29:15,506: Publishing the detected zones on /zones
[rosout][INFO] 2017-06-21 14:29:15,680: Received the playground image. Detecting zones...
[rosout][INFO] 2017-06-21 14:29:15,706: Publishing the detected zones on /zones
[rosout][INFO] 2017-06-21 14:29:17,440: Received the playground image. Detecting zones...
[rosout][INFO] 2017-06-21 14:29:17,459: Publishing the detected zones on /zones
[rosout][INFO] 2017-06-21 14:29:19,730: Received the playground image. Detecting zones...
[rosout][INFO] 2017-06-21 14:29:19,758: Publishing the detected zones on /zones
[rosout][INFO] 2017-06-21 14:29:19,967: Received the playground image. Detecting zones...
[rosout][INFO] 2017-06-21 14:29:19,993: Publishing the detected zones on /zones
[rosout][INFO] 2017-06-21 14:29:20,974: Received the playground image. Detecting zones...
[rosout][INFO] 2017-06-21 14:29:21,005: Publishing the detected zones on /zones
[rosout][INFO] 2017-06-21 14:29:21,231: Received the playground image. Detecting zones...
[rosout][INFO] 2017-06-21 14:29:21,257: Publishing the detected zones on /zones
[rosout][INFO] 2017-06-21 14:29:21,485: Received the playground image. Detecting zones...
[rosout][INFO] 2017-06-21 14:29:21,516: Publishing the detected zones on /zones
[rosout][INFO] 2017-06-21 14:29:21,688: Received the playground image. Detecting zones...
[rosout][INFO] 2017-06-21 14:29:21,707: Publishing the detected zones on /zones
[rosout][INFO] 2017-06-21 14:29:24,644: Received the playground image. Detecting zones...
[rosout][INFO] 2017-06-21 14:29:24,664: Publishing the detected zones on /zones
[rosout][INFO] 2017-06-21 14:29:24,835: Received the playground image. Detecting zones...
[rosout][INFO] 2017-06-21 14:29:24,853: Publishing the detected zones on /zones
[rosout][INFO] 2017-06-21 14:29:24,944: Received the playground image. Detecting zones...
[rosout][INFO] 2017-06-21 14:29:24,981: Publishing the detected zones on /zones
[rosout][INFO] 2017-06-21 14:29:26,368: Received the playground image. Detecting zones...
[rosout][INFO] 2017-06-21 14:29:26,418: Publishing the detected zones on /zones
[rosout][INFO] 2017-06-21 14:29:26,510: Received the playground image. Detecting zones...
[rosout][INFO] 2017-06-21 14:29:26,548: Publishing the detected zones on /zones
[rosout][INFO] 2017-06-21 14:29:26,690: Received the playground image. Detecting zones...
[rosout][INFO] 2017-06-21 14:29:26,712: Publishing the detected zones on /zones
[rosout][INFO] 2017-06-21 14:29:27,051: Received the playground image. Detecting zones...
[rosout][INFO] 2017-06-21 14:29:27,072: Publishing the detected zones on /zones
[rosout][INFO] 2017-06-21 14:29:27,299: Received the playground image. Detecting zones...
[rosout][INFO] 2017-06-21 14:29:27,324: Publishing the detected zones on /zones
[rosout][INFO] 2017-06-21 14:29:27,773: Received the playground image. Detecting zones...
[rosout][INFO] 2017-06-21 14:29:27,810: Publishing the detected zones on /zones
[rosout][INFO] 2017-06-21 14:29:27,985: Received the playground image. Detecting zones...
[rosout][INFO] 2017-06-21 14:29:28,030: Publishing the detected zones on /zones
[rosout][INFO] 2017-06-21 14:29:29,250: Received the playground image. Detecting zones...
[rosout][INFO] 2017-06-21 14:29:29,279: Publishing the detected zones on /zones
[rosout][INFO] 2017-06-21 14:29:30,446: Received the playground image. Detecting zones...
[rosout][INFO] 2017-06-21 14:29:30,469: Publishing the detected zones on /zones
[rosout][INFO] 2017-06-21 14:29:32,782: Received the playground image. Detecting zones...
[rosout][INFO] 2017-06-21 14:29:32,809: Publishing the detected zones on /zones
[rosout][INFO] 2017-06-21 14:29:33,072: Received the playground image. Detecting zones...
[rosout][INFO] 2017-06-21 14:29:33,103: Publishing the detected zones on /zones
[rosout][INFO] 2017-06-21 14:29:33,537: Received the playground image. Detecting zones...
[rosout][INFO] 2017-06-21 14:29:33,562: Publishing the detected zones on /zones
[rosout][INFO] 2017-06-21 14:29:33,797: Received the playground image. Detecting zones...
[rosout][INFO] 2017-06-21 14:29:33,823: Publishing the detected zones on /zones
[rosout][INFO] 2017-06-21 14:29:34,932: Received the playground image. Detecting zones...
[rosout][INFO] 2017-06-21 14:29:34,963: Publishing the detected zones on /zones
[rosout][INFO] 2017-06-21 14:30:40,187: Received the playground image. Detecting zones...
[rosout][INFO] 2017-06-21 14:30:40,211: Publishing the detected zones on /zones
[rosout][INFO] 2017-06-21 14:30:51,692: Received the playground image. Detecting zones...
[rosout][INFO] 2017-06-21 14:30:51,714: Publishing the detected zones on /zones
[rosout][INFO] 2017-06-21 14:30:57,702: Received the playground image. Detecting zones...
[rosout][INFO] 2017-06-21 14:30:57,725: Publishing the detected zones on /zones
[rosout][INFO] 2017-06-21 14:31:06,187: Received the playground image. Detecting zones...
[rosout][INFO] 2017-06-21 14:31:06,204: Publishing the detected zones on /zones
[rosout][INFO] 2017-06-21 14:31:06,431: Received the playground image. Detecting zones...
[rosout][INFO] 2017-06-21 14:31:06,460: Publishing the detected zones on /zones
[rosout][INFO] 2017-06-21 14:31:06,701: Received the playground image. Detecting zones...
[rosout][INFO] 2017-06-21 14:31:06,722: Publishing the detected zones on /zones
[rosout][INFO] 2017-06-21 14:31:06,980: Received the playground image. Detecting zones...
[rosout][INFO] 2017-06-21 14:31:07,008: Publishing the detected zones on /zones
[rosout][INFO] 2017-06-21 14:31:07,435: Received the playground image. Detecting zones...
[rosout][INFO] 2017-06-21 14:31:07,455: Publishing the detected zones on /zones
[rosout][INFO] 2017-06-21 14:31:07,713: Received the playground image. Detecting zones...
[rosout][INFO] 2017-06-21 14:31:07,736: Publishing the detected zones on /zones
[rosout][INFO] 2017-06-21 14:31:08,252: Received the playground image. Detecting zones...
[rosout][INFO] 2017-06-21 14:31:08,284: Publishing the detected zones on /zones
[rosout][INFO] 2017-06-21 14:31:08,423: Received the playground image. Detecting zones...
[rosout][INFO] 2017-06-21 14:31:08,442: Publishing the detected zones on /zones
[rosout][INFO] 2017-06-21 14:31:08,740: Received the playground image. Detecting zones...
[rosout][INFO] 2017-06-21 14:31:08,775: Publishing the detected zones on /zones
[rosout][INFO] 2017-06-21 14:31:08,964: Received the playground image. Detecting zones...
[rosout][INFO] 2017-06-21 14:31:08,993: Publishing the detected zones on /zones
[rosout][INFO] 2017-06-21 14:31:09,216: Received the playground image. Detecting zones...
[rosout][INFO] 2017-06-21 14:31:09,250: Publishing the detected zones on /zones
[rosout][INFO] 2017-06-21 14:31:09,445: Received the playground image. Detecting zones...
[rosout][INFO] 2017-06-21 14:31:09,462: Publishing the detected zones on /zones
[rosout][INFO] 2017-06-21 14:31:10,433: Received the playground image. Detecting zones...
[rosout][INFO] 2017-06-21 14:31:10,452: Publishing the detected zones on /zones
[rosout][INFO] 2017-06-21 14:31:10,712: Received the playground image. Detecting zones...
[rosout][INFO] 2017-06-21 14:31:10,736: Publishing the detected zones on /zones
[rosout][INFO] 2017-06-21 14:31:12,187: Received the playground image. Detecting zones...
[rosout][INFO] 2017-06-21 14:31:12,210: Publishing the detected zones on /zones
[rosout][INFO] 2017-06-21 14:31:12,677: Received the playground image. Detecting zones...
[rosout][INFO] 2017-06-21 14:31:12,702: Publishing the detected zones on /zones
[rosout][INFO] 2017-06-21 14:31:13,197: Received the playground image. Detecting zones...
[rosout][INFO] 2017-06-21 14:31:13,221: Publishing the detected zones on /zones
[rosout][INFO] 2017-06-21 14:31:13,453: Received the playground image. Detecting zones...
[rosout][INFO] 2017-06-21 14:31:13,477: Publishing the detected zones on /zones
[rosout][INFO] 2017-06-21 14:31:14,962: Received the playground image. Detecting zones...
[rosout][INFO] 2017-06-21 14:31:14,982: Publishing the detected zones on /zones
[rosout][INFO] 2017-06-21 14:31:15,436: Received the playground image. Detecting zones...
[rosout][INFO] 2017-06-21 14:31:15,458: Publishing the detected zones on /zones
[rosout][INFO] 2017-06-21 14:31:16,483: Received the playground image. Detecting zones...
[rosout][INFO] 2017-06-21 14:31:16,502: Publishing the detected zones on /zones
[rosout][INFO] 2017-06-21 14:31:16,704: Received the playground image. Detecting zones...
[rosout][INFO] 2017-06-21 14:31:16,727: Publishing the detected zones on /zones
[rosout][INFO] 2017-06-21 14:31:16,935: Received the playground image. Detecting zones...
[rosout][INFO] 2017-06-21 14:31:16,959: Publishing the detected zones on /zones
[rosout][INFO] 2017-06-21 14:31:17,236: Received the playground image. Detecting zones...
[rosout][INFO] 2017-06-21 14:31:17,270: Publishing the detected zones on /zones
[rosout][INFO] 2017-06-21 14:31:17,688: Received the playground image. Detecting zones...
[rosout][INFO] 2017-06-21 14:31:17,705: Publishing the detected zones on /zones
[rosout][INFO] 2017-06-21 14:31:18,425: Received the playground image. Detecting zones...
[rosout][INFO] 2017-06-21 14:31:18,441: Publishing the detected zones on /zones
[rosout][INFO] 2017-06-21 14:31:19,432: Received the playground image. Detecting zones...
[rosout][INFO] 2017-06-21 14:31:19,457: Publishing the detected zones on /zones
[rosout][INFO] 2017-06-21 14:31:19,964: Received the playground image. Detecting zones...
[rosout][INFO] 2017-06-21 14:31:19,997: Publishing the detected zones on /zones
[rosout][INFO] 2017-06-21 14:31:20,213: Received the playground image. Detecting zones...
[rosout][INFO] 2017-06-21 14:31:20,235: Publishing the detected zones on /zones
[rosout][INFO] 2017-06-21 14:31:20,687: Received the playground image. Detecting zones...
[rosout][INFO] 2017-06-21 14:31:20,715: Publishing the detected zones on /zones
[rosout][INFO] 2017-06-21 14:31:21,420: Received the playground image. Detecting zones...
[rosout][INFO] 2017-06-21 14:31:21,435: Publishing the detected zones on /zones
[rosout][INFO] 2017-06-21 14:31:22,187: Received the playground image. Detecting zones...
[rosout][INFO] 2017-06-21 14:31:22,206: Publishing the detected zones on /zones
[rosout][INFO] 2017-06-21 14:31:22,932: Received the playground image. Detecting zones...
[rosout][INFO] 2017-06-21 14:31:22,955: Publishing the detected zones on /zones
[rosout][INFO] 2017-06-21 14:31:23,687: Received the playground image. Detecting zones...
[rosout][INFO] 2017-06-21 14:31:23,707: Publishing the detected zones on /zones
[rosout][INFO] 2017-06-21 14:31:24,458: Received the playground image. Detecting zones...
[rosout][INFO] 2017-06-21 14:31:24,475: Publishing the detected zones on /zones
[rosout][INFO] 2017-06-21 14:31:24,721: Received the playground image. Detecting zones...
[rosout][INFO] 2017-06-21 14:31:24,739: Publishing the detected zones on /zones
[rosout][INFO] 2017-06-21 14:31:24,930: Received the playground image. Detecting zones...
[rosout][INFO] 2017-06-21 14:31:24,949: Publishing the detected zones on /zones
[rosout][INFO] 2017-06-21 14:31:25,449: Received the playground image. Detecting zones...
[rosout][INFO] 2017-06-21 14:31:25,477: Publishing the detected zones on /zones
[rosout][INFO] 2017-06-21 14:31:25,698: Received the playground image. Detecting zones...
[rosout][INFO] 2017-06-21 14:31:25,716: Publishing the detected zones on /zones
[rosout][INFO] 2017-06-21 14:31:25,954: Received the playground image. Detecting zones...
[rosout][INFO] 2017-06-21 14:31:25,971: Publishing the detected zones on /zones
[rosout][INFO] 2017-06-21 14:31:26,180: Received the playground image. Detecting zones...
[rosout][INFO] 2017-06-21 14:31:26,199: Publishing the detected zones on /zones
[rosout][INFO] 2017-06-21 14:31:27,222: Received the playground image. Detecting zones...
[rosout][INFO] 2017-06-21 14:31:27,248: Publishing the detected zones on /zones
[rosout][INFO] 2017-06-21 14:31:27,439: Received the playground image. Detecting zones...
[rosout][INFO] 2017-06-21 14:31:27,458: Publishing the detected zones on /zones
[rosout][INFO] 2017-06-21 14:31:28,187: Received the playground image. Detecting zones...
[rosout][INFO] 2017-06-21 14:31:28,218: Publishing the detected zones on /zones
[rosout][INFO] 2017-06-21 14:31:28,689: Received the playground image. Detecting zones...
[rosout][INFO] 2017-06-21 14:31:28,709: Publishing the detected zones on /zones
[rosout][INFO] 2017-06-21 14:31:29,196: Received the playground image. Detecting zones...
[rosout][INFO] 2017-06-21 14:31:29,212: Publishing the detected zones on /zones
[rosout][INFO] 2017-06-21 14:31:29,430: Received the playground image. Detecting zones...
[rosout][INFO] 2017-06-21 14:31:29,447: Publishing the detected zones on /zones
[rosout][INFO] 2017-06-21 14:31:29,979: Received the playground image. Detecting zones...
[rosout][INFO] 2017-06-21 14:31:29,999: Publishing the detected zones on /zones
[rosout][INFO] 2017-06-21 14:31:30,454: Received the playground image. Detecting zones...
[rosout][INFO] 2017-06-21 14:31:30,482: Publishing the detected zones on /zones
[rosout][INFO] 2017-06-21 14:31:30,940: Received the playground image. Detecting zones...
[rosout][INFO] 2017-06-21 14:31:30,984: Publishing the detected zones on /zones
[rosout][INFO] 2017-06-21 14:31:31,189: Received the playground image. Detecting zones...
[rosout][INFO] 2017-06-21 14:31:31,218: Publishing the detected zones on /zones
[rosout][INFO] 2017-06-21 14:31:31,976: Received the playground image. Detecting zones...
[rosout][INFO] 2017-06-21 14:31:32,006: Publishing the detected zones on /zones
[rosout][INFO] 2017-06-21 14:31:32,690: Received the playground image. Detecting zones...
[rosout][INFO] 2017-06-21 14:31:32,721: Publishing the detected zones on /zones
[rosout][INFO] 2017-06-21 14:31:33,437: Received the playground image. Detecting zones...
[rosout][INFO] 2017-06-21 14:31:33,464: Publishing the detected zones on /zones
[rosout][INFO] 2017-06-21 14:31:44,722: Received the playground image. Detecting zones...
[rosout][INFO] 2017-06-21 14:31:44,745: Publishing the detected zones on /zones
[rosout][INFO] 2017-06-21 14:31:44,972: Received the playground image. Detecting zones...
[rosout][INFO] 2017-06-21 14:31:44,993: Publishing the detected zones on /zones
[rosout][INFO] 2017-06-21 14:31:45,203: Received the playground image. Detecting zones...
[rosout][INFO] 2017-06-21 14:31:45,225: Publishing the detected zones on /zones
[rosout][INFO] 2017-06-21 14:31:45,711: Received the playground image. Detecting zones...
[rosout][INFO] 2017-06-21 14:31:45,751: Publishing the detected zones on /zones
[rosout][INFO] 2017-06-21 14:31:46,192: Received the playground image. Detecting zones...
[rosout][INFO] 2017-06-21 14:31:46,217: Publishing the detected zones on /zones
[rosout][INFO] 2017-06-21 14:31:46,930: Received the playground image. Detecting zones...
[rosout][INFO] 2017-06-21 14:31:46,957: Publishing the detected zones on /zones
[rosout][INFO] 2017-06-21 14:31:47,223: Received the playground image. Detecting zones...
[rosout][INFO] 2017-06-21 14:31:47,256: Publishing the detected zones on /zones
[rosout][INFO] 2017-06-21 14:31:47,443: Received the playground image. Detecting zones...
[rosout][INFO] 2017-06-21 14:31:47,468: Publishing the detected zones on /zones
[rosout][INFO] 2017-06-21 14:31:47,708: Received the playground image. Detecting zones...
[rosout][INFO] 2017-06-21 14:31:47,733: Publishing the detected zones on /zones
[rosout][INFO] 2017-06-21 14:31:48,188: Received the playground image. Detecting zones...
[rosout][INFO] 2017-06-21 14:31:48,229: Publishing the detected zones on /zones
[rosout][INFO] 2017-06-21 14:31:48,472: Received the playground image. Detecting zones...
[rosout][INFO] 2017-06-21 14:31:48,491: Publishing the detected zones on /zones
[rosout][INFO] 2017-06-21 14:31:49,194: Received the playground image. Detecting zones...
[rosout][INFO] 2017-06-21 14:31:49,215: Publishing the detected zones on /zones
[rosout][INFO] 2017-06-21 14:31:49,689: Received the playground image. Detecting zones...
[rosout][INFO] 2017-06-21 14:31:49,713: Publishing the detected zones on /zones
[rosout][INFO] 2017-06-21 14:31:49,976: Received the playground image. Detecting zones...
[rosout][INFO] 2017-06-21 14:31:50,017: Publishing the detected zones on /zones
[rosout][INFO] 2017-06-21 14:31:50,449: Received the playground image. Detecting zones...
[rosout][INFO] 2017-06-21 14:31:50,470: Publishing the detected zones on /zones
[rosout][INFO] 2017-06-21 14:31:50,696: Received the playground image. Detecting zones...
[rosout][INFO] 2017-06-21 14:31:50,720: Publishing the detected zones on /zones
[rosout][INFO] 2017-06-21 14:31:50,955: Received the playground image. Detecting zones...
[rosout][INFO] 2017-06-21 14:31:50,984: Publishing the detected zones on /zones
[rosout][INFO] 2017-06-21 14:31:51,722: Received the playground image. Detecting zones...
[rosout][INFO] 2017-06-21 14:31:51,753: Publishing the detected zones on /zones
[rosout][INFO] 2017-06-21 14:31:51,948: Received the playground image. Detecting zones...
[rosout][INFO] 2017-06-21 14:31:51,968: Publishing the detected zones on /zones
[rosout][INFO] 2017-06-21 14:31:52,939: Received the playground image. Detecting zones...
[rosout][INFO] 2017-06-21 14:31:52,970: Publishing the detected zones on /zones
[rosout][INFO] 2017-06-21 14:31:53,685: Received the playground image. Detecting zones...
[rosout][INFO] 2017-06-21 14:31:53,706: Publishing the detected zones on /zones
[rosout][INFO] 2017-06-21 14:31:54,440: Received the playground image. Detecting zones...
[rosout][INFO] 2017-06-21 14:31:54,457: Publishing the detected zones on /zones
[rosout][INFO] 2017-06-21 14:31:55,195: Received the playground image. Detecting zones...
[rosout][INFO] 2017-06-21 14:31:55,221: Publishing the detected zones on /zones
[rosout][INFO] 2017-06-21 14:31:55,972: Received the playground image. Detecting zones...
[rosout][INFO] 2017-06-21 14:31:56,009: Publishing the detected zones on /zones
[rosout][INFO] 2017-06-21 14:31:56,691: Received the playground image. Detecting zones...
[rosout][INFO] 2017-06-21 14:31:56,710: Publishing the detected zones on /zones
[rosout][INFO] 2017-06-21 14:31:57,182: Received the playground image. Detecting zones...
[rosout][INFO] 2017-06-21 14:31:57,205: Publishing the detected zones on /zones
[rosout][INFO] 2017-06-21 14:31:58,177: Received the playground image. Detecting zones...
[rosout][INFO] 2017-06-21 14:31:58,204: Publishing the detected zones on /zones
[rosout][INFO] 2017-06-21 14:31:58,468: Received the playground image. Detecting zones...
[rosout][INFO] 2017-06-21 14:31:58,499: Publishing the detected zones on /zones
[rosout][INFO] 2017-06-21 14:31:58,950: Received the playground image. Detecting zones...
[rosout][INFO] 2017-06-21 14:31:58,978: Publishing the detected zones on /zones
[rosout][INFO] 2017-06-21 14:31:59,679: Received the playground image. Detecting zones...
[rosout][INFO] 2017-06-21 14:31:59,696: Publishing the detected zones on /zones
[rosout][INFO] 2017-06-21 14:32:00,440: Received the playground image. Detecting zones...
[rosout][INFO] 2017-06-21 14:32:00,466: Publishing the detected zones on /zones
[rosout][INFO] 2017-06-21 14:32:01,189: Received the playground image. Detecting zones...
[rosout][INFO] 2017-06-21 14:32:01,210: Publishing the detected zones on /zones
[rosout][INFO] 2017-06-21 14:32:01,694: Received the playground image. Detecting zones...
[rosout][INFO] 2017-06-21 14:32:01,713: Publishing the detected zones on /zones
[rosout][INFO] 2017-06-21 14:32:02,462: Received the playground image. Detecting zones...
[rosout][INFO] 2017-06-21 14:32:02,480: Publishing the detected zones on /zones
[rosout][INFO] 2017-06-21 14:32:03,194: Received the playground image. Detecting zones...
[rosout][INFO] 2017-06-21 14:32:03,212: Publishing the detected zones on /zones
[rosout][INFO] 2017-06-21 14:32:03,954: Received the playground image. Detecting zones...
[rosout][INFO] 2017-06-21 14:32:03,978: Publishing the detected zones on /zones
[rosout][INFO] 2017-06-21 14:32:04,456: Received the playground image. Detecting zones...
[rosout][INFO] 2017-06-21 14:32:04,484: Publishing the detected zones on /zones
[rosout][INFO] 2017-06-21 14:32:04,707: Received the playground image. Detecting zones...
[rosout][INFO] 2017-06-21 14:32:04,736: Publishing the detected zones on /zones
[rosout][INFO] 2017-06-21 14:32:04,959: Received the playground image. Detecting zones...
[rosout][INFO] 2017-06-21 14:32:04,984: Publishing the detected zones on /zones
[rosout][INFO] 2017-06-21 14:32:05,246: Received the playground image. Detecting zones...
[rosout][INFO] 2017-06-21 14:32:05,274: Publishing the detected zones on /zones
[rosout][INFO] 2017-06-21 14:32:05,449: Received the playground image. Detecting zones...
[rosout][INFO] 2017-06-21 14:32:05,471: Publishing the detected zones on /zones
[rosout][INFO] 2017-06-21 14:32:05,946: Received the playground image. Detecting zones...
[rosout][INFO] 2017-06-21 14:32:05,971: Publishing the detected zones on /zones
[rosout][INFO] 2017-06-21 14:32:06,467: Received the playground image. Detecting zones...
[rosout][INFO] 2017-06-21 14:32:06,484: Publishing the detected zones on /zones
[rosout][INFO] 2017-06-21 14:32:06,704: Received the playground image. Detecting zones...
[rosout][INFO] 2017-06-21 14:32:06,729: Publishing the detected zones on /zones
[rosout][INFO] 2017-06-21 14:32:06,945: Received the playground image. Detecting zones...
[rosout][INFO] 2017-06-21 14:32:06,965: Publishing the detected zones on /zones
[rosout][INFO] 2017-06-21 14:32:07,705: Received the playground image. Detecting zones...
[rosout][INFO] 2017-06-21 14:32:07,737: Publishing the detected zones on /zones
[rosout][INFO] 2017-06-21 14:32:07,924: Received the playground image. Detecting zones...
[rosout][INFO] 2017-06-21 14:32:07,947: Publishing the detected zones on /zones
[rosout][INFO] 2017-06-21 14:32:08,414: Received the playground image. Detecting zones...
[rosout][INFO] 2017-06-21 14:32:08,431: Publishing the detected zones on /zones
[rosout][INFO] 2017-06-21 14:32:09,191: Received the playground image. Detecting zones...
[rosout][INFO] 2017-06-21 14:32:09,220: Publishing the detected zones on /zones
[rosout][INFO] 2017-06-21 14:32:09,711: Received the playground image. Detecting zones...
[rosout][INFO] 2017-06-21 14:32:09,736: Publishing the detected zones on /zones
[rosout][INFO] 2017-06-21 14:32:09,926: Received the playground image. Detecting zones...
[rosout][INFO] 2017-06-21 14:32:09,950: Publishing the detected zones on /zones
[rosout][INFO] 2017-06-21 14:32:10,474: Received the playground image. Detecting zones...
[rosout][INFO] 2017-06-21 14:32:10,493: Publishing the detected zones on /zones
[rosout][INFO] 2017-06-21 14:32:10,701: Received the playground image. Detecting zones...
[rosout][INFO] 2017-06-21 14:32:10,719: Publishing the detected zones on /zones
[rosout][INFO] 2017-06-21 14:32:10,945: Received the playground image. Detecting zones...
[rosout][INFO] 2017-06-21 14:32:10,978: Publishing the detected zones on /zones
[rosout][INFO] 2017-06-21 14:32:11,214: Received the playground image. Detecting zones...
[rosout][INFO] 2017-06-21 14:32:11,237: Publishing the detected zones on /zones
[rosout][INFO] 2017-06-21 14:32:11,946: Received the playground image. Detecting zones...
[rosout][INFO] 2017-06-21 14:32:11,978: Publishing the detected zones on /zones
[rosout][INFO] 2017-06-21 14:32:12,439: Received the playground image. Detecting zones...
[rosout][INFO] 2017-06-21 14:32:12,458: Publishing the detected zones on /zones
[rosout][INFO] 2017-06-21 14:32:13,193: Received the playground image. Detecting zones...
[rosout][INFO] 2017-06-21 14:32:13,216: Publishing the detected zones on /zones
[rosout][INFO] 2017-06-21 14:32:20,952: Received the playground image. Detecting zones...
[rosout][INFO] 2017-06-21 14:32:20,968: Publishing the detected zones on /zones
[rosout][INFO] 2017-06-21 14:32:32,680: Received the playground image. Detecting zones...
[rosout][INFO] 2017-06-21 14:32:32,704: Publishing the detected zones on /zones
[rosout][INFO] 2017-06-21 14:32:34,464: Received the playground image. Detecting zones...
[rosout][INFO] 2017-06-21 14:32:34,485: Publishing the detected zones on /zones
[rosout][INFO] 2017-06-21 14:32:35,966: Received the playground image. Detecting zones...
[rosout][INFO] 2017-06-21 14:32:35,985: Publishing the detected zones on /zones
[rosout][INFO] 2017-06-21 14:32:37,446: Received the playground image. Detecting zones...
[rosout][INFO] 2017-06-21 14:32:37,464: Publishing the detected zones on /zones
[rosout][INFO] 2017-06-21 14:32:39,939: Received the playground image. Detecting zones...
[rosout][INFO] 2017-06-21 14:32:39,959: Publishing the detected zones on /zones
[rosout][INFO] 2017-06-21 14:32:41,947: Received the playground image. Detecting zones...
[rosout][INFO] 2017-06-21 14:32:41,970: Publishing the detected zones on /zones
[rosout][INFO] 2017-06-21 14:32:44,468: Received the playground image. Detecting zones...
[rosout][INFO] 2017-06-21 14:32:44,494: Publishing the detected zones on /zones
[rosout][INFO] 2017-06-21 14:32:44,686: Received the playground image. Detecting zones...
[rosout][INFO] 2017-06-21 14:32:44,703: Publishing the detected zones on /zones
[rosout][INFO] 2017-06-21 14:32:45,451: Received the playground image. Detecting zones...
[rosout][INFO] 2017-06-21 14:32:45,474: Publishing the detected zones on /zones
[rosout][INFO] 2017-06-21 14:32:45,677: Received the playground image. Detecting zones...
[rosout][INFO] 2017-06-21 14:32:45,705: Publishing the detected zones on /zones
[rosout][INFO] 2017-06-21 14:32:45,973: Received the playground image. Detecting zones...
[rosout][INFO] 2017-06-21 14:32:45,996: Publishing the detected zones on /zones
[rosout][INFO] 2017-06-21 14:32:46,450: Received the playground image. Detecting zones...
[rosout][INFO] 2017-06-21 14:32:46,472: Publishing the detected zones on /zones
[rosout][INFO] 2017-06-21 14:32:47,192: Received the playground image. Detecting zones...
[rosout][INFO] 2017-06-21 14:32:47,210: Publishing the detected zones on /zones
[rosout][INFO] 2017-06-21 14:33:01,908: Received the playground image. Detecting zones...
[rosout][INFO] 2017-06-21 14:33:01,926: Publishing the detected zones on /zones
[rosout][INFO] 2017-06-21 14:33:02,551: Received the playground image. Detecting zones...
[rosout][INFO] 2017-06-21 14:33:02,571: Publishing the detected zones on /zones
[rosout][INFO] 2017-06-21 14:33:03,000: Received the playground image. Detecting zones...
[rosout][INFO] 2017-06-21 14:33:03,021: Publishing the detected zones on /zones
[rosout][INFO] 2017-06-21 14:33:03,991: Received the playground image. Detecting zones...
[rosout][INFO] 2017-06-21 14:33:04,021: Publishing the detected zones on /zones
[rosout][INFO] 2017-06-21 14:33:04,886: Received the playground image. Detecting zones...
[rosout][INFO] 2017-06-21 14:33:04,918: Publishing the detected zones on /zones
[rosout][INFO] 2017-06-21 14:33:05,392: Received the playground image. Detecting zones...
[rosout][INFO] 2017-06-21 14:33:05,413: Publishing the detected zones on /zones
[rosout][INFO] 2017-06-21 14:33:05,484: Received the playground image. Detecting zones...
[rosout][INFO] 2017-06-21 14:33:05,502: Publishing the detected zones on /zones
[rosout][INFO] 2017-06-21 14:33:06,115: Received the playground image. Detecting zones...
[rosout][INFO] 2017-06-21 14:33:06,157: Publishing the detected zones on /zones
[rosout][INFO] 2017-06-21 14:33:06,509: Received the playground image. Detecting zones...
[rosout][INFO] 2017-06-21 14:33:06,530: Publishing the detected zones on /zones
[rosout][INFO] 2017-06-21 14:33:06,721: Received the playground image. Detecting zones...
[rosout][INFO] 2017-06-21 14:33:06,742: Publishing the detected zones on /zones
[rosout][INFO] 2017-06-21 14:33:06,801: Received the playground image. Detecting zones...
[rosout][INFO] 2017-06-21 14:33:06,825: Publishing the detected zones on /zones
[rosout][INFO] 2017-06-21 14:33:07,318: Received the playground image. Detecting zones...
[rosout][INFO] 2017-06-21 14:33:07,339: Publishing the detected zones on /zones
[rosout][INFO] 2017-06-21 14:33:07,521: Received the playground image. Detecting zones...
[rosout][INFO] 2017-06-21 14:33:07,542: Publishing the detected zones on /zones
[rosout][INFO] 2017-06-21 14:33:07,696: Received the playground image. Detecting zones...
[rosout][INFO] 2017-06-21 14:33:07,717: Publishing the detected zones on /zones
[rosout][INFO] 2017-06-21 14:33:08,487: Received the playground image. Detecting zones...
[rosout][INFO] 2017-06-21 14:33:08,511: Publishing the detected zones on /zones
[rosout][INFO] 2017-06-21 14:33:15,420: Received the playground image. Detecting zones...
[rosout][INFO] 2017-06-21 14:33:15,441: Publishing the detected zones on /zones
[rosout][INFO] 2017-06-21 14:33:15,757: Received the playground image. Detecting zones...
[rosout][INFO] 2017-06-21 14:33:15,787: Publishing the detected zones on /zones
[rosout][INFO] 2017-06-21 14:33:15,897: Received the playground image. Detecting zones...
[rosout][INFO] 2017-06-21 14:33:15,927: Publishing the detected zones on /zones
[rosout][INFO] 2017-06-21 14:33:16,597: Received the playground image. Detecting zones...
[rosout][INFO] 2017-06-21 14:33:16,632: Publishing the detected zones on /zones
[rosout][INFO] 2017-06-21 14:33:16,905: Received the playground image. Detecting zones...
[rosout][INFO] 2017-06-21 14:33:16,934: Publishing the detected zones on /zones
[rosout][INFO] 2017-06-21 14:33:24,259: Received the playground image. Detecting zones...
[rosout][INFO] 2017-06-21 14:33:24,302: Publishing the detected zones on /zones
[rosout][INFO] 2017-06-21 14:33:24,477: Received the playground image. Detecting zones...
[rosout][INFO] 2017-06-21 14:33:24,512: Publishing the detected zones on /zones
[rosout][INFO] 2017-06-21 14:33:25,241: Received the playground image. Detecting zones...
[rosout][INFO] 2017-06-21 14:33:25,274: Publishing the detected zones on /zones
[rosout][INFO] 2017-06-21 14:33:25,437: Received the playground image. Detecting zones...
[rosout][INFO] 2017-06-21 14:33:25,465: Publishing the detected zones on /zones
[rosout][INFO] 2017-06-21 14:33:44,947: Received the playground image. Detecting zones...
[rosout][INFO] 2017-06-21 14:33:44,967: Publishing the detected zones on /zones
[rosout][INFO] 2017-06-21 14:34:24,569: Received the playground image. Detecting zones...
[rosout][INFO] 2017-06-21 14:34:24,593: Publishing the detected zones on /zones
[rosout][INFO] 2017-06-21 14:34:24,755: Received the playground image. Detecting zones...
[rosout][INFO] 2017-06-21 14:34:24,781: Publishing the detected zones on /zones
[rosout][INFO] 2017-06-21 14:34:24,946: Received the playground image. Detecting zones...
[rosout][INFO] 2017-06-21 14:34:24,967: Publishing the detected zones on /zones
[rosout][INFO] 2017-06-21 14:34:28,287: Received the playground image. Detecting zones...
[rosout][INFO] 2017-06-21 14:34:28,331: Publishing the detected zones on /zones
[rosout][INFO] 2017-06-21 14:34:28,443: Received the playground image. Detecting zones...
[rosout][INFO] 2017-06-21 14:34:28,462: Publishing the detected zones on /zones
[rosout][INFO] 2017-06-21 14:34:30,941: Received the playground image. Detecting zones...
[rosout][INFO] 2017-06-21 14:34:30,973: Publishing the detected zones on /zones
[rosout][INFO] 2017-06-21 14:34:31,875: Received the playground image. Detecting zones...
[rosout][INFO] 2017-06-21 14:34:31,901: Publishing the detected zones on /zones
[rosout][INFO] 2017-06-21 14:34:33,075: Received the playground image. Detecting zones...
[rosout][INFO] 2017-06-21 14:34:33,112: Publishing the detected zones on /zones
[rosout][INFO] 2017-06-21 14:34:33,197: Received the playground image. Detecting zones...
[rosout][INFO] 2017-06-21 14:34:33,229: Publishing the detected zones on /zones
[rosout][INFO] 2017-06-21 14:34:33,786: Received the playground image. Detecting zones...
[rosout][INFO] 2017-06-21 14:34:33,817: Publishing the detected zones on /zones
[rosout][INFO] 2017-06-21 14:34:34,254: Received the playground image. Detecting zones...
[rosout][INFO] 2017-06-21 14:34:34,279: Publishing the detected zones on /zones
[rosout][INFO] 2017-06-21 14:34:34,433: Received the playground image. Detecting zones...
[rosout][INFO] 2017-06-21 14:34:34,462: Publishing the detected zones on /zones
[rosout][INFO] 2017-06-21 14:34:35,337: Received the playground image. Detecting zones...
[rosout][INFO] 2017-06-21 14:34:35,360: Publishing the detected zones on /zones
[rosout][INFO] 2017-06-21 14:34:36,535: Received the playground image. Detecting zones...
[rosout][INFO] 2017-06-21 14:34:36,559: Publishing the detected zones on /zones
[rosout][INFO] 2017-06-21 14:34:36,690: Received the playground image. Detecting zones...
[rosout][INFO] 2017-06-21 14:34:36,709: Publishing the detected zones on /zones
[rosout][INFO] 2017-06-21 14:34:37,666: Received the playground image. Detecting zones...
[rosout][INFO] 2017-06-21 14:34:37,700: Publishing the detected zones on /zones
[rosout][INFO] 2017-06-21 14:34:38,141: Received the playground image. Detecting zones...
[rosout][INFO] 2017-06-21 14:34:38,174: Publishing the detected zones on /zones
[rosout][INFO] 2017-06-21 14:34:38,424: Received the playground image. Detecting zones...
[rosout][INFO] 2017-06-21 14:34:38,451: Publishing the detected zones on /zones
[rosout][INFO] 2017-06-21 14:34:38,704: Received the playground image. Detecting zones...
[rosout][INFO] 2017-06-21 14:34:38,732: Publishing the detected zones on /zones
[rosout][INFO] 2017-06-21 14:34:38,799: Received the playground image. Detecting zones...
[rosout][INFO] 2017-06-21 14:34:38,822: Publishing the detected zones on /zones
[rosout][INFO] 2017-06-21 14:34:39,934: Received the playground image. Detecting zones...
[rosout][INFO] 2017-06-21 14:34:39,950: Publishing the detected zones on /zones
[rosout][INFO] 2017-06-21 14:35:22,988: Received the playground image. Detecting zones...
[rosout][INFO] 2017-06-21 14:35:23,008: Publishing the detected zones on /zones
[rosout][INFO] 2017-06-21 14:35:23,412: Received the playground image. Detecting zones...
[rosout][INFO] 2017-06-21 14:35:23,434: Publishing the detected zones on /zones
[rosout][INFO] 2017-06-21 14:35:23,777: Received the playground image. Detecting zones...
[rosout][INFO] 2017-06-21 14:35:23,791: Publishing the detected zones on /zones
[rosout][INFO] 2017-06-21 14:35:24,050: Received the playground image. Detecting zones...
[rosout][INFO] 2017-06-21 14:35:24,072: Publishing the detected zones on /zones
[rosout][INFO] 2017-06-21 14:35:24,210: Received the playground image. Detecting zones...
[rosout][INFO] 2017-06-21 14:35:24,234: Publishing the detected zones on /zones
[rosout][INFO] 2017-06-21 14:35:25,111: Received the playground image. Detecting zones...
[rosout][INFO] 2017-06-21 14:35:25,135: Publishing the detected zones on /zones
[rosout][INFO] 2017-06-21 14:35:25,427: Received the playground image. Detecting zones...
[rosout][INFO] 2017-06-21 14:35:25,455: Publishing the detected zones on /zones
[rosout][INFO] 2017-06-21 14:35:25,595: Received the playground image. Detecting zones...
[rosout][INFO] 2017-06-21 14:35:25,621: Publishing the detected zones on /zones
[rosout][INFO] 2017-06-21 14:35:25,792: Received the playground image. Detecting zones...
[rosout][INFO] 2017-06-21 14:35:25,828: Publishing the detected zones on /zones
[rosout][INFO] 2017-06-21 14:35:26,092: Received the playground image. Detecting zones...
[rosout][INFO] 2017-06-21 14:35:26,117: Publishing the detected zones on /zones
[rosout][INFO] 2017-06-21 14:35:26,385: Received the playground image. Detecting zones...
[rosout][INFO] 2017-06-21 14:35:26,428: Publishing the detected zones on /zones
[rosout][INFO] 2017-06-21 14:35:26,773: Received the playground image. Detecting zones...
[rosout][INFO] 2017-06-21 14:35:26,794: Publishing the detected zones on /zones
[rosout][INFO] 2017-06-21 14:35:27,024: Received the playground image. Detecting zones...
[rosout][INFO] 2017-06-21 14:35:27,050: Publishing the detected zones on /zones
[rosout][INFO] 2017-06-21 14:35:27,362: Received the playground image. Detecting zones...
[rosout][INFO] 2017-06-21 14:35:27,395: Publishing the detected zones on /zones
[rosout][INFO] 2017-06-21 14:35:27,597: Received the playground image. Detecting zones...
[rosout][INFO] 2017-06-21 14:35:27,624: Publishing the detected zones on /zones
[rosout][INFO] 2017-06-21 14:35:27,750: Received the playground image. Detecting zones...
[rosout][INFO] 2017-06-21 14:35:27,770: Publishing the detected zones on /zones
[rosout][INFO] 2017-06-21 14:35:28,055: Received the playground image. Detecting zones...
[rosout][INFO] 2017-06-21 14:35:28,088: Publishing the detected zones on /zones
[rosout][INFO] 2017-06-21 14:35:28,282: Received the playground image. Detecting zones...
[rosout][INFO] 2017-06-21 14:35:28,304: Publishing the detected zones on /zones
[rosout][INFO] 2017-06-21 14:35:28,656: Received the playground image. Detecting zones...
[rosout][INFO] 2017-06-21 14:35:28,682: Publishing the detected zones on /zones
[rosout][INFO] 2017-06-21 14:35:29,003: Received the playground image. Detecting zones...
[rosout][INFO] 2017-06-21 14:35:29,043: Publishing the detected zones on /zones
[rosout][INFO] 2017-06-21 14:35:29,372: Received the playground image. Detecting zones...
[rosout][INFO] 2017-06-21 14:35:29,401: Publishing the detected zones on /zones
[rosout][INFO] 2017-06-21 14:35:29,567: Received the playground image. Detecting zones...
[rosout][INFO] 2017-06-21 14:35:29,590: Publishing the detected zones on /zones
[rosout][INFO] 2017-06-21 14:35:29,794: Received the playground image. Detecting zones...
[rosout][INFO] 2017-06-21 14:35:29,817: Publishing the detected zones on /zones
[rosout][INFO] 2017-06-21 14:35:29,958: Received the playground image. Detecting zones...
[rosout][INFO] 2017-06-21 14:35:29,985: Publishing the detected zones on /zones
[rosout][INFO] 2017-06-21 14:35:30,291: Received the playground image. Detecting zones...
[rosout][INFO] 2017-06-21 14:35:30,317: Publishing the detected zones on /zones
[rosout][INFO] 2017-06-21 14:35:30,550: Received the playground image. Detecting zones...
[rosout][INFO] 2017-06-21 14:35:30,575: Publishing the detected zones on /zones
[rosout][INFO] 2017-06-21 14:35:30,814: Received the playground image. Detecting zones...
[rosout][INFO] 2017-06-21 14:35:30,836: Publishing the detected zones on /zones
[rosout][INFO] 2017-06-21 14:35:31,171: Received the playground image. Detecting zones...
[rosout][INFO] 2017-06-21 14:35:31,203: Publishing the detected zones on /zones
[rosout][INFO] 2017-06-21 14:35:31,426: Received the playground image. Detecting zones...
[rosout][INFO] 2017-06-21 14:35:31,446: Publishing the detected zones on /zones
[rosout][INFO] 2017-06-21 14:35:31,568: Received the playground image. Detecting zones...
[rosout][INFO] 2017-06-21 14:35:31,591: Publishing the detected zones on /zones
[rosout][INFO] 2017-06-21 14:35:32,218: Received the playground image. Detecting zones...
[rosout][INFO] 2017-06-21 14:35:32,249: Publishing the detected zones on /zones
[rosout][INFO] 2017-06-21 14:35:32,403: Received the playground image. Detecting zones...
[rosout][INFO] 2017-06-21 14:35:32,429: Publishing the detected zones on /zones
[rosout][INFO] 2017-06-21 14:35:32,537: Received the playground image. Detecting zones...
[rosout][INFO] 2017-06-21 14:35:32,561: Publishing the detected zones on /zones
[rosout][INFO] 2017-06-21 14:35:32,734: Received the playground image. Detecting zones...
[rosout][INFO] 2017-06-21 14:35:32,752: Publishing the detected zones on /zones
[rosout][INFO] 2017-06-21 14:35:33,235: Received the playground image. Detecting zones...
[rosout][INFO] 2017-06-21 14:35:33,266: Publishing the detected zones on /zones
[rosout][INFO] 2017-06-21 14:35:33,740: Received the playground image. Detecting zones...
[rosout][INFO] 2017-06-21 14:35:33,762: Publishing the detected zones on /zones
[rosout][INFO] 2017-06-21 14:35:33,983: Received the playground image. Detecting zones...
[rosout][INFO] 2017-06-21 14:35:34,020: Publishing the detected zones on /zones
[rosout][INFO] 2017-06-21 14:35:34,520: Received the playground image. Detecting zones...
[rosout][INFO] 2017-06-21 14:35:34,542: Publishing the detected zones on /zones
[rosout][INFO] 2017-06-21 14:35:34,714: Received the playground image. Detecting zones...
[rosout][INFO] 2017-06-21 14:35:34,745: Publishing the detected zones on /zones
[rosout][INFO] 2017-06-21 14:35:34,995: Received the playground image. Detecting zones...
[rosout][INFO] 2017-06-21 14:35:35,016: Publishing the detected zones on /zones
[rosout][INFO] 2017-06-21 14:35:35,346: Received the playground image. Detecting zones...
[rosout][INFO] 2017-06-21 14:35:35,381: Publishing the detected zones on /zones
[rosout][INFO] 2017-06-21 14:35:35,558: Received the playground image. Detecting zones...
[rosout][INFO] 2017-06-21 14:35:35,587: Publishing the detected zones on /zones
[rosout][INFO] 2017-06-21 14:35:35,829: Received the playground image. Detecting zones...
[rosout][INFO] 2017-06-21 14:35:35,850: Publishing the detected zones on /zones
[rosout][INFO] 2017-06-21 14:35:36,202: Received the playground image. Detecting zones...
[rosout][INFO] 2017-06-21 14:35:36,230: Publishing the detected zones on /zones
[rosout][INFO] 2017-06-21 14:35:36,435: Received the playground image. Detecting zones...
[rosout][INFO] 2017-06-21 14:35:36,456: Publishing the detected zones on /zones
[rosout][INFO] 2017-06-21 14:35:36,866: Received the playground image. Detecting zones...
[rosout][INFO] 2017-06-21 14:35:36,899: Publishing the detected zones on /zones
[rosout][INFO] 2017-06-21 14:35:37,394: Received the playground image. Detecting zones...
[rosout][INFO] 2017-06-21 14:35:37,416: Publishing the detected zones on /zones
[rosout][INFO] 2017-06-21 14:35:37,609: Received the playground image. Detecting zones...
[rosout][INFO] 2017-06-21 14:35:37,636: Publishing the detected zones on /zones
[rosout][INFO] 2017-06-21 14:35:37,877: Received the playground image. Detecting zones...
[rosout][INFO] 2017-06-21 14:35:37,898: Publishing the detected zones on /zones
[rosout][INFO] 2017-06-21 14:35:38,100: Received the playground image. Detecting zones...
[rosout][INFO] 2017-06-21 14:35:38,136: Publishing the detected zones on /zones
[rosout][INFO] 2017-06-21 14:35:38,202: Received the playground image. Detecting zones...
[rosout][INFO] 2017-06-21 14:35:38,223: Publishing the detected zones on /zones
[rosout][INFO] 2017-06-21 14:35:58,688: Received the playground image. Detecting zones...
[rosout][INFO] 2017-06-21 14:35:58,704: Publishing the detected zones on /zones
[rosout][INFO] 2017-06-21 14:36:08,695: Received the playground image. Detecting zones...
[rosout][INFO] 2017-06-21 14:36:08,715: Publishing the detected zones on /zones
[rosout][INFO] 2017-06-21 14:36:44,202: Received the playground image. Detecting zones...
[rosout][INFO] 2017-06-21 14:36:44,223: Publishing the detected zones on /zones
[rosout][INFO] 2017-06-21 14:36:44,952: Received the playground image. Detecting zones...
[rosout][INFO] 2017-06-21 14:36:44,982: Publishing the detected zones on /zones
[rosout][INFO] 2017-06-21 14:36:45,210: Received the playground image. Detecting zones...
[rosout][INFO] 2017-06-21 14:36:45,231: Publishing the detected zones on /zones
[rosout][INFO] 2017-06-21 14:36:45,931: Received the playground image. Detecting zones...
[rosout][INFO] 2017-06-21 14:36:45,949: Publishing the detected zones on /zones
[rosout][INFO] 2017-06-21 14:36:47,952: Received the playground image. Detecting zones...
[rosout][INFO] 2017-06-21 14:36:47,978: Publishing the detected zones on /zones
[rosout][INFO] 2017-06-21 14:36:48,432: Received the playground image. Detecting zones...
[rosout][INFO] 2017-06-21 14:36:48,459: Publishing the detected zones on /zones
[rosout][INFO] 2017-06-21 14:36:53,973: Received the playground image. Detecting zones...
[rosout][INFO] 2017-06-21 14:36:54,001: Publishing the detected zones on /zones
[rosout][INFO] 2017-06-21 14:36:54,431: Received the playground image. Detecting zones...
[rosout][INFO] 2017-06-21 14:36:54,450: Publishing the detected zones on /zones
[rosout][INFO] 2017-06-21 14:37:01,946: Received the playground image. Detecting zones...
[rosout][INFO] 2017-06-21 14:37:01,979: Publishing the detected zones on /zones
[rosout][INFO] 2017-06-21 14:37:10,159: Received the playground image. Detecting zones...
[rosout][INFO] 2017-06-21 14:37:10,179: Publishing the detected zones on /zones
[rosout][INFO] 2017-06-21 14:37:10,428: Received the playground image. Detecting zones...
[rosout][INFO] 2017-06-21 14:37:10,465: Publishing the detected zones on /zones
[rosout][INFO] 2017-06-21 14:37:10,511: Received the playground image. Detecting zones...
[rosout][INFO] 2017-06-21 14:37:10,537: Publishing the detected zones on /zones
[rosout][INFO] 2017-06-21 14:37:10,969: Received the playground image. Detecting zones...
[rosout][INFO] 2017-06-21 14:37:10,994: Publishing the detected zones on /zones
[rosout][INFO] 2017-06-21 14:37:11,698: Received the playground image. Detecting zones...
[rosout][INFO] 2017-06-21 14:37:11,726: Publishing the detected zones on /zones
[rosout][INFO] 2017-06-21 14:37:12,017: Received the playground image. Detecting zones...
[rosout][INFO] 2017-06-21 14:37:12,065: Publishing the detected zones on /zones
[rosout][INFO] 2017-06-21 14:37:12,488: Received the playground image. Detecting zones...
[rosout][INFO] 2017-06-21 14:37:12,514: Publishing the detected zones on /zones
[rosout][INFO] 2017-06-21 14:37:12,680: Received the playground image. Detecting zones...
[rosout][INFO] 2017-06-21 14:37:12,717: Publishing the detected zones on /zones
[rosout][INFO] 2017-06-21 14:37:13,201: Received the playground image. Detecting zones...
[rosout][INFO] 2017-06-21 14:37:13,232: Publishing the detected zones on /zones
[rosout][INFO] 2017-06-21 14:37:13,687: Received the playground image. Detecting zones...
[rosout][INFO] 2017-06-21 14:37:13,717: Publishing the detected zones on /zones
[rosout][INFO] 2017-06-21 14:37:13,968: Received the playground image. Detecting zones...
[rosout][INFO] 2017-06-21 14:37:14,003: Publishing the detected zones on /zones
[rosout][INFO] 2017-06-21 14:37:14,187: Received the playground image. Detecting zones...
[rosout][INFO] 2017-06-21 14:37:14,206: Publishing the detected zones on /zones
[rosout][INFO] 2017-06-21 14:37:14,714: Received the playground image. Detecting zones...
[rosout][INFO] 2017-06-21 14:37:14,744: Publishing the detected zones on /zones
[rosout][INFO] 2017-06-21 14:37:15,016: Received the playground image. Detecting zones...
[rosout][INFO] 2017-06-21 14:37:15,042: Publishing the detected zones on /zones
[rosout][INFO] 2017-06-21 14:37:15,798: Received the playground image. Detecting zones...
[rosout][INFO] 2017-06-21 14:37:15,833: Publishing the detected zones on /zones
[rosout][INFO] 2017-06-21 14:37:15,996: Received the playground image. Detecting zones...
[rosout][INFO] 2017-06-21 14:37:16,040: Publishing the detected zones on /zones
[rosout][INFO] 2017-06-21 14:37:16,310: Received the playground image. Detecting zones...
[rosout][INFO] 2017-06-21 14:37:16,343: Publishing the detected zones on /zones
[rosout][INFO] 2017-06-21 14:37:16,722: Received the playground image. Detecting zones...
[rosout][INFO] 2017-06-21 14:37:16,744: Publishing the detected zones on /zones
[rosout][INFO] 2017-06-21 14:37:16,999: Received the playground image. Detecting zones...
[rosout][INFO] 2017-06-21 14:37:17,030: Publishing the detected zones on /zones
[rosout][INFO] 2017-06-21 14:37:17,729: Received the playground image. Detecting zones...
[rosout][INFO] 2017-06-21 14:37:17,755: Publishing the detected zones on /zones
[rosout][INFO] 2017-06-21 14:37:17,931: Received the playground image. Detecting zones...
[rosout][INFO] 2017-06-21 14:37:17,962: Publishing the detected zones on /zones
[rosout][INFO] 2017-06-21 14:37:18,418: Received the playground image. Detecting zones...
[rosout][INFO] 2017-06-21 14:37:18,436: Publishing the detected zones on /zones
[rosout][INFO] 2017-06-21 14:37:18,970: Received the playground image. Detecting zones...
[rosout][INFO] 2017-06-21 14:37:18,997: Publishing the detected zones on /zones
[rosout][INFO] 2017-06-21 14:37:19,180: Received the playground image. Detecting zones...
[rosout][INFO] 2017-06-21 14:37:19,199: Publishing the detected zones on /zones
[rosout][INFO] 2017-06-21 14:37:19,702: Received the playground image. Detecting zones...
[rosout][INFO] 2017-06-21 14:37:19,737: Publishing the detected zones on /zones
[rosout][INFO] 2017-06-21 14:37:20,194: Received the playground image. Detecting zones...
[rosout][INFO] 2017-06-21 14:37:20,213: Publishing the detected zones on /zones
[rosout][INFO] 2017-06-21 14:37:20,718: Received the playground image. Detecting zones...
[rosout][INFO] 2017-06-21 14:37:20,744: Publishing the detected zones on /zones
[rosout][INFO] 2017-06-21 14:37:20,947: Received the playground image. Detecting zones...
[rosout][INFO] 2017-06-21 14:37:20,979: Publishing the detected zones on /zones
[rosout][INFO] 2017-06-21 14:37:21,970: Received the playground image. Detecting zones...
[rosout][INFO] 2017-06-21 14:37:22,004: Publishing the detected zones on /zones
[rosout][INFO] 2017-06-21 14:37:22,250: Received the playground image. Detecting zones...
[rosout][INFO] 2017-06-21 14:37:22,265: Publishing the detected zones on /zones
[rosout][INFO] 2017-06-21 14:37:22,977: Received the playground image. Detecting zones...
[rosout][INFO] 2017-06-21 14:37:23,005: Publishing the detected zones on /zones
[rosout][INFO] 2017-06-21 14:37:23,258: Received the playground image. Detecting zones...
[rosout][INFO] 2017-06-21 14:37:23,294: Publishing the detected zones on /zones
[rosout][INFO] 2017-06-21 14:37:23,497: Received the playground image. Detecting zones...
[rosout][INFO] 2017-06-21 14:37:23,527: Publishing the detected zones on /zones
[rosout][INFO] 2017-06-21 14:37:23,930: Received the playground image. Detecting zones...
[rosout][INFO] 2017-06-21 14:37:23,955: Publishing the detected zones on /zones
[rosout][INFO] 2017-06-21 14:37:25,259: Received the playground image. Detecting zones...
[rosout][INFO] 2017-06-21 14:37:25,288: Publishing the detected zones on /zones
[rosout][INFO] 2017-06-21 14:37:25,728: Received the playground image. Detecting zones...
[rosout][INFO] 2017-06-21 14:37:25,752: Publishing the detected zones on /zones
[rosout][INFO] 2017-06-21 14:37:25,975: Received the playground image. Detecting zones...
[rosout][INFO] 2017-06-21 14:37:25,997: Publishing the detected zones on /zones
[rosout][INFO] 2017-06-21 14:37:26,932: Received the playground image. Detecting zones...
[rosout][INFO] 2017-06-21 14:37:26,955: Publishing the detected zones on /zones
[rosout][INFO] 2017-06-21 14:37:27,447: Received the playground image. Detecting zones...
[rosout][INFO] 2017-06-21 14:37:27,467: Publishing the detected zones on /zones
[rosout][INFO] 2017-06-21 14:37:28,986: Received the playground image. Detecting zones...
[rosout][INFO] 2017-06-21 14:37:29,020: Publishing the detected zones on /zones
[rosout][INFO] 2017-06-21 14:37:29,253: Received the playground image. Detecting zones...
[rosout][INFO] 2017-06-21 14:37:29,280: Publishing the detected zones on /zones
[rosout][INFO] 2017-06-21 14:37:29,754: Received the playground image. Detecting zones...
[rosout][INFO] 2017-06-21 14:37:29,774: Publishing the detected zones on /zones
[rosout][INFO] 2017-06-21 14:37:30,684: Received the playground image. Detecting zones...
[rosout][INFO] 2017-06-21 14:37:30,709: Publishing the detected zones on /zones
[rosout][INFO] 2017-06-21 14:37:32,185: Received the playground image. Detecting zones...
[rosout][INFO] 2017-06-21 14:37:32,205: Publishing the detected zones on /zones
[rosout][INFO] 2017-06-21 14:37:34,199: Received the playground image. Detecting zones...
[rosout][INFO] 2017-06-21 14:37:34,230: Publishing the detected zones on /zones
[rosout][INFO] 2017-06-21 14:38:28,951: Received the playground image. Detecting zones...
[rosout][INFO] 2017-06-21 14:38:28,975: Publishing the detected zones on /zones
[rosout][INFO] 2017-06-21 14:38:30,452: Received the playground image. Detecting zones...
[rosout][INFO] 2017-06-21 14:38:30,487: Publishing the detected zones on /zones
[rosout][INFO] 2017-06-21 14:38:38,711: Received the playground image. Detecting zones...
[rosout][INFO] 2017-06-21 14:38:38,729: Publishing the detected zones on /zones
[rosout][INFO] 2017-06-21 14:38:39,166: Received the playground image. Detecting zones...
[rosout][INFO] 2017-06-21 14:38:39,193: Publishing the detected zones on /zones
[rosout][INFO] 2017-06-21 14:38:39,398: Received the playground image. Detecting zones...
[rosout][INFO] 2017-06-21 14:38:39,425: Publishing the detected zones on /zones
[rosout][INFO] 2017-06-21 14:38:39,599: Received the playground image. Detecting zones...
[rosout][INFO] 2017-06-21 14:38:39,625: Publishing the detected zones on /zones
[rosout][INFO] 2017-06-21 14:38:39,772: Received the playground image. Detecting zones...
[rosout][INFO] 2017-06-21 14:38:39,790: Publishing the detected zones on /zones
[rosout][INFO] 2017-06-21 14:38:39,951: Received the playground image. Detecting zones...
[rosout][INFO] 2017-06-21 14:38:39,972: Publishing the detected zones on /zones
[rosout][INFO] 2017-06-21 14:38:40,546: Received the playground image. Detecting zones...
[rosout][INFO] 2017-06-21 14:38:40,579: Publishing the detected zones on /zones
[rosout][INFO] 2017-06-21 14:38:40,717: Received the playground image. Detecting zones...
[rosout][INFO] 2017-06-21 14:38:40,736: Publishing the detected zones on /zones
[rosout][INFO] 2017-06-21 14:38:42,213: Received the playground image. Detecting zones...
[rosout][INFO] 2017-06-21 14:38:42,229: Publishing the detected zones on /zones
[rosout][INFO] 2017-06-21 14:38:42,473: Received the playground image. Detecting zones...
[rosout][INFO] 2017-06-21 14:38:42,493: Publishing the detected zones on /zones
[rosout][INFO] 2017-06-21 14:38:43,311: Received the playground image. Detecting zones...
[rosout][INFO] 2017-06-21 14:38:43,327: Publishing the detected zones on /zones
[rosout][INFO] 2017-06-21 14:38:43,475: Received the playground image. Detecting zones...
[rosout][INFO] 2017-06-21 14:38:43,510: Publishing the detected zones on /zones
[rosout][INFO] 2017-06-21 14:38:44,804: Received the playground image. Detecting zones...
[rosout][INFO] 2017-06-21 14:38:44,826: Publishing the detected zones on /zones
[rosout][INFO] 2017-06-21 14:38:45,012: Received the playground image. Detecting zones...
[rosout][INFO] 2017-06-21 14:38:45,033: Publishing the detected zones on /zones
[rosout][INFO] 2017-06-21 14:38:45,208: Received the playground image. Detecting zones...
[rosout][INFO] 2017-06-21 14:38:45,255: Publishing the detected zones on /zones
[rosout][INFO] 2017-06-21 14:38:45,442: Received the playground image. Detecting zones...
[rosout][INFO] 2017-06-21 14:38:45,462: Publishing the detected zones on /zones
[rosout][INFO] 2017-06-21 14:38:46,442: Received the playground image. Detecting zones...
[rosout][INFO] 2017-06-21 14:38:46,462: Publishing the detected zones on /zones
[rosout][INFO] 2017-06-21 14:38:47,710: Received the playground image. Detecting zones...
[rosout][INFO] 2017-06-21 14:38:47,737: Publishing the detected zones on /zones
[rosout][INFO] 2017-06-21 14:38:48,011: Received the playground image. Detecting zones...
[rosout][INFO] 2017-06-21 14:38:48,040: Publishing the detected zones on /zones
[rosout][INFO] 2017-06-21 14:38:48,181: Received the playground image. Detecting zones...
[rosout][INFO] 2017-06-21 14:38:48,199: Publishing the detected zones on /zones
[rosout][INFO] 2017-06-21 14:39:24,699: Received the playground image. Detecting zones...
[rosout][INFO] 2017-06-21 14:39:24,718: Publishing the detected zones on /zones
[rosout][INFO] 2017-06-21 14:39:39,484: Received the playground image. Detecting zones...
[rosout][INFO] 2017-06-21 14:39:39,504: Publishing the detected zones on /zones
[rosout][INFO] 2017-06-21 14:39:39,715: Received the playground image. Detecting zones...
[rosout][INFO] 2017-06-21 14:39:39,741: Publishing the detected zones on /zones
[rosout][INFO] 2017-06-21 14:39:39,967: Received the playground image. Detecting zones...
[rosout][INFO] 2017-06-21 14:39:39,990: Publishing the detected zones on /zones
[rosout][INFO] 2017-06-21 14:39:40,217: Received the playground image. Detecting zones...
[rosout][INFO] 2017-06-21 14:39:40,241: Publishing the detected zones on /zones
[rosout][INFO] 2017-06-21 14:39:40,773: Received the playground image. Detecting zones...
[rosout][INFO] 2017-06-21 14:39:40,795: Publishing the detected zones on /zones
[rosout][INFO] 2017-06-21 14:39:41,685: Received the playground image. Detecting zones...
[rosout][INFO] 2017-06-21 14:39:41,701: Publishing the detected zones on /zones
[rosout][INFO] 2017-06-21 14:39:41,942: Received the playground image. Detecting zones...
[rosout][INFO] 2017-06-21 14:39:41,977: Publishing the detected zones on /zones
[rosout][INFO] 2017-06-21 14:39:42,502: Received the playground image. Detecting zones...
[rosout][INFO] 2017-06-21 14:39:42,523: Publishing the detected zones on /zones
[rosout][INFO] 2017-06-21 14:39:42,708: Received the playground image. Detecting zones...
[rosout][INFO] 2017-06-21 14:39:42,739: Publishing the detected zones on /zones
[rosout][INFO] 2017-06-21 14:39:42,944: Received the playground image. Detecting zones...
[rosout][INFO] 2017-06-21 14:39:42,971: Publishing the detected zones on /zones
[rosout][INFO] 2017-06-21 14:39:43,183: Received the playground image. Detecting zones...
[rosout][INFO] 2017-06-21 14:39:43,212: Publishing the detected zones on /zones
[rosout][INFO] 2017-06-21 14:39:43,441: Received the playground image. Detecting zones...
[rosout][INFO] 2017-06-21 14:39:43,461: Publishing the detected zones on /zones
[rosout][INFO] 2017-06-21 14:39:46,689: Received the playground image. Detecting zones...
[rosout][INFO] 2017-06-21 14:39:46,715: Publishing the detected zones on /zones
[rosout][INFO] 2017-06-21 14:39:46,940: Received the playground image. Detecting zones...
[rosout][INFO] 2017-06-21 14:39:46,966: Publishing the detected zones on /zones
[rosout][INFO] 2017-06-21 14:39:47,272: Received the playground image. Detecting zones...
[rosout][INFO] 2017-06-21 14:39:47,302: Publishing the detected zones on /zones
[rosout][INFO] 2017-06-21 14:39:47,482: Received the playground image. Detecting zones...
[rosout][INFO] 2017-06-21 14:39:47,512: Publishing the detected zones on /zones
[rosout][INFO] 2017-06-21 14:39:47,706: Received the playground image. Detecting zones...
[rosout][INFO] 2017-06-21 14:39:47,737: Publishing the detected zones on /zones
[rosout][INFO] 2017-06-21 14:39:47,939: Received the playground image. Detecting zones...
[rosout][INFO] 2017-06-21 14:39:47,966: Publishing the detected zones on /zones
[rosout][INFO] 2017-06-21 14:39:57,709: Received the playground image. Detecting zones...
[rosout][INFO] 2017-06-21 14:39:57,733: Publishing the detected zones on /zones
[rospy.internal][INFO] 2017-06-21 14:40:40,734: topic[/zones] removing connection to /sandbox_play
[rospy.internal][INFO] 2017-06-21 14:40:50,238: topic[/zones] removing connection to /rosbag_record_freeplay_sandbox
[rospy.core][INFO] 2017-06-21 14:41:07,834: signal_shutdown [signal-15]
[rospy.internal][INFO] 2017-06-21 14:41:07,840: topic[/rosout] removing connection to /rosout
[rospy.internal][INFO] 2017-06-21 14:41:07,841: topic[/sandtray/background/image] removing connection to http://sandtray-hrilab:38867/
[rospy.internal][INFO] 2017-06-21 14:41:07,841: topic[/sandtray/background/camera_info] removing connection to http://sandtray-hrilab:38867/
[rospy.impl.masterslave][INFO] 2017-06-21 14:41:07,841: signal-15
[rospy.core][INFO] 2017-06-21 14:41:07,973: signal_shutdown [signal-2]
[rospy.core][INFO] 2017-06-21 14:41:07,973: signal_shutdown [atexit]
