[rospy.client][INFO] 2017-07-06 14:31:57,645: init_node, name[/sandbox_zones_from_image], pid[991]
[xmlrpc][INFO] 2017-07-06 14:31:57,645: XML-RPC server binding to 0.0.0.0:0
[xmlrpc][INFO] 2017-07-06 14:31:57,645: Started XML-RPC server [http://sandtray-hrilab:35004/]
[rospy.init][INFO] 2017-07-06 14:31:57,646: ROS Slave URI: [http://sandtray-hrilab:35004/]
[rospy.impl.masterslave][INFO] 2017-07-06 14:31:57,646: _ready: http://sandtray-hrilab:35004/
[rospy.registration][INFO] 2017-07-06 14:31:57,647: Registering with master node http://localhost:11311
[xmlrpc][INFO] 2017-07-06 14:31:57,647: xml rpc node: starting XML-RPC server
[rospy.init][INFO] 2017-07-06 14:31:57,746: registered with master
[rospy.rosout][INFO] 2017-07-06 14:31:57,746: initializing /rosout core topic
[rospy.rosout][INFO] 2017-07-06 14:31:57,748: connected to core topic /rosout
[rospy.simtime][INFO] 2017-07-06 14:31:57,750: /use_sim_time is not set, will not subscribe to simulated time [/clock] topic
[rosout][INFO] 2017-07-06 14:31:57,757: Waiting for images of the playground
[rospy.internal][INFO] 2017-07-06 14:31:57,762: topic[/sandtray/background/camera_info] adding connection to [http://sandtray-hrilab:33564/], count 0
[rospy.internal][INFO] 2017-07-06 14:31:57,762: topic[/sandtray/background/image] adding connection to [http://sandtray-hrilab:33564/], count 0
[rosout][INFO] 2017-07-06 14:31:57,777: Received the playground image. Detecting zones...
[rosout][INFO] 2017-07-06 14:31:57,799: Publishing the detected zones on /zones
[rospy.internal][INFO] 2017-07-06 14:31:57,897: topic[/rosout] adding connection to [/rosout], count 0
[rosout][INFO] 2017-07-06 14:33:40,954: Received the playground image. Detecting zones...
[rosout][INFO] 2017-07-06 14:33:40,967: Publishing the detected zones on /zones
[rosout][INFO] 2017-07-06 14:34:19,941: Received the playground image. Detecting zones...
[rosout][INFO] 2017-07-06 14:34:19,953: Publishing the detected zones on /zones
[rosout][INFO] 2017-07-06 14:34:23,199: Received the playground image. Detecting zones...
[rosout][INFO] 2017-07-06 14:34:23,215: Publishing the detected zones on /zones
[rosout][INFO] 2017-07-06 14:34:23,944: Received the playground image. Detecting zones...
[rosout][INFO] 2017-07-06 14:34:23,954: Publishing the detected zones on /zones
[rosout][INFO] 2017-07-06 14:34:24,948: Received the playground image. Detecting zones...
[rosout][INFO] 2017-07-06 14:34:24,959: Publishing the detected zones on /zones
[rosout][INFO] 2017-07-06 14:34:26,694: Received the playground image. Detecting zones...
[rosout][INFO] 2017-07-06 14:34:26,705: Publishing the detected zones on /zones
[rosout][INFO] 2017-07-06 14:34:28,448: Received the playground image. Detecting zones...
[rosout][INFO] 2017-07-06 14:34:28,463: Publishing the detected zones on /zones
[rosout][INFO] 2017-07-06 14:34:30,697: Received the playground image. Detecting zones...
[rosout][INFO] 2017-07-06 14:34:30,709: Publishing the detected zones on /zones
[rosout][INFO] 2017-07-06 14:34:31,942: Received the playground image. Detecting zones...
[rosout][INFO] 2017-07-06 14:34:31,953: Publishing the detected zones on /zones
[rosout][INFO] 2017-07-06 14:34:45,456: Received the playground image. Detecting zones...
[rosout][INFO] 2017-07-06 14:34:45,473: Publishing the detected zones on /zones
[rosout][INFO] 2017-07-06 14:34:49,206: Received the playground image. Detecting zones...
[rosout][INFO] 2017-07-06 14:34:49,221: Publishing the detected zones on /zones
[rosout][INFO] 2017-07-06 14:34:53,207: Received the playground image. Detecting zones...
[rosout][INFO] 2017-07-06 14:34:53,220: Publishing the detected zones on /zones
[rosout][INFO] 2017-07-06 14:34:59,450: Received the playground image. Detecting zones...
[rosout][INFO] 2017-07-06 14:34:59,467: Publishing the detected zones on /zones
[rosout][INFO] 2017-07-06 14:35:16,962: Received the playground image. Detecting zones...
[rosout][INFO] 2017-07-06 14:35:16,978: Publishing the detected zones on /zones
[rosout][INFO] 2017-07-06 14:39:27,710: Received the playground image. Detecting zones...
[rosout][INFO] 2017-07-06 14:39:27,721: Publishing the detected zones on /zones
[rospy.internal][INFO] 2017-07-06 14:39:28,278: topic[/zones] adding connection to [/rosbag_record_freeplay_sandbox], count 0
[rospy.internal][INFO] 2017-07-06 14:39:28,849: topic[/zones] adding connection to [/sandbox_play], count 1
[rosout][INFO] 2017-07-06 14:40:28,991: Received the playground image. Detecting zones...
[rosout][INFO] 2017-07-06 14:40:29,019: Publishing the detected zones on /zones
[rosout][INFO] 2017-07-06 14:41:19,739: Received the playground image. Detecting zones...
[rosout][INFO] 2017-07-06 14:41:19,769: Publishing the detected zones on /zones
[rosout][INFO] 2017-07-06 14:41:22,007: Received the playground image. Detecting zones...
[rosout][INFO] 2017-07-06 14:41:22,060: Publishing the detected zones on /zones
[rosout][INFO] 2017-07-06 14:41:23,729: Received the playground image. Detecting zones...
[rosout][INFO] 2017-07-06 14:41:23,748: Publishing the detected zones on /zones
[rosout][INFO] 2017-07-06 14:41:25,732: Received the playground image. Detecting zones...
[rosout][INFO] 2017-07-06 14:41:25,756: Publishing the detected zones on /zones
[rosout][INFO] 2017-07-06 14:41:29,730: Received the playground image. Detecting zones...
[rosout][INFO] 2017-07-06 14:41:29,748: Publishing the detected zones on /zones
[rosout][INFO] 2017-07-06 14:41:30,974: Received the playground image. Detecting zones...
[rosout][INFO] 2017-07-06 14:41:31,007: Publishing the detected zones on /zones
[rosout][INFO] 2017-07-06 14:42:22,000: Received the playground image. Detecting zones...
[rosout][INFO] 2017-07-06 14:42:22,034: Publishing the detected zones on /zones
[rosout][INFO] 2017-07-06 14:42:25,221: Received the playground image. Detecting zones...
[rosout][INFO] 2017-07-06 14:42:25,239: Publishing the detected zones on /zones
[rosout][INFO] 2017-07-06 14:42:25,750: Received the playground image. Detecting zones...
[rosout][INFO] 2017-07-06 14:42:25,775: Publishing the detected zones on /zones
[rosout][INFO] 2017-07-06 14:42:26,733: Received the playground image. Detecting zones...
[rosout][INFO] 2017-07-06 14:42:26,765: Publishing the detected zones on /zones
[rosout][INFO] 2017-07-06 14:42:27,480: Received the playground image. Detecting zones...
[rosout][INFO] 2017-07-06 14:42:27,512: Publishing the detected zones on /zones
[rosout][INFO] 2017-07-06 14:42:28,003: Received the playground image. Detecting zones...
[rosout][INFO] 2017-07-06 14:42:28,038: Publishing the detected zones on /zones
[rosout][INFO] 2017-07-06 14:42:28,497: Received the playground image. Detecting zones...
[rosout][INFO] 2017-07-06 14:42:28,533: Publishing the detected zones on /zones
[rosout][INFO] 2017-07-06 14:42:29,491: Received the playground image. Detecting zones...
[rosout][INFO] 2017-07-06 14:42:29,521: Publishing the detected zones on /zones
[rosout][INFO] 2017-07-06 14:42:30,495: Received the playground image. Detecting zones...
[rosout][INFO] 2017-07-06 14:42:30,521: Publishing the detected zones on /zones
[rosout][INFO] 2017-07-06 14:42:58,968: Received the playground image. Detecting zones...
[rosout][INFO] 2017-07-06 14:42:58,988: Publishing the detected zones on /zones
[rosout][INFO] 2017-07-06 14:43:00,972: Received the playground image. Detecting zones...
[rosout][INFO] 2017-07-06 14:43:00,998: Publishing the detected zones on /zones
[rosout][INFO] 2017-07-06 14:43:02,986: Received the playground image. Detecting zones...
[rosout][INFO] 2017-07-06 14:43:03,005: Publishing the detected zones on /zones
[rosout][INFO] 2017-07-06 14:43:03,988: Received the playground image. Detecting zones...
[rosout][INFO] 2017-07-06 14:43:04,023: Publishing the detected zones on /zones
[rosout][INFO] 2017-07-06 14:43:04,489: Received the playground image. Detecting zones...
[rosout][INFO] 2017-07-06 14:43:04,510: Publishing the detected zones on /zones
[rosout][INFO] 2017-07-06 14:43:05,730: Received the playground image. Detecting zones...
[rosout][INFO] 2017-07-06 14:43:05,765: Publishing the detected zones on /zones
[rosout][INFO] 2017-07-06 14:43:06,486: Received the playground image. Detecting zones...
[rosout][INFO] 2017-07-06 14:43:06,506: Publishing the detected zones on /zones
[rosout][INFO] 2017-07-06 14:43:07,492: Received the playground image. Detecting zones...
[rosout][INFO] 2017-07-06 14:43:07,515: Publishing the detected zones on /zones
[rosout][INFO] 2017-07-06 14:43:37,746: Received the playground image. Detecting zones...
[rosout][INFO] 2017-07-06 14:43:37,788: Publishing the detected zones on /zones
[rosout][INFO] 2017-07-06 14:43:39,729: Received the playground image. Detecting zones...
[rosout][INFO] 2017-07-06 14:43:39,766: Publishing the detected zones on /zones
[rosout][INFO] 2017-07-06 14:43:41,746: Received the playground image. Detecting zones...
[rosout][INFO] 2017-07-06 14:43:41,794: Publishing the detected zones on /zones
[rosout][INFO] 2017-07-06 14:43:45,227: Received the playground image. Detecting zones...
[rosout][INFO] 2017-07-06 14:43:45,247: Publishing the detected zones on /zones
[rosout][INFO] 2017-07-06 14:43:46,238: Received the playground image. Detecting zones...
[rosout][INFO] 2017-07-06 14:43:46,258: Publishing the detected zones on /zones
[rosout][INFO] 2017-07-06 14:43:47,248: Received the playground image. Detecting zones...
[rosout][INFO] 2017-07-06 14:43:47,275: Publishing the detected zones on /zones
[rosout][INFO] 2017-07-06 14:43:48,480: Received the playground image. Detecting zones...
[rosout][INFO] 2017-07-06 14:43:48,504: Publishing the detected zones on /zones
[rosout][INFO] 2017-07-06 14:43:49,231: Received the playground image. Detecting zones...
[rosout][INFO] 2017-07-06 14:43:49,246: Publishing the detected zones on /zones
[rosout][INFO] 2017-07-06 14:43:50,497: Received the playground image. Detecting zones...
[rosout][INFO] 2017-07-06 14:43:50,532: Publishing the detected zones on /zones
[rosout][INFO] 2017-07-06 14:43:52,234: Received the playground image. Detecting zones...
[rosout][INFO] 2017-07-06 14:43:52,258: Publishing the detected zones on /zones
[rosout][INFO] 2017-07-06 14:43:53,243: Received the playground image. Detecting zones...
[rosout][INFO] 2017-07-06 14:43:53,268: Publishing the detected zones on /zones
[rosout][INFO] 2017-07-06 14:43:54,735: Received the playground image. Detecting zones...
[rosout][INFO] 2017-07-06 14:43:54,760: Publishing the detected zones on /zones
[rosout][INFO] 2017-07-06 14:44:30,225: Received the playground image. Detecting zones...
[rosout][INFO] 2017-07-06 14:44:30,249: Publishing the detected zones on /zones
[rosout][INFO] 2017-07-06 14:44:34,267: Received the playground image. Detecting zones...
[rosout][INFO] 2017-07-06 14:44:34,288: Publishing the detected zones on /zones
[rosout][INFO] 2017-07-06 14:45:16,508: Received the playground image. Detecting zones...
[rosout][INFO] 2017-07-06 14:45:16,537: Publishing the detected zones on /zones
[rosout][INFO] 2017-07-06 14:45:22,249: Received the playground image. Detecting zones...
[rosout][INFO] 2017-07-06 14:45:22,266: Publishing the detected zones on /zones
[rosout][INFO] 2017-07-06 14:45:27,734: Received the playground image. Detecting zones...
[rosout][INFO] 2017-07-06 14:45:27,772: Publishing the detected zones on /zones
[rosout][INFO] 2017-07-06 14:45:32,980: Received the playground image. Detecting zones...
[rosout][INFO] 2017-07-06 14:45:33,017: Publishing the detected zones on /zones
[rosout][INFO] 2017-07-06 14:45:35,483: Received the playground image. Detecting zones...
[rosout][INFO] 2017-07-06 14:45:35,520: Publishing the detected zones on /zones
[rosout][INFO] 2017-07-06 14:45:40,745: Received the playground image. Detecting zones...
[rosout][INFO] 2017-07-06 14:45:40,789: Publishing the detected zones on /zones
[rosout][INFO] 2017-07-06 14:45:45,247: Received the playground image. Detecting zones...
[rosout][INFO] 2017-07-06 14:45:45,265: Publishing the detected zones on /zones
[rosout][INFO] 2017-07-06 14:45:46,227: Received the playground image. Detecting zones...
[rosout][INFO] 2017-07-06 14:45:46,255: Publishing the detected zones on /zones
[rosout][INFO] 2017-07-06 14:45:50,009: Received the playground image. Detecting zones...
[rosout][INFO] 2017-07-06 14:45:50,042: Publishing the detected zones on /zones
[rosout][INFO] 2017-07-06 14:45:58,487: Received the playground image. Detecting zones...
[rosout][INFO] 2017-07-06 14:45:58,511: Publishing the detected zones on /zones
[rosout][INFO] 2017-07-06 14:46:00,730: Received the playground image. Detecting zones...
[rosout][INFO] 2017-07-06 14:46:00,762: Publishing the detected zones on /zones
[rosout][INFO] 2017-07-06 14:46:03,736: Received the playground image. Detecting zones...
[rosout][INFO] 2017-07-06 14:46:03,771: Publishing the detected zones on /zones
[rosout][INFO] 2017-07-06 14:47:04,739: Received the playground image. Detecting zones...
[rosout][INFO] 2017-07-06 14:47:04,764: Publishing the detected zones on /zones
[rosout][INFO] 2017-07-06 14:47:29,240: Received the playground image. Detecting zones...
[rosout][INFO] 2017-07-06 14:47:29,264: Publishing the detected zones on /zones
[rosout][INFO] 2017-07-06 14:47:36,764: Received the playground image. Detecting zones...
[rosout][INFO] 2017-07-06 14:47:36,785: Publishing the detected zones on /zones
[rosout][INFO] 2017-07-06 14:47:41,237: Received the playground image. Detecting zones...
[rosout][INFO] 2017-07-06 14:47:41,257: Publishing the detected zones on /zones
[rosout][INFO] 2017-07-06 14:47:42,473: Received the playground image. Detecting zones...
[rosout][INFO] 2017-07-06 14:47:42,497: Publishing the detected zones on /zones
[rosout][INFO] 2017-07-06 14:47:48,742: Received the playground image. Detecting zones...
[rosout][INFO] 2017-07-06 14:47:48,774: Publishing the detected zones on /zones
[rosout][INFO] 2017-07-06 14:47:49,726: Received the playground image. Detecting zones...
[rosout][INFO] 2017-07-06 14:47:49,752: Publishing the detected zones on /zones
[rosout][INFO] 2017-07-06 14:47:51,489: Received the playground image. Detecting zones...
[rosout][INFO] 2017-07-06 14:47:51,510: Publishing the detected zones on /zones
[rosout][INFO] 2017-07-06 14:47:52,236: Received the playground image. Detecting zones...
[rosout][INFO] 2017-07-06 14:47:52,252: Publishing the detected zones on /zones
[rosout][INFO] 2017-07-06 14:47:52,992: Received the playground image. Detecting zones...
[rosout][INFO] 2017-07-06 14:47:53,015: Publishing the detected zones on /zones
[rosout][INFO] 2017-07-06 14:48:11,973: Received the playground image. Detecting zones...
[rosout][INFO] 2017-07-06 14:48:12,003: Publishing the detected zones on /zones
[rosout][INFO] 2017-07-06 14:48:23,231: Received the playground image. Detecting zones...
[rosout][INFO] 2017-07-06 14:48:23,250: Publishing the detected zones on /zones
[rosout][INFO] 2017-07-06 14:48:24,769: Received the playground image. Detecting zones...
[rosout][INFO] 2017-07-06 14:48:24,793: Publishing the detected zones on /zones
[rosout][INFO] 2017-07-06 14:48:25,989: Received the playground image. Detecting zones...
[rosout][INFO] 2017-07-06 14:48:26,025: Publishing the detected zones on /zones
[rosout][INFO] 2017-07-06 14:48:26,992: Received the playground image. Detecting zones...
[rosout][INFO] 2017-07-06 14:48:27,029: Publishing the detected zones on /zones
[rosout][INFO] 2017-07-06 14:48:27,986: Received the playground image. Detecting zones...
[rosout][INFO] 2017-07-06 14:48:28,012: Publishing the detected zones on /zones
[rosout][INFO] 2017-07-06 14:48:28,487: Received the playground image. Detecting zones...
[rosout][INFO] 2017-07-06 14:48:28,528: Publishing the detected zones on /zones
[rosout][INFO] 2017-07-06 14:48:29,480: Received the playground image. Detecting zones...
[rosout][INFO] 2017-07-06 14:48:29,499: Publishing the detected zones on /zones
[rospy.internal][INFO] 2017-07-06 14:48:43,993: topic[/zones] adding connection to [/sandbox_play], count 2
[rospy.internal][INFO] 2017-07-06 14:48:43,993: topic[/zones] removing connection to /sandbox_play
[rospy.internal][INFO] 2017-07-06 14:48:44,307: topic[/zones] removing connection to /sandbox_play
[rospy.internal][INFO] 2017-07-06 14:48:48,308: topic[/zones] removing connection to /rosbag_record_freeplay_sandbox
[rospy.core][INFO] 2017-07-06 14:49:10,070: signal_shutdown [signal-15]
[rospy.internal][INFO] 2017-07-06 14:49:10,076: topic[/rosout] removing connection to /rosout
[rospy.internal][INFO] 2017-07-06 14:49:10,076: topic[/sandtray/background/image] removing connection to http://sandtray-hrilab:33564/
[rospy.internal][INFO] 2017-07-06 14:49:10,077: topic[/sandtray/background/camera_info] removing connection to http://sandtray-hrilab:33564/
[rospy.impl.masterslave][INFO] 2017-07-06 14:49:10,077: signal-15
[rospy.core][INFO] 2017-07-06 14:49:10,101: signal_shutdown [signal-2]
[rospy.core][INFO] 2017-07-06 14:49:10,101: signal_shutdown [atexit]
