[rospy.client][INFO] 2017-06-20 14:55:18,115: init_node, name[/nao_behaviours], pid[31591]
[xmlrpc][INFO] 2017-06-20 14:55:18,115: XML-RPC server binding to 0.0.0.0:0
[xmlrpc][INFO] 2017-06-20 14:55:18,115: Started XML-RPC server [http://sandtray-hrilab:39183/]
[rospy.init][INFO] 2017-06-20 14:55:18,116: ROS Slave URI: [http://sandtray-hrilab:39183/]
[rospy.impl.masterslave][INFO] 2017-06-20 14:55:18,116: _ready: http://sandtray-hrilab:39183/
[rospy.registration][INFO] 2017-06-20 14:55:18,117: Registering with master node http://localhost:11311
[xmlrpc][INFO] 2017-06-20 14:55:18,117: xml rpc node: starting XML-RPC server
[rospy.init][INFO] 2017-06-20 14:55:18,216: registered with master
[rospy.rosout][INFO] 2017-06-20 14:55:18,216: initializing /rosout core topic
[rospy.rosout][INFO] 2017-06-20 14:55:18,218: connected to core topic /rosout
[rospy.simtime][INFO] 2017-06-20 14:55:18,220: /use_sim_time is not set, will not subscribe to simulated time [/clock] topic
[rospy.internal][INFO] 2017-06-20 14:55:19,171: topic[/rosout] adding connection to [/rosout], count 0
[rospy.internal][INFO] 2017-06-20 14:55:24,688: topic[/speech] adding connection to [/naoqi_driver_node], count 0
[rosout][WARNING] 2017-06-20 14:55:40,506: Waiting for frame /odom to be published...
[rospy.internal][INFO] 2017-06-20 14:55:40,543: topic[/tf] adding connection to [http://sandtray-hrilab:36458/], count 0
[rospy.internal][INFO] 2017-06-20 14:55:40,544: topic[/tf] adding connection to [http://sandtray-hrilab:45840/], count 0
[rospy.internal][INFO] 2017-06-20 14:55:40,545: topic[/tf] adding connection to [http://sandtray-hrilab:37294/], count 1
[rospy.internal][INFO] 2017-06-20 14:55:40,545: topic[/tf] adding connection to [http://sandtray-hrilab:46274/], count 1
[rospy.internal][INFO] 2017-06-20 14:55:40,548: topic[/tf] adding connection to [http://sandtray-hrilab:38939/], count 2
[rospy.internal][INFO] 2017-06-20 14:55:40,548: topic[/tf] adding connection to [http://192.168.2.104:37051/], count 2
[rospy.internal][INFO] 2017-06-20 14:55:40,549: topic[/tf] adding connection to [http://sandtray-hrilab:34250/], count 3
[rosout][WARNING] 2017-06-20 14:55:41,007: No transform robot->sandtray. Robot not yet localised!
[rosout][WARNING] 2017-06-20 14:55:41,508: No transform robot->sandtray. Robot not yet localised!
[rosout][WARNING] 2017-06-20 14:55:42,009: No transform robot->sandtray. Robot not yet localised!
[rosout][WARNING] 2017-06-20 14:55:42,510: No transform robot->sandtray. Robot not yet localised!
[rosout][WARNING] 2017-06-20 14:55:43,012: No transform robot->sandtray. Robot not yet localised!
[rosout][WARNING] 2017-06-20 14:55:43,513: No transform robot->sandtray. Robot not yet localised!
[rosout][WARNING] 2017-06-20 14:55:44,014: No transform robot->sandtray. Robot not yet localised!
[rosout][WARNING] 2017-06-20 14:55:44,515: No transform robot->sandtray. Robot not yet localised!
[rosout][WARNING] 2017-06-20 14:55:45,016: No transform robot->sandtray. Robot not yet localised!
[rosout][WARNING] 2017-06-20 14:55:45,516: No transform robot->sandtray. Robot not yet localised!
[rosout][WARNING] 2017-06-20 14:55:46,017: No transform robot->sandtray. Robot not yet localised!
[rosout][WARNING] 2017-06-20 14:55:46,518: No transform robot->sandtray. Robot not yet localised!
[rosout][WARNING] 2017-06-20 14:55:47,019: No transform robot->sandtray. Robot not yet localised!
[rosout][WARNING] 2017-06-20 14:55:47,520: No transform robot->sandtray. Robot not yet localised!
[rosout][WARNING] 2017-06-20 14:55:48,021: No transform robot->sandtray. Robot not yet localised!
[rosout][WARNING] 2017-06-20 14:55:48,522: No transform robot->sandtray. Robot not yet localised!
[rosout][WARNING] 2017-06-20 14:55:49,023: No transform robot->sandtray. Robot not yet localised!
[rosout][WARNING] 2017-06-20 14:55:49,524: No transform robot->sandtray. Robot not yet localised!
[rosout][WARNING] 2017-06-20 14:55:50,024: No transform robot->sandtray. Robot not yet localised!
[rosout][WARNING] 2017-06-20 14:55:50,525: No transform robot->sandtray. Robot not yet localised!
[rosout][WARNING] 2017-06-20 14:55:51,026: No transform robot->sandtray. Robot not yet localised!
[rosout][WARNING] 2017-06-20 14:55:51,527: No transform robot->sandtray. Robot not yet localised!
[rosout][WARNING] 2017-06-20 14:55:52,028: No transform robot->sandtray. Robot not yet localised!
[rosout][WARNING] 2017-06-20 14:55:52,529: No transform robot->sandtray. Robot not yet localised!
[rosout][WARNING] 2017-06-20 14:55:53,030: No transform robot->sandtray. Robot not yet localised!
[rosout][WARNING] 2017-06-20 14:55:53,531: No transform robot->sandtray. Robot not yet localised!
[rosout][INFO] 2017-06-20 14:55:54,032: Ok! Starting robot behaviours.
[rospy.internal][INFO] 2017-06-20 14:55:54,053: topic[/poses] adding connection to [http://sandtray-hrilab:45786/], count 0
[rospy.internal][WARNING] 2017-06-20 14:56:49,722: Unknown error initiating TCP/IP socket to sandtray-hrilab:43298 (http://sandtray-hrilab:34250/): Traceback (most recent call last):
  File "/opt/ros/kinetic/lib/python2.7/dist-packages/rospy/impl/tcpros_base.py", line 557, in connect
    self.read_header()
  File "/opt/ros/kinetic/lib/python2.7/dist-packages/rospy/impl/tcpros_base.py", line 650, in read_header
    self._validate_header(read_ros_handshake_header(sock, self.read_buff, self.protocol.buff_size))
  File "/opt/ros/kinetic/lib/python2.7/dist-packages/rosgraph/network.py", line 362, in read_ros_handshake_header
    d = sock.recv(buff_size)
error: [Errno 104] Connection reset by peer

[rospy.internal][INFO] 2017-06-20 14:56:49,722: topic[/tf] removing connection to http://sandtray-hrilab:34250/
[rospy.internal][INFO] 2017-06-20 14:56:51,938: topic[/tf] adding connection to [http://sandtray-hrilab:38147/], count 6
[rospy.internal][INFO] 2017-06-20 14:56:52,653: topic[/tf] adding connection to [http://sandtray-hrilab:39319/], count 7
[rospy.internal][WARNING] 2017-06-20 15:18:07,958: Unknown error initiating TCP/IP socket to sandtray-hrilab:52205 (http://sandtray-hrilab:38939/): Traceback (most recent call last):
  File "/opt/ros/kinetic/lib/python2.7/dist-packages/rospy/impl/tcpros_base.py", line 555, in connect
    self.socket.connect((dest_addr, dest_port))
  File "/usr/lib/python2.7/socket.py", line 228, in meth
    return getattr(self._sock,name)(*args)
error: [Errno 111] Connection refused

[rospy.internal][INFO] 2017-06-20 15:18:07,958: topic[/tf] removing connection to http://sandtray-hrilab:38939/
[rospy.internal][INFO] 2017-06-20 15:18:08,275: topic[/speech] removing connection to /naoqi_driver_node
[rospy.internal][WARNING] 2017-06-20 15:18:08,371: Unknown error initiating TCP/IP socket to 192.168.2.104:46035 (http://192.168.2.104:37051/): Traceback (most recent call last):
  File "/opt/ros/kinetic/lib/python2.7/dist-packages/rospy/impl/tcpros_base.py", line 557, in connect
    self.read_header()
  File "/opt/ros/kinetic/lib/python2.7/dist-packages/rospy/impl/tcpros_base.py", line 650, in read_header
    self._validate_header(read_ros_handshake_header(sock, self.read_buff, self.protocol.buff_size))
  File "/opt/ros/kinetic/lib/python2.7/dist-packages/rosgraph/network.py", line 362, in read_ros_handshake_header
    d = sock.recv(buff_size)
error: [Errno 104] Connection reset by peer

[rospy.internal][INFO] 2017-06-20 15:18:08,371: topic[/tf] removing connection to http://192.168.2.104:37051/
[rospy.core][INFO] 2017-06-20 15:18:08,401: signal_shutdown [signal-2]
[rospy.internal][INFO] 2017-06-20 15:18:08,406: topic[/rosout] removing connection to /rosout
[rospy.internal][INFO] 2017-06-20 15:18:08,407: topic[/poses] removing connection to http://sandtray-hrilab:45786/
[rospy.topics][ERROR] 2017-06-20 15:18:08,408: Traceback (most recent call last):
  File "/opt/ros/kinetic/lib/python2.7/dist-packages/rospy/topics.py", line 326, in close
    c.close()
  File "/opt/ros/kinetic/lib/python2.7/dist-packages/rospy/impl/tcpros_base.py", line 838, in close
    self.socket.close()
AttributeError: 'NoneType' object has no attribute 'close'

[rospy.internal][INFO] 2017-06-20 15:18:08,408: topic[/tf] removing connection to http://sandtray-hrilab:36458/
[rospy.internal][INFO] 2017-06-20 15:18:08,408: topic[/tf] removing connection to http://sandtray-hrilab:45840/
[rospy.internal][INFO] 2017-06-20 15:18:08,408: topic[/tf] removing connection to http://sandtray-hrilab:37294/
[rospy.internal][WARNING] 2017-06-20 15:18:08,407: Unknown error initiating TCP/IP socket to sandtray-hrilab:39488 (http://sandtray-hrilab:45786/): Traceback (most recent call last):
  File "/opt/ros/kinetic/lib/python2.7/dist-packages/rospy/impl/tcpros_base.py", line 557, in connect
    self.read_header()
  File "/opt/ros/kinetic/lib/python2.7/dist-packages/rospy/impl/tcpros_base.py", line 650, in read_header
    self._validate_header(read_ros_handshake_header(sock, self.read_buff, self.protocol.buff_size))
AttributeError: 'NoneType' object has no attribute 'buff_size'

[rospy.internal][INFO] 2017-06-20 15:18:08,408: topic[/tf] removing connection to http://sandtray-hrilab:46274/
[rospy.internal][INFO] 2017-06-20 15:18:08,410: topic[/tf] removing connection to http://sandtray-hrilab:38147/
[rospy.internal][INFO] 2017-06-20 15:18:08,410: topic[/tf] removing connection to http://sandtray-hrilab:39319/
[rospy.impl.masterslave][INFO] 2017-06-20 15:18:08,410: signal-2
[rospy.internal][WARNING] 2017-06-20 15:18:08,410: Unknown error initiating TCP/IP socket to sandtray-hrilab:41786 (http://sandtray-hrilab:38147/): Traceback (most recent call last):
  File "/opt/ros/kinetic/lib/python2.7/dist-packages/rospy/impl/tcpros_base.py", line 558, in connect
    self.local_endpoint = self.socket.getsockname()
AttributeError: 'NoneType' object has no attribute 'getsockname'

[rospy.core][INFO] 2017-06-20 15:18:09,025: signal_shutdown [signal-15]
[rospy.core][INFO] 2017-06-20 15:18:17,962: signal_shutdown [atexit]
