[rospy.client][INFO] 2017-06-20 14:54:55,834: init_node, name[/sandbox_zones_from_image], pid[31151]
[xmlrpc][INFO] 2017-06-20 14:54:55,835: XML-RPC server binding to 0.0.0.0:0
[xmlrpc][INFO] 2017-06-20 14:54:55,835: Started XML-RPC server [http://sandtray-hrilab:35839/]
[rospy.init][INFO] 2017-06-20 14:54:55,835: ROS Slave URI: [http://sandtray-hrilab:35839/]
[rospy.impl.masterslave][INFO] 2017-06-20 14:54:55,835: _ready: http://sandtray-hrilab:35839/
[rospy.registration][INFO] 2017-06-20 14:54:55,836: Registering with master node http://localhost:11311
[xmlrpc][INFO] 2017-06-20 14:54:55,836: xml rpc node: starting XML-RPC server
[rospy.init][INFO] 2017-06-20 14:54:55,936: registered with master
[rospy.rosout][INFO] 2017-06-20 14:54:55,936: initializing /rosout core topic
[rospy.rosout][INFO] 2017-06-20 14:54:55,939: connected to core topic /rosout
[rospy.simtime][INFO] 2017-06-20 14:54:55,940: /use_sim_time is not set, will not subscribe to simulated time [/clock] topic
[rosout][INFO] 2017-06-20 14:54:55,949: Waiting for images of the playground
[rospy.internal][INFO] 2017-06-20 14:54:55,951: topic[/sandtray/background/camera_info] adding connection to [http://sandtray-hrilab:36458/], count 0
[rospy.internal][INFO] 2017-06-20 14:54:55,952: topic[/sandtray/background/image] adding connection to [http://sandtray-hrilab:36458/], count 0
[rosout][INFO] 2017-06-20 14:54:55,965: Received the playground image. Detecting zones...
[rosout][INFO] 2017-06-20 14:54:55,990: Publishing the detected zones on /zones
[rospy.internal][INFO] 2017-06-20 14:54:56,175: topic[/rosout] adding connection to [/rosout], count 0
[rosout][INFO] 2017-06-20 14:55:17,638: Received the playground image. Detecting zones...
[rosout][INFO] 2017-06-20 14:55:17,653: Publishing the detected zones on /zones
[rospy.internal][INFO] 2017-06-20 14:55:18,024: topic[/zones] adding connection to [/rosbag_record_freeplay_sandbox], count 0
[rospy.internal][INFO] 2017-06-20 14:55:18,705: topic[/zones] adding connection to [/sandbox_play], count 1
[rosout][INFO] 2017-06-20 14:56:01,837: Received the playground image. Detecting zones...
[rosout][INFO] 2017-06-20 14:56:01,855: Publishing the detected zones on /zones
[rosout][INFO] 2017-06-20 14:56:02,104: Received the playground image. Detecting zones...
[rosout][INFO] 2017-06-20 14:56:02,117: Publishing the detected zones on /zones
[rosout][INFO] 2017-06-20 14:56:51,068: Received the playground image. Detecting zones...
[rosout][INFO] 2017-06-20 14:56:51,079: Publishing the detected zones on /zones
[rosout][INFO] 2017-06-20 14:56:54,874: Received the playground image. Detecting zones...
[rosout][INFO] 2017-06-20 14:56:54,893: Publishing the detected zones on /zones
[rospy.internal][INFO] 2017-06-20 14:56:55,992: topic[/zones] removing connection to /rosbag_record_freeplay_sandbox
[rospy.internal][INFO] 2017-06-20 14:56:57,676: topic[/zones] adding connection to [/rosbag_record_freeplay_sandbox], count 1
[rosout][INFO] 2017-06-20 14:56:59,146: Received the playground image. Detecting zones...
[rosout][INFO] 2017-06-20 14:56:59,166: Publishing the detected zones on /zones
[rosout][INFO] 2017-06-20 14:57:14,178: Received the playground image. Detecting zones...
[rosout][INFO] 2017-06-20 14:57:14,197: Publishing the detected zones on /zones
[rosout][INFO] 2017-06-20 14:57:19,652: Received the playground image. Detecting zones...
[rosout][INFO] 2017-06-20 14:57:19,679: Publishing the detected zones on /zones
[rosout][INFO] 2017-06-20 14:57:21,392: Received the playground image. Detecting zones...
[rosout][INFO] 2017-06-20 14:57:21,414: Publishing the detected zones on /zones
[rosout][INFO] 2017-06-20 14:57:22,663: Received the playground image. Detecting zones...
[rosout][INFO] 2017-06-20 14:57:22,682: Publishing the detected zones on /zones
[rosout][INFO] 2017-06-20 14:57:23,670: Received the playground image. Detecting zones...
[rosout][INFO] 2017-06-20 14:57:23,690: Publishing the detected zones on /zones
[rosout][INFO] 2017-06-20 14:57:24,614: Received the playground image. Detecting zones...
[rosout][INFO] 2017-06-20 14:57:24,631: Publishing the detected zones on /zones
[rosout][INFO] 2017-06-20 14:57:25,150: Received the playground image. Detecting zones...
[rosout][INFO] 2017-06-20 14:57:25,165: Publishing the detected zones on /zones
[rosout][INFO] 2017-06-20 14:57:25,915: Received the playground image. Detecting zones...
[rosout][INFO] 2017-06-20 14:57:25,934: Publishing the detected zones on /zones
[rosout][INFO] 2017-06-20 14:57:26,623: Received the playground image. Detecting zones...
[rosout][INFO] 2017-06-20 14:57:26,650: Publishing the detected zones on /zones
[rosout][INFO] 2017-06-20 14:57:30,645: Received the playground image. Detecting zones...
[rosout][INFO] 2017-06-20 14:57:30,672: Publishing the detected zones on /zones
[rosout][INFO] 2017-06-20 14:57:30,929: Received the playground image. Detecting zones...
[rosout][INFO] 2017-06-20 14:57:30,947: Publishing the detected zones on /zones
[rosout][INFO] 2017-06-20 14:57:31,168: Received the playground image. Detecting zones...
[rosout][INFO] 2017-06-20 14:57:31,190: Publishing the detected zones on /zones
[rosout][INFO] 2017-06-20 14:57:34,415: Received the playground image. Detecting zones...
[rosout][INFO] 2017-06-20 14:57:34,438: Publishing the detected zones on /zones
[rosout][INFO] 2017-06-20 14:57:38,178: Received the playground image. Detecting zones...
[rosout][INFO] 2017-06-20 14:57:38,203: Publishing the detected zones on /zones
[rosout][INFO] 2017-06-20 14:57:39,410: Received the playground image. Detecting zones...
[rosout][INFO] 2017-06-20 14:57:39,433: Publishing the detected zones on /zones
[rosout][INFO] 2017-06-20 14:57:41,174: Received the playground image. Detecting zones...
[rosout][INFO] 2017-06-20 14:57:41,195: Publishing the detected zones on /zones
[rosout][INFO] 2017-06-20 14:57:53,678: Received the playground image. Detecting zones...
[rosout][INFO] 2017-06-20 14:57:53,703: Publishing the detected zones on /zones
[rosout][INFO] 2017-06-20 14:57:59,186: Received the playground image. Detecting zones...
[rosout][INFO] 2017-06-20 14:57:59,220: Publishing the detected zones on /zones
[rosout][INFO] 2017-06-20 14:57:59,630: Received the playground image. Detecting zones...
[rosout][INFO] 2017-06-20 14:57:59,647: Publishing the detected zones on /zones
[rosout][INFO] 2017-06-20 14:58:03,377: Received the playground image. Detecting zones...
[rosout][INFO] 2017-06-20 14:58:03,392: Publishing the detected zones on /zones
[rosout][INFO] 2017-06-20 14:58:23,364: Received the playground image. Detecting zones...
[rosout][INFO] 2017-06-20 14:58:23,383: Publishing the detected zones on /zones
[rosout][INFO] 2017-06-20 14:58:24,390: Received the playground image. Detecting zones...
[rosout][INFO] 2017-06-20 14:58:24,408: Publishing the detected zones on /zones
[rosout][INFO] 2017-06-20 14:58:32,647: Received the playground image. Detecting zones...
[rosout][INFO] 2017-06-20 14:58:32,671: Publishing the detected zones on /zones
[rosout][INFO] 2017-06-20 14:58:34,173: Received the playground image. Detecting zones...
[rosout][INFO] 2017-06-20 14:58:34,192: Publishing the detected zones on /zones
[rosout][INFO] 2017-06-20 14:58:35,424: Received the playground image. Detecting zones...
[rosout][INFO] 2017-06-20 14:58:35,456: Publishing the detected zones on /zones
[rosout][INFO] 2017-06-20 14:58:37,655: Received the playground image. Detecting zones...
[rosout][INFO] 2017-06-20 14:58:37,677: Publishing the detected zones on /zones
[rosout][INFO] 2017-06-20 14:58:47,905: Received the playground image. Detecting zones...
[rosout][INFO] 2017-06-20 14:58:47,930: Publishing the detected zones on /zones
[rosout][INFO] 2017-06-20 14:58:55,199: Received the playground image. Detecting zones...
[rosout][INFO] 2017-06-20 14:58:55,228: Publishing the detected zones on /zones
[rosout][INFO] 2017-06-20 14:58:56,185: Received the playground image. Detecting zones...
[rosout][INFO] 2017-06-20 14:58:56,210: Publishing the detected zones on /zones
[rosout][INFO] 2017-06-20 14:58:57,934: Received the playground image. Detecting zones...
[rosout][INFO] 2017-06-20 14:58:57,964: Publishing the detected zones on /zones
[rosout][INFO] 2017-06-20 14:58:58,375: Received the playground image. Detecting zones...
[rosout][INFO] 2017-06-20 14:58:58,402: Publishing the detected zones on /zones
[rosout][INFO] 2017-06-20 14:59:05,422: Received the playground image. Detecting zones...
[rosout][INFO] 2017-06-20 14:59:05,448: Publishing the detected zones on /zones
[rosout][INFO] 2017-06-20 14:59:06,168: Received the playground image. Detecting zones...
[rosout][INFO] 2017-06-20 14:59:06,193: Publishing the detected zones on /zones
[rosout][INFO] 2017-06-20 14:59:06,892: Received the playground image. Detecting zones...
[rosout][INFO] 2017-06-20 14:59:06,913: Publishing the detected zones on /zones
[rosout][INFO] 2017-06-20 14:59:08,854: Received the playground image. Detecting zones...
[rosout][INFO] 2017-06-20 14:59:08,876: Publishing the detected zones on /zones
[rosout][INFO] 2017-06-20 15:00:13,126: Received the playground image. Detecting zones...
[rosout][INFO] 2017-06-20 15:00:13,142: Publishing the detected zones on /zones
[rosout][INFO] 2017-06-20 15:00:14,857: Received the playground image. Detecting zones...
[rosout][INFO] 2017-06-20 15:00:14,876: Publishing the detected zones on /zones
[rosout][INFO] 2017-06-20 15:00:18,121: Received the playground image. Detecting zones...
[rosout][INFO] 2017-06-20 15:00:18,141: Publishing the detected zones on /zones
[rosout][INFO] 2017-06-20 15:00:20,648: Received the playground image. Detecting zones...
[rosout][INFO] 2017-06-20 15:00:20,666: Publishing the detected zones on /zones
[rosout][INFO] 2017-06-20 15:00:21,131: Received the playground image. Detecting zones...
[rosout][INFO] 2017-06-20 15:00:21,158: Publishing the detected zones on /zones
[rosout][INFO] 2017-06-20 15:00:22,387: Received the playground image. Detecting zones...
[rosout][INFO] 2017-06-20 15:00:22,413: Publishing the detected zones on /zones
[rosout][INFO] 2017-06-20 15:00:23,149: Received the playground image. Detecting zones...
[rosout][INFO] 2017-06-20 15:00:23,169: Publishing the detected zones on /zones
[rosout][INFO] 2017-06-20 15:00:23,868: Received the playground image. Detecting zones...
[rosout][INFO] 2017-06-20 15:00:23,886: Publishing the detected zones on /zones
[rosout][INFO] 2017-06-20 15:00:24,650: Received the playground image. Detecting zones...
[rosout][INFO] 2017-06-20 15:00:24,673: Publishing the detected zones on /zones
[rosout][INFO] 2017-06-20 15:00:33,651: Received the playground image. Detecting zones...
[rosout][INFO] 2017-06-20 15:00:33,676: Publishing the detected zones on /zones
[rosout][INFO] 2017-06-20 15:00:36,911: Received the playground image. Detecting zones...
[rosout][INFO] 2017-06-20 15:00:36,933: Publishing the detected zones on /zones
[rosout][INFO] 2017-06-20 15:00:39,866: Received the playground image. Detecting zones...
[rosout][INFO] 2017-06-20 15:00:39,885: Publishing the detected zones on /zones
[rosout][INFO] 2017-06-20 15:00:41,141: Received the playground image. Detecting zones...
[rosout][INFO] 2017-06-20 15:00:41,163: Publishing the detected zones on /zones
[rosout][INFO] 2017-06-20 15:00:54,686: Received the playground image. Detecting zones...
[rosout][INFO] 2017-06-20 15:00:54,709: Publishing the detected zones on /zones
[rosout][INFO] 2017-06-20 15:01:24,168: Received the playground image. Detecting zones...
[rosout][INFO] 2017-06-20 15:01:24,192: Publishing the detected zones on /zones
[rosout][INFO] 2017-06-20 15:01:44,209: Received the playground image. Detecting zones...
[rosout][INFO] 2017-06-20 15:01:44,238: Publishing the detected zones on /zones
[rosout][INFO] 2017-06-20 15:01:45,917: Received the playground image. Detecting zones...
[rosout][INFO] 2017-06-20 15:01:45,942: Publishing the detected zones on /zones
[rosout][INFO] 2017-06-20 15:01:53,907: Received the playground image. Detecting zones...
[rosout][INFO] 2017-06-20 15:01:53,934: Publishing the detected zones on /zones
[rosout][INFO] 2017-06-20 15:02:00,877: Received the playground image. Detecting zones...
[rosout][INFO] 2017-06-20 15:02:00,899: Publishing the detected zones on /zones
[rosout][INFO] 2017-06-20 15:02:02,174: Received the playground image. Detecting zones...
[rosout][INFO] 2017-06-20 15:02:02,212: Publishing the detected zones on /zones
[rosout][INFO] 2017-06-20 15:02:02,640: Received the playground image. Detecting zones...
[rosout][INFO] 2017-06-20 15:02:02,664: Publishing the detected zones on /zones
[rosout][INFO] 2017-06-20 15:02:07,923: Received the playground image. Detecting zones...
[rosout][INFO] 2017-06-20 15:02:07,945: Publishing the detected zones on /zones
[rosout][INFO] 2017-06-20 15:02:14,859: Received the playground image. Detecting zones...
[rosout][INFO] 2017-06-20 15:02:14,877: Publishing the detected zones on /zones
[rosout][INFO] 2017-06-20 15:02:15,676: Received the playground image. Detecting zones...
[rosout][INFO] 2017-06-20 15:02:15,696: Publishing the detected zones on /zones
[rosout][INFO] 2017-06-20 15:03:21,684: Received the playground image. Detecting zones...
[rosout][INFO] 2017-06-20 15:03:21,721: Publishing the detected zones on /zones
[rosout][INFO] 2017-06-20 15:03:21,954: Received the playground image. Detecting zones...
[rosout][INFO] 2017-06-20 15:03:21,981: Publishing the detected zones on /zones
[rosout][INFO] 2017-06-20 15:03:23,639: Received the playground image. Detecting zones...
[rosout][INFO] 2017-06-20 15:03:23,667: Publishing the detected zones on /zones
[rosout][INFO] 2017-06-20 15:03:36,418: Received the playground image. Detecting zones...
[rosout][INFO] 2017-06-20 15:03:36,443: Publishing the detected zones on /zones
[rosout][INFO] 2017-06-20 15:03:39,121: Received the playground image. Detecting zones...
[rosout][INFO] 2017-06-20 15:03:39,139: Publishing the detected zones on /zones
[rosout][INFO] 2017-06-20 15:06:07,894: Received the playground image. Detecting zones...
[rosout][INFO] 2017-06-20 15:06:07,910: Publishing the detected zones on /zones
[rosout][INFO] 2017-06-20 15:06:09,179: Received the playground image. Detecting zones...
[rosout][INFO] 2017-06-20 15:06:09,196: Publishing the detected zones on /zones
[rosout][INFO] 2017-06-20 15:06:25,160: Received the playground image. Detecting zones...
[rosout][INFO] 2017-06-20 15:06:25,179: Publishing the detected zones on /zones
[rosout][INFO] 2017-06-20 15:06:26,172: Received the playground image. Detecting zones...
[rosout][INFO] 2017-06-20 15:06:26,188: Publishing the detected zones on /zones
[rosout][INFO] 2017-06-20 15:06:26,914: Received the playground image. Detecting zones...
[rosout][INFO] 2017-06-20 15:06:26,937: Publishing the detected zones on /zones
[rosout][INFO] 2017-06-20 15:06:27,383: Received the playground image. Detecting zones...
[rosout][INFO] 2017-06-20 15:06:27,418: Publishing the detected zones on /zones
[rosout][INFO] 2017-06-20 15:06:28,418: Received the playground image. Detecting zones...
[rosout][INFO] 2017-06-20 15:06:28,448: Publishing the detected zones on /zones
[rosout][INFO] 2017-06-20 15:06:28,921: Received the playground image. Detecting zones...
[rosout][INFO] 2017-06-20 15:06:28,946: Publishing the detected zones on /zones
[rosout][INFO] 2017-06-20 15:06:29,700: Received the playground image. Detecting zones...
[rosout][INFO] 2017-06-20 15:06:29,717: Publishing the detected zones on /zones
[rosout][INFO] 2017-06-20 15:06:36,159: Received the playground image. Detecting zones...
[rosout][INFO] 2017-06-20 15:06:36,178: Publishing the detected zones on /zones
[rosout][INFO] 2017-06-20 15:06:37,435: Received the playground image. Detecting zones...
[rosout][INFO] 2017-06-20 15:06:37,468: Publishing the detected zones on /zones
[rosout][INFO] 2017-06-20 15:06:38,432: Received the playground image. Detecting zones...
[rosout][INFO] 2017-06-20 15:06:38,463: Publishing the detected zones on /zones
[rosout][INFO] 2017-06-20 15:06:41,165: Received the playground image. Detecting zones...
[rosout][INFO] 2017-06-20 15:06:41,195: Publishing the detected zones on /zones
[rosout][INFO] 2017-06-20 15:06:42,688: Received the playground image. Detecting zones...
[rosout][INFO] 2017-06-20 15:06:42,705: Publishing the detected zones on /zones
[rosout][INFO] 2017-06-20 15:06:44,890: Received the playground image. Detecting zones...
[rosout][INFO] 2017-06-20 15:06:44,910: Publishing the detected zones on /zones
[rosout][INFO] 2017-06-20 15:06:45,923: Received the playground image. Detecting zones...
[rosout][INFO] 2017-06-20 15:06:45,946: Publishing the detected zones on /zones
[rosout][INFO] 2017-06-20 15:06:58,664: Received the playground image. Detecting zones...
[rosout][INFO] 2017-06-20 15:06:58,697: Publishing the detected zones on /zones
[rosout][INFO] 2017-06-20 15:06:58,900: Received the playground image. Detecting zones...
[rosout][INFO] 2017-06-20 15:06:58,917: Publishing the detected zones on /zones
[rosout][INFO] 2017-06-20 15:06:59,191: Received the playground image. Detecting zones...
[rosout][INFO] 2017-06-20 15:06:59,212: Publishing the detected zones on /zones
[rosout][INFO] 2017-06-20 15:06:59,414: Received the playground image. Detecting zones...
[rosout][INFO] 2017-06-20 15:06:59,435: Publishing the detected zones on /zones
[rosout][INFO] 2017-06-20 15:07:04,916: Received the playground image. Detecting zones...
[rosout][INFO] 2017-06-20 15:07:04,940: Publishing the detected zones on /zones
[rosout][INFO] 2017-06-20 15:07:14,162: Received the playground image. Detecting zones...
[rosout][INFO] 2017-06-20 15:07:14,183: Publishing the detected zones on /zones
[rosout][INFO] 2017-06-20 15:07:15,667: Received the playground image. Detecting zones...
[rosout][INFO] 2017-06-20 15:07:15,702: Publishing the detected zones on /zones
[rosout][INFO] 2017-06-20 15:07:17,633: Received the playground image. Detecting zones...
[rosout][INFO] 2017-06-20 15:07:17,654: Publishing the detected zones on /zones
[rosout][INFO] 2017-06-20 15:07:17,867: Received the playground image. Detecting zones...
[rosout][INFO] 2017-06-20 15:07:17,886: Publishing the detected zones on /zones
[rosout][INFO] 2017-06-20 15:07:19,431: Received the playground image. Detecting zones...
[rosout][INFO] 2017-06-20 15:07:19,452: Publishing the detected zones on /zones
[rosout][INFO] 2017-06-20 15:07:20,415: Received the playground image. Detecting zones...
[rosout][INFO] 2017-06-20 15:07:20,435: Publishing the detected zones on /zones
[rosout][INFO] 2017-06-20 15:07:22,920: Received the playground image. Detecting zones...
[rosout][INFO] 2017-06-20 15:07:22,939: Publishing the detected zones on /zones
[rosout][INFO] 2017-06-20 15:07:24,142: Received the playground image. Detecting zones...
[rosout][INFO] 2017-06-20 15:07:24,162: Publishing the detected zones on /zones
[rosout][INFO] 2017-06-20 15:07:24,924: Received the playground image. Detecting zones...
[rosout][INFO] 2017-06-20 15:07:24,946: Publishing the detected zones on /zones
[rosout][INFO] 2017-06-20 15:07:26,131: Received the playground image. Detecting zones...
[rosout][INFO] 2017-06-20 15:07:26,150: Publishing the detected zones on /zones
[rosout][INFO] 2017-06-20 15:07:26,669: Received the playground image. Detecting zones...
[rosout][INFO] 2017-06-20 15:07:26,690: Publishing the detected zones on /zones
[rosout][INFO] 2017-06-20 15:07:27,921: Received the playground image. Detecting zones...
[rosout][INFO] 2017-06-20 15:07:27,939: Publishing the detected zones on /zones
[rosout][INFO] 2017-06-20 15:07:34,662: Received the playground image. Detecting zones...
[rosout][INFO] 2017-06-20 15:07:34,686: Publishing the detected zones on /zones
[rosout][INFO] 2017-06-20 15:07:34,956: Received the playground image. Detecting zones...
[rosout][INFO] 2017-06-20 15:07:34,975: Publishing the detected zones on /zones
[rosout][INFO] 2017-06-20 15:07:35,418: Received the playground image. Detecting zones...
[rosout][INFO] 2017-06-20 15:07:35,453: Publishing the detected zones on /zones
[rosout][INFO] 2017-06-20 15:07:42,649: Received the playground image. Detecting zones...
[rosout][INFO] 2017-06-20 15:07:42,674: Publishing the detected zones on /zones
[rosout][INFO] 2017-06-20 15:08:01,920: Received the playground image. Detecting zones...
[rosout][INFO] 2017-06-20 15:08:01,940: Publishing the detected zones on /zones
[rosout][INFO] 2017-06-20 15:08:11,999: Received the playground image. Detecting zones...
[rosout][INFO] 2017-06-20 15:08:12,030: Publishing the detected zones on /zones
[rosout][INFO] 2017-06-20 15:08:15,481: Received the playground image. Detecting zones...
[rosout][INFO] 2017-06-20 15:08:15,507: Publishing the detected zones on /zones
[rosout][INFO] 2017-06-20 15:08:28,870: Received the playground image. Detecting zones...
[rosout][INFO] 2017-06-20 15:08:28,895: Publishing the detected zones on /zones
[rosout][INFO] 2017-06-20 15:08:33,423: Received the playground image. Detecting zones...
[rosout][INFO] 2017-06-20 15:08:33,454: Publishing the detected zones on /zones
[rosout][INFO] 2017-06-20 15:08:37,423: Received the playground image. Detecting zones...
[rosout][INFO] 2017-06-20 15:08:37,445: Publishing the detected zones on /zones
[rosout][INFO] 2017-06-20 15:08:48,410: Received the playground image. Detecting zones...
[rosout][INFO] 2017-06-20 15:08:48,433: Publishing the detected zones on /zones
[rosout][INFO] 2017-06-20 15:08:51,006: Received the playground image. Detecting zones...
[rosout][INFO] 2017-06-20 15:08:51,037: Publishing the detected zones on /zones
[rosout][INFO] 2017-06-20 15:08:56,932: Received the playground image. Detecting zones...
[rosout][INFO] 2017-06-20 15:08:56,966: Publishing the detected zones on /zones
[rosout][INFO] 2017-06-20 15:09:02,448: Received the playground image. Detecting zones...
[rosout][INFO] 2017-06-20 15:09:02,473: Publishing the detected zones on /zones
[rosout][INFO] 2017-06-20 15:09:03,181: Received the playground image. Detecting zones...
[rosout][INFO] 2017-06-20 15:09:03,206: Publishing the detected zones on /zones
[rosout][INFO] 2017-06-20 15:09:05,193: Received the playground image. Detecting zones...
[rosout][INFO] 2017-06-20 15:09:05,226: Publishing the detected zones on /zones
[rosout][INFO] 2017-06-20 15:09:09,456: Received the playground image. Detecting zones...
[rosout][INFO] 2017-06-20 15:09:09,487: Publishing the detected zones on /zones
[rosout][INFO] 2017-06-20 15:09:15,418: Received the playground image. Detecting zones...
[rosout][INFO] 2017-06-20 15:09:15,461: Publishing the detected zones on /zones
[rosout][INFO] 2017-06-20 15:09:24,890: Received the playground image. Detecting zones...
[rosout][INFO] 2017-06-20 15:09:24,909: Publishing the detected zones on /zones
[rosout][INFO] 2017-06-20 15:09:32,144: Received the playground image. Detecting zones...
[rosout][INFO] 2017-06-20 15:09:32,167: Publishing the detected zones on /zones
[rosout][INFO] 2017-06-20 15:09:32,640: Received the playground image. Detecting zones...
[rosout][INFO] 2017-06-20 15:09:32,659: Publishing the detected zones on /zones
[rosout][INFO] 2017-06-20 15:09:33,125: Received the playground image. Detecting zones...
[rosout][INFO] 2017-06-20 15:09:33,142: Publishing the detected zones on /zones
[rosout][INFO] 2017-06-20 15:09:33,668: Received the playground image. Detecting zones...
[rosout][INFO] 2017-06-20 15:09:33,695: Publishing the detected zones on /zones
[rosout][INFO] 2017-06-20 15:09:34,140: Received the playground image. Detecting zones...
[rosout][INFO] 2017-06-20 15:09:34,161: Publishing the detected zones on /zones
[rosout][INFO] 2017-06-20 15:09:34,656: Received the playground image. Detecting zones...
[rosout][INFO] 2017-06-20 15:09:34,679: Publishing the detected zones on /zones
[rosout][INFO] 2017-06-20 15:09:35,402: Received the playground image. Detecting zones...
[rosout][INFO] 2017-06-20 15:09:35,431: Publishing the detected zones on /zones
[rosout][INFO] 2017-06-20 15:09:37,689: Received the playground image. Detecting zones...
[rosout][INFO] 2017-06-20 15:09:37,713: Publishing the detected zones on /zones
[rosout][INFO] 2017-06-20 15:09:58,401: Received the playground image. Detecting zones...
[rosout][INFO] 2017-06-20 15:09:58,423: Publishing the detected zones on /zones
[rosout][INFO] 2017-06-20 15:10:06,411: Received the playground image. Detecting zones...
[rosout][INFO] 2017-06-20 15:10:06,440: Publishing the detected zones on /zones
[rosout][INFO] 2017-06-20 15:10:07,404: Received the playground image. Detecting zones...
[rosout][INFO] 2017-06-20 15:10:07,437: Publishing the detected zones on /zones
[rosout][INFO] 2017-06-20 15:10:08,161: Received the playground image. Detecting zones...
[rosout][INFO] 2017-06-20 15:10:08,186: Publishing the detected zones on /zones
[rosout][INFO] 2017-06-20 15:10:09,646: Received the playground image. Detecting zones...
[rosout][INFO] 2017-06-20 15:10:09,676: Publishing the detected zones on /zones
[rosout][INFO] 2017-06-20 15:10:11,131: Received the playground image. Detecting zones...
[rosout][INFO] 2017-06-20 15:10:11,149: Publishing the detected zones on /zones
[rosout][INFO] 2017-06-20 15:10:28,914: Received the playground image. Detecting zones...
[rosout][INFO] 2017-06-20 15:10:28,932: Publishing the detected zones on /zones
[rosout][INFO] 2017-06-20 15:10:30,139: Received the playground image. Detecting zones...
[rosout][INFO] 2017-06-20 15:10:30,158: Publishing the detected zones on /zones
[rosout][INFO] 2017-06-20 15:10:31,145: Received the playground image. Detecting zones...
[rosout][INFO] 2017-06-20 15:10:31,165: Publishing the detected zones on /zones
[rosout][INFO] 2017-06-20 15:10:31,922: Received the playground image. Detecting zones...
[rosout][INFO] 2017-06-20 15:10:31,944: Publishing the detected zones on /zones
[rosout][INFO] 2017-06-20 15:10:33,889: Received the playground image. Detecting zones...
[rosout][INFO] 2017-06-20 15:10:33,910: Publishing the detected zones on /zones
[rosout][INFO] 2017-06-20 15:10:34,663: Received the playground image. Detecting zones...
[rosout][INFO] 2017-06-20 15:10:34,681: Publishing the detected zones on /zones
[rosout][INFO] 2017-06-20 15:10:35,378: Received the playground image. Detecting zones...
[rosout][INFO] 2017-06-20 15:10:35,404: Publishing the detected zones on /zones
[rosout][INFO] 2017-06-20 15:10:52,889: Received the playground image. Detecting zones...
[rosout][INFO] 2017-06-20 15:10:52,924: Publishing the detected zones on /zones
[rosout][INFO] 2017-06-20 15:11:02,101: Received the playground image. Detecting zones...
[rosout][INFO] 2017-06-20 15:11:02,132: Publishing the detected zones on /zones
[rosout][INFO] 2017-06-20 15:11:07,910: Received the playground image. Detecting zones...
[rosout][INFO] 2017-06-20 15:11:07,931: Publishing the detected zones on /zones
[rosout][INFO] 2017-06-20 15:11:12,402: Received the playground image. Detecting zones...
[rosout][INFO] 2017-06-20 15:11:12,424: Publishing the detected zones on /zones
[rosout][INFO] 2017-06-20 15:11:15,152: Received the playground image. Detecting zones...
[rosout][INFO] 2017-06-20 15:11:15,171: Publishing the detected zones on /zones
[rosout][INFO] 2017-06-20 15:11:16,886: Received the playground image. Detecting zones...
[rosout][INFO] 2017-06-20 15:11:16,906: Publishing the detected zones on /zones
[rosout][INFO] 2017-06-20 15:11:17,918: Received the playground image. Detecting zones...
[rosout][INFO] 2017-06-20 15:11:17,939: Publishing the detected zones on /zones
[rosout][INFO] 2017-06-20 15:12:19,662: Received the playground image. Detecting zones...
[rosout][INFO] 2017-06-20 15:12:19,687: Publishing the detected zones on /zones
[rosout][INFO] 2017-06-20 15:12:37,133: Received the playground image. Detecting zones...
[rosout][INFO] 2017-06-20 15:12:37,147: Publishing the detected zones on /zones
[rosout][INFO] 2017-06-20 15:12:41,434: Received the playground image. Detecting zones...
[rosout][INFO] 2017-06-20 15:12:41,452: Publishing the detected zones on /zones
[rosout][INFO] 2017-06-20 15:12:48,682: Received the playground image. Detecting zones...
[rosout][INFO] 2017-06-20 15:12:48,703: Publishing the detected zones on /zones
[rosout][INFO] 2017-06-20 15:12:54,429: Received the playground image. Detecting zones...
[rosout][INFO] 2017-06-20 15:12:54,459: Publishing the detected zones on /zones
[rosout][INFO] 2017-06-20 15:12:58,627: Received the playground image. Detecting zones...
[rosout][INFO] 2017-06-20 15:12:58,655: Publishing the detected zones on /zones
[rosout][INFO] 2017-06-20 15:13:01,699: Received the playground image. Detecting zones...
[rosout][INFO] 2017-06-20 15:13:01,724: Publishing the detected zones on /zones
[rosout][INFO] 2017-06-20 15:13:03,653: Received the playground image. Detecting zones...
[rosout][INFO] 2017-06-20 15:13:03,674: Publishing the detected zones on /zones
[rosout][INFO] 2017-06-20 15:13:05,400: Received the playground image. Detecting zones...
[rosout][INFO] 2017-06-20 15:13:05,439: Publishing the detected zones on /zones
[rosout][INFO] 2017-06-20 15:13:07,429: Received the playground image. Detecting zones...
[rosout][INFO] 2017-06-20 15:13:07,457: Publishing the detected zones on /zones
[rosout][INFO] 2017-06-20 15:13:08,150: Received the playground image. Detecting zones...
[rosout][INFO] 2017-06-20 15:13:08,174: Publishing the detected zones on /zones
[rosout][INFO] 2017-06-20 15:13:09,901: Received the playground image. Detecting zones...
[rosout][INFO] 2017-06-20 15:13:09,920: Publishing the detected zones on /zones
[rosout][INFO] 2017-06-20 15:13:18,146: Received the playground image. Detecting zones...
[rosout][INFO] 2017-06-20 15:13:18,177: Publishing the detected zones on /zones
[rosout][INFO] 2017-06-20 15:13:34,405: Received the playground image. Detecting zones...
[rosout][INFO] 2017-06-20 15:13:34,425: Publishing the detected zones on /zones
[rosout][INFO] 2017-06-20 15:13:39,137: Received the playground image. Detecting zones...
[rosout][INFO] 2017-06-20 15:13:39,159: Publishing the detected zones on /zones
[rosout][INFO] 2017-06-20 15:13:43,161: Received the playground image. Detecting zones...
[rosout][INFO] 2017-06-20 15:13:43,180: Publishing the detected zones on /zones
[rosout][INFO] 2017-06-20 15:13:43,899: Received the playground image. Detecting zones...
[rosout][INFO] 2017-06-20 15:13:43,921: Publishing the detected zones on /zones
[rosout][INFO] 2017-06-20 15:14:22,648: Received the playground image. Detecting zones...
[rosout][INFO] 2017-06-20 15:14:22,669: Publishing the detected zones on /zones
[rosout][INFO] 2017-06-20 15:14:31,657: Received the playground image. Detecting zones...
[rosout][INFO] 2017-06-20 15:14:31,676: Publishing the detected zones on /zones
[rosout][INFO] 2017-06-20 15:14:32,891: Received the playground image. Detecting zones...
[rosout][INFO] 2017-06-20 15:14:32,910: Publishing the detected zones on /zones
[rosout][INFO] 2017-06-20 15:14:33,636: Received the playground image. Detecting zones...
[rosout][INFO] 2017-06-20 15:14:33,656: Publishing the detected zones on /zones
[rosout][INFO] 2017-06-20 15:14:49,654: Received the playground image. Detecting zones...
[rosout][INFO] 2017-06-20 15:14:49,674: Publishing the detected zones on /zones
[rosout][INFO] 2017-06-20 15:14:52,420: Received the playground image. Detecting zones...
[rosout][INFO] 2017-06-20 15:14:52,443: Publishing the detected zones on /zones
[rosout][INFO] 2017-06-20 15:14:53,660: Received the playground image. Detecting zones...
[rosout][INFO] 2017-06-20 15:14:53,677: Publishing the detected zones on /zones
[rosout][INFO] 2017-06-20 15:15:08,875: Received the playground image. Detecting zones...
[rosout][INFO] 2017-06-20 15:15:08,895: Publishing the detected zones on /zones
[rosout][INFO] 2017-06-20 15:15:14,141: Received the playground image. Detecting zones...
[rosout][INFO] 2017-06-20 15:15:14,160: Publishing the detected zones on /zones
[rosout][INFO] 2017-06-20 15:15:15,119: Received the playground image. Detecting zones...
[rosout][INFO] 2017-06-20 15:15:15,146: Publishing the detected zones on /zones
[rosout][INFO] 2017-06-20 15:15:15,903: Received the playground image. Detecting zones...
[rosout][INFO] 2017-06-20 15:15:15,923: Publishing the detected zones on /zones
[rosout][INFO] 2017-06-20 15:15:17,405: Received the playground image. Detecting zones...
[rosout][INFO] 2017-06-20 15:15:17,424: Publishing the detected zones on /zones
[rosout][INFO] 2017-06-20 15:15:18,170: Received the playground image. Detecting zones...
[rosout][INFO] 2017-06-20 15:15:18,190: Publishing the detected zones on /zones
[rosout][INFO] 2017-06-20 15:15:19,365: Received the playground image. Detecting zones...
[rosout][INFO] 2017-06-20 15:15:19,385: Publishing the detected zones on /zones
[rosout][INFO] 2017-06-20 15:15:25,677: Received the playground image. Detecting zones...
[rosout][INFO] 2017-06-20 15:15:25,696: Publishing the detected zones on /zones
[rosout][INFO] 2017-06-20 15:15:31,858: Received the playground image. Detecting zones...
[rosout][INFO] 2017-06-20 15:15:31,885: Publishing the detected zones on /zones
[rosout][INFO] 2017-06-20 15:15:36,420: Received the playground image. Detecting zones...
[rosout][INFO] 2017-06-20 15:15:36,445: Publishing the detected zones on /zones
[rosout][INFO] 2017-06-20 15:15:39,144: Received the playground image. Detecting zones...
[rosout][INFO] 2017-06-20 15:15:39,173: Publishing the detected zones on /zones
[rosout][INFO] 2017-06-20 15:15:43,159: Received the playground image. Detecting zones...
[rosout][INFO] 2017-06-20 15:15:43,195: Publishing the detected zones on /zones
[rosout][INFO] 2017-06-20 15:15:54,915: Received the playground image. Detecting zones...
[rosout][INFO] 2017-06-20 15:15:54,940: Publishing the detected zones on /zones
[rosout][INFO] 2017-06-20 15:15:56,908: Received the playground image. Detecting zones...
[rosout][INFO] 2017-06-20 15:15:56,928: Publishing the detected zones on /zones
[rosout][INFO] 2017-06-20 15:16:01,876: Received the playground image. Detecting zones...
[rosout][INFO] 2017-06-20 15:16:01,908: Publishing the detected zones on /zones
[rosout][INFO] 2017-06-20 15:16:03,907: Received the playground image. Detecting zones...
[rosout][INFO] 2017-06-20 15:16:03,936: Publishing the detected zones on /zones
[rosout][INFO] 2017-06-20 15:16:09,418: Received the playground image. Detecting zones...
[rosout][INFO] 2017-06-20 15:16:09,450: Publishing the detected zones on /zones
[rosout][INFO] 2017-06-20 15:16:12,143: Received the playground image. Detecting zones...
[rosout][INFO] 2017-06-20 15:16:12,162: Publishing the detected zones on /zones
[rosout][INFO] 2017-06-20 15:16:13,400: Received the playground image. Detecting zones...
[rosout][INFO] 2017-06-20 15:16:13,439: Publishing the detected zones on /zones
[rosout][INFO] 2017-06-20 15:16:21,413: Received the playground image. Detecting zones...
[rosout][INFO] 2017-06-20 15:16:21,432: Publishing the detected zones on /zones
[rosout][INFO] 2017-06-20 15:16:31,665: Received the playground image. Detecting zones...
[rosout][INFO] 2017-06-20 15:16:31,685: Publishing the detected zones on /zones
[rosout][INFO] 2017-06-20 15:16:33,139: Received the playground image. Detecting zones...
[rosout][INFO] 2017-06-20 15:16:33,155: Publishing the detected zones on /zones
[rosout][INFO] 2017-06-20 15:16:34,114: Received the playground image. Detecting zones...
[rosout][INFO] 2017-06-20 15:16:34,135: Publishing the detected zones on /zones
[rosout][INFO] 2017-06-20 15:16:35,908: Received the playground image. Detecting zones...
[rosout][INFO] 2017-06-20 15:16:35,929: Publishing the detected zones on /zones
[rosout][INFO] 2017-06-20 15:16:45,648: Received the playground image. Detecting zones...
[rosout][INFO] 2017-06-20 15:16:45,664: Publishing the detected zones on /zones
[rosout][INFO] 2017-06-20 15:16:48,893: Received the playground image. Detecting zones...
[rosout][INFO] 2017-06-20 15:16:48,916: Publishing the detected zones on /zones
[rosout][INFO] 2017-06-20 15:16:49,638: Received the playground image. Detecting zones...
[rosout][INFO] 2017-06-20 15:16:49,662: Publishing the detected zones on /zones
[rosout][INFO] 2017-06-20 15:16:52,406: Received the playground image. Detecting zones...
[rosout][INFO] 2017-06-20 15:16:52,434: Publishing the detected zones on /zones
[rosout][INFO] 2017-06-20 15:17:05,428: Received the playground image. Detecting zones...
[rosout][INFO] 2017-06-20 15:17:05,459: Publishing the detected zones on /zones
[rosout][INFO] 2017-06-20 15:17:08,407: Received the playground image. Detecting zones...
[rosout][INFO] 2017-06-20 15:17:08,436: Publishing the detected zones on /zones
[rosout][INFO] 2017-06-20 15:17:12,425: Received the playground image. Detecting zones...
[rosout][INFO] 2017-06-20 15:17:12,455: Publishing the detected zones on /zones
[rosout][INFO] 2017-06-20 15:17:12,939: Received the playground image. Detecting zones...
[rosout][INFO] 2017-06-20 15:17:12,966: Publishing the detected zones on /zones
[rosout][INFO] 2017-06-20 15:17:13,121: Received the playground image. Detecting zones...
[rosout][INFO] 2017-06-20 15:17:13,145: Publishing the detected zones on /zones
[rosout][INFO] 2017-06-20 15:17:15,915: Received the playground image. Detecting zones...
[rosout][INFO] 2017-06-20 15:17:15,933: Publishing the detected zones on /zones
[rosout][INFO] 2017-06-20 15:17:16,894: Received the playground image. Detecting zones...
[rosout][INFO] 2017-06-20 15:17:16,914: Publishing the detected zones on /zones
[rosout][INFO] 2017-06-20 15:17:23,421: Received the playground image. Detecting zones...
[rosout][INFO] 2017-06-20 15:17:23,443: Publishing the detected zones on /zones
[rosout][INFO] 2017-06-20 15:17:26,418: Received the playground image. Detecting zones...
[rosout][INFO] 2017-06-20 15:17:26,450: Publishing the detected zones on /zones
[rosout][INFO] 2017-06-20 15:17:27,392: Received the playground image. Detecting zones...
[rosout][INFO] 2017-06-20 15:17:27,418: Publishing the detected zones on /zones
[rosout][INFO] 2017-06-20 15:17:38,867: Received the playground image. Detecting zones...
[rosout][INFO] 2017-06-20 15:17:38,885: Publishing the detected zones on /zones
[rosout][INFO] 2017-06-20 15:17:40,160: Received the playground image. Detecting zones...
[rosout][INFO] 2017-06-20 15:17:40,180: Publishing the detected zones on /zones
[rosout][INFO] 2017-06-20 15:17:41,129: Received the playground image. Detecting zones...
[rosout][INFO] 2017-06-20 15:17:41,145: Publishing the detected zones on /zones
[rosout][INFO] 2017-06-20 15:17:42,648: Received the playground image. Detecting zones...
[rosout][INFO] 2017-06-20 15:17:42,665: Publishing the detected zones on /zones
[rosout][INFO] 2017-06-20 15:17:43,670: Received the playground image. Detecting zones...
[rosout][INFO] 2017-06-20 15:17:43,691: Publishing the detected zones on /zones
[rospy.internal][INFO] 2017-06-20 15:18:08,152: topic[/zones] removing connection to /sandbox_play
[rospy.internal][INFO] 2017-06-20 15:18:18,656: topic[/zones] removing connection to /rosbag_record_freeplay_sandbox
[rospy.internal][ERROR] 2017-06-20 15:19:56,801: Unable to initiate TCP/IP socket to sandtray-hrilab:39337 (http://sandtray-hrilab:36458/): Traceback (most recent call last):
  File "/opt/ros/kinetic/lib/python2.7/dist-packages/rospy/impl/tcpros_base.py", line 557, in connect
    self.read_header()
  File "/opt/ros/kinetic/lib/python2.7/dist-packages/rospy/impl/tcpros_base.py", line 650, in read_header
    self._validate_header(read_ros_handshake_header(sock, self.read_buff, self.protocol.buff_size))
  File "/opt/ros/kinetic/lib/python2.7/dist-packages/rospy/impl/tcpros_base.py", line 593, in _validate_header
    raise TransportInitError("remote error reported: %s"%header['error'])
TransportInitError: remote error reported: received a connection for a nonexistent topic [/sandtray/background/image] from [TCPROS connection on port 39337 to [127.0.0.1:48444 on socket 17]] [/sandbox_zones_from_image].

[rospy.internal][ERROR] 2017-06-20 15:19:56,808: Unable to initiate TCP/IP socket to sandtray-hrilab:39337 (http://sandtray-hrilab:36458/): Traceback (most recent call last):
  File "/opt/ros/kinetic/lib/python2.7/dist-packages/rospy/impl/tcpros_base.py", line 557, in connect
    self.read_header()
  File "/opt/ros/kinetic/lib/python2.7/dist-packages/rospy/impl/tcpros_base.py", line 650, in read_header
    self._validate_header(read_ros_handshake_header(sock, self.read_buff, self.protocol.buff_size))
  File "/opt/ros/kinetic/lib/python2.7/dist-packages/rospy/impl/tcpros_base.py", line 593, in _validate_header
    raise TransportInitError("remote error reported: %s"%header['error'])
TransportInitError: remote error reported: received a connection for a nonexistent topic [/sandtray/background/camera_info] from [TCPROS connection on port 39337 to [127.0.0.1:48466 on socket 17]] [/sandbox_zones_from_image].

[rospy.internal][ERROR] 2017-06-20 15:19:57,803: Unable to initiate TCP/IP socket to sandtray-hrilab:39337 (http://sandtray-hrilab:36458/): Traceback (most recent call last):
  File "/opt/ros/kinetic/lib/python2.7/dist-packages/rospy/impl/tcpros_base.py", line 557, in connect
    self.read_header()
  File "/opt/ros/kinetic/lib/python2.7/dist-packages/rospy/impl/tcpros_base.py", line 650, in read_header
    self._validate_header(read_ros_handshake_header(sock, self.read_buff, self.protocol.buff_size))
  File "/opt/ros/kinetic/lib/python2.7/dist-packages/rospy/impl/tcpros_base.py", line 593, in _validate_header
    raise TransportInitError("remote error reported: %s"%header['error'])
TransportInitError: remote error reported: received a connection for a nonexistent topic [/sandtray/background/image] from [TCPROS connection on port 39337 to [127.0.0.1:48496 on socket 17]] [/sandbox_zones_from_image].

[rospy.internal][ERROR] 2017-06-20 15:19:57,809: Unable to initiate TCP/IP socket to sandtray-hrilab:39337 (http://sandtray-hrilab:36458/): Traceback (most recent call last):
  File "/opt/ros/kinetic/lib/python2.7/dist-packages/rospy/impl/tcpros_base.py", line 557, in connect
    self.read_header()
  File "/opt/ros/kinetic/lib/python2.7/dist-packages/rospy/impl/tcpros_base.py", line 650, in read_header
    self._validate_header(read_ros_handshake_header(sock, self.read_buff, self.protocol.buff_size))
  File "/opt/ros/kinetic/lib/python2.7/dist-packages/rospy/impl/tcpros_base.py", line 593, in _validate_header
    raise TransportInitError("remote error reported: %s"%header['error'])
TransportInitError: remote error reported: received a connection for a nonexistent topic [/sandtray/background/camera_info] from [TCPROS connection on port 39337 to [127.0.0.1:48498 on socket 17]] [/sandbox_zones_from_image].

[rospy.internal][WARNING] 2017-06-20 15:19:59,806: Unknown error initiating TCP/IP socket to sandtray-hrilab:39337 (http://sandtray-hrilab:36458/): Traceback (most recent call last):
  File "/opt/ros/kinetic/lib/python2.7/dist-packages/rospy/impl/tcpros_base.py", line 555, in connect
    self.socket.connect((dest_addr, dest_port))
  File "/usr/lib/python2.7/socket.py", line 228, in meth
    return getattr(self._sock,name)(*args)
error: [Errno 111] Connection refused

[rospy.internal][INFO] 2017-06-20 15:19:59,806: topic[/sandtray/background/image] removing connection to http://sandtray-hrilab:36458/
[rospy.internal][WARNING] 2017-06-20 15:19:59,811: Unknown error initiating TCP/IP socket to sandtray-hrilab:39337 (http://sandtray-hrilab:36458/): Traceback (most recent call last):
  File "/opt/ros/kinetic/lib/python2.7/dist-packages/rospy/impl/tcpros_base.py", line 555, in connect
    self.socket.connect((dest_addr, dest_port))
  File "/usr/lib/python2.7/socket.py", line 228, in meth
    return getattr(self._sock,name)(*args)
error: [Errno 111] Connection refused

[rospy.internal][INFO] 2017-06-20 15:19:59,812: topic[/sandtray/background/camera_info] removing connection to http://sandtray-hrilab:36458/
[rospy.core][INFO] 2017-06-20 15:20:03,978: signal_shutdown [signal-2]
[rospy.internal][INFO] 2017-06-20 15:20:03,983: topic[/rosout] removing connection to /rosout
[rospy.impl.masterslave][INFO] 2017-06-20 15:20:03,984: signal-2
[rospy.core][INFO] 2017-06-20 15:20:04,116: signal_shutdown [atexit]
