[rospy.client][INFO] 2017-07-05 11:33:15,265: init_node, name[/sandbox_zones_from_image], pid[14590]
[xmlrpc][INFO] 2017-07-05 11:33:15,266: XML-RPC server binding to 0.0.0.0:0
[xmlrpc][INFO] 2017-07-05 11:33:15,266: Started XML-RPC server [http://sandtray-hrilab:37360/]
[rospy.init][INFO] 2017-07-05 11:33:15,266: ROS Slave URI: [http://sandtray-hrilab:37360/]
[rospy.impl.masterslave][INFO] 2017-07-05 11:33:15,267: _ready: http://sandtray-hrilab:37360/
[rospy.registration][INFO] 2017-07-05 11:33:15,267: Registering with master node http://localhost:11311
[xmlrpc][INFO] 2017-07-05 11:33:15,267: xml rpc node: starting XML-RPC server
[rospy.init][INFO] 2017-07-05 11:33:15,367: registered with master
[rospy.rosout][INFO] 2017-07-05 11:33:15,367: initializing /rosout core topic
[rospy.rosout][INFO] 2017-07-05 11:33:15,369: connected to core topic /rosout
[rospy.simtime][INFO] 2017-07-05 11:33:15,370: /use_sim_time is not set, will not subscribe to simulated time [/clock] topic
[rosout][INFO] 2017-07-05 11:33:15,378: Waiting for images of the playground
[rospy.internal][INFO] 2017-07-05 11:33:15,382: topic[/sandtray/background/image] adding connection to [http://sandtray-hrilab:36952/], count 0
[rospy.internal][INFO] 2017-07-05 11:33:15,383: topic[/sandtray/background/camera_info] adding connection to [http://sandtray-hrilab:36952/], count 0
[rosout][INFO] 2017-07-05 11:33:15,398: Received the playground image. Detecting zones...
[rosout][INFO] 2017-07-05 11:33:15,419: Publishing the detected zones on /zones
[rospy.internal][INFO] 2017-07-05 11:33:15,566: topic[/rosout] adding connection to [/rosout], count 0
[rosout][INFO] 2017-07-05 11:34:58,044: Received the playground image. Detecting zones...
[rosout][INFO] 2017-07-05 11:34:58,063: Publishing the detected zones on /zones
[rosout][INFO] 2017-07-05 11:35:16,550: Received the playground image. Detecting zones...
[rosout][INFO] 2017-07-05 11:35:16,562: Publishing the detected zones on /zones
[rosout][INFO] 2017-07-05 11:35:23,285: Received the playground image. Detecting zones...
[rosout][INFO] 2017-07-05 11:35:23,302: Publishing the detected zones on /zones
[rosout][INFO] 2017-07-05 11:35:31,031: Received the playground image. Detecting zones...
[rosout][INFO] 2017-07-05 11:35:31,047: Publishing the detected zones on /zones
[rosout][INFO] 2017-07-05 11:35:33,280: Received the playground image. Detecting zones...
[rosout][INFO] 2017-07-05 11:35:33,291: Publishing the detected zones on /zones
[rosout][INFO] 2017-07-05 11:35:37,103: Received the playground image. Detecting zones...
[rosout][INFO] 2017-07-05 11:35:37,121: Publishing the detected zones on /zones
[rosout][INFO] 2017-07-05 11:35:40,792: Received the playground image. Detecting zones...
[rosout][INFO] 2017-07-05 11:35:40,804: Publishing the detected zones on /zones
[rosout][INFO] 2017-07-05 11:35:41,292: Received the playground image. Detecting zones...
[rosout][INFO] 2017-07-05 11:35:41,307: Publishing the detected zones on /zones
[rosout][INFO] 2017-07-05 11:35:43,573: Received the playground image. Detecting zones...
[rosout][INFO] 2017-07-05 11:35:43,587: Publishing the detected zones on /zones
[rosout][INFO] 2017-07-05 11:35:44,283: Received the playground image. Detecting zones...
[rosout][INFO] 2017-07-05 11:35:44,295: Publishing the detected zones on /zones
[rosout][INFO] 2017-07-05 11:35:49,274: Received the playground image. Detecting zones...
[rosout][INFO] 2017-07-05 11:35:49,287: Publishing the detected zones on /zones
[rosout][INFO] 2017-07-05 11:35:50,788: Received the playground image. Detecting zones...
[rosout][INFO] 2017-07-05 11:35:50,805: Publishing the detected zones on /zones
[rosout][INFO] 2017-07-05 11:35:51,274: Received the playground image. Detecting zones...
[rosout][INFO] 2017-07-05 11:35:51,286: Publishing the detected zones on /zones
[rosout][INFO] 2017-07-05 11:35:53,777: Received the playground image. Detecting zones...
[rosout][INFO] 2017-07-05 11:35:53,788: Publishing the detected zones on /zones
[rosout][INFO] 2017-07-05 11:35:55,277: Received the playground image. Detecting zones...
[rosout][INFO] 2017-07-05 11:35:55,289: Publishing the detected zones on /zones
[rosout][INFO] 2017-07-05 11:35:57,029: Received the playground image. Detecting zones...
[rosout][INFO] 2017-07-05 11:35:57,045: Publishing the detected zones on /zones
[rosout][INFO] 2017-07-05 11:35:59,541: Received the playground image. Detecting zones...
[rosout][INFO] 2017-07-05 11:35:59,555: Publishing the detected zones on /zones
[rosout][INFO] 2017-07-05 11:36:01,781: Received the playground image. Detecting zones...
[rosout][INFO] 2017-07-05 11:36:01,797: Publishing the detected zones on /zones
[rosout][INFO] 2017-07-05 11:36:03,797: Received the playground image. Detecting zones...
[rosout][INFO] 2017-07-05 11:36:03,811: Publishing the detected zones on /zones
[rosout][INFO] 2017-07-05 11:36:04,790: Received the playground image. Detecting zones...
[rosout][INFO] 2017-07-05 11:36:04,807: Publishing the detected zones on /zones
[rosout][INFO] 2017-07-05 11:36:05,275: Received the playground image. Detecting zones...
[rosout][INFO] 2017-07-05 11:36:05,286: Publishing the detected zones on /zones
[rosout][INFO] 2017-07-05 11:36:06,036: Received the playground image. Detecting zones...
[rosout][INFO] 2017-07-05 11:36:06,051: Publishing the detected zones on /zones
[rosout][INFO] 2017-07-05 11:36:06,268: Received the playground image. Detecting zones...
[rosout][INFO] 2017-07-05 11:36:06,280: Publishing the detected zones on /zones
[rosout][INFO] 2017-07-05 11:36:13,043: Received the playground image. Detecting zones...
[rosout][INFO] 2017-07-05 11:36:13,055: Publishing the detected zones on /zones
[rosout][INFO] 2017-07-05 11:40:41,787: Received the playground image. Detecting zones...
[rosout][INFO] 2017-07-05 11:40:41,799: Publishing the detected zones on /zones
[rospy.internal][INFO] 2017-07-05 11:40:42,330: topic[/zones] adding connection to [/rosbag_record_freeplay_sandbox], count 0
[rospy.internal][INFO] 2017-07-05 11:40:42,898: topic[/zones] adding connection to [/sandbox_play], count 1
[rosout][INFO] 2017-07-05 11:41:28,070: Received the playground image. Detecting zones...
[rosout][INFO] 2017-07-05 11:41:28,090: Publishing the detected zones on /zones
[rosout][INFO] 2017-07-05 11:41:32,323: Received the playground image. Detecting zones...
[rosout][INFO] 2017-07-05 11:41:32,341: Publishing the detected zones on /zones
[rosout][INFO] 2017-07-05 11:41:35,547: Received the playground image. Detecting zones...
[rosout][INFO] 2017-07-05 11:41:35,561: Publishing the detected zones on /zones
[rosout][INFO] 2017-07-05 11:41:39,808: Received the playground image. Detecting zones...
[rosout][INFO] 2017-07-05 11:41:39,830: Publishing the detected zones on /zones
[rosout][INFO] 2017-07-05 11:41:51,573: Received the playground image. Detecting zones...
[rosout][INFO] 2017-07-05 11:41:51,593: Publishing the detected zones on /zones
[rosout][INFO] 2017-07-05 11:43:00,058: Received the playground image. Detecting zones...
[rosout][INFO] 2017-07-05 11:43:00,081: Publishing the detected zones on /zones
[rosout][INFO] 2017-07-05 11:43:04,559: Received the playground image. Detecting zones...
[rosout][INFO] 2017-07-05 11:43:04,576: Publishing the detected zones on /zones
[rosout][INFO] 2017-07-05 11:43:05,310: Received the playground image. Detecting zones...
[rosout][INFO] 2017-07-05 11:43:05,332: Publishing the detected zones on /zones
[rosout][INFO] 2017-07-05 11:43:23,052: Received the playground image. Detecting zones...
[rosout][INFO] 2017-07-05 11:43:23,073: Publishing the detected zones on /zones
[rosout][INFO] 2017-07-05 11:43:36,804: Received the playground image. Detecting zones...
[rosout][INFO] 2017-07-05 11:43:36,822: Publishing the detected zones on /zones
[rosout][INFO] 2017-07-05 11:43:39,064: Received the playground image. Detecting zones...
[rosout][INFO] 2017-07-05 11:43:39,088: Publishing the detected zones on /zones
[rosout][INFO] 2017-07-05 11:43:39,558: Received the playground image. Detecting zones...
[rosout][INFO] 2017-07-05 11:43:39,572: Publishing the detected zones on /zones
[rosout][INFO] 2017-07-05 11:43:56,567: Received the playground image. Detecting zones...
[rosout][INFO] 2017-07-05 11:43:56,582: Publishing the detected zones on /zones
[rosout][INFO] 2017-07-05 11:44:06,822: Received the playground image. Detecting zones...
[rosout][INFO] 2017-07-05 11:44:06,841: Publishing the detected zones on /zones
[rosout][INFO] 2017-07-05 11:44:19,558: Received the playground image. Detecting zones...
[rosout][INFO] 2017-07-05 11:44:19,575: Publishing the detected zones on /zones
[rosout][INFO] 2017-07-05 11:44:20,561: Received the playground image. Detecting zones...
[rosout][INFO] 2017-07-05 11:44:20,576: Publishing the detected zones on /zones
[rosout][INFO] 2017-07-05 11:44:22,062: Received the playground image. Detecting zones...
[rosout][INFO] 2017-07-05 11:44:22,084: Publishing the detected zones on /zones
[rosout][INFO] 2017-07-05 11:44:25,811: Received the playground image. Detecting zones...
[rosout][INFO] 2017-07-05 11:44:25,829: Publishing the detected zones on /zones
[rosout][INFO] 2017-07-05 11:44:33,814: Received the playground image. Detecting zones...
[rosout][INFO] 2017-07-05 11:44:33,830: Publishing the detected zones on /zones
[rosout][INFO] 2017-07-05 11:44:42,809: Received the playground image. Detecting zones...
[rosout][INFO] 2017-07-05 11:44:42,826: Publishing the detected zones on /zones
[rosout][INFO] 2017-07-05 11:44:43,827: Received the playground image. Detecting zones...
[rosout][INFO] 2017-07-05 11:44:43,847: Publishing the detected zones on /zones
[rosout][INFO] 2017-07-05 11:44:44,312: Received the playground image. Detecting zones...
[rosout][INFO] 2017-07-05 11:44:44,329: Publishing the detected zones on /zones
[rosout][INFO] 2017-07-05 11:44:46,560: Received the playground image. Detecting zones...
[rosout][INFO] 2017-07-05 11:44:46,576: Publishing the detected zones on /zones
[rosout][INFO] 2017-07-05 11:44:50,312: Received the playground image. Detecting zones...
[rosout][INFO] 2017-07-05 11:44:50,336: Publishing the detected zones on /zones
[rosout][INFO] 2017-07-05 11:44:53,571: Received the playground image. Detecting zones...
[rosout][INFO] 2017-07-05 11:44:53,592: Publishing the detected zones on /zones
[rosout][INFO] 2017-07-05 11:45:12,065: Received the playground image. Detecting zones...
[rosout][INFO] 2017-07-05 11:45:12,085: Publishing the detected zones on /zones
[rosout][INFO] 2017-07-05 11:45:13,567: Received the playground image. Detecting zones...
[rosout][INFO] 2017-07-05 11:45:13,586: Publishing the detected zones on /zones
[rosout][INFO] 2017-07-05 11:45:13,809: Received the playground image. Detecting zones...
[rosout][INFO] 2017-07-05 11:45:13,827: Publishing the detected zones on /zones
[rosout][INFO] 2017-07-05 11:45:14,051: Received the playground image. Detecting zones...
[rosout][INFO] 2017-07-05 11:45:14,067: Publishing the detected zones on /zones
[rosout][INFO] 2017-07-05 11:45:15,311: Received the playground image. Detecting zones...
[rosout][INFO] 2017-07-05 11:45:15,328: Publishing the detected zones on /zones
[rosout][INFO] 2017-07-05 11:45:15,567: Received the playground image. Detecting zones...
[rosout][INFO] 2017-07-05 11:45:15,586: Publishing the detected zones on /zones
[rosout][INFO] 2017-07-05 11:45:38,570: Received the playground image. Detecting zones...
[rosout][INFO] 2017-07-05 11:45:38,606: Publishing the detected zones on /zones
[rosout][INFO] 2017-07-05 11:45:38,805: Received the playground image. Detecting zones...
[rosout][INFO] 2017-07-05 11:45:38,823: Publishing the detected zones on /zones
[rosout][INFO] 2017-07-05 11:45:39,064: Received the playground image. Detecting zones...
[rosout][INFO] 2017-07-05 11:45:39,090: Publishing the detected zones on /zones
[rosout][INFO] 2017-07-05 11:45:39,311: Received the playground image. Detecting zones...
[rosout][INFO] 2017-07-05 11:45:39,343: Publishing the detected zones on /zones
[rosout][INFO] 2017-07-05 11:45:39,820: Received the playground image. Detecting zones...
[rosout][INFO] 2017-07-05 11:45:39,840: Publishing the detected zones on /zones
[rosout][INFO] 2017-07-05 11:45:40,062: Received the playground image. Detecting zones...
[rosout][INFO] 2017-07-05 11:45:40,078: Publishing the detected zones on /zones
[rosout][INFO] 2017-07-05 11:45:41,063: Received the playground image. Detecting zones...
[rosout][INFO] 2017-07-05 11:45:41,083: Publishing the detected zones on /zones
[rosout][INFO] 2017-07-05 11:45:45,081: Received the playground image. Detecting zones...
[rosout][INFO] 2017-07-05 11:45:45,114: Publishing the detected zones on /zones
[rosout][INFO] 2017-07-05 11:45:45,312: Received the playground image. Detecting zones...
[rosout][INFO] 2017-07-05 11:45:45,334: Publishing the detected zones on /zones
[rosout][INFO] 2017-07-05 11:45:48,330: Received the playground image. Detecting zones...
[rosout][INFO] 2017-07-05 11:45:48,349: Publishing the detected zones on /zones
[rosout][INFO] 2017-07-05 11:45:48,548: Received the playground image. Detecting zones...
[rosout][INFO] 2017-07-05 11:45:48,566: Publishing the detected zones on /zones
[rosout][INFO] 2017-07-05 11:45:49,554: Received the playground image. Detecting zones...
[rosout][INFO] 2017-07-05 11:45:49,569: Publishing the detected zones on /zones
[rosout][INFO] 2017-07-05 11:45:51,067: Received the playground image. Detecting zones...
[rosout][INFO] 2017-07-05 11:45:51,086: Publishing the detected zones on /zones
[rosout][INFO] 2017-07-05 11:45:51,307: Received the playground image. Detecting zones...
[rosout][INFO] 2017-07-05 11:45:51,330: Publishing the detected zones on /zones
[rosout][INFO] 2017-07-05 11:45:51,594: Received the playground image. Detecting zones...
[rosout][INFO] 2017-07-05 11:45:51,611: Publishing the detected zones on /zones
[rosout][INFO] 2017-07-05 11:45:51,803: Received the playground image. Detecting zones...
[rosout][INFO] 2017-07-05 11:45:51,818: Publishing the detected zones on /zones
[rosout][INFO] 2017-07-05 11:46:36,054: Received the playground image. Detecting zones...
[rosout][INFO] 2017-07-05 11:46:36,073: Publishing the detected zones on /zones
[rosout][INFO] 2017-07-05 11:46:46,305: Received the playground image. Detecting zones...
[rosout][INFO] 2017-07-05 11:46:46,321: Publishing the detected zones on /zones
[rosout][INFO] 2017-07-05 11:46:49,547: Received the playground image. Detecting zones...
[rosout][INFO] 2017-07-05 11:46:49,562: Publishing the detected zones on /zones
[rosout][INFO] 2017-07-05 11:46:57,542: Received the playground image. Detecting zones...
[rosout][INFO] 2017-07-05 11:46:57,557: Publishing the detected zones on /zones
[rosout][INFO] 2017-07-05 11:46:59,049: Received the playground image. Detecting zones...
[rosout][INFO] 2017-07-05 11:46:59,070: Publishing the detected zones on /zones
[rosout][INFO] 2017-07-05 11:47:04,828: Received the playground image. Detecting zones...
[rosout][INFO] 2017-07-05 11:47:04,847: Publishing the detected zones on /zones
[rosout][INFO] 2017-07-05 11:47:05,072: Received the playground image. Detecting zones...
[rosout][INFO] 2017-07-05 11:47:05,091: Publishing the detected zones on /zones
[rosout][INFO] 2017-07-05 11:47:07,572: Received the playground image. Detecting zones...
[rosout][INFO] 2017-07-05 11:47:07,592: Publishing the detected zones on /zones
[rosout][INFO] 2017-07-05 11:47:08,564: Received the playground image. Detecting zones...
[rosout][INFO] 2017-07-05 11:47:08,586: Publishing the detected zones on /zones
[rosout][INFO] 2017-07-05 11:47:08,833: Received the playground image. Detecting zones...
[rosout][INFO] 2017-07-05 11:47:08,853: Publishing the detected zones on /zones
[rosout][INFO] 2017-07-05 11:47:09,060: Received the playground image. Detecting zones...
[rosout][INFO] 2017-07-05 11:47:09,078: Publishing the detected zones on /zones
[rosout][INFO] 2017-07-05 11:47:09,316: Received the playground image. Detecting zones...
[rosout][INFO] 2017-07-05 11:47:09,334: Publishing the detected zones on /zones
[rosout][INFO] 2017-07-05 11:47:10,075: Received the playground image. Detecting zones...
[rosout][INFO] 2017-07-05 11:47:10,100: Publishing the detected zones on /zones
[rosout][INFO] 2017-07-05 11:47:10,309: Received the playground image. Detecting zones...
[rosout][INFO] 2017-07-05 11:47:10,325: Publishing the detected zones on /zones
[rosout][INFO] 2017-07-05 11:47:11,320: Received the playground image. Detecting zones...
[rosout][INFO] 2017-07-05 11:47:11,356: Publishing the detected zones on /zones
[rosout][INFO] 2017-07-05 11:47:11,844: Received the playground image. Detecting zones...
[rosout][INFO] 2017-07-05 11:47:11,867: Publishing the detected zones on /zones
[rosout][INFO] 2017-07-05 11:47:12,072: Received the playground image. Detecting zones...
[rosout][INFO] 2017-07-05 11:47:12,095: Publishing the detected zones on /zones
[rosout][INFO] 2017-07-05 11:47:12,308: Received the playground image. Detecting zones...
[rosout][INFO] 2017-07-05 11:47:12,323: Publishing the detected zones on /zones
[rosout][INFO] 2017-07-05 11:47:12,566: Received the playground image. Detecting zones...
[rosout][INFO] 2017-07-05 11:47:12,581: Publishing the detected zones on /zones
[rosout][INFO] 2017-07-05 11:47:13,082: Received the playground image. Detecting zones...
[rosout][INFO] 2017-07-05 11:47:13,098: Publishing the detected zones on /zones
[rosout][INFO] 2017-07-05 11:47:13,312: Received the playground image. Detecting zones...
[rosout][INFO] 2017-07-05 11:47:13,335: Publishing the detected zones on /zones
[rosout][INFO] 2017-07-05 11:47:13,807: Received the playground image. Detecting zones...
[rosout][INFO] 2017-07-05 11:47:13,821: Publishing the detected zones on /zones
[rosout][INFO] 2017-07-05 11:47:16,570: Received the playground image. Detecting zones...
[rosout][INFO] 2017-07-05 11:47:16,584: Publishing the detected zones on /zones
[rosout][INFO] 2017-07-05 11:47:17,570: Received the playground image. Detecting zones...
[rosout][INFO] 2017-07-05 11:47:17,587: Publishing the detected zones on /zones
[rosout][INFO] 2017-07-05 11:47:19,583: Received the playground image. Detecting zones...
[rosout][INFO] 2017-07-05 11:47:19,604: Publishing the detected zones on /zones
[rosout][INFO] 2017-07-05 11:47:19,808: Received the playground image. Detecting zones...
[rosout][INFO] 2017-07-05 11:47:19,822: Publishing the detected zones on /zones
[rosout][INFO] 2017-07-05 11:47:20,655: Received the playground image. Detecting zones...
[rosout][INFO] 2017-07-05 11:47:20,675: Publishing the detected zones on /zones
[rosout][INFO] 2017-07-05 11:47:20,804: Received the playground image. Detecting zones...
[rosout][INFO] 2017-07-05 11:47:20,821: Publishing the detected zones on /zones
[rosout][INFO] 2017-07-05 11:47:21,818: Received the playground image. Detecting zones...
[rosout][INFO] 2017-07-05 11:47:21,834: Publishing the detected zones on /zones
[rosout][INFO] 2017-07-05 11:47:22,650: Received the playground image. Detecting zones...
[rosout][INFO] 2017-07-05 11:47:22,669: Publishing the detected zones on /zones
[rosout][INFO] 2017-07-05 11:47:22,848: Received the playground image. Detecting zones...
[rosout][INFO] 2017-07-05 11:47:22,869: Publishing the detected zones on /zones
[rosout][INFO] 2017-07-05 11:47:23,047: Received the playground image. Detecting zones...
[rosout][INFO] 2017-07-05 11:47:23,063: Publishing the detected zones on /zones
[rosout][INFO] 2017-07-05 11:47:23,553: Received the playground image. Detecting zones...
[rosout][INFO] 2017-07-05 11:47:23,571: Publishing the detected zones on /zones
[rosout][INFO] 2017-07-05 11:47:26,195: Received the playground image. Detecting zones...
[rosout][INFO] 2017-07-05 11:47:26,213: Publishing the detected zones on /zones
[rosout][INFO] 2017-07-05 11:47:26,386: Received the playground image. Detecting zones...
[rosout][INFO] 2017-07-05 11:47:26,407: Publishing the detected zones on /zones
[rosout][INFO] 2017-07-05 11:47:27,569: Received the playground image. Detecting zones...
[rosout][INFO] 2017-07-05 11:47:27,593: Publishing the detected zones on /zones
[rosout][INFO] 2017-07-05 11:47:28,074: Received the playground image. Detecting zones...
[rosout][INFO] 2017-07-05 11:47:28,097: Publishing the detected zones on /zones
[rosout][INFO] 2017-07-05 11:47:29,070: Received the playground image. Detecting zones...
[rosout][INFO] 2017-07-05 11:47:29,085: Publishing the detected zones on /zones
[rosout][INFO] 2017-07-05 11:47:29,841: Received the playground image. Detecting zones...
[rosout][INFO] 2017-07-05 11:47:29,863: Publishing the detected zones on /zones
[rosout][INFO] 2017-07-05 11:47:30,130: Received the playground image. Detecting zones...
[rosout][INFO] 2017-07-05 11:47:30,151: Publishing the detected zones on /zones
[rosout][INFO] 2017-07-05 11:47:30,322: Received the playground image. Detecting zones...
[rosout][INFO] 2017-07-05 11:47:30,341: Publishing the detected zones on /zones
[rosout][INFO] 2017-07-05 11:47:31,092: Received the playground image. Detecting zones...
[rosout][INFO] 2017-07-05 11:47:31,121: Publishing the detected zones on /zones
[rosout][INFO] 2017-07-05 11:47:31,313: Received the playground image. Detecting zones...
[rosout][INFO] 2017-07-05 11:47:31,330: Publishing the detected zones on /zones
[rosout][INFO] 2017-07-05 11:47:32,322: Received the playground image. Detecting zones...
[rosout][INFO] 2017-07-05 11:47:32,340: Publishing the detected zones on /zones
[rosout][INFO] 2017-07-05 11:47:32,814: Received the playground image. Detecting zones...
[rosout][INFO] 2017-07-05 11:47:32,833: Publishing the detected zones on /zones
[rosout][INFO] 2017-07-05 11:47:33,570: Received the playground image. Detecting zones...
[rosout][INFO] 2017-07-05 11:47:33,583: Publishing the detected zones on /zones
[rosout][INFO] 2017-07-05 11:47:34,318: Received the playground image. Detecting zones...
[rosout][INFO] 2017-07-05 11:47:34,336: Publishing the detected zones on /zones
[rosout][INFO] 2017-07-05 11:47:35,112: Received the playground image. Detecting zones...
[rosout][INFO] 2017-07-05 11:47:35,140: Publishing the detected zones on /zones
[rosout][INFO] 2017-07-05 11:47:35,568: Received the playground image. Detecting zones...
[rosout][INFO] 2017-07-05 11:47:35,592: Publishing the detected zones on /zones
[rosout][INFO] 2017-07-05 11:47:35,851: Received the playground image. Detecting zones...
[rosout][INFO] 2017-07-05 11:47:35,869: Publishing the detected zones on /zones
[rosout][INFO] 2017-07-05 11:47:40,808: Received the playground image. Detecting zones...
[rosout][INFO] 2017-07-05 11:47:40,823: Publishing the detected zones on /zones
[rosout][INFO] 2017-07-05 11:47:41,316: Received the playground image. Detecting zones...
[rosout][INFO] 2017-07-05 11:47:41,333: Publishing the detected zones on /zones
[rosout][INFO] 2017-07-05 11:47:43,313: Received the playground image. Detecting zones...
[rosout][INFO] 2017-07-05 11:47:43,342: Publishing the detected zones on /zones
[rosout][INFO] 2017-07-05 11:47:44,102: Received the playground image. Detecting zones...
[rosout][INFO] 2017-07-05 11:47:44,124: Publishing the detected zones on /zones
[rosout][INFO] 2017-07-05 11:47:44,808: Received the playground image. Detecting zones...
[rosout][INFO] 2017-07-05 11:47:44,828: Publishing the detected zones on /zones
[rosout][INFO] 2017-07-05 11:47:47,563: Received the playground image. Detecting zones...
[rosout][INFO] 2017-07-05 11:47:47,579: Publishing the detected zones on /zones
[rosout][INFO] 2017-07-05 11:47:47,816: Received the playground image. Detecting zones...
[rosout][INFO] 2017-07-05 11:47:47,832: Publishing the detected zones on /zones
[rosout][INFO] 2017-07-05 11:47:51,313: Received the playground image. Detecting zones...
[rosout][INFO] 2017-07-05 11:47:51,332: Publishing the detected zones on /zones
[rosout][INFO] 2017-07-05 11:47:52,817: Received the playground image. Detecting zones...
[rosout][INFO] 2017-07-05 11:47:52,833: Publishing the detected zones on /zones
[rosout][INFO] 2017-07-05 11:47:54,307: Received the playground image. Detecting zones...
[rosout][INFO] 2017-07-05 11:47:54,327: Publishing the detected zones on /zones
[rosout][INFO] 2017-07-05 11:47:56,558: Received the playground image. Detecting zones...
[rosout][INFO] 2017-07-05 11:47:56,574: Publishing the detected zones on /zones
[rosout][INFO] 2017-07-05 11:47:57,319: Received the playground image. Detecting zones...
[rosout][INFO] 2017-07-05 11:47:57,333: Publishing the detected zones on /zones
[rosout][INFO] 2017-07-05 11:47:58,349: Received the playground image. Detecting zones...
[rosout][INFO] 2017-07-05 11:47:58,369: Publishing the detected zones on /zones
[rosout][INFO] 2017-07-05 11:47:58,803: Received the playground image. Detecting zones...
[rosout][INFO] 2017-07-05 11:47:58,821: Publishing the detected zones on /zones
[rosout][INFO] 2017-07-05 11:48:00,812: Received the playground image. Detecting zones...
[rosout][INFO] 2017-07-05 11:48:00,827: Publishing the detected zones on /zones
[rosout][INFO] 2017-07-05 11:48:02,809: Received the playground image. Detecting zones...
[rosout][INFO] 2017-07-05 11:48:02,823: Publishing the detected zones on /zones
[rosout][INFO] 2017-07-05 11:48:03,568: Received the playground image. Detecting zones...
[rosout][INFO] 2017-07-05 11:48:03,595: Publishing the detected zones on /zones
[rosout][INFO] 2017-07-05 11:48:03,816: Received the playground image. Detecting zones...
[rosout][INFO] 2017-07-05 11:48:03,837: Publishing the detected zones on /zones
[rosout][INFO] 2017-07-05 11:48:04,085: Received the playground image. Detecting zones...
[rosout][INFO] 2017-07-05 11:48:04,105: Publishing the detected zones on /zones
[rosout][INFO] 2017-07-05 11:48:06,811: Received the playground image. Detecting zones...
[rosout][INFO] 2017-07-05 11:48:06,825: Publishing the detected zones on /zones
[rosout][INFO] 2017-07-05 11:48:07,076: Received the playground image. Detecting zones...
[rosout][INFO] 2017-07-05 11:48:07,099: Publishing the detected zones on /zones
[rosout][INFO] 2017-07-05 11:48:07,308: Received the playground image. Detecting zones...
[rosout][INFO] 2017-07-05 11:48:07,324: Publishing the detected zones on /zones
[rosout][INFO] 2017-07-05 11:48:08,075: Received the playground image. Detecting zones...
[rosout][INFO] 2017-07-05 11:48:08,097: Publishing the detected zones on /zones
[rosout][INFO] 2017-07-05 11:48:08,349: Received the playground image. Detecting zones...
[rosout][INFO] 2017-07-05 11:48:08,372: Publishing the detected zones on /zones
[rosout][INFO] 2017-07-05 11:48:08,582: Received the playground image. Detecting zones...
[rosout][INFO] 2017-07-05 11:48:08,600: Publishing the detected zones on /zones
[rosout][INFO] 2017-07-05 11:48:08,807: Received the playground image. Detecting zones...
[rosout][INFO] 2017-07-05 11:48:08,823: Publishing the detected zones on /zones
[rosout][INFO] 2017-07-05 11:48:09,599: Received the playground image. Detecting zones...
[rosout][INFO] 2017-07-05 11:48:09,615: Publishing the detected zones on /zones
[rosout][INFO] 2017-07-05 11:48:12,303: Received the playground image. Detecting zones...
[rosout][INFO] 2017-07-05 11:48:12,323: Publishing the detected zones on /zones
[rosout][INFO] 2017-07-05 11:48:15,566: Received the playground image. Detecting zones...
[rosout][INFO] 2017-07-05 11:48:15,583: Publishing the detected zones on /zones
[rosout][INFO] 2017-07-05 11:48:16,064: Received the playground image. Detecting zones...
[rosout][INFO] 2017-07-05 11:48:16,078: Publishing the detected zones on /zones
[rosout][INFO] 2017-07-05 11:48:18,560: Received the playground image. Detecting zones...
[rosout][INFO] 2017-07-05 11:48:18,575: Publishing the detected zones on /zones
[rosout][INFO] 2017-07-05 11:48:19,823: Received the playground image. Detecting zones...
[rosout][INFO] 2017-07-05 11:48:19,844: Publishing the detected zones on /zones
[rosout][INFO] 2017-07-05 11:48:25,310: Received the playground image. Detecting zones...
[rosout][INFO] 2017-07-05 11:48:25,326: Publishing the detected zones on /zones
[rosout][INFO] 2017-07-05 11:48:26,065: Received the playground image. Detecting zones...
[rosout][INFO] 2017-07-05 11:48:26,091: Publishing the detected zones on /zones
[rosout][INFO] 2017-07-05 11:48:26,311: Received the playground image. Detecting zones...
[rosout][INFO] 2017-07-05 11:48:26,348: Publishing the detected zones on /zones
[rosout][INFO] 2017-07-05 11:48:26,561: Received the playground image. Detecting zones...
[rosout][INFO] 2017-07-05 11:48:26,580: Publishing the detected zones on /zones
[rosout][INFO] 2017-07-05 11:48:26,839: Received the playground image. Detecting zones...
[rosout][INFO] 2017-07-05 11:48:26,860: Publishing the detected zones on /zones
[rosout][INFO] 2017-07-05 11:48:27,104: Received the playground image. Detecting zones...
[rosout][INFO] 2017-07-05 11:48:27,133: Publishing the detected zones on /zones
[rosout][INFO] 2017-07-05 11:48:27,305: Received the playground image. Detecting zones...
[rosout][INFO] 2017-07-05 11:48:27,323: Publishing the detected zones on /zones
[rosout][INFO] 2017-07-05 11:48:27,559: Received the playground image. Detecting zones...
[rosout][INFO] 2017-07-05 11:48:27,583: Publishing the detected zones on /zones
[rosout][INFO] 2017-07-05 11:48:27,952: Received the playground image. Detecting zones...
[rosout][INFO] 2017-07-05 11:48:27,977: Publishing the detected zones on /zones
[rosout][INFO] 2017-07-05 11:48:28,324: Received the playground image. Detecting zones...
[rosout][INFO] 2017-07-05 11:48:28,342: Publishing the detected zones on /zones
[rosout][INFO] 2017-07-05 11:48:28,645: Received the playground image. Detecting zones...
[rosout][INFO] 2017-07-05 11:48:28,669: Publishing the detected zones on /zones
[rosout][INFO] 2017-07-05 11:48:28,837: Received the playground image. Detecting zones...
[rosout][INFO] 2017-07-05 11:48:28,862: Publishing the detected zones on /zones
[rosout][INFO] 2017-07-05 11:48:29,100: Received the playground image. Detecting zones...
[rosout][INFO] 2017-07-05 11:48:29,120: Publishing the detected zones on /zones
[rosout][INFO] 2017-07-05 11:48:29,334: Received the playground image. Detecting zones...
[rosout][INFO] 2017-07-05 11:48:29,358: Publishing the detected zones on /zones
[rosout][INFO] 2017-07-05 11:48:30,062: Received the playground image. Detecting zones...
[rosout][INFO] 2017-07-05 11:48:30,082: Publishing the detected zones on /zones
[rosout][INFO] 2017-07-05 11:48:32,817: Received the playground image. Detecting zones...
[rosout][INFO] 2017-07-05 11:48:32,833: Publishing the detected zones on /zones
[rosout][INFO] 2017-07-05 11:48:33,312: Received the playground image. Detecting zones...
[rosout][INFO] 2017-07-05 11:48:33,330: Publishing the detected zones on /zones
[rosout][INFO] 2017-07-05 11:48:35,096: Received the playground image. Detecting zones...
[rosout][INFO] 2017-07-05 11:48:35,112: Publishing the detected zones on /zones
[rosout][INFO] 2017-07-05 11:48:35,549: Received the playground image. Detecting zones...
[rosout][INFO] 2017-07-05 11:48:35,568: Publishing the detected zones on /zones
[rosout][INFO] 2017-07-05 11:48:36,063: Received the playground image. Detecting zones...
[rosout][INFO] 2017-07-05 11:48:36,082: Publishing the detected zones on /zones
[rosout][INFO] 2017-07-05 11:48:39,067: Received the playground image. Detecting zones...
[rosout][INFO] 2017-07-05 11:48:39,086: Publishing the detected zones on /zones
[rosout][INFO] 2017-07-05 11:48:42,813: Received the playground image. Detecting zones...
[rosout][INFO] 2017-07-05 11:48:42,829: Publishing the detected zones on /zones
[rosout][INFO] 2017-07-05 11:48:44,847: Received the playground image. Detecting zones...
[rosout][INFO] 2017-07-05 11:48:44,864: Publishing the detected zones on /zones
[rosout][INFO] 2017-07-05 11:48:45,052: Received the playground image. Detecting zones...
[rosout][INFO] 2017-07-05 11:48:45,070: Publishing the detected zones on /zones
[rosout][INFO] 2017-07-05 11:48:46,064: Received the playground image. Detecting zones...
[rosout][INFO] 2017-07-05 11:48:46,083: Publishing the detected zones on /zones
[rosout][INFO] 2017-07-05 11:48:47,551: Received the playground image. Detecting zones...
[rosout][INFO] 2017-07-05 11:48:47,565: Publishing the detected zones on /zones
[rosout][INFO] 2017-07-05 11:48:48,554: Received the playground image. Detecting zones...
[rosout][INFO] 2017-07-05 11:48:48,576: Publishing the detected zones on /zones
[rosout][INFO] 2017-07-05 11:48:50,898: Received the playground image. Detecting zones...
[rosout][INFO] 2017-07-05 11:48:50,921: Publishing the detected zones on /zones
[rosout][INFO] 2017-07-05 11:48:51,071: Received the playground image. Detecting zones...
[rosout][INFO] 2017-07-05 11:48:51,088: Publishing the detected zones on /zones
[rosout][INFO] 2017-07-05 11:48:51,312: Received the playground image. Detecting zones...
[rosout][INFO] 2017-07-05 11:48:51,330: Publishing the detected zones on /zones
[rosout][INFO] 2017-07-05 11:48:53,312: Received the playground image. Detecting zones...
[rosout][INFO] 2017-07-05 11:48:53,329: Publishing the detected zones on /zones
[rosout][INFO] 2017-07-05 11:48:58,163: Received the playground image. Detecting zones...
[rosout][INFO] 2017-07-05 11:48:58,186: Publishing the detected zones on /zones
[rosout][INFO] 2017-07-05 11:48:58,312: Received the playground image. Detecting zones...
[rosout][INFO] 2017-07-05 11:48:58,334: Publishing the detected zones on /zones
[rosout][INFO] 2017-07-05 11:48:58,576: Received the playground image. Detecting zones...
[rosout][INFO] 2017-07-05 11:48:58,597: Publishing the detected zones on /zones
[rosout][INFO] 2017-07-05 11:48:58,825: Received the playground image. Detecting zones...
[rosout][INFO] 2017-07-05 11:48:58,841: Publishing the detected zones on /zones
[rosout][INFO] 2017-07-05 11:48:59,056: Received the playground image. Detecting zones...
[rosout][INFO] 2017-07-05 11:48:59,078: Publishing the detected zones on /zones
[rosout][INFO] 2017-07-05 11:48:59,317: Received the playground image. Detecting zones...
[rosout][INFO] 2017-07-05 11:48:59,338: Publishing the detected zones on /zones
[rosout][INFO] 2017-07-05 11:49:28,307: Received the playground image. Detecting zones...
[rosout][INFO] 2017-07-05 11:49:28,332: Publishing the detected zones on /zones
[rosout][INFO] 2017-07-05 11:49:42,068: Received the playground image. Detecting zones...
[rosout][INFO] 2017-07-05 11:49:42,087: Publishing the detected zones on /zones
[rosout][INFO] 2017-07-05 11:49:43,564: Received the playground image. Detecting zones...
[rosout][INFO] 2017-07-05 11:49:43,582: Publishing the detected zones on /zones
[rosout][INFO] 2017-07-05 11:49:45,806: Received the playground image. Detecting zones...
[rosout][INFO] 2017-07-05 11:49:45,820: Publishing the detected zones on /zones
[rosout][INFO] 2017-07-05 11:49:47,548: Received the playground image. Detecting zones...
[rosout][INFO] 2017-07-05 11:49:47,566: Publishing the detected zones on /zones
[rosout][INFO] 2017-07-05 11:50:03,562: Received the playground image. Detecting zones...
[rosout][INFO] 2017-07-05 11:50:03,582: Publishing the detected zones on /zones
[rosout][INFO] 2017-07-05 11:50:05,077: Received the playground image. Detecting zones...
[rosout][INFO] 2017-07-05 11:50:05,097: Publishing the detected zones on /zones
[rosout][INFO] 2017-07-05 11:50:06,357: Received the playground image. Detecting zones...
[rosout][INFO] 2017-07-05 11:50:06,386: Publishing the detected zones on /zones
[rosout][INFO] 2017-07-05 11:50:07,589: Received the playground image. Detecting zones...
[rosout][INFO] 2017-07-05 11:50:07,614: Publishing the detected zones on /zones
[rosout][INFO] 2017-07-05 11:50:07,848: Received the playground image. Detecting zones...
[rosout][INFO] 2017-07-05 11:50:07,865: Publishing the detected zones on /zones
[rosout][INFO] 2017-07-05 11:50:09,323: Received the playground image. Detecting zones...
[rosout][INFO] 2017-07-05 11:50:09,348: Publishing the detected zones on /zones
[rosout][INFO] 2017-07-05 11:50:09,851: Received the playground image. Detecting zones...
[rosout][INFO] 2017-07-05 11:50:09,870: Publishing the detected zones on /zones
[rosout][INFO] 2017-07-05 11:50:11,589: Received the playground image. Detecting zones...
[rosout][INFO] 2017-07-05 11:50:11,604: Publishing the detected zones on /zones
[rosout][INFO] 2017-07-05 11:50:12,326: Received the playground image. Detecting zones...
[rosout][INFO] 2017-07-05 11:50:12,344: Publishing the detected zones on /zones
[rosout][INFO] 2017-07-05 11:50:12,538: Received the playground image. Detecting zones...
[rosout][INFO] 2017-07-05 11:50:12,557: Publishing the detected zones on /zones
[rosout][INFO] 2017-07-05 11:50:14,851: Received the playground image. Detecting zones...
[rosout][INFO] 2017-07-05 11:50:14,869: Publishing the detected zones on /zones
[rosout][INFO] 2017-07-05 11:50:15,342: Received the playground image. Detecting zones...
[rosout][INFO] 2017-07-05 11:50:15,365: Publishing the detected zones on /zones
[rosout][INFO] 2017-07-05 11:50:15,882: Received the playground image. Detecting zones...
[rosout][INFO] 2017-07-05 11:50:15,901: Publishing the detected zones on /zones
[rosout][INFO] 2017-07-05 11:50:16,125: Received the playground image. Detecting zones...
[rosout][INFO] 2017-07-05 11:50:16,149: Publishing the detected zones on /zones
[rosout][INFO] 2017-07-05 11:50:16,360: Received the playground image. Detecting zones...
[rosout][INFO] 2017-07-05 11:50:16,379: Publishing the detected zones on /zones
[rosout][INFO] 2017-07-05 11:50:17,327: Received the playground image. Detecting zones...
[rosout][INFO] 2017-07-05 11:50:17,354: Publishing the detected zones on /zones
[rosout][INFO] 2017-07-05 11:50:17,814: Received the playground image. Detecting zones...
[rosout][INFO] 2017-07-05 11:50:17,831: Publishing the detected zones on /zones
[rosout][INFO] 2017-07-05 11:50:18,077: Received the playground image. Detecting zones...
[rosout][INFO] 2017-07-05 11:50:18,099: Publishing the detected zones on /zones
[rosout][INFO] 2017-07-05 11:50:18,350: Received the playground image. Detecting zones...
[rosout][INFO] 2017-07-05 11:50:18,368: Publishing the detected zones on /zones
[rosout][INFO] 2017-07-05 11:50:19,093: Received the playground image. Detecting zones...
[rosout][INFO] 2017-07-05 11:50:19,117: Publishing the detected zones on /zones
[rosout][INFO] 2017-07-05 11:50:19,346: Received the playground image. Detecting zones...
[rosout][INFO] 2017-07-05 11:50:19,372: Publishing the detected zones on /zones
[rosout][INFO] 2017-07-05 11:50:19,838: Received the playground image. Detecting zones...
[rosout][INFO] 2017-07-05 11:50:19,861: Publishing the detected zones on /zones
[rosout][INFO] 2017-07-05 11:50:20,067: Received the playground image. Detecting zones...
[rosout][INFO] 2017-07-05 11:50:20,091: Publishing the detected zones on /zones
[rosout][INFO] 2017-07-05 11:50:20,361: Received the playground image. Detecting zones...
[rosout][INFO] 2017-07-05 11:50:20,393: Publishing the detected zones on /zones
[rosout][INFO] 2017-07-05 11:50:20,561: Received the playground image. Detecting zones...
[rosout][INFO] 2017-07-05 11:50:20,587: Publishing the detected zones on /zones
[rosout][INFO] 2017-07-05 11:50:20,837: Received the playground image. Detecting zones...
[rosout][INFO] 2017-07-05 11:50:20,866: Publishing the detected zones on /zones
[rosout][INFO] 2017-07-05 11:50:21,399: Received the playground image. Detecting zones...
[rosout][INFO] 2017-07-05 11:50:21,425: Publishing the detected zones on /zones
[rosout][INFO] 2017-07-05 11:50:21,560: Received the playground image. Detecting zones...
[rosout][INFO] 2017-07-05 11:50:21,575: Publishing the detected zones on /zones
[rosout][INFO] 2017-07-05 11:50:22,070: Received the playground image. Detecting zones...
[rosout][INFO] 2017-07-05 11:50:22,087: Publishing the detected zones on /zones
[rosout][INFO] 2017-07-05 11:50:22,587: Received the playground image. Detecting zones...
[rosout][INFO] 2017-07-05 11:50:22,612: Publishing the detected zones on /zones
[rosout][INFO] 2017-07-05 11:50:22,805: Received the playground image. Detecting zones...
[rosout][INFO] 2017-07-05 11:50:22,819: Publishing the detected zones on /zones
[rosout][INFO] 2017-07-05 11:50:24,102: Received the playground image. Detecting zones...
[rosout][INFO] 2017-07-05 11:50:24,119: Publishing the detected zones on /zones
[rosout][INFO] 2017-07-05 11:50:24,351: Received the playground image. Detecting zones...
[rosout][INFO] 2017-07-05 11:50:24,370: Publishing the detected zones on /zones
[rosout][INFO] 2017-07-05 11:50:24,558: Received the playground image. Detecting zones...
[rosout][INFO] 2017-07-05 11:50:24,583: Publishing the detected zones on /zones
[rosout][INFO] 2017-07-05 11:50:25,109: Received the playground image. Detecting zones...
[rosout][INFO] 2017-07-05 11:50:25,127: Publishing the detected zones on /zones
[rosout][INFO] 2017-07-05 11:50:26,149: Received the playground image. Detecting zones...
[rosout][INFO] 2017-07-05 11:50:26,176: Publishing the detected zones on /zones
[rosout][INFO] 2017-07-05 11:50:26,567: Received the playground image. Detecting zones...
[rosout][INFO] 2017-07-05 11:50:26,587: Publishing the detected zones on /zones
[rosout][INFO] 2017-07-05 11:50:26,835: Received the playground image. Detecting zones...
[rosout][INFO] 2017-07-05 11:50:26,851: Publishing the detected zones on /zones
[rosout][INFO] 2017-07-05 11:50:27,354: Received the playground image. Detecting zones...
[rosout][INFO] 2017-07-05 11:50:27,380: Publishing the detected zones on /zones
[rosout][INFO] 2017-07-05 11:50:27,613: Received the playground image. Detecting zones...
[rosout][INFO] 2017-07-05 11:50:27,631: Publishing the detected zones on /zones
[rosout][INFO] 2017-07-05 11:50:27,822: Received the playground image. Detecting zones...
[rosout][INFO] 2017-07-05 11:50:27,840: Publishing the detected zones on /zones
[rosout][INFO] 2017-07-05 11:50:28,077: Received the playground image. Detecting zones...
[rosout][INFO] 2017-07-05 11:50:28,103: Publishing the detected zones on /zones
[rosout][INFO] 2017-07-05 11:50:34,065: Received the playground image. Detecting zones...
[rosout][INFO] 2017-07-05 11:50:34,087: Publishing the detected zones on /zones
[rosout][INFO] 2017-07-05 11:50:40,315: Received the playground image. Detecting zones...
[rosout][INFO] 2017-07-05 11:50:40,332: Publishing the detected zones on /zones
[rosout][INFO] 2017-07-05 11:50:42,068: Received the playground image. Detecting zones...
[rosout][INFO] 2017-07-05 11:50:42,087: Publishing the detected zones on /zones
[rosout][INFO] 2017-07-05 11:50:44,813: Received the playground image. Detecting zones...
[rosout][INFO] 2017-07-05 11:50:44,834: Publishing the detected zones on /zones
[rosout][INFO] 2017-07-05 11:50:45,061: Received the playground image. Detecting zones...
[rosout][INFO] 2017-07-05 11:50:45,084: Publishing the detected zones on /zones
[rosout][INFO] 2017-07-05 11:50:45,561: Received the playground image. Detecting zones...
[rosout][INFO] 2017-07-05 11:50:45,579: Publishing the detected zones on /zones
[rosout][INFO] 2017-07-05 11:50:46,329: Received the playground image. Detecting zones...
[rosout][INFO] 2017-07-05 11:50:46,356: Publishing the detected zones on /zones
[rosout][INFO] 2017-07-05 11:50:48,813: Received the playground image. Detecting zones...
[rosout][INFO] 2017-07-05 11:50:48,833: Publishing the detected zones on /zones
[rosout][INFO] 2017-07-05 11:50:49,597: Received the playground image. Detecting zones...
[rosout][INFO] 2017-07-05 11:50:49,622: Publishing the detected zones on /zones
[rosout][INFO] 2017-07-05 11:50:49,810: Received the playground image. Detecting zones...
[rosout][INFO] 2017-07-05 11:50:49,842: Publishing the detected zones on /zones
[rosout][INFO] 2017-07-05 11:50:53,589: Received the playground image. Detecting zones...
[rosout][INFO] 2017-07-05 11:50:53,611: Publishing the detected zones on /zones
[rosout][INFO] 2017-07-05 11:50:58,072: Received the playground image. Detecting zones...
[rosout][INFO] 2017-07-05 11:50:58,094: Publishing the detected zones on /zones
[rosout][INFO] 2017-07-05 11:50:59,062: Received the playground image. Detecting zones...
[rosout][INFO] 2017-07-05 11:50:59,088: Publishing the detected zones on /zones
[rosout][INFO] 2017-07-05 11:51:01,817: Received the playground image. Detecting zones...
[rosout][INFO] 2017-07-05 11:51:01,832: Publishing the detected zones on /zones
[rosout][INFO] 2017-07-05 11:51:02,078: Received the playground image. Detecting zones...
[rosout][INFO] 2017-07-05 11:51:02,109: Publishing the detected zones on /zones
[rosout][INFO] 2017-07-05 11:51:03,075: Received the playground image. Detecting zones...
[rosout][INFO] 2017-07-05 11:51:03,100: Publishing the detected zones on /zones
[rosout][INFO] 2017-07-05 11:51:03,807: Received the playground image. Detecting zones...
[rosout][INFO] 2017-07-05 11:51:03,829: Publishing the detected zones on /zones
[rosout][INFO] 2017-07-05 11:51:05,096: Received the playground image. Detecting zones...
[rosout][INFO] 2017-07-05 11:51:05,124: Publishing the detected zones on /zones
[rosout][INFO] 2017-07-05 11:51:06,350: Received the playground image. Detecting zones...
[rosout][INFO] 2017-07-05 11:51:06,371: Publishing the detected zones on /zones
[rosout][INFO] 2017-07-05 11:51:07,101: Received the playground image. Detecting zones...
[rosout][INFO] 2017-07-05 11:51:07,116: Publishing the detected zones on /zones
[rosout][INFO] 2017-07-05 11:51:07,809: Received the playground image. Detecting zones...
[rosout][INFO] 2017-07-05 11:51:07,823: Publishing the detected zones on /zones
[rosout][INFO] 2017-07-05 11:51:08,063: Received the playground image. Detecting zones...
[rosout][INFO] 2017-07-05 11:51:08,086: Publishing the detected zones on /zones
[rosout][INFO] 2017-07-05 11:51:09,073: Received the playground image. Detecting zones...
[rosout][INFO] 2017-07-05 11:51:09,090: Publishing the detected zones on /zones
[rosout][INFO] 2017-07-05 11:51:09,809: Received the playground image. Detecting zones...
[rosout][INFO] 2017-07-05 11:51:09,824: Publishing the detected zones on /zones
[rosout][INFO] 2017-07-05 11:51:10,817: Received the playground image. Detecting zones...
[rosout][INFO] 2017-07-05 11:51:10,834: Publishing the detected zones on /zones
[rosout][INFO] 2017-07-05 11:51:12,062: Received the playground image. Detecting zones...
[rosout][INFO] 2017-07-05 11:51:12,079: Publishing the detected zones on /zones
[rosout][INFO] 2017-07-05 11:51:12,592: Received the playground image. Detecting zones...
[rosout][INFO] 2017-07-05 11:51:12,611: Publishing the detected zones on /zones
[rosout][INFO] 2017-07-05 11:51:13,310: Received the playground image. Detecting zones...
[rosout][INFO] 2017-07-05 11:51:13,330: Publishing the detected zones on /zones
[rosout][INFO] 2017-07-05 11:51:14,056: Received the playground image. Detecting zones...
[rosout][INFO] 2017-07-05 11:51:14,078: Publishing the detected zones on /zones
[rosout][INFO] 2017-07-05 11:51:14,559: Received the playground image. Detecting zones...
[rosout][INFO] 2017-07-05 11:51:14,580: Publishing the detected zones on /zones
[rosout][INFO] 2017-07-05 11:51:14,806: Received the playground image. Detecting zones...
[rosout][INFO] 2017-07-05 11:51:14,823: Publishing the detected zones on /zones
[rosout][INFO] 2017-07-05 11:51:15,571: Received the playground image. Detecting zones...
[rosout][INFO] 2017-07-05 11:51:15,591: Publishing the detected zones on /zones
[rosout][INFO] 2017-07-05 11:51:16,822: Received the playground image. Detecting zones...
[rosout][INFO] 2017-07-05 11:51:16,835: Publishing the detected zones on /zones
[rosout][INFO] 2017-07-05 11:51:17,315: Received the playground image. Detecting zones...
[rosout][INFO] 2017-07-05 11:51:17,330: Publishing the detected zones on /zones
[rosout][INFO] 2017-07-05 11:51:17,802: Received the playground image. Detecting zones...
[rosout][INFO] 2017-07-05 11:51:17,819: Publishing the detected zones on /zones
[rosout][INFO] 2017-07-05 11:51:18,307: Received the playground image. Detecting zones...
[rosout][INFO] 2017-07-05 11:51:18,326: Publishing the detected zones on /zones
[rosout][INFO] 2017-07-05 11:51:18,815: Received the playground image. Detecting zones...
[rosout][INFO] 2017-07-05 11:51:18,832: Publishing the detected zones on /zones
[rosout][INFO] 2017-07-05 11:51:19,072: Received the playground image. Detecting zones...
[rosout][INFO] 2017-07-05 11:51:19,088: Publishing the detected zones on /zones
[rosout][INFO] 2017-07-05 11:51:19,317: Received the playground image. Detecting zones...
[rosout][INFO] 2017-07-05 11:51:19,338: Publishing the detected zones on /zones
[rosout][INFO] 2017-07-05 11:51:19,811: Received the playground image. Detecting zones...
[rosout][INFO] 2017-07-05 11:51:19,828: Publishing the detected zones on /zones
[rosout][INFO] 2017-07-05 11:51:20,322: Received the playground image. Detecting zones...
[rosout][INFO] 2017-07-05 11:51:20,342: Publishing the detected zones on /zones
[rosout][INFO] 2017-07-05 11:51:20,805: Received the playground image. Detecting zones...
[rosout][INFO] 2017-07-05 11:51:20,824: Publishing the detected zones on /zones
[rosout][INFO] 2017-07-05 11:51:21,320: Received the playground image. Detecting zones...
[rosout][INFO] 2017-07-05 11:51:21,339: Publishing the detected zones on /zones
[rosout][INFO] 2017-07-05 11:51:25,677: Received the playground image. Detecting zones...
[rosout][INFO] 2017-07-05 11:51:25,697: Publishing the detected zones on /zones
[rosout][INFO] 2017-07-05 11:51:28,086: Received the playground image. Detecting zones...
[rosout][INFO] 2017-07-05 11:51:28,109: Publishing the detected zones on /zones
[rosout][INFO] 2017-07-05 11:51:28,356: Received the playground image. Detecting zones...
[rosout][INFO] 2017-07-05 11:51:28,377: Publishing the detected zones on /zones
[rosout][INFO] 2017-07-05 11:51:29,665: Received the playground image. Detecting zones...
[rosout][INFO] 2017-07-05 11:51:29,682: Publishing the detected zones on /zones
[rosout][INFO] 2017-07-05 11:51:30,638: Received the playground image. Detecting zones...
[rosout][INFO] 2017-07-05 11:51:30,658: Publishing the detected zones on /zones
[rosout][INFO] 2017-07-05 11:51:30,896: Received the playground image. Detecting zones...
[rosout][INFO] 2017-07-05 11:51:30,913: Publishing the detected zones on /zones
[rosout][INFO] 2017-07-05 11:51:31,344: Received the playground image. Detecting zones...
[rosout][INFO] 2017-07-05 11:51:31,377: Publishing the detected zones on /zones
[rosout][INFO] 2017-07-05 11:51:31,597: Received the playground image. Detecting zones...
[rosout][INFO] 2017-07-05 11:51:31,617: Publishing the detected zones on /zones
[rosout][INFO] 2017-07-05 11:51:31,825: Received the playground image. Detecting zones...
[rosout][INFO] 2017-07-05 11:51:31,845: Publishing the detected zones on /zones
[rosout][INFO] 2017-07-05 11:51:32,607: Received the playground image. Detecting zones...
[rosout][INFO] 2017-07-05 11:51:32,629: Publishing the detected zones on /zones
[rosout][INFO] 2017-07-05 11:51:33,128: Received the playground image. Detecting zones...
[rosout][INFO] 2017-07-05 11:51:33,149: Publishing the detected zones on /zones
[rosout][INFO] 2017-07-05 11:51:33,845: Received the playground image. Detecting zones...
[rosout][INFO] 2017-07-05 11:51:33,867: Publishing the detected zones on /zones
[rosout][INFO] 2017-07-05 11:51:34,118: Received the playground image. Detecting zones...
[rosout][INFO] 2017-07-05 11:51:34,144: Publishing the detected zones on /zones
[rosout][INFO] 2017-07-05 11:51:34,343: Received the playground image. Detecting zones...
[rosout][INFO] 2017-07-05 11:51:34,362: Publishing the detected zones on /zones
[rosout][INFO] 2017-07-05 11:51:34,580: Received the playground image. Detecting zones...
[rosout][INFO] 2017-07-05 11:51:34,598: Publishing the detected zones on /zones
[rosout][INFO] 2017-07-05 11:51:34,810: Received the playground image. Detecting zones...
[rosout][INFO] 2017-07-05 11:51:34,827: Publishing the detected zones on /zones
[rosout][INFO] 2017-07-05 11:51:35,135: Received the playground image. Detecting zones...
[rosout][INFO] 2017-07-05 11:51:35,165: Publishing the detected zones on /zones
[rosout][INFO] 2017-07-05 11:51:35,359: Received the playground image. Detecting zones...
[rosout][INFO] 2017-07-05 11:51:35,392: Publishing the detected zones on /zones
[rosout][INFO] 2017-07-05 11:51:35,562: Received the playground image. Detecting zones...
[rosout][INFO] 2017-07-05 11:51:35,580: Publishing the detected zones on /zones
[rosout][INFO] 2017-07-05 11:51:35,837: Received the playground image. Detecting zones...
[rosout][INFO] 2017-07-05 11:51:35,855: Publishing the detected zones on /zones
[rosout][INFO] 2017-07-05 11:51:36,575: Received the playground image. Detecting zones...
[rosout][INFO] 2017-07-05 11:51:36,591: Publishing the detected zones on /zones
[rosout][INFO] 2017-07-05 11:51:36,838: Received the playground image. Detecting zones...
[rosout][INFO] 2017-07-05 11:51:36,862: Publishing the detected zones on /zones
[rosout][INFO] 2017-07-05 11:51:39,111: Received the playground image. Detecting zones...
[rosout][INFO] 2017-07-05 11:51:39,131: Publishing the detected zones on /zones
[rosout][INFO] 2017-07-05 11:51:39,602: Received the playground image. Detecting zones...
[rosout][INFO] 2017-07-05 11:51:39,621: Publishing the detected zones on /zones
[rosout][INFO] 2017-07-05 11:51:40,067: Received the playground image. Detecting zones...
[rosout][INFO] 2017-07-05 11:51:40,089: Publishing the detected zones on /zones
[rosout][INFO] 2017-07-05 11:51:40,238: Received the playground image. Detecting zones...
[rosout][INFO] 2017-07-05 11:51:40,272: Publishing the detected zones on /zones
[rosout][INFO] 2017-07-05 11:51:40,405: Received the playground image. Detecting zones...
[rosout][INFO] 2017-07-05 11:51:40,420: Publishing the detected zones on /zones
[rosout][INFO] 2017-07-05 11:51:41,397: Received the playground image. Detecting zones...
[rosout][INFO] 2017-07-05 11:51:41,414: Publishing the detected zones on /zones
[rosout][INFO] 2017-07-05 11:51:41,624: Received the playground image. Detecting zones...
[rosout][INFO] 2017-07-05 11:51:41,645: Publishing the detected zones on /zones
[rosout][INFO] 2017-07-05 11:51:42,217: Received the playground image. Detecting zones...
[rosout][INFO] 2017-07-05 11:51:42,232: Publishing the detected zones on /zones
[rosout][INFO] 2017-07-05 11:51:42,384: Received the playground image. Detecting zones...
[rosout][INFO] 2017-07-05 11:51:42,411: Publishing the detected zones on /zones
[rosout][INFO] 2017-07-05 11:51:43,123: Received the playground image. Detecting zones...
[rosout][INFO] 2017-07-05 11:51:43,140: Publishing the detected zones on /zones
[rosout][INFO] 2017-07-05 11:51:43,792: Received the playground image. Detecting zones...
[rosout][INFO] 2017-07-05 11:51:43,808: Publishing the detected zones on /zones
[rosout][INFO] 2017-07-05 11:51:43,973: Received the playground image. Detecting zones...
[rosout][INFO] 2017-07-05 11:51:43,989: Publishing the detected zones on /zones
[rosout][INFO] 2017-07-05 11:51:44,289: Received the playground image. Detecting zones...
[rosout][INFO] 2017-07-05 11:51:44,314: Publishing the detected zones on /zones
[rosout][INFO] 2017-07-05 11:51:44,491: Received the playground image. Detecting zones...
[rosout][INFO] 2017-07-05 11:51:44,513: Publishing the detected zones on /zones
[rosout][INFO] 2017-07-05 11:51:45,257: Received the playground image. Detecting zones...
[rosout][INFO] 2017-07-05 11:51:45,291: Publishing the detected zones on /zones
[rosout][INFO] 2017-07-05 11:51:45,360: Received the playground image. Detecting zones...
[rosout][INFO] 2017-07-05 11:51:45,386: Publishing the detected zones on /zones
[rosout][INFO] 2017-07-05 11:51:45,561: Received the playground image. Detecting zones...
[rosout][INFO] 2017-07-05 11:51:45,589: Publishing the detected zones on /zones
[rosout][INFO] 2017-07-05 11:51:45,803: Received the playground image. Detecting zones...
[rosout][INFO] 2017-07-05 11:51:45,818: Publishing the detected zones on /zones
[rosout][INFO] 2017-07-05 11:51:46,115: Received the playground image. Detecting zones...
[rosout][INFO] 2017-07-05 11:51:46,138: Publishing the detected zones on /zones
[rosout][INFO] 2017-07-05 11:51:46,325: Received the playground image. Detecting zones...
[rosout][INFO] 2017-07-05 11:51:46,344: Publishing the detected zones on /zones
[rosout][INFO] 2017-07-05 11:51:46,569: Received the playground image. Detecting zones...
[rosout][INFO] 2017-07-05 11:51:46,590: Publishing the detected zones on /zones
[rosout][INFO] 2017-07-05 11:51:46,860: Received the playground image. Detecting zones...
[rosout][INFO] 2017-07-05 11:51:46,880: Publishing the detected zones on /zones
[rosout][INFO] 2017-07-05 11:51:47,069: Received the playground image. Detecting zones...
[rosout][INFO] 2017-07-05 11:51:47,094: Publishing the detected zones on /zones
[rosout][INFO] 2017-07-05 11:51:47,367: Received the playground image. Detecting zones...
[rosout][INFO] 2017-07-05 11:51:47,387: Publishing the detected zones on /zones
[rosout][INFO] 2017-07-05 11:51:48,108: Received the playground image. Detecting zones...
[rosout][INFO] 2017-07-05 11:51:48,124: Publishing the detected zones on /zones
[rosout][INFO] 2017-07-05 11:51:48,382: Received the playground image. Detecting zones...
[rosout][INFO] 2017-07-05 11:51:48,403: Publishing the detected zones on /zones
[rosout][INFO] 2017-07-05 11:51:48,591: Received the playground image. Detecting zones...
[rosout][INFO] 2017-07-05 11:51:48,613: Publishing the detected zones on /zones
[rosout][INFO] 2017-07-05 11:51:48,831: Received the playground image. Detecting zones...
[rosout][INFO] 2017-07-05 11:51:48,858: Publishing the detected zones on /zones
[rosout][INFO] 2017-07-05 11:51:49,354: Received the playground image. Detecting zones...
[rosout][INFO] 2017-07-05 11:51:49,381: Publishing the detected zones on /zones
[rosout][INFO] 2017-07-05 11:51:49,621: Received the playground image. Detecting zones...
[rosout][INFO] 2017-07-05 11:51:49,644: Publishing the detected zones on /zones
[rosout][INFO] 2017-07-05 11:51:49,856: Received the playground image. Detecting zones...
[rosout][INFO] 2017-07-05 11:51:49,873: Publishing the detected zones on /zones
[rosout][INFO] 2017-07-05 11:51:50,098: Received the playground image. Detecting zones...
[rosout][INFO] 2017-07-05 11:51:50,114: Publishing the detected zones on /zones
[rosout][INFO] 2017-07-05 11:51:50,311: Received the playground image. Detecting zones...
[rosout][INFO] 2017-07-05 11:51:50,324: Publishing the detected zones on /zones
[rosout][INFO] 2017-07-05 11:51:51,558: Received the playground image. Detecting zones...
[rosout][INFO] 2017-07-05 11:51:51,575: Publishing the detected zones on /zones
[rosout][INFO] 2017-07-05 11:51:51,815: Received the playground image. Detecting zones...
[rosout][INFO] 2017-07-05 11:51:51,834: Publishing the detected zones on /zones
[rosout][INFO] 2017-07-05 11:51:52,054: Received the playground image. Detecting zones...
[rosout][INFO] 2017-07-05 11:51:52,072: Publishing the detected zones on /zones
[rosout][INFO] 2017-07-05 11:52:02,120: Received the playground image. Detecting zones...
[rosout][INFO] 2017-07-05 11:52:02,141: Publishing the detected zones on /zones
[rosout][INFO] 2017-07-05 11:52:03,325: Received the playground image. Detecting zones...
[rosout][INFO] 2017-07-05 11:52:03,346: Publishing the detected zones on /zones
[rosout][INFO] 2017-07-05 11:52:03,805: Received the playground image. Detecting zones...
[rosout][INFO] 2017-07-05 11:52:03,828: Publishing the detected zones on /zones
[rosout][INFO] 2017-07-05 11:52:10,093: Received the playground image. Detecting zones...
[rosout][INFO] 2017-07-05 11:52:10,112: Publishing the detected zones on /zones
[rosout][INFO] 2017-07-05 11:52:13,798: Received the playground image. Detecting zones...
[rosout][INFO] 2017-07-05 11:52:13,812: Publishing the detected zones on /zones
[rosout][INFO] 2017-07-05 11:52:14,321: Received the playground image. Detecting zones...
[rosout][INFO] 2017-07-05 11:52:14,347: Publishing the detected zones on /zones
[rosout][INFO] 2017-07-05 11:52:14,588: Received the playground image. Detecting zones...
[rosout][INFO] 2017-07-05 11:52:14,606: Publishing the detected zones on /zones
[rosout][INFO] 2017-07-05 11:52:14,830: Received the playground image. Detecting zones...
[rosout][INFO] 2017-07-05 11:52:14,847: Publishing the detected zones on /zones
[rosout][INFO] 2017-07-05 11:52:15,563: Received the playground image. Detecting zones...
[rosout][INFO] 2017-07-05 11:52:15,577: Publishing the detected zones on /zones
[rosout][INFO] 2017-07-05 11:52:15,803: Received the playground image. Detecting zones...
[rosout][INFO] 2017-07-05 11:52:15,820: Publishing the detected zones on /zones
[rosout][INFO] 2017-07-05 11:52:25,312: Received the playground image. Detecting zones...
[rosout][INFO] 2017-07-05 11:52:25,337: Publishing the detected zones on /zones
[rosout][INFO] 2017-07-05 11:52:29,310: Received the playground image. Detecting zones...
[rosout][INFO] 2017-07-05 11:52:29,331: Publishing the detected zones on /zones
[rosout][INFO] 2017-07-05 11:52:30,073: Received the playground image. Detecting zones...
[rosout][INFO] 2017-07-05 11:52:30,095: Publishing the detected zones on /zones
[rosout][INFO] 2017-07-05 11:52:32,575: Received the playground image. Detecting zones...
[rosout][INFO] 2017-07-05 11:52:32,589: Publishing the detected zones on /zones
[rosout][INFO] 2017-07-05 11:52:33,070: Received the playground image. Detecting zones...
[rosout][INFO] 2017-07-05 11:52:33,085: Publishing the detected zones on /zones
[rosout][INFO] 2017-07-05 11:52:38,830: Received the playground image. Detecting zones...
[rosout][INFO] 2017-07-05 11:52:38,847: Publishing the detected zones on /zones
[rosout][INFO] 2017-07-05 11:52:40,124: Received the playground image. Detecting zones...
[rosout][INFO] 2017-07-05 11:52:40,147: Publishing the detected zones on /zones
[rosout][INFO] 2017-07-05 11:52:40,315: Received the playground image. Detecting zones...
[rosout][INFO] 2017-07-05 11:52:40,331: Publishing the detected zones on /zones
[rosout][INFO] 2017-07-05 11:52:40,848: Received the playground image. Detecting zones...
[rosout][INFO] 2017-07-05 11:52:40,866: Publishing the detected zones on /zones
[rosout][INFO] 2017-07-05 11:52:41,099: Received the playground image. Detecting zones...
[rosout][INFO] 2017-07-05 11:52:41,126: Publishing the detected zones on /zones
[rosout][INFO] 2017-07-05 11:52:42,306: Received the playground image. Detecting zones...
[rosout][INFO] 2017-07-05 11:52:42,327: Publishing the detected zones on /zones
[rosout][INFO] 2017-07-05 11:52:44,074: Received the playground image. Detecting zones...
[rosout][INFO] 2017-07-05 11:52:44,092: Publishing the detected zones on /zones
[rosout][INFO] 2017-07-05 11:52:51,799: Received the playground image. Detecting zones...
[rosout][INFO] 2017-07-05 11:52:51,820: Publishing the detected zones on /zones
[rosout][INFO] 2017-07-05 11:52:52,062: Received the playground image. Detecting zones...
[rosout][INFO] 2017-07-05 11:52:52,080: Publishing the detected zones on /zones
[rosout][INFO] 2017-07-05 11:52:52,573: Received the playground image. Detecting zones...
[rosout][INFO] 2017-07-05 11:52:52,592: Publishing the detected zones on /zones
[rosout][INFO] 2017-07-05 11:53:02,833: Received the playground image. Detecting zones...
[rosout][INFO] 2017-07-05 11:53:02,854: Publishing the detected zones on /zones
[rosout][INFO] 2017-07-05 11:53:03,318: Received the playground image. Detecting zones...
[rosout][INFO] 2017-07-05 11:53:03,336: Publishing the detected zones on /zones
[rosout][INFO] 2017-07-05 11:53:03,564: Received the playground image. Detecting zones...
[rosout][INFO] 2017-07-05 11:53:03,579: Publishing the detected zones on /zones
[rosout][INFO] 2017-07-05 11:53:03,815: Received the playground image. Detecting zones...
[rosout][INFO] 2017-07-05 11:53:03,837: Publishing the detected zones on /zones
[rosout][INFO] 2017-07-05 11:53:08,336: Received the playground image. Detecting zones...
[rosout][INFO] 2017-07-05 11:53:08,361: Publishing the detected zones on /zones
[rosout][INFO] 2017-07-05 11:53:10,338: Received the playground image. Detecting zones...
[rosout][INFO] 2017-07-05 11:53:10,367: Publishing the detected zones on /zones
[rosout][INFO] 2017-07-05 11:53:19,359: Received the playground image. Detecting zones...
[rosout][INFO] 2017-07-05 11:53:19,400: Publishing the detected zones on /zones
[rosout][INFO] 2017-07-05 11:53:21,662: Received the playground image. Detecting zones...
[rosout][INFO] 2017-07-05 11:53:21,686: Publishing the detected zones on /zones
[rosout][INFO] 2017-07-05 11:53:21,874: Received the playground image. Detecting zones...
[rosout][INFO] 2017-07-05 11:53:21,891: Publishing the detected zones on /zones
[rosout][INFO] 2017-07-05 11:53:22,065: Received the playground image. Detecting zones...
[rosout][INFO] 2017-07-05 11:53:22,085: Publishing the detected zones on /zones
[rosout][INFO] 2017-07-05 11:53:22,324: Received the playground image. Detecting zones...
[rosout][INFO] 2017-07-05 11:53:22,339: Publishing the detected zones on /zones
[rosout][INFO] 2017-07-05 11:53:22,805: Received the playground image. Detecting zones...
[rosout][INFO] 2017-07-05 11:53:22,820: Publishing the detected zones on /zones
[rosout][INFO] 2017-07-05 11:53:23,054: Received the playground image. Detecting zones...
[rosout][INFO] 2017-07-05 11:53:23,070: Publishing the detected zones on /zones
[rosout][INFO] 2017-07-05 11:53:23,321: Received the playground image. Detecting zones...
[rosout][INFO] 2017-07-05 11:53:23,339: Publishing the detected zones on /zones
[rosout][INFO] 2017-07-05 11:53:24,334: Received the playground image. Detecting zones...
[rosout][INFO] 2017-07-05 11:53:24,360: Publishing the detected zones on /zones
[rosout][INFO] 2017-07-05 11:53:24,587: Received the playground image. Detecting zones...
[rosout][INFO] 2017-07-05 11:53:24,606: Publishing the detected zones on /zones
[rosout][INFO] 2017-07-05 11:53:24,807: Received the playground image. Detecting zones...
[rosout][INFO] 2017-07-05 11:53:24,823: Publishing the detected zones on /zones
[rosout][INFO] 2017-07-05 11:53:26,847: Received the playground image. Detecting zones...
[rosout][INFO] 2017-07-05 11:53:26,876: Publishing the detected zones on /zones
[rosout][INFO] 2017-07-05 11:53:27,105: Received the playground image. Detecting zones...
[rosout][INFO] 2017-07-05 11:53:27,123: Publishing the detected zones on /zones
[rosout][INFO] 2017-07-05 11:53:27,378: Received the playground image. Detecting zones...
[rosout][INFO] 2017-07-05 11:53:27,403: Publishing the detected zones on /zones
[rosout][INFO] 2017-07-05 11:53:27,558: Received the playground image. Detecting zones...
[rosout][INFO] 2017-07-05 11:53:27,574: Publishing the detected zones on /zones
[rosout][INFO] 2017-07-05 11:53:27,859: Received the playground image. Detecting zones...
[rosout][INFO] 2017-07-05 11:53:27,879: Publishing the detected zones on /zones
[rosout][INFO] 2017-07-05 11:53:28,074: Received the playground image. Detecting zones...
[rosout][INFO] 2017-07-05 11:53:28,100: Publishing the detected zones on /zones
[rosout][INFO] 2017-07-05 11:53:28,380: Received the playground image. Detecting zones...
[rosout][INFO] 2017-07-05 11:53:28,409: Publishing the detected zones on /zones
[rosout][INFO] 2017-07-05 11:53:29,083: Received the playground image. Detecting zones...
[rosout][INFO] 2017-07-05 11:53:29,106: Publishing the detected zones on /zones
[rosout][INFO] 2017-07-05 11:53:29,613: Received the playground image. Detecting zones...
[rosout][INFO] 2017-07-05 11:53:29,637: Publishing the detected zones on /zones
[rosout][INFO] 2017-07-05 11:53:30,070: Received the playground image. Detecting zones...
[rosout][INFO] 2017-07-05 11:53:30,090: Publishing the detected zones on /zones
[rosout][INFO] 2017-07-05 11:53:33,557: Received the playground image. Detecting zones...
[rosout][INFO] 2017-07-05 11:53:33,576: Publishing the detected zones on /zones
[rosout][INFO] 2017-07-05 11:53:34,813: Received the playground image. Detecting zones...
[rosout][INFO] 2017-07-05 11:53:34,830: Publishing the detected zones on /zones
[rosout][INFO] 2017-07-05 11:53:38,317: Received the playground image. Detecting zones...
[rosout][INFO] 2017-07-05 11:53:38,331: Publishing the detected zones on /zones
[rosout][INFO] 2017-07-05 11:53:40,295: Received the playground image. Detecting zones...
[rosout][INFO] 2017-07-05 11:53:40,319: Publishing the detected zones on /zones
[rosout][INFO] 2017-07-05 11:53:46,316: Received the playground image. Detecting zones...
[rosout][INFO] 2017-07-05 11:53:46,333: Publishing the detected zones on /zones
[rosout][INFO] 2017-07-05 11:53:47,806: Received the playground image. Detecting zones...
[rosout][INFO] 2017-07-05 11:53:47,822: Publishing the detected zones on /zones
[rosout][INFO] 2017-07-05 11:53:48,307: Received the playground image. Detecting zones...
[rosout][INFO] 2017-07-05 11:53:48,329: Publishing the detected zones on /zones
[rosout][INFO] 2017-07-05 11:53:48,568: Received the playground image. Detecting zones...
[rosout][INFO] 2017-07-05 11:53:48,593: Publishing the detected zones on /zones
[rosout][INFO] 2017-07-05 11:53:48,811: Received the playground image. Detecting zones...
[rosout][INFO] 2017-07-05 11:53:48,828: Publishing the detected zones on /zones
[rosout][INFO] 2017-07-05 11:53:51,074: Received the playground image. Detecting zones...
[rosout][INFO] 2017-07-05 11:53:51,092: Publishing the detected zones on /zones
[rosout][INFO] 2017-07-05 11:53:57,380: Received the playground image. Detecting zones...
[rosout][INFO] 2017-07-05 11:53:57,398: Publishing the detected zones on /zones
[rosout][INFO] 2017-07-05 11:53:58,122: Received the playground image. Detecting zones...
[rosout][INFO] 2017-07-05 11:53:58,144: Publishing the detected zones on /zones
[rosout][INFO] 2017-07-05 11:53:58,577: Received the playground image. Detecting zones...
[rosout][INFO] 2017-07-05 11:53:58,603: Publishing the detected zones on /zones
[rosout][INFO] 2017-07-05 11:53:59,118: Received the playground image. Detecting zones...
[rosout][INFO] 2017-07-05 11:53:59,142: Publishing the detected zones on /zones
[rosout][INFO] 2017-07-05 11:54:01,118: Received the playground image. Detecting zones...
[rosout][INFO] 2017-07-05 11:54:01,154: Publishing the detected zones on /zones
[rosout][INFO] 2017-07-05 11:54:02,856: Received the playground image. Detecting zones...
[rosout][INFO] 2017-07-05 11:54:02,876: Publishing the detected zones on /zones
[rosout][INFO] 2017-07-05 11:54:03,599: Received the playground image. Detecting zones...
[rosout][INFO] 2017-07-05 11:54:03,627: Publishing the detected zones on /zones
[rosout][INFO] 2017-07-05 11:54:05,581: Received the playground image. Detecting zones...
[rosout][INFO] 2017-07-05 11:54:05,603: Publishing the detected zones on /zones
[rosout][INFO] 2017-07-05 11:54:06,359: Received the playground image. Detecting zones...
[rosout][INFO] 2017-07-05 11:54:06,382: Publishing the detected zones on /zones
[rosout][INFO] 2017-07-05 11:54:07,591: Received the playground image. Detecting zones...
[rosout][INFO] 2017-07-05 11:54:07,610: Publishing the detected zones on /zones
[rosout][INFO] 2017-07-05 11:54:11,605: Received the playground image. Detecting zones...
[rosout][INFO] 2017-07-05 11:54:11,620: Publishing the detected zones on /zones
[rosout][INFO] 2017-07-05 11:54:11,848: Received the playground image. Detecting zones...
[rosout][INFO] 2017-07-05 11:54:11,868: Publishing the detected zones on /zones
[rosout][INFO] 2017-07-05 11:54:12,393: Received the playground image. Detecting zones...
[rosout][INFO] 2017-07-05 11:54:12,418: Publishing the detected zones on /zones
[rosout][INFO] 2017-07-05 11:54:12,856: Received the playground image. Detecting zones...
[rosout][INFO] 2017-07-05 11:54:12,883: Publishing the detected zones on /zones
[rosout][INFO] 2017-07-05 11:54:14,100: Received the playground image. Detecting zones...
[rosout][INFO] 2017-07-05 11:54:14,124: Publishing the detected zones on /zones
[rosout][INFO] 2017-07-05 11:54:14,325: Received the playground image. Detecting zones...
[rosout][INFO] 2017-07-05 11:54:14,344: Publishing the detected zones on /zones
[rosout][INFO] 2017-07-05 11:54:14,634: Received the playground image. Detecting zones...
[rosout][INFO] 2017-07-05 11:54:14,653: Publishing the detected zones on /zones
[rosout][INFO] 2017-07-05 11:54:14,832: Received the playground image. Detecting zones...
[rosout][INFO] 2017-07-05 11:54:14,859: Publishing the detected zones on /zones
[rosout][INFO] 2017-07-05 11:54:15,317: Received the playground image. Detecting zones...
[rosout][INFO] 2017-07-05 11:54:15,335: Publishing the detected zones on /zones
[rosout][INFO] 2017-07-05 11:54:19,097: Received the playground image. Detecting zones...
[rosout][INFO] 2017-07-05 11:54:19,113: Publishing the detected zones on /zones
[rosout][INFO] 2017-07-05 11:54:19,353: Received the playground image. Detecting zones...
[rosout][INFO] 2017-07-05 11:54:19,372: Publishing the detected zones on /zones
[rosout][INFO] 2017-07-05 11:54:20,063: Received the playground image. Detecting zones...
[rosout][INFO] 2017-07-05 11:54:20,090: Publishing the detected zones on /zones
[rospy.internal][INFO] 2017-07-05 11:54:30,018: topic[/zones] adding connection to [/sandbox_play], count 2
[rospy.internal][INFO] 2017-07-05 11:54:30,018: topic[/zones] removing connection to /sandbox_play
[rospy.internal][INFO] 2017-07-05 11:54:30,457: topic[/zones] removing connection to /sandbox_play
[rospy.internal][INFO] 2017-07-05 11:54:45,462: topic[/zones] removing connection to /rosbag_record_freeplay_sandbox
[rospy.core][INFO] 2017-07-05 12:00:21,252: signal_shutdown [signal-15]
[rospy.internal][INFO] 2017-07-05 12:00:21,258: topic[/rosout] removing connection to /rosout
[rospy.internal][INFO] 2017-07-05 12:00:21,258: topic[/sandtray/background/image] removing connection to http://sandtray-hrilab:36952/
[rospy.internal][WARNING] 2017-07-05 12:00:21,259: Unknown error initiating TCP/IP socket to sandtray-hrilab:33598 (http://sandtray-hrilab:36952/): Traceback (most recent call last):
  File "/opt/ros/kinetic/lib/python2.7/dist-packages/rospy/impl/tcpros_base.py", line 557, in connect
    self.read_header()
  File "/opt/ros/kinetic/lib/python2.7/dist-packages/rospy/impl/tcpros_base.py", line 650, in read_header
    self._validate_header(read_ros_handshake_header(sock, self.read_buff, self.protocol.buff_size))
AttributeError: 'NoneType' object has no attribute 'buff_size'

[rospy.topics][ERROR] 2017-07-05 12:00:21,259: Traceback (most recent call last):
  File "/opt/ros/kinetic/lib/python2.7/dist-packages/rospy/topics.py", line 326, in close
    c.close()
  File "/opt/ros/kinetic/lib/python2.7/dist-packages/rospy/impl/tcpros_base.py", line 838, in close
    self.socket.close()
AttributeError: 'NoneType' object has no attribute 'close'

[rospy.internal][INFO] 2017-07-05 12:00:21,259: topic[/sandtray/background/camera_info] removing connection to http://sandtray-hrilab:36952/
[rospy.impl.masterslave][INFO] 2017-07-05 12:00:21,259: signal-15
[rospy.core][INFO] 2017-07-05 12:00:21,419: signal_shutdown [signal-2]
[rospy.core][INFO] 2017-07-05 12:00:21,419: signal_shutdown [atexit]
