[rospy.client][INFO] 2017-06-07 11:03:40,877: init_node, name[/sandbox_zones_from_image], pid[22349]
[xmlrpc][INFO] 2017-06-07 11:03:40,878: XML-RPC server binding to 0.0.0.0:0
[xmlrpc][INFO] 2017-06-07 11:03:40,878: Started XML-RPC server [http://sandtray-hrilab:40291/]
[rospy.init][INFO] 2017-06-07 11:03:40,878: ROS Slave URI: [http://sandtray-hrilab:40291/]
[rospy.impl.masterslave][INFO] 2017-06-07 11:03:40,878: _ready: http://sandtray-hrilab:40291/
[rospy.registration][INFO] 2017-06-07 11:03:40,879: Registering with master node http://localhost:11311
[xmlrpc][INFO] 2017-06-07 11:03:40,879: xml rpc node: starting XML-RPC server
[rospy.init][INFO] 2017-06-07 11:03:40,978: registered with master
[rospy.rosout][INFO] 2017-06-07 11:03:40,979: initializing /rosout core topic
[rospy.rosout][INFO] 2017-06-07 11:03:40,981: connected to core topic /rosout
[rospy.simtime][INFO] 2017-06-07 11:03:40,982: /use_sim_time is not set, will not subscribe to simulated time [/clock] topic
[rosout][INFO] 2017-06-07 11:03:40,989: Waiting for images of the playground
[rospy.internal][INFO] 2017-06-07 11:03:40,994: topic[/sandtray/background/image] adding connection to [http://sandtray-hrilab:43078/], count 0
[rospy.internal][INFO] 2017-06-07 11:03:40,994: topic[/sandtray/background/camera_info] adding connection to [http://sandtray-hrilab:43078/], count 0
[rospy.internal][INFO] 2017-06-07 11:03:41,275: topic[/rosout] adding connection to [/rosout], count 0
[rospy.core][INFO] 2017-06-07 11:03:41,425: signal_shutdown [signal-2]
[rospy.internal][INFO] 2017-06-07 11:03:41,430: topic[/rosout] removing connection to /rosout
[rospy.internal][INFO] 2017-06-07 11:03:41,431: topic[/sandtray/background/image] removing connection to http://sandtray-hrilab:43078/
[rospy.internal][INFO] 2017-06-07 11:03:41,431: topic[/sandtray/background/camera_info] removing connection to http://sandtray-hrilab:43078/
[rospy.impl.masterslave][INFO] 2017-06-07 11:03:41,431: signal-2
[rospy.core][INFO] 2017-06-07 11:03:41,564: signal_shutdown [atexit]
