[INFO] [1497955104.327474]: /move_sandbox_items: Received a request to move elephant to 0.39, -0.07. Let's do that
[INFO] [1497955104.328333]: Moving elephant to 0.02,-0.20
[INFO] [1497955104.328643]: Requesting a plan...
[INFO] [1497955104.429507]: Received trajectory! As requested, waiting -0.000859996s before starting...
[INFO] [1497955104.429888]: Waiting a bit more (0.0s) to give the robot time to prepare...
[INFO] [1497955104.430177]: Starting to play trajectory!
[INFO] [1497955104.430520]: Done 0%
[INFO] [1497955104.531877]: Done 2%
[INFO] [1497955104.632944]: Done 5%
[INFO] [1497955104.733822]: Done 7%
[INFO] [1497955104.834773]: Done 10%
[INFO] [1497955104.935600]: Done 13%
[INFO] [1497955105.036628]: Done 15%
[INFO] [1497955105.137654]: Done 18%
[INFO] [1497955105.238567]: Done 21%
[INFO] [1497955105.339411]: Done 23%
[INFO] [1497955105.440311]: Done 26%
[INFO] [1497955105.541477]: Done 28%
[INFO] [1497955105.642378]: Done 31%
[INFO] [1497955105.743255]: Done 34%
[INFO] [1497955105.844006]: Done 36%
[INFO] [1497955105.944915]: Done 39%
[INFO] [1497955106.045715]: Done 42%
[INFO] [1497955106.146626]: Done 44%
[INFO] [1497955106.247630]: Done 47%
[INFO] [1497955106.348402]: Done 50%
[INFO] [1497955106.449394]: Done 52%
[INFO] [1497955106.550736]: Done 55%
[INFO] [1497955106.651676]: Done 57%
[INFO] [1497955106.752713]: Done 60%
[INFO] [1497955106.853542]: Done 63%
[INFO] [1497955106.954375]: Done 65%
[INFO] [1497955107.055282]: Done 68%
[INFO] [1497955107.156212]: Done 71%
[INFO] [1497955107.257074]: Done 73%
[INFO] [1497955107.357999]: Done 76%
[INFO] [1497955107.459161]: Done 78%
[INFO] [1497955107.560057]: Done 81%
[INFO] [1497955107.661458]: Done 84%
[INFO] [1497955107.762216]: Done 86%
[INFO] [1497955107.863091]: Done 89%
[INFO] [1497955107.964091]: Done 92%
[INFO] [1497955108.065114]: Done 94%
[INFO] [1497955108.166159]: /move_sandbox_items: Succeeded
[INFO] [1497955110.703532]: /move_sandbox_items: Received a request to move crocodile to 0.57, -0.18. Let's do that
[INFO] [1497955110.704434]: Moving crocodile to 0.10,-0.05
[INFO] [1497955110.704719]: Requesting a plan...
[INFO] [1497955110.873159]: Received trajectory! As requested, waiting -0.044423169s before starting...
[INFO] [1497955110.874026]: Waiting a bit more (0.0s) to give the robot time to prepare...
[INFO] [1497955110.874320]: Starting to play trajectory!
[INFO] [1497955110.874953]: Done 0%
[INFO] [1497955110.977768]: Done 4%
[INFO] [1497955111.078648]: Done 8%
[INFO] [1497955111.179732]: Done 12%
[INFO] [1497955111.280605]: Done 16%
[INFO] [1497955111.381431]: Done 20%
[INFO] [1497955111.482291]: Done 25%
[INFO] [1497955111.586020]: Done 29%
[INFO] [1497955111.687213]: Done 33%
[INFO] [1497955111.788034]: Done 37%
[INFO] [1497955111.888903]: Done 41%
[INFO] [1497955111.989706]: Done 45%
[INFO] [1497955112.090621]: Done 50%
[INFO] [1497955112.191520]: Done 54%
[INFO] [1497955112.292555]: Done 58%
[INFO] [1497955112.393472]: Done 62%
[INFO] [1497955112.494355]: Done 66%
[INFO] [1497955112.595273]: Done 70%
[INFO] [1497955112.696159]: Done 75%
[INFO] [1497955112.797643]: Done 79%
[INFO] [1497955112.898577]: Done 83%
[INFO] [1497955112.999492]: Done 87%
[INFO] [1497955113.100481]: Done 91%
[INFO] [1497955113.201848]: /move_sandbox_items: Succeeded
[INFO] [1497955115.171241]: /move_sandbox_items: Received a request to move caravan to 0.06, -0.06. Let's do that
[INFO] [1497955115.172033]: Moving caravan to -0.33,0.38
[INFO] [1497955115.172298]: Requesting a plan...
[INFO] [1497955115.231079]: Received trajectory! As requested, waiting -0.002357281s before starting...
[INFO] [1497955115.231597]: Waiting a bit more (0.0s) to give the robot time to prepare...
[INFO] [1497955115.231937]: Starting to play trajectory!
[INFO] [1497955115.232370]: Done 0%
[INFO] [1497955115.333292]: Done 0%
[INFO] [1497955115.434211]: Done 1%
[INFO] [1497955115.535174]: Done 2%
[INFO] [1497955115.636188]: Done 3%
[INFO] [1497955115.737431]: Done 4%
[INFO] [1497955115.838239]: Done 5%
[INFO] [1497955115.939192]: Done 6%
[INFO] [1497955116.040164]: Done 7%
[INFO] [1497955116.141115]: Done 8%
[INFO] [1497955116.241940]: Done 9%
[INFO] [1497955116.342784]: Done 10%
[INFO] [1497955116.443955]: Done 11%
[INFO] [1497955116.545297]: Done 12%
[INFO] [1497955116.646278]: Done 13%
[INFO] [1497955116.747088]: Done 14%
[INFO] [1497955116.848705]: Done 15%
[INFO] [1497955116.949718]: Done 16%
[INFO] [1497955117.050731]: Done 17%
[INFO] [1497955117.151691]: Done 18%
[INFO] [1497955117.252631]: Done 19%
[INFO] [1497955117.353477]: Done 20%
[INFO] [1497955117.454386]: Done 21%
[INFO] [1497955117.555455]: Done 22%
[INFO] [1497955117.656598]: Done 23%
[INFO] [1497955117.757693]: Done 24%
[INFO] [1497955117.858730]: Done 25%
[INFO] [1497955117.959713]: Done 26%
[INFO] [1497955118.060674]: Done 27%
[INFO] [1497955118.161736]: Done 28%
[INFO] [1497955118.262738]: Done 29%
[INFO] [1497955118.363792]: Done 30%
[INFO] [1497955118.464981]: Done 31%
[INFO] [1497955118.565955]: Done 32%
[INFO] [1497955118.666932]: Done 33%
[INFO] [1497955118.767856]: Done 34%
[INFO] [1497955118.868813]: Done 35%
[INFO] [1497955118.969814]: Done 36%
[INFO] [1497955119.070808]: Done 37%
[INFO] [1497955119.171827]: Done 38%
[INFO] [1497955119.272749]: Done 39%
[INFO] [1497955119.373760]: Done 40%
[INFO] [1497955119.474731]: Done 41%
[INFO] [1497955119.575643]: Done 42%
[INFO] [1497955119.676544]: Done 43%
[INFO] [1497955119.777490]: Done 44%
[INFO] [1497955119.878481]: Done 45%
[INFO] [1497955119.979494]: Done 46%
[INFO] [1497955120.080510]: Done 47%
[INFO] [1497955120.181540]: Done 48%
[INFO] [1497955120.282555]: Done 49%
[INFO] [1497955120.383800]: Done 50%
[INFO] [1497955120.486751]: Done 51%
[INFO] [1497955120.587814]: Done 52%
[INFO] [1497955120.689119]: Done 53%
[INFO] [1497955120.790465]: Done 54%
[INFO] [1497955120.891758]: Done 55%
[INFO] [1497955120.992728]: Done 56%
[INFO] [1497955121.093778]: Done 57%
[INFO] [1497955121.194849]: Done 58%
[INFO] [1497955121.296012]: Done 59%
[INFO] [1497955121.397358]: Done 60%
[INFO] [1497955121.498287]: Done 61%
[INFO] [1497955121.599180]: Done 62%
[INFO] [1497955121.700515]: Done 63%
[INFO] [1497955121.801558]: Done 64%
[INFO] [1497955121.904441]: Done 65%
[INFO] [1497955122.005611]: Done 66%
[INFO] [1497955122.106611]: Done 67%
[INFO] [1497955122.207572]: Done 68%
[INFO] [1497955122.308698]: Done 69%
[INFO] [1497955122.409706]: Done 70%
[INFO] [1497955122.510806]: Done 71%
[INFO] [1497955122.611693]: Done 72%
[INFO] [1497955122.712645]: Done 73%
[INFO] [1497955122.813750]: Done 74%
[INFO] [1497955122.914722]: Done 75%
[INFO] [1497955123.015796]: Done 76%
[INFO] [1497955123.116800]: Done 77%
[INFO] [1497955123.218354]: Done 78%
[INFO] [1497955123.319426]: Done 79%
[INFO] [1497955123.420521]: Done 80%
[INFO] [1497955123.523373]: Done 81%
[INFO] [1497955123.627520]: Done 82%
[INFO] [1497955123.728706]: Done 83%
[INFO] [1497955123.829822]: Done 84%
[INFO] [1497955123.930905]: Done 85%
[INFO] [1497955124.031973]: Done 86%
[INFO] [1497955124.132930]: Done 87%
[INFO] [1497955124.234126]: Done 88%
[INFO] [1497955124.335065]: Done 89%
[INFO] [1497955124.436027]: Done 90%
[INFO] [1497955124.537024]: Done 91%
[INFO] [1497955124.638232]: Done 92%
[INFO] [1497955124.739120]: Done 93%
[INFO] [1497955124.840060]: Done 94%
[INFO] [1497955124.941077]: Done 95%
[INFO] [1497955125.042556]: Done 96%
[INFO] [1497955125.143609]: Done 97%
[INFO] [1497955125.244785]: Done 98%
[INFO] [1497955125.345966]: /move_sandbox_items: Succeeded
[INFO] [1497955127.149692]: /move_sandbox_items: Received a request to move lion to 0.49, -0.06. Let's do that
[INFO] [1497955127.150383]: Moving lion to 0.13,-0.02
[INFO] [1497955127.150650]: Requesting a plan...
[INFO] [1497955127.229973]: Received trajectory! As requested, waiting -0.001043545s before starting...
[INFO] [1497955127.230469]: Waiting a bit more (0.0s) to give the robot time to prepare...
[INFO] [1497955127.230746]: Starting to play trajectory!
[INFO] [1497955127.231129]: Done 0%
[INFO] [1497955127.331933]: Done 4%
[INFO] [1497955127.432799]: Done 8%
[INFO] [1497955127.533933]: Done 12%
[INFO] [1497955127.634840]: Done 16%
[INFO] [1497955127.735748]: Done 20%
[INFO] [1497955127.836615]: Done 24%
[INFO] [1497955127.937465]: Done 28%
[INFO] [1497955128.038402]: Done 32%
[INFO] [1497955128.139211]: Done 36%
[INFO] [1497955128.240099]: Done 40%
[INFO] [1497955128.341269]: Done 44%
[INFO] [1497955128.442268]: Done 48%
[INFO] [1497955128.543043]: Done 52%
[INFO] [1497955128.644141]: Done 56%
[INFO] [1497955128.745013]: Done 60%
[INFO] [1497955128.845944]: Done 64%
[INFO] [1497955128.947294]: Done 68%
[INFO] [1497955129.048216]: Done 72%
[INFO] [1497955129.149091]: Done 76%
[INFO] [1497955129.250187]: Done 80%
[INFO] [1497955129.351171]: Done 84%
[INFO] [1497955129.451979]: Done 88%
[INFO] [1497955129.552936]: Done 92%
[INFO] [1497955129.653964]: /move_sandbox_items: Succeeded
[INFO] [1497955131.859284]: /move_sandbox_items: Received a request to move crocodile to 0.57, -0.18. Let's do that
[INFO] [1497955131.859984]: Moving crocodile to 0.04,-0.04
[INFO] [1497955131.860270]: Requesting a plan...
[INFO] [1497955132.040851]: Received trajectory! As requested, waiting -0.011594457s before starting...
[INFO] [1497955132.042008]: Waiting a bit more (0.0s) to give the robot time to prepare...
[INFO] [1497955132.042380]: Starting to play trajectory!
[INFO] [1497955132.043225]: Done 0%
[INFO] [1497955132.144055]: Done 8%
[INFO] [1497955132.244852]: Done 16%
[INFO] [1497955132.345954]: Done 25%
[INFO] [1497955132.446815]: Done 33%
[INFO] [1497955132.547663]: Done 41%
[INFO] [1497955132.648534]: Done 50%
[INFO] [1497955132.749294]: Done 58%
[INFO] [1497955132.850111]: Done 66%
[INFO] [1497955132.950976]: Done 75%
[INFO] [1497955133.051853]: Done 83%
[INFO] [1497955133.152948]: /move_sandbox_items: Succeeded
[INFO] [1497955135.257154]: /move_sandbox_items: Received a request to move elephant to 0.39, -0.07. Let's do that
[INFO] [1497955135.257915]: Moving elephant to 0.07,0.03
[INFO] [1497955135.258267]: Requesting a plan...
[INFO] [1497955135.429364]: Received trajectory! As requested, waiting -0.000567209s before starting...
[INFO] [1497955135.429708]: Waiting a bit more (0.0s) to give the robot time to prepare...
[INFO] [1497955135.429993]: Starting to play trajectory!
[INFO] [1497955135.430461]: Done 0%
[INFO] [1497955135.531356]: Done 6%
[INFO] [1497955135.632480]: Done 12%
[INFO] [1497955135.733751]: Done 18%
[INFO] [1497955135.834690]: Done 25%
[INFO] [1497955135.935545]: Done 31%
[INFO] [1497955136.036384]: Done 37%
[INFO] [1497955136.137443]: Done 43%
[INFO] [1497955136.238703]: Done 50%
[INFO] [1497955136.339612]: Done 56%
[INFO] [1497955136.440684]: Done 62%
[INFO] [1497955136.542516]: Done 68%
[INFO] [1497955136.643736]: Done 75%
[INFO] [1497955136.744771]: Done 81%
[INFO] [1497955136.845881]: Done 87%
[INFO] [1497955136.947208]: /move_sandbox_items: Succeeded
[INFO] [1497955140.887195]: /move_sandbox_items: Received a request to move giraffe to 0.49, -0.06. Let's do that
[INFO] [1497955140.887816]: Moving giraffe to 0.16,-0.04
[INFO] [1497955140.888049]: Requesting a plan...
[INFO] [1497955141.030309]: Received trajectory! As requested, waiting -0.001412451s before starting...
[INFO] [1497955141.030700]: Waiting a bit more (0.0s) to give the robot time to prepare...
[INFO] [1497955141.030968]: Starting to play trajectory!
[INFO] [1497955141.031383]: Done 0%
[INFO] [1497955141.132741]: Done 2%
[INFO] [1497955141.234183]: Done 5%
[INFO] [1497955141.335163]: Done 8%
[INFO] [1497955141.436095]: Done 11%
[INFO] [1497955141.536993]: Done 14%
[INFO] [1497955141.638339]: Done 17%
[INFO] [1497955141.739261]: Done 20%
[INFO] [1497955141.840237]: Done 22%
[INFO] [1497955141.941648]: Done 25%
[INFO] [1497955142.042548]: Done 28%
[INFO] [1497955142.143622]: Done 31%
[INFO] [1497955142.244476]: Done 34%
[INFO] [1497955142.345291]: Done 37%
[INFO] [1497955142.446104]: Done 40%
[INFO] [1497955142.547071]: Done 42%
[INFO] [1497955142.648119]: Done 45%
[INFO] [1497955142.749079]: Done 48%
[INFO] [1497955142.849971]: Done 51%
[INFO] [1497955142.951188]: Done 54%
[INFO] [1497955143.052120]: Done 57%
[INFO] [1497955143.153650]: Done 60%
[INFO] [1497955143.255507]: Done 62%
[INFO] [1497955143.356630]: Done 65%
[INFO] [1497955143.457910]: Done 68%
[INFO] [1497955143.558883]: Done 71%
[INFO] [1497955143.660013]: Done 74%
[INFO] [1497955143.761107]: Done 77%
[INFO] [1497955143.862113]: Done 80%
[INFO] [1497955143.963142]: Done 82%
[INFO] [1497955144.065075]: Done 85%
[INFO] [1497955144.167865]: Done 88%
[INFO] [1497955144.268788]: Done 91%
[INFO] [1497955144.370433]: Done 94%
[INFO] [1497955144.471514]: /move_sandbox_items: Succeeded
[INFO] [1497955146.808156]: /move_sandbox_items: Received a request to move giraffe to 0.49, -0.06. Let's do that
[INFO] [1497955146.808812]: Moving giraffe to 0.05,-0.03
[INFO] [1497955146.809096]: Requesting a plan...
[INFO] [1497955146.855715]: Received trajectory! As requested, waiting -0.026875853s before starting...
[INFO] [1497955146.856228]: Waiting a bit more (0.0s) to give the robot time to prepare...
[INFO] [1497955146.856524]: Starting to play trajectory!
[INFO] [1497955146.857130]: Done 0%
[INFO] [1497955146.958074]: Done 7%
[INFO] [1497955147.059229]: Done 15%
[INFO] [1497955147.160207]: Done 23%
[INFO] [1497955147.261327]: Done 30%
[INFO] [1497955147.362428]: Done 38%
[INFO] [1497955147.463515]: Done 46%
[INFO] [1497955147.564534]: Done 53%
[INFO] [1497955147.665748]: Done 61%
[INFO] [1497955147.766693]: Done 69%
[INFO] [1497955147.867788]: Done 76%
[INFO] [1497955147.968871]: Done 84%
[INFO] [1497955148.070244]: /move_sandbox_items: Succeeded
[INFO] [1497955181.732254]: /move_sandbox_items: Received a request to move giraffe to 0.39, -0.07. Let's do that
[INFO] [1497955181.732922]: Moving giraffe to 0.02,-0.04
[INFO] [1497955181.733183]: Requesting a plan...
[INFO] [1497955181.829359]: Received trajectory! As requested, waiting -0.000475557s before starting...
[INFO] [1497955181.829823]: Waiting a bit more (0.0s) to give the robot time to prepare...
[INFO] [1497955181.830162]: Starting to play trajectory!
[INFO] [1497955181.830719]: Done 0%
[INFO] [1497955181.931605]: Done 10%
[INFO] [1497955182.032470]: Done 20%
[INFO] [1497955182.133784]: Done 30%
[INFO] [1497955182.234998]: Done 40%
[INFO] [1497955182.336065]: Done 50%
[INFO] [1497955182.437300]: Done 60%
[INFO] [1497955182.538335]: Done 70%
[INFO] [1497955182.639383]: Done 80%
[INFO] [1497955182.740380]: /move_sandbox_items: Succeeded
[INFO] [1497955184.244808]: /move_sandbox_items: Received a request to move giraffe to 0.39, -0.07. Let's do that
[INFO] [1497955184.245614]: Moving giraffe to 0.00,0.08
[INFO] [1497955184.245900]: Requesting a plan...
[INFO] [1497955184.429863]: Received trajectory! As requested, waiting -0.000834504s before starting...
[INFO] [1497955184.430304]: Waiting a bit more (0.0s) to give the robot time to prepare...
[INFO] [1497955184.430633]: Starting to play trajectory!
[INFO] [1497955184.431205]: Done 0%
[INFO] [1497955184.532167]: Done 5%
[INFO] [1497955184.633209]: Done 11%
[INFO] [1497955184.734766]: Done 17%
[INFO] [1497955184.835749]: Done 23%
[INFO] [1497955184.936744]: Done 29%
[INFO] [1497955185.038029]: Done 35%
[INFO] [1497955185.138961]: Done 41%
[INFO] [1497955185.239961]: Done 47%
[INFO] [1497955185.340933]: Done 52%
[INFO] [1497955185.442204]: Done 58%
[INFO] [1497955185.543277]: Done 64%
[INFO] [1497955185.644552]: Done 70%
[INFO] [1497955185.745913]: Done 76%
[INFO] [1497955185.847252]: Done 82%
[INFO] [1497955185.948167]: Done 88%
[INFO] [1497955186.049336]: /move_sandbox_items: Succeeded
[INFO] [1497955188.269584]: /move_sandbox_items: Received a request to move giraffe to 0.49, -0.06. Let's do that
[INFO] [1497955188.270484]: Moving giraffe to -0.01,0.12
[INFO] [1497955188.270931]: Requesting a plan...
[INFO] [1497955188.461869]: Received trajectory! As requested, waiting -0.033140712s before starting...
[INFO] [1497955188.462237]: Waiting a bit more (0.0s) to give the robot time to prepare...
[INFO] [1497955188.462482]: Starting to play trajectory!
[INFO] [1497955188.462827]: Done 0%
[INFO] [1497955188.563873]: Done 4%
[INFO] [1497955188.665191]: Done 8%
[INFO] [1497955188.766204]: Done 12%
[INFO] [1497955188.867297]: Done 16%
[INFO] [1497955188.968425]: Done 20%
[INFO] [1497955189.069642]: Done 25%
[INFO] [1497955189.170822]: Done 29%
[INFO] [1497955189.272331]: Done 33%
[INFO] [1497955189.373542]: Done 37%
[INFO] [1497955189.474923]: Done 41%
[INFO] [1497955189.576680]: Done 45%
[INFO] [1497955189.677851]: Done 50%
[INFO] [1497955189.779046]: Done 54%
[INFO] [1497955189.880172]: Done 58%
[INFO] [1497955189.981302]: Done 62%
[INFO] [1497955190.082498]: Done 66%
[INFO] [1497955190.183464]: Done 70%
[INFO] [1497955190.284642]: Done 75%
[INFO] [1497955190.385705]: Done 79%
[INFO] [1497955190.486668]: Done 83%
[INFO] [1497955190.587632]: Done 87%
[INFO] [1497955190.688811]: Done 91%
[INFO] [1497955190.789956]: /move_sandbox_items: Succeeded
[INFO] [1497955193.059772]: /move_sandbox_items: Received a request to move elephant to 0.39, -0.07. Let's do that
[INFO] [1497955193.060645]: Moving elephant to 0.05,0.03
[INFO] [1497955193.061001]: Requesting a plan...
[INFO] [1497955193.229906]: Received trajectory! As requested, waiting -0.000520444s before starting...
[INFO] [1497955193.230336]: Waiting a bit more (0.0s) to give the robot time to prepare...
[INFO] [1497955193.230628]: Starting to play trajectory!
[INFO] [1497955193.231261]: Done 0%
[INFO] [1497955193.332172]: Done 8%
[INFO] [1497955193.433208]: Done 16%
[INFO] [1497955193.534275]: Done 25%
[INFO] [1497955193.635305]: Done 33%
[INFO] [1497955193.736569]: Done 41%
[INFO] [1497955193.837843]: Done 50%
[INFO] [1497955193.938695]: Done 58%
[INFO] [1497955194.039538]: Done 66%
[INFO] [1497955194.140496]: Done 75%
[INFO] [1497955194.241374]: Done 83%
[INFO] [1497955194.342304]: /move_sandbox_items: Succeeded
[INFO] [1497955196.847684]: /move_sandbox_items: Received a request to move giraffe to 0.39, -0.07. Let's do that
[INFO] [1497955196.848490]: Moving giraffe to -0.09,-0.01
[INFO] [1497955196.848800]: Requesting a plan...
[INFO] [1497955197.029677]: Received trajectory! As requested, waiting -0.000642403s before starting...
[INFO] [1497955197.030159]: Waiting a bit more (0.0s) to give the robot time to prepare...
[INFO] [1497955197.030478]: Starting to play trajectory!
[INFO] [1497955197.031073]: Done 0%
[INFO] [1497955197.132099]: Done 5%
[INFO] [1497955197.233084]: Done 10%
[INFO] [1497955197.334158]: Done 15%
[INFO] [1497955197.435224]: Done 21%
[INFO] [1497955197.536266]: Done 26%
[INFO] [1497955197.637309]: Done 31%
[INFO] [1497955197.738456]: Done 36%
[INFO] [1497955197.839443]: Done 42%
[INFO] [1497955197.940370]: Done 47%
[INFO] [1497955198.041387]: Done 52%
[INFO] [1497955198.142327]: Done 57%
[INFO] [1497955198.243300]: Done 63%
[INFO] [1497955198.344547]: Done 68%
[INFO] [1497955198.445935]: Done 73%
[INFO] [1497955198.547347]: Done 78%
[INFO] [1497955198.648530]: Done 84%
[INFO] [1497955198.749486]: Done 89%
[INFO] [1497955198.850558]: /move_sandbox_items: Succeeded
[INFO] [1497955201.356092]: /move_sandbox_items: Received a request to move elephant to 0.39, -0.07. Let's do that
[INFO] [1497955201.356753]: Moving elephant to 0.06,0.04
[INFO] [1497955201.357071]: Requesting a plan...
[INFO] [1497955201.464901]: Received trajectory! As requested, waiting -0.035831055s before starting...
[INFO] [1497955201.465302]: Waiting a bit more (0.0s) to give the robot time to prepare...
[INFO] [1497955201.465584]: Starting to play trajectory!
[INFO] [1497955201.466015]: Done 0%
[INFO] [1497955201.567041]: Done 8%
[INFO] [1497955201.668367]: Done 16%
[INFO] [1497955201.769399]: Done 25%
[INFO] [1497955201.870257]: Done 33%
[INFO] [1497955201.971169]: Done 41%
[INFO] [1497955202.072059]: Done 50%
[INFO] [1497955202.172962]: Done 58%
[INFO] [1497955202.273796]: Done 66%
[INFO] [1497955202.374685]: Done 75%
[INFO] [1497955202.475536]: Done 83%
[INFO] [1497955202.576862]: /move_sandbox_items: Succeeded
[INFO] [1497955300.883005]: /move_sandbox_items: Received a request to move caravan to 0.49, -0.06. Let's do that
[INFO] [1497955300.883938]: Moving caravan to 0.34,-0.13
[INFO] [1497955300.884208]: Requesting a plan...
[INFO] [1497955301.031435]: Received trajectory! As requested, waiting -0.00253991s before starting...
[INFO] [1497955301.031884]: Waiting a bit more (0.0s) to give the robot time to prepare...
[INFO] [1497955301.032091]: Starting to play trajectory!
[INFO] [1497955301.032442]: Done 0%
[INFO] [1497955301.133597]: Done 1%
[INFO] [1497955301.234499]: Done 2%
[INFO] [1497955301.335414]: Done 4%
[INFO] [1497955301.436363]: Done 5%
[INFO] [1497955301.537634]: Done 6%
[INFO] [1497955301.638687]: Done 8%
[INFO] [1497955301.739519]: Done 9%
[INFO] [1497955301.840402]: Done 10%
[INFO] [1497955301.941303]: Done 12%
[INFO] [1497955302.042268]: Done 13%
[INFO] [1497955302.143115]: Done 15%
[INFO] [1497955302.243954]: Done 16%
[INFO] [1497955302.344962]: Done 17%
[INFO] [1497955302.446117]: Done 19%
[INFO] [1497955302.547745]: Done 20%
[INFO] [1497955302.648615]: Done 21%
[INFO] [1497955302.749485]: Done 23%
[INFO] [1497955302.850543]: Done 24%
[INFO] [1497955302.951759]: Done 26%
[INFO] [1497955303.052816]: Done 27%
[INFO] [1497955303.153648]: Done 28%
[INFO] [1497955303.254546]: Done 30%
[INFO] [1497955303.355701]: Done 31%
[INFO] [1497955303.456762]: Done 32%
[INFO] [1497955303.557778]: Done 34%
[INFO] [1497955303.658967]: Done 35%
[INFO] [1497955303.760131]: Done 36%
[INFO] [1497955303.861554]: Done 38%
[INFO] [1497955303.962689]: Done 39%
[INFO] [1497955304.063975]: Done 41%
[INFO] [1497955304.164915]: Done 42%
[INFO] [1497955304.266011]: Done 43%
[INFO] [1497955304.368081]: Done 45%
[INFO] [1497955304.469107]: Done 46%
[INFO] [1497955304.570045]: Done 47%
[INFO] [1497955304.671182]: Done 49%
[INFO] [1497955304.772160]: Done 50%
[INFO] [1497955304.873172]: Done 52%
[INFO] [1497955304.974189]: Done 53%
[INFO] [1497955305.075246]: Done 54%
[INFO] [1497955305.176493]: Done 56%
[INFO] [1497955305.277510]: Done 57%
[INFO] [1497955305.378640]: Done 58%
[INFO] [1497955305.479816]: Done 60%
[INFO] [1497955305.581301]: Done 61%
[INFO] [1497955305.682274]: Done 63%
[INFO] [1497955305.783357]: Done 64%
[INFO] [1497955305.884453]: Done 65%
[INFO] [1497955305.985509]: Done 67%
[INFO] [1497955306.086904]: Done 68%
[INFO] [1497955306.188115]: Done 69%
[INFO] [1497955306.289154]: Done 71%
[INFO] [1497955306.390907]: Done 72%
[INFO] [1497955306.491872]: Done 73%
[INFO] [1497955306.592730]: Done 75%
[INFO] [1497955306.693831]: Done 76%
[INFO] [1497955306.794872]: Done 78%
[INFO] [1497955306.895890]: Done 79%
[INFO] [1497955306.997053]: Done 80%
[INFO] [1497955307.098214]: Done 82%
[INFO] [1497955307.199561]: Done 83%
[INFO] [1497955307.301526]: Done 84%
[INFO] [1497955307.403053]: Done 86%
[INFO] [1497955307.504291]: Done 87%
[INFO] [1497955307.605644]: Done 89%
[INFO] [1497955307.707584]: Done 90%
[INFO] [1497955307.808768]: Done 91%
[INFO] [1497955307.910068]: Done 93%
[INFO] [1497955308.011273]: Done 94%
[INFO] [1497955308.112270]: Done 95%
[INFO] [1497955308.213350]: Done 97%
[INFO] [1497955308.314475]: /move_sandbox_items: Succeeded
[INFO] [1497955310.551736]: /move_sandbox_items: Received a request to move caravan to 0.06, -0.06. Let's do that
[INFO] [1497955310.552435]: Moving caravan to -0.43,-0.11
[INFO] [1497955310.552710]: Requesting a plan...
[INFO] [1497955310.636621]: Received trajectory! As requested, waiting -0.007701331s before starting...
[INFO] [1497955310.637517]: Waiting a bit more (0.0s) to give the robot time to prepare...
[INFO] [1497955310.637847]: Starting to play trajectory!
[INFO] [1497955310.638422]: Done 0%
[INFO] [1497955310.739423]: Done 1%
[INFO] [1497955310.841342]: Done 2%
[INFO] [1497955310.942252]: Done 3%
[INFO] [1497955311.043584]: Done 4%
[INFO] [1497955311.144396]: Done 5%
[INFO] [1497955311.245210]: Done 6%
[INFO] [1497955311.346518]: Done 7%
[INFO] [1497955311.447359]: Done 9%
[INFO] [1497955311.548328]: Done 10%
[INFO] [1497955311.650638]: Done 11%
[INFO] [1497955311.751742]: Done 12%
[INFO] [1497955311.852599]: Done 13%
[INFO] [1497955311.956008]: Done 14%
[INFO] [1497955312.057631]: Done 15%
[INFO] [1497955312.158915]: Done 17%
[INFO] [1497955312.260016]: Done 18%
[INFO] [1497955312.361098]: Done 19%
[INFO] [1497955312.462297]: Done 20%
[INFO] [1497955312.563315]: Done 21%
[INFO] [1497955312.664357]: Done 22%
[INFO] [1497955312.766623]: Done 23%
[INFO] [1497955312.868020]: Done 25%
[INFO] [1497955312.969129]: Done 26%
[INFO] [1497955313.070255]: Done 27%
[INFO] [1497955313.171360]: Done 28%
[INFO] [1497955313.272883]: Done 29%
[INFO] [1497955313.374087]: Done 30%
[INFO] [1497955313.475596]: Done 31%
[INFO] [1497955313.576719]: Done 32%
[INFO] [1497955313.677746]: Done 34%
[INFO] [1497955313.778882]: Done 35%
[INFO] [1497955313.879871]: Done 36%
[INFO] [1497955313.980892]: Done 37%
[INFO] [1497955314.081819]: Done 38%
[INFO] [1497955314.183002]: Done 39%
[INFO] [1497955314.284470]: Done 40%
[INFO] [1497955314.385691]: Done 42%
[INFO] [1497955314.486895]: Done 43%
[INFO] [1497955314.588069]: Done 44%
[INFO] [1497955314.689242]: Done 45%
[INFO] [1497955314.790454]: Done 46%
[INFO] [1497955314.891477]: Done 47%
[INFO] [1497955314.992530]: Done 48%
[INFO] [1497955315.093977]: Done 50%
[INFO] [1497955315.195105]: Done 51%
[INFO] [1497955315.296273]: Done 52%
[INFO] [1497955315.397263]: Done 53%
[INFO] [1497955315.498255]: Done 54%
[INFO] [1497955315.599485]: Done 55%
[INFO] [1497955315.701454]: Done 56%
[INFO] [1497955315.803183]: Done 57%
[INFO] [1497955315.905124]: Done 59%
[INFO] [1497955316.006244]: Done 60%
[INFO] [1497955316.107287]: Done 61%
[INFO] [1497955316.208286]: Done 62%
[INFO] [1497955316.309334]: Done 63%
[INFO] [1497955316.410222]: Done 64%
[INFO] [1497955316.511296]: Done 65%
[INFO] [1497955316.612327]: Done 67%
[INFO] [1497955316.714617]: Done 68%
[INFO] [1497955316.815618]: Done 69%
[INFO] [1497955316.916619]: Done 70%
[INFO] [1497955317.017503]: Done 71%
[INFO] [1497955317.118381]: Done 72%
[INFO] [1497955317.219304]: Done 73%
[INFO] [1497955317.320272]: Done 75%
[INFO] [1497955317.421772]: Done 76%
[INFO] [1497955317.523432]: Done 77%
[INFO] [1497955317.628174]: Done 78%
[INFO] [1497955317.729318]: Done 79%
[INFO] [1497955317.830326]: Done 80%
[INFO] [1497955317.931479]: Done 81%
[INFO] [1497955318.032424]: Done 82%
[INFO] [1497955318.133424]: Done 84%
[INFO] [1497955318.234616]: Done 85%
[INFO] [1497955318.335831]: Done 86%
[INFO] [1497955318.437550]: Done 87%
[INFO] [1497955318.538736]: Done 88%
[INFO] [1497955318.640068]: Done 89%
[INFO] [1497955318.741225]: Done 90%
[INFO] [1497955318.842291]: Done 92%
[INFO] [1497955318.943217]: Done 93%
[INFO] [1497955319.044425]: Done 94%
[INFO] [1497955319.145371]: Done 95%
[INFO] [1497955319.246336]: Done 96%
[INFO] [1497955319.347302]: Done 97%
[INFO] [1497955319.448621]: /move_sandbox_items: Succeeded
[INFO] [1497955514.405272]: /move_sandbox_items: Received a request to move giraffe to 0.49, -0.06. Let's do that
[INFO] [1497955514.405987]: Moving giraffe to -0.02,0.05
[INFO] [1497955514.406440]: Requesting a plan...
[INFO] [1497955514.429958]: Received trajectory! As requested, waiting -0.000725554s before starting...
[INFO] [1497955514.430429]: Waiting a bit more (0.0s) to give the robot time to prepare...
[INFO] [1497955514.430745]: Starting to play trajectory!
[INFO] [1497955514.431202]: Done 0%
[INFO] [1497955514.534053]: Done 9%
[INFO] [1497955514.635096]: Done 18%
[INFO] [1497955514.736240]: Done 27%
[INFO] [1497955514.837610]: Done 36%
[INFO] [1497955514.938721]: Done 45%
[INFO] [1497955515.041250]: Done 54%
[INFO] [1497955515.142297]: Done 63%
[INFO] [1497955515.243211]: Done 72%
[INFO] [1497955515.344295]: Done 81%
[INFO] [1497955515.445478]: /move_sandbox_items: Succeeded
[INFO] [1497955518.952459]: /move_sandbox_items: Received a request to move giraffe to 0.49, -0.06. Let's do that
[INFO] [1497955518.953169]: Moving giraffe to 0.32,-0.10
[INFO] [1497955518.953449]: Requesting a plan...
[INFO] [1497955519.030459]: Received trajectory! As requested, waiting -0.001539615s before starting...
[INFO] [1497955519.030937]: Waiting a bit more (0.0s) to give the robot time to prepare...
[INFO] [1497955519.031231]: Starting to play trajectory!
[INFO] [1497955519.031639]: Done 0%
[INFO] [1497955519.132612]: Done 1%
[INFO] [1497955519.233892]: Done 2%
[INFO] [1497955519.335364]: Done 4%
[INFO] [1497955519.436366]: Done 5%
[INFO] [1497955519.537527]: Done 7%
[INFO] [1497955519.638572]: Done 8%
[INFO] [1497955519.739875]: Done 10%
[INFO] [1497955519.840860]: Done 11%
[INFO] [1497955519.941851]: Done 13%
[INFO] [1497955520.042670]: Done 14%
[INFO] [1497955520.143937]: Done 16%
[INFO] [1497955520.245024]: Done 17%
[INFO] [1497955520.346058]: Done 19%
[INFO] [1497955520.447146]: Done 20%
[INFO] [1497955520.548262]: Done 22%
[INFO] [1497955520.649448]: Done 23%
[INFO] [1497955520.750619]: Done 25%
[INFO] [1497955520.851677]: Done 26%
[INFO] [1497955520.952762]: Done 28%
[INFO] [1497955521.053991]: Done 29%
[INFO] [1497955521.155170]: Done 31%
[INFO] [1497955521.257325]: Done 32%
[INFO] [1497955521.360466]: Done 34%
[INFO] [1497955521.461876]: Done 35%
[INFO] [1497955521.562894]: Done 37%
[INFO] [1497955521.664112]: Done 38%
[INFO] [1497955521.765086]: Done 40%
[INFO] [1497955521.865987]: Done 41%
[INFO] [1497955521.967020]: Done 43%
[INFO] [1497955522.067996]: Done 44%
[INFO] [1497955522.169027]: Done 46%
[INFO] [1497955522.270118]: Done 47%
[INFO] [1497955522.371211]: Done 49%
[INFO] [1497955522.472215]: Done 50%
[INFO] [1497955522.573099]: Done 52%
[INFO] [1497955522.673973]: Done 53%
[INFO] [1497955522.774901]: Done 55%
[INFO] [1497955522.875993]: Done 56%
[INFO] [1497955522.977130]: Done 58%
[INFO] [1497955523.078268]: Done 59%
[INFO] [1497955523.179391]: Done 61%
[INFO] [1497955523.280615]: Done 62%
[INFO] [1497955523.383479]: Done 64%
[INFO] [1497955523.484729]: Done 65%
[INFO] [1497955523.585755]: Done 67%
[INFO] [1497955523.687996]: Done 68%
[INFO] [1497955523.788910]: Done 70%
[INFO] [1497955523.889952]: Done 71%
[INFO] [1497955523.991056]: Done 73%
[INFO] [1497955524.092052]: Done 74%
[INFO] [1497955524.193109]: Done 76%
[INFO] [1497955524.294482]: Done 77%
[INFO] [1497955524.395502]: Done 79%
[INFO] [1497955524.497157]: Done 80%
[INFO] [1497955524.598276]: Done 82%
[INFO] [1497955524.699661]: Done 83%
[INFO] [1497955524.800769]: Done 85%
[INFO] [1497955524.901729]: Done 86%
[INFO] [1497955525.002754]: Done 88%
[INFO] [1497955525.103710]: Done 89%
[INFO] [1497955525.204719]: Done 91%
[INFO] [1497955525.308111]: Done 92%
[INFO] [1497955525.409138]: Done 94%
[INFO] [1497955525.510662]: Done 95%
[INFO] [1497955525.611842]: Done 97%
[INFO] [1497955525.713118]: /move_sandbox_items: Succeeded
[INFO] [1497955528.351605]: /move_sandbox_items: Received a request to move zebra to 0.49, -0.06. Let's do that
[INFO] [1497955528.352474]: Moving zebra to -0.16,-0.04
[INFO] [1497955528.352740]: Requesting a plan...
[INFO] [1497955528.429996]: Received trajectory! As requested, waiting -0.001001958s before starting...
[INFO] [1497955528.430523]: Waiting a bit more (0.0s) to give the robot time to prepare...
[INFO] [1497955528.430840]: Starting to play trajectory!
[INFO] [1497955528.431313]: Done 0%
[INFO] [1497955528.532347]: Done 2%
[INFO] [1497955528.633426]: Done 5%
[INFO] [1497955528.734520]: Done 8%
[INFO] [1497955528.835657]: Done 11%
[INFO] [1497955528.936821]: Done 14%
[INFO] [1497955529.038240]: Done 17%
[INFO] [1497955529.139963]: Done 20%
[INFO] [1497955529.241196]: Done 23%
[INFO] [1497955529.342532]: Done 26%
[INFO] [1497955529.444013]: Done 29%
[INFO] [1497955529.545232]: Done 32%
[INFO] [1497955529.646327]: Done 35%
[INFO] [1497955529.747437]: Done 38%
[INFO] [1497955529.848555]: Done 41%
[INFO] [1497955529.949716]: Done 44%
[INFO] [1497955530.050757]: Done 47%
[INFO] [1497955530.151962]: Done 50%
[INFO] [1497955530.253009]: Done 52%
[INFO] [1497955530.356375]: Done 55%
[INFO] [1497955530.457338]: Done 58%
[INFO] [1497955530.558314]: Done 61%
[INFO] [1497955530.659299]: Done 64%
[INFO] [1497955530.760279]: Done 67%
[INFO] [1497955530.861135]: Done 70%
[INFO] [1497955530.962018]: Done 73%
[INFO] [1497955531.062931]: Done 76%
[INFO] [1497955531.163866]: Done 79%
[INFO] [1497955531.264811]: Done 82%
[INFO] [1497955531.365881]: Done 85%
[INFO] [1497955531.467213]: Done 88%
[INFO] [1497955531.569282]: Done 91%
[INFO] [1497955531.670657]: Done 94%
[INFO] [1497955531.771790]: /move_sandbox_items: Succeeded
[INFO] [1497955533.376607]: /move_sandbox_items: Received a request to move zebra to 0.33, -0.08. Let's do that
[INFO] [1497955533.377313]: Moving zebra to -0.14,0.10
[INFO] [1497955533.377885]: Requesting a plan...
[INFO] [1497955533.430584]: Received trajectory! As requested, waiting -0.001270707s before starting...
[INFO] [1497955533.431039]: Waiting a bit more (0.0s) to give the robot time to prepare...
[INFO] [1497955533.431341]: Starting to play trajectory!
[INFO] [1497955533.434596]: Done 0%
[INFO] [1497955533.535658]: Done 2%
[INFO] [1497955533.636915]: Done 5%
[INFO] [1497955533.738018]: Done 8%
[INFO] [1497955533.841424]: Done 11%
[INFO] [1497955533.942737]: Done 14%
[INFO] [1497955534.043669]: Done 17%
[INFO] [1497955534.144493]: Done 20%
[INFO] [1497955534.246263]: Done 22%
[INFO] [1497955534.347301]: Done 25%
[INFO] [1497955534.448298]: Done 28%
[INFO] [1497955534.549416]: Done 31%
[INFO] [1497955534.650453]: Done 34%
[INFO] [1497955534.751455]: Done 37%
[INFO] [1497955534.852596]: Done 40%
[INFO] [1497955534.953840]: Done 42%
[INFO] [1497955535.055546]: Done 45%
[INFO] [1497955535.156565]: Done 48%
[INFO] [1497955535.258259]: Done 51%
[INFO] [1497955535.359300]: Done 54%
[INFO] [1497955535.460233]: Done 57%
[INFO] [1497955535.561395]: Done 60%
[INFO] [1497955535.662428]: Done 62%
[INFO] [1497955535.763399]: Done 65%
[INFO] [1497955535.864417]: Done 68%
[INFO] [1497955535.965365]: Done 71%
[INFO] [1497955536.066201]: Done 74%
[INFO] [1497955536.167235]: Done 77%
[INFO] [1497955536.268119]: Done 80%
[INFO] [1497955536.369201]: Done 82%
[INFO] [1497955536.470342]: Done 85%
[INFO] [1497955536.572032]: Done 88%
[INFO] [1497955536.673265]: Done 91%
[INFO] [1497955536.774548]: Done 94%
[INFO] [1497955536.875720]: /move_sandbox_items: Succeeded
[INFO] [1497955541.701895]: /move_sandbox_items: Received a request to move giraffe to 0.33, -0.08. Let's do that
[INFO] [1497955541.702861]: Moving giraffe to -0.07,0.09
[INFO] [1497955541.703246]: Requesting a plan...
[INFO] [1497955541.864942]: Received trajectory! As requested, waiting -0.035843097s before starting...
[INFO] [1497955541.865457]: Waiting a bit more (0.0s) to give the robot time to prepare...
[INFO] [1497955541.865796]: Starting to play trajectory!
[INFO] [1497955541.866237]: Done 0%
[INFO] [1497955541.967252]: Done 3%
[INFO] [1497955542.068161]: Done 6%
[INFO] [1497955542.169256]: Done 10%
[INFO] [1497955542.270155]: Done 13%
[INFO] [1497955542.371068]: Done 17%
[INFO] [1497955542.472142]: Done 20%
[INFO] [1497955542.573083]: Done 24%
[INFO] [1497955542.673928]: Done 27%
[INFO] [1497955542.774838]: Done 31%
[INFO] [1497955542.875711]: Done 34%
[INFO] [1497955542.977121]: Done 37%
[INFO] [1497955543.078896]: Done 41%
[INFO] [1497955543.180622]: Done 44%
[INFO] [1497955543.283098]: Done 48%
[INFO] [1497955543.384354]: Done 51%
[INFO] [1497955543.485349]: Done 55%
[INFO] [1497955543.586560]: Done 58%
[INFO] [1497955543.687526]: Done 62%
[INFO] [1497955543.788935]: Done 65%
[INFO] [1497955543.890030]: Done 68%
[INFO] [1497955543.991133]: Done 72%
[INFO] [1497955544.092124]: Done 75%
[INFO] [1497955544.193777]: Done 79%
[INFO] [1497955544.295260]: Done 82%
[INFO] [1497955544.396687]: Done 86%
[INFO] [1497955544.497660]: Done 89%
[INFO] [1497955544.598668]: Done 93%
[INFO] [1497955544.699775]: /move_sandbox_items: Succeeded
[INFO] [1497955546.604726]: /move_sandbox_items: Received a request to move zebra to 0.33, -0.08. Let's do that
[INFO] [1497955546.605468]: Moving zebra to -0.01,-0.05
[INFO] [1497955546.605760]: Requesting a plan...
[INFO] [1497955546.629723]: Received trajectory! As requested, waiting -0.000436666s before starting...
[INFO] [1497955546.630136]: Waiting a bit more (0.0s) to give the robot time to prepare...
[INFO] [1497955546.630444]: Starting to play trajectory!
[INFO] [1497955546.631053]: Done 0%
[INFO] [1497955546.731987]: Done 12%
[INFO] [1497955546.832968]: Done 25%
[INFO] [1497955546.933899]: Done 37%
[INFO] [1497955547.035361]: Done 50%
[INFO] [1497955547.136173]: Done 62%
[INFO] [1497955547.237059]: Done 75%
[INFO] [1497955547.337941]: /move_sandbox_items: Succeeded
[INFO] [1497955549.006416]: /move_sandbox_items: Received a request to move giraffe to 0.49, -0.06. Let's do that
[INFO] [1497955549.007331]: Moving giraffe to -0.28,0.22
[INFO] [1497955549.007697]: Requesting a plan...
[INFO] [1497955549.029943]: Received trajectory! As requested, waiting -0.001077664s before starting...
[INFO] [1497955549.030281]: Waiting a bit more (0.0s) to give the robot time to prepare...
[INFO] [1497955549.030525]: Starting to play trajectory!
[INFO] [1497955549.031070]: Done 0%
[INFO] [1497955549.132078]: Done 1%
[INFO] [1497955549.233306]: Done 2%
[INFO] [1497955549.334417]: Done 4%
[INFO] [1497955549.435576]: Done 5%
[INFO] [1497955549.536558]: Done 6%
[INFO] [1497955549.638621]: Done 8%
[INFO] [1497955549.739492]: Done 9%
[INFO] [1497955549.840680]: Done 11%
[INFO] [1497955549.941688]: Done 12%
[INFO] [1497955550.042590]: Done 13%
[INFO] [1497955550.143477]: Done 15%
[INFO] [1497955550.244527]: Done 16%
[INFO] [1497955550.345599]: Done 18%
[INFO] [1497955550.446989]: Done 19%
[INFO] [1497955550.548299]: Done 20%
[INFO] [1497955550.649551]: Done 22%
[INFO] [1497955550.750622]: Done 23%
[INFO] [1497955550.851889]: Done 25%
[INFO] [1497955550.955246]: Done 26%
[INFO] [1497955551.056373]: Done 27%
[INFO] [1497955551.157682]: Done 29%
[INFO] [1497955551.258815]: Done 30%
[INFO] [1497955551.359862]: Done 31%
[INFO] [1497955551.461846]: Done 33%
[INFO] [1497955551.563308]: Done 34%
[INFO] [1497955551.664497]: Done 36%
[INFO] [1497955551.765623]: Done 37%
[INFO] [1497955551.866673]: Done 38%
[INFO] [1497955551.967725]: Done 40%
[INFO] [1497955552.069226]: Done 41%
[INFO] [1497955552.171668]: Done 43%
[INFO] [1497955552.272734]: Done 44%
[INFO] [1497955552.373693]: Done 45%
[INFO] [1497955552.474642]: Done 47%
[INFO] [1497955552.575691]: Done 48%
[INFO] [1497955552.676755]: Done 50%
[INFO] [1497955552.778068]: Done 51%
[INFO] [1497955552.879327]: Done 52%
[INFO] [1497955552.980347]: Done 54%
[INFO] [1497955553.081690]: Done 55%
[INFO] [1497955553.182713]: Done 56%
[INFO] [1497955553.286529]: Done 58%
[INFO] [1497955553.389511]: Done 59%
[INFO] [1497955553.491025]: Done 61%
[INFO] [1497955553.594247]: Done 62%
[INFO] [1497955553.695538]: Done 63%
[INFO] [1497955553.796587]: Done 65%
[INFO] [1497955553.897670]: Done 66%
[INFO] [1497955553.998751]: Done 68%
[INFO] [1497955554.100005]: Done 69%
[INFO] [1497955554.201755]: Done 70%
[INFO] [1497955554.302846]: Done 72%
[INFO] [1497955554.404043]: Done 73%
[INFO] [1497955554.505179]: Done 75%
[INFO] [1497955554.606778]: Done 76%
[INFO] [1497955554.707914]: Done 77%
[INFO] [1497955554.808961]: Done 79%
[INFO] [1497955554.909981]: Done 80%
[INFO] [1497955555.011251]: Done 81%
[INFO] [1497955555.112368]: Done 83%
[INFO] [1497955555.213684]: Done 84%
[INFO] [1497955555.314628]: Done 86%
[INFO] [1497955555.415832]: Done 87%
[INFO] [1497955555.516790]: Done 88%
[INFO] [1497955555.618090]: Done 90%
[INFO] [1497955555.719112]: Done 91%
[INFO] [1497955555.820218]: Done 93%
[INFO] [1497955555.921433]: Done 94%
[INFO] [1497955556.022818]: Done 95%
[INFO] [1497955556.124410]: Done 97%
[INFO] [1497955556.225675]: /move_sandbox_items: Succeeded
[INFO] [1497955558.147883]: /move_sandbox_items: Received a request to move elephant to 0.34, -0.12. Let's do that
[INFO] [1497955558.148694]: Moving elephant to 0.09,0.06
[INFO] [1497955558.149041]: Requesting a plan...
[INFO] [1497955558.229618]: Received trajectory! As requested, waiting -0.000747419s before starting...
[INFO] [1497955558.230092]: Waiting a bit more (0.0s) to give the robot time to prepare...
[INFO] [1497955558.230390]: Starting to play trajectory!
[INFO] [1497955558.231137]: Done 0%
[INFO] [1497955558.331933]: Done 4%
[INFO] [1497955558.432759]: Done 9%
[INFO] [1497955558.533663]: Done 14%
[INFO] [1497955558.634624]: Done 19%
[INFO] [1497955558.735840]: Done 23%
[INFO] [1497955558.836741]: Done 28%
[INFO] [1497955558.937571]: Done 33%
[INFO] [1497955559.038933]: Done 38%
[INFO] [1497955559.140014]: Done 42%
[INFO] [1497955559.241116]: Done 47%
[INFO] [1497955559.342125]: Done 52%
[INFO] [1497955559.443107]: Done 57%
[INFO] [1497955559.544077]: Done 61%
[INFO] [1497955559.645345]: Done 66%
[INFO] [1497955559.746390]: Done 71%
[INFO] [1497955559.847317]: Done 76%
[INFO] [1497955559.948176]: Done 80%
[INFO] [1497955560.049133]: Done 85%
[INFO] [1497955560.150085]: Done 90%
[INFO] [1497955560.251371]: /move_sandbox_items: Succeeded
[INFO] [1497955561.886642]: /move_sandbox_items: Received a request to move giraffe to 0.51, -0.06. Let's do that
[INFO] [1497955561.887835]: Moving giraffe to -0.03,0.00
[INFO] [1497955561.888210]: Requesting a plan...
[INFO] [1497955562.030346]: Received trajectory! As requested, waiting -0.001380905s before starting...
[INFO] [1497955562.030836]: Waiting a bit more (0.0s) to give the robot time to prepare...
[INFO] [1497955562.031285]: Starting to play trajectory!
[INFO] [1497955562.031846]: Done 0%
[INFO] [1497955562.132923]: Done 16%
[INFO] [1497955562.234058]: Done 33%
[INFO] [1497955562.335311]: Done 50%
[INFO] [1497955562.436338]: Done 66%
[INFO] [1497955562.537679]: /move_sandbox_items: Succeeded
[INFO] [1497955564.106370]: /move_sandbox_items: Received a request to move zebra to 0.53, -0.06. Let's do that
[INFO] [1497955564.107158]: Moving zebra to 0.05,-0.15
[INFO] [1497955564.107429]: Requesting a plan...
[INFO] [1497955564.252715]: Received trajectory! As requested, waiting -0.023788815s before starting...
[INFO] [1497955564.253130]: Waiting a bit more (0.0s) to give the robot time to prepare...
[INFO] [1497955564.253414]: Starting to play trajectory!
[INFO] [1497955564.253930]: Done 0%
[INFO] [1497955564.354817]: Done 2%
[INFO] [1497955564.455951]: Done 5%
[INFO] [1497955564.557123]: Done 8%
[INFO] [1497955564.660481]: Done 11%
[INFO] [1497955564.763300]: Done 13%
[INFO] [1497955564.864592]: Done 16%
[INFO] [1497955564.965692]: Done 19%
[INFO] [1497955565.066724]: Done 22%
[INFO] [1497955565.168074]: Done 25%
[INFO] [1497955565.269144]: Done 27%
[INFO] [1497955565.371079]: Done 30%
[INFO] [1497955565.472119]: Done 33%
[INFO] [1497955565.574274]: Done 36%
[INFO] [1497955565.675415]: Done 38%
[INFO] [1497955565.776497]: Done 41%
[INFO] [1497955565.877634]: Done 44%
[INFO] [1497955565.978689]: Done 47%
[INFO] [1497955566.079771]: Done 50%
[INFO] [1497955566.181051]: Done 52%
[INFO] [1497955566.282381]: Done 55%
[INFO] [1497955566.383369]: Done 58%
[INFO] [1497955566.484435]: Done 61%
[INFO] [1497955566.585534]: Done 63%
[INFO] [1497955566.686664]: Done 66%
[INFO] [1497955566.787680]: Done 69%
[INFO] [1497955566.888732]: Done 72%
[INFO] [1497955566.989839]: Done 75%
[INFO] [1497955567.090838]: Done 77%
[INFO] [1497955567.191789]: Done 80%
[INFO] [1497955567.292874]: Done 83%
[INFO] [1497955567.393967]: Done 86%
[INFO] [1497955567.494917]: Done 88%
[INFO] [1497955567.595977]: Done 91%
[INFO] [1497955567.697440]: Done 94%
[INFO] [1497955567.799111]: /move_sandbox_items: Succeeded
[INFO] [1497955569.366591]: /move_sandbox_items: Received a request to move caravan to 0.06, -0.06. Let's do that
[INFO] [1497955569.367228]: Moving caravan to -0.01,0.01
[INFO] [1497955569.367480]: Requesting a plan...
[INFO] [1497955569.430593]: Received trajectory! As requested, waiting -0.001606196s before starting...
[INFO] [1497955569.430987]: Waiting a bit more (0.0s) to give the robot time to prepare...
[INFO] [1497955569.431258]: Starting to play trajectory!
[INFO] [1497955569.431684]: Done 0%
[INFO] [1497955569.533366]: Done 25%
[INFO] [1497955569.634491]: Done 50%
[INFO] [1497955569.735599]: /move_sandbox_items: Succeeded
[INFO] [1497955571.346184]: /move_sandbox_items: Received a request to move zebra to 0.53, -0.06. Let's do that
[INFO] [1497955571.346852]: Moving zebra to -0.00,0.01
[INFO] [1497955571.347097]: Requesting a plan...
[INFO] [1497955571.429584]: Received trajectory! As requested, waiting -0.000690035s before starting...
[INFO] [1497955571.430096]: Waiting a bit more (0.0s) to give the robot time to prepare...
[INFO] [1497955571.430466]: Starting to play trajectory!
[INFO] [1497955571.433289]: Done 0%
[INFO] [1497955571.536513]: /move_sandbox_items: Succeeded
[INFO] [1497955573.272158]: /move_sandbox_items: Received a request to move elephant to 0.44, -0.14. Let's do that
[INFO] [1497955573.272885]: Moving elephant to 0.02,0.09
[INFO] [1497955573.273141]: Requesting a plan...
[INFO] [1497955573.429672]: Received trajectory! As requested, waiting -0.000741807s before starting...
[INFO] [1497955573.430047]: Waiting a bit more (0.0s) to give the robot time to prepare...
[INFO] [1497955573.430314]: Starting to play trajectory!
[INFO] [1497955573.430871]: Done 0%
[INFO] [1497955573.531766]: Done 5%
[INFO] [1497955573.633130]: Done 10%
[INFO] [1497955573.734092]: Done 15%
[INFO] [1497955573.837783]: Done 20%
[INFO] [1497955573.938748]: Done 25%
[INFO] [1497955574.039989]: Done 30%
[INFO] [1497955574.141337]: Done 35%
[INFO] [1497955574.242271]: Done 40%
[INFO] [1497955574.343179]: Done 45%
[INFO] [1497955574.444047]: Done 50%
[INFO] [1497955574.544880]: Done 55%
[INFO] [1497955574.645692]: Done 60%
[INFO] [1497955574.746511]: Done 65%
[INFO] [1497955574.847357]: Done 70%
[INFO] [1497955574.950775]: Done 75%
[INFO] [1497955575.051714]: Done 80%
[INFO] [1497955575.152859]: Done 85%
[INFO] [1497955575.255185]: Done 90%
[INFO] [1497955575.356354]: /move_sandbox_items: Succeeded
[INFO] [1497955577.769269]: /move_sandbox_items: Received a request to move elephant to 0.44, -0.14. Let's do that
[INFO] [1497955577.769967]: Moving elephant to 0.01,-0.06
[INFO] [1497955577.770258]: Requesting a plan...
[INFO] [1497955577.829252]: Received trajectory! As requested, waiting -0.000394285s before starting...
[INFO] [1497955577.829778]: Waiting a bit more (0.0s) to give the robot time to prepare...
[INFO] [1497955577.830121]: Starting to play trajectory!
[INFO] [1497955577.830575]: Done 0%
[INFO] [1497955577.931447]: Done 11%
[INFO] [1497955578.032360]: Done 22%
[INFO] [1497955578.133166]: Done 33%
[INFO] [1497955578.234144]: Done 44%
[INFO] [1497955578.335584]: Done 55%
[INFO] [1497955578.436567]: Done 66%
[INFO] [1497955578.537652]: Done 77%
[INFO] [1497955578.638828]: /move_sandbox_items: Succeeded
[INFO] [1497955580.342352]: /move_sandbox_items: Received a request to move elephant to 0.44, -0.14. Let's do that
[INFO] [1497955580.342920]: Moving elephant to 0.07,0.05
[INFO] [1497955580.343105]: Requesting a plan...
[INFO] [1497955580.429243]: Received trajectory! As requested, waiting -0.00055714s before starting...
[INFO] [1497955580.429682]: Waiting a bit more (0.0s) to give the robot time to prepare...
[INFO] [1497955580.429992]: Starting to play trajectory!
[INFO] [1497955580.430505]: Done 0%
[INFO] [1497955580.531435]: Done 5%
[INFO] [1497955580.632377]: Done 11%
[INFO] [1497955580.733737]: Done 17%
[INFO] [1497955580.834725]: Done 23%
[INFO] [1497955580.935693]: Done 29%
[INFO] [1497955581.036896]: Done 35%
[INFO] [1497955581.138182]: Done 41%
[INFO] [1497955581.239157]: Done 47%
[INFO] [1497955581.340251]: Done 52%
[INFO] [1497955581.441430]: Done 58%
[INFO] [1497955581.542482]: Done 64%
[INFO] [1497955581.643587]: Done 70%
[INFO] [1497955581.744657]: Done 76%
[INFO] [1497955581.845822]: Done 82%
[INFO] [1497955581.946799]: Done 88%
[INFO] [1497955582.047902]: /move_sandbox_items: Succeeded
[INFO] [1497955584.052928]: /move_sandbox_items: Received a request to move giraffe to 0.21, -0.03. Let's do that
[INFO] [1497955584.053638]: Moving giraffe to -0.09,-0.09
[INFO] [1497955584.054026]: Requesting a plan...
[INFO] [1497955584.229888]: Received trajectory! As requested, waiting -0.000777485s before starting...
[INFO] [1497955584.230291]: Waiting a bit more (0.0s) to give the robot time to prepare...
[INFO] [1497955584.230560]: Starting to play trajectory!
[INFO] [1497955584.230980]: Done 0%
[INFO] [1497955584.332162]: Done 3%
[INFO] [1497955584.433350]: Done 7%
[INFO] [1497955584.534552]: Done 11%
[INFO] [1497955584.635508]: Done 15%
[INFO] [1497955584.736347]: Done 19%
[INFO] [1497955584.837279]: Done 23%
[INFO] [1497955584.938565]: Done 26%
[INFO] [1497955585.039605]: Done 30%
[INFO] [1497955585.140762]: Done 34%
[INFO] [1497955585.241667]: Done 38%
[INFO] [1497955585.342514]: Done 42%
[INFO] [1497955585.443472]: Done 46%
[INFO] [1497955585.544677]: Done 50%
[INFO] [1497955585.645746]: Done 53%
[INFO] [1497955585.746827]: Done 57%
[INFO] [1497955585.847913]: Done 61%
[INFO] [1497955585.949429]: Done 65%
[INFO] [1497955586.050474]: Done 69%
[INFO] [1497955586.151475]: Done 73%
[INFO] [1497955586.252865]: Done 76%
[INFO] [1497955586.354029]: Done 80%
[INFO] [1497955586.455201]: Done 84%
[INFO] [1497955586.556299]: Done 88%
[INFO] [1497955586.657345]: Done 92%
[INFO] [1497955586.758553]: /move_sandbox_items: Succeeded
[INFO] [1497955616.333908]: /move_sandbox_items: Received a request to move zebra to 0.53, -0.06. Let's do that
[INFO] [1497955616.334598]: Moving zebra to -0.00,-0.01
[INFO] [1497955616.334970]: Requesting a plan...
[INFO] [1497955616.429080]: Received trajectory! As requested, waiting -0.000388112s before starting...
[INFO] [1497955616.429483]: Waiting a bit more (0.0s) to give the robot time to prepare...
[INFO] [1497955616.429807]: Starting to play trajectory!
[INFO] [1497955616.430328]: Done 0%
[INFO] [1497955616.531323]: Done 25%
[INFO] [1497955616.634035]: Done 50%
[INFO] [1497955616.734992]: /move_sandbox_items: Succeeded
[INFO] [1497955624.250930]: /move_sandbox_items: Received a request to move zebra to 0.21, -0.04. Let's do that
[INFO] [1497955624.252284]: Moving zebra to -0.08,-0.10
[INFO] [1497955624.252567]: Requesting a plan...
[INFO] [1497955624.429539]: Received trajectory! As requested, waiting -0.000791772s before starting...
[INFO] [1497955624.430077]: Waiting a bit more (0.0s) to give the robot time to prepare...
[INFO] [1497955624.430440]: Starting to play trajectory!
[INFO] [1497955624.430981]: Done 0%
[INFO] [1497955624.534022]: Done 4%
[INFO] [1497955624.635114]: Done 8%
[INFO] [1497955624.736010]: Done 12%
[INFO] [1497955624.837027]: Done 16%
[INFO] [1497955624.938006]: Done 20%
[INFO] [1497955625.039089]: Done 24%
[INFO] [1497955625.140033]: Done 28%
[INFO] [1497955625.241042]: Done 32%
[INFO] [1497955625.341861]: Done 36%
[INFO] [1497955625.442851]: Done 40%
[INFO] [1497955625.543685]: Done 44%
[INFO] [1497955625.644773]: Done 48%
[INFO] [1497955625.745786]: Done 52%
[INFO] [1497955625.846775]: Done 56%
[INFO] [1497955625.947829]: Done 60%
[INFO] [1497955626.049138]: Done 64%
[INFO] [1497955626.150536]: Done 68%
[INFO] [1497955626.253292]: Done 72%
[INFO] [1497955626.354256]: Done 76%
[INFO] [1497955626.455472]: Done 80%
[INFO] [1497955626.556339]: Done 84%
[INFO] [1497955626.657792]: Done 88%
[INFO] [1497955626.758932]: Done 92%
[INFO] [1497955626.860314]: /move_sandbox_items: Succeeded
[INFO] [1497955628.771447]: /move_sandbox_items: Received a request to move zebra to 0.21, -0.04. Let's do that
[INFO] [1497955628.772068]: Moving zebra to -0.00,0.07
[INFO] [1497955628.772320]: Requesting a plan...
[INFO] [1497955628.829787]: Received trajectory! As requested, waiting -0.000918279s before starting...
[INFO] [1497955628.830149]: Waiting a bit more (0.0s) to give the robot time to prepare...
[INFO] [1497955628.830408]: Starting to play trajectory!
[INFO] [1497955628.831104]: Done 0%
[INFO] [1497955628.931972]: Done 6%
[INFO] [1497955629.033124]: Done 13%
[INFO] [1497955629.134142]: Done 20%
[INFO] [1497955629.235379]: Done 26%
[INFO] [1497955629.336525]: Done 33%
[INFO] [1497955629.437874]: Done 40%
[INFO] [1497955629.538718]: Done 46%
[INFO] [1497955629.639824]: Done 53%
[INFO] [1497955629.740821]: Done 60%
[INFO] [1497955629.842039]: Done 66%
[INFO] [1497955629.943080]: Done 73%
[INFO] [1497955630.044053]: Done 80%
[INFO] [1497955630.145015]: Done 86%
[INFO] [1497955630.246208]: /move_sandbox_items: Succeeded
[INFO] [1497955649.649218]: /move_sandbox_items: Received a request to move caravan to 0.53, -0.06. Let's do that
[INFO] [1497955649.649864]: Moving caravan to 0.24,-0.08
[INFO] [1497955649.650130]: Requesting a plan...
[INFO] [1497955649.830623]: Received trajectory! As requested, waiting -0.00157439s before starting...
[INFO] [1497955649.831158]: Waiting a bit more (0.0s) to give the robot time to prepare...
[INFO] [1497955649.831572]: Starting to play trajectory!
[INFO] [1497955649.832149]: Done 0%
[INFO] [1497955649.933300]: Done 2%
[INFO] [1497955650.034277]: Done 4%
[INFO] [1497955650.135343]: Done 6%
[INFO] [1497955650.236284]: Done 8%
[INFO] [1497955650.337286]: Done 10%
[INFO] [1497955650.438397]: Done 13%
[INFO] [1497955650.539350]: Done 15%
[INFO] [1497955650.640268]: Done 17%
[INFO] [1497955650.741252]: Done 19%
[INFO] [1497955650.842278]: Done 21%
[INFO] [1497955650.943323]: Done 23%
[INFO] [1497955651.044274]: Done 26%
[INFO] [1497955651.148989]: Done 28%
[INFO] [1497955651.250111]: Done 30%
[INFO] [1497955651.351197]: Done 32%
[INFO] [1497955651.452140]: Done 34%
[INFO] [1497955651.553748]: Done 36%
[INFO] [1497955651.655224]: Done 39%
[INFO] [1497955651.756757]: Done 41%
[INFO] [1497955651.857875]: Done 43%
[INFO] [1497955651.959034]: Done 45%
[INFO] [1497955652.059969]: Done 47%
[INFO] [1497955652.161217]: Done 50%
[INFO] [1497955652.262688]: Done 52%
[INFO] [1497955652.363669]: Done 54%
[INFO] [1497955652.464704]: Done 56%
[INFO] [1497955652.565713]: Done 58%
[INFO] [1497955652.666775]: Done 60%
[INFO] [1497955652.767920]: Done 63%
[INFO] [1497955652.869583]: Done 65%
[INFO] [1497955652.970841]: Done 67%
[INFO] [1497955653.072695]: Done 69%
[INFO] [1497955653.173714]: Done 71%
[INFO] [1497955653.274742]: Done 73%
[INFO] [1497955653.375791]: Done 76%
[INFO] [1497955653.476722]: Done 78%
[INFO] [1497955653.577737]: Done 80%
[INFO] [1497955653.678784]: Done 82%
[INFO] [1497955653.779840]: Done 84%
[INFO] [1497955653.881470]: Done 86%
[INFO] [1497955653.982583]: Done 89%
[INFO] [1497955654.083512]: Done 91%
[INFO] [1497955654.184643]: Done 93%
[INFO] [1497955654.285739]: Done 95%
[INFO] [1497955654.387298]: /move_sandbox_items: Succeeded
