[rospy.client][INFO] 2017-06-20 11:38:23,629: init_node, name[/nao_behaviours], pid[18694]
[xmlrpc][INFO] 2017-06-20 11:38:23,629: XML-RPC server binding to 0.0.0.0:0
[xmlrpc][INFO] 2017-06-20 11:38:23,630: Started XML-RPC server [http://sandtray-hrilab:39520/]
[rospy.init][INFO] 2017-06-20 11:38:23,630: ROS Slave URI: [http://sandtray-hrilab:39520/]
[rospy.impl.masterslave][INFO] 2017-06-20 11:38:23,630: _ready: http://sandtray-hrilab:39520/
[xmlrpc][INFO] 2017-06-20 11:38:23,631: xml rpc node: starting XML-RPC server
[rospy.registration][INFO] 2017-06-20 11:38:23,631: Registering with master node http://localhost:11311
[rospy.init][INFO] 2017-06-20 11:38:23,731: registered with master
[rospy.rosout][INFO] 2017-06-20 11:38:23,731: initializing /rosout core topic
[rospy.rosout][INFO] 2017-06-20 11:38:23,733: connected to core topic /rosout
[rospy.simtime][INFO] 2017-06-20 11:38:23,735: /use_sim_time is not set, will not subscribe to simulated time [/clock] topic
[rospy.internal][INFO] 2017-06-20 11:38:26,091: topic[/rosout] adding connection to [/rosout], count 0
[rospy.internal][INFO] 2017-06-20 11:38:31,892: topic[/speech] adding connection to [/naoqi_driver_node], count 0
[rosout][WARNING] 2017-06-20 11:38:47,604: Waiting for frame /odom to be published...
[rospy.internal][INFO] 2017-06-20 11:38:47,612: topic[/tf] adding connection to [http://sandtray-hrilab:37217/], count 0
[rospy.internal][INFO] 2017-06-20 11:38:47,613: topic[/tf] adding connection to [http://sandtray-hrilab:36425/], count 1
[rospy.internal][INFO] 2017-06-20 11:38:47,617: topic[/tf] adding connection to [http://sandtray-hrilab:39682/], count 2
[rospy.internal][INFO] 2017-06-20 11:38:47,618: topic[/tf] adding connection to [http://sandtray-hrilab:38427/], count 2
[rospy.internal][INFO] 2017-06-20 11:38:47,621: topic[/tf] adding connection to [http://sandtray-hrilab:37110/], count 4
[rospy.internal][INFO] 2017-06-20 11:38:47,621: topic[/tf] adding connection to [http://sandtray-hrilab:39218/], count 5
[rospy.internal][INFO] 2017-06-20 11:38:47,624: topic[/tf] adding connection to [http://192.168.2.104:44267/], count 6
[rospy.internal][INFO] 2017-06-20 11:38:47,624: topic[/tf] adding connection to [http://sandtray-hrilab:44104/], count 6
[rosout][WARNING] 2017-06-20 11:38:48,105: No transform robot->sandtray. Robot not yet localised!
[rosout][WARNING] 2017-06-20 11:38:48,606: No transform robot->sandtray. Robot not yet localised!
[rosout][WARNING] 2017-06-20 11:38:49,107: No transform robot->sandtray. Robot not yet localised!
[rosout][WARNING] 2017-06-20 11:38:49,608: No transform robot->sandtray. Robot not yet localised!
[rosout][WARNING] 2017-06-20 11:38:50,109: No transform robot->sandtray. Robot not yet localised!
[rosout][WARNING] 2017-06-20 11:38:50,610: No transform robot->sandtray. Robot not yet localised!
[rosout][WARNING] 2017-06-20 11:38:51,111: No transform robot->sandtray. Robot not yet localised!
[rosout][WARNING] 2017-06-20 11:38:51,612: No transform robot->sandtray. Robot not yet localised!
[rosout][WARNING] 2017-06-20 11:38:52,113: No transform robot->sandtray. Robot not yet localised!
[rosout][WARNING] 2017-06-20 11:38:52,614: No transform robot->sandtray. Robot not yet localised!
[rosout][INFO] 2017-06-20 11:38:53,115: Ok! Starting robot behaviours.
[rospy.internal][INFO] 2017-06-20 11:38:53,126: topic[/poses] adding connection to [http://sandtray-hrilab:38024/], count 0
[rospy.internal][WARNING] 2017-06-20 11:47:49,588: Unknown error initiating TCP/IP socket to sandtray-hrilab:46282 (http://sandtray-hrilab:39218/): Traceback (most recent call last):
  File "/opt/ros/kinetic/lib/python2.7/dist-packages/rospy/impl/tcpros_base.py", line 555, in connect
    self.socket.connect((dest_addr, dest_port))
  File "/usr/lib/python2.7/socket.py", line 228, in meth
    return getattr(self._sock,name)(*args)
error: [Errno 111] Connection refused

[rospy.internal][INFO] 2017-06-20 11:47:49,589: topic[/tf] removing connection to http://sandtray-hrilab:39218/
[rospy.internal][INFO] 2017-06-20 11:47:49,889: topic[/speech] removing connection to /naoqi_driver_node
[rospy.internal][WARNING] 2017-06-20 11:47:50,216: Unknown error initiating TCP/IP socket to 192.168.2.104:56020 (http://192.168.2.104:44267/): Traceback (most recent call last):
  File "/opt/ros/kinetic/lib/python2.7/dist-packages/rospy/impl/tcpros_base.py", line 557, in connect
    self.read_header()
  File "/opt/ros/kinetic/lib/python2.7/dist-packages/rospy/impl/tcpros_base.py", line 650, in read_header
    self._validate_header(read_ros_handshake_header(sock, self.read_buff, self.protocol.buff_size))
  File "/opt/ros/kinetic/lib/python2.7/dist-packages/rosgraph/network.py", line 362, in read_ros_handshake_header
    d = sock.recv(buff_size)
error: [Errno 104] Connection reset by peer

[rospy.internal][INFO] 2017-06-20 11:47:50,216: topic[/tf] removing connection to http://192.168.2.104:44267/
[rospy.core][INFO] 2017-06-20 11:47:50,352: signal_shutdown [signal-2]
[rospy.internal][INFO] 2017-06-20 11:47:50,357: topic[/rosout] removing connection to /rosout
[rospy.internal][INFO] 2017-06-20 11:47:50,358: topic[/poses] removing connection to http://sandtray-hrilab:38024/
[rospy.internal][INFO] 2017-06-20 11:47:50,358: topic[/tf] removing connection to http://sandtray-hrilab:37217/
[rospy.internal][INFO] 2017-06-20 11:47:50,358: topic[/tf] removing connection to http://sandtray-hrilab:36425/
[rospy.internal][INFO] 2017-06-20 11:47:50,358: topic[/tf] removing connection to http://sandtray-hrilab:38427/
[rospy.internal][INFO] 2017-06-20 11:47:50,359: topic[/tf] removing connection to http://sandtray-hrilab:39682/
[rospy.internal][INFO] 2017-06-20 11:47:50,359: topic[/tf] removing connection to http://sandtray-hrilab:37110/
[rospy.internal][INFO] 2017-06-20 11:47:50,359: topic[/tf] removing connection to http://sandtray-hrilab:44104/
[rospy.impl.masterslave][INFO] 2017-06-20 11:47:50,359: signal-2
[rospy.core][INFO] 2017-06-20 11:47:50,475: signal_shutdown [signal-15]
[rospy.core][INFO] 2017-06-20 11:47:59,451: signal_shutdown [atexit]
