[rospy.client][INFO] 2017-06-20 11:26:55,696: init_node, name[/sandbox_zones_from_image], pid[16603]
[xmlrpc][INFO] 2017-06-20 11:26:55,697: XML-RPC server binding to 0.0.0.0:0
[xmlrpc][INFO] 2017-06-20 11:26:55,697: Started XML-RPC server [http://sandtray-hrilab:36857/]
[rospy.init][INFO] 2017-06-20 11:26:55,697: ROS Slave URI: [http://sandtray-hrilab:36857/]
[rospy.impl.masterslave][INFO] 2017-06-20 11:26:55,698: _ready: http://sandtray-hrilab:36857/
[rospy.registration][INFO] 2017-06-20 11:26:55,699: Registering with master node http://localhost:11311
[xmlrpc][INFO] 2017-06-20 11:26:55,699: xml rpc node: starting XML-RPC server
[rospy.init][INFO] 2017-06-20 11:26:55,798: registered with master
[rospy.rosout][INFO] 2017-06-20 11:26:55,798: initializing /rosout core topic
[rospy.rosout][INFO] 2017-06-20 11:26:55,801: connected to core topic /rosout
[rospy.simtime][INFO] 2017-06-20 11:26:55,802: /use_sim_time is not set, will not subscribe to simulated time [/clock] topic
[rosout][INFO] 2017-06-20 11:26:55,809: Waiting for images of the playground
[rospy.internal][INFO] 2017-06-20 11:26:55,814: topic[/sandtray/background/image] adding connection to [http://sandtray-hrilab:37217/], count 0
[rospy.internal][INFO] 2017-06-20 11:26:55,815: topic[/sandtray/background/camera_info] adding connection to [http://sandtray-hrilab:37217/], count 0
[rosout][INFO] 2017-06-20 11:26:55,827: Received the playground image. Detecting zones...
[rosout][INFO] 2017-06-20 11:26:55,845: Publishing the detected zones on /zones
[rospy.internal][INFO] 2017-06-20 11:26:56,075: topic[/rosout] adding connection to [/rosout], count 0
[rosout][INFO] 2017-06-20 11:29:21,713: Received the playground image. Detecting zones...
[rosout][INFO] 2017-06-20 11:29:21,728: Publishing the detected zones on /zones
[rosout][INFO] 2017-06-20 11:29:41,214: Received the playground image. Detecting zones...
[rosout][INFO] 2017-06-20 11:29:41,228: Publishing the detected zones on /zones
[rosout][INFO] 2017-06-20 11:29:42,958: Received the playground image. Detecting zones...
[rosout][INFO] 2017-06-20 11:29:42,969: Publishing the detected zones on /zones
[rosout][INFO] 2017-06-20 11:29:44,705: Received the playground image. Detecting zones...
[rosout][INFO] 2017-06-20 11:29:44,719: Publishing the detected zones on /zones
[rosout][INFO] 2017-06-20 11:29:47,959: Received the playground image. Detecting zones...
[rosout][INFO] 2017-06-20 11:29:47,974: Publishing the detected zones on /zones
[rosout][INFO] 2017-06-20 11:29:48,232: Received the playground image. Detecting zones...
[rosout][INFO] 2017-06-20 11:29:48,246: Publishing the detected zones on /zones
[rosout][INFO] 2017-06-20 11:29:48,498: Received the playground image. Detecting zones...
[rosout][INFO] 2017-06-20 11:29:48,511: Publishing the detected zones on /zones
[rosout][INFO] 2017-06-20 11:29:48,712: Received the playground image. Detecting zones...
[rosout][INFO] 2017-06-20 11:29:48,725: Publishing the detected zones on /zones
[rosout][INFO] 2017-06-20 11:29:48,967: Received the playground image. Detecting zones...
[rosout][INFO] 2017-06-20 11:29:48,978: Publishing the detected zones on /zones
[rosout][INFO] 2017-06-20 11:29:55,693: Received the playground image. Detecting zones...
[rosout][INFO] 2017-06-20 11:29:55,706: Publishing the detected zones on /zones
[rosout][INFO] 2017-06-20 11:30:01,977: Received the playground image. Detecting zones...
[rosout][INFO] 2017-06-20 11:30:01,990: Publishing the detected zones on /zones
[rosout][INFO] 2017-06-20 11:30:04,204: Received the playground image. Detecting zones...
[rosout][INFO] 2017-06-20 11:30:04,220: Publishing the detected zones on /zones
[rosout][INFO] 2017-06-20 11:30:04,950: Received the playground image. Detecting zones...
[rosout][INFO] 2017-06-20 11:30:04,960: Publishing the detected zones on /zones
[rosout][INFO] 2017-06-20 11:30:06,197: Received the playground image. Detecting zones...
[rosout][INFO] 2017-06-20 11:30:06,213: Publishing the detected zones on /zones
[rosout][INFO] 2017-06-20 11:30:07,449: Received the playground image. Detecting zones...
[rosout][INFO] 2017-06-20 11:30:07,467: Publishing the detected zones on /zones
[rosout][INFO] 2017-06-20 11:30:08,218: Received the playground image. Detecting zones...
[rosout][INFO] 2017-06-20 11:30:08,234: Publishing the detected zones on /zones
[rosout][INFO] 2017-06-20 11:30:08,454: Received the playground image. Detecting zones...
[rosout][INFO] 2017-06-20 11:30:08,470: Publishing the detected zones on /zones
[rosout][INFO] 2017-06-20 11:30:09,707: Received the playground image. Detecting zones...
[rosout][INFO] 2017-06-20 11:30:09,720: Publishing the detected zones on /zones
[rosout][INFO] 2017-06-20 11:30:10,723: Received the playground image. Detecting zones...
[rosout][INFO] 2017-06-20 11:30:10,735: Publishing the detected zones on /zones
[rosout][INFO] 2017-06-20 11:30:13,447: Received the playground image. Detecting zones...
[rosout][INFO] 2017-06-20 11:30:13,463: Publishing the detected zones on /zones
[rosout][INFO] 2017-06-20 11:30:13,946: Received the playground image. Detecting zones...
[rosout][INFO] 2017-06-20 11:30:13,959: Publishing the detected zones on /zones
[rosout][INFO] 2017-06-20 11:30:14,190: Received the playground image. Detecting zones...
[rosout][INFO] 2017-06-20 11:30:14,202: Publishing the detected zones on /zones
[rosout][INFO] 2017-06-20 11:30:14,449: Received the playground image. Detecting zones...
[rosout][INFO] 2017-06-20 11:30:14,465: Publishing the detected zones on /zones
[rosout][INFO] 2017-06-20 11:30:14,683: Received the playground image. Detecting zones...
[rosout][INFO] 2017-06-20 11:30:14,701: Publishing the detected zones on /zones
[rosout][INFO] 2017-06-20 11:30:15,947: Received the playground image. Detecting zones...
[rosout][INFO] 2017-06-20 11:30:15,958: Publishing the detected zones on /zones
[rosout][INFO] 2017-06-20 11:30:16,941: Received the playground image. Detecting zones...
[rosout][INFO] 2017-06-20 11:30:16,952: Publishing the detected zones on /zones
[rosout][INFO] 2017-06-20 11:30:17,446: Received the playground image. Detecting zones...
[rosout][INFO] 2017-06-20 11:30:17,463: Publishing the detected zones on /zones
[rosout][INFO] 2017-06-20 11:30:18,201: Received the playground image. Detecting zones...
[rosout][INFO] 2017-06-20 11:30:18,218: Publishing the detected zones on /zones
[rosout][INFO] 2017-06-20 11:30:19,450: Received the playground image. Detecting zones...
[rosout][INFO] 2017-06-20 11:30:19,467: Publishing the detected zones on /zones
[rosout][INFO] 2017-06-20 11:30:20,696: Received the playground image. Detecting zones...
[rosout][INFO] 2017-06-20 11:30:20,712: Publishing the detected zones on /zones
[rosout][INFO] 2017-06-20 11:30:21,704: Received the playground image. Detecting zones...
[rosout][INFO] 2017-06-20 11:30:21,717: Publishing the detected zones on /zones
[rosout][INFO] 2017-06-20 11:30:22,203: Received the playground image. Detecting zones...
[rosout][INFO] 2017-06-20 11:30:22,218: Publishing the detected zones on /zones
[rosout][INFO] 2017-06-20 11:30:22,696: Received the playground image. Detecting zones...
[rosout][INFO] 2017-06-20 11:30:22,708: Publishing the detected zones on /zones
[rosout][INFO] 2017-06-20 11:30:22,949: Received the playground image. Detecting zones...
[rosout][INFO] 2017-06-20 11:30:22,960: Publishing the detected zones on /zones
[rosout][INFO] 2017-06-20 11:30:23,941: Received the playground image. Detecting zones...
[rosout][INFO] 2017-06-20 11:30:23,952: Publishing the detected zones on /zones
[rosout][INFO] 2017-06-20 11:30:25,468: Received the playground image. Detecting zones...
[rosout][INFO] 2017-06-20 11:30:25,483: Publishing the detected zones on /zones
[rosout][INFO] 2017-06-20 11:30:25,957: Received the playground image. Detecting zones...
[rosout][INFO] 2017-06-20 11:30:25,972: Publishing the detected zones on /zones
[rosout][INFO] 2017-06-20 11:30:26,482: Received the playground image. Detecting zones...
[rosout][INFO] 2017-06-20 11:30:26,497: Publishing the detected zones on /zones
[rosout][INFO] 2017-06-20 11:30:27,451: Received the playground image. Detecting zones...
[rosout][INFO] 2017-06-20 11:30:27,463: Publishing the detected zones on /zones
[rosout][INFO] 2017-06-20 11:30:27,692: Received the playground image. Detecting zones...
[rosout][INFO] 2017-06-20 11:30:27,706: Publishing the detected zones on /zones
[rosout][INFO] 2017-06-20 11:30:28,205: Received the playground image. Detecting zones...
[rosout][INFO] 2017-06-20 11:30:28,218: Publishing the detected zones on /zones
[rosout][INFO] 2017-06-20 11:30:29,451: Received the playground image. Detecting zones...
[rosout][INFO] 2017-06-20 11:30:29,466: Publishing the detected zones on /zones
[rosout][INFO] 2017-06-20 11:30:30,203: Received the playground image. Detecting zones...
[rosout][INFO] 2017-06-20 11:30:30,217: Publishing the detected zones on /zones
[rosout][INFO] 2017-06-20 11:30:31,199: Received the playground image. Detecting zones...
[rosout][INFO] 2017-06-20 11:30:31,213: Publishing the detected zones on /zones
[rosout][INFO] 2017-06-20 11:30:31,941: Received the playground image. Detecting zones...
[rosout][INFO] 2017-06-20 11:30:31,954: Publishing the detected zones on /zones
[rosout][INFO] 2017-06-20 11:30:32,701: Received the playground image. Detecting zones...
[rosout][INFO] 2017-06-20 11:30:32,715: Publishing the detected zones on /zones
[rosout][INFO] 2017-06-20 11:30:33,439: Received the playground image. Detecting zones...
[rosout][INFO] 2017-06-20 11:30:33,455: Publishing the detected zones on /zones
[rosout][INFO] 2017-06-20 11:30:34,197: Received the playground image. Detecting zones...
[rosout][INFO] 2017-06-20 11:30:34,212: Publishing the detected zones on /zones
[rosout][INFO] 2017-06-20 11:30:34,691: Received the playground image. Detecting zones...
[rosout][INFO] 2017-06-20 11:30:34,705: Publishing the detected zones on /zones
[rosout][INFO] 2017-06-20 11:30:35,701: Received the playground image. Detecting zones...
[rosout][INFO] 2017-06-20 11:30:35,716: Publishing the detected zones on /zones
[rosout][INFO] 2017-06-20 11:30:36,196: Received the playground image. Detecting zones...
[rosout][INFO] 2017-06-20 11:30:36,208: Publishing the detected zones on /zones
[rosout][INFO] 2017-06-20 11:30:36,690: Received the playground image. Detecting zones...
[rosout][INFO] 2017-06-20 11:30:36,704: Publishing the detected zones on /zones
[rosout][INFO] 2017-06-20 11:30:37,447: Received the playground image. Detecting zones...
[rosout][INFO] 2017-06-20 11:30:37,463: Publishing the detected zones on /zones
[rosout][INFO] 2017-06-20 11:30:38,198: Received the playground image. Detecting zones...
[rosout][INFO] 2017-06-20 11:30:38,214: Publishing the detected zones on /zones
[rosout][INFO] 2017-06-20 11:30:38,453: Received the playground image. Detecting zones...
[rosout][INFO] 2017-06-20 11:30:38,472: Publishing the detected zones on /zones
[rosout][INFO] 2017-06-20 11:30:38,942: Received the playground image. Detecting zones...
[rosout][INFO] 2017-06-20 11:30:38,953: Publishing the detected zones on /zones
[rosout][INFO] 2017-06-20 11:30:39,449: Received the playground image. Detecting zones...
[rosout][INFO] 2017-06-20 11:30:39,466: Publishing the detected zones on /zones
[rosout][INFO] 2017-06-20 11:30:39,698: Received the playground image. Detecting zones...
[rosout][INFO] 2017-06-20 11:30:39,710: Publishing the detected zones on /zones
[rosout][INFO] 2017-06-20 11:30:40,197: Received the playground image. Detecting zones...
[rosout][INFO] 2017-06-20 11:30:40,213: Publishing the detected zones on /zones
[rosout][INFO] 2017-06-20 11:30:41,205: Received the playground image. Detecting zones...
[rosout][INFO] 2017-06-20 11:30:41,221: Publishing the detected zones on /zones
[rosout][INFO] 2017-06-20 11:30:41,696: Received the playground image. Detecting zones...
[rosout][INFO] 2017-06-20 11:30:41,710: Publishing the detected zones on /zones
[rosout][INFO] 2017-06-20 11:30:41,937: Received the playground image. Detecting zones...
[rosout][INFO] 2017-06-20 11:30:41,949: Publishing the detected zones on /zones
[rosout][INFO] 2017-06-20 11:30:42,438: Received the playground image. Detecting zones...
[rosout][INFO] 2017-06-20 11:30:42,453: Publishing the detected zones on /zones
[rosout][INFO] 2017-06-20 11:30:42,695: Received the playground image. Detecting zones...
[rosout][INFO] 2017-06-20 11:30:42,709: Publishing the detected zones on /zones
[rosout][INFO] 2017-06-20 11:30:43,193: Received the playground image. Detecting zones...
[rosout][INFO] 2017-06-20 11:30:43,207: Publishing the detected zones on /zones
[rosout][INFO] 2017-06-20 11:30:43,968: Received the playground image. Detecting zones...
[rosout][INFO] 2017-06-20 11:30:43,979: Publishing the detected zones on /zones
[rosout][INFO] 2017-06-20 11:30:44,703: Received the playground image. Detecting zones...
[rosout][INFO] 2017-06-20 11:30:44,715: Publishing the detected zones on /zones
[rosout][INFO] 2017-06-20 11:30:46,447: Received the playground image. Detecting zones...
[rosout][INFO] 2017-06-20 11:30:46,462: Publishing the detected zones on /zones
[rosout][INFO] 2017-06-20 11:30:46,702: Received the playground image. Detecting zones...
[rosout][INFO] 2017-06-20 11:30:46,714: Publishing the detected zones on /zones
[rosout][INFO] 2017-06-20 11:30:47,209: Received the playground image. Detecting zones...
[rosout][INFO] 2017-06-20 11:30:47,227: Publishing the detected zones on /zones
[rosout][INFO] 2017-06-20 11:30:47,450: Received the playground image. Detecting zones...
[rosout][INFO] 2017-06-20 11:30:47,466: Publishing the detected zones on /zones
[rosout][INFO] 2017-06-20 11:30:47,944: Received the playground image. Detecting zones...
[rosout][INFO] 2017-06-20 11:30:47,954: Publishing the detected zones on /zones
[rosout][INFO] 2017-06-20 11:30:48,704: Received the playground image. Detecting zones...
[rosout][INFO] 2017-06-20 11:30:48,718: Publishing the detected zones on /zones
[rosout][INFO] 2017-06-20 11:30:52,482: Received the playground image. Detecting zones...
[rosout][INFO] 2017-06-20 11:30:52,494: Publishing the detected zones on /zones
[rosout][INFO] 2017-06-20 11:30:53,215: Received the playground image. Detecting zones...
[rosout][INFO] 2017-06-20 11:30:53,228: Publishing the detected zones on /zones
[rosout][INFO] 2017-06-20 11:30:53,691: Received the playground image. Detecting zones...
[rosout][INFO] 2017-06-20 11:30:53,702: Publishing the detected zones on /zones
[rosout][INFO] 2017-06-20 11:30:55,032: Received the playground image. Detecting zones...
[rosout][INFO] 2017-06-20 11:30:55,047: Publishing the detected zones on /zones
[rosout][INFO] 2017-06-20 11:30:55,307: Received the playground image. Detecting zones...
[rosout][INFO] 2017-06-20 11:30:55,320: Publishing the detected zones on /zones
[rosout][INFO] 2017-06-20 11:30:55,547: Received the playground image. Detecting zones...
[rosout][INFO] 2017-06-20 11:30:55,562: Publishing the detected zones on /zones
[rosout][INFO] 2017-06-20 11:30:55,859: Received the playground image. Detecting zones...
[rosout][INFO] 2017-06-20 11:30:55,874: Publishing the detected zones on /zones
[rosout][INFO] 2017-06-20 11:30:56,260: Received the playground image. Detecting zones...
[rosout][INFO] 2017-06-20 11:30:56,273: Publishing the detected zones on /zones
[rosout][INFO] 2017-06-20 11:30:56,470: Received the playground image. Detecting zones...
[rosout][INFO] 2017-06-20 11:30:56,482: Publishing the detected zones on /zones
[rosout][INFO] 2017-06-20 11:30:56,773: Received the playground image. Detecting zones...
[rosout][INFO] 2017-06-20 11:30:56,787: Publishing the detected zones on /zones
[rosout][INFO] 2017-06-20 11:30:57,222: Received the playground image. Detecting zones...
[rosout][INFO] 2017-06-20 11:30:57,235: Publishing the detected zones on /zones
[rosout][INFO] 2017-06-20 11:30:58,041: Received the playground image. Detecting zones...
[rosout][INFO] 2017-06-20 11:30:58,055: Publishing the detected zones on /zones
[rosout][INFO] 2017-06-20 11:30:58,243: Received the playground image. Detecting zones...
[rosout][INFO] 2017-06-20 11:30:58,255: Publishing the detected zones on /zones
[rosout][INFO] 2017-06-20 11:30:58,568: Received the playground image. Detecting zones...
[rosout][INFO] 2017-06-20 11:30:58,581: Publishing the detected zones on /zones
[rosout][INFO] 2017-06-20 11:30:58,721: Received the playground image. Detecting zones...
[rosout][INFO] 2017-06-20 11:30:58,734: Publishing the detected zones on /zones
[rosout][INFO] 2017-06-20 11:30:58,954: Received the playground image. Detecting zones...
[rosout][INFO] 2017-06-20 11:30:58,967: Publishing the detected zones on /zones
[rosout][INFO] 2017-06-20 11:30:59,193: Received the playground image. Detecting zones...
[rosout][INFO] 2017-06-20 11:30:59,208: Publishing the detected zones on /zones
[rosout][INFO] 2017-06-20 11:31:00,715: Received the playground image. Detecting zones...
[rosout][INFO] 2017-06-20 11:31:00,726: Publishing the detected zones on /zones
[rosout][INFO] 2017-06-20 11:31:02,940: Received the playground image. Detecting zones...
[rosout][INFO] 2017-06-20 11:31:02,952: Publishing the detected zones on /zones
[rosout][INFO] 2017-06-20 11:31:03,483: Received the playground image. Detecting zones...
[rosout][INFO] 2017-06-20 11:31:03,497: Publishing the detected zones on /zones
[rosout][INFO] 2017-06-20 11:31:04,209: Received the playground image. Detecting zones...
[rosout][INFO] 2017-06-20 11:31:04,221: Publishing the detected zones on /zones
[rosout][INFO] 2017-06-20 11:31:04,470: Received the playground image. Detecting zones...
[rosout][INFO] 2017-06-20 11:31:04,484: Publishing the detected zones on /zones
[rosout][INFO] 2017-06-20 11:31:04,684: Received the playground image. Detecting zones...
[rosout][INFO] 2017-06-20 11:31:04,697: Publishing the detected zones on /zones
[rosout][INFO] 2017-06-20 11:31:04,963: Received the playground image. Detecting zones...
[rosout][INFO] 2017-06-20 11:31:04,975: Publishing the detected zones on /zones
[rosout][INFO] 2017-06-20 11:31:06,706: Received the playground image. Detecting zones...
[rosout][INFO] 2017-06-20 11:31:06,721: Publishing the detected zones on /zones
[rosout][INFO] 2017-06-20 11:31:06,989: Received the playground image. Detecting zones...
[rosout][INFO] 2017-06-20 11:31:07,003: Publishing the detected zones on /zones
[rosout][INFO] 2017-06-20 11:31:07,444: Received the playground image. Detecting zones...
[rosout][INFO] 2017-06-20 11:31:07,461: Publishing the detected zones on /zones
[rosout][INFO] 2017-06-20 11:31:13,697: Received the playground image. Detecting zones...
[rosout][INFO] 2017-06-20 11:31:13,710: Publishing the detected zones on /zones
[rosout][INFO] 2017-06-20 11:38:22,954: Received the playground image. Detecting zones...
[rosout][INFO] 2017-06-20 11:38:22,965: Publishing the detected zones on /zones
[rospy.internal][INFO] 2017-06-20 11:38:23,732: topic[/zones] adding connection to [/rosbag_record_freeplay_sandbox], count 0
[rospy.internal][INFO] 2017-06-20 11:38:24,226: topic[/zones] adding connection to [/sandbox_play], count 1
[rosout][INFO] 2017-06-20 11:39:45,984: Received the playground image. Detecting zones...
[rosout][INFO] 2017-06-20 11:39:46,010: Publishing the detected zones on /zones
[rosout][INFO] 2017-06-20 11:39:59,492: Received the playground image. Detecting zones...
[rosout][INFO] 2017-06-20 11:39:59,509: Publishing the detected zones on /zones
[rosout][INFO] 2017-06-20 11:40:07,225: Received the playground image. Detecting zones...
[rosout][INFO] 2017-06-20 11:40:07,246: Publishing the detected zones on /zones
[rosout][INFO] 2017-06-20 11:40:08,229: Received the playground image. Detecting zones...
[rosout][INFO] 2017-06-20 11:40:08,254: Publishing the detected zones on /zones
[rosout][INFO] 2017-06-20 11:40:40,977: Received the playground image. Detecting zones...
[rosout][INFO] 2017-06-20 11:40:40,997: Publishing the detected zones on /zones
[rosout][INFO] 2017-06-20 11:40:43,725: Received the playground image. Detecting zones...
[rosout][INFO] 2017-06-20 11:40:43,752: Publishing the detected zones on /zones
[rosout][INFO] 2017-06-20 11:40:44,978: Received the playground image. Detecting zones...
[rosout][INFO] 2017-06-20 11:40:45,008: Publishing the detected zones on /zones
[rosout][INFO] 2017-06-20 11:40:45,474: Received the playground image. Detecting zones...
[rosout][INFO] 2017-06-20 11:40:45,499: Publishing the detected zones on /zones
[rosout][INFO] 2017-06-20 11:40:45,984: Received the playground image. Detecting zones...
[rosout][INFO] 2017-06-20 11:40:46,001: Publishing the detected zones on /zones
[rosout][INFO] 2017-06-20 11:40:46,236: Received the playground image. Detecting zones...
[rosout][INFO] 2017-06-20 11:40:46,251: Publishing the detected zones on /zones
[rosout][INFO] 2017-06-20 11:40:46,472: Received the playground image. Detecting zones...
[rosout][INFO] 2017-06-20 11:40:46,487: Publishing the detected zones on /zones
[rosout][INFO] 2017-06-20 11:40:47,502: Received the playground image. Detecting zones...
[rosout][INFO] 2017-06-20 11:40:47,524: Publishing the detected zones on /zones
[rosout][INFO] 2017-06-20 11:40:48,214: Received the playground image. Detecting zones...
[rosout][INFO] 2017-06-20 11:40:48,230: Publishing the detected zones on /zones
[rosout][INFO] 2017-06-20 11:40:48,733: Received the playground image. Detecting zones...
[rosout][INFO] 2017-06-20 11:40:48,765: Publishing the detected zones on /zones
[rosout][INFO] 2017-06-20 11:40:49,215: Received the playground image. Detecting zones...
[rosout][INFO] 2017-06-20 11:40:49,232: Publishing the detected zones on /zones
[rosout][INFO] 2017-06-20 11:40:49,726: Received the playground image. Detecting zones...
[rosout][INFO] 2017-06-20 11:40:49,758: Publishing the detected zones on /zones
[rosout][INFO] 2017-06-20 11:40:50,241: Received the playground image. Detecting zones...
[rosout][INFO] 2017-06-20 11:40:50,265: Publishing the detected zones on /zones
[rosout][INFO] 2017-06-20 11:40:50,726: Received the playground image. Detecting zones...
[rosout][INFO] 2017-06-20 11:40:50,752: Publishing the detected zones on /zones
[rosout][INFO] 2017-06-20 11:40:50,975: Received the playground image. Detecting zones...
[rosout][INFO] 2017-06-20 11:40:51,003: Publishing the detected zones on /zones
[rosout][INFO] 2017-06-20 11:40:51,485: Received the playground image. Detecting zones...
[rosout][INFO] 2017-06-20 11:40:51,505: Publishing the detected zones on /zones
[rosout][INFO] 2017-06-20 11:40:51,735: Received the playground image. Detecting zones...
[rosout][INFO] 2017-06-20 11:40:51,761: Publishing the detected zones on /zones
[rosout][INFO] 2017-06-20 11:40:52,232: Received the playground image. Detecting zones...
[rosout][INFO] 2017-06-20 11:40:52,249: Publishing the detected zones on /zones
[rosout][INFO] 2017-06-20 11:40:52,733: Received the playground image. Detecting zones...
[rosout][INFO] 2017-06-20 11:40:52,759: Publishing the detected zones on /zones
[rosout][INFO] 2017-06-20 11:40:53,481: Received the playground image. Detecting zones...
[rosout][INFO] 2017-06-20 11:40:53,496: Publishing the detected zones on /zones
[rosout][INFO] 2017-06-20 11:40:54,013: Received the playground image. Detecting zones...
[rosout][INFO] 2017-06-20 11:40:54,033: Publishing the detected zones on /zones
[rosout][INFO] 2017-06-20 11:40:54,736: Received the playground image. Detecting zones...
[rosout][INFO] 2017-06-20 11:40:54,762: Publishing the detected zones on /zones
[rosout][INFO] 2017-06-20 11:40:55,223: Received the playground image. Detecting zones...
[rosout][INFO] 2017-06-20 11:40:55,241: Publishing the detected zones on /zones
[rosout][INFO] 2017-06-20 11:40:55,983: Received the playground image. Detecting zones...
[rosout][INFO] 2017-06-20 11:40:56,002: Publishing the detected zones on /zones
[rosout][INFO] 2017-06-20 11:40:56,243: Received the playground image. Detecting zones...
[rosout][INFO] 2017-06-20 11:40:56,261: Publishing the detected zones on /zones
[rosout][INFO] 2017-06-20 11:40:56,484: Received the playground image. Detecting zones...
[rosout][INFO] 2017-06-20 11:40:56,499: Publishing the detected zones on /zones
[rosout][INFO] 2017-06-20 11:40:56,977: Received the playground image. Detecting zones...
[rosout][INFO] 2017-06-20 11:40:56,995: Publishing the detected zones on /zones
[rosout][INFO] 2017-06-20 11:40:57,473: Received the playground image. Detecting zones...
[rosout][INFO] 2017-06-20 11:40:57,501: Publishing the detected zones on /zones
[rosout][INFO] 2017-06-20 11:40:57,983: Received the playground image. Detecting zones...
[rosout][INFO] 2017-06-20 11:40:58,007: Publishing the detected zones on /zones
[rosout][INFO] 2017-06-20 11:41:00,722: Received the playground image. Detecting zones...
[rosout][INFO] 2017-06-20 11:41:00,745: Publishing the detected zones on /zones
[rosout][INFO] 2017-06-20 11:41:06,493: Received the playground image. Detecting zones...
[rosout][INFO] 2017-06-20 11:41:06,518: Publishing the detected zones on /zones
[rosout][INFO] 2017-06-20 11:41:08,228: Received the playground image. Detecting zones...
[rosout][INFO] 2017-06-20 11:41:08,243: Publishing the detected zones on /zones
[rosout][INFO] 2017-06-20 11:41:09,725: Received the playground image. Detecting zones...
[rosout][INFO] 2017-06-20 11:41:09,747: Publishing the detected zones on /zones
[rosout][INFO] 2017-06-20 11:41:16,002: Received the playground image. Detecting zones...
[rosout][INFO] 2017-06-20 11:41:16,020: Publishing the detected zones on /zones
[rosout][INFO] 2017-06-20 11:41:18,521: Received the playground image. Detecting zones...
[rosout][INFO] 2017-06-20 11:41:18,543: Publishing the detected zones on /zones
[rosout][INFO] 2017-06-20 11:41:19,721: Received the playground image. Detecting zones...
[rosout][INFO] 2017-06-20 11:41:19,748: Publishing the detected zones on /zones
[rosout][INFO] 2017-06-20 11:41:22,728: Received the playground image. Detecting zones...
[rosout][INFO] 2017-06-20 11:41:22,750: Publishing the detected zones on /zones
[rosout][INFO] 2017-06-20 11:41:25,486: Received the playground image. Detecting zones...
[rosout][INFO] 2017-06-20 11:41:25,509: Publishing the detected zones on /zones
[rosout][INFO] 2017-06-20 11:41:25,974: Received the playground image. Detecting zones...
[rosout][INFO] 2017-06-20 11:41:26,001: Publishing the detected zones on /zones
[rosout][INFO] 2017-06-20 11:41:29,226: Received the playground image. Detecting zones...
[rosout][INFO] 2017-06-20 11:41:29,247: Publishing the detected zones on /zones
[rosout][INFO] 2017-06-20 11:41:30,468: Received the playground image. Detecting zones...
[rosout][INFO] 2017-06-20 11:41:30,491: Publishing the detected zones on /zones
[rosout][INFO] 2017-06-20 11:41:31,981: Received the playground image. Detecting zones...
[rosout][INFO] 2017-06-20 11:41:32,005: Publishing the detected zones on /zones
[rosout][INFO] 2017-06-20 11:41:32,457: Received the playground image. Detecting zones...
[rosout][INFO] 2017-06-20 11:41:32,475: Publishing the detected zones on /zones
[rosout][INFO] 2017-06-20 11:41:32,982: Received the playground image. Detecting zones...
[rosout][INFO] 2017-06-20 11:41:33,004: Publishing the detected zones on /zones
[rosout][INFO] 2017-06-20 11:41:33,472: Received the playground image. Detecting zones...
[rosout][INFO] 2017-06-20 11:41:33,495: Publishing the detected zones on /zones
[rosout][INFO] 2017-06-20 11:41:33,737: Received the playground image. Detecting zones...
[rosout][INFO] 2017-06-20 11:41:33,755: Publishing the detected zones on /zones
[rosout][INFO] 2017-06-20 11:41:36,024: Received the playground image. Detecting zones...
[rosout][INFO] 2017-06-20 11:41:36,050: Publishing the detected zones on /zones
[rosout][INFO] 2017-06-20 11:41:36,274: Received the playground image. Detecting zones...
[rosout][INFO] 2017-06-20 11:41:36,299: Publishing the detected zones on /zones
[rosout][INFO] 2017-06-20 11:41:36,555: Received the playground image. Detecting zones...
[rosout][INFO] 2017-06-20 11:41:36,579: Publishing the detected zones on /zones
[rosout][INFO] 2017-06-20 11:41:36,836: Received the playground image. Detecting zones...
[rosout][INFO] 2017-06-20 11:41:36,866: Publishing the detected zones on /zones
[rosout][INFO] 2017-06-20 11:41:37,067: Received the playground image. Detecting zones...
[rosout][INFO] 2017-06-20 11:41:37,098: Publishing the detected zones on /zones
[rosout][INFO] 2017-06-20 11:41:37,226: Received the playground image. Detecting zones...
[rosout][INFO] 2017-06-20 11:41:37,244: Publishing the detected zones on /zones
[rosout][INFO] 2017-06-20 11:41:48,242: Received the playground image. Detecting zones...
[rosout][INFO] 2017-06-20 11:41:48,266: Publishing the detected zones on /zones
[rosout][INFO] 2017-06-20 11:41:49,235: Received the playground image. Detecting zones...
[rosout][INFO] 2017-06-20 11:41:49,256: Publishing the detected zones on /zones
[rosout][INFO] 2017-06-20 11:41:49,988: Received the playground image. Detecting zones...
[rosout][INFO] 2017-06-20 11:41:50,016: Publishing the detected zones on /zones
[rosout][INFO] 2017-06-20 11:41:50,222: Received the playground image. Detecting zones...
[rosout][INFO] 2017-06-20 11:41:50,246: Publishing the detected zones on /zones
[rosout][INFO] 2017-06-20 11:41:51,725: Received the playground image. Detecting zones...
[rosout][INFO] 2017-06-20 11:41:51,747: Publishing the detected zones on /zones
[rosout][INFO] 2017-06-20 11:41:55,762: Received the playground image. Detecting zones...
[rosout][INFO] 2017-06-20 11:41:55,782: Publishing the detected zones on /zones
[rosout][INFO] 2017-06-20 11:41:56,487: Received the playground image. Detecting zones...
[rosout][INFO] 2017-06-20 11:41:56,510: Publishing the detected zones on /zones
[rosout][INFO] 2017-06-20 11:41:58,234: Received the playground image. Detecting zones...
[rosout][INFO] 2017-06-20 11:41:58,252: Publishing the detected zones on /zones
[rosout][INFO] 2017-06-20 11:41:59,227: Received the playground image. Detecting zones...
[rosout][INFO] 2017-06-20 11:41:59,248: Publishing the detected zones on /zones
[rosout][INFO] 2017-06-20 11:42:00,466: Received the playground image. Detecting zones...
[rosout][INFO] 2017-06-20 11:42:00,485: Publishing the detected zones on /zones
[rosout][INFO] 2017-06-20 11:42:01,496: Received the playground image. Detecting zones...
[rosout][INFO] 2017-06-20 11:42:01,516: Publishing the detected zones on /zones
[rosout][INFO] 2017-06-20 11:42:02,236: Received the playground image. Detecting zones...
[rosout][INFO] 2017-06-20 11:42:02,257: Publishing the detected zones on /zones
[rosout][INFO] 2017-06-20 11:42:02,728: Received the playground image. Detecting zones...
[rosout][INFO] 2017-06-20 11:42:02,762: Publishing the detected zones on /zones
[rosout][INFO] 2017-06-20 11:42:02,960: Received the playground image. Detecting zones...
[rosout][INFO] 2017-06-20 11:42:02,977: Publishing the detected zones on /zones
[rosout][INFO] 2017-06-20 11:42:51,994: Received the playground image. Detecting zones...
[rosout][INFO] 2017-06-20 11:42:52,018: Publishing the detected zones on /zones
[rosout][INFO] 2017-06-20 11:42:53,476: Received the playground image. Detecting zones...
[rosout][INFO] 2017-06-20 11:42:53,499: Publishing the detected zones on /zones
[rosout][INFO] 2017-06-20 11:43:06,479: Received the playground image. Detecting zones...
[rosout][INFO] 2017-06-20 11:43:06,497: Publishing the detected zones on /zones
[rosout][INFO] 2017-06-20 11:43:09,214: Received the playground image. Detecting zones...
[rosout][INFO] 2017-06-20 11:43:09,230: Publishing the detected zones on /zones
[rosout][INFO] 2017-06-20 11:43:11,018: Received the playground image. Detecting zones...
[rosout][INFO] 2017-06-20 11:43:11,034: Publishing the detected zones on /zones
[rosout][INFO] 2017-06-20 11:43:12,977: Received the playground image. Detecting zones...
[rosout][INFO] 2017-06-20 11:43:13,003: Publishing the detected zones on /zones
[rosout][INFO] 2017-06-20 11:43:28,482: Received the playground image. Detecting zones...
[rosout][INFO] 2017-06-20 11:43:28,511: Publishing the detected zones on /zones
[rosout][INFO] 2017-06-20 11:43:30,977: Received the playground image. Detecting zones...
[rosout][INFO] 2017-06-20 11:43:30,995: Publishing the detected zones on /zones
[rosout][INFO] 2017-06-20 11:43:31,981: Received the playground image. Detecting zones...
[rosout][INFO] 2017-06-20 11:43:32,004: Publishing the detected zones on /zones
[rosout][INFO] 2017-06-20 11:43:34,210: Received the playground image. Detecting zones...
[rosout][INFO] 2017-06-20 11:43:34,231: Publishing the detected zones on /zones
[rosout][INFO] 2017-06-20 11:43:43,227: Received the playground image. Detecting zones...
[rosout][INFO] 2017-06-20 11:43:43,258: Publishing the detected zones on /zones
[rosout][INFO] 2017-06-20 11:43:44,721: Received the playground image. Detecting zones...
[rosout][INFO] 2017-06-20 11:43:44,744: Publishing the detected zones on /zones
[rosout][INFO] 2017-06-20 11:43:48,214: Received the playground image. Detecting zones...
[rosout][INFO] 2017-06-20 11:43:48,255: Publishing the detected zones on /zones
[rosout][INFO] 2017-06-20 11:43:48,986: Received the playground image. Detecting zones...
[rosout][INFO] 2017-06-20 11:43:49,006: Publishing the detected zones on /zones
[rosout][INFO] 2017-06-20 11:43:49,713: Received the playground image. Detecting zones...
[rosout][INFO] 2017-06-20 11:43:49,742: Publishing the detected zones on /zones
[rosout][INFO] 2017-06-20 11:43:50,991: Received the playground image. Detecting zones...
[rosout][INFO] 2017-06-20 11:43:51,011: Publishing the detected zones on /zones
[rosout][INFO] 2017-06-20 11:43:54,970: Received the playground image. Detecting zones...
[rosout][INFO] 2017-06-20 11:43:54,999: Publishing the detected zones on /zones
[rosout][INFO] 2017-06-20 11:43:57,980: Received the playground image. Detecting zones...
[rosout][INFO] 2017-06-20 11:43:58,005: Publishing the detected zones on /zones
[rosout][INFO] 2017-06-20 11:43:58,259: Received the playground image. Detecting zones...
[rosout][INFO] 2017-06-20 11:43:58,281: Publishing the detected zones on /zones
[rosout][INFO] 2017-06-20 11:43:59,227: Received the playground image. Detecting zones...
[rosout][INFO] 2017-06-20 11:43:59,251: Publishing the detected zones on /zones
[rosout][INFO] 2017-06-20 11:43:59,750: Received the playground image. Detecting zones...
[rosout][INFO] 2017-06-20 11:43:59,790: Publishing the detected zones on /zones
[rosout][INFO] 2017-06-20 11:44:00,465: Received the playground image. Detecting zones...
[rosout][INFO] 2017-06-20 11:44:00,484: Publishing the detected zones on /zones
[rosout][INFO] 2017-06-20 11:44:03,742: Received the playground image. Detecting zones...
[rosout][INFO] 2017-06-20 11:44:03,763: Publishing the detected zones on /zones
[rosout][INFO] 2017-06-20 11:44:05,228: Received the playground image. Detecting zones...
[rosout][INFO] 2017-06-20 11:44:05,259: Publishing the detected zones on /zones
[rosout][INFO] 2017-06-20 11:44:07,730: Received the playground image. Detecting zones...
[rosout][INFO] 2017-06-20 11:44:07,752: Publishing the detected zones on /zones
[rosout][INFO] 2017-06-20 11:44:09,743: Received the playground image. Detecting zones...
[rosout][INFO] 2017-06-20 11:44:09,765: Publishing the detected zones on /zones
[rosout][INFO] 2017-06-20 11:44:14,232: Received the playground image. Detecting zones...
[rosout][INFO] 2017-06-20 11:44:14,250: Publishing the detected zones on /zones
[rosout][INFO] 2017-06-20 11:44:15,237: Received the playground image. Detecting zones...
[rosout][INFO] 2017-06-20 11:44:15,261: Publishing the detected zones on /zones
[rosout][INFO] 2017-06-20 11:44:16,270: Received the playground image. Detecting zones...
[rosout][INFO] 2017-06-20 11:44:16,285: Publishing the detected zones on /zones
[rosout][INFO] 2017-06-20 11:44:18,232: Received the playground image. Detecting zones...
[rosout][INFO] 2017-06-20 11:44:18,248: Publishing the detected zones on /zones
[rosout][INFO] 2017-06-20 11:44:20,723: Received the playground image. Detecting zones...
[rosout][INFO] 2017-06-20 11:44:20,749: Publishing the detected zones on /zones
[rosout][INFO] 2017-06-20 11:44:21,497: Received the playground image. Detecting zones...
[rosout][INFO] 2017-06-20 11:44:21,514: Publishing the detected zones on /zones
[rosout][INFO] 2017-06-20 11:44:42,256: Received the playground image. Detecting zones...
[rosout][INFO] 2017-06-20 11:44:42,286: Publishing the detected zones on /zones
[rosout][INFO] 2017-06-20 11:44:43,488: Received the playground image. Detecting zones...
[rosout][INFO] 2017-06-20 11:44:43,510: Publishing the detected zones on /zones
[rosout][INFO] 2017-06-20 11:44:44,490: Received the playground image. Detecting zones...
[rosout][INFO] 2017-06-20 11:44:44,507: Publishing the detected zones on /zones
[rosout][INFO] 2017-06-20 11:44:50,490: Received the playground image. Detecting zones...
[rosout][INFO] 2017-06-20 11:44:50,510: Publishing the detected zones on /zones
[rosout][INFO] 2017-06-20 11:44:51,249: Received the playground image. Detecting zones...
[rosout][INFO] 2017-06-20 11:44:51,265: Publishing the detected zones on /zones
[rosout][INFO] 2017-06-20 11:44:52,991: Received the playground image. Detecting zones...
[rosout][INFO] 2017-06-20 11:44:53,016: Publishing the detected zones on /zones
[rosout][INFO] 2017-06-20 11:44:53,721: Received the playground image. Detecting zones...
[rosout][INFO] 2017-06-20 11:44:53,741: Publishing the detected zones on /zones
[rosout][INFO] 2017-06-20 11:45:02,232: Received the playground image. Detecting zones...
[rosout][INFO] 2017-06-20 11:45:02,251: Publishing the detected zones on /zones
[rosout][INFO] 2017-06-20 11:45:06,760: Received the playground image. Detecting zones...
[rosout][INFO] 2017-06-20 11:45:06,778: Publishing the detected zones on /zones
[rosout][INFO] 2017-06-20 11:45:25,775: Received the playground image. Detecting zones...
[rosout][INFO] 2017-06-20 11:45:25,794: Publishing the detected zones on /zones
[rosout][INFO] 2017-06-20 11:45:28,491: Received the playground image. Detecting zones...
[rosout][INFO] 2017-06-20 11:45:28,508: Publishing the detected zones on /zones
[rosout][INFO] 2017-06-20 11:45:29,473: Received the playground image. Detecting zones...
[rosout][INFO] 2017-06-20 11:45:29,490: Publishing the detected zones on /zones
[rosout][INFO] 2017-06-20 11:45:46,237: Received the playground image. Detecting zones...
[rosout][INFO] 2017-06-20 11:45:46,256: Publishing the detected zones on /zones
[rosout][INFO] 2017-06-20 11:45:48,978: Received the playground image. Detecting zones...
[rosout][INFO] 2017-06-20 11:45:49,010: Publishing the detected zones on /zones
[rosout][INFO] 2017-06-20 11:45:51,007: Received the playground image. Detecting zones...
[rosout][INFO] 2017-06-20 11:45:51,029: Publishing the detected zones on /zones
[rosout][INFO] 2017-06-20 11:45:51,988: Received the playground image. Detecting zones...
[rosout][INFO] 2017-06-20 11:45:52,013: Publishing the detected zones on /zones
[rosout][INFO] 2017-06-20 11:45:55,486: Received the playground image. Detecting zones...
[rosout][INFO] 2017-06-20 11:45:55,512: Publishing the detected zones on /zones
[rosout][INFO] 2017-06-20 11:45:57,515: Received the playground image. Detecting zones...
[rosout][INFO] 2017-06-20 11:45:57,536: Publishing the detected zones on /zones
[rosout][INFO] 2017-06-20 11:45:57,974: Received the playground image. Detecting zones...
[rosout][INFO] 2017-06-20 11:45:58,004: Publishing the detected zones on /zones
[rosout][INFO] 2017-06-20 11:45:59,504: Received the playground image. Detecting zones...
[rosout][INFO] 2017-06-20 11:45:59,540: Publishing the detected zones on /zones
[rosout][INFO] 2017-06-20 11:46:04,004: Received the playground image. Detecting zones...
[rosout][INFO] 2017-06-20 11:46:04,024: Publishing the detected zones on /zones
[rosout][INFO] 2017-06-20 11:46:23,475: Received the playground image. Detecting zones...
[rosout][INFO] 2017-06-20 11:46:23,497: Publishing the detected zones on /zones
[rosout][INFO] 2017-06-20 11:46:27,479: Received the playground image. Detecting zones...
[rosout][INFO] 2017-06-20 11:46:27,500: Publishing the detected zones on /zones
[rosout][INFO] 2017-06-20 11:46:29,735: Received the playground image. Detecting zones...
[rosout][INFO] 2017-06-20 11:46:29,763: Publishing the detected zones on /zones
[rosout][INFO] 2017-06-20 11:46:33,483: Received the playground image. Detecting zones...
[rosout][INFO] 2017-06-20 11:46:33,512: Publishing the detected zones on /zones
[rosout][INFO] 2017-06-20 11:46:33,978: Received the playground image. Detecting zones...
[rosout][INFO] 2017-06-20 11:46:34,001: Publishing the detected zones on /zones
[rosout][INFO] 2017-06-20 11:46:35,220: Received the playground image. Detecting zones...
[rosout][INFO] 2017-06-20 11:46:35,238: Publishing the detected zones on /zones
[rosout][INFO] 2017-06-20 11:46:58,728: Received the playground image. Detecting zones...
[rosout][INFO] 2017-06-20 11:46:58,758: Publishing the detected zones on /zones
[rosout][INFO] 2017-06-20 11:46:58,993: Received the playground image. Detecting zones...
[rosout][INFO] 2017-06-20 11:46:59,019: Publishing the detected zones on /zones
[rosout][INFO] 2017-06-20 11:47:00,477: Received the playground image. Detecting zones...
[rosout][INFO] 2017-06-20 11:47:00,494: Publishing the detected zones on /zones
[rosout][INFO] 2017-06-20 11:47:01,238: Received the playground image. Detecting zones...
[rosout][INFO] 2017-06-20 11:47:01,265: Publishing the detected zones on /zones
[rosout][INFO] 2017-06-20 11:47:02,255: Received the playground image. Detecting zones...
[rosout][INFO] 2017-06-20 11:47:02,273: Publishing the detected zones on /zones
[rosout][INFO] 2017-06-20 11:47:11,510: Received the playground image. Detecting zones...
[rosout][INFO] 2017-06-20 11:47:11,533: Publishing the detected zones on /zones
[rosout][INFO] 2017-06-20 11:47:25,780: Received the playground image. Detecting zones...
[rosout][INFO] 2017-06-20 11:47:25,813: Publishing the detected zones on /zones
[rospy.internal][INFO] 2017-06-20 11:47:49,853: topic[/zones] removing connection to /sandbox_play
[rosout][WARNING] 2017-06-20 11:47:50,562: Inbound TCP/IP connection failed: connection from sender terminated before handshake header received. 0 bytes were received. Please check sender for additional details.
[rospy.internal][ERROR] 2017-06-20 11:47:50,562: Inbound TCP/IP connection failed:
Traceback (most recent call last):
  File "/opt/ros/kinetic/lib/python2.7/dist-packages/rospy/impl/tcpros_base.py", line 321, in _tcp_server_callback
    header = read_ros_handshake_header(sock, StringIO(), buff_size)
  File "/opt/ros/kinetic/lib/python2.7/dist-packages/rosgraph/network.py", line 364, in read_ros_handshake_header
    raise ROSHandshakeException("connection from sender terminated before handshake header received. %s bytes were received. Please check sender for additional details."%b.tell())
ROSHandshakeException: connection from sender terminated before handshake header received. 0 bytes were received. Please check sender for additional details.

[rospy.internal][INFO] 2017-06-20 11:47:59,859: topic[/zones] removing connection to /rosbag_record_freeplay_sandbox
[rospy.core][INFO] 2017-06-20 11:48:14,190: signal_shutdown [signal-15]
[rospy.internal][INFO] 2017-06-20 11:48:14,195: topic[/rosout] removing connection to /rosout
[rospy.internal][INFO] 2017-06-20 11:48:14,196: topic[/sandtray/background/image] removing connection to http://sandtray-hrilab:37217/
[rospy.internal][INFO] 2017-06-20 11:48:14,196: topic[/sandtray/background/camera_info] removing connection to http://sandtray-hrilab:37217/
[rospy.impl.masterslave][INFO] 2017-06-20 11:48:14,196: signal-15
[rospy.core][INFO] 2017-06-20 11:48:14,236: signal_shutdown [signal-2]
[rospy.core][INFO] 2017-06-20 11:48:14,236: signal_shutdown [atexit]
