[rospy.client][INFO] 2017-06-13 11:00:09,145: init_node, name[/sandbox_zones_from_image], pid[9096]
[xmlrpc][INFO] 2017-06-13 11:00:09,146: XML-RPC server binding to 0.0.0.0:0
[xmlrpc][INFO] 2017-06-13 11:00:09,146: Started XML-RPC server [http://sandtray-hrilab:42199/]
[rospy.init][INFO] 2017-06-13 11:00:09,146: ROS Slave URI: [http://sandtray-hrilab:42199/]
[rospy.impl.masterslave][INFO] 2017-06-13 11:00:09,146: _ready: http://sandtray-hrilab:42199/
[rospy.registration][INFO] 2017-06-13 11:00:09,147: Registering with master node http://localhost:11311
[xmlrpc][INFO] 2017-06-13 11:00:09,147: xml rpc node: starting XML-RPC server
[rospy.init][INFO] 2017-06-13 11:00:09,247: registered with master
[rospy.rosout][INFO] 2017-06-13 11:00:09,247: initializing /rosout core topic
[rospy.rosout][INFO] 2017-06-13 11:00:09,249: connected to core topic /rosout
[rospy.simtime][INFO] 2017-06-13 11:00:09,250: /use_sim_time is not set, will not subscribe to simulated time [/clock] topic
[rosout][INFO] 2017-06-13 11:00:09,263: Waiting for images of the playground
[rospy.internal][INFO] 2017-06-13 11:00:09,264: topic[/sandtray/background/image] adding connection to [http://sandtray-hrilab:36981/], count 0
[rospy.internal][INFO] 2017-06-13 11:00:09,265: topic[/sandtray/background/camera_info] adding connection to [http://sandtray-hrilab:36981/], count 0
[rosout][INFO] 2017-06-13 11:00:09,281: Received the playground image. Detecting zones...
[rosout][INFO] 2017-06-13 11:00:09,301: Publishing the detected zones on /zones
[rospy.internal][INFO] 2017-06-13 11:00:09,457: topic[/rosout] adding connection to [/rosout], count 0
[rosout][INFO] 2017-06-13 11:02:30,088: Received the playground image. Detecting zones...
[rosout][INFO] 2017-06-13 11:02:30,100: Publishing the detected zones on /zones
[rosout][INFO] 2017-06-13 11:02:57,314: Received the playground image. Detecting zones...
[rosout][INFO] 2017-06-13 11:02:57,330: Publishing the detected zones on /zones
[rosout][INFO] 2017-06-13 11:03:14,801: Received the playground image. Detecting zones...
[rosout][INFO] 2017-06-13 11:03:14,817: Publishing the detected zones on /zones
[rosout][INFO] 2017-06-13 11:03:18,587: Received the playground image. Detecting zones...
[rosout][INFO] 2017-06-13 11:03:18,604: Publishing the detected zones on /zones
[rosout][INFO] 2017-06-13 11:03:19,070: Received the playground image. Detecting zones...
[rosout][INFO] 2017-06-13 11:03:19,088: Publishing the detected zones on /zones
[rosout][INFO] 2017-06-13 11:03:19,325: Received the playground image. Detecting zones...
[rosout][INFO] 2017-06-13 11:03:19,344: Publishing the detected zones on /zones
[rosout][INFO] 2017-06-13 11:03:19,819: Received the playground image. Detecting zones...
[rosout][INFO] 2017-06-13 11:03:19,833: Publishing the detected zones on /zones
[rosout][INFO] 2017-06-13 11:03:20,057: Received the playground image. Detecting zones...
[rosout][INFO] 2017-06-13 11:03:20,069: Publishing the detected zones on /zones
[rosout][INFO] 2017-06-13 11:03:25,570: Received the playground image. Detecting zones...
[rosout][INFO] 2017-06-13 11:03:25,586: Publishing the detected zones on /zones
[rosout][INFO] 2017-06-13 11:03:57,307: Received the playground image. Detecting zones...
[rosout][INFO] 2017-06-13 11:03:57,319: Publishing the detected zones on /zones
[rosout][INFO] 2017-06-13 11:11:08,816: Received the playground image. Detecting zones...
[rosout][INFO] 2017-06-13 11:11:08,828: Publishing the detected zones on /zones
[rospy.internal][INFO] 2017-06-13 11:11:09,260: topic[/zones] adding connection to [/rosbag_record_freeplay_sandbox], count 0
[rosout][INFO] 2017-06-13 11:11:20,935: Received the playground image. Detecting zones...
[rosout][INFO] 2017-06-13 11:11:20,959: Publishing the detected zones on /zones
[rosout][INFO] 2017-06-13 11:11:22,431: Received the playground image. Detecting zones...
[rosout][INFO] 2017-06-13 11:11:22,454: Publishing the detected zones on /zones
[rosout][INFO] 2017-06-13 11:11:44,214: Received the playground image. Detecting zones...
[rosout][INFO] 2017-06-13 11:11:44,235: Publishing the detected zones on /zones
[rosout][INFO] 2017-06-13 11:11:49,228: Received the playground image. Detecting zones...
[rosout][INFO] 2017-06-13 11:11:49,246: Publishing the detected zones on /zones
[rosout][INFO] 2017-06-13 11:11:54,186: Received the playground image. Detecting zones...
[rosout][INFO] 2017-06-13 11:11:54,209: Publishing the detected zones on /zones
[rosout][INFO] 2017-06-13 11:12:02,946: Received the playground image. Detecting zones...
[rosout][INFO] 2017-06-13 11:12:02,973: Publishing the detected zones on /zones
[rosout][INFO] 2017-06-13 11:12:03,192: Received the playground image. Detecting zones...
[rosout][INFO] 2017-06-13 11:12:03,218: Publishing the detected zones on /zones
[rosout][INFO] 2017-06-13 11:12:06,920: Received the playground image. Detecting zones...
[rosout][INFO] 2017-06-13 11:12:06,937: Publishing the detected zones on /zones
[rosout][INFO] 2017-06-13 11:12:09,443: Received the playground image. Detecting zones...
[rosout][INFO] 2017-06-13 11:12:09,476: Publishing the detected zones on /zones
[rosout][INFO] 2017-06-13 11:12:11,168: Received the playground image. Detecting zones...
[rosout][INFO] 2017-06-13 11:12:11,195: Publishing the detected zones on /zones
[rosout][INFO] 2017-06-13 11:12:40,923: Received the playground image. Detecting zones...
[rosout][INFO] 2017-06-13 11:12:40,943: Publishing the detected zones on /zones
[rosout][INFO] 2017-06-13 11:12:46,913: Received the playground image. Detecting zones...
[rosout][INFO] 2017-06-13 11:12:46,946: Publishing the detected zones on /zones
[rosout][INFO] 2017-06-13 11:12:48,931: Received the playground image. Detecting zones...
[rosout][INFO] 2017-06-13 11:12:48,951: Publishing the detected zones on /zones
[rosout][INFO] 2017-06-13 11:12:51,661: Received the playground image. Detecting zones...
[rosout][INFO] 2017-06-13 11:12:51,679: Publishing the detected zones on /zones
[rosout][INFO] 2017-06-13 11:12:51,932: Received the playground image. Detecting zones...
[rosout][INFO] 2017-06-13 11:12:51,951: Publishing the detected zones on /zones
[rosout][INFO] 2017-06-13 11:12:52,174: Received the playground image. Detecting zones...
[rosout][INFO] 2017-06-13 11:12:52,197: Publishing the detected zones on /zones
[rosout][INFO] 2017-06-13 11:12:53,398: Received the playground image. Detecting zones...
[rosout][INFO] 2017-06-13 11:12:53,418: Publishing the detected zones on /zones
[rosout][INFO] 2017-06-13 11:12:59,472: Received the playground image. Detecting zones...
[rosout][INFO] 2017-06-13 11:12:59,488: Publishing the detected zones on /zones
[rosout][INFO] 2017-06-13 11:12:59,695: Received the playground image. Detecting zones...
[rosout][INFO] 2017-06-13 11:12:59,722: Publishing the detected zones on /zones
[rosout][INFO] 2017-06-13 11:13:00,938: Received the playground image. Detecting zones...
[rosout][INFO] 2017-06-13 11:13:00,961: Publishing the detected zones on /zones
[rosout][INFO] 2017-06-13 11:13:02,447: Received the playground image. Detecting zones...
[rosout][INFO] 2017-06-13 11:13:02,465: Publishing the detected zones on /zones
[rosout][INFO] 2017-06-13 11:13:05,184: Received the playground image. Detecting zones...
[rosout][INFO] 2017-06-13 11:13:05,220: Publishing the detected zones on /zones
[rosout][INFO] 2017-06-13 11:13:06,196: Received the playground image. Detecting zones...
[rosout][INFO] 2017-06-13 11:13:06,226: Publishing the detected zones on /zones
[rosout][INFO] 2017-06-13 11:13:08,672: Received the playground image. Detecting zones...
[rosout][INFO] 2017-06-13 11:13:08,698: Publishing the detected zones on /zones
[rosout][INFO] 2017-06-13 11:13:09,447: Received the playground image. Detecting zones...
[rosout][INFO] 2017-06-13 11:13:09,472: Publishing the detected zones on /zones
[rosout][INFO] 2017-06-13 11:13:16,900: Received the playground image. Detecting zones...
[rosout][INFO] 2017-06-13 11:13:16,930: Publishing the detected zones on /zones
[rosout][INFO] 2017-06-13 11:13:21,689: Received the playground image. Detecting zones...
[rosout][INFO] 2017-06-13 11:13:21,718: Publishing the detected zones on /zones
[rosout][INFO] 2017-06-13 11:13:22,438: Received the playground image. Detecting zones...
[rosout][INFO] 2017-06-13 11:13:22,457: Publishing the detected zones on /zones
[rosout][INFO] 2017-06-13 11:13:22,937: Received the playground image. Detecting zones...
[rosout][INFO] 2017-06-13 11:13:22,959: Publishing the detected zones on /zones
[rosout][INFO] 2017-06-13 11:13:24,157: Received the playground image. Detecting zones...
[rosout][INFO] 2017-06-13 11:13:24,173: Publishing the detected zones on /zones
[rosout][INFO] 2017-06-13 11:13:25,157: Received the playground image. Detecting zones...
[rosout][INFO] 2017-06-13 11:13:25,175: Publishing the detected zones on /zones
[rosout][INFO] 2017-06-13 11:13:26,436: Received the playground image. Detecting zones...
[rosout][INFO] 2017-06-13 11:13:26,457: Publishing the detected zones on /zones
[rosout][INFO] 2017-06-13 11:13:27,167: Received the playground image. Detecting zones...
[rosout][INFO] 2017-06-13 11:13:27,187: Publishing the detected zones on /zones
[rosout][INFO] 2017-06-13 11:13:27,893: Received the playground image. Detecting zones...
[rosout][INFO] 2017-06-13 11:13:27,917: Publishing the detected zones on /zones
[rosout][INFO] 2017-06-13 11:13:28,478: Received the playground image. Detecting zones...
[rosout][INFO] 2017-06-13 11:13:28,502: Publishing the detected zones on /zones
[rosout][INFO] 2017-06-13 11:13:29,449: Received the playground image. Detecting zones...
[rosout][INFO] 2017-06-13 11:13:29,477: Publishing the detected zones on /zones
[rosout][INFO] 2017-06-13 11:13:34,915: Received the playground image. Detecting zones...
[rosout][INFO] 2017-06-13 11:13:34,935: Publishing the detected zones on /zones
[rosout][INFO] 2017-06-13 11:13:36,220: Received the playground image. Detecting zones...
[rosout][INFO] 2017-06-13 11:13:36,243: Publishing the detected zones on /zones
[rosout][INFO] 2017-06-13 11:13:37,471: Received the playground image. Detecting zones...
[rosout][INFO] 2017-06-13 11:13:37,517: Publishing the detected zones on /zones
[rosout][INFO] 2017-06-13 11:13:38,683: Received the playground image. Detecting zones...
[rosout][INFO] 2017-06-13 11:13:38,702: Publishing the detected zones on /zones
[rosout][INFO] 2017-06-13 11:13:40,667: Received the playground image. Detecting zones...
[rosout][INFO] 2017-06-13 11:13:40,689: Publishing the detected zones on /zones
[rosout][INFO] 2017-06-13 11:13:48,457: Received the playground image. Detecting zones...
[rosout][INFO] 2017-06-13 11:13:48,483: Publishing the detected zones on /zones
[rosout][INFO] 2017-06-13 11:13:52,676: Received the playground image. Detecting zones...
[rosout][INFO] 2017-06-13 11:13:52,705: Publishing the detected zones on /zones
[rosout][INFO] 2017-06-13 11:13:55,431: Received the playground image. Detecting zones...
[rosout][INFO] 2017-06-13 11:13:55,455: Publishing the detected zones on /zones
[rosout][INFO] 2017-06-13 11:13:56,917: Received the playground image. Detecting zones...
[rosout][INFO] 2017-06-13 11:13:56,953: Publishing the detected zones on /zones
[rosout][INFO] 2017-06-13 11:13:58,435: Received the playground image. Detecting zones...
[rosout][INFO] 2017-06-13 11:13:58,459: Publishing the detected zones on /zones
[rosout][INFO] 2017-06-13 11:14:04,192: Received the playground image. Detecting zones...
[rosout][INFO] 2017-06-13 11:14:04,216: Publishing the detected zones on /zones
[rosout][INFO] 2017-06-13 11:14:08,938: Received the playground image. Detecting zones...
[rosout][INFO] 2017-06-13 11:14:08,960: Publishing the detected zones on /zones
[rosout][INFO] 2017-06-13 11:14:09,908: Received the playground image. Detecting zones...
[rosout][INFO] 2017-06-13 11:14:09,926: Publishing the detected zones on /zones
[rosout][INFO] 2017-06-13 11:14:10,435: Received the playground image. Detecting zones...
[rosout][INFO] 2017-06-13 11:14:10,455: Publishing the detected zones on /zones
[rosout][INFO] 2017-06-13 11:14:11,423: Received the playground image. Detecting zones...
[rosout][INFO] 2017-06-13 11:14:11,448: Publishing the detected zones on /zones
[rosout][INFO] 2017-06-13 11:14:16,907: Received the playground image. Detecting zones...
[rosout][INFO] 2017-06-13 11:14:16,930: Publishing the detected zones on /zones
[rosout][INFO] 2017-06-13 11:14:17,668: Received the playground image. Detecting zones...
[rosout][INFO] 2017-06-13 11:14:17,688: Publishing the detected zones on /zones
[rosout][INFO] 2017-06-13 11:14:21,935: Received the playground image. Detecting zones...
[rosout][INFO] 2017-06-13 11:14:21,957: Publishing the detected zones on /zones
[rosout][INFO] 2017-06-13 11:14:34,698: Received the playground image. Detecting zones...
[rosout][INFO] 2017-06-13 11:14:34,716: Publishing the detected zones on /zones
[rosout][INFO] 2017-06-13 11:14:35,710: Received the playground image. Detecting zones...
[rosout][INFO] 2017-06-13 11:14:35,729: Publishing the detected zones on /zones
[rosout][INFO] 2017-06-13 11:14:36,903: Received the playground image. Detecting zones...
[rosout][INFO] 2017-06-13 11:14:36,921: Publishing the detected zones on /zones
[rosout][INFO] 2017-06-13 11:14:48,174: Received the playground image. Detecting zones...
[rosout][INFO] 2017-06-13 11:14:48,197: Publishing the detected zones on /zones
[rosout][INFO] 2017-06-13 11:14:51,711: Received the playground image. Detecting zones...
[rosout][INFO] 2017-06-13 11:14:51,727: Publishing the detected zones on /zones
[rosout][INFO] 2017-06-13 11:14:59,459: Received the playground image. Detecting zones...
[rosout][INFO] 2017-06-13 11:14:59,482: Publishing the detected zones on /zones
[rosout][INFO] 2017-06-13 11:15:00,469: Received the playground image. Detecting zones...
[rosout][INFO] 2017-06-13 11:15:00,504: Publishing the detected zones on /zones
[rosout][INFO] 2017-06-13 11:15:01,439: Received the playground image. Detecting zones...
[rosout][INFO] 2017-06-13 11:15:01,464: Publishing the detected zones on /zones
[rosout][INFO] 2017-06-13 11:15:09,464: Received the playground image. Detecting zones...
[rosout][INFO] 2017-06-13 11:15:09,488: Publishing the detected zones on /zones
[rosout][INFO] 2017-06-13 11:15:11,452: Received the playground image. Detecting zones...
[rosout][INFO] 2017-06-13 11:15:11,483: Publishing the detected zones on /zones
[rosout][INFO] 2017-06-13 11:15:13,934: Received the playground image. Detecting zones...
[rosout][INFO] 2017-06-13 11:15:13,959: Publishing the detected zones on /zones
[rosout][INFO] 2017-06-13 11:15:15,966: Received the playground image. Detecting zones...
[rosout][INFO] 2017-06-13 11:15:15,990: Publishing the detected zones on /zones
[rosout][INFO] 2017-06-13 11:15:17,947: Received the playground image. Detecting zones...
[rosout][INFO] 2017-06-13 11:15:17,975: Publishing the detected zones on /zones
[rosout][INFO] 2017-06-13 11:15:18,478: Received the playground image. Detecting zones...
[rosout][INFO] 2017-06-13 11:15:18,500: Publishing the detected zones on /zones
[rosout][INFO] 2017-06-13 11:15:19,477: Received the playground image. Detecting zones...
[rosout][INFO] 2017-06-13 11:15:19,514: Publishing the detected zones on /zones
[rosout][INFO] 2017-06-13 11:15:20,470: Received the playground image. Detecting zones...
[rosout][INFO] 2017-06-13 11:15:20,496: Publishing the detected zones on /zones
[rosout][INFO] 2017-06-13 11:15:21,954: Received the playground image. Detecting zones...
[rosout][INFO] 2017-06-13 11:15:21,981: Publishing the detected zones on /zones
[rosout][INFO] 2017-06-13 11:15:22,445: Received the playground image. Detecting zones...
[rosout][INFO] 2017-06-13 11:15:22,471: Publishing the detected zones on /zones
[rosout][INFO] 2017-06-13 11:15:24,448: Received the playground image. Detecting zones...
[rosout][INFO] 2017-06-13 11:15:24,490: Publishing the detected zones on /zones
[rosout][INFO] 2017-06-13 11:15:24,937: Received the playground image. Detecting zones...
[rosout][INFO] 2017-06-13 11:15:24,962: Publishing the detected zones on /zones
[rosout][INFO] 2017-06-13 11:15:29,880: Received the playground image. Detecting zones...
[rosout][INFO] 2017-06-13 11:15:29,897: Publishing the detected zones on /zones
[rosout][INFO] 2017-06-13 11:15:31,893: Received the playground image. Detecting zones...
[rosout][INFO] 2017-06-13 11:15:31,913: Publishing the detected zones on /zones
[rosout][INFO] 2017-06-13 11:15:37,188: Received the playground image. Detecting zones...
[rosout][INFO] 2017-06-13 11:15:37,223: Publishing the detected zones on /zones
[rosout][INFO] 2017-06-13 11:15:38,678: Received the playground image. Detecting zones...
[rosout][INFO] 2017-06-13 11:15:38,707: Publishing the detected zones on /zones
[rosout][INFO] 2017-06-13 11:15:39,667: Received the playground image. Detecting zones...
[rosout][INFO] 2017-06-13 11:15:39,694: Publishing the detected zones on /zones
[rosout][INFO] 2017-06-13 11:15:44,159: Received the playground image. Detecting zones...
[rosout][INFO] 2017-06-13 11:15:44,183: Publishing the detected zones on /zones
[rosout][INFO] 2017-06-13 11:15:48,190: Received the playground image. Detecting zones...
[rosout][INFO] 2017-06-13 11:15:48,218: Publishing the detected zones on /zones
[rosout][INFO] 2017-06-13 11:15:52,689: Received the playground image. Detecting zones...
[rosout][INFO] 2017-06-13 11:15:52,723: Publishing the detected zones on /zones
[rosout][INFO] 2017-06-13 11:15:53,187: Received the playground image. Detecting zones...
[rosout][INFO] 2017-06-13 11:15:53,211: Publishing the detected zones on /zones
[rosout][INFO] 2017-06-13 11:15:53,681: Received the playground image. Detecting zones...
[rosout][INFO] 2017-06-13 11:15:53,704: Publishing the detected zones on /zones
[rosout][INFO] 2017-06-13 11:15:57,169: Received the playground image. Detecting zones...
[rosout][INFO] 2017-06-13 11:15:57,189: Publishing the detected zones on /zones
[rosout][INFO] 2017-06-13 11:15:58,702: Received the playground image. Detecting zones...
[rosout][INFO] 2017-06-13 11:15:58,731: Publishing the detected zones on /zones
[rosout][INFO] 2017-06-13 11:15:58,939: Received the playground image. Detecting zones...
[rosout][INFO] 2017-06-13 11:15:58,958: Publishing the detected zones on /zones
[rosout][INFO] 2017-06-13 11:15:59,900: Received the playground image. Detecting zones...
[rosout][INFO] 2017-06-13 11:15:59,919: Publishing the detected zones on /zones
[rosout][INFO] 2017-06-13 11:16:00,957: Received the playground image. Detecting zones...
[rosout][INFO] 2017-06-13 11:16:00,978: Publishing the detected zones on /zones
[rosout][INFO] 2017-06-13 11:16:01,189: Received the playground image. Detecting zones...
[rosout][INFO] 2017-06-13 11:16:01,209: Publishing the detected zones on /zones
[rosout][INFO] 2017-06-13 11:16:06,924: Received the playground image. Detecting zones...
[rosout][INFO] 2017-06-13 11:16:06,941: Publishing the detected zones on /zones
[rosout][INFO] 2017-06-13 11:16:12,720: Received the playground image. Detecting zones...
[rosout][INFO] 2017-06-13 11:16:12,743: Publishing the detected zones on /zones
[rosout][INFO] 2017-06-13 11:16:12,950: Received the playground image. Detecting zones...
[rosout][INFO] 2017-06-13 11:16:12,969: Publishing the detected zones on /zones
[rosout][INFO] 2017-06-13 11:16:14,167: Received the playground image. Detecting zones...
[rosout][INFO] 2017-06-13 11:16:14,184: Publishing the detected zones on /zones
[rosout][INFO] 2017-06-13 11:16:16,217: Received the playground image. Detecting zones...
[rosout][INFO] 2017-06-13 11:16:16,240: Publishing the detected zones on /zones
[rosout][INFO] 2017-06-13 11:16:16,697: Received the playground image. Detecting zones...
[rosout][INFO] 2017-06-13 11:16:16,714: Publishing the detected zones on /zones
[rosout][INFO] 2017-06-13 11:16:22,922: Received the playground image. Detecting zones...
[rosout][INFO] 2017-06-13 11:16:22,943: Publishing the detected zones on /zones
[rosout][INFO] 2017-06-13 11:16:24,440: Received the playground image. Detecting zones...
[rosout][INFO] 2017-06-13 11:16:24,469: Publishing the detected zones on /zones
[rosout][INFO] 2017-06-13 11:16:25,705: Received the playground image. Detecting zones...
[rosout][INFO] 2017-06-13 11:16:25,728: Publishing the detected zones on /zones
[rosout][INFO] 2017-06-13 11:16:30,223: Received the playground image. Detecting zones...
[rosout][INFO] 2017-06-13 11:16:30,255: Publishing the detected zones on /zones
[rosout][INFO] 2017-06-13 11:16:32,732: Received the playground image. Detecting zones...
[rosout][INFO] 2017-06-13 11:16:32,769: Publishing the detected zones on /zones
[rosout][INFO] 2017-06-13 11:16:33,949: Received the playground image. Detecting zones...
[rosout][INFO] 2017-06-13 11:16:33,967: Publishing the detected zones on /zones
[rosout][INFO] 2017-06-13 11:16:35,436: Received the playground image. Detecting zones...
[rosout][INFO] 2017-06-13 11:16:35,458: Publishing the detected zones on /zones
[rosout][INFO] 2017-06-13 11:16:37,794: Received the playground image. Detecting zones...
[rosout][INFO] 2017-06-13 11:16:37,812: Publishing the detected zones on /zones
[rosout][INFO] 2017-06-13 11:16:37,984: Received the playground image. Detecting zones...
[rosout][INFO] 2017-06-13 11:16:38,012: Publishing the detected zones on /zones
[rosout][INFO] 2017-06-13 11:16:38,190: Received the playground image. Detecting zones...
[rosout][INFO] 2017-06-13 11:16:38,216: Publishing the detected zones on /zones
[rosout][INFO] 2017-06-13 11:16:40,438: Received the playground image. Detecting zones...
[rosout][INFO] 2017-06-13 11:16:40,457: Publishing the detected zones on /zones
[rosout][INFO] 2017-06-13 11:16:43,731: Received the playground image. Detecting zones...
[rosout][INFO] 2017-06-13 11:16:43,752: Publishing the detected zones on /zones
[rosout][INFO] 2017-06-13 11:16:46,456: Received the playground image. Detecting zones...
[rosout][INFO] 2017-06-13 11:16:46,482: Publishing the detected zones on /zones
[rosout][INFO] 2017-06-13 11:16:47,931: Received the playground image. Detecting zones...
[rosout][INFO] 2017-06-13 11:16:47,956: Publishing the detected zones on /zones
[rosout][INFO] 2017-06-13 11:16:48,443: Received the playground image. Detecting zones...
[rosout][INFO] 2017-06-13 11:16:48,475: Publishing the detected zones on /zones
[rosout][INFO] 2017-06-13 11:16:49,433: Received the playground image. Detecting zones...
[rosout][INFO] 2017-06-13 11:16:49,461: Publishing the detected zones on /zones
[rosout][INFO] 2017-06-13 11:16:55,478: Received the playground image. Detecting zones...
[rosout][INFO] 2017-06-13 11:16:55,497: Publishing the detected zones on /zones
[rosout][INFO] 2017-06-13 11:17:01,690: Received the playground image. Detecting zones...
[rosout][INFO] 2017-06-13 11:17:01,713: Publishing the detected zones on /zones
[rosout][INFO] 2017-06-13 11:17:03,943: Received the playground image. Detecting zones...
[rosout][INFO] 2017-06-13 11:17:03,973: Publishing the detected zones on /zones
[rosout][INFO] 2017-06-13 11:17:04,433: Received the playground image. Detecting zones...
[rosout][INFO] 2017-06-13 11:17:04,463: Publishing the detected zones on /zones
[rosout][INFO] 2017-06-13 11:17:08,687: Received the playground image. Detecting zones...
[rosout][INFO] 2017-06-13 11:17:08,720: Publishing the detected zones on /zones
[rosout][INFO] 2017-06-13 11:17:10,739: Received the playground image. Detecting zones...
[rosout][INFO] 2017-06-13 11:17:10,759: Publishing the detected zones on /zones
[rosout][INFO] 2017-06-13 11:17:16,769: Received the playground image. Detecting zones...
[rosout][INFO] 2017-06-13 11:17:16,800: Publishing the detected zones on /zones
[rosout][INFO] 2017-06-13 11:17:17,976: Received the playground image. Detecting zones...
[rosout][INFO] 2017-06-13 11:17:17,998: Publishing the detected zones on /zones
[rosout][INFO] 2017-06-13 11:17:20,415: Received the playground image. Detecting zones...
[rosout][INFO] 2017-06-13 11:17:20,445: Publishing the detected zones on /zones
[rosout][INFO] 2017-06-13 11:17:21,155: Received the playground image. Detecting zones...
[rosout][INFO] 2017-06-13 11:17:21,183: Publishing the detected zones on /zones
[rosout][INFO] 2017-06-13 11:17:22,648: Received the playground image. Detecting zones...
[rosout][INFO] 2017-06-13 11:17:22,672: Publishing the detected zones on /zones
[rosout][INFO] 2017-06-13 11:17:23,453: Received the playground image. Detecting zones...
[rosout][INFO] 2017-06-13 11:17:23,481: Publishing the detected zones on /zones
[rosout][INFO] 2017-06-13 11:17:24,473: Received the playground image. Detecting zones...
[rosout][INFO] 2017-06-13 11:17:24,494: Publishing the detected zones on /zones
[rosout][INFO] 2017-06-13 11:17:25,443: Received the playground image. Detecting zones...
[rosout][INFO] 2017-06-13 11:17:25,466: Publishing the detected zones on /zones
[rosout][INFO] 2017-06-13 11:17:25,944: Received the playground image. Detecting zones...
[rosout][INFO] 2017-06-13 11:17:25,967: Publishing the detected zones on /zones
[rosout][INFO] 2017-06-13 11:17:26,448: Received the playground image. Detecting zones...
[rosout][INFO] 2017-06-13 11:17:26,475: Publishing the detected zones on /zones
[rosout][INFO] 2017-06-13 11:17:26,941: Received the playground image. Detecting zones...
[rosout][INFO] 2017-06-13 11:17:26,965: Publishing the detected zones on /zones
[rosout][INFO] 2017-06-13 11:17:31,197: Received the playground image. Detecting zones...
[rosout][INFO] 2017-06-13 11:17:31,214: Publishing the detected zones on /zones
[rosout][INFO] 2017-06-13 11:17:34,166: Received the playground image. Detecting zones...
[rosout][INFO] 2017-06-13 11:17:34,193: Publishing the detected zones on /zones
[rosout][INFO] 2017-06-13 11:17:37,444: Received the playground image. Detecting zones...
[rosout][INFO] 2017-06-13 11:17:37,465: Publishing the detected zones on /zones
[rosout][INFO] 2017-06-13 11:17:41,220: Received the playground image. Detecting zones...
[rosout][INFO] 2017-06-13 11:17:41,250: Publishing the detected zones on /zones
[rosout][INFO] 2017-06-13 11:17:41,469: Received the playground image. Detecting zones...
[rosout][INFO] 2017-06-13 11:17:41,494: Publishing the detected zones on /zones
[rosout][INFO] 2017-06-13 11:17:42,657: Received the playground image. Detecting zones...
[rosout][INFO] 2017-06-13 11:17:42,675: Publishing the detected zones on /zones
[rosout][INFO] 2017-06-13 11:17:45,925: Received the playground image. Detecting zones...
[rosout][INFO] 2017-06-13 11:17:45,951: Publishing the detected zones on /zones
[rosout][INFO] 2017-06-13 11:17:56,915: Received the playground image. Detecting zones...
[rosout][INFO] 2017-06-13 11:17:56,935: Publishing the detected zones on /zones
[rosout][INFO] 2017-06-13 11:18:18,165: Received the playground image. Detecting zones...
[rosout][INFO] 2017-06-13 11:18:18,192: Publishing the detected zones on /zones
[rosout][INFO] 2017-06-13 11:18:21,905: Received the playground image. Detecting zones...
[rosout][INFO] 2017-06-13 11:18:21,926: Publishing the detected zones on /zones
[rosout][INFO] 2017-06-13 11:18:35,449: Received the playground image. Detecting zones...
[rosout][INFO] 2017-06-13 11:18:35,474: Publishing the detected zones on /zones
[rosout][INFO] 2017-06-13 11:18:36,434: Received the playground image. Detecting zones...
[rosout][INFO] 2017-06-13 11:18:36,461: Publishing the detected zones on /zones
[rosout][INFO] 2017-06-13 11:18:37,169: Received the playground image. Detecting zones...
[rosout][INFO] 2017-06-13 11:18:37,202: Publishing the detected zones on /zones
[rosout][INFO] 2017-06-13 11:18:37,425: Received the playground image. Detecting zones...
[rosout][INFO] 2017-06-13 11:18:37,442: Publishing the detected zones on /zones
[rosout][INFO] 2017-06-13 11:18:37,905: Received the playground image. Detecting zones...
[rosout][INFO] 2017-06-13 11:18:37,923: Publishing the detected zones on /zones
[rosout][INFO] 2017-06-13 11:18:41,942: Received the playground image. Detecting zones...
[rosout][INFO] 2017-06-13 11:18:41,963: Publishing the detected zones on /zones
[rosout][INFO] 2017-06-13 11:18:47,714: Received the playground image. Detecting zones...
[rosout][INFO] 2017-06-13 11:18:47,733: Publishing the detected zones on /zones
[rosout][INFO] 2017-06-13 11:18:54,430: Received the playground image. Detecting zones...
[rosout][INFO] 2017-06-13 11:18:54,459: Publishing the detected zones on /zones
[rosout][INFO] 2017-06-13 11:18:56,425: Received the playground image. Detecting zones...
[rosout][INFO] 2017-06-13 11:18:56,448: Publishing the detected zones on /zones
[rosout][INFO] 2017-06-13 11:18:58,213: Received the playground image. Detecting zones...
[rosout][INFO] 2017-06-13 11:18:58,244: Publishing the detected zones on /zones
[rosout][INFO] 2017-06-13 11:18:59,185: Received the playground image. Detecting zones...
[rosout][INFO] 2017-06-13 11:18:59,206: Publishing the detected zones on /zones
[rosout][INFO] 2017-06-13 11:19:01,187: Received the playground image. Detecting zones...
[rosout][INFO] 2017-06-13 11:19:01,227: Publishing the detected zones on /zones
[rosout][INFO] 2017-06-13 11:19:02,695: Received the playground image. Detecting zones...
[rosout][INFO] 2017-06-13 11:19:02,719: Publishing the detected zones on /zones
[rosout][INFO] 2017-06-13 11:19:06,462: Received the playground image. Detecting zones...
[rosout][INFO] 2017-06-13 11:19:06,485: Publishing the detected zones on /zones
[rosout][INFO] 2017-06-13 11:19:08,199: Received the playground image. Detecting zones...
[rosout][INFO] 2017-06-13 11:19:08,220: Publishing the detected zones on /zones
[rosout][INFO] 2017-06-13 11:19:23,749: Received the playground image. Detecting zones...
[rosout][INFO] 2017-06-13 11:19:23,768: Publishing the detected zones on /zones
[rosout][INFO] 2017-06-13 11:19:27,450: Received the playground image. Detecting zones...
[rosout][INFO] 2017-06-13 11:19:27,469: Publishing the detected zones on /zones
[rosout][INFO] 2017-06-13 11:19:30,160: Received the playground image. Detecting zones...
[rosout][INFO] 2017-06-13 11:19:30,179: Publishing the detected zones on /zones
[rosout][INFO] 2017-06-13 11:19:34,927: Received the playground image. Detecting zones...
[rosout][INFO] 2017-06-13 11:19:34,954: Publishing the detected zones on /zones
[rosout][INFO] 2017-06-13 11:19:38,445: Received the playground image. Detecting zones...
[rosout][INFO] 2017-06-13 11:19:38,476: Publishing the detected zones on /zones
[rosout][INFO] 2017-06-13 11:19:43,423: Received the playground image. Detecting zones...
[rosout][INFO] 2017-06-13 11:19:43,442: Publishing the detected zones on /zones
[rosout][INFO] 2017-06-13 11:19:45,687: Received the playground image. Detecting zones...
[rosout][INFO] 2017-06-13 11:19:45,703: Publishing the detected zones on /zones
[rosout][INFO] 2017-06-13 11:19:53,460: Received the playground image. Detecting zones...
[rosout][INFO] 2017-06-13 11:19:53,482: Publishing the detected zones on /zones
[rosout][INFO] 2017-06-13 11:20:00,685: Received the playground image. Detecting zones...
[rosout][INFO] 2017-06-13 11:20:00,706: Publishing the detected zones on /zones
[rosout][INFO] 2017-06-13 11:20:10,698: Received the playground image. Detecting zones...
[rosout][INFO] 2017-06-13 11:20:10,720: Publishing the detected zones on /zones
[rosout][INFO] 2017-06-13 11:20:11,694: Received the playground image. Detecting zones...
[rosout][INFO] 2017-06-13 11:20:11,717: Publishing the detected zones on /zones
[rosout][INFO] 2017-06-13 11:20:12,457: Received the playground image. Detecting zones...
[rosout][INFO] 2017-06-13 11:20:12,478: Publishing the detected zones on /zones
[rosout][INFO] 2017-06-13 11:20:13,451: Received the playground image. Detecting zones...
[rosout][INFO] 2017-06-13 11:20:13,480: Publishing the detected zones on /zones
[rosout][INFO] 2017-06-13 11:20:13,924: Received the playground image. Detecting zones...
[rosout][INFO] 2017-06-13 11:20:13,944: Publishing the detected zones on /zones
[rosout][INFO] 2017-06-13 11:20:19,466: Received the playground image. Detecting zones...
[rosout][INFO] 2017-06-13 11:20:19,513: Publishing the detected zones on /zones
[rosout][INFO] 2017-06-13 11:20:27,955: Received the playground image. Detecting zones...
[rosout][INFO] 2017-06-13 11:20:27,975: Publishing the detected zones on /zones
[rosout][INFO] 2017-06-13 11:21:17,461: Received the playground image. Detecting zones...
[rosout][INFO] 2017-06-13 11:21:17,479: Publishing the detected zones on /zones
[rosout][INFO] 2017-06-13 11:21:40,215: Received the playground image. Detecting zones...
[rosout][INFO] 2017-06-13 11:21:40,247: Publishing the detected zones on /zones
[rosout][INFO] 2017-06-13 11:21:42,452: Received the playground image. Detecting zones...
[rosout][INFO] 2017-06-13 11:21:42,478: Publishing the detected zones on /zones
[rosout][INFO] 2017-06-13 11:21:43,187: Received the playground image. Detecting zones...
[rosout][INFO] 2017-06-13 11:21:43,207: Publishing the detected zones on /zones
[rosout][INFO] 2017-06-13 11:21:43,414: Received the playground image. Detecting zones...
[rosout][INFO] 2017-06-13 11:21:43,440: Publishing the detected zones on /zones
[rosout][INFO] 2017-06-13 11:21:43,684: Received the playground image. Detecting zones...
[rosout][INFO] 2017-06-13 11:21:43,707: Publishing the detected zones on /zones
[rosout][INFO] 2017-06-13 11:21:43,910: Received the playground image. Detecting zones...
[rosout][INFO] 2017-06-13 11:21:43,934: Publishing the detected zones on /zones
[rosout][INFO] 2017-06-13 11:21:44,195: Received the playground image. Detecting zones...
[rosout][INFO] 2017-06-13 11:21:44,217: Publishing the detected zones on /zones
[rosout][INFO] 2017-06-13 11:21:44,650: Received the playground image. Detecting zones...
[rosout][INFO] 2017-06-13 11:21:44,666: Publishing the detected zones on /zones
[rosout][INFO] 2017-06-13 11:21:50,922: Received the playground image. Detecting zones...
[rosout][INFO] 2017-06-13 11:21:50,941: Publishing the detected zones on /zones
[rosout][INFO] 2017-06-13 11:21:51,447: Received the playground image. Detecting zones...
[rosout][INFO] 2017-06-13 11:21:51,467: Publishing the detected zones on /zones
[rosout][INFO] 2017-06-13 11:22:02,235: Received the playground image. Detecting zones...
[rosout][INFO] 2017-06-13 11:22:02,274: Publishing the detected zones on /zones
[rosout][INFO] 2017-06-13 11:22:02,705: Received the playground image. Detecting zones...
[rosout][INFO] 2017-06-13 11:22:02,728: Publishing the detected zones on /zones
[rosout][INFO] 2017-06-13 11:22:02,928: Received the playground image. Detecting zones...
[rosout][INFO] 2017-06-13 11:22:02,959: Publishing the detected zones on /zones
[rosout][INFO] 2017-06-13 11:22:04,578: Received the playground image. Detecting zones...
[rosout][INFO] 2017-06-13 11:22:04,610: Publishing the detected zones on /zones
[rosout][INFO] 2017-06-13 11:22:04,842: Received the playground image. Detecting zones...
[rosout][INFO] 2017-06-13 11:22:04,877: Publishing the detected zones on /zones
[rosout][INFO] 2017-06-13 11:22:05,100: Received the playground image. Detecting zones...
[rosout][INFO] 2017-06-13 11:22:05,129: Publishing the detected zones on /zones
[rosout][INFO] 2017-06-13 11:22:05,410: Received the playground image. Detecting zones...
[rosout][INFO] 2017-06-13 11:22:05,444: Publishing the detected zones on /zones
[rosout][INFO] 2017-06-13 11:22:05,665: Received the playground image. Detecting zones...
[rosout][INFO] 2017-06-13 11:22:05,689: Publishing the detected zones on /zones
[rosout][INFO] 2017-06-13 11:22:05,993: Received the playground image. Detecting zones...
[rosout][INFO] 2017-06-13 11:22:06,025: Publishing the detected zones on /zones
[rosout][INFO] 2017-06-13 11:22:06,586: Received the playground image. Detecting zones...
[rosout][INFO] 2017-06-13 11:22:06,610: Publishing the detected zones on /zones
[rosout][INFO] 2017-06-13 11:22:07,085: Received the playground image. Detecting zones...
[rosout][INFO] 2017-06-13 11:22:07,131: Publishing the detected zones on /zones
[rosout][INFO] 2017-06-13 11:22:07,483: Received the playground image. Detecting zones...
[rosout][INFO] 2017-06-13 11:22:07,507: Publishing the detected zones on /zones
[rosout][INFO] 2017-06-13 11:22:07,796: Received the playground image. Detecting zones...
[rosout][INFO] 2017-06-13 11:22:07,816: Publishing the detected zones on /zones
[rosout][INFO] 2017-06-13 11:22:08,121: Received the playground image. Detecting zones...
[rosout][INFO] 2017-06-13 11:22:08,151: Publishing the detected zones on /zones
[rosout][INFO] 2017-06-13 11:22:08,548: Received the playground image. Detecting zones...
[rosout][INFO] 2017-06-13 11:22:08,570: Publishing the detected zones on /zones
[rosout][INFO] 2017-06-13 11:22:08,977: Received the playground image. Detecting zones...
[rosout][INFO] 2017-06-13 11:22:09,011: Publishing the detected zones on /zones
[rosout][INFO] 2017-06-13 11:22:09,455: Received the playground image. Detecting zones...
[rosout][INFO] 2017-06-13 11:22:09,472: Publishing the detected zones on /zones
[rosout][INFO] 2017-06-13 11:22:09,836: Received the playground image. Detecting zones...
[rosout][INFO] 2017-06-13 11:22:09,864: Publishing the detected zones on /zones
[rosout][INFO] 2017-06-13 11:22:10,195: Received the playground image. Detecting zones...
[rosout][INFO] 2017-06-13 11:22:10,225: Publishing the detected zones on /zones
[rosout][INFO] 2017-06-13 11:22:10,440: Received the playground image. Detecting zones...
[rosout][INFO] 2017-06-13 11:22:10,460: Publishing the detected zones on /zones
[rosout][INFO] 2017-06-13 11:22:10,812: Received the playground image. Detecting zones...
[rosout][INFO] 2017-06-13 11:22:10,838: Publishing the detected zones on /zones
[rosout][INFO] 2017-06-13 11:22:11,097: Received the playground image. Detecting zones...
[rosout][INFO] 2017-06-13 11:22:11,118: Publishing the detected zones on /zones
[rosout][INFO] 2017-06-13 11:22:11,332: Received the playground image. Detecting zones...
[rosout][INFO] 2017-06-13 11:22:11,360: Publishing the detected zones on /zones
[rosout][INFO] 2017-06-13 11:22:11,554: Received the playground image. Detecting zones...
[rosout][INFO] 2017-06-13 11:22:11,587: Publishing the detected zones on /zones
[rosout][INFO] 2017-06-13 11:22:11,811: Received the playground image. Detecting zones...
[rosout][INFO] 2017-06-13 11:22:11,842: Publishing the detected zones on /zones
[rosout][INFO] 2017-06-13 11:22:12,023: Received the playground image. Detecting zones...
[rosout][INFO] 2017-06-13 11:22:12,061: Publishing the detected zones on /zones
[rosout][INFO] 2017-06-13 11:22:12,732: Received the playground image. Detecting zones...
[rosout][INFO] 2017-06-13 11:22:12,761: Publishing the detected zones on /zones
[rosout][INFO] 2017-06-13 11:22:13,277: Received the playground image. Detecting zones...
[rosout][INFO] 2017-06-13 11:22:13,320: Publishing the detected zones on /zones
[rosout][INFO] 2017-06-13 11:22:13,481: Received the playground image. Detecting zones...
[rosout][INFO] 2017-06-13 11:22:13,509: Publishing the detected zones on /zones
[rosout][INFO] 2017-06-13 11:22:13,644: Received the playground image. Detecting zones...
[rosout][INFO] 2017-06-13 11:22:13,661: Publishing the detected zones on /zones
[rosout][INFO] 2017-06-13 11:22:14,296: Received the playground image. Detecting zones...
[rosout][INFO] 2017-06-13 11:22:14,324: Publishing the detected zones on /zones
[rosout][INFO] 2017-06-13 11:22:14,591: Received the playground image. Detecting zones...
[rosout][INFO] 2017-06-13 11:22:14,621: Publishing the detected zones on /zones
[rosout][INFO] 2017-06-13 11:22:14,933: Received the playground image. Detecting zones...
[rosout][INFO] 2017-06-13 11:22:14,956: Publishing the detected zones on /zones
[rosout][INFO] 2017-06-13 11:22:15,172: Received the playground image. Detecting zones...
[rosout][INFO] 2017-06-13 11:22:15,214: Publishing the detected zones on /zones
[rosout][INFO] 2017-06-13 11:22:15,455: Received the playground image. Detecting zones...
[rosout][INFO] 2017-06-13 11:22:15,487: Publishing the detected zones on /zones
[rosout][INFO] 2017-06-13 11:22:15,778: Received the playground image. Detecting zones...
[rosout][INFO] 2017-06-13 11:22:15,799: Publishing the detected zones on /zones
[rosout][INFO] 2017-06-13 11:22:16,032: Received the playground image. Detecting zones...
[rosout][INFO] 2017-06-13 11:22:16,053: Publishing the detected zones on /zones
[rosout][INFO] 2017-06-13 11:22:16,326: Received the playground image. Detecting zones...
[rosout][INFO] 2017-06-13 11:22:16,355: Publishing the detected zones on /zones
[rosout][INFO] 2017-06-13 11:22:16,689: Received the playground image. Detecting zones...
[rosout][INFO] 2017-06-13 11:22:16,712: Publishing the detected zones on /zones
[rosout][INFO] 2017-06-13 11:22:16,948: Received the playground image. Detecting zones...
[rosout][INFO] 2017-06-13 11:22:16,984: Publishing the detected zones on /zones
[rosout][INFO] 2017-06-13 11:22:17,179: Received the playground image. Detecting zones...
[rosout][INFO] 2017-06-13 11:22:17,205: Publishing the detected zones on /zones
[rosout][INFO] 2017-06-13 11:22:17,365: Received the playground image. Detecting zones...
[rosout][INFO] 2017-06-13 11:22:17,386: Publishing the detected zones on /zones
[rosout][INFO] 2017-06-13 11:22:19,489: Received the playground image. Detecting zones...
[rosout][INFO] 2017-06-13 11:22:19,505: Publishing the detected zones on /zones
[rosout][INFO] 2017-06-13 11:22:19,768: Received the playground image. Detecting zones...
[rosout][INFO] 2017-06-13 11:22:19,790: Publishing the detected zones on /zones
[rosout][INFO] 2017-06-13 11:22:19,983: Received the playground image. Detecting zones...
[rosout][INFO] 2017-06-13 11:22:20,005: Publishing the detected zones on /zones
[rosout][INFO] 2017-06-13 11:22:20,276: Received the playground image. Detecting zones...
[rosout][INFO] 2017-06-13 11:22:20,443: Publishing the detected zones on /zones
[rosout][INFO] 2017-06-13 11:22:20,539: Received the playground image. Detecting zones...
[rosout][INFO] 2017-06-13 11:22:20,568: Publishing the detected zones on /zones
[rosout][INFO] 2017-06-13 11:22:20,770: Received the playground image. Detecting zones...
[rosout][INFO] 2017-06-13 11:22:20,806: Publishing the detected zones on /zones
[rosout][INFO] 2017-06-13 11:22:20,992: Received the playground image. Detecting zones...
[rosout][INFO] 2017-06-13 11:22:21,014: Publishing the detected zones on /zones
[rosout][INFO] 2017-06-13 11:22:21,250: Received the playground image. Detecting zones...
[rosout][INFO] 2017-06-13 11:22:21,271: Publishing the detected zones on /zones
[rosout][INFO] 2017-06-13 11:22:21,508: Received the playground image. Detecting zones...
[rosout][INFO] 2017-06-13 11:22:21,527: Publishing the detected zones on /zones
[rosout][INFO] 2017-06-13 11:22:21,721: Received the playground image. Detecting zones...
[rosout][INFO] 2017-06-13 11:22:21,742: Publishing the detected zones on /zones
[rosout][INFO] 2017-06-13 11:22:21,964: Received the playground image. Detecting zones...
[rosout][INFO] 2017-06-13 11:22:21,987: Publishing the detected zones on /zones
[rosout][INFO] 2017-06-13 11:22:22,270: Received the playground image. Detecting zones...
[rosout][INFO] 2017-06-13 11:22:22,295: Publishing the detected zones on /zones
[rosout][INFO] 2017-06-13 11:22:22,520: Received the playground image. Detecting zones...
[rosout][INFO] 2017-06-13 11:22:22,546: Publishing the detected zones on /zones
[rosout][INFO] 2017-06-13 11:22:22,735: Received the playground image. Detecting zones...
[rosout][INFO] 2017-06-13 11:22:22,769: Publishing the detected zones on /zones
[rosout][INFO] 2017-06-13 11:22:23,018: Received the playground image. Detecting zones...
[rosout][INFO] 2017-06-13 11:22:23,040: Publishing the detected zones on /zones
[rosout][INFO] 2017-06-13 11:22:23,265: Received the playground image. Detecting zones...
[rosout][INFO] 2017-06-13 11:22:23,289: Publishing the detected zones on /zones
[rosout][INFO] 2017-06-13 11:22:23,547: Received the playground image. Detecting zones...
[rosout][INFO] 2017-06-13 11:22:23,586: Publishing the detected zones on /zones
[rosout][INFO] 2017-06-13 11:22:23,822: Received the playground image. Detecting zones...
[rosout][INFO] 2017-06-13 11:22:23,845: Publishing the detected zones on /zones
[rosout][INFO] 2017-06-13 11:22:24,034: Received the playground image. Detecting zones...
[rosout][INFO] 2017-06-13 11:22:24,059: Publishing the detected zones on /zones
[rosout][INFO] 2017-06-13 11:22:24,490: Received the playground image. Detecting zones...
[rosout][INFO] 2017-06-13 11:22:24,515: Publishing the detected zones on /zones
[rosout][INFO] 2017-06-13 11:22:24,763: Received the playground image. Detecting zones...
[rosout][INFO] 2017-06-13 11:22:24,785: Publishing the detected zones on /zones
[rosout][INFO] 2017-06-13 11:22:24,985: Received the playground image. Detecting zones...
[rosout][INFO] 2017-06-13 11:22:25,008: Publishing the detected zones on /zones
[rosout][INFO] 2017-06-13 11:22:25,992: Received the playground image. Detecting zones...
[rosout][INFO] 2017-06-13 11:22:26,012: Publishing the detected zones on /zones
[rosout][INFO] 2017-06-13 11:22:26,804: Received the playground image. Detecting zones...
[rosout][INFO] 2017-06-13 11:22:26,828: Publishing the detected zones on /zones
[rosout][INFO] 2017-06-13 11:22:27,821: Received the playground image. Detecting zones...
[rosout][INFO] 2017-06-13 11:22:27,841: Publishing the detected zones on /zones
[rosout][INFO] 2017-06-13 11:22:28,238: Received the playground image. Detecting zones...
[rosout][INFO] 2017-06-13 11:22:28,256: Publishing the detected zones on /zones
[rosout][INFO] 2017-06-13 11:22:29,497: Received the playground image. Detecting zones...
[rosout][INFO] 2017-06-13 11:22:29,515: Publishing the detected zones on /zones
[rosout][INFO] 2017-06-13 11:22:29,736: Received the playground image. Detecting zones...
[rosout][INFO] 2017-06-13 11:22:29,758: Publishing the detected zones on /zones
[rosout][INFO] 2017-06-13 11:22:30,013: Received the playground image. Detecting zones...
[rosout][INFO] 2017-06-13 11:22:30,043: Publishing the detected zones on /zones
[rosout][INFO] 2017-06-13 11:22:30,248: Received the playground image. Detecting zones...
[rosout][INFO] 2017-06-13 11:22:30,282: Publishing the detected zones on /zones
[rosout][INFO] 2017-06-13 11:22:30,746: Received the playground image. Detecting zones...
[rosout][INFO] 2017-06-13 11:22:30,772: Publishing the detected zones on /zones
[rosout][INFO] 2017-06-13 11:22:31,028: Received the playground image. Detecting zones...
[rosout][INFO] 2017-06-13 11:22:31,056: Publishing the detected zones on /zones
[rosout][INFO] 2017-06-13 11:22:31,292: Received the playground image. Detecting zones...
[rosout][INFO] 2017-06-13 11:22:31,327: Publishing the detected zones on /zones
[rosout][INFO] 2017-06-13 11:22:31,607: Received the playground image. Detecting zones...
[rosout][INFO] 2017-06-13 11:22:31,637: Publishing the detected zones on /zones
[rosout][INFO] 2017-06-13 11:22:31,838: Received the playground image. Detecting zones...
[rosout][INFO] 2017-06-13 11:22:31,863: Publishing the detected zones on /zones
[rosout][INFO] 2017-06-13 11:22:32,409: Received the playground image. Detecting zones...
[rosout][INFO] 2017-06-13 11:22:32,448: Publishing the detected zones on /zones
[rosout][INFO] 2017-06-13 11:22:34,182: Received the playground image. Detecting zones...
[rosout][INFO] 2017-06-13 11:22:34,226: Publishing the detected zones on /zones
[rosout][INFO] 2017-06-13 11:22:34,667: Received the playground image. Detecting zones...
[rosout][INFO] 2017-06-13 11:22:34,692: Publishing the detected zones on /zones
[rosout][INFO] 2017-06-13 11:22:36,167: Received the playground image. Detecting zones...
[rosout][INFO] 2017-06-13 11:22:36,189: Publishing the detected zones on /zones
[rosout][INFO] 2017-06-13 11:22:36,941: Received the playground image. Detecting zones...
[rosout][INFO] 2017-06-13 11:22:36,959: Publishing the detected zones on /zones
[rosout][INFO] 2017-06-13 11:22:38,460: Received the playground image. Detecting zones...
[rosout][INFO] 2017-06-13 11:22:38,486: Publishing the detected zones on /zones
[rosout][INFO] 2017-06-13 11:22:41,901: Received the playground image. Detecting zones...
[rosout][INFO] 2017-06-13 11:22:41,918: Publishing the detected zones on /zones
[rosout][INFO] 2017-06-13 11:22:47,480: Received the playground image. Detecting zones...
[rosout][INFO] 2017-06-13 11:22:47,507: Publishing the detected zones on /zones
[rosout][INFO] 2017-06-13 11:22:47,955: Received the playground image. Detecting zones...
[rosout][INFO] 2017-06-13 11:22:47,976: Publishing the detected zones on /zones
[rosout][INFO] 2017-06-13 11:22:53,932: Received the playground image. Detecting zones...
[rosout][INFO] 2017-06-13 11:22:53,953: Publishing the detected zones on /zones
[rosout][INFO] 2017-06-13 11:22:56,229: Received the playground image. Detecting zones...
[rosout][INFO] 2017-06-13 11:22:56,264: Publishing the detected zones on /zones
[rosout][INFO] 2017-06-13 11:22:56,531: Received the playground image. Detecting zones...
[rosout][INFO] 2017-06-13 11:22:56,559: Publishing the detected zones on /zones
[rosout][INFO] 2017-06-13 11:22:56,715: Received the playground image. Detecting zones...
[rosout][INFO] 2017-06-13 11:22:56,742: Publishing the detected zones on /zones
[rosout][INFO] 2017-06-13 11:23:07,492: Received the playground image. Detecting zones...
[rosout][INFO] 2017-06-13 11:23:07,510: Publishing the detected zones on /zones
[rosout][INFO] 2017-06-13 11:23:08,199: Received the playground image. Detecting zones...
[rosout][INFO] 2017-06-13 11:23:08,220: Publishing the detected zones on /zones
[rosout][INFO] 2017-06-13 11:23:09,707: Received the playground image. Detecting zones...
[rosout][INFO] 2017-06-13 11:23:09,726: Publishing the detected zones on /zones
[rosout][INFO] 2017-06-13 11:23:09,986: Received the playground image. Detecting zones...
[rosout][INFO] 2017-06-13 11:23:10,003: Publishing the detected zones on /zones
[rosout][INFO] 2017-06-13 11:23:12,433: Received the playground image. Detecting zones...
[rosout][INFO] 2017-06-13 11:23:12,493: Publishing the detected zones on /zones
[rosout][INFO] 2017-06-13 11:23:12,772: Received the playground image. Detecting zones...
[rosout][INFO] 2017-06-13 11:23:12,815: Publishing the detected zones on /zones
[rosout][INFO] 2017-06-13 11:23:13,141: Received the playground image. Detecting zones...
[rosout][INFO] 2017-06-13 11:23:13,164: Publishing the detected zones on /zones
[rosout][INFO] 2017-06-13 11:23:13,466: Received the playground image. Detecting zones...
[rosout][INFO] 2017-06-13 11:23:13,493: Publishing the detected zones on /zones
[rosout][INFO] 2017-06-13 11:23:13,700: Received the playground image. Detecting zones...
[rosout][INFO] 2017-06-13 11:23:13,720: Publishing the detected zones on /zones
[rosout][INFO] 2017-06-13 11:23:13,956: Received the playground image. Detecting zones...
[rosout][INFO] 2017-06-13 11:23:13,995: Publishing the detected zones on /zones
[rosout][INFO] 2017-06-13 11:23:14,282: Received the playground image. Detecting zones...
[rosout][INFO] 2017-06-13 11:23:14,316: Publishing the detected zones on /zones
[rosout][INFO] 2017-06-13 11:23:14,559: Received the playground image. Detecting zones...
[rosout][INFO] 2017-06-13 11:23:14,589: Publishing the detected zones on /zones
[rosout][INFO] 2017-06-13 11:23:14,866: Received the playground image. Detecting zones...
[rosout][INFO] 2017-06-13 11:23:14,889: Publishing the detected zones on /zones
[rosout][INFO] 2017-06-13 11:23:15,149: Received the playground image. Detecting zones...
[rosout][INFO] 2017-06-13 11:23:15,192: Publishing the detected zones on /zones
[rosout][INFO] 2017-06-13 11:23:15,401: Received the playground image. Detecting zones...
[rosout][INFO] 2017-06-13 11:23:15,429: Publishing the detected zones on /zones
[rosout][INFO] 2017-06-13 11:23:15,642: Received the playground image. Detecting zones...
[rosout][INFO] 2017-06-13 11:23:15,686: Publishing the detected zones on /zones
[rosout][INFO] 2017-06-13 11:23:15,869: Received the playground image. Detecting zones...
[rosout][INFO] 2017-06-13 11:23:15,906: Publishing the detected zones on /zones
[rosout][INFO] 2017-06-13 11:23:16,079: Received the playground image. Detecting zones...
[rosout][INFO] 2017-06-13 11:23:16,108: Publishing the detected zones on /zones
[rosout][INFO] 2017-06-13 11:23:16,280: Received the playground image. Detecting zones...
[rosout][INFO] 2017-06-13 11:23:16,318: Publishing the detected zones on /zones
[rosout][INFO] 2017-06-13 11:23:16,524: Received the playground image. Detecting zones...
[rosout][INFO] 2017-06-13 11:23:16,555: Publishing the detected zones on /zones
[rosout][INFO] 2017-06-13 11:23:16,773: Received the playground image. Detecting zones...
[rosout][INFO] 2017-06-13 11:23:16,809: Publishing the detected zones on /zones
[rosout][INFO] 2017-06-13 11:23:17,372: Received the playground image. Detecting zones...
[rosout][INFO] 2017-06-13 11:23:17,394: Publishing the detected zones on /zones
[rosout][INFO] 2017-06-13 11:23:17,667: Received the playground image. Detecting zones...
[rosout][INFO] 2017-06-13 11:23:17,692: Publishing the detected zones on /zones
[rosout][INFO] 2017-06-13 11:23:18,306: Received the playground image. Detecting zones...
[rosout][INFO] 2017-06-13 11:23:18,339: Publishing the detected zones on /zones
[rosout][INFO] 2017-06-13 11:23:18,571: Received the playground image. Detecting zones...
[rosout][INFO] 2017-06-13 11:23:18,594: Publishing the detected zones on /zones
[rosout][INFO] 2017-06-13 11:23:19,233: Received the playground image. Detecting zones...
[rosout][INFO] 2017-06-13 11:23:19,265: Publishing the detected zones on /zones
[rosout][INFO] 2017-06-13 11:23:20,068: Received the playground image. Detecting zones...
[rosout][INFO] 2017-06-13 11:23:20,088: Publishing the detected zones on /zones
[rosout][INFO] 2017-06-13 11:23:20,315: Received the playground image. Detecting zones...
[rosout][INFO] 2017-06-13 11:23:20,354: Publishing the detected zones on /zones
[rosout][INFO] 2017-06-13 11:23:20,731: Received the playground image. Detecting zones...
[rosout][INFO] 2017-06-13 11:23:20,761: Publishing the detected zones on /zones
[rosout][INFO] 2017-06-13 11:23:21,196: Received the playground image. Detecting zones...
[rosout][INFO] 2017-06-13 11:23:21,221: Publishing the detected zones on /zones
[rosout][INFO] 2017-06-13 11:23:21,956: Received the playground image. Detecting zones...
[rosout][INFO] 2017-06-13 11:23:21,978: Publishing the detected zones on /zones
[rosout][INFO] 2017-06-13 11:23:24,487: Received the playground image. Detecting zones...
[rosout][INFO] 2017-06-13 11:23:24,517: Publishing the detected zones on /zones
[rosout][INFO] 2017-06-13 11:23:24,919: Received the playground image. Detecting zones...
[rosout][INFO] 2017-06-13 11:23:24,941: Publishing the detected zones on /zones
[rosout][INFO] 2017-06-13 11:23:25,191: Received the playground image. Detecting zones...
[rosout][INFO] 2017-06-13 11:23:25,220: Publishing the detected zones on /zones
[rosout][INFO] 2017-06-13 11:23:25,959: Received the playground image. Detecting zones...
[rosout][INFO] 2017-06-13 11:23:25,982: Publishing the detected zones on /zones
[rosout][INFO] 2017-06-13 11:23:27,522: Received the playground image. Detecting zones...
[rosout][INFO] 2017-06-13 11:23:27,563: Publishing the detected zones on /zones
[rosout][INFO] 2017-06-13 11:23:27,892: Received the playground image. Detecting zones...
[rosout][INFO] 2017-06-13 11:23:27,914: Publishing the detected zones on /zones
[rosout][INFO] 2017-06-13 11:23:29,674: Received the playground image. Detecting zones...
[rosout][INFO] 2017-06-13 11:23:29,706: Publishing the detected zones on /zones
[rosout][INFO] 2017-06-13 11:23:29,937: Received the playground image. Detecting zones...
[rosout][INFO] 2017-06-13 11:23:29,962: Publishing the detected zones on /zones
[rospy.internal][INFO] 2017-06-13 11:23:33,859: topic[/zones] removing connection to /rosbag_record_freeplay_sandbox
[rospy.core][INFO] 2017-06-13 11:27:03,790: signal_shutdown [signal-15]
[rospy.internal][INFO] 2017-06-13 11:27:03,796: topic[/rosout] removing connection to /rosout
[rospy.internal][INFO] 2017-06-13 11:27:03,796: topic[/sandtray/background/image] removing connection to http://sandtray-hrilab:36981/
[rospy.internal][WARNING] 2017-06-13 11:27:03,797: Unknown error initiating TCP/IP socket to sandtray-hrilab:55208 (http://sandtray-hrilab:36981/): Traceback (most recent call last):
  File "/opt/ros/kinetic/lib/python2.7/dist-packages/rospy/impl/tcpros_base.py", line 557, in connect
    self.read_header()
  File "/opt/ros/kinetic/lib/python2.7/dist-packages/rospy/impl/tcpros_base.py", line 650, in read_header
    self._validate_header(read_ros_handshake_header(sock, self.read_buff, self.protocol.buff_size))
AttributeError: 'NoneType' object has no attribute 'buff_size'

[rospy.topics][ERROR] 2017-06-13 11:27:03,797: Traceback (most recent call last):
  File "/opt/ros/kinetic/lib/python2.7/dist-packages/rospy/topics.py", line 326, in close
    c.close()
  File "/opt/ros/kinetic/lib/python2.7/dist-packages/rospy/impl/tcpros_base.py", line 838, in close
    self.socket.close()
AttributeError: 'NoneType' object has no attribute 'close'

[rospy.internal][INFO] 2017-06-13 11:27:03,797: topic[/sandtray/background/camera_info] removing connection to http://sandtray-hrilab:36981/
[rospy.impl.masterslave][INFO] 2017-06-13 11:27:03,797: signal-15
[rospy.core][INFO] 2017-06-13 11:27:03,837: signal_shutdown [signal-2]
[rospy.core][INFO] 2017-06-13 11:27:03,838: signal_shutdown [atexit]
