[rospy.client][INFO] 2017-07-10 14:48:36,908: init_node, name[/sandbox_zones_from_image], pid[15856]
[xmlrpc][INFO] 2017-07-10 14:48:36,908: XML-RPC server binding to 0.0.0.0:0
[xmlrpc][INFO] 2017-07-10 14:48:36,908: Started XML-RPC server [http://sandtray-hrilab:33656/]
[rospy.init][INFO] 2017-07-10 14:48:36,909: ROS Slave URI: [http://sandtray-hrilab:33656/]
[rospy.impl.masterslave][INFO] 2017-07-10 14:48:36,909: _ready: http://sandtray-hrilab:33656/
[rospy.registration][INFO] 2017-07-10 14:48:36,909: Registering with master node http://localhost:11311
[xmlrpc][INFO] 2017-07-10 14:48:36,909: xml rpc node: starting XML-RPC server
[rospy.init][INFO] 2017-07-10 14:48:37,009: registered with master
[rospy.rosout][INFO] 2017-07-10 14:48:37,009: initializing /rosout core topic
[rospy.rosout][INFO] 2017-07-10 14:48:37,011: connected to core topic /rosout
[rospy.simtime][INFO] 2017-07-10 14:48:37,012: /use_sim_time is not set, will not subscribe to simulated time [/clock] topic
[rosout][INFO] 2017-07-10 14:48:37,019: Waiting for images of the playground
[rospy.internal][INFO] 2017-07-10 14:48:37,025: topic[/sandtray/background/camera_info] adding connection to [http://sandtray-hrilab:40271/], count 0
[rospy.internal][INFO] 2017-07-10 14:48:37,025: topic[/sandtray/background/image] adding connection to [http://sandtray-hrilab:40271/], count 0
[rosout][INFO] 2017-07-10 14:48:37,036: Received the playground image. Detecting zones...
[rosout][INFO] 2017-07-10 14:48:37,054: Publishing the detected zones on /zones
[rospy.internal][INFO] 2017-07-10 14:48:37,298: topic[/rosout] adding connection to [/rosout], count 0
[rosout][INFO] 2017-07-10 14:50:08,863: Received the playground image. Detecting zones...
[rosout][INFO] 2017-07-10 14:50:08,878: Publishing the detected zones on /zones
[rosout][INFO] 2017-07-10 14:50:14,862: Received the playground image. Detecting zones...
[rosout][INFO] 2017-07-10 14:50:14,878: Publishing the detected zones on /zones
[rosout][INFO] 2017-07-10 14:50:15,356: Received the playground image. Detecting zones...
[rosout][INFO] 2017-07-10 14:50:15,369: Publishing the detected zones on /zones
[rosout][INFO] 2017-07-10 14:50:29,352: Received the playground image. Detecting zones...
[rosout][INFO] 2017-07-10 14:50:29,364: Publishing the detected zones on /zones
[rosout][INFO] 2017-07-10 14:50:43,603: Received the playground image. Detecting zones...
[rosout][INFO] 2017-07-10 14:50:43,618: Publishing the detected zones on /zones
[rosout][INFO] 2017-07-10 14:50:51,096: Received the playground image. Detecting zones...
[rosout][INFO] 2017-07-10 14:50:51,110: Publishing the detected zones on /zones
[rosout][INFO] 2017-07-10 14:50:52,630: Received the playground image. Detecting zones...
[rosout][INFO] 2017-07-10 14:50:52,646: Publishing the detected zones on /zones
[rosout][INFO] 2017-07-10 14:50:53,114: Received the playground image. Detecting zones...
[rosout][INFO] 2017-07-10 14:50:53,125: Publishing the detected zones on /zones
[rosout][INFO] 2017-07-10 14:50:54,347: Received the playground image. Detecting zones...
[rosout][INFO] 2017-07-10 14:50:54,359: Publishing the detected zones on /zones
[rosout][INFO] 2017-07-10 14:50:59,376: Received the playground image. Detecting zones...
[rosout][INFO] 2017-07-10 14:50:59,389: Publishing the detected zones on /zones
[rosout][INFO] 2017-07-10 14:50:59,658: Received the playground image. Detecting zones...
[rosout][INFO] 2017-07-10 14:50:59,676: Publishing the detected zones on /zones
[rosout][INFO] 2017-07-10 14:51:00,898: Received the playground image. Detecting zones...
[rosout][INFO] 2017-07-10 14:51:00,911: Publishing the detected zones on /zones
[rosout][INFO] 2017-07-10 14:51:02,865: Received the playground image. Detecting zones...
[rosout][INFO] 2017-07-10 14:51:02,879: Publishing the detected zones on /zones
[rosout][INFO] 2017-07-10 14:51:03,125: Received the playground image. Detecting zones...
[rosout][INFO] 2017-07-10 14:51:03,138: Publishing the detected zones on /zones
[rosout][INFO] 2017-07-10 14:51:03,377: Received the playground image. Detecting zones...
[rosout][INFO] 2017-07-10 14:51:03,389: Publishing the detected zones on /zones
[rosout][INFO] 2017-07-10 14:51:04,597: Received the playground image. Detecting zones...
[rosout][INFO] 2017-07-10 14:51:04,612: Publishing the detected zones on /zones
[rosout][INFO] 2017-07-10 14:51:05,349: Received the playground image. Detecting zones...
[rosout][INFO] 2017-07-10 14:51:05,364: Publishing the detected zones on /zones
[rosout][INFO] 2017-07-10 14:51:05,600: Received the playground image. Detecting zones...
[rosout][INFO] 2017-07-10 14:51:05,613: Publishing the detected zones on /zones
[rosout][INFO] 2017-07-10 14:51:06,101: Received the playground image. Detecting zones...
[rosout][INFO] 2017-07-10 14:51:06,115: Publishing the detected zones on /zones
[rosout][INFO] 2017-07-10 14:51:06,336: Received the playground image. Detecting zones...
[rosout][INFO] 2017-07-10 14:51:06,348: Publishing the detected zones on /zones
[rosout][INFO] 2017-07-10 14:51:09,848: Received the playground image. Detecting zones...
[rosout][INFO] 2017-07-10 14:51:09,860: Publishing the detected zones on /zones
[rosout][INFO] 2017-07-10 14:56:41,855: Received the playground image. Detecting zones...
[rosout][INFO] 2017-07-10 14:56:41,871: Publishing the detected zones on /zones
[rospy.internal][INFO] 2017-07-10 14:56:42,526: topic[/zones] adding connection to [/rosbag_record_freeplay_sandbox], count 0
[rospy.internal][INFO] 2017-07-10 14:56:43,162: topic[/zones] adding connection to [/sandbox_play], count 1
[rosout][INFO] 2017-07-10 14:57:50,443: Received the playground image. Detecting zones...
[rosout][INFO] 2017-07-10 14:57:50,469: Publishing the detected zones on /zones
[rosout][INFO] 2017-07-10 14:57:51,970: Received the playground image. Detecting zones...
[rosout][INFO] 2017-07-10 14:57:51,997: Publishing the detected zones on /zones
[rosout][INFO] 2017-07-10 14:57:53,491: Received the playground image. Detecting zones...
[rosout][INFO] 2017-07-10 14:57:53,513: Publishing the detected zones on /zones
[rosout][INFO] 2017-07-10 14:58:02,967: Received the playground image. Detecting zones...
[rosout][INFO] 2017-07-10 14:58:02,985: Publishing the detected zones on /zones
[rosout][INFO] 2017-07-10 14:58:07,250: Received the playground image. Detecting zones...
[rosout][INFO] 2017-07-10 14:58:07,280: Publishing the detected zones on /zones
[rosout][INFO] 2017-07-10 14:58:07,954: Received the playground image. Detecting zones...
[rosout][INFO] 2017-07-10 14:58:07,983: Publishing the detected zones on /zones
[rosout][INFO] 2017-07-10 14:58:10,232: Received the playground image. Detecting zones...
[rosout][INFO] 2017-07-10 14:58:10,270: Publishing the detected zones on /zones
[rosout][INFO] 2017-07-10 14:58:13,481: Received the playground image. Detecting zones...
[rosout][INFO] 2017-07-10 14:58:13,500: Publishing the detected zones on /zones
[rosout][INFO] 2017-07-10 14:58:14,490: Received the playground image. Detecting zones...
[rosout][INFO] 2017-07-10 14:58:14,509: Publishing the detected zones on /zones
[rosout][INFO] 2017-07-10 14:58:18,737: Received the playground image. Detecting zones...
[rosout][INFO] 2017-07-10 14:58:18,759: Publishing the detected zones on /zones
[rosout][INFO] 2017-07-10 14:58:48,489: Received the playground image. Detecting zones...
[rosout][INFO] 2017-07-10 14:58:48,508: Publishing the detected zones on /zones
[rosout][INFO] 2017-07-10 14:58:56,971: Received the playground image. Detecting zones...
[rosout][INFO] 2017-07-10 14:58:56,995: Publishing the detected zones on /zones
[rosout][INFO] 2017-07-10 14:58:57,726: Received the playground image. Detecting zones...
[rosout][INFO] 2017-07-10 14:58:57,745: Publishing the detected zones on /zones
[rosout][INFO] 2017-07-10 14:59:02,688: Received the playground image. Detecting zones...
[rosout][INFO] 2017-07-10 14:59:02,706: Publishing the detected zones on /zones
[rosout][INFO] 2017-07-10 14:59:06,484: Received the playground image. Detecting zones...
[rosout][INFO] 2017-07-10 14:59:06,506: Publishing the detected zones on /zones
[rosout][INFO] 2017-07-10 14:59:07,246: Received the playground image. Detecting zones...
[rosout][INFO] 2017-07-10 14:59:07,278: Publishing the detected zones on /zones
[rosout][INFO] 2017-07-10 14:59:07,981: Received the playground image. Detecting zones...
[rosout][INFO] 2017-07-10 14:59:08,018: Publishing the detected zones on /zones
[rosout][INFO] 2017-07-10 14:59:13,224: Received the playground image. Detecting zones...
[rosout][INFO] 2017-07-10 14:59:13,247: Publishing the detected zones on /zones
[rosout][INFO] 2017-07-10 14:59:14,241: Received the playground image. Detecting zones...
[rosout][INFO] 2017-07-10 14:59:14,259: Publishing the detected zones on /zones
[rosout][INFO] 2017-07-10 14:59:21,740: Received the playground image. Detecting zones...
[rosout][INFO] 2017-07-10 14:59:21,762: Publishing the detected zones on /zones
[rosout][INFO] 2017-07-10 14:59:26,256: Received the playground image. Detecting zones...
[rosout][INFO] 2017-07-10 14:59:26,274: Publishing the detected zones on /zones
[rosout][INFO] 2017-07-10 14:59:26,962: Received the playground image. Detecting zones...
[rosout][INFO] 2017-07-10 14:59:26,978: Publishing the detected zones on /zones
[rosout][INFO] 2017-07-10 14:59:27,735: Received the playground image. Detecting zones...
[rosout][INFO] 2017-07-10 14:59:27,754: Publishing the detected zones on /zones
[rosout][INFO] 2017-07-10 14:59:29,236: Received the playground image. Detecting zones...
[rosout][INFO] 2017-07-10 14:59:29,259: Publishing the detected zones on /zones
[rosout][INFO] 2017-07-10 14:59:36,500: Received the playground image. Detecting zones...
[rosout][INFO] 2017-07-10 14:59:36,525: Publishing the detected zones on /zones
[rosout][INFO] 2017-07-10 14:59:45,480: Received the playground image. Detecting zones...
[rosout][INFO] 2017-07-10 14:59:45,501: Publishing the detected zones on /zones
[rosout][INFO] 2017-07-10 14:59:48,015: Received the playground image. Detecting zones...
[rosout][INFO] 2017-07-10 14:59:48,055: Publishing the detected zones on /zones
[rosout][INFO] 2017-07-10 14:59:48,753: Received the playground image. Detecting zones...
[rosout][INFO] 2017-07-10 14:59:48,785: Publishing the detected zones on /zones
[rosout][INFO] 2017-07-10 14:59:49,502: Received the playground image. Detecting zones...
[rosout][INFO] 2017-07-10 14:59:49,533: Publishing the detected zones on /zones
[rosout][INFO] 2017-07-10 14:59:49,941: Received the playground image. Detecting zones...
[rosout][INFO] 2017-07-10 14:59:49,973: Publishing the detected zones on /zones
[rosout][INFO] 2017-07-10 14:59:51,223: Received the playground image. Detecting zones...
[rosout][INFO] 2017-07-10 14:59:51,248: Publishing the detected zones on /zones
[rosout][INFO] 2017-07-10 15:00:03,490: Received the playground image. Detecting zones...
[rosout][INFO] 2017-07-10 15:00:03,508: Publishing the detected zones on /zones
[rosout][INFO] 2017-07-10 15:00:05,268: Received the playground image. Detecting zones...
[rosout][INFO] 2017-07-10 15:00:05,290: Publishing the detected zones on /zones
[rosout][INFO] 2017-07-10 15:00:06,941: Received the playground image. Detecting zones...
[rosout][INFO] 2017-07-10 15:00:06,957: Publishing the detected zones on /zones
[rosout][INFO] 2017-07-10 15:00:07,495: Received the playground image. Detecting zones...
[rosout][INFO] 2017-07-10 15:00:07,513: Publishing the detected zones on /zones
[rosout][INFO] 2017-07-10 15:00:07,741: Received the playground image. Detecting zones...
[rosout][INFO] 2017-07-10 15:00:07,762: Publishing the detected zones on /zones
[rosout][INFO] 2017-07-10 15:00:08,229: Received the playground image. Detecting zones...
[rosout][INFO] 2017-07-10 15:00:08,249: Publishing the detected zones on /zones
[rosout][INFO] 2017-07-10 15:00:13,931: Received the playground image. Detecting zones...
[rosout][INFO] 2017-07-10 15:00:13,947: Publishing the detected zones on /zones
[rosout][INFO] 2017-07-10 15:00:14,725: Received the playground image. Detecting zones...
[rosout][INFO] 2017-07-10 15:00:14,750: Publishing the detected zones on /zones
[rosout][INFO] 2017-07-10 15:00:18,958: Received the playground image. Detecting zones...
[rosout][INFO] 2017-07-10 15:00:18,983: Publishing the detected zones on /zones
[rosout][INFO] 2017-07-10 15:00:26,475: Received the playground image. Detecting zones...
[rosout][INFO] 2017-07-10 15:00:26,497: Publishing the detected zones on /zones
[rosout][INFO] 2017-07-10 15:00:29,473: Received the playground image. Detecting zones...
[rosout][INFO] 2017-07-10 15:00:29,499: Publishing the detected zones on /zones
[rosout][INFO] 2017-07-10 15:00:31,982: Received the playground image. Detecting zones...
[rosout][INFO] 2017-07-10 15:00:32,007: Publishing the detected zones on /zones
[rosout][INFO] 2017-07-10 15:00:33,490: Received the playground image. Detecting zones...
[rosout][INFO] 2017-07-10 15:00:33,514: Publishing the detected zones on /zones
[rosout][INFO] 2017-07-10 15:00:34,243: Received the playground image. Detecting zones...
[rosout][INFO] 2017-07-10 15:00:34,266: Publishing the detected zones on /zones
[rosout][INFO] 2017-07-10 15:00:36,684: Received the playground image. Detecting zones...
[rosout][INFO] 2017-07-10 15:00:36,716: Publishing the detected zones on /zones
[rosout][INFO] 2017-07-10 15:00:42,246: Received the playground image. Detecting zones...
[rosout][INFO] 2017-07-10 15:00:42,276: Publishing the detected zones on /zones
[rosout][INFO] 2017-07-10 15:00:42,710: Received the playground image. Detecting zones...
[rosout][INFO] 2017-07-10 15:00:42,733: Publishing the detected zones on /zones
[rosout][INFO] 2017-07-10 15:00:42,970: Received the playground image. Detecting zones...
[rosout][INFO] 2017-07-10 15:00:42,986: Publishing the detected zones on /zones
[rosout][INFO] 2017-07-10 15:00:43,464: Received the playground image. Detecting zones...
[rosout][INFO] 2017-07-10 15:00:43,498: Publishing the detected zones on /zones
[rosout][INFO] 2017-07-10 15:00:43,683: Received the playground image. Detecting zones...
[rosout][INFO] 2017-07-10 15:00:43,700: Publishing the detected zones on /zones
[rosout][INFO] 2017-07-10 15:00:44,483: Received the playground image. Detecting zones...
[rosout][INFO] 2017-07-10 15:00:44,504: Publishing the detected zones on /zones
[rosout][INFO] 2017-07-10 15:00:46,712: Received the playground image. Detecting zones...
[rosout][INFO] 2017-07-10 15:00:46,730: Publishing the detected zones on /zones
[rosout][INFO] 2017-07-10 15:00:50,981: Received the playground image. Detecting zones...
[rosout][INFO] 2017-07-10 15:00:50,998: Publishing the detected zones on /zones
[rosout][INFO] 2017-07-10 15:00:52,486: Received the playground image. Detecting zones...
[rosout][INFO] 2017-07-10 15:00:52,503: Publishing the detected zones on /zones
[rosout][INFO] 2017-07-10 15:00:57,741: Received the playground image. Detecting zones...
[rosout][INFO] 2017-07-10 15:00:57,763: Publishing the detected zones on /zones
[rosout][INFO] 2017-07-10 15:00:58,254: Received the playground image. Detecting zones...
[rosout][INFO] 2017-07-10 15:00:58,282: Publishing the detected zones on /zones
[rosout][INFO] 2017-07-10 15:00:58,482: Received the playground image. Detecting zones...
[rosout][INFO] 2017-07-10 15:00:58,500: Publishing the detected zones on /zones
[rosout][INFO] 2017-07-10 15:00:59,455: Received the playground image. Detecting zones...
[rosout][INFO] 2017-07-10 15:00:59,472: Publishing the detected zones on /zones
[rosout][INFO] 2017-07-10 15:01:00,714: Received the playground image. Detecting zones...
[rosout][INFO] 2017-07-10 15:01:00,732: Publishing the detected zones on /zones
[rosout][INFO] 2017-07-10 15:01:02,243: Received the playground image. Detecting zones...
[rosout][INFO] 2017-07-10 15:01:02,274: Publishing the detected zones on /zones
[rosout][INFO] 2017-07-10 15:01:03,681: Received the playground image. Detecting zones...
[rosout][INFO] 2017-07-10 15:01:03,701: Publishing the detected zones on /zones
[rosout][INFO] 2017-07-10 15:01:04,744: Received the playground image. Detecting zones...
[rosout][INFO] 2017-07-10 15:01:04,768: Publishing the detected zones on /zones
[rosout][INFO] 2017-07-10 15:01:07,990: Received the playground image. Detecting zones...
[rosout][INFO] 2017-07-10 15:01:08,013: Publishing the detected zones on /zones
[rosout][INFO] 2017-07-10 15:01:08,961: Received the playground image. Detecting zones...
[rosout][INFO] 2017-07-10 15:01:08,987: Publishing the detected zones on /zones
[rosout][INFO] 2017-07-10 15:01:09,977: Received the playground image. Detecting zones...
[rosout][INFO] 2017-07-10 15:01:10,000: Publishing the detected zones on /zones
[rosout][INFO] 2017-07-10 15:01:10,742: Received the playground image. Detecting zones...
[rosout][INFO] 2017-07-10 15:01:10,762: Publishing the detected zones on /zones
[rosout][INFO] 2017-07-10 15:01:14,500: Received the playground image. Detecting zones...
[rosout][INFO] 2017-07-10 15:01:14,521: Publishing the detected zones on /zones
[rosout][INFO] 2017-07-10 15:01:15,547: Received the playground image. Detecting zones...
[rosout][INFO] 2017-07-10 15:01:15,571: Publishing the detected zones on /zones
[rosout][INFO] 2017-07-10 15:01:15,958: Received the playground image. Detecting zones...
[rosout][INFO] 2017-07-10 15:01:15,976: Publishing the detected zones on /zones
[rosout][INFO] 2017-07-10 15:01:17,192: Received the playground image. Detecting zones...
[rosout][INFO] 2017-07-10 15:01:17,212: Publishing the detected zones on /zones
[rosout][INFO] 2017-07-10 15:01:20,453: Received the playground image. Detecting zones...
[rosout][INFO] 2017-07-10 15:01:20,473: Publishing the detected zones on /zones
[rosout][INFO] 2017-07-10 15:01:21,485: Received the playground image. Detecting zones...
[rosout][INFO] 2017-07-10 15:01:21,507: Publishing the detected zones on /zones
[rosout][INFO] 2017-07-10 15:01:22,234: Received the playground image. Detecting zones...
[rosout][INFO] 2017-07-10 15:01:22,264: Publishing the detected zones on /zones
[rosout][INFO] 2017-07-10 15:01:24,235: Received the playground image. Detecting zones...
[rosout][INFO] 2017-07-10 15:01:24,264: Publishing the detected zones on /zones
[rosout][INFO] 2017-07-10 15:01:46,987: Received the playground image. Detecting zones...
[rosout][INFO] 2017-07-10 15:01:47,022: Publishing the detected zones on /zones
[rosout][INFO] 2017-07-10 15:01:47,229: Received the playground image. Detecting zones...
[rosout][INFO] 2017-07-10 15:01:47,250: Publishing the detected zones on /zones
[rosout][INFO] 2017-07-10 15:01:48,211: Received the playground image. Detecting zones...
[rosout][INFO] 2017-07-10 15:01:48,238: Publishing the detected zones on /zones
[rosout][INFO] 2017-07-10 15:01:49,202: Received the playground image. Detecting zones...
[rosout][INFO] 2017-07-10 15:01:49,223: Publishing the detected zones on /zones
[rosout][INFO] 2017-07-10 15:01:50,273: Received the playground image. Detecting zones...
[rosout][INFO] 2017-07-10 15:01:50,302: Publishing the detected zones on /zones
[rosout][INFO] 2017-07-10 15:01:50,972: Received the playground image. Detecting zones...
[rosout][INFO] 2017-07-10 15:01:50,997: Publishing the detected zones on /zones
[rosout][INFO] 2017-07-10 15:01:51,948: Received the playground image. Detecting zones...
[rosout][INFO] 2017-07-10 15:01:51,977: Publishing the detected zones on /zones
[rosout][INFO] 2017-07-10 15:01:53,460: Received the playground image. Detecting zones...
[rosout][INFO] 2017-07-10 15:01:53,475: Publishing the detected zones on /zones
[rosout][INFO] 2017-07-10 15:01:54,214: Received the playground image. Detecting zones...
[rosout][INFO] 2017-07-10 15:01:54,235: Publishing the detected zones on /zones
[rosout][INFO] 2017-07-10 15:01:54,708: Received the playground image. Detecting zones...
[rosout][INFO] 2017-07-10 15:01:54,725: Publishing the detected zones on /zones
[rosout][INFO] 2017-07-10 15:01:55,257: Received the playground image. Detecting zones...
[rosout][INFO] 2017-07-10 15:01:55,283: Publishing the detected zones on /zones
[rosout][INFO] 2017-07-10 15:01:56,247: Received the playground image. Detecting zones...
[rosout][INFO] 2017-07-10 15:01:56,272: Publishing the detected zones on /zones
[rosout][INFO] 2017-07-10 15:01:56,737: Received the playground image. Detecting zones...
[rosout][INFO] 2017-07-10 15:01:56,753: Publishing the detected zones on /zones
[rosout][INFO] 2017-07-10 15:01:57,481: Received the playground image. Detecting zones...
[rosout][INFO] 2017-07-10 15:01:57,505: Publishing the detected zones on /zones
[rosout][INFO] 2017-07-10 15:01:58,261: Received the playground image. Detecting zones...
[rosout][INFO] 2017-07-10 15:01:58,286: Publishing the detected zones on /zones
[rosout][INFO] 2017-07-10 15:01:58,706: Received the playground image. Detecting zones...
[rosout][INFO] 2017-07-10 15:01:58,722: Publishing the detected zones on /zones
[rosout][INFO] 2017-07-10 15:01:59,963: Received the playground image. Detecting zones...
[rosout][INFO] 2017-07-10 15:01:59,983: Publishing the detected zones on /zones
[rosout][INFO] 2017-07-10 15:02:02,251: Received the playground image. Detecting zones...
[rosout][INFO] 2017-07-10 15:02:02,280: Publishing the detected zones on /zones
[rosout][INFO] 2017-07-10 15:02:06,954: Received the playground image. Detecting zones...
[rosout][INFO] 2017-07-10 15:02:06,975: Publishing the detected zones on /zones
[rosout][INFO] 2017-07-10 15:02:07,739: Received the playground image. Detecting zones...
[rosout][INFO] 2017-07-10 15:02:07,755: Publishing the detected zones on /zones
[rosout][INFO] 2017-07-10 15:02:08,727: Received the playground image. Detecting zones...
[rosout][INFO] 2017-07-10 15:02:08,749: Publishing the detected zones on /zones
[rosout][INFO] 2017-07-10 15:02:16,948: Received the playground image. Detecting zones...
[rosout][INFO] 2017-07-10 15:02:16,965: Publishing the detected zones on /zones
[rosout][INFO] 2017-07-10 15:02:20,732: Received the playground image. Detecting zones...
[rosout][INFO] 2017-07-10 15:02:20,755: Publishing the detected zones on /zones
[rosout][INFO] 2017-07-10 15:02:21,760: Received the playground image. Detecting zones...
[rosout][INFO] 2017-07-10 15:02:21,779: Publishing the detected zones on /zones
[rosout][INFO] 2017-07-10 15:02:23,955: Received the playground image. Detecting zones...
[rosout][INFO] 2017-07-10 15:02:23,980: Publishing the detected zones on /zones
[rosout][INFO] 2017-07-10 15:02:24,760: Received the playground image. Detecting zones...
[rosout][INFO] 2017-07-10 15:02:24,779: Publishing the detected zones on /zones
[rosout][INFO] 2017-07-10 15:02:25,752: Received the playground image. Detecting zones...
[rosout][INFO] 2017-07-10 15:02:25,773: Publishing the detected zones on /zones
[rosout][INFO] 2017-07-10 15:02:29,983: Received the playground image. Detecting zones...
[rosout][INFO] 2017-07-10 15:02:30,005: Publishing the detected zones on /zones
[rosout][INFO] 2017-07-10 15:02:30,250: Received the playground image. Detecting zones...
[rosout][INFO] 2017-07-10 15:02:30,275: Publishing the detected zones on /zones
[rosout][INFO] 2017-07-10 15:02:30,499: Received the playground image. Detecting zones...
[rosout][INFO] 2017-07-10 15:02:30,517: Publishing the detected zones on /zones
[rosout][INFO] 2017-07-10 15:02:31,254: Received the playground image. Detecting zones...
[rosout][INFO] 2017-07-10 15:02:31,271: Publishing the detected zones on /zones
[rosout][INFO] 2017-07-10 15:02:33,757: Received the playground image. Detecting zones...
[rosout][INFO] 2017-07-10 15:02:33,773: Publishing the detected zones on /zones
[rosout][INFO] 2017-07-10 15:02:34,725: Received the playground image. Detecting zones...
[rosout][INFO] 2017-07-10 15:02:34,741: Publishing the detected zones on /zones
[rosout][INFO] 2017-07-10 15:02:40,253: Received the playground image. Detecting zones...
[rosout][INFO] 2017-07-10 15:02:40,273: Publishing the detected zones on /zones
[rosout][INFO] 2017-07-10 15:02:41,728: Received the playground image. Detecting zones...
[rosout][INFO] 2017-07-10 15:02:41,759: Publishing the detected zones on /zones
[rosout][INFO] 2017-07-10 15:02:43,685: Received the playground image. Detecting zones...
[rosout][INFO] 2017-07-10 15:02:43,704: Publishing the detected zones on /zones
[rosout][INFO] 2017-07-10 15:02:44,729: Received the playground image. Detecting zones...
[rosout][INFO] 2017-07-10 15:02:44,747: Publishing the detected zones on /zones
[rosout][INFO] 2017-07-10 15:02:45,921: Received the playground image. Detecting zones...
[rosout][INFO] 2017-07-10 15:02:45,938: Publishing the detected zones on /zones
[rosout][INFO] 2017-07-10 15:02:46,437: Received the playground image. Detecting zones...
[rosout][INFO] 2017-07-10 15:02:46,460: Publishing the detected zones on /zones
[rospy.internal][INFO] 2017-07-10 15:02:53,391: topic[/zones] removing connection to /sandbox_play
[rospy.internal][INFO] 2017-07-10 15:02:57,393: topic[/zones] removing connection to /rosbag_record_freeplay_sandbox
[rospy.core][INFO] 2017-07-10 15:03:01,642: signal_shutdown [signal-15]
[rospy.internal][INFO] 2017-07-10 15:03:01,649: topic[/rosout] removing connection to /rosout
[rospy.internal][INFO] 2017-07-10 15:03:01,649: topic[/sandtray/background/image] removing connection to http://sandtray-hrilab:40271/
[rospy.internal][INFO] 2017-07-10 15:03:01,650: topic[/sandtray/background/camera_info] removing connection to http://sandtray-hrilab:40271/
[rospy.internal][WARNING] 2017-07-10 15:03:01,651: Unknown error initiating TCP/IP socket to sandtray-hrilab:48029 (http://sandtray-hrilab:40271/): Traceback (most recent call last):
  File "/opt/ros/kinetic/lib/python2.7/dist-packages/rospy/impl/tcpros_base.py", line 557, in connect
    self.read_header()
  File "/opt/ros/kinetic/lib/python2.7/dist-packages/rospy/impl/tcpros_base.py", line 650, in read_header
    self._validate_header(read_ros_handshake_header(sock, self.read_buff, self.protocol.buff_size))
AttributeError: 'NoneType' object has no attribute 'buff_size'

[rospy.topics][ERROR] 2017-07-10 15:03:01,651: Traceback (most recent call last):
  File "/opt/ros/kinetic/lib/python2.7/dist-packages/rospy/topics.py", line 326, in close
    c.close()
  File "/opt/ros/kinetic/lib/python2.7/dist-packages/rospy/impl/tcpros_base.py", line 838, in close
    self.socket.close()
AttributeError: 'NoneType' object has no attribute 'close'

[rospy.impl.masterslave][INFO] 2017-07-10 15:03:01,651: signal-15
[rospy.core][INFO] 2017-07-10 15:03:01,723: signal_shutdown [signal-2]
[rospy.core][INFO] 2017-07-10 15:03:01,723: signal_shutdown [atexit]
