[rospy.client][INFO] 2017-07-06 11:51:12,096: init_node, name[/sandbox_zones_from_image], pid[19858]
[xmlrpc][INFO] 2017-07-06 11:51:12,097: XML-RPC server binding to 0.0.0.0:0
[xmlrpc][INFO] 2017-07-06 11:51:12,097: Started XML-RPC server [http://sandtray-hrilab:39844/]
[rospy.impl.masterslave][INFO] 2017-07-06 11:51:12,097: _ready: http://sandtray-hrilab:39844/
[rospy.init][INFO] 2017-07-06 11:51:12,097: ROS Slave URI: [http://sandtray-hrilab:39844/]
[rospy.registration][INFO] 2017-07-06 11:51:12,098: Registering with master node http://localhost:11311
[xmlrpc][INFO] 2017-07-06 11:51:12,098: xml rpc node: starting XML-RPC server
[rospy.init][INFO] 2017-07-06 11:51:12,198: registered with master
[rospy.rosout][INFO] 2017-07-06 11:51:12,198: initializing /rosout core topic
[rospy.rosout][INFO] 2017-07-06 11:51:12,201: connected to core topic /rosout
[rospy.simtime][INFO] 2017-07-06 11:51:12,203: /use_sim_time is not set, will not subscribe to simulated time [/clock] topic
[rosout][INFO] 2017-07-06 11:51:12,211: Waiting for images of the playground
[rospy.internal][INFO] 2017-07-06 11:51:12,213: topic[/sandtray/background/camera_info] adding connection to [http://sandtray-hrilab:39575/], count 0
[rospy.internal][INFO] 2017-07-06 11:51:12,214: topic[/sandtray/background/image] adding connection to [http://sandtray-hrilab:39575/], count 0
[rosout][INFO] 2017-07-06 11:51:12,226: Received the playground image. Detecting zones...
[rosout][INFO] 2017-07-06 11:51:12,247: Publishing the detected zones on /zones
[rospy.internal][INFO] 2017-07-06 11:51:12,377: topic[/rosout] adding connection to [/rosout], count 0
[rosout][INFO] 2017-07-06 11:53:28,710: Received the playground image. Detecting zones...
[rosout][INFO] 2017-07-06 11:53:28,729: Publishing the detected zones on /zones
[rosout][INFO] 2017-07-06 11:54:04,189: Received the playground image. Detecting zones...
[rosout][INFO] 2017-07-06 11:54:04,201: Publishing the detected zones on /zones
[rosout][INFO] 2017-07-06 11:54:06,454: Received the playground image. Detecting zones...
[rosout][INFO] 2017-07-06 11:54:06,469: Publishing the detected zones on /zones
[rosout][INFO] 2017-07-06 11:54:07,703: Received the playground image. Detecting zones...
[rosout][INFO] 2017-07-06 11:54:07,719: Publishing the detected zones on /zones
[rosout][INFO] 2017-07-06 11:54:08,946: Received the playground image. Detecting zones...
[rosout][INFO] 2017-07-06 11:54:08,960: Publishing the detected zones on /zones
[rosout][INFO] 2017-07-06 11:54:10,189: Received the playground image. Detecting zones...
[rosout][INFO] 2017-07-06 11:54:10,200: Publishing the detected zones on /zones
[rosout][INFO] 2017-07-06 11:54:18,696: Received the playground image. Detecting zones...
[rosout][INFO] 2017-07-06 11:54:18,709: Publishing the detected zones on /zones
[rosout][INFO] 2017-07-06 11:54:23,449: Received the playground image. Detecting zones...
[rosout][INFO] 2017-07-06 11:54:23,459: Publishing the detected zones on /zones
[rosout][INFO] 2017-07-06 11:54:51,713: Received the playground image. Detecting zones...
[rosout][INFO] 2017-07-06 11:54:51,724: Publishing the detected zones on /zones
[rosout][INFO] 2017-07-06 11:58:07,957: Received the playground image. Detecting zones...
[rosout][INFO] 2017-07-06 11:58:07,967: Publishing the detected zones on /zones
[rospy.internal][INFO] 2017-07-06 11:58:08,779: topic[/zones] adding connection to [/rosbag_record_freeplay_sandbox], count 0
[rospy.internal][INFO] 2017-07-06 11:58:09,297: topic[/zones] adding connection to [/sandbox_play], count 1
[rosout][INFO] 2017-07-06 12:00:02,964: Received the playground image. Detecting zones...
[rosout][INFO] 2017-07-06 12:00:03,016: Publishing the detected zones on /zones
[rosout][INFO] 2017-07-06 12:00:04,053: Received the playground image. Detecting zones...
[rosout][INFO] 2017-07-06 12:00:04,073: Publishing the detected zones on /zones
[rosout][INFO] 2017-07-06 12:00:14,364: Received the playground image. Detecting zones...
[rosout][INFO] 2017-07-06 12:00:14,384: Publishing the detected zones on /zones
[rosout][INFO] 2017-07-06 12:00:15,118: Received the playground image. Detecting zones...
[rosout][INFO] 2017-07-06 12:00:15,142: Publishing the detected zones on /zones
[rosout][INFO] 2017-07-06 12:00:15,618: Received the playground image. Detecting zones...
[rosout][INFO] 2017-07-06 12:00:15,647: Publishing the detected zones on /zones
[rosout][INFO] 2017-07-06 12:00:16,082: Received the playground image. Detecting zones...
[rosout][INFO] 2017-07-06 12:00:16,106: Publishing the detected zones on /zones
[rosout][INFO] 2017-07-06 12:00:17,817: Received the playground image. Detecting zones...
[rosout][INFO] 2017-07-06 12:00:17,849: Publishing the detected zones on /zones
[rosout][INFO] 2017-07-06 12:00:21,105: Received the playground image. Detecting zones...
[rosout][INFO] 2017-07-06 12:00:21,144: Publishing the detected zones on /zones
[rosout][INFO] 2017-07-06 12:00:22,327: Received the playground image. Detecting zones...
[rosout][INFO] 2017-07-06 12:00:22,356: Publishing the detected zones on /zones
[rosout][INFO] 2017-07-06 12:00:25,574: Received the playground image. Detecting zones...
[rosout][INFO] 2017-07-06 12:00:25,597: Publishing the detected zones on /zones
[rosout][INFO] 2017-07-06 12:00:26,093: Received the playground image. Detecting zones...
[rosout][INFO] 2017-07-06 12:00:26,129: Publishing the detected zones on /zones
[rosout][INFO] 2017-07-06 12:00:29,378: Received the playground image. Detecting zones...
[rosout][INFO] 2017-07-06 12:00:29,410: Publishing the detected zones on /zones
[rosout][INFO] 2017-07-06 12:00:32,806: Received the playground image. Detecting zones...
[rosout][INFO] 2017-07-06 12:00:32,831: Publishing the detected zones on /zones
[rosout][INFO] 2017-07-06 12:00:37,893: Received the playground image. Detecting zones...
[rosout][INFO] 2017-07-06 12:00:37,921: Publishing the detected zones on /zones
[rosout][INFO] 2017-07-06 12:00:41,446: Received the playground image. Detecting zones...
[rosout][INFO] 2017-07-06 12:00:41,491: Publishing the detected zones on /zones
[rosout][INFO] 2017-07-06 12:00:42,124: Received the playground image. Detecting zones...
[rosout][INFO] 2017-07-06 12:00:42,154: Publishing the detected zones on /zones
[rosout][INFO] 2017-07-06 12:00:44,587: Received the playground image. Detecting zones...
[rosout][INFO] 2017-07-06 12:00:44,612: Publishing the detected zones on /zones
[rosout][INFO] 2017-07-06 12:00:52,809: Received the playground image. Detecting zones...
[rosout][INFO] 2017-07-06 12:00:52,830: Publishing the detected zones on /zones
[rosout][INFO] 2017-07-06 12:00:54,104: Received the playground image. Detecting zones...
[rosout][INFO] 2017-07-06 12:00:54,124: Publishing the detected zones on /zones
[rosout][INFO] 2017-07-06 12:00:56,797: Received the playground image. Detecting zones...
[rosout][INFO] 2017-07-06 12:00:56,820: Publishing the detected zones on /zones
[rosout][INFO] 2017-07-06 12:00:57,342: Received the playground image. Detecting zones...
[rosout][INFO] 2017-07-06 12:00:57,367: Publishing the detected zones on /zones
[rosout][INFO] 2017-07-06 12:00:57,598: Received the playground image. Detecting zones...
[rosout][INFO] 2017-07-06 12:00:57,624: Publishing the detected zones on /zones
[rosout][INFO] 2017-07-06 12:00:58,060: Received the playground image. Detecting zones...
[rosout][INFO] 2017-07-06 12:00:58,091: Publishing the detected zones on /zones
[rosout][INFO] 2017-07-06 12:00:59,091: Received the playground image. Detecting zones...
[rosout][INFO] 2017-07-06 12:00:59,124: Publishing the detected zones on /zones
[rosout][INFO] 2017-07-06 12:00:59,586: Received the playground image. Detecting zones...
[rosout][INFO] 2017-07-06 12:00:59,618: Publishing the detected zones on /zones
[rosout][INFO] 2017-07-06 12:01:00,107: Received the playground image. Detecting zones...
[rosout][INFO] 2017-07-06 12:01:00,142: Publishing the detected zones on /zones
[rosout][INFO] 2017-07-06 12:01:00,392: Received the playground image. Detecting zones...
[rosout][INFO] 2017-07-06 12:01:00,417: Publishing the detected zones on /zones
[rosout][INFO] 2017-07-06 12:01:00,800: Received the playground image. Detecting zones...
[rosout][INFO] 2017-07-06 12:01:00,818: Publishing the detected zones on /zones
[rosout][INFO] 2017-07-06 12:01:01,337: Received the playground image. Detecting zones...
[rosout][INFO] 2017-07-06 12:01:01,359: Publishing the detected zones on /zones
[rosout][INFO] 2017-07-06 12:01:02,590: Received the playground image. Detecting zones...
[rosout][INFO] 2017-07-06 12:01:02,613: Publishing the detected zones on /zones
[rosout][INFO] 2017-07-06 12:01:03,102: Received the playground image. Detecting zones...
[rosout][INFO] 2017-07-06 12:01:03,127: Publishing the detected zones on /zones
[rosout][INFO] 2017-07-06 12:01:03,559: Received the playground image. Detecting zones...
[rosout][INFO] 2017-07-06 12:01:03,577: Publishing the detected zones on /zones
[rosout][INFO] 2017-07-06 12:01:04,351: Received the playground image. Detecting zones...
[rosout][INFO] 2017-07-06 12:01:04,378: Publishing the detected zones on /zones
[rosout][INFO] 2017-07-06 12:01:04,866: Received the playground image. Detecting zones...
[rosout][INFO] 2017-07-06 12:01:04,893: Publishing the detected zones on /zones
[rosout][INFO] 2017-07-06 12:01:05,365: Received the playground image. Detecting zones...
[rosout][INFO] 2017-07-06 12:01:05,398: Publishing the detected zones on /zones
[rosout][INFO] 2017-07-06 12:01:05,804: Received the playground image. Detecting zones...
[rosout][INFO] 2017-07-06 12:01:05,837: Publishing the detected zones on /zones
[rosout][INFO] 2017-07-06 12:01:17,583: Received the playground image. Detecting zones...
[rosout][INFO] 2017-07-06 12:01:17,599: Publishing the detected zones on /zones
[rosout][INFO] 2017-07-06 12:01:23,323: Received the playground image. Detecting zones...
[rosout][INFO] 2017-07-06 12:01:23,347: Publishing the detected zones on /zones
[rosout][INFO] 2017-07-06 12:01:31,097: Received the playground image. Detecting zones...
[rosout][INFO] 2017-07-06 12:01:31,128: Publishing the detected zones on /zones
[rosout][INFO] 2017-07-06 12:01:44,338: Received the playground image. Detecting zones...
[rosout][INFO] 2017-07-06 12:01:44,359: Publishing the detected zones on /zones
[rosout][INFO] 2017-07-06 12:01:51,853: Received the playground image. Detecting zones...
[rosout][INFO] 2017-07-06 12:01:51,877: Publishing the detected zones on /zones
[rosout][INFO] 2017-07-06 12:01:55,340: Received the playground image. Detecting zones...
[rosout][INFO] 2017-07-06 12:01:55,363: Publishing the detected zones on /zones
[rosout][INFO] 2017-07-06 12:01:56,579: Received the playground image. Detecting zones...
[rosout][INFO] 2017-07-06 12:01:56,598: Publishing the detected zones on /zones
[rosout][INFO] 2017-07-06 12:01:58,333: Received the playground image. Detecting zones...
[rosout][INFO] 2017-07-06 12:01:58,354: Publishing the detected zones on /zones
[rosout][INFO] 2017-07-06 12:02:00,818: Received the playground image. Detecting zones...
[rosout][INFO] 2017-07-06 12:02:00,834: Publishing the detected zones on /zones
[rosout][INFO] 2017-07-06 12:02:03,329: Received the playground image. Detecting zones...
[rosout][INFO] 2017-07-06 12:02:03,353: Publishing the detected zones on /zones
[rosout][INFO] 2017-07-06 12:02:04,589: Received the playground image. Detecting zones...
[rosout][INFO] 2017-07-06 12:02:04,608: Publishing the detected zones on /zones
[rosout][INFO] 2017-07-06 12:02:05,586: Received the playground image. Detecting zones...
[rosout][INFO] 2017-07-06 12:02:05,609: Publishing the detected zones on /zones
[rosout][INFO] 2017-07-06 12:02:08,109: Received the playground image. Detecting zones...
[rosout][INFO] 2017-07-06 12:02:08,133: Publishing the detected zones on /zones
[rosout][INFO] 2017-07-06 12:02:11,072: Received the playground image. Detecting zones...
[rosout][INFO] 2017-07-06 12:02:11,097: Publishing the detected zones on /zones
[rosout][INFO] 2017-07-06 12:02:12,854: Received the playground image. Detecting zones...
[rosout][INFO] 2017-07-06 12:02:12,887: Publishing the detected zones on /zones
[rosout][INFO] 2017-07-06 12:02:17,796: Received the playground image. Detecting zones...
[rosout][INFO] 2017-07-06 12:02:17,833: Publishing the detected zones on /zones
[rosout][INFO] 2017-07-06 12:02:19,823: Received the playground image. Detecting zones...
[rosout][INFO] 2017-07-06 12:02:19,855: Publishing the detected zones on /zones
[rosout][INFO] 2017-07-06 12:02:54,629: Received the playground image. Detecting zones...
[rosout][INFO] 2017-07-06 12:02:54,659: Publishing the detected zones on /zones
[rosout][INFO] 2017-07-06 12:03:02,376: Received the playground image. Detecting zones...
[rosout][INFO] 2017-07-06 12:03:02,400: Publishing the detected zones on /zones
[rosout][INFO] 2017-07-06 12:03:07,337: Received the playground image. Detecting zones...
[rosout][INFO] 2017-07-06 12:03:07,356: Publishing the detected zones on /zones
[rosout][INFO] 2017-07-06 12:03:13,565: Received the playground image. Detecting zones...
[rosout][INFO] 2017-07-06 12:03:13,588: Publishing the detected zones on /zones
[rosout][INFO] 2017-07-06 12:03:16,337: Received the playground image. Detecting zones...
[rosout][INFO] 2017-07-06 12:03:16,371: Publishing the detected zones on /zones
[rosout][INFO] 2017-07-06 12:03:22,090: Received the playground image. Detecting zones...
[rosout][INFO] 2017-07-06 12:03:22,115: Publishing the detected zones on /zones
[rosout][INFO] 2017-07-06 12:03:22,848: Received the playground image. Detecting zones...
[rosout][INFO] 2017-07-06 12:03:22,872: Publishing the detected zones on /zones
[rosout][INFO] 2017-07-06 12:03:28,058: Received the playground image. Detecting zones...
[rosout][INFO] 2017-07-06 12:03:28,082: Publishing the detected zones on /zones
[rosout][INFO] 2017-07-06 12:03:32,406: Received the playground image. Detecting zones...
[rosout][INFO] 2017-07-06 12:03:32,432: Publishing the detected zones on /zones
[rosout][INFO] 2017-07-06 12:03:37,836: Received the playground image. Detecting zones...
[rosout][INFO] 2017-07-06 12:03:37,859: Publishing the detected zones on /zones
[rosout][INFO] 2017-07-06 12:03:49,605: Received the playground image. Detecting zones...
[rosout][INFO] 2017-07-06 12:03:49,634: Publishing the detected zones on /zones
[rosout][INFO] 2017-07-06 12:03:54,352: Received the playground image. Detecting zones...
[rosout][INFO] 2017-07-06 12:03:54,372: Publishing the detected zones on /zones
[rosout][INFO] 2017-07-06 12:03:57,830: Received the playground image. Detecting zones...
[rosout][INFO] 2017-07-06 12:03:57,856: Publishing the detected zones on /zones
[rosout][INFO] 2017-07-06 12:03:59,377: Received the playground image. Detecting zones...
[rosout][INFO] 2017-07-06 12:03:59,400: Publishing the detected zones on /zones
[rosout][INFO] 2017-07-06 12:04:10,596: Received the playground image. Detecting zones...
[rosout][INFO] 2017-07-06 12:04:10,620: Publishing the detected zones on /zones
[rosout][INFO] 2017-07-06 12:04:11,173: Received the playground image. Detecting zones...
[rosout][INFO] 2017-07-06 12:04:11,197: Publishing the detected zones on /zones
[rosout][INFO] 2017-07-06 12:04:11,850: Received the playground image. Detecting zones...
[rosout][INFO] 2017-07-06 12:04:11,895: Publishing the detected zones on /zones
[rosout][INFO] 2017-07-06 12:04:12,353: Received the playground image. Detecting zones...
[rosout][INFO] 2017-07-06 12:04:12,375: Publishing the detected zones on /zones
[rosout][INFO] 2017-07-06 12:04:13,142: Received the playground image. Detecting zones...
[rosout][INFO] 2017-07-06 12:04:13,168: Publishing the detected zones on /zones
[rosout][INFO] 2017-07-06 12:04:13,623: Received the playground image. Detecting zones...
[rosout][INFO] 2017-07-06 12:04:13,642: Publishing the detected zones on /zones
[rosout][INFO] 2017-07-06 12:04:14,391: Received the playground image. Detecting zones...
[rosout][INFO] 2017-07-06 12:04:14,413: Publishing the detected zones on /zones
[rosout][INFO] 2017-07-06 12:04:15,089: Received the playground image. Detecting zones...
[rosout][INFO] 2017-07-06 12:04:15,113: Publishing the detected zones on /zones
[rosout][INFO] 2017-07-06 12:04:20,355: Received the playground image. Detecting zones...
[rosout][INFO] 2017-07-06 12:04:20,392: Publishing the detected zones on /zones
[rosout][INFO] 2017-07-06 12:04:25,842: Received the playground image. Detecting zones...
[rosout][INFO] 2017-07-06 12:04:25,862: Publishing the detected zones on /zones
[rosout][INFO] 2017-07-06 12:04:28,383: Received the playground image. Detecting zones...
[rosout][INFO] 2017-07-06 12:04:28,414: Publishing the detected zones on /zones
[rosout][INFO] 2017-07-06 12:04:31,895: Received the playground image. Detecting zones...
[rosout][INFO] 2017-07-06 12:04:31,932: Publishing the detected zones on /zones
[rosout][INFO] 2017-07-06 12:04:36,187: Received the playground image. Detecting zones...
[rosout][INFO] 2017-07-06 12:04:36,227: Publishing the detected zones on /zones
[rosout][INFO] 2017-07-06 12:04:41,582: Received the playground image. Detecting zones...
[rosout][INFO] 2017-07-06 12:04:41,611: Publishing the detected zones on /zones
[rosout][INFO] 2017-07-06 12:04:45,351: Received the playground image. Detecting zones...
[rosout][INFO] 2017-07-06 12:04:45,370: Publishing the detected zones on /zones
[rosout][INFO] 2017-07-06 12:04:46,082: Received the playground image. Detecting zones...
[rosout][INFO] 2017-07-06 12:04:46,102: Publishing the detected zones on /zones
[rosout][INFO] 2017-07-06 12:04:48,552: Received the playground image. Detecting zones...
[rosout][INFO] 2017-07-06 12:04:48,571: Publishing the detected zones on /zones
[rosout][INFO] 2017-07-06 12:04:55,343: Received the playground image. Detecting zones...
[rosout][INFO] 2017-07-06 12:04:55,378: Publishing the detected zones on /zones
[rosout][INFO] 2017-07-06 12:04:59,071: Received the playground image. Detecting zones...
[rosout][INFO] 2017-07-06 12:04:59,098: Publishing the detected zones on /zones
[rosout][INFO] 2017-07-06 12:05:02,105: Received the playground image. Detecting zones...
[rosout][INFO] 2017-07-06 12:05:02,131: Publishing the detected zones on /zones
[rosout][INFO] 2017-07-06 12:05:05,122: Received the playground image. Detecting zones...
[rosout][INFO] 2017-07-06 12:05:05,153: Publishing the detected zones on /zones
[rosout][INFO] 2017-07-06 12:05:07,093: Received the playground image. Detecting zones...
[rosout][INFO] 2017-07-06 12:05:07,127: Publishing the detected zones on /zones
[rosout][INFO] 2017-07-06 12:05:55,883: Received the playground image. Detecting zones...
[rosout][INFO] 2017-07-06 12:05:55,921: Publishing the detected zones on /zones
[rosout][INFO] 2017-07-06 12:06:08,818: Received the playground image. Detecting zones...
[rosout][INFO] 2017-07-06 12:06:08,852: Publishing the detected zones on /zones
[rosout][INFO] 2017-07-06 12:06:12,099: Received the playground image. Detecting zones...
[rosout][INFO] 2017-07-06 12:06:12,133: Publishing the detected zones on /zones
[rosout][INFO] 2017-07-06 12:06:17,325: Received the playground image. Detecting zones...
[rosout][INFO] 2017-07-06 12:06:17,350: Publishing the detected zones on /zones
[rosout][INFO] 2017-07-06 12:06:24,828: Received the playground image. Detecting zones...
[rosout][INFO] 2017-07-06 12:06:24,847: Publishing the detected zones on /zones
[rosout][INFO] 2017-07-06 12:06:30,358: Received the playground image. Detecting zones...
[rosout][INFO] 2017-07-06 12:06:30,381: Publishing the detected zones on /zones
[rosout][INFO] 2017-07-06 12:06:31,548: Received the playground image. Detecting zones...
[rosout][INFO] 2017-07-06 12:06:31,571: Publishing the detected zones on /zones
[rosout][INFO] 2017-07-06 12:06:33,364: Received the playground image. Detecting zones...
[rosout][INFO] 2017-07-06 12:06:33,384: Publishing the detected zones on /zones
[rosout][INFO] 2017-07-06 12:06:38,791: Received the playground image. Detecting zones...
[rosout][INFO] 2017-07-06 12:06:38,817: Publishing the detected zones on /zones
[rosout][INFO] 2017-07-06 12:06:41,325: Received the playground image. Detecting zones...
[rosout][INFO] 2017-07-06 12:06:41,344: Publishing the detected zones on /zones
[rosout][INFO] 2017-07-06 12:06:52,605: Received the playground image. Detecting zones...
[rosout][INFO] 2017-07-06 12:06:52,625: Publishing the detected zones on /zones
[rosout][INFO] 2017-07-06 12:06:53,375: Received the playground image. Detecting zones...
[rosout][INFO] 2017-07-06 12:06:53,399: Publishing the detected zones on /zones
[rosout][INFO] 2017-07-06 12:06:54,090: Received the playground image. Detecting zones...
[rosout][INFO] 2017-07-06 12:06:54,119: Publishing the detected zones on /zones
[rosout][INFO] 2017-07-06 12:06:55,091: Received the playground image. Detecting zones...
[rosout][INFO] 2017-07-06 12:06:55,120: Publishing the detected zones on /zones
[rosout][INFO] 2017-07-06 12:06:56,331: Received the playground image. Detecting zones...
[rosout][INFO] 2017-07-06 12:06:56,373: Publishing the detected zones on /zones
[rosout][INFO] 2017-07-06 12:06:59,088: Received the playground image. Detecting zones...
[rosout][INFO] 2017-07-06 12:06:59,119: Publishing the detected zones on /zones
[rosout][INFO] 2017-07-06 12:07:25,347: Received the playground image. Detecting zones...
[rosout][INFO] 2017-07-06 12:07:25,370: Publishing the detected zones on /zones
[rosout][INFO] 2017-07-06 12:07:26,587: Received the playground image. Detecting zones...
[rosout][INFO] 2017-07-06 12:07:26,606: Publishing the detected zones on /zones
[rosout][INFO] 2017-07-06 12:07:28,077: Received the playground image. Detecting zones...
[rosout][INFO] 2017-07-06 12:07:28,099: Publishing the detected zones on /zones
[rosout][INFO] 2017-07-06 12:07:31,842: Received the playground image. Detecting zones...
[rosout][INFO] 2017-07-06 12:07:31,871: Publishing the detected zones on /zones
[rosout][INFO] 2017-07-06 12:07:34,852: Received the playground image. Detecting zones...
[rosout][INFO] 2017-07-06 12:07:34,882: Publishing the detected zones on /zones
[rosout][INFO] 2017-07-06 12:07:37,303: Received the playground image. Detecting zones...
[rosout][INFO] 2017-07-06 12:07:37,336: Publishing the detected zones on /zones
[rosout][INFO] 2017-07-06 12:07:38,148: Received the playground image. Detecting zones...
[rosout][INFO] 2017-07-06 12:07:38,171: Publishing the detected zones on /zones
[rosout][INFO] 2017-07-06 12:08:31,369: Received the playground image. Detecting zones...
[rosout][INFO] 2017-07-06 12:08:31,402: Publishing the detected zones on /zones
[rosout][INFO] 2017-07-06 12:08:48,610: Received the playground image. Detecting zones...
[rosout][INFO] 2017-07-06 12:08:48,634: Publishing the detected zones on /zones
[rosout][INFO] 2017-07-06 12:08:52,095: Received the playground image. Detecting zones...
[rosout][INFO] 2017-07-06 12:08:52,126: Publishing the detected zones on /zones
[rosout][INFO] 2017-07-06 12:09:00,839: Received the playground image. Detecting zones...
[rosout][INFO] 2017-07-06 12:09:00,860: Publishing the detected zones on /zones
[rosout][INFO] 2017-07-06 12:09:02,554: Received the playground image. Detecting zones...
[rosout][INFO] 2017-07-06 12:09:02,576: Publishing the detected zones on /zones
[rosout][INFO] 2017-07-06 12:09:11,566: Received the playground image. Detecting zones...
[rosout][INFO] 2017-07-06 12:09:11,591: Publishing the detected zones on /zones
[rosout][INFO] 2017-07-06 12:09:17,609: Received the playground image. Detecting zones...
[rosout][INFO] 2017-07-06 12:09:17,634: Publishing the detected zones on /zones
[rosout][INFO] 2017-07-06 12:09:24,572: Received the playground image. Detecting zones...
[rosout][INFO] 2017-07-06 12:09:24,610: Publishing the detected zones on /zones
[rosout][INFO] 2017-07-06 12:09:30,091: Received the playground image. Detecting zones...
[rosout][INFO] 2017-07-06 12:09:30,130: Publishing the detected zones on /zones
[rosout][INFO] 2017-07-06 12:09:35,342: Received the playground image. Detecting zones...
[rosout][INFO] 2017-07-06 12:09:35,373: Publishing the detected zones on /zones
[rosout][INFO] 2017-07-06 12:09:42,821: Received the playground image. Detecting zones...
[rosout][INFO] 2017-07-06 12:09:42,860: Publishing the detected zones on /zones
[rosout][INFO] 2017-07-06 12:09:44,091: Received the playground image. Detecting zones...
[rosout][INFO] 2017-07-06 12:09:44,125: Publishing the detected zones on /zones
[rosout][INFO] 2017-07-06 12:09:50,856: Received the playground image. Detecting zones...
[rosout][INFO] 2017-07-06 12:09:50,897: Publishing the detected zones on /zones
[rosout][INFO] 2017-07-06 12:09:53,126: Received the playground image. Detecting zones...
[rosout][INFO] 2017-07-06 12:09:53,147: Publishing the detected zones on /zones
[rosout][INFO] 2017-07-06 12:09:53,590: Received the playground image. Detecting zones...
[rosout][INFO] 2017-07-06 12:09:53,619: Publishing the detected zones on /zones
[rosout][INFO] 2017-07-06 12:09:57,585: Received the playground image. Detecting zones...
[rosout][INFO] 2017-07-06 12:09:57,613: Publishing the detected zones on /zones
[rosout][INFO] 2017-07-06 12:10:03,161: Received the playground image. Detecting zones...
[rosout][INFO] 2017-07-06 12:10:03,194: Publishing the detected zones on /zones
[rosout][INFO] 2017-07-06 12:10:05,593: Received the playground image. Detecting zones...
[rosout][INFO] 2017-07-06 12:10:05,615: Publishing the detected zones on /zones
[rosout][INFO] 2017-07-06 12:10:07,074: Received the playground image. Detecting zones...
[rosout][INFO] 2017-07-06 12:10:07,106: Publishing the detected zones on /zones
[rosout][INFO] 2017-07-06 12:10:08,304: Received the playground image. Detecting zones...
[rosout][INFO] 2017-07-06 12:10:08,322: Publishing the detected zones on /zones
[rosout][INFO] 2017-07-06 12:10:10,365: Received the playground image. Detecting zones...
[rosout][INFO] 2017-07-06 12:10:10,394: Publishing the detected zones on /zones
[rosout][INFO] 2017-07-06 12:10:12,597: Received the playground image. Detecting zones...
[rosout][INFO] 2017-07-06 12:10:12,614: Publishing the detected zones on /zones
[rosout][INFO] 2017-07-06 12:10:26,321: Received the playground image. Detecting zones...
[rosout][INFO] 2017-07-06 12:10:26,367: Publishing the detected zones on /zones
[rosout][INFO] 2017-07-06 12:10:29,366: Received the playground image. Detecting zones...
[rosout][INFO] 2017-07-06 12:10:29,392: Publishing the detected zones on /zones
[rosout][INFO] 2017-07-06 12:10:31,372: Received the playground image. Detecting zones...
[rosout][INFO] 2017-07-06 12:10:31,406: Publishing the detected zones on /zones
[rosout][INFO] 2017-07-06 12:10:31,606: Received the playground image. Detecting zones...
[rosout][INFO] 2017-07-06 12:10:31,631: Publishing the detected zones on /zones
[rosout][INFO] 2017-07-06 12:10:33,575: Received the playground image. Detecting zones...
[rosout][INFO] 2017-07-06 12:10:33,604: Publishing the detected zones on /zones
[rosout][INFO] 2017-07-06 12:10:35,836: Received the playground image. Detecting zones...
[rosout][INFO] 2017-07-06 12:10:35,873: Publishing the detected zones on /zones
[rosout][INFO] 2017-07-06 12:10:41,370: Received the playground image. Detecting zones...
[rosout][INFO] 2017-07-06 12:10:41,405: Publishing the detected zones on /zones
[rosout][INFO] 2017-07-06 12:10:43,594: Received the playground image. Detecting zones...
[rosout][INFO] 2017-07-06 12:10:43,617: Publishing the detected zones on /zones
[rosout][INFO] 2017-07-06 12:10:47,074: Received the playground image. Detecting zones...
[rosout][INFO] 2017-07-06 12:10:47,108: Publishing the detected zones on /zones
[rosout][INFO] 2017-07-06 12:10:48,840: Received the playground image. Detecting zones...
[rosout][INFO] 2017-07-06 12:10:48,893: Publishing the detected zones on /zones
[rosout][INFO] 2017-07-06 12:11:00,502: Received the playground image. Detecting zones...
[rosout][INFO] 2017-07-06 12:11:00,540: Publishing the detected zones on /zones
[rosout][INFO] 2017-07-06 12:11:07,013: Received the playground image. Detecting zones...
[rosout][INFO] 2017-07-06 12:11:07,046: Publishing the detected zones on /zones
[rosout][INFO] 2017-07-06 12:11:08,398: Received the playground image. Detecting zones...
[rosout][INFO] 2017-07-06 12:11:08,421: Publishing the detected zones on /zones
[rosout][INFO] 2017-07-06 12:11:09,353: Received the playground image. Detecting zones...
[rosout][INFO] 2017-07-06 12:11:09,377: Publishing the detected zones on /zones
[rosout][INFO] 2017-07-06 12:11:09,876: Received the playground image. Detecting zones...
[rosout][INFO] 2017-07-06 12:11:09,909: Publishing the detected zones on /zones
[rosout][INFO] 2017-07-06 12:11:10,358: Received the playground image. Detecting zones...
[rosout][INFO] 2017-07-06 12:11:10,381: Publishing the detected zones on /zones
[rosout][INFO] 2017-07-06 12:11:11,103: Received the playground image. Detecting zones...
[rosout][INFO] 2017-07-06 12:11:11,129: Publishing the detected zones on /zones
[rosout][INFO] 2017-07-06 12:11:11,613: Received the playground image. Detecting zones...
[rosout][INFO] 2017-07-06 12:11:11,642: Publishing the detected zones on /zones
[rosout][INFO] 2017-07-06 12:11:11,853: Received the playground image. Detecting zones...
[rosout][INFO] 2017-07-06 12:11:11,886: Publishing the detected zones on /zones
[rosout][INFO] 2017-07-06 12:11:15,593: Received the playground image. Detecting zones...
[rosout][INFO] 2017-07-06 12:11:15,613: Publishing the detected zones on /zones
[rosout][INFO] 2017-07-06 12:11:16,356: Received the playground image. Detecting zones...
[rosout][INFO] 2017-07-06 12:11:16,377: Publishing the detected zones on /zones
[rosout][INFO] 2017-07-06 12:11:23,324: Received the playground image. Detecting zones...
[rosout][INFO] 2017-07-06 12:11:23,355: Publishing the detected zones on /zones
[rosout][INFO] 2017-07-06 12:11:28,121: Received the playground image. Detecting zones...
[rosout][INFO] 2017-07-06 12:11:28,149: Publishing the detected zones on /zones
[rosout][INFO] 2017-07-06 12:11:32,357: Received the playground image. Detecting zones...
[rosout][INFO] 2017-07-06 12:11:32,385: Publishing the detected zones on /zones
[rosout][INFO] 2017-07-06 12:11:34,355: Received the playground image. Detecting zones...
[rosout][INFO] 2017-07-06 12:11:34,381: Publishing the detected zones on /zones
[rosout][INFO] 2017-07-06 12:11:36,340: Received the playground image. Detecting zones...
[rosout][INFO] 2017-07-06 12:11:36,368: Publishing the detected zones on /zones
[rosout][INFO] 2017-07-06 12:11:37,167: Received the playground image. Detecting zones...
[rosout][INFO] 2017-07-06 12:11:37,202: Publishing the detected zones on /zones
[rosout][INFO] 2017-07-06 12:11:38,871: Received the playground image. Detecting zones...
[rosout][INFO] 2017-07-06 12:11:38,894: Publishing the detected zones on /zones
[rosout][INFO] 2017-07-06 12:11:39,416: Received the playground image. Detecting zones...
[rosout][INFO] 2017-07-06 12:11:39,442: Publishing the detected zones on /zones
[rosout][INFO] 2017-07-06 12:11:43,605: Received the playground image. Detecting zones...
[rosout][INFO] 2017-07-06 12:11:43,632: Publishing the detected zones on /zones
[rosout][INFO] 2017-07-06 12:11:47,859: Received the playground image. Detecting zones...
[rosout][INFO] 2017-07-06 12:11:47,879: Publishing the detected zones on /zones
[rosout][INFO] 2017-07-06 12:11:53,836: Received the playground image. Detecting zones...
[rosout][INFO] 2017-07-06 12:11:53,866: Publishing the detected zones on /zones
[rosout][INFO] 2017-07-06 12:11:54,135: Received the playground image. Detecting zones...
[rosout][INFO] 2017-07-06 12:11:54,171: Publishing the detected zones on /zones
[rosout][INFO] 2017-07-06 12:11:54,371: Received the playground image. Detecting zones...
[rosout][INFO] 2017-07-06 12:11:54,395: Publishing the detected zones on /zones
[rosout][INFO] 2017-07-06 12:11:54,836: Received the playground image. Detecting zones...
[rosout][INFO] 2017-07-06 12:11:54,854: Publishing the detected zones on /zones
[rosout][INFO] 2017-07-06 12:11:57,856: Received the playground image. Detecting zones...
[rosout][INFO] 2017-07-06 12:11:57,886: Publishing the detected zones on /zones
[rosout][INFO] 2017-07-06 12:11:58,333: Received the playground image. Detecting zones...
[rosout][INFO] 2017-07-06 12:11:58,349: Publishing the detected zones on /zones
[rosout][INFO] 2017-07-06 12:11:58,845: Received the playground image. Detecting zones...
[rosout][INFO] 2017-07-06 12:11:58,865: Publishing the detected zones on /zones
[rosout][INFO] 2017-07-06 12:11:59,308: Received the playground image. Detecting zones...
[rosout][INFO] 2017-07-06 12:11:59,334: Publishing the detected zones on /zones
[rosout][INFO] 2017-07-06 12:12:00,093: Received the playground image. Detecting zones...
[rosout][INFO] 2017-07-06 12:12:00,119: Publishing the detected zones on /zones
[rosout][INFO] 2017-07-06 12:12:05,577: Received the playground image. Detecting zones...
[rosout][INFO] 2017-07-06 12:12:05,601: Publishing the detected zones on /zones
[rosout][INFO] 2017-07-06 12:12:06,100: Received the playground image. Detecting zones...
[rosout][INFO] 2017-07-06 12:12:06,120: Publishing the detected zones on /zones
[rosout][INFO] 2017-07-06 12:12:10,141: Received the playground image. Detecting zones...
[rosout][INFO] 2017-07-06 12:12:10,172: Publishing the detected zones on /zones
[rosout][INFO] 2017-07-06 12:12:12,811: Received the playground image. Detecting zones...
[rosout][INFO] 2017-07-06 12:12:12,834: Publishing the detected zones on /zones
[rosout][INFO] 2017-07-06 12:12:23,853: Received the playground image. Detecting zones...
[rosout][INFO] 2017-07-06 12:12:23,889: Publishing the detected zones on /zones
[rosout][INFO] 2017-07-06 12:12:29,110: Received the playground image. Detecting zones...
[rosout][INFO] 2017-07-06 12:12:29,141: Publishing the detected zones on /zones
[rosout][INFO] 2017-07-06 12:12:30,340: Received the playground image. Detecting zones...
[rosout][INFO] 2017-07-06 12:12:30,364: Publishing the detected zones on /zones
[rosout][INFO] 2017-07-06 12:13:02,903: Received the playground image. Detecting zones...
[rosout][INFO] 2017-07-06 12:13:02,939: Publishing the detected zones on /zones
[rosout][INFO] 2017-07-06 12:13:03,833: Received the playground image. Detecting zones...
[rosout][INFO] 2017-07-06 12:13:03,856: Publishing the detected zones on /zones
[rosout][INFO] 2017-07-06 12:13:09,565: Received the playground image. Detecting zones...
[rosout][INFO] 2017-07-06 12:13:09,583: Publishing the detected zones on /zones
[rosout][INFO] 2017-07-06 12:13:12,360: Received the playground image. Detecting zones...
[rosout][INFO] 2017-07-06 12:13:12,391: Publishing the detected zones on /zones
[rosout][INFO] 2017-07-06 12:13:12,844: Received the playground image. Detecting zones...
[rosout][INFO] 2017-07-06 12:13:12,876: Publishing the detected zones on /zones
[rosout][INFO] 2017-07-06 12:13:17,108: Received the playground image. Detecting zones...
[rosout][INFO] 2017-07-06 12:13:17,129: Publishing the detected zones on /zones
[rosout][INFO] 2017-07-06 12:13:21,366: Received the playground image. Detecting zones...
[rosout][INFO] 2017-07-06 12:13:21,390: Publishing the detected zones on /zones
[rosout][INFO] 2017-07-06 12:13:23,346: Received the playground image. Detecting zones...
[rosout][INFO] 2017-07-06 12:13:23,370: Publishing the detected zones on /zones
[rosout][INFO] 2017-07-06 12:13:51,108: Received the playground image. Detecting zones...
[rosout][INFO] 2017-07-06 12:13:51,128: Publishing the detected zones on /zones
[rosout][INFO] 2017-07-06 12:13:53,814: Received the playground image. Detecting zones...
[rosout][INFO] 2017-07-06 12:13:53,839: Publishing the detected zones on /zones
[rosout][INFO] 2017-07-06 12:13:54,061: Received the playground image. Detecting zones...
[rosout][INFO] 2017-07-06 12:13:54,082: Publishing the detected zones on /zones
[rosout][INFO] 2017-07-06 12:13:54,314: Received the playground image. Detecting zones...
[rosout][INFO] 2017-07-06 12:13:54,342: Publishing the detected zones on /zones
[rosout][INFO] 2017-07-06 12:13:54,861: Received the playground image. Detecting zones...
[rosout][INFO] 2017-07-06 12:13:54,893: Publishing the detected zones on /zones
[rosout][INFO] 2017-07-06 12:13:55,124: Received the playground image. Detecting zones...
[rosout][INFO] 2017-07-06 12:13:55,148: Publishing the detected zones on /zones
[rosout][INFO] 2017-07-06 12:13:55,352: Received the playground image. Detecting zones...
[rosout][INFO] 2017-07-06 12:13:55,372: Publishing the detected zones on /zones
[rosout][INFO] 2017-07-06 12:13:55,607: Received the playground image. Detecting zones...
[rosout][INFO] 2017-07-06 12:13:55,629: Publishing the detected zones on /zones
[rosout][INFO] 2017-07-06 12:13:56,325: Received the playground image. Detecting zones...
[rosout][INFO] 2017-07-06 12:13:56,347: Publishing the detected zones on /zones
[rosout][INFO] 2017-07-06 12:13:56,874: Received the playground image. Detecting zones...
[rosout][INFO] 2017-07-06 12:13:56,902: Publishing the detected zones on /zones
[rosout][INFO] 2017-07-06 12:13:57,117: Received the playground image. Detecting zones...
[rosout][INFO] 2017-07-06 12:13:57,138: Publishing the detected zones on /zones
[rosout][INFO] 2017-07-06 12:13:57,357: Received the playground image. Detecting zones...
[rosout][INFO] 2017-07-06 12:13:57,387: Publishing the detected zones on /zones
[rosout][INFO] 2017-07-06 12:13:57,593: Received the playground image. Detecting zones...
[rosout][INFO] 2017-07-06 12:13:57,612: Publishing the detected zones on /zones
[rosout][INFO] 2017-07-06 12:14:17,561: Received the playground image. Detecting zones...
[rosout][INFO] 2017-07-06 12:14:17,579: Publishing the detected zones on /zones
[rosout][INFO] 2017-07-06 12:14:32,841: Received the playground image. Detecting zones...
[rosout][INFO] 2017-07-06 12:14:32,864: Publishing the detected zones on /zones
[rosout][INFO] 2017-07-06 12:14:35,348: Received the playground image. Detecting zones...
[rosout][INFO] 2017-07-06 12:14:35,367: Publishing the detected zones on /zones
[rosout][INFO] 2017-07-06 12:14:37,338: Received the playground image. Detecting zones...
[rosout][INFO] 2017-07-06 12:14:37,358: Publishing the detected zones on /zones
[rosout][INFO] 2017-07-06 12:14:40,069: Received the playground image. Detecting zones...
[rosout][INFO] 2017-07-06 12:14:40,096: Publishing the detected zones on /zones
[rosout][INFO] 2017-07-06 12:14:43,087: Received the playground image. Detecting zones...
[rosout][INFO] 2017-07-06 12:14:43,128: Publishing the detected zones on /zones
[rosout][INFO] 2017-07-06 12:14:48,827: Received the playground image. Detecting zones...
[rosout][INFO] 2017-07-06 12:14:48,866: Publishing the detected zones on /zones
[rosout][INFO] 2017-07-06 12:14:55,116: Received the playground image. Detecting zones...
[rosout][INFO] 2017-07-06 12:14:55,141: Publishing the detected zones on /zones
[rosout][INFO] 2017-07-06 12:15:03,550: Received the playground image. Detecting zones...
[rosout][INFO] 2017-07-06 12:15:03,578: Publishing the detected zones on /zones
[rosout][INFO] 2017-07-06 12:15:16,668: Received the playground image. Detecting zones...
[rosout][INFO] 2017-07-06 12:15:16,701: Publishing the detected zones on /zones
[rosout][INFO] 2017-07-06 12:15:16,995: Received the playground image. Detecting zones...
[rosout][INFO] 2017-07-06 12:15:17,021: Publishing the detected zones on /zones
[rosout][INFO] 2017-07-06 12:15:17,349: Received the playground image. Detecting zones...
[rosout][INFO] 2017-07-06 12:15:17,374: Publishing the detected zones on /zones
[rosout][INFO] 2017-07-06 12:15:18,238: Received the playground image. Detecting zones...
[rosout][INFO] 2017-07-06 12:15:18,272: Publishing the detected zones on /zones
[rosout][INFO] 2017-07-06 12:15:18,597: Received the playground image. Detecting zones...
[rosout][INFO] 2017-07-06 12:15:18,633: Publishing the detected zones on /zones
[rosout][INFO] 2017-07-06 12:15:18,927: Received the playground image. Detecting zones...
[rosout][INFO] 2017-07-06 12:15:18,955: Publishing the detected zones on /zones
[rosout][INFO] 2017-07-06 12:15:19,337: Received the playground image. Detecting zones...
[rosout][INFO] 2017-07-06 12:15:19,373: Publishing the detected zones on /zones
[rosout][INFO] 2017-07-06 12:15:19,851: Received the playground image. Detecting zones...
[rosout][INFO] 2017-07-06 12:15:19,878: Publishing the detected zones on /zones
[rosout][INFO] 2017-07-06 12:15:20,221: Received the playground image. Detecting zones...
[rosout][INFO] 2017-07-06 12:15:20,253: Publishing the detected zones on /zones
[rosout][INFO] 2017-07-06 12:15:20,648: Received the playground image. Detecting zones...
[rosout][INFO] 2017-07-06 12:15:20,675: Publishing the detected zones on /zones
[rosout][INFO] 2017-07-06 12:15:20,980: Received the playground image. Detecting zones...
[rosout][INFO] 2017-07-06 12:15:21,050: Publishing the detected zones on /zones
[rosout][INFO] 2017-07-06 12:15:21,229: Received the playground image. Detecting zones...
[rosout][INFO] 2017-07-06 12:15:21,256: Publishing the detected zones on /zones
[rosout][INFO] 2017-07-06 12:15:21,418: Received the playground image. Detecting zones...
[rosout][INFO] 2017-07-06 12:15:21,442: Publishing the detected zones on /zones
[rosout][INFO] 2017-07-06 12:15:21,642: Received the playground image. Detecting zones...
[rosout][INFO] 2017-07-06 12:15:21,662: Publishing the detected zones on /zones
[rosout][INFO] 2017-07-06 12:15:21,972: Received the playground image. Detecting zones...
[rosout][INFO] 2017-07-06 12:15:22,001: Publishing the detected zones on /zones
[rosout][INFO] 2017-07-06 12:15:22,262: Received the playground image. Detecting zones...
[rosout][INFO] 2017-07-06 12:15:22,287: Publishing the detected zones on /zones
[rosout][INFO] 2017-07-06 12:15:22,535: Received the playground image. Detecting zones...
[rosout][INFO] 2017-07-06 12:15:22,565: Publishing the detected zones on /zones
[rosout][INFO] 2017-07-06 12:15:22,701: Received the playground image. Detecting zones...
[rosout][INFO] 2017-07-06 12:15:22,750: Publishing the detected zones on /zones
[rosout][INFO] 2017-07-06 12:15:24,961: Received the playground image. Detecting zones...
[rosout][INFO] 2017-07-06 12:15:25,001: Publishing the detected zones on /zones
[rosout][INFO] 2017-07-06 12:15:27,903: Received the playground image. Detecting zones...
[rosout][INFO] 2017-07-06 12:15:27,954: Publishing the detected zones on /zones
[rosout][INFO] 2017-07-06 12:15:30,917: Received the playground image. Detecting zones...
[rosout][INFO] 2017-07-06 12:15:30,962: Publishing the detected zones on /zones
[rosout][INFO] 2017-07-06 12:15:35,047: Received the playground image. Detecting zones...
[rosout][INFO] 2017-07-06 12:15:35,078: Publishing the detected zones on /zones
[rosout][INFO] 2017-07-06 12:15:41,711: Received the playground image. Detecting zones...
[rosout][INFO] 2017-07-06 12:15:41,752: Publishing the detected zones on /zones
[rosout][INFO] 2017-07-06 12:15:47,330: Received the playground image. Detecting zones...
[rosout][INFO] 2017-07-06 12:15:47,364: Publishing the detected zones on /zones
[rosout][INFO] 2017-07-06 12:15:53,640: Received the playground image. Detecting zones...
[rosout][INFO] 2017-07-06 12:15:53,669: Publishing the detected zones on /zones
[rosout][INFO] 2017-07-06 12:16:02,110: Received the playground image. Detecting zones...
[rosout][INFO] 2017-07-06 12:16:02,138: Publishing the detected zones on /zones
[rosout][INFO] 2017-07-06 12:16:02,473: Received the playground image. Detecting zones...
[rosout][INFO] 2017-07-06 12:16:02,506: Publishing the detected zones on /zones
[rosout][INFO] 2017-07-06 12:16:05,946: Received the playground image. Detecting zones...
[rosout][INFO] 2017-07-06 12:16:05,976: Publishing the detected zones on /zones
[rosout][INFO] 2017-07-06 12:16:07,135: Received the playground image. Detecting zones...
[rosout][INFO] 2017-07-06 12:16:07,166: Publishing the detected zones on /zones
[rosout][INFO] 2017-07-06 12:16:07,985: Received the playground image. Detecting zones...
[rosout][INFO] 2017-07-06 12:16:08,014: Publishing the detected zones on /zones
[rosout][INFO] 2017-07-06 12:16:13,425: Received the playground image. Detecting zones...
[rosout][INFO] 2017-07-06 12:16:13,457: Publishing the detected zones on /zones
[rosout][INFO] 2017-07-06 12:16:17,592: Received the playground image. Detecting zones...
[rosout][INFO] 2017-07-06 12:16:17,620: Publishing the detected zones on /zones
[rosout][INFO] 2017-07-06 12:16:21,161: Received the playground image. Detecting zones...
[rosout][INFO] 2017-07-06 12:16:21,198: Publishing the detected zones on /zones
[rosout][INFO] 2017-07-06 12:16:24,366: Received the playground image. Detecting zones...
[rosout][INFO] 2017-07-06 12:16:24,409: Publishing the detected zones on /zones
[rosout][INFO] 2017-07-06 12:16:24,894: Received the playground image. Detecting zones...
[rosout][INFO] 2017-07-06 12:16:24,950: Publishing the detected zones on /zones
[rosout][INFO] 2017-07-06 12:16:25,559: Received the playground image. Detecting zones...
[rosout][INFO] 2017-07-06 12:16:25,598: Publishing the detected zones on /zones
[rosout][INFO] 2017-07-06 12:16:26,082: Received the playground image. Detecting zones...
[rosout][INFO] 2017-07-06 12:16:26,104: Publishing the detected zones on /zones
[rosout][INFO] 2017-07-06 12:16:28,597: Received the playground image. Detecting zones...
[rosout][INFO] 2017-07-06 12:16:28,622: Publishing the detected zones on /zones
[rosout][INFO] 2017-07-06 12:16:30,812: Received the playground image. Detecting zones...
[rosout][INFO] 2017-07-06 12:16:30,850: Publishing the detected zones on /zones
[rosout][INFO] 2017-07-06 12:16:32,092: Received the playground image. Detecting zones...
[rosout][INFO] 2017-07-06 12:16:32,138: Publishing the detected zones on /zones
[rosout][INFO] 2017-07-06 12:16:33,591: Received the playground image. Detecting zones...
[rosout][INFO] 2017-07-06 12:16:33,625: Publishing the detected zones on /zones
[rosout][INFO] 2017-07-06 12:16:34,562: Received the playground image. Detecting zones...
[rosout][INFO] 2017-07-06 12:16:34,616: Publishing the detected zones on /zones
[rosout][INFO] 2017-07-06 12:16:34,861: Received the playground image. Detecting zones...
[rosout][INFO] 2017-07-06 12:16:34,904: Publishing the detected zones on /zones
[rosout][INFO] 2017-07-06 12:16:35,130: Received the playground image. Detecting zones...
[rosout][INFO] 2017-07-06 12:16:35,157: Publishing the detected zones on /zones
[rosout][INFO] 2017-07-06 12:16:35,396: Received the playground image. Detecting zones...
[rosout][INFO] 2017-07-06 12:16:35,424: Publishing the detected zones on /zones
[rosout][INFO] 2017-07-06 12:16:36,654: Received the playground image. Detecting zones...
[rosout][INFO] 2017-07-06 12:16:36,675: Publishing the detected zones on /zones
[rosout][INFO] 2017-07-06 12:16:39,896: Received the playground image. Detecting zones...
[rosout][INFO] 2017-07-06 12:16:39,942: Publishing the detected zones on /zones
[rosout][INFO] 2017-07-06 12:16:40,906: Received the playground image. Detecting zones...
[rosout][INFO] 2017-07-06 12:16:40,939: Publishing the detected zones on /zones
[rosout][INFO] 2017-07-06 12:16:41,442: Received the playground image. Detecting zones...
[rosout][INFO] 2017-07-06 12:16:41,471: Publishing the detected zones on /zones
[rosout][INFO] 2017-07-06 12:16:43,143: Received the playground image. Detecting zones...
[rosout][INFO] 2017-07-06 12:16:43,188: Publishing the detected zones on /zones
[rosout][INFO] 2017-07-06 12:16:44,975: Received the playground image. Detecting zones...
[rosout][INFO] 2017-07-06 12:16:45,009: Publishing the detected zones on /zones
[rosout][INFO] 2017-07-06 12:16:47,883: Received the playground image. Detecting zones...
[rosout][INFO] 2017-07-06 12:16:47,929: Publishing the detected zones on /zones
[rosout][INFO] 2017-07-06 12:16:48,263: Received the playground image. Detecting zones...
[rosout][INFO] 2017-07-06 12:16:48,292: Publishing the detected zones on /zones
[rosout][INFO] 2017-07-06 12:16:49,753: Received the playground image. Detecting zones...
[rosout][INFO] 2017-07-06 12:16:49,773: Publishing the detected zones on /zones
[rosout][INFO] 2017-07-06 12:16:50,200: Received the playground image. Detecting zones...
[rosout][INFO] 2017-07-06 12:16:50,242: Publishing the detected zones on /zones
[rosout][INFO] 2017-07-06 12:16:50,560: Received the playground image. Detecting zones...
[rosout][INFO] 2017-07-06 12:16:50,598: Publishing the detected zones on /zones
[rosout][INFO] 2017-07-06 12:16:50,924: Received the playground image. Detecting zones...
[rosout][INFO] 2017-07-06 12:16:50,963: Publishing the detected zones on /zones
[rosout][INFO] 2017-07-06 12:16:51,308: Received the playground image. Detecting zones...
[rosout][INFO] 2017-07-06 12:16:51,331: Publishing the detected zones on /zones
[rosout][INFO] 2017-07-06 12:16:51,676: Received the playground image. Detecting zones...
[rosout][INFO] 2017-07-06 12:16:51,700: Publishing the detected zones on /zones
[rosout][INFO] 2017-07-06 12:16:51,913: Received the playground image. Detecting zones...
[rosout][INFO] 2017-07-06 12:16:51,954: Publishing the detected zones on /zones
[rosout][INFO] 2017-07-06 12:16:53,094: Received the playground image. Detecting zones...
[rosout][INFO] 2017-07-06 12:16:53,108: Publishing the detected zones on /zones
[rosout][INFO] 2017-07-06 12:16:53,568: Received the playground image. Detecting zones...
[rosout][INFO] 2017-07-06 12:16:53,605: Publishing the detected zones on /zones
[rosout][INFO] 2017-07-06 12:16:53,911: Received the playground image. Detecting zones...
[rosout][INFO] 2017-07-06 12:16:53,933: Publishing the detected zones on /zones
[rosout][INFO] 2017-07-06 12:16:54,845: Received the playground image. Detecting zones...
[rosout][INFO] 2017-07-06 12:16:54,872: Publishing the detected zones on /zones
[rosout][INFO] 2017-07-06 12:17:00,117: Received the playground image. Detecting zones...
[rosout][INFO] 2017-07-06 12:17:00,136: Publishing the detected zones on /zones
[rosout][INFO] 2017-07-06 12:17:24,732: Received the playground image. Detecting zones...
[rosout][INFO] 2017-07-06 12:17:24,782: Publishing the detected zones on /zones
[rosout][INFO] 2017-07-06 12:17:25,377: Received the playground image. Detecting zones...
[rosout][INFO] 2017-07-06 12:17:25,411: Publishing the detected zones on /zones
[rosout][INFO] 2017-07-06 12:17:25,880: Received the playground image. Detecting zones...
[rosout][INFO] 2017-07-06 12:17:25,924: Publishing the detected zones on /zones
[rosout][INFO] 2017-07-06 12:17:26,144: Received the playground image. Detecting zones...
[rosout][INFO] 2017-07-06 12:17:26,169: Publishing the detected zones on /zones
[rospy.internal][INFO] 2017-07-06 12:17:37,161: topic[/zones] removing connection to /sandbox_play
[rospy.internal][INFO] 2017-07-06 12:17:41,663: topic[/zones] removing connection to /rosbag_record_freeplay_sandbox
[rospy.core][INFO] 2017-07-06 12:19:15,531: signal_shutdown [signal-15]
[rospy.internal][INFO] 2017-07-06 12:19:15,538: topic[/rosout] removing connection to /rosout
[rospy.internal][INFO] 2017-07-06 12:19:15,538: topic[/sandtray/background/image] removing connection to http://sandtray-hrilab:39575/
[rospy.internal][WARNING] 2017-07-06 12:19:15,538: Unknown error initiating TCP/IP socket to sandtray-hrilab:39808 (http://sandtray-hrilab:39575/): Traceback (most recent call last):
  File "/opt/ros/kinetic/lib/python2.7/dist-packages/rospy/impl/tcpros_base.py", line 557, in connect
    self.read_header()
  File "/opt/ros/kinetic/lib/python2.7/dist-packages/rospy/impl/tcpros_base.py", line 650, in read_header
    self._validate_header(read_ros_handshake_header(sock, self.read_buff, self.protocol.buff_size))
AttributeError: 'NoneType' object has no attribute 'buff_size'

[rospy.topics][ERROR] 2017-07-06 12:19:15,540: Traceback (most recent call last):
  File "/opt/ros/kinetic/lib/python2.7/dist-packages/rospy/topics.py", line 326, in close
    c.close()
  File "/opt/ros/kinetic/lib/python2.7/dist-packages/rospy/impl/tcpros_base.py", line 838, in close
    self.socket.close()
AttributeError: 'NoneType' object has no attribute 'close'

[rospy.internal][INFO] 2017-07-06 12:19:15,540: topic[/sandtray/background/camera_info] removing connection to http://sandtray-hrilab:39575/
[rospy.impl.masterslave][INFO] 2017-07-06 12:19:15,541: signal-15
[rospy.core][INFO] 2017-07-06 12:19:15,670: signal_shutdown [signal-2]
[rospy.core][INFO] 2017-07-06 12:19:15,670: signal_shutdown [atexit]
