[0m[ INFO] [1497431425.733123121]: playground_map_and_plan is ready. Waiting for footprints on /footprints + TF updates[0m
Got footprint for /zebra: (-0.0169137,0.00985825), (-0.00531572,0.016817), (0.00396263,0.00521907), (0.013241,-0.000579897), (0.0103415,-0.0156572), (-0.00531572,-0.0156572), (-0.0169137,0.00985825), 
Got footprint for /elephant: (-0.0220085,0.0130249), (0.00961165,0.0169569), (0.0233738,0.00221177), (0.0184587,-0.0158101), (-0.00365898,-0.0158101), (-0.0257767,-0.000573422), (-0.0220085,0.0130249), 
Got footprint for /ball: (0.0118125,0), (0.00826875,-0.00826875), (0,-0.0118125), (-0.00826875,-0.00826875), (-0.0118125,0), (-0.00826875,0.00826875), (0,0.0118125), (0.00826875,0.00826875), (0.0118125,0), 
Got footprint for /lion: (-0.00110714,0.0147321), (0.0106429,0.00885714), (0.0156429,-0.00539286), (0.00426786,-0.0181429), (-0.00760714,-0.0152679), (-0.0123571,0.00385714), (-0.00948214,0.0113571), (-0.00110714,0.0147321), 
Got footprint for /giraffe: (-0.00374656,0.0275573), (0.0135929,-0.0018578), (0.0117351,-0.0226032), (-0.00421101,-0.0221388), (-0.0173704,0.0190424), (-0.00374656,0.0275573), 
Got footprint for /caravan: (-0.0307125,0.0175219), (0.023625,0.00975938), (0.0435375,-0.00492187), (0.0342563,-0.0120094), (-0.0307125,-0.0120094), (-0.0399938,0.00165938), (-0.0307125,0.0175219), 
Got footprint for /crocodile: (-0.00304826,0.0129501), (0.00406434,0.017134), (0.0160581,0.0174129), (0.0171738,-0.012711), (-0.00765053,-0.0155003), (-0.0136474,-0.0115953), (-0.0129501,-0.00769038), (-0.00304826,0.0129501), 
Got footprint for /hippo: (-0.00336986,0.0166949), (0.0256469,0.00573647), (0.0231774,-0.014174), (-0.00336986,-0.014174), (-0.0181869,-0.00460461), (-0.0238977,0.0105212), (-0.00336986,0.0166949), 
Got footprint for /boy: (0.016875,0), (0.0118125,-0.0118125), (0,-0.016875), (-0.0118125,-0.0118125), (-0.016875,0), (-0.0118125,0.0118125), (0,0.016875), (0.0118125,0.0118125), (0.016875,0), 
Got footprint for /girl: (0.016875,0), (0.0118125,-0.0118125), (0,-0.016875), (-0.0118125,-0.0118125), (-0.016875,0), (-0.0118125,0.0118125), (0,0.016875), (0.0118125,0.0118125), (0.016875,0), 
[0m[ INFO] [1497431435.133655794]: Got a planning request for elephant[0m
[0m[ INFO] [1497431435.133691639]: Updating occupancy map...[0m
[0m[ INFO] [1497431435.133979200]: Planing...[0m
[0m[ INFO] [1497431435.134027869]: Planning from elephant (0.289938, -0.175925) to (0.20215, -0.100597)[0m
Starting A*...done.
Publishing path (18 points)
[0m[ INFO] [1497431435.134161846]: Done![0m
[0m[ INFO] [1497431439.133620878]: Got a planning request for giraffe[0m
[0m[ INFO] [1497431439.133652247]: Updating occupancy map...[0m
[0m[ INFO] [1497431439.133977095]: Planing...[0m
[0m[ INFO] [1497431439.134013202]: Planning from giraffe (0.42922, -0.0678248) to (0.390667, -0.0734792)[0m
Starting A*...done.
Publishing path (8 points)
[0m[ INFO] [1497431439.134081900]: Done![0m
[0m[ INFO] [1497431442.733780966]: Got a planning request for ball[0m
[0m[ INFO] [1497431442.733819445]: Updating occupancy map...[0m
[0m[ INFO] [1497431442.734179508]: Planing...[0m
[0m[ INFO] [1497431442.734228249]: Planning from ball (0.110567, -0.0565684) to (0.20215, -0.100597)[0m
Starting A*...done.
Publishing path (19 points)
[0m[ INFO] [1497431442.773131486]: Done![0m
[0m[ INFO] [1497431447.133696232]: Got a planning request for elephant[0m
[0m[ INFO] [1497431447.133725581]: Updating occupancy map...[0m
[0m[ INFO] [1497431447.134050436]: Planing...[0m
[0m[ INFO] [1497431447.134086291]: Planning from elephant (0.225228, -0.122424) to (0.20215, -0.100597)[0m
Starting A*...done.
Publishing path (10 points)
[0m[ INFO] [1497431447.167310729]: Done![0m
[0m[ INFO] [1497431450.133548521]: Got a planning request for ball[0m
[0m[ INFO] [1497431450.133573709]: Updating occupancy map...[0m
[0m[ INFO] [1497431450.133860571]: Planing...[0m
[0m[ INFO] [1497431450.133908666]: Planning from ball (0.169066, -0.0879559) to (0.20215, -0.100597)[0m
Starting A*...done.
Publishing path (15 points)
[0m[ INFO] [1497431450.163071784]: Done![0m
[0m[ INFO] [1497431601.933676984]: Got a planning request for girl[0m
[0m[ INFO] [1497431601.933725129]: Updating occupancy map...[0m
[0m[ INFO] [1497431601.934018293]: Planing...[0m
[0m[ INFO] [1497431601.934047300]: Planning from girl (0.108348, -0.0572014) to (0.0635208, -0.0577083)[0m
Starting A*...done.
Publishing path (10 points)
[0m[ INFO] [1497431601.934120708]: Done![0m
[0m[ INFO] [1497431604.933690890]: Got a planning request for boy[0m
[0m[ INFO] [1497431604.933720534]: Updating occupancy map...[0m
[0m[ INFO] [1497431604.934020766]: Planing...[0m
[0m[ INFO] [1497431604.934053433]: Planning from boy (0.0653774, -0.0891175) to (0.0635208, -0.0577083)[0m
Starting A*...done.
Publishing path (15 points)
[0m[ INFO] [1497431604.968125193]: Done![0m
[0m[ INFO] [1497431613.133682265]: Got a planning request for girl[0m
[0m[ INFO] [1497431613.133707769]: Updating occupancy map...[0m
[0m[ INFO] [1497431613.133997217]: Planing...[0m
[0m[ INFO] [1497431613.134088160]: Planning from girl (0.128654, -0.0615649) to (0.0693128, -0.0608947)[0m
Starting A*...done.
Publishing path (13 points)
[0m[ INFO] [1497431613.158838502]: Done![0m
[0m[ INFO] [1497431619.333684817]: Got a planning request for ball[0m
[0m[ INFO] [1497431619.333715790]: Updating occupancy map...[0m
[0m[ INFO] [1497431619.334006764]: Planing...[0m
[0m[ INFO] [1497431619.334039217]: Planning from ball (0.171028, -0.101807) to (0.0786944, -0.0286636)[0m
Starting A*...done.
Publishing path (20 points)
[0m[ INFO] [1497431619.334154335]: Done![0m
[0m[ INFO] [1497431643.133681099]: Got a planning request for giraffe[0m
[0m[ INFO] [1497431643.133709288]: Updating occupancy map...[0m
[0m[ INFO] [1497431643.134024105]: Planing...[0m
[0m[ INFO] [1497431643.134060543]: Planning from giraffe (0.406616, -0.0545476) to (0.399158, -0.0725135)[0m
Starting A*...done.
Publishing path (5 points)
[0m[ INFO] [1497431643.134118935]: Done![0m
[0m[ INFO] [1497431663.133503801]: Got a planning request for caravan[0m
[0m[ INFO] [1497431663.133532512]: Updating occupancy map...[0m
[0m[ INFO] [1497431663.133717578]: Planing...[0m
[0m[ INFO] [1497431663.133755949]: Planning from caravan (0.308004, -0.153891) to (0.390667, -0.0734792)[0m
Starting A*...done.
Publishing path (29 points)
[0m[ INFO] [1497431663.172706420]: Done![0m
[0m[ INFO] [1497431668.333671852]: Got a planning request for giraffe[0m
[0m[ INFO] [1497431668.333702925]: Updating occupancy map...[0m
[0m[ INFO] [1497431668.333965257]: Planing...[0m
[0m[ INFO] [1497431668.334013982]: Planning from giraffe (0.4446, -0.0544711) to (0.390667, -0.0734792)[0m
Starting A*...done.
Publishing path (11 points)
[0m[ INFO] [1497431668.374851957]: Done![0m
[0m[ INFO] [1497431673.533751142]: Got a planning request for caravan[0m
[0m[ INFO] [1497431673.533817003]: Updating occupancy map...[0m
[0m[ INFO] [1497431673.534189661]: Planing...[0m
[0m[ INFO] [1497431673.534256743]: Planning from caravan (0.433711, -0.0911201) to (0.390667, -0.0734792)[0m
Starting A*...done.
Publishing path (9 points)
[0m[ INFO] [1497431673.570597693]: Done![0m
[0m[ INFO] [1497431677.133800970]: Got a planning request for giraffe[0m
[0m[ INFO] [1497431677.133888045]: Updating occupancy map...[0m
[0m[ INFO] [1497431677.134233002]: Planing...[0m
[0m[ INFO] [1497431677.134301622]: Planning from giraffe (0.359734, -0.0598655) to (0.387998, -0.0752997)[0m
Starting A*...done.
Publishing path (11 points)
[0m[ INFO] [1497431677.172294502]: Done![0m
[0m[ INFO] [1497431682.533728800]: Got a planning request for giraffe[0m
[0m[ INFO] [1497431682.533757414]: Updating occupancy map...[0m
[0m[ INFO] [1497431682.534068239]: Planing...[0m
[0m[ INFO] [1497431682.534111947]: Planning from giraffe (0.332808, -0.0813011) to (0.390667, -0.0734792)[0m
Starting A*...done.
Publishing path (13 points)
[0m[ INFO] [1497431682.573391008]: Done![0m
[0m[ INFO] [1497431685.933924269]: Got a planning request for caravan[0m
[0m[ INFO] [1497431685.933948885]: Updating occupancy map...[0m
[0m[ INFO] [1497431685.934142075]: Planing...[0m
[0m[ INFO] [1497431685.934170379]: Planning from caravan (0.417869, -0.0801697) to (0.390667, -0.0734792)[0m
Starting A*...done.
Publishing path (18 points)
[0m[ INFO] [1497431685.959531494]: Done![0m
[0m[ INFO] [1497431689.133608836]: Got a planning request for giraffe[0m
[0m[ INFO] [1497431689.133639241]: Updating occupancy map...[0m
[0m[ INFO] [1497431689.133914976]: Planing...[0m
[0m[ INFO] [1497431689.133958523]: Planning from giraffe (0.350938, -0.0509681) to (0.390667, -0.0734792)[0m
Starting A*...done.
Publishing path (9 points)
[0m[ INFO] [1497431689.171201822]: Done![0m
[0m[ INFO] [1497431691.933654243]: Got a planning request for caravan[0m
[0m[ INFO] [1497431691.933705297]: Updating occupancy map...[0m
[0m[ INFO] [1497431691.933995225]: Planing...[0m
[0m[ INFO] [1497431691.934047802]: Planning from caravan (0.421015, -0.0877999) to (0.390678, -0.073489)[0m
Starting A*...done.
Publishing path (19 points)
[0m[ INFO] [1497431691.965569717]: Done![0m
[0m[ INFO] [1497431695.933727755]: Got a planning request for zebra[0m
[0m[ INFO] [1497431695.933790666]: Updating occupancy map...[0m
[0m[ INFO] [1497431695.934021258]: Planing...[0m
[0m[ INFO] [1497431695.934054648]: Planning from zebra (0.328306, -0.133132) to (0.390667, -0.0734792)[0m
Starting A*...done.
Publishing path (18 points)
[0m[ INFO] [1497431695.937498079]: Done![0m
[0m[ INFO] [1497431702.933666550]: Got a planning request for hippo[0m
[0m[ INFO] [1497431702.933695827]: Updating occupancy map...[0m
[0m[ INFO] [1497431702.933984341]: Planing...[0m
[0m[ INFO] [1497431702.934016797]: Planning from hippo (0.169761, -0.192741) to (0.278316, -0.143285)[0m
Starting A*...done.
Publishing path (23 points)
[0m[ INFO] [1497431702.934143895]: Done![0m
[0m[ INFO] [1497431707.533708602]: Got a planning request for elephant[0m
[0m[ INFO] [1497431707.533736810]: Updating occupancy map...[0m
[0m[ INFO] [1497431707.534071132]: Planing...[0m
[0m[ INFO] [1497431707.534108619]: Planning from elephant (0.21183, -0.205273) to (0.209232, -0.119917)[0m
Starting A*...done.
Publishing path (19 points)
[0m[ INFO] [1497431707.534217498]: Done![0m
[0m[ INFO] [1497431774.933539181]: Got a planning request for caravan[0m
[0m[ INFO] [1497431774.933560679]: Updating occupancy map...[0m
[0m[ INFO] [1497431774.933718844]: Planing...[0m
[0m[ INFO] [1497431774.933757242]: Planning from caravan (0.408333, -0.0877372) to (0.0754635, 0.00475986)[0m
Starting A*...done.
Publishing path (67 points)
[0m[ INFO] [1497431774.934052062]: Done![0m
[0m[ INFO] [1497431795.733720246]: Got a planning request for caravan[0m
[0m[ INFO] [1497431795.733755064]: Updating occupancy map...[0m
[0m[ INFO] [1497431795.734082353]: Planing...[0m
[0m[ INFO] [1497431795.734123855]: Planning from caravan (0.162833, -0.0569049) to (0.0758546, -0.0743996)[0m
Starting A*...done.
Publishing path (18 points)
[0m[ INFO] [1497431795.769810562]: Done![0m
[0m[ INFO] [1497431800.333772278]: Got a planning request for caravan[0m
[0m[ INFO] [1497431800.333809010]: Updating occupancy map...[0m
[0m[ INFO] [1497431800.334135805]: Planing...[0m
[0m[ INFO] [1497431800.334173629]: Planning from caravan (0.0958181, -0.0884674) to (0.0635208, -0.0577083)[0m
Starting A*...done.
Publishing path (8 points)
[0m[ INFO] [1497431800.334262191]: Done![0m
[0m[ INFO] [1497431803.933876521]: Got a planning request for ball[0m
[0m[ INFO] [1497431803.933931328]: Updating occupancy map...[0m
[0m[ INFO] [1497431803.934281625]: Planing...[0m
[0m[ INFO] [1497431803.934335573]: Planning from ball (0.174089, -0.0120106) to (0.203965, -0.0983301)[0m
Starting A*...done.
Publishing path (18 points)
[0m[ INFO] [1497431803.934452423]: Done![0m
[0m[ INFO] [1497431807.333559325]: Got a planning request for girl[0m
[0m[ INFO] [1497431807.333584032]: Updating occupancy map...[0m
[0m[ INFO] [1497431807.333753311]: Planing...[0m
[0m[ INFO] [1497431807.333791055]: Planning from girl (0.431963, -0.0781346) to (0.391865, -0.0777813)[0m
Starting A*...done.
Publishing path (9 points)
[0m[ INFO] [1497431807.333877247]: Done![0m
[0m[ INFO] [1497431812.733730383]: Got a planning request for boy[0m
[0m[ INFO] [1497431812.733767424]: Updating occupancy map...[0m
[0m[ INFO] [1497431812.734142506]: Planing...[0m
[0m[ INFO] [1497431812.734187924]: Planning from boy (0.0711165, -0.131876) to (0.0949032, -0.0730944)[0m
Starting A*...done.
Publishing path (13 points)
[0m[ INFO] [1497431812.734294324]: Done![0m
[0m[ INFO] [1497431816.333690338]: Got a planning request for boy[0m
[0m[ INFO] [1497431816.333718704]: Updating occupancy map...[0m
[0m[ INFO] [1497431816.334034843]: Planing...[0m
[0m[ INFO] [1497431816.334072827]: Planning from boy (0.109527, -0.0654703) to (0.0635208, -0.0577083)[0m
Starting A*...done.
Publishing path (10 points)
[0m[ INFO] [1497431816.334152471]: Done![0m
[0m[ INFO] [1497431819.533653630]: Got a planning request for caravan[0m
[0m[ INFO] [1497431819.533682904]: Updating occupancy map...[0m
[0m[ INFO] [1497431819.533964921]: Planing...[0m
[0m[ INFO] [1497431819.534014312]: Planning from caravan (0.138133, -0.181871) to (0.203961, -0.0983312)[0m
Starting A*...done.
Publishing path (34 points)
[0m[ INFO] [1497431819.571116942]: Done![0m
[0m[ INFO] [1497431825.733658210]: Got a planning request for elephant[0m
[0m[ INFO] [1497431825.733691450]: Updating occupancy map...[0m
[0m[ INFO] [1497431825.733932442]: Planing...[0m
[0m[ INFO] [1497431825.733970959]: Planning from elephant (0.276187, -0.0639512) to (0.203965, -0.0983301)[0m
Starting A*...done.
Publishing path (16 points)
[0m[ INFO] [1497431825.734080582]: Done![0m
[0m[ INFO] [1497431838.133633252]: Got a planning request for girl[0m
[0m[ INFO] [1497431838.133663892]: Updating occupancy map...[0m
[0m[ INFO] [1497431838.133920405]: Planing...[0m
[0m[ INFO] [1497431838.133958135]: Planning from girl (0.362348, -0.144179) to (0.390229, -0.0822734)[0m
Starting A*...done.
Publishing path (13 points)
[0m[ INFO] [1497431838.134058429]: Done![0m
[0m[ INFO] [1497431853.533773527]: Got a planning request for giraffe[0m
[0m[ INFO] [1497431853.533803890]: Updating occupancy map...[0m
[0m[ INFO] [1497431853.534058960]: Planing...[0m
[0m[ INFO] [1497431853.534091049]: Planning from giraffe (0.382088, -0.120143) to (0.391865, -0.0777813)[0m
Starting A*...done.
Publishing path (10 points)
[0m[ INFO] [1497431853.534180713]: Done![0m
[0m[ INFO] [1497431888.933511262]: Got a planning request for girl[0m
[0m[ INFO] [1497431888.933540173]: Updating occupancy map...[0m
[0m[ INFO] [1497431888.933688121]: Planing...[0m
[0m[ INFO] [1497431888.933729889]: Planning from girl (0.469629, -0.0629497) to (0.0635145, -0.0575812)[0m
Starting A*...done.
Publishing path (88 points)
[0m[ INFO] [1497431888.979485389]: Done![0m
[0m[ INFO] [1497431900.333543796]: Got a planning request for ball[0m
[0m[ INFO] [1497431900.333571160]: Updating occupancy map...[0m
[0m[ INFO] [1497431900.333735982]: Planing...[0m
[0m[ INFO] [1497431900.333776347]: Planning from ball (0.16846, -0.0224893) to (0.0635208, -0.0577083)[0m
Starting A*...done.
Publishing path (25 points)
[0m[ INFO] [1497431900.366615104]: Done![0m
[0m[ INFO] [1497431904.133665966]: Got a planning request for giraffe[0m
[0m[ INFO] [1497431904.133726013]: Updating occupancy map...[0m
[0m[ INFO] [1497431904.134024742]: Planing...[0m
[0m[ INFO] [1497431904.134076168]: Planning from giraffe (0.356427, -0.0722111) to (0.390667, -0.0734792)[0m
Starting A*...done.
Publishing path (8 points)
[0m[ INFO] [1497431904.134159771]: Done![0m
[0m[ INFO] [1497431908.933546192]: Got a planning request for giraffe[0m
[0m[ INFO] [1497431908.933577759]: Updating occupancy map...[0m
[0m[ INFO] [1497431908.933786463]: Planing...[0m
[0m[ INFO] [1497431908.933825902]: Planning from giraffe (0.356769, -0.0601514) to (0.3878, -0.0659049)[0m
Starting A*...done.
Publishing path (7 points)
[0m[ INFO] [1497431908.933904224]: Done![0m
[0m[ INFO] [1497431917.133581140]: Got a planning request for caravan[0m
[0m[ INFO] [1497431917.133604803]: Updating occupancy map...[0m
[0m[ INFO] [1497431917.133806054]: Planing...[0m
[0m[ INFO] [1497431917.133843297]: Planning from caravan (0.260164, -0.179416) to (0.085293, -0.0289315)[0m
Starting A*...done.
Publishing path (41 points)
[0m[ INFO] [1497431917.159356776]: Done![0m
[0m[ INFO] [1497431973.533768915]: Got a planning request for hippo[0m
[0m[ INFO] [1497431973.533801058]: Updating occupancy map...[0m
[0m[ INFO] [1497431973.534138481]: Planing...[0m
[0m[ INFO] [1497431973.534178146]: Planning from hippo (0.310475, -0.135016) to (0.27964, -0.14409)[0m
Starting A*...done.
Publishing path (8 points)
[0m[ INFO] [1497431973.534259428]: Done![0m
[0m[ INFO] [1497432018.533708233]: Got a planning request for giraffe[0m
[0m[ INFO] [1497432018.533742351]: Updating occupancy map...[0m
[0m[ INFO] [1497432018.534047135]: Planing...[0m
[0m[ INFO] [1497432018.534095287]: Planning from giraffe (0.362554, -0.0487951) to (0.398392, -0.0868286)[0m
Starting A*...done.
Publishing path (9 points)
[0m[ INFO] [1497432018.534184253]: Done![0m
[0m[ INFO] [1497432021.933814205]: Got a planning request for zebra[0m
[0m[ INFO] [1497432021.933856557]: Updating occupancy map...[0m
[0m[ INFO] [1497432021.934175893]: Planing...[0m
[0m[ INFO] [1497432021.934217459]: Planning from zebra (0.336208, -0.109163) to (0.396354, -0.0878646)[0m
Starting A*...done.
Publishing path (22 points)
[0m[ INFO] [1497432021.962198919]: Done![0m
[0m[ INFO] [1497432042.133681493]: Got a planning request for zebra[0m
[0m[ INFO] [1497432042.133709387]: Updating occupancy map...[0m
[0m[ INFO] [1497432042.134001174]: Planing...[0m
[0m[ INFO] [1497432042.134034461]: Planning from zebra (0.383518, -0.0394574) to (0.393754, -0.0885975)[0m
Starting A*...done.
Publishing path (11 points)
[0m[ INFO] [1497432042.137091047]: Done![0m
[0m[ INFO] [1497432049.333571689]: Got a planning request for elephant[0m
[0m[ INFO] [1497432049.333596246]: Updating occupancy map...[0m
[0m[ INFO] [1497432049.333826222]: Planing...[0m
[0m[ INFO] [1497432049.333872088]: Planning from elephant (0.254949, -0.147775) to (0.199679, -0.126333)[0m
Starting A*...done.
Publishing path (12 points)
[0m[ INFO] [1497432049.333977015]: Done![0m
[0m[ INFO] [1497432108.733764516]: Got a planning request for caravan[0m
[0m[ INFO] [1497432108.733796938]: Updating occupancy map...[0m
[0m[ INFO] [1497432108.734175993]: Planing...[0m
[0m[ INFO] [1497432108.734219877]: Planning from caravan (0.096333, -0.0794575) to (0.0538234, -0.0565803)[0m
Starting A*...done.
Publishing path (10 points)
[0m[ INFO] [1497432108.737136259]: Done![0m
[0m[ INFO] [1497432121.533848410]: Got a planning request for boy[0m
[0m[ INFO] [1497432121.533892837]: Updating occupancy map...[0m
[0m[ INFO] [1497432121.534345500]: Planing...[0m
[0m[ INFO] [1497432121.534407691]: Planning from boy (0.136464, -0.0574209) to (0.14639, -0.149595)[0m
Starting A*...done.
Publishing path (19 points)
[0m[ INFO] [1497432121.534560964]: Done![0m
[0m[ INFO] [1497432125.333621947]: Got a planning request for boy[0m
[0m[ INFO] [1497432125.333650326]: Updating occupancy map...[0m
[0m[ INFO] [1497432125.333886304]: Planing...[0m
[0m[ INFO] [1497432125.333917823]: Planning from boy (0.144501, -0.139042) to (0.199687, -0.0988636)[0m
Starting A*...done.
Publishing path (12 points)
[0m[ INFO] [1497432125.334004363]: Done![0m
[0m[ INFO] [1497432128.733630210]: Got a planning request for girl[0m
[0m[ INFO] [1497432128.733656993]: Updating occupancy map...[0m
[0m[ INFO] [1497432128.733925892]: Planing...[0m
[0m[ INFO] [1497432128.733961509]: Planning from girl (0.14934, -0.036019) to (0.0635208, -0.0577083)[0m
Starting A*...done.
Publishing path (18 points)
[0m[ INFO] [1497432128.767961264]: Done![0m
[0m[ INFO] [1497432132.533504563]: Got a planning request for ball[0m
[0m[ INFO] [1497432132.533531848]: Updating occupancy map...[0m
[0m[ INFO] [1497432132.533823553]: Planing...[0m
[0m[ INFO] [1497432132.533863541]: Planning from ball (0.126216, -0.0768815) to (0.0789986, -0.0414349)[0m
Starting A*...done.
Publishing path (11 points)
[0m[ INFO] [1497432132.542483332]: Done![0m
[0m[ INFO] [1497432135.933582149]: Got a planning request for caravan[0m
[0m[ INFO] [1497432135.933609449]: Updating occupancy map...[0m
[0m[ INFO] [1497432135.933794609]: Planing...[0m
[0m[ INFO] [1497432135.933861284]: Planning from caravan (0.166545, -0.0818009) to (0.228625, -0.0829623)[0m
Starting A*...done.
Publishing path (13 points)
[0m[ INFO] [1497432135.933963738]: Done![0m
[0m[ INFO] [1497432138.933545999]: Got a planning request for boy[0m
[0m[ INFO] [1497432138.933571585]: Updating occupancy map...[0m
[0m[ INFO] [1497432138.933745687]: Planing...[0m
[0m[ INFO] [1497432138.933781253]: Planning from boy (0.254291, -0.113746) to (0.0635208, -0.0577083)[0m
Starting A*...done.
Publishing path (51 points)
[0m[ INFO] [1497432138.944057616]: Done![0m
[0m[ INFO] [1497432145.333744462]: Got a planning request for elephant[0m
[0m[ INFO] [1497432145.333777447]: Updating occupancy map...[0m
[0m[ INFO] [1497432145.334303721]: Planing...[0m
[0m[ INFO] [1497432145.334365778]: Planning from elephant (0.169212, -0.0813488) to (0.199688, -0.0988636)[0m
Starting A*...done.
Publishing path (7 points)
[0m[ INFO] [1497432145.334442673]: Done![0m
[0m[ INFO] [1497432150.933568859]: Got a planning request for boy[0m
[0m[ INFO] [1497432150.933598194]: Updating occupancy map...[0m
[0m[ INFO] [1497432150.933767674]: Planing...[0m
[0m[ INFO] [1497432150.933795721]: Planning from boy (0.216812, -0.0682702) to (0.225415, -0.0999259)[0m
Starting A*...done.
Publishing path (7 points)
[0m[ INFO] [1497432150.956855387]: Done![0m
[0m[ INFO] [1497432153.333699834]: Got a planning request for elephant[0m
[0m[ INFO] [1497432153.333727860]: Updating occupancy map...[0m
[0m[ INFO] [1497432153.334011512]: Planing...[0m
[0m[ INFO] [1497432153.334056556]: Planning from elephant (0.250677, -0.13735) to (0.199156, -0.0994786)[0m
Starting A*...done.
Publishing path (12 points)
[0m[ INFO] [1497432153.334151784]: Done![0m
[0m[ INFO] [1497432157.933796321]: Got a planning request for ball[0m
[0m[ INFO] [1497432157.933827240]: Updating occupancy map...[0m
[0m[ INFO] [1497432157.934197169]: Planing...[0m
[0m[ INFO] [1497432157.934271017]: Planning from ball (0.107056, -0.0277997) to (0.199688, -0.0988636)[0m
Starting A*...done.
Publishing path (19 points)
[0m[ INFO] [1497432157.972393262]: Done![0m
[0m[ INFO] [1497432162.733831874]: Got a planning request for ball[0m
[0m[ INFO] [1497432162.733856780]: Updating occupancy map...[0m
[0m[ INFO] [1497432162.733994480]: Planing...[0m
[0m[ INFO] [1497432162.734032863]: Planning from ball (0.169021, -0.0700454) to (0.0633138, -0.0270082)[0m
Starting A*...done.
Publishing path (22 points)
[0m[ INFO] [1497432162.734126001]: Done![0m
[0m[ INFO] [1497432167.333704878]: Got a planning request for elephant[0m
[0m[ INFO] [1497432167.333729889]: Updating occupancy map...[0m
[0m[ INFO] [1497432167.333893790]: Planing...[0m
[0m[ INFO] [1497432167.333920979]: Planning from elephant (0.226917, -0.119633) to (0.198026, -0.100836)[0m
Starting A*...done.
Publishing path (7 points)
[0m[ INFO] [1497432167.333990422]: Done![0m
[0m[ INFO] [1497432170.733666104]: Got a planning request for boy[0m
[0m[ INFO] [1497432170.733699727]: Updating occupancy map...[0m
[0m[ INFO] [1497432170.733948152]: Planing...[0m
[0m[ INFO] [1497432170.733994062]: Planning from boy (0.118116, -0.0514191) to (0.0579088, -0.0541064)[0m
Starting A*...done.
Publishing path (13 points)
[0m[ INFO] [1497432170.734089560]: Done![0m
[0m[ INFO] [1497432178.733714867]: Got a planning request for girl[0m
[0m[ INFO] [1497432178.733742420]: Updating occupancy map...[0m
[0m[ INFO] [1497432178.734043389]: Planing...[0m
[0m[ INFO] [1497432178.734086768]: Planning from girl (0.294221, -0.0871142) to (0.0537945, -0.0872156)[0m
Starting A*...done.
Publishing path (49 points)
[0m[ INFO] [1497432178.734280702]: Done![0m
[0m[ INFO] [1497432185.733726673]: Got a planning request for elephant[0m
[0m[ INFO] [1497432185.733755505]: Updating occupancy map...[0m
[0m[ INFO] [1497432185.734094102]: Planing...[0m
[0m[ INFO] [1497432185.734130955]: Planning from elephant (0.179162, -0.119727) to (0.199688, -0.0988636)[0m
Starting A*...done.
Publishing path (5 points)
[0m[ INFO] [1497432185.734532747]: Done![0m
[0m[ INFO] [1497432189.933711409]: Got a planning request for caravan[0m
[0m[ INFO] [1497432189.933739151]: Updating occupancy map...[0m
[0m[ INFO] [1497432189.934049505]: Planing...[0m
[0m[ INFO] [1497432189.934084817]: Planning from caravan (0.165336, -0.0412458) to (0.0575021, -0.0494657)[0m
Starting A*...done.
Publishing path (23 points)
[0m[ INFO] [1497432189.971418508]: Done![0m
[0m[ INFO] [1497432194.133745116]: Got a planning request for girl[0m
[0m[ INFO] [1497432194.133778622]: Updating occupancy map...[0m
[0m[ INFO] [1497432194.134094461]: Planing...[0m
[0m[ INFO] [1497432194.134166399]: Planning from girl (0.0615062, -0.0912089) to (0.0635208, -0.0577083)[0m
Starting A*...done.
Publishing path (8 points)
[0m[ INFO] [1497432194.140028968]: Done![0m
[0m[ INFO] [1497432247.133846663]: Got a planning request for girl[0m
[0m[ INFO] [1497432247.133873549]: Updating occupancy map...[0m
[0m[ INFO] [1497432247.134193064]: Planing...[0m
[0m[ INFO] [1497432247.134263498]: Planning from girl (0.0767965, -0.0588274) to (0.177494, -0.00842579)[0m
Starting A*...done.
Publishing path (21 points)
[0m[ INFO] [1497432247.134391469]: Done![0m
[0m[ INFO] [1497432256.533679929]: Got a planning request for boy[0m
[0m[ INFO] [1497432256.533713136]: Updating occupancy map...[0m
[0m[ INFO] [1497432256.534045998]: Planing...[0m
[0m[ INFO] [1497432256.534084664]: Planning from boy (0.0437765, -0.09967) to (0.231579, 0.328741)[0m
Starting A*...done.
Publishing path (100 points)
[0m[ INFO] [1497432256.741125171]: Done![0m
[0m[ INFO] [1497432268.333700351]: Got a planning request for girl[0m
[0m[ INFO] [1497432268.333729092]: Updating occupancy map...[0m
[0m[ INFO] [1497432268.334059004]: Planing...[0m
[0m[ INFO] [1497432268.334091645]: Planning from girl (0.25419, -0.0196885) to (0.216835, -0.0853125)[0m
Starting A*...done.
Publishing path (15 points)
[0m[ INFO] [1497432268.334189779]: Done![0m
[0m[ INFO] [1497432272.533751114]: Got a planning request for boy[0m
[0m[ INFO] [1497432272.533781615]: Updating occupancy map...[0m
[0m[ INFO] [1497432272.534115352]: Planing...[0m
[0m[ INFO] [1497432272.534158903]: Planning from boy (0.205768, -0.0166496) to (0.1775, -0.0084375)[0m
Starting A*...done.
Publishing path (7 points)
[0m[ INFO] [1497432272.534225312]: Done![0m
[0m[ INFO] [1497432358.333639253]: Got a planning request for elephant[0m
[0m[ INFO] [1497432358.333673463]: Updating occupancy map...[0m
[0m[ INFO] [1497432358.333923470]: Planing...[0m
[0m[ INFO] [1497432358.333961765]: Planning from elephant (0.184566, -0.104187) to (0.222172, -0.0814531)[0m
Starting A*...done.
Publishing path (19 points)
[0m[ INFO] [1497432358.368213282]: Done![0m
[0m[ INFO] [1497432362.333642635]: Got a planning request for girl[0m
[0m[ INFO] [1497432362.333685419]: Updating occupancy map...[0m
[0m[ INFO] [1497432362.333940466]: Planing...[0m
[0m[ INFO] [1497432362.333980385]: Planning from girl (0.264121, -0.0752067) to (0.224084, -0.0808984)[0m
Starting A*...done.
Publishing path (9 points)
[0m[ INFO] [1497432362.361068128]: Done![0m
[0m[ INFO] [1497432365.333917459]: Got a planning request for elephant[0m
[0m[ INFO] [1497432365.333969033]: Updating occupancy map...[0m
[0m[ INFO] [1497432365.334289073]: Planing...[0m
[0m[ INFO] [1497432365.334341553]: Planning from elephant (0.185505, -0.0690353) to (0.224083, -0.0808958)[0m
Starting A*...done.
Publishing path (8 points)
[0m[ INFO] [1497432365.370129742]: Done![0m
[0m[ INFO] [1497432368.736456554]: Got a planning request for boy[0m
[0m[ INFO] [1497432368.736492718]: Updating occupancy map...[0m
[0m[ INFO] [1497432368.736845197]: Planing...[0m
[0m[ INFO] [1497432368.736890022]: Planning from boy (0.173795, -0.0170635) to (0.222321, -0.0814286)[0m
Starting A*...done.
Publishing path (14 points)
[0m[ INFO] [1497432368.773611616]: Done![0m
[0m[ INFO] [1497432371.733776304]: Got a planning request for girl[0m
[0m[ INFO] [1497432371.733803965]: Updating occupancy map...[0m
[0m[ INFO] [1497432371.734115951]: Planing...[0m
[0m[ INFO] [1497432371.734158040]: Planning from girl (0.27518, -0.116269) to (0.220663, -0.0841125)[0m
Starting A*...done.
Publishing path (23 points)
[0m[ INFO] [1497432371.773177806]: Done![0m
[0m[ INFO] [1497432375.533809218]: Got a planning request for elephant[0m
[0m[ INFO] [1497432375.533843964]: Updating occupancy map...[0m
[0m[ INFO] [1497432375.534246561]: Planing...[0m
[0m[ INFO] [1497432375.534304599]: Planning from elephant (0.232998, -0.125049) to (0.220672, -0.0841122)[0m
Starting A*...done.
Publishing path (16 points)
[0m[ INFO] [1497432375.582059534]: Done![0m
[0m[ INFO] [1497432379.133770881]: Got a planning request for girl[0m
[0m[ INFO] [1497432379.133842881]: Updating occupancy map...[0m
[0m[ INFO] [1497432379.134213304]: Planing...[0m
[0m[ INFO] [1497432379.134272489]: Planning from girl (0.20003, -0.0482719) to (0.219086, -0.0816435)[0m
Starting A*...done.
Publishing path (8 points)
[0m[ INFO] [1497432379.170340419]: Done![0m
[0m[ INFO] [1497432381.333732598]: Got a planning request for caravan[0m
[0m[ INFO] [1497432381.333759626]: Updating occupancy map...[0m
[0m[ INFO] [1497432381.334091943]: Planing...[0m
[0m[ INFO] [1497432381.334136299]: Planning from caravan (0.146357, -0.0443412) to (0.175572, -0.00519203)[0m
Starting A*...done.
Publishing path (8 points)
[0m[ INFO] [1497432381.334232098]: Done![0m
[0m[ INFO] [1497432386.133722426]: Got a planning request for elephant[0m
[0m[ INFO] [1497432386.133750563]: Updating occupancy map...[0m
[0m[ INFO] [1497432386.134126317]: Planing...[0m
[0m[ INFO] [1497432386.134179737]: Planning from elephant (0.289294, -0.129631) to (0.22588, -0.0813084)[0m
Starting A*...done.
Publishing path (13 points)
[0m[ INFO] [1497432386.134294074]: Done![0m
[0m[ INFO] [1497432389.733715978]: Got a planning request for girl[0m
[0m[ INFO] [1497432389.733742913]: Updating occupancy map...[0m
[0m[ INFO] [1497432389.734055165]: Planing...[0m
[0m[ INFO] [1497432389.734095748]: Planning from girl (0.238999, -0.128814) to (0.0661298, -0.0451683)[0m
Starting A*...done.
Publishing path (35 points)
[0m[ INFO] [1497432389.734277557]: Done![0m
[0m[ INFO] [1497432395.133640452]: Got a planning request for boy[0m
[0m[ INFO] [1497432395.133677760]: Updating occupancy map...[0m
[0m[ INFO] [1497432395.133896816]: Planing...[0m
[0m[ INFO] [1497432395.133935557]: Planning from boy (0.159682, -0.0768158) to (0.219086, -0.0816435)[0m
Starting A*...done.
Publishing path (20 points)
[0m[ INFO] [1497432395.138480109]: Done![0m
[0m[ INFO] [1497432398.733652584]: Got a planning request for elephant[0m
[0m[ INFO] [1497432398.733686630]: Updating occupancy map...[0m
[0m[ INFO] [1497432398.733990333]: Planing...[0m
[0m[ INFO] [1497432398.734055297]: Planning from elephant (0.208955, -0.115691) to (0.219757, -0.0812987)[0m
Starting A*...done.
Publishing path (24 points)
[0m[ INFO] [1497432398.781027102]: Done![0m
[0m[ INFO] [1497432403.333533222]: Got a planning request for ball[0m
[0m[ INFO] [1497432403.333558966]: Updating occupancy map...[0m
[0m[ INFO] [1497432403.333709328]: Planing...[0m
[0m[ INFO] [1497432403.333743967]: Planning from ball (0.270358, -0.113471) to (0.0661298, -0.0451683)[0m
Starting A*...done.
Publishing path (47 points)
[0m[ INFO] [1497432403.381103111]: Done![0m
[0m[ INFO] [1497432415.333626361]: Got a planning request for girl[0m
[0m[ INFO] [1497432415.333655239]: Updating occupancy map...[0m
[0m[ INFO] [1497432415.333896194]: Planing...[0m
[0m[ INFO] [1497432415.333931830]: Planning from girl (0.0937761, -0.116718) to (0.185668, -0.188374)[0m
Starting A*...done.
Publishing path (21 points)
[0m[ INFO] [1497432415.334072105]: Done![0m
[0m[ INFO] [1497432421.733708335]: Got a planning request for ball[0m
[0m[ INFO] [1497432421.733736673]: Updating occupancy map...[0m
[0m[ INFO] [1497432421.734041023]: Planing...[0m
[0m[ INFO] [1497432421.734091222]: Planning from ball (0.151197, -0.110852) to (0.229361, -0.159099)[0m
Starting A*...done.
Publishing path (16 points)
[0m[ INFO] [1497432421.734197869]: Done![0m
[0m[ INFO] [1497432425.533771258]: Got a planning request for ball[0m
[0m[ INFO] [1497432425.533811229]: Updating occupancy map...[0m
[0m[ INFO] [1497432425.534137807]: Planing...[0m
[0m[ INFO] [1497432425.534184839]: Planning from ball (0.223914, -0.158011) to (0.170888, -0.171826)[0m
Starting A*...done.
Publishing path (11 points)
[0m[ INFO] [1497432425.534275820]: Done![0m
[0m[ INFO] [1497432453.533644928]: Got a planning request for caravan[0m
[0m[ INFO] [1497432453.533675198]: Updating occupancy map...[0m
[0m[ INFO] [1497432453.533939306]: Planing...[0m
[0m[ INFO] [1497432453.533977777]: Planning from caravan (0.119918, -0.0685554) to (0.163676, -0.0306675)[0m
Starting A*...done.
Publishing path (10 points)
[0m[ INFO] [1497432453.534067861]: Done![0m
[0m[ INFO] [1497432455.733634425]: Got a planning request for caravan[0m
[0m[ INFO] [1497432455.733664499]: Updating occupancy map...[0m
[0m[ INFO] [1497432455.733914633]: Planing...[0m
[0m[ INFO] [1497432455.733959181]: Planning from caravan (0.154996, -0.0370757) to (0.0635208, -0.0577083)[0m
Starting A*...done.
Publishing path (19 points)
[0m[ INFO] [1497432455.734072992]: Done![0m
[0m[ INFO] [1497432459.133694110]: Got a planning request for ball[0m
[0m[ INFO] [1497432459.133729974]: Updating occupancy map...[0m
[0m[ INFO] [1497432459.133966115]: Planing...[0m
[0m[ INFO] [1497432459.134007665]: Planning from ball (0.171383, -0.139949) to (0.0557819, -0.0621345)[0m
Starting A*...done.
Publishing path (24 points)
[0m[ INFO] [1497432459.172332042]: Done![0m
[0m[ INFO] [1497432463.733899298]: Got a planning request for elephant[0m
[0m[ INFO] [1497432463.733949695]: Updating occupancy map...[0m
[0m[ INFO] [1497432463.734226137]: Planing...[0m
[0m[ INFO] [1497432463.734284771]: Planning from elephant (0.302057, -0.0870563) to (0.392965, -0.0948077)[0m
Starting A*...done.
Publishing path (19 points)
[0m[ INFO] [1497432463.734404698]: Done![0m
[0m[ INFO] [1497432468.333606816]: Got a planning request for girl[0m
[0m[ INFO] [1497432468.333637050]: Updating occupancy map...[0m
[0m[ INFO] [1497432468.333945023]: Planing...[0m
[0m[ INFO] [1497432468.333995045]: Planning from girl (0.0460799, -0.102492) to (0.0635208, -0.0577083)[0m
Starting A*...done.
Publishing path (12 points)
[0m[ INFO] [1497432468.346757394]: Done![0m
[0m[ INFO] [1497432474.733660123]: Got a planning request for boy[0m
[0m[ INFO] [1497432474.733688318]: Updating occupancy map...[0m
[0m[ INFO] [1497432474.733991782]: Planing...[0m
[0m[ INFO] [1497432474.734033691]: Planning from boy (0.14982, -0.105131) to (0.0843538, -0.0499878)[0m
Starting A*...done.
Publishing path (20 points)
[0m[ INFO] [1497432474.734161252]: Done![0m
[0m[ INFO] [1497432478.933619784]: Got a planning request for girl[0m
[0m[ INFO] [1497432478.933647558]: Updating occupancy map...[0m
[0m[ INFO] [1497432478.933889168]: Planing...[0m
[0m[ INFO] [1497432478.933924352]: Planning from girl (0.0733666, -0.106227) to (0.0635208, -0.0577083)[0m
Starting A*...done.
Publishing path (11 points)
[0m[ INFO] [1497432478.934009675]: Done![0m
[0m[ INFO] [1497432481.933721960]: Got a planning request for zebra[0m
[0m[ INFO] [1497432481.933751300]: Updating occupancy map...[0m
[0m[ INFO] [1497432481.933990473]: Planing...[0m
[0m[ INFO] [1497432481.934036956]: Planning from zebra (0.328698, -0.0959473) to (0.378043, -0.08401)[0m
Starting A*...done.
Publishing path (11 points)
[0m[ INFO] [1497432481.965873336]: Done![0m
[0m[ INFO] [1497432493.733820814]: Got a planning request for hippo[0m
[0m[ INFO] [1497432493.733849808]: Updating occupancy map...[0m
[0m[ INFO] [1497432493.734211430]: Planing...[0m
[0m[ INFO] [1497432493.734255751]: Planning from hippo (0.337569, -0.125246) to (0.264755, -0.147423)[0m
Starting A*...done.
Publishing path (16 points)
[0m[ INFO] [1497432493.734368004]: Done![0m
[0m[ INFO] [1497432542.733662246]: Got a planning request for crocodile[0m
[0m[ INFO] [1497432542.733690744]: Updating occupancy map...[0m
[0m[ INFO] [1497432542.733943309]: Planing...[0m
[0m[ INFO] [1497432542.733988279]: Planning from crocodile (0.317662, -0.10222) to (0.278195, -0.122819)[0m
Starting A*...done.
Publishing path (9 points)
[0m[ INFO] [1497432542.734069773]: Done![0m
[0m[ INFO] [1497432544.933662217]: Got a planning request for crocodile[0m
[0m[ INFO] [1497432544.933690410]: Updating occupancy map...[0m
[0m[ INFO] [1497432544.933939779]: Planing...[0m
[0m[ INFO] [1497432544.933979070]: Planning from crocodile (0.274033, -0.111988) to (0.277515, -0.14481)[0m
Starting A*...done.
Publishing path (7 points)
[0m[ INFO] [1497432544.934050154]: Done![0m
[0m[ INFO] [1497432547.333710450]: Got a planning request for hippo[0m
[0m[ INFO] [1497432547.333737205]: Updating occupancy map...[0m
[0m[ INFO] [1497432547.334002412]: Planing...[0m
[0m[ INFO] [1497432547.334037053]: Planning from hippo (0.212893, -0.195617) to (0.279705, -0.165118)[0m
Starting A*...done.
Publishing path (14 points)
[0m[ INFO] [1497432547.334136698]: Done![0m
[0m[ INFO] [1497432550.933676863]: Got a planning request for hippo[0m
[0m[ INFO] [1497432550.933703862]: Updating occupancy map...[0m
[0m[ INFO] [1497432550.933980516]: Planing...[0m
[0m[ INFO] [1497432550.934019422]: Planning from hippo (0.276521, -0.170898) to (0.280807, -0.148813)[0m
Starting A*...done.
Publishing path (6 points)
[0m[ INFO] [1497432550.934082576]: Done![0m
[0m[ INFO] [1497432556.733697232]: Got a planning request for crocodile[0m
[0m[ INFO] [1497432556.733724961]: Updating occupancy map...[0m
[0m[ INFO] [1497432556.734043959]: Planing...[0m
[0m[ INFO] [1497432556.734076927]: Planning from crocodile (0.236745, -0.185356) to (0.279549, -0.14566)[0m
Starting A*...done.
Publishing path (9 points)
[0m[ INFO] [1497432556.777409997]: Done![0m
[0m[ INFO] [1497432560.134251422]: Got a planning request for hippo[0m
[0m[ INFO] [1497432560.134285645]: Updating occupancy map...[0m
[0m[ INFO] [1497432560.134595970]: Planing...[0m
[0m[ INFO] [1497432560.134678601]: Planning from hippo (0.313922, -0.113687) to (0.279549, -0.14566)[0m
Starting A*...done.
Publishing path (8 points)
[0m[ INFO] [1497432560.174866505]: Done![0m
[0m[ INFO] [1497432563.133584225]: Got a planning request for crocodile[0m
[0m[ INFO] [1497432563.133612996]: Updating occupancy map...[0m
[0m[ INFO] [1497432563.133840100]: Planing...[0m
[0m[ INFO] [1497432563.133892536]: Planning from crocodile (0.253644, -0.173353) to (0.279549, -0.14566)[0m
Starting A*...done.
Publishing path (6 points)
[0m[ INFO] [1497432563.168205401]: Done![0m
[0m[ INFO] [1497432565.133580422]: Got a planning request for hippo[0m
[0m[ INFO] [1497432565.133604899]: Updating occupancy map...[0m
[0m[ INFO] [1497432565.133827764]: Planing...[0m
[0m[ INFO] [1497432565.133865377]: Planning from hippo (0.309615, -0.129383) to (0.279552, -0.145651)[0m
Starting A*...done.
Publishing path (13 points)
[0m[ INFO] [1497432565.168279429]: Done![0m
[0m[ INFO] [1497432568.933653605]: Got a planning request for crocodile[0m
[0m[ INFO] [1497432568.933685772]: Updating occupancy map...[0m
[0m[ INFO] [1497432568.933943751]: Planing...[0m
[0m[ INFO] [1497432568.933980679]: Planning from crocodile (0.278103, -0.179419) to (0.279549, -0.14566)[0m
Starting A*...done.
Publishing path (17 points)
[0m[ INFO] [1497432568.965730794]: Done![0m
[0m[ INFO] [1497432643.533671648]: Got a planning request for hippo[0m
[0m[ INFO] [1497432643.533702168]: Updating occupancy map...[0m
[0m[ INFO] [1497432643.533987905]: Planing...[0m
[0m[ INFO] [1497432643.534035898]: Planning from hippo (0.315497, -0.153506) to (0.279567, -0.145578)[0m
Starting A*...done.
Publishing path (15 points)
[0m[ INFO] [1497432643.575761976]: Done![0m
[0m[ INFO] [1497432647.333684196]: Got a planning request for crocodile[0m
[0m[ INFO] [1497432647.333714423]: Updating occupancy map...[0m
[0m[ INFO] [1497432647.333980562]: Planing...[0m
[0m[ INFO] [1497432647.334047697]: Planning from crocodile (0.258999, -0.176684) to (0.279549, -0.14566)[0m
Starting A*...done.
Publishing path (15 points)
[0m[ INFO] [1497432647.370850667]: Done![0m
[0m[ INFO] [1497432656.933572693]: Got a planning request for giraffe[0m
[0m[ INFO] [1497432656.933595529]: Updating occupancy map...[0m
[0m[ INFO] [1497432656.933763289]: Planing...[0m
[0m[ INFO] [1497432656.933789436]: Planning from giraffe (0.419421, -0.0735316) to (0.39375, -0.0877498)[0m
Starting A*...done.
Publishing path (6 points)
[0m[ INFO] [1497432656.933847424]: Done![0m
[0m[ INFO] [1497432659.933696025]: Got a planning request for elephant[0m
[0m[ INFO] [1497432659.933725919]: Updating occupancy map...[0m
[0m[ INFO] [1497432659.934011609]: Planing...[0m
[0m[ INFO] [1497432659.934051326]: Planning from elephant (0.451694, -0.0593804) to (0.38266, -0.0535004)[0m
Starting A*...done.
Publishing path (15 points)
[0m[ INFO] [1497432659.934146681]: Done![0m
[0m[ INFO] [1497432685.533579364]: Got a planning request for elephant[0m
[0m[ INFO] [1497432685.533605159]: Updating occupancy map...[0m
[0m[ INFO] [1497432685.533881017]: Planing...[0m
[0m[ INFO] [1497432685.533915721]: Planning from elephant (0.329064, -0.0954872) to (0.376296, -0.103119)[0m
Starting A*...done.
Publishing path (11 points)
[0m[ INFO] [1497432685.534004814]: Done![0m
[0m[ INFO] [1497432698.333674710]: Got a planning request for caravan[0m
[0m[ INFO] [1497432698.333705751]: Updating occupancy map...[0m
[0m[ INFO] [1497432698.333960650]: Planing...[0m
[0m[ INFO] [1497432698.333995182]: Planning from caravan (0.429811, -0.0470913) to (0.0673413, 0.0122739)[0m
Starting A*...done.
Publishing path (73 points)
[0m[ INFO] [1497432698.346283741]: Done![0m
[0m[ INFO] [1497432707.533528573]: Got a planning request for elephant[0m
[0m[ INFO] [1497432707.533557155]: Updating occupancy map...[0m
[0m[ INFO] [1497432707.533795299]: Planing...[0m
[0m[ INFO] [1497432707.533839254]: Planning from elephant (0.326011, -0.101787) to (0.393393, -0.0903795)[0m
Starting A*...done.
Publishing path (14 points)
[0m[ INFO] [1497432707.533937631]: Done![0m
[0m[ INFO] [1497432710.933732187]: Got a planning request for caravan[0m
[0m[ INFO] [1497432710.933760128]: Updating occupancy map...[0m
[0m[ INFO] [1497432710.934078705]: Planing...[0m
[0m[ INFO] [1497432710.934122437]: Planning from caravan (0.10932, -0.0296225) to (0.16975, -0.002375)[0m
Starting A*...done.
Publishing path (13 points)
[0m[ INFO] [1497432710.934228099]: Done![0m
[0m[ INFO] [1497432714.333533569]: Got a planning request for caravan[0m
[0m[ INFO] [1497432714.333559321]: Updating occupancy map...[0m
[0m[ INFO] [1497432714.333771921]: Planing...[0m
[0m[ INFO] [1497432714.333799399]: Planning from caravan (0.159113, -0.0103821) to (0.16975, -0.002375)[0m
Starting A*...done.
Publishing path (3 points)
[0m[ INFO] [1497432714.333843530]: Done![0m
[0m[ INFO] [1497432717.333697156]: Got a planning request for caravan[0m
[0m[ INFO] [1497432717.333727991]: Updating occupancy map...[0m
[0m[ INFO] [1497432717.334021991]: Planing...[0m
[0m[ INFO] [1497432717.334061814]: Planning from caravan (0.0542537, -0.0927489) to (0.17693, -0.000154678)[0m
Starting A*...done.
Publishing path (26 points)
[0m[ INFO] [1497432717.334207386]: Done![0m
[0m[ INFO] [1497432729.333499829]: Got a planning request for boy[0m
[0m[ INFO] [1497432729.333526739]: Updating occupancy map...[0m
[0m[ INFO] [1497432729.333722002]: Planing...[0m
[0m[ INFO] [1497432729.333762736]: Planning from boy (0.0861534, -0.16313) to (0.230314, -0.102298)[0m
Starting A*...done.
Publishing path (30 points)
[0m[ INFO] [1497432729.333908421]: Done![0m
[0m[ INFO] [1497432763.333758224]: Got a planning request for boy[0m
[0m[ INFO] [1497432763.333787320]: Updating occupancy map...[0m
[0m[ INFO] [1497432763.334154796]: Planing...[0m
[0m[ INFO] [1497432763.334226282]: Planning from boy (0.22771, -0.100436) to (0.0635208, -0.0577083)[0m
Starting A*...done.
Publishing path (40 points)
[0m[ INFO] [1497432763.397992875]: Done![0m
[0m[ INFO] [1497432769.733623631]: Got a planning request for giraffe[0m
[0m[ INFO] [1497432769.733674847]: Updating occupancy map...[0m
[0m[ INFO] [1497432769.733942991]: Planing...[0m
[0m[ INFO] [1497432769.733998349]: Planning from giraffe (0.422939, -0.0984263) to (0.391018, -0.0823185)[0m
Starting A*...done.
Publishing path (7 points)
[0m[ INFO] [1497432769.765244473]: Done![0m
[0m[ INFO] [1497432772.336462892]: Got a planning request for elephant[0m
[0m[ INFO] [1497432772.336498492]: Updating occupancy map...[0m
[0m[ INFO] [1497432772.336775685]: Planing...[0m
[0m[ INFO] [1497432772.336822925]: Planning from elephant (0.364214, -0.0636845) to (0.389319, -0.0807701)[0m
Starting A*...done.
Publishing path (6 points)
[0m[ INFO] [1497432772.365503718]: Done![0m
[0m[ INFO] [1497432797.333818667]: Got a planning request for caravan[0m
[0m[ INFO] [1497432797.333852887]: Updating occupancy map...[0m
[0m[ INFO] [1497432797.334247307]: Planing...[0m
[0m[ INFO] [1497432797.334296049]: Planning from caravan (0.14538, -0.0299807) to (0.178381, -0.0136668)[0m
Starting A*...done.
Publishing path (7 points)
[0m[ INFO] [1497432797.334370692]: Done![0m
[0m[ INFO] [1497432799.933766065]: Got a planning request for caravan[0m
[0m[ INFO] [1497432799.933794819]: Updating occupancy map...[0m
[0m[ INFO] [1497432799.934163212]: Planing...[0m
[0m[ INFO] [1497432799.934206538]: Planning from caravan (0.179511, -0.0146818) to (0.170179, -0.00549256)[0m
Starting A*...done.
Publishing path (2 points)
[0m[ INFO] [1497432799.934253647]: Done![0m
[0m[ INFO] [1497432802.533749709]: Got a planning request for caravan[0m
[0m[ INFO] [1497432802.533780483]: Updating occupancy map...[0m
[0m[ INFO] [1497432802.534118091]: Planing...[0m
[0m[ INFO] [1497432802.534157425]: Planning from caravan (0.144833, -0.121169) to (0.129664, -0.15032)[0m
Starting A*...done.
Publishing path (7 points)
[0m[ INFO] [1497432802.534233909]: Done![0m
[0m[ INFO] [1497432804.533758468]: Got a planning request for caravan[0m
[0m[ INFO] [1497432804.533791275]: Updating occupancy map...[0m
[0m[ INFO] [1497432804.534155972]: Planing...[0m
[0m[ INFO] [1497432804.534207563]: Planning from caravan (0.120707, -0.152577) to (0.0633098, -0.0577513)[0m
Starting A*...done.
Publishing path (29 points)
[0m[ INFO] [1497432804.534967333]: Done![0m
[0m[ INFO] [1497432810.538526570]: Got a planning request for boy[0m
[0m[ INFO] [1497432810.538554366]: Updating occupancy map...[0m
[0m[ INFO] [1497432810.538982688]: Planing...[0m
[0m[ INFO] [1497432810.539018794]: Planning from boy (0.0170138, -0.0949126) to (0.13475, -0.148625)[0m
Starting A*...done.
Publishing path (24 points)
[0m[ INFO] [1497432810.539147798]: Done![0m
[0m[ INFO] [1497432815.733685472]: Got a planning request for boy[0m
[0m[ INFO] [1497432815.733715101]: Updating occupancy map...[0m
[0m[ INFO] [1497432815.734007351]: Planing...[0m
[0m[ INFO] [1497432815.734041781]: Planning from boy (0.124691, -0.14498) to (0.0635208, -0.0577083)[0m
Starting A*...done.
Publishing path (36 points)
[0m[ INFO] [1497432815.770780754]: Done![0m
[0m[ INFO] [1497432821.133641519]: Got a planning request for caravan[0m
[0m[ INFO] [1497432821.133670702]: Updating occupancy map...[0m
[0m[ INFO] [1497432821.133974744]: Planing...[0m
[0m[ INFO] [1497432821.134029251]: Planning from caravan (0.11151, -0.0545979) to (0.169896, -0.00494792)[0m
Starting A*...done.
Publishing path (12 points)
[0m[ INFO] [1497432821.138024734]: Done![0m
[0m[ INFO] [1497432824.733623721]: Got a planning request for caravan[0m
[0m[ INFO] [1497432824.733661889]: Updating occupancy map...[0m
[0m[ INFO] [1497432824.733892176]: Planing...[0m
[0m[ INFO] [1497432824.733947025]: Planning from caravan (0.147129, -0.0234948) to (0.169896, -0.00494792)[0m
Starting A*...done.
Publishing path (5 points)
[0m[ INFO] [1497432824.734039826]: Done![0m
[0m[ INFO] [1497432827.133558346]: Got a planning request for caravan[0m
[0m[ INFO] [1497432827.133585561]: Updating occupancy map...[0m
[0m[ INFO] [1497432827.133788298]: Planing...[0m
[0m[ INFO] [1497432827.133812839]: Planning from caravan (0.147842, -0.0234118) to (0.169893, -0.00493901)[0m
Starting A*...done.
Publishing path (5 points)
[0m[ INFO] [1497432827.133858305]: Done![0m
[0m[ INFO] [1497432829.333629594]: Got a planning request for girl[0m
[0m[ INFO] [1497432829.333663693]: Updating occupancy map...[0m
[0m[ INFO] [1497432829.333901782]: Planing...[0m
[0m[ INFO] [1497432829.333941492]: Planning from girl (0.111538, -0.0161591) to (0.0635208, -0.0577083)[0m
Starting A*...done.
Publishing path (11 points)
[0m[ INFO] [1497432829.360198824]: Done![0m
[0m[ INFO] [1497432832.733600036]: Got a planning request for caravan[0m
[0m[ INFO] [1497432832.733660185]: Updating occupancy map...[0m
[0m[ INFO] [1497432832.733897339]: Planing...[0m
[0m[ INFO] [1497432832.733948466]: Planning from caravan (0.14851, -0.0244485) to (0.0635208, -0.0577083)[0m
Starting A*...done.
Publishing path (18 points)
[0m[ INFO] [1497432832.772537737]: Done![0m
[0m[ INFO] [1497432836.133502029]: Got a planning request for boy[0m
[0m[ INFO] [1497432836.133527349]: Updating occupancy map...[0m
[0m[ INFO] [1497432836.133652298]: Planing...[0m
[0m[ INFO] [1497432836.133678528]: Planning from boy (0.0231318, -0.0888467) to (0.134757, -0.148606)[0m
Starting A*...done.
Publishing path (23 points)
[0m[ INFO] [1497432836.133788501]: Done![0m
[0m[ INFO] [1497432840.733599607]: Got a planning request for boy[0m
[0m[ INFO] [1497432840.733631292]: Updating occupancy map...[0m
[0m[ INFO] [1497432840.733847715]: Planing...[0m
[0m[ INFO] [1497432840.733884486]: Planning from boy (0.125648, -0.147385) to (0.0635208, -0.0577083)[0m
Starting A*...done.
Publishing path (41 points)
[0m[ INFO] [1497432840.781658831]: Done![0m
[0m[ INFO] [1497432846.533660398]: Got a planning request for girl[0m
[0m[ INFO] [1497432846.533737226]: Updating occupancy map...[0m
[0m[ INFO] [1497432846.533985436]: Planing...[0m
[0m[ INFO] [1497432846.534058551]: Planning from girl (0.0203033, -0.0990316) to (0.0635256, -0.0577147)[0m
Starting A*...done.
Publishing path (30 points)
[0m[ INFO] [1497432846.576280234]: Done![0m
[0m[ INFO] [1497432851.933597702]: Got a planning request for boy[0m
[0m[ INFO] [1497432851.933621671]: Updating occupancy map...[0m
[0m[ INFO] [1497432851.933976471]: Planing...[0m
[0m[ INFO] [1497432851.934045509]: Planning from boy (0.11774, -0.06187) to (0.169896, -0.00494792)[0m
Starting A*...done.
Publishing path (13 points)
[0m[ INFO] [1497432851.937909158]: Done![0m
[0m[ INFO] [1497432855.533832413]: Got a planning request for boy[0m
[0m[ INFO] [1497432855.533884815]: Updating occupancy map...[0m
[0m[ INFO] [1497432855.534333340]: Planing...[0m
[0m[ INFO] [1497432855.534405992]: Planning from boy (0.168002, -0.016769) to (0.169897, -0.00494843)[0m
Starting A*...done.
Publishing path (4 points)
[0m[ INFO] [1497432855.534476625]: Done![0m
[0m[ INFO] [1497432857.333840867]: Got a planning request for caravan[0m
[0m[ INFO] [1497432857.333904963]: Updating occupancy map...[0m
[0m[ INFO] [1497432857.334352188]: Planing...[0m
[0m[ INFO] [1497432857.334423934]: Planning from caravan (0.0759413, -0.104061) to (0.13475, -0.148625)[0m
Starting A*...done.
Publishing path (12 points)
[0m[ INFO] [1497432857.334540730]: Done![0m
[0m[ INFO] [1497432860.733781339]: Got a planning request for boy[0m
[0m[ INFO] [1497432860.733837732]: Updating occupancy map...[0m
[0m[ INFO] [1497432860.734265456]: Planing...[0m
[0m[ INFO] [1497432860.734334267]: Planning from boy (0.167575, -0.0168265) to (0.169896, -0.00494792)[0m
Starting A*...done.
Publishing path (4 points)
[0m[ INFO] [1497432860.734404163]: Done![0m
[0m[ INFO] [1497432863.333789800]: Got a planning request for boy[0m
[0m[ INFO] [1497432863.333817953]: Updating occupancy map...[0m
[0m[ INFO] [1497432863.334071211]: Planing...[0m
[0m[ INFO] [1497432863.334104502]: Planning from boy (0.167664, -0.0168112) to (0.0635208, -0.0577083)[0m
Starting A*...done.
Publishing path (22 points)
