[rospy.client][INFO] 2017-06-14 10:05:56,244: init_node, name[/sandbox_zones_from_image], pid[7708]
[xmlrpc][INFO] 2017-06-14 10:05:56,245: XML-RPC server binding to 0.0.0.0:0
[rospy.init][INFO] 2017-06-14 10:05:56,245: ROS Slave URI: [http://sandtray-hrilab:40595/]
[xmlrpc][INFO] 2017-06-14 10:05:56,245: Started XML-RPC server [http://sandtray-hrilab:40595/]
[rospy.impl.masterslave][INFO] 2017-06-14 10:05:56,245: _ready: http://sandtray-hrilab:40595/
[rospy.registration][INFO] 2017-06-14 10:05:56,246: Registering with master node http://localhost:11311
[xmlrpc][INFO] 2017-06-14 10:05:56,246: xml rpc node: starting XML-RPC server
[rospy.init][INFO] 2017-06-14 10:05:56,345: registered with master
[rospy.rosout][INFO] 2017-06-14 10:05:56,345: initializing /rosout core topic
[rospy.rosout][INFO] 2017-06-14 10:05:56,348: connected to core topic /rosout
[rospy.simtime][INFO] 2017-06-14 10:05:56,349: /use_sim_time is not set, will not subscribe to simulated time [/clock] topic
[rosout][INFO] 2017-06-14 10:05:56,355: Waiting for images of the playground
[rospy.internal][INFO] 2017-06-14 10:05:56,361: topic[/sandtray/background/image] adding connection to [http://sandtray-hrilab:41771/], count 0
[rospy.internal][INFO] 2017-06-14 10:05:56,361: topic[/sandtray/background/camera_info] adding connection to [http://sandtray-hrilab:41771/], count 0
[rosout][INFO] 2017-06-14 10:05:56,373: Received the playground image. Detecting zones...
[rosout][INFO] 2017-06-14 10:05:56,390: Publishing the detected zones on /zones
[rosout][INFO] 2017-06-14 10:06:23,224: Received the playground image. Detecting zones...
[rosout][INFO] 2017-06-14 10:06:23,241: Publishing the detected zones on /zones
[rospy.internal][INFO] 2017-06-14 10:06:23,748: topic[/zones] adding connection to [/rosbag_record_freeplay_sandbox], count 0
[rospy.impl.masterslave][INFO] 2017-06-14 10:06:23,757: external shutdown request from [/master]: new node registered with same name
[rospy.core][INFO] 2017-06-14 10:06:23,757: signal_shutdown [external shutdown request from [/master]: [new node registered with same name]]
[rospy.internal][INFO] 2017-06-14 10:06:23,768: topic[/zones] removing connection to /rosbag_record_freeplay_sandbox
[rospy.internal][INFO] 2017-06-14 10:06:23,769: topic[/sandtray/background/image] removing connection to http://sandtray-hrilab:41771/
[rospy.internal][INFO] 2017-06-14 10:06:23,769: topic[/sandtray/background/camera_info] removing connection to http://sandtray-hrilab:41771/
[rospy.internal][WARNING] 2017-06-14 10:06:23,770: Unknown error initiating TCP/IP socket to sandtray-hrilab:60532 (http://sandtray-hrilab:41771/): Traceback (most recent call last):
  File "/opt/ros/kinetic/lib/python2.7/dist-packages/rospy/impl/tcpros_base.py", line 558, in connect
    self.local_endpoint = self.socket.getsockname()
AttributeError: 'NoneType' object has no attribute 'getsockname'

[rospy.core][INFO] 2017-06-14 10:06:23,885: signal_shutdown [atexit]
[rospy.client][INFO] 2017-06-14 10:10:26,088: init_node, name[/sandbox_zones_from_image], pid[10578]
[xmlrpc][INFO] 2017-06-14 10:10:26,088: XML-RPC server binding to 0.0.0.0:0
[xmlrpc][INFO] 2017-06-14 10:10:26,088: Started XML-RPC server [http://sandtray-hrilab:46775/]
[rospy.impl.masterslave][INFO] 2017-06-14 10:10:26,089: _ready: http://sandtray-hrilab:46775/
[rospy.init][INFO] 2017-06-14 10:10:26,089: ROS Slave URI: [http://sandtray-hrilab:46775/]
[rospy.registration][INFO] 2017-06-14 10:10:26,091: Registering with master node http://localhost:11311
[xmlrpc][INFO] 2017-06-14 10:10:26,091: xml rpc node: starting XML-RPC server
[rospy.init][INFO] 2017-06-14 10:10:26,193: registered with master
[rospy.rosout][INFO] 2017-06-14 10:10:26,193: initializing /rosout core topic
[rospy.rosout][INFO] 2017-06-14 10:10:26,196: connected to core topic /rosout
[rospy.simtime][INFO] 2017-06-14 10:10:26,198: /use_sim_time is not set, will not subscribe to simulated time [/clock] topic
[rosout][INFO] 2017-06-14 10:10:26,220: Waiting for images of the playground
[rospy.internal][INFO] 2017-06-14 10:10:26,234: topic[/zones] adding connection to [/sandbox_play], count 0
[rospy.internal][INFO] 2017-06-14 10:10:26,262: topic[/sandtray/background/image] adding connection to [http://sandtray-hrilab:41771/], count 0
[rospy.internal][INFO] 2017-06-14 10:10:26,262: topic[/sandtray/background/camera_info] adding connection to [http://sandtray-hrilab:41771/], count 0
[rospy.internal][INFO] 2017-06-14 10:10:26,415: topic[/rosout] adding connection to [/rosout], count 0
[rospy.internal][INFO] 2017-06-14 10:10:26,416: topic[/zones] adding connection to [/rosbag_record_freeplay_sandbox], count 1
[rosout][INFO] 2017-06-14 10:10:34,755: Received the playground image. Detecting zones...
[rosout][INFO] 2017-06-14 10:10:34,799: Publishing the detected zones on /zones
[rosout][INFO] 2017-06-14 10:10:35,476: Received the playground image. Detecting zones...
[rosout][INFO] 2017-06-14 10:10:35,498: Publishing the detected zones on /zones
[rosout][INFO] 2017-06-14 10:12:33,989: Received the playground image. Detecting zones...
[rosout][INFO] 2017-06-14 10:12:34,016: Publishing the detected zones on /zones
[rosout][INFO] 2017-06-14 10:13:00,969: Received the playground image. Detecting zones...
[rosout][INFO] 2017-06-14 10:13:00,992: Publishing the detected zones on /zones
[rosout][INFO] 2017-06-14 10:13:21,233: Received the playground image. Detecting zones...
[rosout][INFO] 2017-06-14 10:13:21,252: Publishing the detected zones on /zones
[rosout][INFO] 2017-06-14 10:13:22,981: Received the playground image. Detecting zones...
[rosout][INFO] 2017-06-14 10:13:23,002: Publishing the detected zones on /zones
[rosout][INFO] 2017-06-14 10:13:47,019: Received the playground image. Detecting zones...
[rosout][INFO] 2017-06-14 10:13:47,044: Publishing the detected zones on /zones
[rosout][INFO] 2017-06-14 10:13:47,220: Received the playground image. Detecting zones...
[rosout][INFO] 2017-06-14 10:13:47,244: Publishing the detected zones on /zones
[rosout][INFO] 2017-06-14 10:13:48,738: Received the playground image. Detecting zones...
[rosout][INFO] 2017-06-14 10:13:48,762: Publishing the detected zones on /zones
[rosout][INFO] 2017-06-14 10:13:48,977: Received the playground image. Detecting zones...
[rosout][INFO] 2017-06-14 10:13:48,999: Publishing the detected zones on /zones
[rosout][INFO] 2017-06-14 10:13:50,479: Received the playground image. Detecting zones...
[rosout][INFO] 2017-06-14 10:13:50,499: Publishing the detected zones on /zones
[rosout][INFO] 2017-06-14 10:14:11,477: Received the playground image. Detecting zones...
[rosout][INFO] 2017-06-14 10:14:11,496: Publishing the detected zones on /zones
[rosout][INFO] 2017-06-14 10:14:28,236: Received the playground image. Detecting zones...
[rosout][INFO] 2017-06-14 10:14:28,257: Publishing the detected zones on /zones
[rosout][INFO] 2017-06-14 10:14:46,991: Received the playground image. Detecting zones...
[rosout][INFO] 2017-06-14 10:14:47,017: Publishing the detected zones on /zones
[rosout][INFO] 2017-06-14 10:14:49,755: Received the playground image. Detecting zones...
[rosout][INFO] 2017-06-14 10:14:49,788: Publishing the detected zones on /zones
[rosout][INFO] 2017-06-14 10:14:50,734: Received the playground image. Detecting zones...
[rosout][INFO] 2017-06-14 10:14:50,770: Publishing the detected zones on /zones
[rosout][INFO] 2017-06-14 10:15:09,734: Received the playground image. Detecting zones...
[rosout][INFO] 2017-06-14 10:15:09,757: Publishing the detected zones on /zones
[rosout][INFO] 2017-06-14 10:15:11,786: Received the playground image. Detecting zones...
[rosout][INFO] 2017-06-14 10:15:11,814: Publishing the detected zones on /zones
[rosout][INFO] 2017-06-14 10:15:14,232: Received the playground image. Detecting zones...
[rosout][INFO] 2017-06-14 10:15:14,255: Publishing the detected zones on /zones
[rosout][INFO] 2017-06-14 10:15:16,226: Received the playground image. Detecting zones...
[rosout][INFO] 2017-06-14 10:15:16,246: Publishing the detected zones on /zones
[rosout][INFO] 2017-06-14 10:15:19,727: Received the playground image. Detecting zones...
[rosout][INFO] 2017-06-14 10:15:19,746: Publishing the detected zones on /zones
[rosout][INFO] 2017-06-14 10:15:27,729: Received the playground image. Detecting zones...
[rosout][INFO] 2017-06-14 10:15:27,754: Publishing the detected zones on /zones
[rosout][INFO] 2017-06-14 10:15:37,727: Received the playground image. Detecting zones...
[rosout][INFO] 2017-06-14 10:15:37,760: Publishing the detected zones on /zones
[rosout][INFO] 2017-06-14 10:15:38,481: Received the playground image. Detecting zones...
[rosout][INFO] 2017-06-14 10:15:38,514: Publishing the detected zones on /zones
[rosout][INFO] 2017-06-14 10:15:40,746: Received the playground image. Detecting zones...
[rosout][INFO] 2017-06-14 10:15:40,777: Publishing the detected zones on /zones
[rosout][INFO] 2017-06-14 10:15:44,741: Received the playground image. Detecting zones...
[rosout][INFO] 2017-06-14 10:15:44,765: Publishing the detected zones on /zones
[rosout][INFO] 2017-06-14 10:15:45,234: Received the playground image. Detecting zones...
[rosout][INFO] 2017-06-14 10:15:45,262: Publishing the detected zones on /zones
[rosout][INFO] 2017-06-14 10:15:45,491: Received the playground image. Detecting zones...
[rosout][INFO] 2017-06-14 10:15:45,522: Publishing the detected zones on /zones
[rosout][INFO] 2017-06-14 10:16:16,735: Received the playground image. Detecting zones...
[rosout][INFO] 2017-06-14 10:16:16,768: Publishing the detected zones on /zones
[rosout][INFO] 2017-06-14 10:16:27,247: Received the playground image. Detecting zones...
[rosout][INFO] 2017-06-14 10:16:27,278: Publishing the detected zones on /zones
[rosout][INFO] 2017-06-14 10:16:45,484: Received the playground image. Detecting zones...
[rosout][INFO] 2017-06-14 10:16:45,509: Publishing the detected zones on /zones
[rosout][INFO] 2017-06-14 10:16:46,235: Received the playground image. Detecting zones...
[rosout][INFO] 2017-06-14 10:16:46,253: Publishing the detected zones on /zones
[rosout][INFO] 2017-06-14 10:16:56,001: Received the playground image. Detecting zones...
[rosout][INFO] 2017-06-14 10:16:56,037: Publishing the detected zones on /zones
[rosout][INFO] 2017-06-14 10:17:06,497: Received the playground image. Detecting zones...
[rosout][INFO] 2017-06-14 10:17:06,537: Publishing the detected zones on /zones
[rosout][INFO] 2017-06-14 10:17:07,480: Received the playground image. Detecting zones...
[rosout][INFO] 2017-06-14 10:17:07,516: Publishing the detected zones on /zones
[rosout][INFO] 2017-06-14 10:17:18,991: Received the playground image. Detecting zones...
[rosout][INFO] 2017-06-14 10:17:19,005: Publishing the detected zones on /zones
[rosout][INFO] 2017-06-14 10:17:22,233: Received the playground image. Detecting zones...
[rosout][INFO] 2017-06-14 10:17:22,253: Publishing the detected zones on /zones
[rosout][INFO] 2017-06-14 10:17:48,278: Received the playground image. Detecting zones...
[rosout][INFO] 2017-06-14 10:17:48,297: Publishing the detected zones on /zones
[rosout][INFO] 2017-06-14 10:17:49,718: Received the playground image. Detecting zones...
[rosout][INFO] 2017-06-14 10:17:49,741: Publishing the detected zones on /zones
[rosout][INFO] 2017-06-14 10:17:51,232: Received the playground image. Detecting zones...
[rosout][INFO] 2017-06-14 10:17:51,251: Publishing the detected zones on /zones
[rosout][INFO] 2017-06-14 10:17:54,226: Received the playground image. Detecting zones...
[rosout][INFO] 2017-06-14 10:17:54,245: Publishing the detected zones on /zones
[rosout][INFO] 2017-06-14 10:18:02,220: Received the playground image. Detecting zones...
[rosout][INFO] 2017-06-14 10:18:02,239: Publishing the detected zones on /zones
[rosout][INFO] 2017-06-14 10:18:07,732: Received the playground image. Detecting zones...
[rosout][INFO] 2017-06-14 10:18:07,750: Publishing the detected zones on /zones
[rosout][INFO] 2017-06-14 10:18:07,981: Received the playground image. Detecting zones...
[rosout][INFO] 2017-06-14 10:18:08,000: Publishing the detected zones on /zones
[rosout][INFO] 2017-06-14 10:18:08,486: Received the playground image. Detecting zones...
[rosout][INFO] 2017-06-14 10:18:08,519: Publishing the detected zones on /zones
[rosout][INFO] 2017-06-14 10:18:14,236: Received the playground image. Detecting zones...
[rosout][INFO] 2017-06-14 10:18:14,262: Publishing the detected zones on /zones
[rosout][INFO] 2017-06-14 10:18:18,967: Received the playground image. Detecting zones...
[rosout][INFO] 2017-06-14 10:18:18,990: Publishing the detected zones on /zones
[rosout][INFO] 2017-06-14 10:18:35,985: Received the playground image. Detecting zones...
[rosout][INFO] 2017-06-14 10:18:36,003: Publishing the detected zones on /zones
[rosout][INFO] 2017-06-14 10:18:45,747: Received the playground image. Detecting zones...
[rosout][INFO] 2017-06-14 10:18:45,774: Publishing the detected zones on /zones
[rosout][INFO] 2017-06-14 10:18:47,482: Received the playground image. Detecting zones...
[rosout][INFO] 2017-06-14 10:18:47,511: Publishing the detected zones on /zones
[rosout][INFO] 2017-06-14 10:18:57,481: Received the playground image. Detecting zones...
[rosout][INFO] 2017-06-14 10:18:57,513: Publishing the detected zones on /zones
[rosout][INFO] 2017-06-14 10:19:08,481: Received the playground image. Detecting zones...
[rosout][INFO] 2017-06-14 10:19:08,515: Publishing the detected zones on /zones
[rosout][INFO] 2017-06-14 10:19:08,963: Received the playground image. Detecting zones...
[rosout][INFO] 2017-06-14 10:19:08,981: Publishing the detected zones on /zones
[rosout][INFO] 2017-06-14 10:19:09,476: Received the playground image. Detecting zones...
[rosout][INFO] 2017-06-14 10:19:09,500: Publishing the detected zones on /zones
[rosout][INFO] 2017-06-14 10:19:09,973: Received the playground image. Detecting zones...
[rosout][INFO] 2017-06-14 10:19:09,998: Publishing the detected zones on /zones
[rosout][INFO] 2017-06-14 10:19:10,479: Received the playground image. Detecting zones...
[rosout][INFO] 2017-06-14 10:19:10,503: Publishing the detected zones on /zones
[rosout][INFO] 2017-06-14 10:19:10,733: Received the playground image. Detecting zones...
[rosout][INFO] 2017-06-14 10:19:10,766: Publishing the detected zones on /zones
[rosout][INFO] 2017-06-14 10:19:10,977: Received the playground image. Detecting zones...
[rosout][INFO] 2017-06-14 10:19:11,000: Publishing the detected zones on /zones
[rosout][INFO] 2017-06-14 10:19:11,231: Received the playground image. Detecting zones...
[rosout][INFO] 2017-06-14 10:19:11,249: Publishing the detected zones on /zones
[rosout][INFO] 2017-06-14 10:19:11,721: Received the playground image. Detecting zones...
[rosout][INFO] 2017-06-14 10:19:11,746: Publishing the detected zones on /zones
[rosout][INFO] 2017-06-14 10:19:12,496: Received the playground image. Detecting zones...
[rosout][INFO] 2017-06-14 10:19:12,515: Publishing the detected zones on /zones
[rosout][INFO] 2017-06-14 10:19:14,978: Received the playground image. Detecting zones...
[rosout][INFO] 2017-06-14 10:19:14,997: Publishing the detected zones on /zones
[rosout][INFO] 2017-06-14 10:19:17,983: Received the playground image. Detecting zones...
[rosout][INFO] 2017-06-14 10:19:18,011: Publishing the detected zones on /zones
[rosout][INFO] 2017-06-14 10:19:20,481: Received the playground image. Detecting zones...
[rosout][INFO] 2017-06-14 10:19:20,510: Publishing the detected zones on /zones
[rosout][INFO] 2017-06-14 10:19:25,483: Received the playground image. Detecting zones...
[rosout][INFO] 2017-06-14 10:19:25,514: Publishing the detected zones on /zones
[rosout][INFO] 2017-06-14 10:19:28,211: Received the playground image. Detecting zones...
[rosout][INFO] 2017-06-14 10:19:28,230: Publishing the detected zones on /zones
[rosout][INFO] 2017-06-14 10:19:41,719: Received the playground image. Detecting zones...
[rosout][INFO] 2017-06-14 10:19:41,746: Publishing the detected zones on /zones
[rosout][INFO] 2017-06-14 10:19:51,732: Received the playground image. Detecting zones...
[rosout][INFO] 2017-06-14 10:19:51,766: Publishing the detected zones on /zones
[rosout][INFO] 2017-06-14 10:20:05,479: Received the playground image. Detecting zones...
[rosout][INFO] 2017-06-14 10:20:05,503: Publishing the detected zones on /zones
[rosout][INFO] 2017-06-14 10:20:07,475: Received the playground image. Detecting zones...
[rosout][INFO] 2017-06-14 10:20:07,503: Publishing the detected zones on /zones
[rosout][INFO] 2017-06-14 10:20:08,477: Received the playground image. Detecting zones...
[rosout][INFO] 2017-06-14 10:20:08,511: Publishing the detected zones on /zones
[rosout][INFO] 2017-06-14 10:20:14,234: Received the playground image. Detecting zones...
[rosout][INFO] 2017-06-14 10:20:14,259: Publishing the detected zones on /zones
[rosout][INFO] 2017-06-14 10:20:22,003: Received the playground image. Detecting zones...
[rosout][INFO] 2017-06-14 10:20:22,024: Publishing the detected zones on /zones
[rosout][INFO] 2017-06-14 10:20:24,976: Received the playground image. Detecting zones...
[rosout][INFO] 2017-06-14 10:20:25,000: Publishing the detected zones on /zones
[rosout][INFO] 2017-06-14 10:20:26,498: Received the playground image. Detecting zones...
[rosout][INFO] 2017-06-14 10:20:26,529: Publishing the detected zones on /zones
[rosout][INFO] 2017-06-14 10:20:27,978: Received the playground image. Detecting zones...
[rosout][INFO] 2017-06-14 10:20:27,996: Publishing the detected zones on /zones
[rosout][INFO] 2017-06-14 10:20:34,978: Received the playground image. Detecting zones...
[rosout][INFO] 2017-06-14 10:20:35,000: Publishing the detected zones on /zones
[rosout][INFO] 2017-06-14 10:20:42,977: Received the playground image. Detecting zones...
[rosout][INFO] 2017-06-14 10:20:42,999: Publishing the detected zones on /zones
[rosout][INFO] 2017-06-14 10:21:09,970: Received the playground image. Detecting zones...
[rosout][INFO] 2017-06-14 10:21:09,995: Publishing the detected zones on /zones
[rosout][INFO] 2017-06-14 10:21:49,735: Received the playground image. Detecting zones...
[rosout][INFO] 2017-06-14 10:21:49,758: Publishing the detected zones on /zones
[rosout][INFO] 2017-06-14 10:22:03,738: Received the playground image. Detecting zones...
[rosout][INFO] 2017-06-14 10:22:03,773: Publishing the detected zones on /zones
[rosout][INFO] 2017-06-14 10:22:03,963: Received the playground image. Detecting zones...
[rosout][INFO] 2017-06-14 10:22:03,980: Publishing the detected zones on /zones
[rosout][INFO] 2017-06-14 10:22:10,240: Received the playground image. Detecting zones...
[rosout][INFO] 2017-06-14 10:22:10,261: Publishing the detected zones on /zones
[rosout][INFO] 2017-06-14 10:22:51,241: Received the playground image. Detecting zones...
[rosout][INFO] 2017-06-14 10:22:51,264: Publishing the detected zones on /zones
[rosout][INFO] 2017-06-14 10:23:17,971: Received the playground image. Detecting zones...
[rosout][INFO] 2017-06-14 10:23:17,994: Publishing the detected zones on /zones
[rosout][INFO] 2017-06-14 10:23:22,465: Received the playground image. Detecting zones...
[rosout][INFO] 2017-06-14 10:23:22,493: Publishing the detected zones on /zones
[rosout][INFO] 2017-06-14 10:23:23,226: Received the playground image. Detecting zones...
[rosout][INFO] 2017-06-14 10:23:23,252: Publishing the detected zones on /zones
[rosout][INFO] 2017-06-14 10:23:23,509: Received the playground image. Detecting zones...
[rosout][INFO] 2017-06-14 10:23:23,532: Publishing the detected zones on /zones
[rosout][INFO] 2017-06-14 10:23:23,966: Received the playground image. Detecting zones...
[rosout][INFO] 2017-06-14 10:23:23,990: Publishing the detected zones on /zones
[rosout][INFO] 2017-06-14 10:23:24,236: Received the playground image. Detecting zones...
[rosout][INFO] 2017-06-14 10:23:24,259: Publishing the detected zones on /zones
[rosout][INFO] 2017-06-14 10:23:24,484: Received the playground image. Detecting zones...
[rosout][INFO] 2017-06-14 10:23:24,503: Publishing the detected zones on /zones
[rosout][INFO] 2017-06-14 10:23:24,737: Received the playground image. Detecting zones...
[rosout][INFO] 2017-06-14 10:23:24,758: Publishing the detected zones on /zones
[rosout][INFO] 2017-06-14 10:23:25,222: Received the playground image. Detecting zones...
[rosout][INFO] 2017-06-14 10:23:25,248: Publishing the detected zones on /zones
[rosout][INFO] 2017-06-14 10:23:25,479: Received the playground image. Detecting zones...
[rosout][INFO] 2017-06-14 10:23:25,498: Publishing the detected zones on /zones
[rosout][INFO] 2017-06-14 10:23:27,742: Received the playground image. Detecting zones...
[rosout][INFO] 2017-06-14 10:23:27,765: Publishing the detected zones on /zones
[rosout][INFO] 2017-06-14 10:23:27,982: Received the playground image. Detecting zones...
[rosout][INFO] 2017-06-14 10:23:28,003: Publishing the detected zones on /zones
[rosout][INFO] 2017-06-14 10:23:28,723: Received the playground image. Detecting zones...
[rosout][INFO] 2017-06-14 10:23:28,745: Publishing the detected zones on /zones
[rosout][INFO] 2017-06-14 10:23:29,227: Received the playground image. Detecting zones...
[rosout][INFO] 2017-06-14 10:23:29,246: Publishing the detected zones on /zones
[rosout][INFO] 2017-06-14 10:23:29,484: Received the playground image. Detecting zones...
[rosout][INFO] 2017-06-14 10:23:29,511: Publishing the detected zones on /zones
[rosout][INFO] 2017-06-14 10:23:29,722: Received the playground image. Detecting zones...
[rosout][INFO] 2017-06-14 10:23:29,739: Publishing the detected zones on /zones
[rosout][INFO] 2017-06-14 10:23:30,750: Received the playground image. Detecting zones...
[rosout][INFO] 2017-06-14 10:23:30,769: Publishing the detected zones on /zones
[rosout][INFO] 2017-06-14 10:23:31,475: Received the playground image. Detecting zones...
[rosout][INFO] 2017-06-14 10:23:31,495: Publishing the detected zones on /zones
[rosout][INFO] 2017-06-14 10:23:31,970: Received the playground image. Detecting zones...
[rosout][INFO] 2017-06-14 10:23:31,989: Publishing the detected zones on /zones
[rosout][INFO] 2017-06-14 10:23:32,510: Received the playground image. Detecting zones...
[rosout][INFO] 2017-06-14 10:23:32,535: Publishing the detected zones on /zones
[rosout][INFO] 2017-06-14 10:23:33,215: Received the playground image. Detecting zones...
[rosout][INFO] 2017-06-14 10:23:33,240: Publishing the detected zones on /zones
[rosout][INFO] 2017-06-14 10:23:33,732: Received the playground image. Detecting zones...
[rosout][INFO] 2017-06-14 10:23:33,759: Publishing the detected zones on /zones
[rosout][INFO] 2017-06-14 10:23:34,485: Received the playground image. Detecting zones...
[rosout][INFO] 2017-06-14 10:23:34,505: Publishing the detected zones on /zones
[rosout][INFO] 2017-06-14 10:23:47,489: Received the playground image. Detecting zones...
[rosout][INFO] 2017-06-14 10:23:47,511: Publishing the detected zones on /zones
[rosout][INFO] 2017-06-14 10:23:48,481: Received the playground image. Detecting zones...
[rosout][INFO] 2017-06-14 10:23:48,508: Publishing the detected zones on /zones
[rosout][INFO] 2017-06-14 10:23:49,232: Received the playground image. Detecting zones...
[rosout][INFO] 2017-06-14 10:23:49,250: Publishing the detected zones on /zones
[rosout][INFO] 2017-06-14 10:23:49,995: Received the playground image. Detecting zones...
[rosout][INFO] 2017-06-14 10:23:50,026: Publishing the detected zones on /zones
[rosout][INFO] 2017-06-14 10:23:50,720: Received the playground image. Detecting zones...
[rosout][INFO] 2017-06-14 10:23:50,737: Publishing the detected zones on /zones
[rosout][INFO] 2017-06-14 10:23:51,507: Received the playground image. Detecting zones...
[rosout][INFO] 2017-06-14 10:23:51,529: Publishing the detected zones on /zones
[rosout][INFO] 2017-06-14 10:23:52,224: Received the playground image. Detecting zones...
[rosout][INFO] 2017-06-14 10:23:52,246: Publishing the detected zones on /zones
[rosout][INFO] 2017-06-14 10:23:52,727: Received the playground image. Detecting zones...
[rosout][INFO] 2017-06-14 10:23:52,751: Publishing the detected zones on /zones
[rosout][INFO] 2017-06-14 10:23:53,479: Received the playground image. Detecting zones...
[rosout][INFO] 2017-06-14 10:23:53,497: Publishing the detected zones on /zones
[rosout][INFO] 2017-06-14 10:23:54,230: Received the playground image. Detecting zones...
[rosout][INFO] 2017-06-14 10:23:54,254: Publishing the detected zones on /zones
[rosout][INFO] 2017-06-14 10:23:55,733: Received the playground image. Detecting zones...
[rosout][INFO] 2017-06-14 10:23:55,759: Publishing the detected zones on /zones
[rosout][INFO] 2017-06-14 10:23:56,487: Received the playground image. Detecting zones...
[rosout][INFO] 2017-06-14 10:23:56,517: Publishing the detected zones on /zones
[rosout][INFO] 2017-06-14 10:23:57,207: Received the playground image. Detecting zones...
[rosout][INFO] 2017-06-14 10:23:57,225: Publishing the detected zones on /zones
[rosout][INFO] 2017-06-14 10:23:57,966: Received the playground image. Detecting zones...
[rosout][INFO] 2017-06-14 10:23:57,988: Publishing the detected zones on /zones
[rosout][INFO] 2017-06-14 10:23:59,222: Received the playground image. Detecting zones...
[rosout][INFO] 2017-06-14 10:23:59,239: Publishing the detected zones on /zones
[rosout][INFO] 2017-06-14 10:23:59,732: Received the playground image. Detecting zones...
[rosout][INFO] 2017-06-14 10:23:59,775: Publishing the detected zones on /zones
[rosout][INFO] 2017-06-14 10:24:00,232: Received the playground image. Detecting zones...
[rosout][INFO] 2017-06-14 10:24:00,266: Publishing the detected zones on /zones
[rosout][INFO] 2017-06-14 10:24:01,225: Received the playground image. Detecting zones...
[rosout][INFO] 2017-06-14 10:24:01,250: Publishing the detected zones on /zones
[rosout][INFO] 2017-06-14 10:24:01,730: Received the playground image. Detecting zones...
[rosout][INFO] 2017-06-14 10:24:01,757: Publishing the detected zones on /zones
[rosout][INFO] 2017-06-14 10:24:06,480: Received the playground image. Detecting zones...
[rosout][INFO] 2017-06-14 10:24:06,500: Publishing the detected zones on /zones
[rosout][INFO] 2017-06-14 10:24:06,742: Received the playground image. Detecting zones...
[rosout][INFO] 2017-06-14 10:24:06,774: Publishing the detected zones on /zones
[rosout][INFO] 2017-06-14 10:24:09,740: Received the playground image. Detecting zones...
[rosout][INFO] 2017-06-14 10:24:09,763: Publishing the detected zones on /zones
[rosout][INFO] 2017-06-14 10:24:11,484: Received the playground image. Detecting zones...
[rosout][INFO] 2017-06-14 10:24:11,515: Publishing the detected zones on /zones
[rosout][INFO] 2017-06-14 10:24:36,984: Received the playground image. Detecting zones...
[rosout][INFO] 2017-06-14 10:24:37,006: Publishing the detected zones on /zones
[rosout][INFO] 2017-06-14 10:24:37,721: Received the playground image. Detecting zones...
[rosout][INFO] 2017-06-14 10:24:37,742: Publishing the detected zones on /zones
[rosout][INFO] 2017-06-14 10:24:38,987: Received the playground image. Detecting zones...
[rosout][INFO] 2017-06-14 10:24:39,010: Publishing the detected zones on /zones
[rosout][INFO] 2017-06-14 10:24:40,978: Received the playground image. Detecting zones...
[rosout][INFO] 2017-06-14 10:24:40,996: Publishing the detected zones on /zones
[rosout][INFO] 2017-06-14 10:24:41,728: Received the playground image. Detecting zones...
[rosout][INFO] 2017-06-14 10:24:41,749: Publishing the detected zones on /zones
[rosout][INFO] 2017-06-14 10:24:42,223: Received the playground image. Detecting zones...
[rosout][INFO] 2017-06-14 10:24:42,247: Publishing the detected zones on /zones
[rosout][INFO] 2017-06-14 10:24:42,983: Received the playground image. Detecting zones...
[rosout][INFO] 2017-06-14 10:24:43,014: Publishing the detected zones on /zones
[rosout][INFO] 2017-06-14 10:24:47,516: Received the playground image. Detecting zones...
[rosout][INFO] 2017-06-14 10:24:47,558: Publishing the detected zones on /zones
[rosout][INFO] 2017-06-14 10:24:50,243: Received the playground image. Detecting zones...
[rosout][INFO] 2017-06-14 10:24:50,276: Publishing the detected zones on /zones
[rosout][INFO] 2017-06-14 10:24:55,473: Received the playground image. Detecting zones...
[rosout][INFO] 2017-06-14 10:24:55,503: Publishing the detected zones on /zones
[rosout][INFO] 2017-06-14 10:24:56,229: Received the playground image. Detecting zones...
[rosout][INFO] 2017-06-14 10:24:56,252: Publishing the detected zones on /zones
[rosout][INFO] 2017-06-14 10:24:57,232: Received the playground image. Detecting zones...
[rosout][INFO] 2017-06-14 10:24:57,258: Publishing the detected zones on /zones
[rosout][INFO] 2017-06-14 10:24:57,722: Received the playground image. Detecting zones...
[rosout][INFO] 2017-06-14 10:24:57,756: Publishing the detected zones on /zones
[rosout][INFO] 2017-06-14 10:24:58,217: Received the playground image. Detecting zones...
[rosout][INFO] 2017-06-14 10:24:58,240: Publishing the detected zones on /zones
[rosout][INFO] 2017-06-14 10:24:59,222: Received the playground image. Detecting zones...
[rosout][INFO] 2017-06-14 10:24:59,246: Publishing the detected zones on /zones
[rosout][INFO] 2017-06-14 10:24:59,728: Received the playground image. Detecting zones...
[rosout][INFO] 2017-06-14 10:24:59,756: Publishing the detected zones on /zones
[rosout][INFO] 2017-06-14 10:24:59,983: Received the playground image. Detecting zones...
[rosout][INFO] 2017-06-14 10:25:00,015: Publishing the detected zones on /zones
[rosout][INFO] 2017-06-14 10:25:09,223: Received the playground image. Detecting zones...
[rosout][INFO] 2017-06-14 10:25:09,243: Publishing the detected zones on /zones
[rosout][INFO] 2017-06-14 10:25:09,974: Received the playground image. Detecting zones...
[rosout][INFO] 2017-06-14 10:25:10,002: Publishing the detected zones on /zones
[rosout][INFO] 2017-06-14 10:25:10,733: Received the playground image. Detecting zones...
[rosout][INFO] 2017-06-14 10:25:10,754: Publishing the detected zones on /zones
[rosout][INFO] 2017-06-14 10:25:11,248: Received the playground image. Detecting zones...
[rosout][INFO] 2017-06-14 10:25:11,274: Publishing the detected zones on /zones
[rosout][INFO] 2017-06-14 10:25:11,969: Received the playground image. Detecting zones...
[rosout][INFO] 2017-06-14 10:25:11,990: Publishing the detected zones on /zones
[rosout][INFO] 2017-06-14 10:25:12,214: Received the playground image. Detecting zones...
[rosout][INFO] 2017-06-14 10:25:12,233: Publishing the detected zones on /zones
[rosout][INFO] 2017-06-14 10:25:16,467: Received the playground image. Detecting zones...
[rosout][INFO] 2017-06-14 10:25:16,484: Publishing the detected zones on /zones
[rosout][INFO] 2017-06-14 10:25:27,987: Received the playground image. Detecting zones...
[rosout][INFO] 2017-06-14 10:25:28,005: Publishing the detected zones on /zones
[rosout][INFO] 2017-06-14 10:25:31,726: Received the playground image. Detecting zones...
[rosout][INFO] 2017-06-14 10:25:31,748: Publishing the detected zones on /zones
[rosout][INFO] 2017-06-14 10:25:39,219: Received the playground image. Detecting zones...
[rosout][INFO] 2017-06-14 10:25:39,244: Publishing the detected zones on /zones
[rosout][INFO] 2017-06-14 10:25:40,244: Received the playground image. Detecting zones...
[rosout][INFO] 2017-06-14 10:25:40,261: Publishing the detected zones on /zones
[rosout][INFO] 2017-06-14 10:25:41,498: Received the playground image. Detecting zones...
[rosout][INFO] 2017-06-14 10:25:41,530: Publishing the detected zones on /zones
[rosout][INFO] 2017-06-14 10:25:41,977: Received the playground image. Detecting zones...
[rosout][INFO] 2017-06-14 10:25:41,996: Publishing the detected zones on /zones
[rosout][INFO] 2017-06-14 10:25:42,977: Received the playground image. Detecting zones...
[rosout][INFO] 2017-06-14 10:25:42,997: Publishing the detected zones on /zones
[rosout][INFO] 2017-06-14 10:25:43,232: Received the playground image. Detecting zones...
[rosout][INFO] 2017-06-14 10:25:43,251: Publishing the detected zones on /zones
[rosout][INFO] 2017-06-14 10:25:51,260: Received the playground image. Detecting zones...
[rosout][INFO] 2017-06-14 10:25:51,286: Publishing the detected zones on /zones
[rosout][INFO] 2017-06-14 10:25:52,727: Received the playground image. Detecting zones...
[rosout][INFO] 2017-06-14 10:25:52,750: Publishing the detected zones on /zones
[rosout][INFO] 2017-06-14 10:25:58,056: Received the playground image. Detecting zones...
[rosout][INFO] 2017-06-14 10:25:58,079: Publishing the detected zones on /zones
[rosout][INFO] 2017-06-14 10:25:58,750: Received the playground image. Detecting zones...
[rosout][INFO] 2017-06-14 10:25:58,781: Publishing the detected zones on /zones
[rosout][INFO] 2017-06-14 10:26:01,490: Received the playground image. Detecting zones...
[rosout][INFO] 2017-06-14 10:26:01,512: Publishing the detected zones on /zones
[rosout][INFO] 2017-06-14 10:26:04,492: Received the playground image. Detecting zones...
[rosout][INFO] 2017-06-14 10:26:04,513: Publishing the detected zones on /zones
[rosout][INFO] 2017-06-14 10:26:05,216: Received the playground image. Detecting zones...
[rosout][INFO] 2017-06-14 10:26:05,240: Publishing the detected zones on /zones
[rosout][INFO] 2017-06-14 10:26:05,997: Received the playground image. Detecting zones...
[rosout][INFO] 2017-06-14 10:26:06,017: Publishing the detected zones on /zones
[rosout][INFO] 2017-06-14 10:26:06,493: Received the playground image. Detecting zones...
[rosout][INFO] 2017-06-14 10:26:06,514: Publishing the detected zones on /zones
[rosout][INFO] 2017-06-14 10:26:06,733: Received the playground image. Detecting zones...
[rosout][INFO] 2017-06-14 10:26:06,757: Publishing the detected zones on /zones
[rosout][INFO] 2017-06-14 10:26:07,215: Received the playground image. Detecting zones...
[rosout][INFO] 2017-06-14 10:26:07,240: Publishing the detected zones on /zones
[rosout][INFO] 2017-06-14 10:26:07,742: Received the playground image. Detecting zones...
[rosout][INFO] 2017-06-14 10:26:07,761: Publishing the detected zones on /zones
[rosout][INFO] 2017-06-14 10:26:08,231: Received the playground image. Detecting zones...
[rosout][INFO] 2017-06-14 10:26:08,248: Publishing the detected zones on /zones
[rosout][INFO] 2017-06-14 10:26:08,747: Received the playground image. Detecting zones...
[rosout][INFO] 2017-06-14 10:26:08,765: Publishing the detected zones on /zones
[rosout][INFO] 2017-06-14 10:26:09,495: Received the playground image. Detecting zones...
[rosout][INFO] 2017-06-14 10:26:09,515: Publishing the detected zones on /zones
[rosout][INFO] 2017-06-14 10:26:10,228: Received the playground image. Detecting zones...
[rosout][INFO] 2017-06-14 10:26:10,247: Publishing the detected zones on /zones
[rosout][INFO] 2017-06-14 10:26:10,979: Received the playground image. Detecting zones...
[rosout][INFO] 2017-06-14 10:26:10,999: Publishing the detected zones on /zones
[rosout][INFO] 2017-06-14 10:26:11,479: Received the playground image. Detecting zones...
[rosout][INFO] 2017-06-14 10:26:11,511: Publishing the detected zones on /zones
[rosout][INFO] 2017-06-14 10:26:11,990: Received the playground image. Detecting zones...
[rosout][INFO] 2017-06-14 10:26:12,007: Publishing the detected zones on /zones
[rosout][INFO] 2017-06-14 10:26:12,493: Received the playground image. Detecting zones...
[rosout][INFO] 2017-06-14 10:26:12,520: Publishing the detected zones on /zones
[rosout][INFO] 2017-06-14 10:26:12,753: Received the playground image. Detecting zones...
[rosout][INFO] 2017-06-14 10:26:12,779: Publishing the detected zones on /zones
[rosout][INFO] 2017-06-14 10:26:13,242: Received the playground image. Detecting zones...
[rosout][INFO] 2017-06-14 10:26:13,262: Publishing the detected zones on /zones
[rosout][INFO] 2017-06-14 10:26:13,744: Received the playground image. Detecting zones...
[rosout][INFO] 2017-06-14 10:26:13,787: Publishing the detected zones on /zones
[rosout][INFO] 2017-06-14 10:26:14,226: Received the playground image. Detecting zones...
[rosout][INFO] 2017-06-14 10:26:14,247: Publishing the detected zones on /zones
[rosout][INFO] 2017-06-14 10:26:14,737: Received the playground image. Detecting zones...
[rosout][INFO] 2017-06-14 10:26:14,760: Publishing the detected zones on /zones
[rosout][INFO] 2017-06-14 10:26:15,493: Received the playground image. Detecting zones...
[rosout][INFO] 2017-06-14 10:26:15,512: Publishing the detected zones on /zones
[rosout][INFO] 2017-06-14 10:26:16,259: Received the playground image. Detecting zones...
[rosout][INFO] 2017-06-14 10:26:16,279: Publishing the detected zones on /zones
[rosout][INFO] 2017-06-14 10:26:28,495: Received the playground image. Detecting zones...
[rosout][INFO] 2017-06-14 10:26:28,526: Publishing the detected zones on /zones
[rosout][INFO] 2017-06-14 10:26:32,479: Received the playground image. Detecting zones...
[rosout][INFO] 2017-06-14 10:26:32,513: Publishing the detected zones on /zones
[rosout][INFO] 2017-06-14 10:26:36,247: Received the playground image. Detecting zones...
[rosout][INFO] 2017-06-14 10:26:36,267: Publishing the detected zones on /zones
[rosout][INFO] 2017-06-14 10:26:39,735: Received the playground image. Detecting zones...
[rosout][INFO] 2017-06-14 10:26:39,755: Publishing the detected zones on /zones
[rosout][INFO] 2017-06-14 10:26:46,745: Received the playground image. Detecting zones...
[rosout][INFO] 2017-06-14 10:26:46,771: Publishing the detected zones on /zones
[rosout][INFO] 2017-06-14 10:26:58,486: Received the playground image. Detecting zones...
[rosout][INFO] 2017-06-14 10:26:58,514: Publishing the detected zones on /zones
[rosout][INFO] 2017-06-14 10:26:59,480: Received the playground image. Detecting zones...
[rosout][INFO] 2017-06-14 10:26:59,510: Publishing the detected zones on /zones
[rosout][INFO] 2017-06-14 10:27:10,493: Received the playground image. Detecting zones...
[rosout][INFO] 2017-06-14 10:27:10,525: Publishing the detected zones on /zones
[rosout][INFO] 2017-06-14 10:27:13,257: Received the playground image. Detecting zones...
[rosout][INFO] 2017-06-14 10:27:13,283: Publishing the detected zones on /zones
[rosout][INFO] 2017-06-14 10:27:14,521: Received the playground image. Detecting zones...
[rosout][INFO] 2017-06-14 10:27:14,542: Publishing the detected zones on /zones
[rosout][INFO] 2017-06-14 10:27:19,525: Received the playground image. Detecting zones...
[rosout][INFO] 2017-06-14 10:27:19,556: Publishing the detected zones on /zones
[rosout][INFO] 2017-06-14 10:27:19,739: Received the playground image. Detecting zones...
[rosout][INFO] 2017-06-14 10:27:19,762: Publishing the detected zones on /zones
[rosout][INFO] 2017-06-14 10:27:22,220: Received the playground image. Detecting zones...
[rosout][INFO] 2017-06-14 10:27:22,241: Publishing the detected zones on /zones
[rosout][INFO] 2017-06-14 10:27:28,469: Received the playground image. Detecting zones...
[rosout][INFO] 2017-06-14 10:27:28,489: Publishing the detected zones on /zones
[rosout][INFO] 2017-06-14 10:27:29,550: Received the playground image. Detecting zones...
[rosout][INFO] 2017-06-14 10:27:29,580: Publishing the detected zones on /zones
[rosout][INFO] 2017-06-14 10:27:30,221: Received the playground image. Detecting zones...
[rosout][INFO] 2017-06-14 10:27:30,240: Publishing the detected zones on /zones
[rosout][INFO] 2017-06-14 10:27:41,503: Received the playground image. Detecting zones...
[rosout][INFO] 2017-06-14 10:27:41,536: Publishing the detected zones on /zones
[rosout][INFO] 2017-06-14 10:27:41,761: Received the playground image. Detecting zones...
[rosout][INFO] 2017-06-14 10:27:41,785: Publishing the detected zones on /zones
[rosout][INFO] 2017-06-14 10:27:42,217: Received the playground image. Detecting zones...
[rosout][INFO] 2017-06-14 10:27:42,242: Publishing the detected zones on /zones
[rosout][INFO] 2017-06-14 10:27:54,478: Received the playground image. Detecting zones...
[rosout][INFO] 2017-06-14 10:27:54,501: Publishing the detected zones on /zones
[rosout][INFO] 2017-06-14 10:28:01,507: Received the playground image. Detecting zones...
[rosout][INFO] 2017-06-14 10:28:01,526: Publishing the detected zones on /zones
[rosout][INFO] 2017-06-14 10:28:11,012: Received the playground image. Detecting zones...
[rosout][INFO] 2017-06-14 10:28:11,040: Publishing the detected zones on /zones
[rosout][INFO] 2017-06-14 10:28:11,232: Received the playground image. Detecting zones...
[rosout][INFO] 2017-06-14 10:28:11,257: Publishing the detected zones on /zones
[rosout][INFO] 2017-06-14 10:28:13,209: Received the playground image. Detecting zones...
[rosout][INFO] 2017-06-14 10:28:13,227: Publishing the detected zones on /zones
[rosout][INFO] 2017-06-14 10:28:21,737: Received the playground image. Detecting zones...
[rosout][INFO] 2017-06-14 10:28:21,755: Publishing the detected zones on /zones
[rosout][INFO] 2017-06-14 10:28:22,977: Received the playground image. Detecting zones...
[rosout][INFO] 2017-06-14 10:28:22,999: Publishing the detected zones on /zones
[rosout][INFO] 2017-06-14 10:28:41,968: Received the playground image. Detecting zones...
[rosout][INFO] 2017-06-14 10:28:41,986: Publishing the detected zones on /zones
[rosout][INFO] 2017-06-14 10:28:55,487: Received the playground image. Detecting zones...
[rosout][INFO] 2017-06-14 10:28:55,513: Publishing the detected zones on /zones
[rosout][INFO] 2017-06-14 10:28:57,237: Received the playground image. Detecting zones...
[rosout][INFO] 2017-06-14 10:28:57,258: Publishing the detected zones on /zones
[rosout][INFO] 2017-06-14 10:29:02,226: Received the playground image. Detecting zones...
[rosout][INFO] 2017-06-14 10:29:02,256: Publishing the detected zones on /zones
[rosout][INFO] 2017-06-14 10:29:05,745: Received the playground image. Detecting zones...
[rosout][INFO] 2017-06-14 10:29:05,767: Publishing the detected zones on /zones
[rosout][INFO] 2017-06-14 10:29:06,486: Received the playground image. Detecting zones...
[rosout][INFO] 2017-06-14 10:29:06,515: Publishing the detected zones on /zones
[rosout][INFO] 2017-06-14 10:29:07,987: Received the playground image. Detecting zones...
[rosout][INFO] 2017-06-14 10:29:08,009: Publishing the detected zones on /zones
[rosout][INFO] 2017-06-14 10:29:10,235: Received the playground image. Detecting zones...
[rosout][INFO] 2017-06-14 10:29:10,256: Publishing the detected zones on /zones
[rosout][INFO] 2017-06-14 10:29:11,492: Received the playground image. Detecting zones...
[rosout][INFO] 2017-06-14 10:29:11,515: Publishing the detected zones on /zones
[rosout][INFO] 2017-06-14 10:29:12,980: Received the playground image. Detecting zones...
[rosout][INFO] 2017-06-14 10:29:13,006: Publishing the detected zones on /zones
[rosout][INFO] 2017-06-14 10:29:14,231: Received the playground image. Detecting zones...
[rosout][INFO] 2017-06-14 10:29:14,249: Publishing the detected zones on /zones
[rosout][INFO] 2017-06-14 10:29:15,740: Received the playground image. Detecting zones...
[rosout][INFO] 2017-06-14 10:29:15,769: Publishing the detected zones on /zones
[rosout][INFO] 2017-06-14 10:29:16,005: Received the playground image. Detecting zones...
[rosout][INFO] 2017-06-14 10:29:16,024: Publishing the detected zones on /zones
[rosout][INFO] 2017-06-14 10:29:16,472: Received the playground image. Detecting zones...
[rosout][INFO] 2017-06-14 10:29:16,496: Publishing the detected zones on /zones
[rosout][INFO] 2017-06-14 10:29:17,776: Received the playground image. Detecting zones...
[rosout][INFO] 2017-06-14 10:29:17,808: Publishing the detected zones on /zones
[rosout][INFO] 2017-06-14 10:29:17,970: Received the playground image. Detecting zones...
[rosout][INFO] 2017-06-14 10:29:17,989: Publishing the detected zones on /zones
[rosout][INFO] 2017-06-14 10:29:41,517: Received the playground image. Detecting zones...
[rosout][INFO] 2017-06-14 10:29:41,558: Publishing the detected zones on /zones
[rosout][INFO] 2017-06-14 10:29:41,996: Received the playground image. Detecting zones...
[rosout][INFO] 2017-06-14 10:29:42,021: Publishing the detected zones on /zones
[rosout][INFO] 2017-06-14 10:29:42,222: Received the playground image. Detecting zones...
[rosout][INFO] 2017-06-14 10:29:42,239: Publishing the detected zones on /zones
[rosout][INFO] 2017-06-14 10:29:44,777: Received the playground image. Detecting zones...
[rosout][INFO] 2017-06-14 10:29:44,797: Publishing the detected zones on /zones
[rosout][INFO] 2017-06-14 10:29:45,498: Received the playground image. Detecting zones...
[rosout][INFO] 2017-06-14 10:29:45,515: Publishing the detected zones on /zones
[rosout][INFO] 2017-06-14 10:29:52,477: Received the playground image. Detecting zones...
[rosout][INFO] 2017-06-14 10:29:52,495: Publishing the detected zones on /zones
[rosout][INFO] 2017-06-14 10:30:10,254: Received the playground image. Detecting zones...
[rosout][INFO] 2017-06-14 10:30:10,276: Publishing the detected zones on /zones
[rosout][INFO] 2017-06-14 10:30:16,280: Received the playground image. Detecting zones...
[rosout][INFO] 2017-06-14 10:30:16,299: Publishing the detected zones on /zones
[rosout][INFO] 2017-06-14 10:30:16,506: Received the playground image. Detecting zones...
[rosout][INFO] 2017-06-14 10:30:16,534: Publishing the detected zones on /zones
[rosout][INFO] 2017-06-14 10:30:19,972: Received the playground image. Detecting zones...
[rosout][INFO] 2017-06-14 10:30:19,990: Publishing the detected zones on /zones
[rosout][INFO] 2017-06-14 10:30:21,227: Received the playground image. Detecting zones...
[rosout][INFO] 2017-06-14 10:30:21,245: Publishing the detected zones on /zones
[rosout][INFO] 2017-06-14 10:30:22,972: Received the playground image. Detecting zones...
[rosout][INFO] 2017-06-14 10:30:22,997: Publishing the detected zones on /zones
[rosout][INFO] 2017-06-14 10:30:23,974: Received the playground image. Detecting zones...
[rosout][INFO] 2017-06-14 10:30:23,992: Publishing the detected zones on /zones
[rosout][INFO] 2017-06-14 10:30:24,251: Received the playground image. Detecting zones...
[rosout][INFO] 2017-06-14 10:30:24,266: Publishing the detected zones on /zones
[rosout][INFO] 2017-06-14 10:30:25,222: Received the playground image. Detecting zones...
[rosout][INFO] 2017-06-14 10:30:25,244: Publishing the detected zones on /zones
[rosout][INFO] 2017-06-14 10:30:25,734: Received the playground image. Detecting zones...
[rosout][INFO] 2017-06-14 10:30:25,753: Publishing the detected zones on /zones
[rosout][INFO] 2017-06-14 10:30:26,216: Received the playground image. Detecting zones...
[rosout][INFO] 2017-06-14 10:30:26,235: Publishing the detected zones on /zones
[rosout][INFO] 2017-06-14 10:30:26,982: Received the playground image. Detecting zones...
[rosout][INFO] 2017-06-14 10:30:26,998: Publishing the detected zones on /zones
[rosout][INFO] 2017-06-14 10:30:27,483: Received the playground image. Detecting zones...
[rosout][INFO] 2017-06-14 10:30:27,506: Publishing the detected zones on /zones
[rosout][INFO] 2017-06-14 10:30:27,984: Received the playground image. Detecting zones...
[rosout][INFO] 2017-06-14 10:30:28,009: Publishing the detected zones on /zones
[rosout][INFO] 2017-06-14 10:30:28,228: Received the playground image. Detecting zones...
[rosout][INFO] 2017-06-14 10:30:28,248: Publishing the detected zones on /zones
[rosout][INFO] 2017-06-14 10:30:29,474: Received the playground image. Detecting zones...
[rosout][INFO] 2017-06-14 10:30:29,499: Publishing the detected zones on /zones
[rosout][INFO] 2017-06-14 10:30:29,735: Received the playground image. Detecting zones...
[rosout][INFO] 2017-06-14 10:30:29,762: Publishing the detected zones on /zones
[rosout][INFO] 2017-06-14 10:30:30,217: Received the playground image. Detecting zones...
[rosout][INFO] 2017-06-14 10:30:30,242: Publishing the detected zones on /zones
[rosout][INFO] 2017-06-14 10:30:30,727: Received the playground image. Detecting zones...
[rosout][INFO] 2017-06-14 10:30:30,755: Publishing the detected zones on /zones
[rosout][INFO] 2017-06-14 10:30:31,731: Received the playground image. Detecting zones...
[rosout][INFO] 2017-06-14 10:30:31,761: Publishing the detected zones on /zones
[rosout][INFO] 2017-06-14 10:30:32,228: Received the playground image. Detecting zones...
[rosout][INFO] 2017-06-14 10:30:32,260: Publishing the detected zones on /zones
[rosout][INFO] 2017-06-14 10:30:33,735: Received the playground image. Detecting zones...
[rosout][INFO] 2017-06-14 10:30:33,761: Publishing the detected zones on /zones
[rosout][INFO] 2017-06-14 10:30:38,482: Received the playground image. Detecting zones...
[rosout][INFO] 2017-06-14 10:30:38,513: Publishing the detected zones on /zones
[rosout][INFO] 2017-06-14 10:30:45,985: Received the playground image. Detecting zones...
[rosout][INFO] 2017-06-14 10:30:46,016: Publishing the detected zones on /zones
[rosout][INFO] 2017-06-14 10:30:46,230: Received the playground image. Detecting zones...
[rosout][INFO] 2017-06-14 10:30:46,253: Publishing the detected zones on /zones
[rosout][INFO] 2017-06-14 10:30:53,481: Received the playground image. Detecting zones...
[rosout][INFO] 2017-06-14 10:30:53,520: Publishing the detected zones on /zones
[rosout][INFO] 2017-06-14 10:30:54,248: Received the playground image. Detecting zones...
[rosout][INFO] 2017-06-14 10:30:54,271: Publishing the detected zones on /zones
[rosout][INFO] 2017-06-14 10:30:55,761: Received the playground image. Detecting zones...
[rosout][INFO] 2017-06-14 10:30:55,784: Publishing the detected zones on /zones
[rosout][INFO] 2017-06-14 10:30:59,505: Received the playground image. Detecting zones...
[rosout][INFO] 2017-06-14 10:30:59,530: Publishing the detected zones on /zones
[rosout][INFO] 2017-06-14 10:31:11,970: Received the playground image. Detecting zones...
[rosout][INFO] 2017-06-14 10:31:11,996: Publishing the detected zones on /zones
[rosout][INFO] 2017-06-14 10:31:40,501: Received the playground image. Detecting zones...
[rosout][INFO] 2017-06-14 10:31:40,522: Publishing the detected zones on /zones
[rosout][INFO] 2017-06-14 10:31:44,498: Received the playground image. Detecting zones...
[rosout][INFO] 2017-06-14 10:31:44,526: Publishing the detected zones on /zones
[rosout][INFO] 2017-06-14 10:31:51,749: Received the playground image. Detecting zones...
[rosout][INFO] 2017-06-14 10:31:51,774: Publishing the detected zones on /zones
[rosout][INFO] 2017-06-14 10:32:04,226: Received the playground image. Detecting zones...
[rosout][INFO] 2017-06-14 10:32:04,245: Publishing the detected zones on /zones
[rosout][INFO] 2017-06-14 10:32:08,551: Received the playground image. Detecting zones...
[rosout][INFO] 2017-06-14 10:32:08,577: Publishing the detected zones on /zones
[rosout][INFO] 2017-06-14 10:32:08,721: Received the playground image. Detecting zones...
[rosout][INFO] 2017-06-14 10:32:08,752: Publishing the detected zones on /zones
[rosout][INFO] 2017-06-14 10:32:09,970: Received the playground image. Detecting zones...
[rosout][INFO] 2017-06-14 10:32:10,000: Publishing the detected zones on /zones
[rosout][INFO] 2017-06-14 10:32:24,505: Received the playground image. Detecting zones...
[rosout][INFO] 2017-06-14 10:32:24,538: Publishing the detected zones on /zones
[rosout][INFO] 2017-06-14 10:32:25,478: Received the playground image. Detecting zones...
[rosout][INFO] 2017-06-14 10:32:25,499: Publishing the detected zones on /zones
[rosout][INFO] 2017-06-14 10:32:26,725: Received the playground image. Detecting zones...
[rosout][INFO] 2017-06-14 10:32:26,757: Publishing the detected zones on /zones
[rosout][INFO] 2017-06-14 10:32:27,232: Received the playground image. Detecting zones...
[rosout][INFO] 2017-06-14 10:32:27,256: Publishing the detected zones on /zones
[rosout][INFO] 2017-06-14 10:32:27,981: Received the playground image. Detecting zones...
[rosout][INFO] 2017-06-14 10:32:28,009: Publishing the detected zones on /zones
[rosout][INFO] 2017-06-14 10:32:28,735: Received the playground image. Detecting zones...
[rosout][INFO] 2017-06-14 10:32:28,755: Publishing the detected zones on /zones
[rosout][INFO] 2017-06-14 10:32:29,219: Received the playground image. Detecting zones...
[rosout][INFO] 2017-06-14 10:32:29,239: Publishing the detected zones on /zones
[rosout][INFO] 2017-06-14 10:32:29,978: Received the playground image. Detecting zones...
[rosout][INFO] 2017-06-14 10:32:29,996: Publishing the detected zones on /zones
[rosout][INFO] 2017-06-14 10:32:30,763: Received the playground image. Detecting zones...
[rosout][INFO] 2017-06-14 10:32:30,782: Publishing the detected zones on /zones
[rosout][INFO] 2017-06-14 10:32:31,237: Received the playground image. Detecting zones...
[rosout][INFO] 2017-06-14 10:32:31,252: Publishing the detected zones on /zones
[rosout][INFO] 2017-06-14 10:32:31,979: Received the playground image. Detecting zones...
[rosout][INFO] 2017-06-14 10:32:31,996: Publishing the detected zones on /zones
[rosout][INFO] 2017-06-14 10:32:32,728: Received the playground image. Detecting zones...
[rosout][INFO] 2017-06-14 10:32:32,754: Publishing the detected zones on /zones
[rosout][INFO] 2017-06-14 10:32:41,076: Received the playground image. Detecting zones...
[rosout][INFO] 2017-06-14 10:32:41,103: Publishing the detected zones on /zones
[rosout][INFO] 2017-06-14 10:32:41,258: Received the playground image. Detecting zones...
[rosout][INFO] 2017-06-14 10:32:41,287: Publishing the detected zones on /zones
[rosout][INFO] 2017-06-14 10:32:42,806: Received the playground image. Detecting zones...
[rosout][INFO] 2017-06-14 10:32:42,838: Publishing the detected zones on /zones
[rosout][INFO] 2017-06-14 10:32:47,821: Received the playground image. Detecting zones...
[rosout][INFO] 2017-06-14 10:32:47,849: Publishing the detected zones on /zones
[rosout][INFO] 2017-06-14 10:32:48,231: Received the playground image. Detecting zones...
[rosout][INFO] 2017-06-14 10:32:48,254: Publishing the detected zones on /zones
[rosout][INFO] 2017-06-14 10:32:48,797: Received the playground image. Detecting zones...
[rosout][INFO] 2017-06-14 10:32:48,828: Publishing the detected zones on /zones
[rosout][INFO] 2017-06-14 10:32:48,993: Received the playground image. Detecting zones...
[rosout][INFO] 2017-06-14 10:32:49,018: Publishing the detected zones on /zones
[rosout][INFO] 2017-06-14 10:32:49,248: Received the playground image. Detecting zones...
[rosout][INFO] 2017-06-14 10:32:49,267: Publishing the detected zones on /zones
[rosout][INFO] 2017-06-14 10:32:49,505: Received the playground image. Detecting zones...
[rosout][INFO] 2017-06-14 10:32:49,533: Publishing the detected zones on /zones
[rosout][INFO] 2017-06-14 10:32:49,738: Received the playground image. Detecting zones...
[rosout][INFO] 2017-06-14 10:32:49,762: Publishing the detected zones on /zones
[rosout][INFO] 2017-06-14 10:32:52,279: Received the playground image. Detecting zones...
[rosout][INFO] 2017-06-14 10:32:52,303: Publishing the detected zones on /zones
[rosout][INFO] 2017-06-14 10:32:52,957: Received the playground image. Detecting zones...
[rosout][INFO] 2017-06-14 10:32:52,983: Publishing the detected zones on /zones
[rosout][INFO] 2017-06-14 10:32:56,722: Received the playground image. Detecting zones...
[rosout][INFO] 2017-06-14 10:32:56,738: Publishing the detected zones on /zones
[rosout][INFO] 2017-06-14 10:32:58,480: Received the playground image. Detecting zones...
[rosout][INFO] 2017-06-14 10:32:58,499: Publishing the detected zones on /zones
[rosout][INFO] 2017-06-14 10:32:59,216: Received the playground image. Detecting zones...
[rosout][INFO] 2017-06-14 10:32:59,238: Publishing the detected zones on /zones
[rosout][INFO] 2017-06-14 10:33:00,222: Received the playground image. Detecting zones...
[rosout][INFO] 2017-06-14 10:33:00,239: Publishing the detected zones on /zones
[rosout][INFO] 2017-06-14 10:33:01,231: Received the playground image. Detecting zones...
[rosout][INFO] 2017-06-14 10:33:01,253: Publishing the detected zones on /zones
[rosout][INFO] 2017-06-14 10:33:03,734: Received the playground image. Detecting zones...
[rosout][INFO] 2017-06-14 10:33:03,768: Publishing the detected zones on /zones
[rosout][INFO] 2017-06-14 10:33:04,228: Received the playground image. Detecting zones...
[rosout][INFO] 2017-06-14 10:33:04,252: Publishing the detected zones on /zones
[rosout][INFO] 2017-06-14 10:33:04,502: Received the playground image. Detecting zones...
[rosout][INFO] 2017-06-14 10:33:04,528: Publishing the detected zones on /zones
[rosout][INFO] 2017-06-14 10:33:04,718: Received the playground image. Detecting zones...
[rosout][INFO] 2017-06-14 10:33:04,742: Publishing the detected zones on /zones
[rosout][INFO] 2017-06-14 10:33:04,973: Received the playground image. Detecting zones...
[rosout][INFO] 2017-06-14 10:33:04,992: Publishing the detected zones on /zones
[rosout][INFO] 2017-06-14 10:33:05,217: Received the playground image. Detecting zones...
[rosout][INFO] 2017-06-14 10:33:05,235: Publishing the detected zones on /zones
[rosout][INFO] 2017-06-14 10:33:05,980: Received the playground image. Detecting zones...
[rosout][INFO] 2017-06-14 10:33:06,004: Publishing the detected zones on /zones
[rosout][INFO] 2017-06-14 10:33:06,730: Received the playground image. Detecting zones...
[rosout][INFO] 2017-06-14 10:33:06,753: Publishing the detected zones on /zones
[rosout][INFO] 2017-06-14 10:33:07,234: Received the playground image. Detecting zones...
[rosout][INFO] 2017-06-14 10:33:07,254: Publishing the detected zones on /zones
[rosout][INFO] 2017-06-14 10:33:07,730: Received the playground image. Detecting zones...
[rosout][INFO] 2017-06-14 10:33:07,752: Publishing the detected zones on /zones
[rosout][INFO] 2017-06-14 10:33:08,232: Received the playground image. Detecting zones...
[rosout][INFO] 2017-06-14 10:33:08,251: Publishing the detected zones on /zones
[rosout][INFO] 2017-06-14 10:33:08,765: Received the playground image. Detecting zones...
[rosout][INFO] 2017-06-14 10:33:08,788: Publishing the detected zones on /zones
[rosout][INFO] 2017-06-14 10:33:09,220: Received the playground image. Detecting zones...
[rosout][INFO] 2017-06-14 10:33:09,246: Publishing the detected zones on /zones
[rosout][INFO] 2017-06-14 10:33:09,757: Received the playground image. Detecting zones...
[rosout][INFO] 2017-06-14 10:33:09,787: Publishing the detected zones on /zones
[rosout][INFO] 2017-06-14 10:33:10,245: Received the playground image. Detecting zones...
[rosout][INFO] 2017-06-14 10:33:10,267: Publishing the detected zones on /zones
[rosout][INFO] 2017-06-14 10:33:10,973: Received the playground image. Detecting zones...
[rosout][INFO] 2017-06-14 10:33:11,001: Publishing the detected zones on /zones
[rosout][INFO] 2017-06-14 10:33:11,488: Received the playground image. Detecting zones...
[rosout][INFO] 2017-06-14 10:33:11,511: Publishing the detected zones on /zones
[rosout][INFO] 2017-06-14 10:33:11,977: Received the playground image. Detecting zones...
[rosout][INFO] 2017-06-14 10:33:11,998: Publishing the detected zones on /zones
[rosout][INFO] 2017-06-14 10:33:12,488: Received the playground image. Detecting zones...
[rosout][INFO] 2017-06-14 10:33:12,525: Publishing the detected zones on /zones
[rosout][INFO] 2017-06-14 10:33:13,227: Received the playground image. Detecting zones...
[rosout][INFO] 2017-06-14 10:33:13,243: Publishing the detected zones on /zones
[rosout][INFO] 2017-06-14 10:33:17,983: Received the playground image. Detecting zones...
[rosout][INFO] 2017-06-14 10:33:18,007: Publishing the detected zones on /zones
[rosout][INFO] 2017-06-14 10:33:23,235: Received the playground image. Detecting zones...
[rosout][INFO] 2017-06-14 10:33:23,252: Publishing the detected zones on /zones
[rosout][INFO] 2017-06-14 10:33:28,499: Received the playground image. Detecting zones...
[rosout][INFO] 2017-06-14 10:33:28,535: Publishing the detected zones on /zones
[rosout][INFO] 2017-06-14 10:33:31,479: Received the playground image. Detecting zones...
[rosout][INFO] 2017-06-14 10:33:31,496: Publishing the detected zones on /zones
[rosout][INFO] 2017-06-14 10:33:32,490: Received the playground image. Detecting zones...
[rosout][INFO] 2017-06-14 10:33:32,516: Publishing the detected zones on /zones
[rosout][INFO] 2017-06-14 10:33:32,750: Received the playground image. Detecting zones...
[rosout][INFO] 2017-06-14 10:33:32,776: Publishing the detected zones on /zones
[rosout][INFO] 2017-06-14 10:33:33,010: Received the playground image. Detecting zones...
[rosout][INFO] 2017-06-14 10:33:33,033: Publishing the detected zones on /zones
[rosout][INFO] 2017-06-14 10:33:33,222: Received the playground image. Detecting zones...
[rosout][INFO] 2017-06-14 10:33:33,245: Publishing the detected zones on /zones
[rosout][INFO] 2017-06-14 10:33:33,477: Received the playground image. Detecting zones...
[rosout][INFO] 2017-06-14 10:33:33,506: Publishing the detected zones on /zones
[rosout][INFO] 2017-06-14 10:33:33,727: Received the playground image. Detecting zones...
[rosout][INFO] 2017-06-14 10:33:33,763: Publishing the detected zones on /zones
[rosout][INFO] 2017-06-14 10:33:34,488: Received the playground image. Detecting zones...
[rosout][INFO] 2017-06-14 10:33:34,513: Publishing the detected zones on /zones
[rosout][INFO] 2017-06-14 10:33:37,250: Received the playground image. Detecting zones...
[rosout][INFO] 2017-06-14 10:33:37,282: Publishing the detected zones on /zones
[rosout][INFO] 2017-06-14 10:33:38,477: Received the playground image. Detecting zones...
[rosout][INFO] 2017-06-14 10:33:38,501: Publishing the detected zones on /zones
[rosout][INFO] 2017-06-14 10:33:53,224: Received the playground image. Detecting zones...
[rosout][INFO] 2017-06-14 10:33:53,246: Publishing the detected zones on /zones
[rosout][INFO] 2017-06-14 10:33:55,977: Received the playground image. Detecting zones...
[rosout][INFO] 2017-06-14 10:33:56,007: Publishing the detected zones on /zones
[rosout][INFO] 2017-06-14 10:33:57,234: Received the playground image. Detecting zones...
[rosout][INFO] 2017-06-14 10:33:57,262: Publishing the detected zones on /zones
[rosout][INFO] 2017-06-14 10:33:58,228: Received the playground image. Detecting zones...
[rosout][INFO] 2017-06-14 10:33:58,254: Publishing the detected zones on /zones
[rosout][INFO] 2017-06-14 10:33:58,995: Received the playground image. Detecting zones...
[rosout][INFO] 2017-06-14 10:33:59,012: Publishing the detected zones on /zones
[rosout][INFO] 2017-06-14 10:33:59,731: Received the playground image. Detecting zones...
[rosout][INFO] 2017-06-14 10:33:59,755: Publishing the detected zones on /zones
[rosout][INFO] 2017-06-14 10:34:00,234: Received the playground image. Detecting zones...
[rosout][INFO] 2017-06-14 10:34:00,251: Publishing the detected zones on /zones
[rosout][INFO] 2017-06-14 10:34:00,986: Received the playground image. Detecting zones...
[rosout][INFO] 2017-06-14 10:34:01,007: Publishing the detected zones on /zones
[rosout][INFO] 2017-06-14 10:34:05,497: Received the playground image. Detecting zones...
[rosout][INFO] 2017-06-14 10:34:05,517: Publishing the detected zones on /zones
[rosout][INFO] 2017-06-14 10:34:08,251: Received the playground image. Detecting zones...
[rosout][INFO] 2017-06-14 10:34:08,271: Publishing the detected zones on /zones
[rosout][INFO] 2017-06-14 10:34:08,487: Received the playground image. Detecting zones...
[rosout][INFO] 2017-06-14 10:34:08,514: Publishing the detected zones on /zones
[rosout][INFO] 2017-06-14 10:34:09,004: Received the playground image. Detecting zones...
[rosout][INFO] 2017-06-14 10:34:09,025: Publishing the detected zones on /zones
[rosout][INFO] 2017-06-14 10:34:09,234: Received the playground image. Detecting zones...
[rosout][INFO] 2017-06-14 10:34:09,250: Publishing the detected zones on /zones
[rosout][INFO] 2017-06-14 10:34:09,988: Received the playground image. Detecting zones...
[rosout][INFO] 2017-06-14 10:34:10,006: Publishing the detected zones on /zones
[rosout][INFO] 2017-06-14 10:34:10,496: Received the playground image. Detecting zones...
[rosout][INFO] 2017-06-14 10:34:10,516: Publishing the detected zones on /zones
[rosout][INFO] 2017-06-14 10:34:10,974: Received the playground image. Detecting zones...
[rosout][INFO] 2017-06-14 10:34:10,993: Publishing the detected zones on /zones
[rosout][INFO] 2017-06-14 10:34:11,487: Received the playground image. Detecting zones...
[rosout][INFO] 2017-06-14 10:34:11,523: Publishing the detected zones on /zones
[rosout][INFO] 2017-06-14 10:34:11,997: Received the playground image. Detecting zones...
[rosout][INFO] 2017-06-14 10:34:12,035: Publishing the detected zones on /zones
[rosout][INFO] 2017-06-14 10:34:13,500: Received the playground image. Detecting zones...
[rosout][INFO] 2017-06-14 10:34:13,539: Publishing the detected zones on /zones
[rosout][INFO] 2017-06-14 10:34:13,973: Received the playground image. Detecting zones...
[rosout][INFO] 2017-06-14 10:34:14,004: Publishing the detected zones on /zones
[rosout][INFO] 2017-06-14 10:34:15,012: Received the playground image. Detecting zones...
[rosout][INFO] 2017-06-14 10:34:15,035: Publishing the detected zones on /zones
[rosout][INFO] 2017-06-14 10:34:16,250: Received the playground image. Detecting zones...
[rosout][INFO] 2017-06-14 10:34:16,276: Publishing the detected zones on /zones
[rosout][INFO] 2017-06-14 10:34:17,253: Received the playground image. Detecting zones...
[rosout][INFO] 2017-06-14 10:34:17,277: Publishing the detected zones on /zones
[rosout][INFO] 2017-06-14 10:34:17,971: Received the playground image. Detecting zones...
[rosout][INFO] 2017-06-14 10:34:17,994: Publishing the detected zones on /zones
[rosout][INFO] 2017-06-14 10:34:18,498: Received the playground image. Detecting zones...
[rosout][INFO] 2017-06-14 10:34:18,530: Publishing the detected zones on /zones
[rosout][INFO] 2017-06-14 10:34:18,989: Received the playground image. Detecting zones...
[rosout][INFO] 2017-06-14 10:34:19,014: Publishing the detected zones on /zones
[rosout][INFO] 2017-06-14 10:34:19,252: Received the playground image. Detecting zones...
[rosout][INFO] 2017-06-14 10:34:19,282: Publishing the detected zones on /zones
[rosout][INFO] 2017-06-14 10:34:20,237: Received the playground image. Detecting zones...
[rosout][INFO] 2017-06-14 10:34:20,254: Publishing the detected zones on /zones
[rosout][INFO] 2017-06-14 10:34:20,473: Received the playground image. Detecting zones...
[rosout][INFO] 2017-06-14 10:34:20,503: Publishing the detected zones on /zones
[rosout][INFO] 2017-06-14 10:34:20,989: Received the playground image. Detecting zones...
[rosout][INFO] 2017-06-14 10:34:21,013: Publishing the detected zones on /zones
[rosout][INFO] 2017-06-14 10:34:21,497: Received the playground image. Detecting zones...
[rosout][INFO] 2017-06-14 10:34:21,519: Publishing the detected zones on /zones
[rospy.internal][INFO] 2017-06-14 10:34:30,580: topic[/zones] removing connection to /sandbox_play
[rospy.internal][INFO] 2017-06-14 10:34:39,584: topic[/zones] removing connection to /rosbag_record_freeplay_sandbox
[rospy.core][INFO] 2017-06-14 10:38:40,851: signal_shutdown [signal-15]
[rospy.internal][INFO] 2017-06-14 10:38:40,857: topic[/rosout] removing connection to /rosout
[rospy.internal][INFO] 2017-06-14 10:38:40,858: topic[/sandtray/background/image] removing connection to http://sandtray-hrilab:41771/
[rospy.internal][INFO] 2017-06-14 10:38:40,858: topic[/sandtray/background/camera_info] removing connection to http://sandtray-hrilab:41771/
[rospy.impl.masterslave][INFO] 2017-06-14 10:38:40,858: signal-15
[rospy.core][INFO] 2017-06-14 10:38:40,989: signal_shutdown [signal-2]
[rospy.core][INFO] 2017-06-14 10:38:40,990: signal_shutdown [atexit]
