[rospy.client][INFO] 2017-06-23 11:55:05,087: init_node, name[/sandbox_zones_from_image], pid[24145]
[xmlrpc][INFO] 2017-06-23 11:55:05,087: XML-RPC server binding to 0.0.0.0:0
[xmlrpc][INFO] 2017-06-23 11:55:05,088: Started XML-RPC server [http://sandtray-hrilab:45472/]
[rospy.init][INFO] 2017-06-23 11:55:05,088: ROS Slave URI: [http://sandtray-hrilab:45472/]
[rospy.impl.masterslave][INFO] 2017-06-23 11:55:05,088: _ready: http://sandtray-hrilab:45472/
[rospy.registration][INFO] 2017-06-23 11:55:05,088: Registering with master node http://localhost:11311
[xmlrpc][INFO] 2017-06-23 11:55:05,088: xml rpc node: starting XML-RPC server
[rospy.init][INFO] 2017-06-23 11:55:05,188: registered with master
[rospy.rosout][INFO] 2017-06-23 11:55:05,188: initializing /rosout core topic
[rospy.rosout][INFO] 2017-06-23 11:55:05,190: connected to core topic /rosout
[rospy.simtime][INFO] 2017-06-23 11:55:05,191: /use_sim_time is not set, will not subscribe to simulated time [/clock] topic
[rosout][INFO] 2017-06-23 11:55:05,198: Waiting for images of the playground
[rospy.internal][INFO] 2017-06-23 11:55:05,204: topic[/sandtray/background/camera_info] adding connection to [http://sandtray-hrilab:40395/], count 0
[rospy.internal][INFO] 2017-06-23 11:55:05,204: topic[/sandtray/background/image] adding connection to [http://sandtray-hrilab:40395/], count 0
[rospy.internal][INFO] 2017-06-23 11:55:05,428: topic[/rosout] adding connection to [/rosout], count 0
[rosout][INFO] 2017-06-23 11:55:25,835: Received the playground image. Detecting zones...
[rosout][INFO] 2017-06-23 11:55:25,854: Publishing the detected zones on /zones
[rospy.internal][INFO] 2017-06-23 11:55:26,464: topic[/zones] adding connection to [/rosbag_record_freeplay_sandbox], count 0
[rospy.internal][INFO] 2017-06-23 11:55:27,044: topic[/zones] adding connection to [/sandbox_play], count 1
[rosout][INFO] 2017-06-23 11:57:21,582: Received the playground image. Detecting zones...
[rosout][INFO] 2017-06-23 11:57:21,605: Publishing the detected zones on /zones
[rosout][INFO] 2017-06-23 11:57:28,061: Received the playground image. Detecting zones...
[rosout][INFO] 2017-06-23 11:57:28,088: Publishing the detected zones on /zones
[rosout][INFO] 2017-06-23 11:57:32,041: Received the playground image. Detecting zones...
[rosout][INFO] 2017-06-23 11:57:32,064: Publishing the detected zones on /zones
[rosout][INFO] 2017-06-23 11:57:34,800: Received the playground image. Detecting zones...
[rosout][INFO] 2017-06-23 11:57:34,823: Publishing the detected zones on /zones
[rosout][INFO] 2017-06-23 11:57:37,566: Received the playground image. Detecting zones...
[rosout][INFO] 2017-06-23 11:57:37,589: Publishing the detected zones on /zones
[rosout][INFO] 2017-06-23 11:57:38,541: Received the playground image. Detecting zones...
[rosout][INFO] 2017-06-23 11:57:38,574: Publishing the detected zones on /zones
[rosout][INFO] 2017-06-23 11:57:43,300: Received the playground image. Detecting zones...
[rosout][INFO] 2017-06-23 11:57:43,325: Publishing the detected zones on /zones
[rosout][INFO] 2017-06-23 11:57:45,312: Received the playground image. Detecting zones...
[rosout][INFO] 2017-06-23 11:57:45,330: Publishing the detected zones on /zones
[rosout][INFO] 2017-06-23 11:57:48,314: Received the playground image. Detecting zones...
[rosout][INFO] 2017-06-23 11:57:48,334: Publishing the detected zones on /zones
[rosout][INFO] 2017-06-23 11:57:50,546: Received the playground image. Detecting zones...
[rosout][INFO] 2017-06-23 11:57:50,568: Publishing the detected zones on /zones
[rosout][INFO] 2017-06-23 11:57:53,557: Received the playground image. Detecting zones...
[rosout][INFO] 2017-06-23 11:57:53,576: Publishing the detected zones on /zones
[rosout][INFO] 2017-06-23 11:57:54,820: Received the playground image. Detecting zones...
[rosout][INFO] 2017-06-23 11:57:54,837: Publishing the detected zones on /zones
[rosout][INFO] 2017-06-23 11:58:04,057: Received the playground image. Detecting zones...
[rosout][INFO] 2017-06-23 11:58:04,074: Publishing the detected zones on /zones
[rosout][INFO] 2017-06-23 11:58:07,792: Received the playground image. Detecting zones...
[rosout][INFO] 2017-06-23 11:58:07,811: Publishing the detected zones on /zones
[rosout][INFO] 2017-06-23 11:58:11,051: Received the playground image. Detecting zones...
[rosout][INFO] 2017-06-23 11:58:11,067: Publishing the detected zones on /zones
[rosout][INFO] 2017-06-23 11:58:16,304: Received the playground image. Detecting zones...
[rosout][INFO] 2017-06-23 11:58:16,326: Publishing the detected zones on /zones
[rosout][INFO] 2017-06-23 11:58:20,796: Received the playground image. Detecting zones...
[rosout][INFO] 2017-06-23 11:58:20,826: Publishing the detected zones on /zones
[rosout][INFO] 2017-06-23 11:58:21,043: Received the playground image. Detecting zones...
[rosout][INFO] 2017-06-23 11:58:21,060: Publishing the detected zones on /zones
[rosout][INFO] 2017-06-23 11:58:21,793: Received the playground image. Detecting zones...
[rosout][INFO] 2017-06-23 11:58:21,813: Publishing the detected zones on /zones
[rosout][INFO] 2017-06-23 11:58:22,568: Received the playground image. Detecting zones...
[rosout][INFO] 2017-06-23 11:58:22,584: Publishing the detected zones on /zones
[rosout][INFO] 2017-06-23 11:58:24,076: Received the playground image. Detecting zones...
[rosout][INFO] 2017-06-23 11:58:24,105: Publishing the detected zones on /zones
[rosout][INFO] 2017-06-23 11:58:25,038: Received the playground image. Detecting zones...
[rosout][INFO] 2017-06-23 11:58:25,064: Publishing the detected zones on /zones
[rosout][INFO] 2017-06-23 11:58:26,058: Received the playground image. Detecting zones...
[rosout][INFO] 2017-06-23 11:58:26,084: Publishing the detected zones on /zones
[rosout][INFO] 2017-06-23 11:58:27,807: Received the playground image. Detecting zones...
[rosout][INFO] 2017-06-23 11:58:27,824: Publishing the detected zones on /zones
[rosout][INFO] 2017-06-23 11:58:36,560: Received the playground image. Detecting zones...
[rosout][INFO] 2017-06-23 11:58:36,578: Publishing the detected zones on /zones
[rosout][INFO] 2017-06-23 11:58:37,039: Received the playground image. Detecting zones...
[rosout][INFO] 2017-06-23 11:58:37,066: Publishing the detected zones on /zones
[rosout][INFO] 2017-06-23 11:58:40,809: Received the playground image. Detecting zones...
[rosout][INFO] 2017-06-23 11:58:40,833: Publishing the detected zones on /zones
[rosout][INFO] 2017-06-23 11:58:57,320: Received the playground image. Detecting zones...
[rosout][INFO] 2017-06-23 11:58:57,338: Publishing the detected zones on /zones
[rosout][INFO] 2017-06-23 11:59:01,047: Received the playground image. Detecting zones...
[rosout][INFO] 2017-06-23 11:59:01,071: Publishing the detected zones on /zones
[rosout][INFO] 2017-06-23 11:59:01,315: Received the playground image. Detecting zones...
[rosout][INFO] 2017-06-23 11:59:01,349: Publishing the detected zones on /zones
[rosout][INFO] 2017-06-23 11:59:03,566: Received the playground image. Detecting zones...
[rosout][INFO] 2017-06-23 11:59:03,589: Publishing the detected zones on /zones
[rosout][INFO] 2017-06-23 11:59:04,037: Received the playground image. Detecting zones...
[rosout][INFO] 2017-06-23 11:59:04,062: Publishing the detected zones on /zones
[rosout][INFO] 2017-06-23 12:00:29,331: Received the playground image. Detecting zones...
[rosout][INFO] 2017-06-23 12:00:29,354: Publishing the detected zones on /zones
[rosout][INFO] 2017-06-23 12:00:48,849: Received the playground image. Detecting zones...
[rosout][INFO] 2017-06-23 12:00:48,877: Publishing the detected zones on /zones
[rosout][INFO] 2017-06-23 12:00:50,581: Received the playground image. Detecting zones...
[rosout][INFO] 2017-06-23 12:00:50,616: Publishing the detected zones on /zones
[rosout][INFO] 2017-06-23 12:00:52,090: Received the playground image. Detecting zones...
[rosout][INFO] 2017-06-23 12:00:52,110: Publishing the detected zones on /zones
[rosout][INFO] 2017-06-23 12:00:53,797: Received the playground image. Detecting zones...
[rosout][INFO] 2017-06-23 12:00:53,825: Publishing the detected zones on /zones
[rosout][INFO] 2017-06-23 12:01:00,797: Received the playground image. Detecting zones...
[rosout][INFO] 2017-06-23 12:01:00,819: Publishing the detected zones on /zones
[rosout][INFO] 2017-06-23 12:01:03,044: Received the playground image. Detecting zones...
[rosout][INFO] 2017-06-23 12:01:03,068: Publishing the detected zones on /zones
[rosout][INFO] 2017-06-23 12:01:07,545: Received the playground image. Detecting zones...
[rosout][INFO] 2017-06-23 12:01:07,563: Publishing the detected zones on /zones
[rosout][INFO] 2017-06-23 12:01:08,552: Received the playground image. Detecting zones...
[rosout][INFO] 2017-06-23 12:01:08,574: Publishing the detected zones on /zones
[rosout][INFO] 2017-06-23 12:01:10,308: Received the playground image. Detecting zones...
[rosout][INFO] 2017-06-23 12:01:10,346: Publishing the detected zones on /zones
[rosout][INFO] 2017-06-23 12:01:17,091: Received the playground image. Detecting zones...
[rosout][INFO] 2017-06-23 12:01:17,116: Publishing the detected zones on /zones
[rosout][INFO] 2017-06-23 12:01:20,059: Received the playground image. Detecting zones...
[rosout][INFO] 2017-06-23 12:01:20,096: Publishing the detected zones on /zones
[rosout][INFO] 2017-06-23 12:01:36,558: Received the playground image. Detecting zones...
[rosout][INFO] 2017-06-23 12:01:36,587: Publishing the detected zones on /zones
[rosout][INFO] 2017-06-23 12:01:37,557: Received the playground image. Detecting zones...
[rosout][INFO] 2017-06-23 12:01:37,584: Publishing the detected zones on /zones
[rosout][INFO] 2017-06-23 12:02:01,310: Received the playground image. Detecting zones...
[rosout][INFO] 2017-06-23 12:02:01,347: Publishing the detected zones on /zones
[rosout][INFO] 2017-06-23 12:02:04,571: Received the playground image. Detecting zones...
[rosout][INFO] 2017-06-23 12:02:04,596: Publishing the detected zones on /zones
[rosout][INFO] 2017-06-23 12:02:12,797: Received the playground image. Detecting zones...
[rosout][INFO] 2017-06-23 12:02:12,825: Publishing the detected zones on /zones
[rosout][INFO] 2017-06-23 12:02:42,314: Received the playground image. Detecting zones...
[rosout][INFO] 2017-06-23 12:02:42,361: Publishing the detected zones on /zones
[rosout][INFO] 2017-06-23 12:02:42,554: Received the playground image. Detecting zones...
[rosout][INFO] 2017-06-23 12:02:42,588: Publishing the detected zones on /zones
[rosout][INFO] 2017-06-23 12:02:45,544: Received the playground image. Detecting zones...
[rosout][INFO] 2017-06-23 12:02:45,565: Publishing the detected zones on /zones
[rosout][INFO] 2017-06-23 12:03:03,806: Received the playground image. Detecting zones...
[rosout][INFO] 2017-06-23 12:03:03,826: Publishing the detected zones on /zones
[rosout][INFO] 2017-06-23 12:03:16,055: Received the playground image. Detecting zones...
[rosout][INFO] 2017-06-23 12:03:16,081: Publishing the detected zones on /zones
[rosout][INFO] 2017-06-23 12:03:21,332: Received the playground image. Detecting zones...
[rosout][INFO] 2017-06-23 12:03:21,357: Publishing the detected zones on /zones
[rosout][INFO] 2017-06-23 12:03:25,795: Received the playground image. Detecting zones...
[rosout][INFO] 2017-06-23 12:03:25,816: Publishing the detected zones on /zones
[rosout][INFO] 2017-06-23 12:03:41,589: Received the playground image. Detecting zones...
[rosout][INFO] 2017-06-23 12:03:41,610: Publishing the detected zones on /zones
[rosout][INFO] 2017-06-23 12:03:44,322: Received the playground image. Detecting zones...
[rosout][INFO] 2017-06-23 12:03:44,366: Publishing the detected zones on /zones
[rosout][INFO] 2017-06-23 12:03:50,835: Received the playground image. Detecting zones...
[rosout][INFO] 2017-06-23 12:03:50,856: Publishing the detected zones on /zones
[rosout][INFO] 2017-06-23 12:03:51,298: Received the playground image. Detecting zones...
[rosout][INFO] 2017-06-23 12:03:51,331: Publishing the detected zones on /zones
[rosout][INFO] 2017-06-23 12:03:52,551: Received the playground image. Detecting zones...
[rosout][INFO] 2017-06-23 12:03:52,587: Publishing the detected zones on /zones
[rosout][INFO] 2017-06-23 12:03:54,291: Received the playground image. Detecting zones...
[rosout][INFO] 2017-06-23 12:03:54,314: Publishing the detected zones on /zones
[rosout][INFO] 2017-06-23 12:03:55,302: Received the playground image. Detecting zones...
[rosout][INFO] 2017-06-23 12:03:55,321: Publishing the detected zones on /zones
[rosout][INFO] 2017-06-23 12:04:07,070: Received the playground image. Detecting zones...
[rosout][INFO] 2017-06-23 12:04:07,102: Publishing the detected zones on /zones
[rosout][INFO] 2017-06-23 12:04:08,302: Received the playground image. Detecting zones...
[rosout][INFO] 2017-06-23 12:04:08,330: Publishing the detected zones on /zones
[rosout][INFO] 2017-06-23 12:04:09,297: Received the playground image. Detecting zones...
[rosout][INFO] 2017-06-23 12:04:09,320: Publishing the detected zones on /zones
[rosout][INFO] 2017-06-23 12:04:10,032: Received the playground image. Detecting zones...
[rosout][INFO] 2017-06-23 12:04:10,051: Publishing the detected zones on /zones
[rosout][INFO] 2017-06-23 12:04:10,808: Received the playground image. Detecting zones...
[rosout][INFO] 2017-06-23 12:04:10,825: Publishing the detected zones on /zones
[rosout][INFO] 2017-06-23 12:04:17,052: Received the playground image. Detecting zones...
[rosout][INFO] 2017-06-23 12:04:17,081: Publishing the detected zones on /zones
[rosout][INFO] 2017-06-23 12:04:19,335: Received the playground image. Detecting zones...
[rosout][INFO] 2017-06-23 12:04:19,369: Publishing the detected zones on /zones
[rosout][INFO] 2017-06-23 12:04:23,630: Received the playground image. Detecting zones...
[rosout][INFO] 2017-06-23 12:04:23,674: Publishing the detected zones on /zones
[rosout][INFO] 2017-06-23 12:04:24,068: Received the playground image. Detecting zones...
[rosout][INFO] 2017-06-23 12:04:24,148: Publishing the detected zones on /zones
[rosout][INFO] 2017-06-23 12:04:25,846: Received the playground image. Detecting zones...
[rosout][INFO] 2017-06-23 12:04:25,872: Publishing the detected zones on /zones
[rosout][INFO] 2017-06-23 12:04:26,032: Received the playground image. Detecting zones...
[rosout][INFO] 2017-06-23 12:04:26,057: Publishing the detected zones on /zones
[rosout][INFO] 2017-06-23 12:04:27,064: Received the playground image. Detecting zones...
[rosout][INFO] 2017-06-23 12:04:27,086: Publishing the detected zones on /zones
[rosout][INFO] 2017-06-23 12:04:28,053: Received the playground image. Detecting zones...
[rosout][INFO] 2017-06-23 12:04:28,077: Publishing the detected zones on /zones
[rosout][INFO] 2017-06-23 12:04:29,037: Received the playground image. Detecting zones...
[rosout][INFO] 2017-06-23 12:04:29,067: Publishing the detected zones on /zones
[rosout][INFO] 2017-06-23 12:04:30,033: Received the playground image. Detecting zones...
[rosout][INFO] 2017-06-23 12:04:30,054: Publishing the detected zones on /zones
[rosout][INFO] 2017-06-23 12:04:30,594: Received the playground image. Detecting zones...
[rosout][INFO] 2017-06-23 12:04:30,620: Publishing the detected zones on /zones
[rosout][INFO] 2017-06-23 12:04:30,789: Received the playground image. Detecting zones...
[rosout][INFO] 2017-06-23 12:04:30,810: Publishing the detected zones on /zones
[rosout][INFO] 2017-06-23 12:04:31,550: Received the playground image. Detecting zones...
[rosout][INFO] 2017-06-23 12:04:31,575: Publishing the detected zones on /zones
[rosout][INFO] 2017-06-23 12:04:32,297: Received the playground image. Detecting zones...
[rosout][INFO] 2017-06-23 12:04:32,321: Publishing the detected zones on /zones
[rosout][INFO] 2017-06-23 12:04:34,295: Received the playground image. Detecting zones...
[rosout][INFO] 2017-06-23 12:04:34,328: Publishing the detected zones on /zones
[rosout][INFO] 2017-06-23 12:04:37,795: Received the playground image. Detecting zones...
[rosout][INFO] 2017-06-23 12:04:37,814: Publishing the detected zones on /zones
[rosout][INFO] 2017-06-23 12:04:38,573: Received the playground image. Detecting zones...
[rosout][INFO] 2017-06-23 12:04:38,594: Publishing the detected zones on /zones
[rosout][INFO] 2017-06-23 12:04:39,328: Received the playground image. Detecting zones...
[rosout][INFO] 2017-06-23 12:04:39,360: Publishing the detected zones on /zones
[rosout][INFO] 2017-06-23 12:04:40,050: Received the playground image. Detecting zones...
[rosout][INFO] 2017-06-23 12:04:40,082: Publishing the detected zones on /zones
[rosout][INFO] 2017-06-23 12:04:40,805: Received the playground image. Detecting zones...
[rosout][INFO] 2017-06-23 12:04:40,828: Publishing the detected zones on /zones
[rosout][INFO] 2017-06-23 12:04:41,302: Received the playground image. Detecting zones...
[rosout][INFO] 2017-06-23 12:04:41,329: Publishing the detected zones on /zones
[rosout][INFO] 2017-06-23 12:04:42,045: Received the playground image. Detecting zones...
[rosout][INFO] 2017-06-23 12:04:42,064: Publishing the detected zones on /zones
[rosout][INFO] 2017-06-23 12:04:50,286: Received the playground image. Detecting zones...
[rosout][INFO] 2017-06-23 12:04:50,307: Publishing the detected zones on /zones
[rosout][INFO] 2017-06-23 12:04:53,050: Received the playground image. Detecting zones...
[rosout][INFO] 2017-06-23 12:04:53,086: Publishing the detected zones on /zones
[rosout][INFO] 2017-06-23 12:04:53,559: Received the playground image. Detecting zones...
[rosout][INFO] 2017-06-23 12:04:53,593: Publishing the detected zones on /zones
[rosout][INFO] 2017-06-23 12:04:54,800: Received the playground image. Detecting zones...
[rosout][INFO] 2017-06-23 12:04:54,825: Publishing the detected zones on /zones
[rosout][INFO] 2017-06-23 12:04:55,793: Received the playground image. Detecting zones...
[rosout][INFO] 2017-06-23 12:04:55,828: Publishing the detected zones on /zones
[rosout][INFO] 2017-06-23 12:05:00,351: Received the playground image. Detecting zones...
[rosout][INFO] 2017-06-23 12:05:00,402: Publishing the detected zones on /zones
[rosout][INFO] 2017-06-23 12:05:01,034: Received the playground image. Detecting zones...
[rosout][INFO] 2017-06-23 12:05:01,067: Publishing the detected zones on /zones
[rosout][INFO] 2017-06-23 12:05:01,795: Received the playground image. Detecting zones...
[rosout][INFO] 2017-06-23 12:05:01,819: Publishing the detected zones on /zones
[rosout][INFO] 2017-06-23 12:05:02,354: Received the playground image. Detecting zones...
[rosout][INFO] 2017-06-23 12:05:02,383: Publishing the detected zones on /zones
[rosout][INFO] 2017-06-23 12:05:03,039: Received the playground image. Detecting zones...
[rosout][INFO] 2017-06-23 12:05:03,065: Publishing the detected zones on /zones
[rosout][INFO] 2017-06-23 12:05:03,571: Received the playground image. Detecting zones...
[rosout][INFO] 2017-06-23 12:05:03,601: Publishing the detected zones on /zones
[rosout][INFO] 2017-06-23 12:05:04,043: Received the playground image. Detecting zones...
[rosout][INFO] 2017-06-23 12:05:04,065: Publishing the detected zones on /zones
[rosout][INFO] 2017-06-23 12:05:04,537: Received the playground image. Detecting zones...
[rosout][INFO] 2017-06-23 12:05:04,559: Publishing the detected zones on /zones
[rosout][INFO] 2017-06-23 12:05:05,290: Received the playground image. Detecting zones...
[rosout][INFO] 2017-06-23 12:05:05,323: Publishing the detected zones on /zones
[rosout][INFO] 2017-06-23 12:05:24,557: Received the playground image. Detecting zones...
[rosout][INFO] 2017-06-23 12:05:24,575: Publishing the detected zones on /zones
[rosout][INFO] 2017-06-23 12:05:26,799: Received the playground image. Detecting zones...
[rosout][INFO] 2017-06-23 12:05:26,818: Publishing the detected zones on /zones
[rosout][INFO] 2017-06-23 12:05:27,806: Received the playground image. Detecting zones...
[rosout][INFO] 2017-06-23 12:05:27,827: Publishing the detected zones on /zones
[rosout][INFO] 2017-06-23 12:05:29,798: Received the playground image. Detecting zones...
[rosout][INFO] 2017-06-23 12:05:29,816: Publishing the detected zones on /zones
[rosout][INFO] 2017-06-23 12:05:33,845: Received the playground image. Detecting zones...
[rosout][INFO] 2017-06-23 12:05:33,865: Publishing the detected zones on /zones
[rosout][INFO] 2017-06-23 12:05:35,313: Received the playground image. Detecting zones...
[rosout][INFO] 2017-06-23 12:05:35,362: Publishing the detected zones on /zones
[rosout][INFO] 2017-06-23 12:05:37,556: Received the playground image. Detecting zones...
[rosout][INFO] 2017-06-23 12:05:37,581: Publishing the detected zones on /zones
[rosout][INFO] 2017-06-23 12:05:38,087: Received the playground image. Detecting zones...
[rosout][INFO] 2017-06-23 12:05:38,117: Publishing the detected zones on /zones
[rosout][INFO] 2017-06-23 12:05:38,798: Received the playground image. Detecting zones...
[rosout][INFO] 2017-06-23 12:05:38,818: Publishing the detected zones on /zones
[rosout][INFO] 2017-06-23 12:05:39,291: Received the playground image. Detecting zones...
[rosout][INFO] 2017-06-23 12:05:39,314: Publishing the detected zones on /zones
[rosout][INFO] 2017-06-23 12:05:40,314: Received the playground image. Detecting zones...
[rosout][INFO] 2017-06-23 12:05:40,337: Publishing the detected zones on /zones
[rosout][INFO] 2017-06-23 12:05:40,832: Received the playground image. Detecting zones...
[rosout][INFO] 2017-06-23 12:05:40,857: Publishing the detected zones on /zones
[rosout][INFO] 2017-06-23 12:05:45,050: Received the playground image. Detecting zones...
[rosout][INFO] 2017-06-23 12:05:45,072: Publishing the detected zones on /zones
[rosout][INFO] 2017-06-23 12:05:46,054: Received the playground image. Detecting zones...
[rosout][INFO] 2017-06-23 12:05:46,090: Publishing the detected zones on /zones
[rosout][INFO] 2017-06-23 12:05:46,775: Received the playground image. Detecting zones...
[rosout][INFO] 2017-06-23 12:05:46,802: Publishing the detected zones on /zones
[rosout][INFO] 2017-06-23 12:05:47,301: Received the playground image. Detecting zones...
[rosout][INFO] 2017-06-23 12:05:47,325: Publishing the detected zones on /zones
[rosout][INFO] 2017-06-23 12:05:47,563: Received the playground image. Detecting zones...
[rosout][INFO] 2017-06-23 12:05:47,584: Publishing the detected zones on /zones
[rosout][INFO] 2017-06-23 12:05:51,786: Received the playground image. Detecting zones...
[rosout][INFO] 2017-06-23 12:05:51,804: Publishing the detected zones on /zones
[rosout][INFO] 2017-06-23 12:05:53,048: Received the playground image. Detecting zones...
[rosout][INFO] 2017-06-23 12:05:53,074: Publishing the detected zones on /zones
[rosout][INFO] 2017-06-23 12:05:54,807: Received the playground image. Detecting zones...
[rosout][INFO] 2017-06-23 12:05:54,830: Publishing the detected zones on /zones
[rosout][INFO] 2017-06-23 12:05:55,803: Received the playground image. Detecting zones...
[rosout][INFO] 2017-06-23 12:05:55,821: Publishing the detected zones on /zones
[rosout][INFO] 2017-06-23 12:06:00,795: Received the playground image. Detecting zones...
[rosout][INFO] 2017-06-23 12:06:00,811: Publishing the detected zones on /zones
[rosout][INFO] 2017-06-23 12:06:25,548: Received the playground image. Detecting zones...
[rosout][INFO] 2017-06-23 12:06:25,568: Publishing the detected zones on /zones
[rosout][INFO] 2017-06-23 12:06:34,792: Received the playground image. Detecting zones...
[rosout][INFO] 2017-06-23 12:06:34,816: Publishing the detected zones on /zones
[rosout][INFO] 2017-06-23 12:07:02,595: Received the playground image. Detecting zones...
[rosout][INFO] 2017-06-23 12:07:02,628: Publishing the detected zones on /zones
[rosout][INFO] 2017-06-23 12:07:03,072: Received the playground image. Detecting zones...
[rosout][INFO] 2017-06-23 12:07:03,097: Publishing the detected zones on /zones
[rosout][INFO] 2017-06-23 12:07:09,049: Received the playground image. Detecting zones...
[rosout][INFO] 2017-06-23 12:07:09,075: Publishing the detected zones on /zones
[rosout][INFO] 2017-06-23 12:07:09,802: Received the playground image. Detecting zones...
[rosout][INFO] 2017-06-23 12:07:09,832: Publishing the detected zones on /zones
[rosout][INFO] 2017-06-23 12:07:17,065: Received the playground image. Detecting zones...
[rosout][INFO] 2017-06-23 12:07:17,088: Publishing the detected zones on /zones
[rosout][INFO] 2017-06-23 12:07:30,301: Received the playground image. Detecting zones...
[rosout][INFO] 2017-06-23 12:07:30,330: Publishing the detected zones on /zones
[rosout][INFO] 2017-06-23 12:07:35,049: Received the playground image. Detecting zones...
[rosout][INFO] 2017-06-23 12:07:35,070: Publishing the detected zones on /zones
[rosout][INFO] 2017-06-23 12:07:49,084: Received the playground image. Detecting zones...
[rosout][INFO] 2017-06-23 12:07:49,104: Publishing the detected zones on /zones
[rosout][INFO] 2017-06-23 12:07:51,300: Received the playground image. Detecting zones...
[rosout][INFO] 2017-06-23 12:07:51,327: Publishing the detected zones on /zones
[rosout][INFO] 2017-06-23 12:08:08,566: Received the playground image. Detecting zones...
[rosout][INFO] 2017-06-23 12:08:08,589: Publishing the detected zones on /zones
[rosout][INFO] 2017-06-23 12:08:17,302: Received the playground image. Detecting zones...
[rosout][INFO] 2017-06-23 12:08:17,319: Publishing the detected zones on /zones
[rosout][INFO] 2017-06-23 12:08:46,541: Received the playground image. Detecting zones...
[rosout][INFO] 2017-06-23 12:08:46,571: Publishing the detected zones on /zones
[rosout][INFO] 2017-06-23 12:09:06,596: Received the playground image. Detecting zones...
[rosout][INFO] 2017-06-23 12:09:06,621: Publishing the detected zones on /zones
[rosout][INFO] 2017-06-23 12:09:06,806: Received the playground image. Detecting zones...
[rosout][INFO] 2017-06-23 12:09:06,825: Publishing the detected zones on /zones
[rosout][INFO] 2017-06-23 12:09:16,375: Received the playground image. Detecting zones...
[rosout][INFO] 2017-06-23 12:09:16,405: Publishing the detected zones on /zones
[rosout][INFO] 2017-06-23 12:09:17,054: Received the playground image. Detecting zones...
[rosout][INFO] 2017-06-23 12:09:17,073: Publishing the detected zones on /zones
[rosout][INFO] 2017-06-23 12:09:20,801: Received the playground image. Detecting zones...
[rosout][INFO] 2017-06-23 12:09:20,822: Publishing the detected zones on /zones
[rospy.internal][INFO] 2017-06-23 12:09:31,915: topic[/zones] adding connection to [/sandbox_play], count 2
[rospy.internal][INFO] 2017-06-23 12:09:31,915: topic[/zones] removing connection to /sandbox_play
[rospy.internal][INFO] 2017-06-23 12:09:32,246: topic[/zones] removing connection to /sandbox_play
[rospy.internal][INFO] 2017-06-23 12:09:41,749: topic[/zones] removing connection to /rosbag_record_freeplay_sandbox
[rospy.internal][ERROR] 2017-06-23 12:11:29,579: Unable to initiate TCP/IP socket to sandtray-hrilab:41562 (http://sandtray-hrilab:40395/): Traceback (most recent call last):
  File "/opt/ros/kinetic/lib/python2.7/dist-packages/rospy/impl/tcpros_base.py", line 557, in connect
    self.read_header()
  File "/opt/ros/kinetic/lib/python2.7/dist-packages/rospy/impl/tcpros_base.py", line 650, in read_header
    self._validate_header(read_ros_handshake_header(sock, self.read_buff, self.protocol.buff_size))
  File "/opt/ros/kinetic/lib/python2.7/dist-packages/rospy/impl/tcpros_base.py", line 593, in _validate_header
    raise TransportInitError("remote error reported: %s"%header['error'])
TransportInitError: remote error reported: received a connection for a nonexistent topic [/sandtray/background/image] from [TCPROS connection on port 41562 to [127.0.0.1:57894 on socket 23]] [/sandbox_zones_from_image].

[rospy.internal][ERROR] 2017-06-23 12:11:29,589: Unable to initiate TCP/IP socket to sandtray-hrilab:41562 (http://sandtray-hrilab:40395/): Traceback (most recent call last):
  File "/opt/ros/kinetic/lib/python2.7/dist-packages/rospy/impl/tcpros_base.py", line 557, in connect
    self.read_header()
  File "/opt/ros/kinetic/lib/python2.7/dist-packages/rospy/impl/tcpros_base.py", line 650, in read_header
    self._validate_header(read_ros_handshake_header(sock, self.read_buff, self.protocol.buff_size))
  File "/opt/ros/kinetic/lib/python2.7/dist-packages/rospy/impl/tcpros_base.py", line 593, in _validate_header
    raise TransportInitError("remote error reported: %s"%header['error'])
TransportInitError: remote error reported: received a connection for a nonexistent topic [/sandtray/background/camera_info] from [TCPROS connection on port 41562 to [127.0.0.1:57918 on socket 23]] [/sandbox_zones_from_image].

[rospy.internal][ERROR] 2017-06-23 12:11:30,581: Unable to initiate TCP/IP socket to sandtray-hrilab:41562 (http://sandtray-hrilab:40395/): Traceback (most recent call last):
  File "/opt/ros/kinetic/lib/python2.7/dist-packages/rospy/impl/tcpros_base.py", line 557, in connect
    self.read_header()
  File "/opt/ros/kinetic/lib/python2.7/dist-packages/rospy/impl/tcpros_base.py", line 650, in read_header
    self._validate_header(read_ros_handshake_header(sock, self.read_buff, self.protocol.buff_size))
  File "/opt/ros/kinetic/lib/python2.7/dist-packages/rospy/impl/tcpros_base.py", line 593, in _validate_header
    raise TransportInitError("remote error reported: %s"%header['error'])
TransportInitError: remote error reported: received a connection for a nonexistent topic [/sandtray/background/image] from [TCPROS connection on port 41562 to [127.0.0.1:57948 on socket 22]] [/sandbox_zones_from_image].

[rospy.internal][ERROR] 2017-06-23 12:11:30,591: Unable to initiate TCP/IP socket to sandtray-hrilab:41562 (http://sandtray-hrilab:40395/): Traceback (most recent call last):
  File "/opt/ros/kinetic/lib/python2.7/dist-packages/rospy/impl/tcpros_base.py", line 557, in connect
    self.read_header()
  File "/opt/ros/kinetic/lib/python2.7/dist-packages/rospy/impl/tcpros_base.py", line 650, in read_header
    self._validate_header(read_ros_handshake_header(sock, self.read_buff, self.protocol.buff_size))
  File "/opt/ros/kinetic/lib/python2.7/dist-packages/rospy/impl/tcpros_base.py", line 593, in _validate_header
    raise TransportInitError("remote error reported: %s"%header['error'])
TransportInitError: remote error reported: received a connection for a nonexistent topic [/sandtray/background/camera_info] from [TCPROS connection on port 41562 to [127.0.0.1:57950 on socket 22]] [/sandbox_zones_from_image].

[rospy.internal][WARNING] 2017-06-23 12:11:32,583: Unknown error initiating TCP/IP socket to sandtray-hrilab:41562 (http://sandtray-hrilab:40395/): Traceback (most recent call last):
  File "/opt/ros/kinetic/lib/python2.7/dist-packages/rospy/impl/tcpros_base.py", line 555, in connect
    self.socket.connect((dest_addr, dest_port))
  File "/usr/lib/python2.7/socket.py", line 228, in meth
    return getattr(self._sock,name)(*args)
error: [Errno 111] Connection refused

[rospy.internal][INFO] 2017-06-23 12:11:32,583: topic[/sandtray/background/image] removing connection to http://sandtray-hrilab:40395/
[rospy.internal][WARNING] 2017-06-23 12:11:32,593: Unknown error initiating TCP/IP socket to sandtray-hrilab:41562 (http://sandtray-hrilab:40395/): Traceback (most recent call last):
  File "/opt/ros/kinetic/lib/python2.7/dist-packages/rospy/impl/tcpros_base.py", line 555, in connect
    self.socket.connect((dest_addr, dest_port))
  File "/usr/lib/python2.7/socket.py", line 228, in meth
    return getattr(self._sock,name)(*args)
error: [Errno 111] Connection refused

[rospy.internal][INFO] 2017-06-23 12:11:32,593: topic[/sandtray/background/camera_info] removing connection to http://sandtray-hrilab:40395/
[rospy.core][INFO] 2017-06-23 12:11:40,961: signal_shutdown [signal-2]
[rospy.internal][INFO] 2017-06-23 12:11:40,968: topic[/rosout] removing connection to /rosout
[rospy.impl.masterslave][INFO] 2017-06-23 12:11:40,968: signal-2
[rospy.core][INFO] 2017-06-23 12:11:41,117: signal_shutdown [signal-15]
[rospy.core][INFO] 2017-06-23 12:11:41,117: signal_shutdown [atexit]
