[INFO] [1500036499.303619]: /move_sandbox_items: Received a request to move ball to 0.06, -0.06. Let's do that
[INFO] [1500036499.304647]: Moving ball to 0.42,-0.33
[INFO] [1500036499.305964]: Requesting a plan...
[INFO] [1500036499.369388]: Received trajectory! As requested, waiting -0.002087251s before starting...
[INFO] [1500036499.369736]: Waiting a bit more (0.0s) to give the robot time to prepare...
[INFO] [1500036499.369983]: Starting to play trajectory!
[INFO] [1500036499.370332]: Done 0%
[INFO] [1500036499.471079]: Done 0%
[INFO] [1500036499.571997]: Done 1%
[INFO] [1500036499.672895]: Done 2%
[INFO] [1500036499.773707]: Done 3%
[INFO] [1500036499.874524]: Done 4%
[INFO] [1500036499.975454]: Done 5%
[INFO] [1500036500.076473]: Done 6%
[INFO] [1500036500.177584]: Done 7%
[INFO] [1500036500.279423]: Done 8%
[INFO] [1500036500.381555]: Done 9%
[INFO] [1500036500.483473]: Done 10%
[INFO] [1500036500.584640]: Done 11%
[INFO] [1500036500.685461]: Done 12%
[INFO] [1500036500.786182]: Done 13%
[INFO] [1500036500.887126]: Done 14%
[INFO] [1500036500.988113]: Done 15%
[INFO] [1500036501.089388]: Done 16%
[INFO] [1500036501.190432]: Done 17%
[INFO] [1500036501.291355]: Done 18%
[INFO] [1500036501.392173]: Done 19%
[INFO] [1500036501.493320]: Done 20%
[INFO] [1500036501.594399]: Done 21%
[INFO] [1500036501.695541]: Done 22%
[INFO] [1500036501.796544]: Done 23%
[INFO] [1500036501.897368]: Done 24%
[INFO] [1500036501.998366]: Done 25%
[INFO] [1500036502.099419]: Done 26%
[INFO] [1500036502.200390]: Done 27%
[INFO] [1500036502.301386]: Done 28%
[INFO] [1500036502.402485]: Done 29%
[INFO] [1500036502.503944]: Done 30%
[INFO] [1500036502.604933]: Done 31%
[INFO] [1500036502.705917]: Done 32%
[INFO] [1500036502.806899]: Done 33%
[INFO] [1500036502.907969]: Done 33%
[INFO] [1500036503.009516]: Done 34%
[INFO] [1500036503.110429]: Done 35%
[INFO] [1500036503.211378]: Done 36%
[INFO] [1500036503.312213]: Done 37%
[INFO] [1500036503.413179]: Done 38%
[INFO] [1500036503.514036]: Done 39%
[INFO] [1500036503.614931]: Done 40%
[INFO] [1500036503.716078]: Done 41%
[INFO] [1500036503.817191]: Done 42%
[INFO] [1500036503.918273]: Done 43%
[INFO] [1500036504.019293]: Done 44%
[INFO] [1500036504.120438]: Done 45%
[INFO] [1500036504.221207]: Done 46%
[INFO] [1500036504.322184]: Done 47%
[INFO] [1500036504.423164]: Done 48%
[INFO] [1500036504.524491]: Done 49%
[INFO] [1500036504.625591]: Done 50%
[INFO] [1500036504.726573]: Done 51%
[INFO] [1500036504.827485]: Done 52%
[INFO] [1500036504.928398]: Done 53%
[INFO] [1500036505.029361]: Done 54%
[INFO] [1500036505.130496]: Done 55%
[INFO] [1500036505.233215]: Done 56%
[INFO] [1500036505.334247]: Done 57%
[INFO] [1500036505.439778]: Done 58%
[INFO] [1500036505.540635]: Done 59%
[INFO] [1500036505.641721]: Done 60%
[INFO] [1500036505.743114]: Done 61%
[INFO] [1500036505.844167]: Done 62%
[INFO] [1500036505.945373]: Done 63%
[INFO] [1500036506.046296]: Done 64%
[INFO] [1500036506.147233]: Done 65%
[INFO] [1500036506.248094]: Done 66%
[INFO] [1500036506.349005]: Done 66%
[INFO] [1500036506.451553]: Done 67%
[INFO] [1500036506.552635]: Done 68%
[INFO] [1500036506.653668]: Done 69%
[INFO] [1500036506.754545]: Done 70%
[INFO] [1500036506.855641]: Done 71%
[INFO] [1500036506.956605]: Done 72%
[INFO] [1500036507.076762]: Done 73%
[INFO] [1500036507.184223]: Done 74%
[INFO] [1500036507.285194]: Done 75%
[INFO] [1500036507.386212]: Done 76%
[INFO] [1500036507.487575]: Done 77%
[INFO] [1500036507.588469]: Done 78%
[INFO] [1500036507.689724]: Done 79%
[INFO] [1500036507.793783]: Done 80%
[INFO] [1500036507.894793]: Done 81%
[INFO] [1500036507.995821]: Done 82%
[INFO] [1500036508.096941]: Done 83%
[INFO] [1500036508.197964]: Done 84%
[INFO] [1500036508.298954]: Done 85%
[INFO] [1500036508.399941]: Done 86%
[INFO] [1500036508.501175]: Done 87%
[INFO] [1500036508.602261]: Done 88%
[INFO] [1500036508.703194]: Done 89%
[INFO] [1500036508.804079]: Done 90%
[INFO] [1500036508.905289]: Done 91%
[INFO] [1500036509.006290]: Done 92%
[INFO] [1500036509.107611]: Done 93%
[INFO] [1500036509.208599]: Done 94%
[INFO] [1500036509.309532]: Done 95%
[INFO] [1500036509.410467]: Done 96%
[INFO] [1500036509.511388]: Done 97%
[INFO] [1500036509.612452]: Done 98%
[INFO] [1500036509.717130]: /move_sandbox_items: Succeeded
[INFO] [1500036512.224096]: /move_sandbox_items: Received a request to move zebra to 0.49, -0.06. Let's do that
[INFO] [1500036512.224769]: Moving zebra to 0.13,-0.06
[INFO] [1500036512.225050]: Requesting a plan...
[INFO] [1500036512.367822]: Received trajectory! As requested, waiting -0.000707926s before starting...
[INFO] [1500036512.368246]: Waiting a bit more (0.0s) to give the robot time to prepare...
[INFO] [1500036512.368535]: Starting to play trajectory!
[INFO] [1500036512.369062]: Done 0%
[INFO] [1500036512.469946]: Done 2%
[INFO] [1500036512.571154]: Done 5%
[INFO] [1500036512.672201]: Done 7%
[INFO] [1500036512.773136]: Done 10%
[INFO] [1500036512.874031]: Done 12%
[INFO] [1500036512.975143]: Done 15%
[INFO] [1500036513.076180]: Done 17%
[INFO] [1500036513.177190]: Done 20%
[INFO] [1500036513.278305]: Done 23%
[INFO] [1500036513.379345]: Done 25%
[INFO] [1500036513.480260]: Done 28%
[INFO] [1500036513.581117]: Done 30%
[INFO] [1500036513.682135]: Done 33%
[INFO] [1500036513.783127]: Done 35%
[INFO] [1500036513.884150]: Done 38%
[INFO] [1500036513.985023]: Done 41%
[INFO] [1500036514.086052]: Done 43%
[INFO] [1500036514.187128]: Done 46%
[INFO] [1500036514.288095]: Done 48%
[INFO] [1500036514.389201]: Done 51%
[INFO] [1500036514.490229]: Done 53%
[INFO] [1500036514.591253]: Done 56%
[INFO] [1500036514.692568]: Done 58%
[INFO] [1500036514.793613]: Done 61%
[INFO] [1500036514.894472]: Done 64%
[INFO] [1500036514.995478]: Done 66%
[INFO] [1500036515.096458]: Done 69%
[INFO] [1500036515.197457]: Done 71%
[INFO] [1500036515.298317]: Done 74%
[INFO] [1500036515.399360]: Done 76%
[INFO] [1500036515.500748]: Done 79%
[INFO] [1500036515.601618]: Done 82%
[INFO] [1500036515.702498]: Done 84%
[INFO] [1500036515.803325]: Done 87%
[INFO] [1500036515.904587]: Done 89%
[INFO] [1500036516.005632]: Done 92%
[INFO] [1500036516.106602]: Done 94%
[INFO] [1500036516.207855]: /move_sandbox_items: Succeeded
[INFO] [1500036518.044169]: /move_sandbox_items: Received a request to move crocodile to 0.57, -0.18. Let's do that
[INFO] [1500036518.045732]: Moving crocodile to 0.08,0.00
[INFO] [1500036518.051546]: Requesting a plan...
[INFO] [1500036518.167722]: Received trajectory! As requested, waiting -0.000530445s before starting...
[INFO] [1500036518.168173]: Waiting a bit more (0.0s) to give the robot time to prepare...
[INFO] [1500036518.168530]: Starting to play trajectory!
[INFO] [1500036518.169018]: Done 0%
[INFO] [1500036518.273280]: Done 5%
[INFO] [1500036518.374324]: Done 11%
[INFO] [1500036518.479147]: Done 17%
[INFO] [1500036518.581115]: Done 23%
[INFO] [1500036518.682105]: Done 29%
[INFO] [1500036518.782961]: Done 35%
[INFO] [1500036518.883780]: Done 41%
[INFO] [1500036518.984643]: Done 47%
[INFO] [1500036519.085644]: Done 52%
[INFO] [1500036519.186923]: Done 58%
[INFO] [1500036519.288021]: Done 64%
[INFO] [1500036519.391423]: Done 70%
[INFO] [1500036519.492437]: Done 76%
[INFO] [1500036519.593449]: Done 82%
[INFO] [1500036519.694461]: Done 88%
[INFO] [1500036519.798028]: /move_sandbox_items: Succeeded
[INFO] [1500036614.057861]: /move_sandbox_items: Received a request to move zebra to 0.40, -0.11. Let's do that
[INFO] [1500036614.058685]: Moving zebra to -0.04,0.09
[INFO] [1500036614.058983]: Requesting a plan...
[INFO] [1500036614.168458]: Received trajectory! As requested, waiting -0.000528467s before starting...
[INFO] [1500036614.173713]: Waiting a bit more (0.0s) to give the robot time to prepare...
[INFO] [1500036614.173966]: Starting to play trajectory!
[INFO] [1500036614.174476]: Done 0%
[INFO] [1500036614.277165]: Done 5%
[INFO] [1500036614.383807]: Done 11%
[INFO] [1500036614.484799]: Done 16%
[INFO] [1500036614.585965]: Done 22%
[INFO] [1500036614.686942]: Done 27%
[INFO] [1500036614.787933]: Done 33%
[INFO] [1500036614.888804]: Done 38%
[INFO] [1500036614.989705]: Done 44%
[INFO] [1500036615.090755]: Done 50%
[INFO] [1500036615.194752]: Done 55%
[INFO] [1500036615.295895]: Done 61%
[INFO] [1500036615.397458]: Done 66%
[INFO] [1500036615.498438]: Done 72%
[INFO] [1500036615.599278]: Done 77%
[INFO] [1500036615.700106]: Done 83%
[INFO] [1500036615.801150]: Done 88%
[INFO] [1500036615.902177]: /move_sandbox_items: Succeeded
[INFO] [1500036650.906029]: /move_sandbox_items: Received a request to move zebra to 0.40, -0.11. Let's do that
[INFO] [1500036650.906844]: Moving zebra to -0.00,0.01
[INFO] [1500036650.907138]: Requesting a plan...
[INFO] [1500036650.968169]: Received trajectory! As requested, waiting -0.000303152s before starting...
[INFO] [1500036650.968570]: Waiting a bit more (0.0s) to give the robot time to prepare...
[INFO] [1500036650.968836]: Starting to play trajectory!
[INFO] [1500036650.969376]: Done 0%
[INFO] [1500036651.073616]: Done 33%
[INFO] [1500036651.175017]: /move_sandbox_items: Succeeded
[INFO] [1500036847.741125]: /move_sandbox_items: Received a request to move zebra to 0.40, -0.09. Let's do that
[INFO] [1500036847.742027]: Moving zebra to 0.01,-0.02
[INFO] [1500036847.742379]: Requesting a plan...
[INFO] [1500036847.768017]: Received trajectory! As requested, waiting -0.000330758s before starting...
[INFO] [1500036847.768444]: Waiting a bit more (0.0s) to give the robot time to prepare...
[INFO] [1500036847.768749]: Starting to play trajectory!
[INFO] [1500036847.769367]: Done 0%
[INFO] [1500036847.872330]: Done 16%
[INFO] [1500036847.973481]: Done 33%
[INFO] [1500036848.074954]: Done 50%
[INFO] [1500036848.176176]: Done 66%
[INFO] [1500036848.277389]: /move_sandbox_items: Succeeded
[INFO] [1500036850.452838]: /move_sandbox_items: Received a request to move zebra to 0.20, -0.10. Let's do that
[INFO] [1500036850.453675]: Moving zebra to 0.15,0.13
[INFO] [1500036850.454068]: Requesting a plan...
[INFO] [1500036850.569627]: Received trajectory! As requested, waiting -0.001891251s before starting...
[INFO] [1500036850.570109]: Waiting a bit more (0.0s) to give the robot time to prepare...
[INFO] [1500036850.570477]: Starting to play trajectory!
[INFO] [1500036850.571111]: Done 0%
[INFO] [1500036850.672138]: Done 2%
[INFO] [1500036850.773283]: Done 5%
[INFO] [1500036850.874419]: Done 7%
[INFO] [1500036850.975770]: Done 10%
[INFO] [1500036851.077101]: Done 12%
[INFO] [1500036851.178135]: Done 15%
[INFO] [1500036851.279889]: Done 17%
[INFO] [1500036851.381353]: Done 20%
[INFO] [1500036851.482345]: Done 22%
[INFO] [1500036851.583857]: Done 25%
[INFO] [1500036851.684983]: Done 27%
[INFO] [1500036851.786102]: Done 30%
[INFO] [1500036851.887116]: Done 32%
[INFO] [1500036851.988224]: Done 35%
[INFO] [1500036852.089232]: Done 37%
[INFO] [1500036852.190858]: Done 40%
[INFO] [1500036852.292608]: Done 42%
[INFO] [1500036852.393841]: Done 45%
[INFO] [1500036852.494793]: Done 47%
[INFO] [1500036852.596315]: Done 50%
[INFO] [1500036852.697713]: Done 52%
[INFO] [1500036852.798586]: Done 55%
[INFO] [1500036852.899408]: Done 57%
[INFO] [1500036853.000232]: Done 60%
[INFO] [1500036853.101220]: Done 62%
[INFO] [1500036853.202191]: Done 65%
[INFO] [1500036853.303475]: Done 67%
[INFO] [1500036853.404453]: Done 70%
[INFO] [1500036853.507490]: Done 72%
[INFO] [1500036853.608445]: Done 75%
[INFO] [1500036853.709399]: Done 77%
[INFO] [1500036853.810609]: Done 80%
[INFO] [1500036853.911694]: Done 82%
[INFO] [1500036854.013506]: Done 85%
[INFO] [1500036854.115326]: Done 87%
[INFO] [1500036854.216396]: Done 90%
[INFO] [1500036854.317229]: Done 92%
[INFO] [1500036854.418324]: Done 95%
[INFO] [1500036854.519591]: /move_sandbox_items: Succeeded
[INFO] [1500036856.990455]: /move_sandbox_items: Received a request to move giraffe to 0.20, -0.10. Let's do that
[INFO] [1500036856.991170]: Moving giraffe to 0.24,0.03
[INFO] [1500036856.991489]: Requesting a plan...
[INFO] [1500036857.169011]: Received trajectory! As requested, waiting -0.001331977s before starting...
[INFO] [1500036857.169403]: Waiting a bit more (0.0s) to give the robot time to prepare...
[INFO] [1500036857.169665]: Starting to play trajectory!
[INFO] [1500036857.170142]: Done 0%
[INFO] [1500036857.271344]: Done 2%
[INFO] [1500036857.373133]: Done 4%
[INFO] [1500036857.474216]: Done 6%
[INFO] [1500036857.575225]: Done 8%
[INFO] [1500036857.676316]: Done 10%
[INFO] [1500036857.777428]: Done 12%
[INFO] [1500036857.878329]: Done 14%
[INFO] [1500036857.980190]: Done 16%
[INFO] [1500036858.081042]: Done 18%
[INFO] [1500036858.181858]: Done 20%
[INFO] [1500036858.283372]: Done 22%
[INFO] [1500036858.386608]: Done 24%
[INFO] [1500036858.487603]: Done 26%
[INFO] [1500036858.588657]: Done 28%
[INFO] [1500036858.689665]: Done 30%
[INFO] [1500036858.791148]: Done 32%
[INFO] [1500036858.892079]: Done 34%
[INFO] [1500036858.993162]: Done 36%
[INFO] [1500036859.094325]: Done 38%
[INFO] [1500036859.195608]: Done 40%
[INFO] [1500036859.297341]: Done 42%
[INFO] [1500036859.398655]: Done 44%
[INFO] [1500036859.499715]: Done 46%
[INFO] [1500036859.600810]: Done 48%
[INFO] [1500036859.701883]: Done 50%
[INFO] [1500036859.802791]: Done 52%
[INFO] [1500036859.903808]: Done 54%
[INFO] [1500036860.004658]: Done 56%
[INFO] [1500036860.105523]: Done 58%
[INFO] [1500036860.208049]: Done 60%
[INFO] [1500036860.309188]: Done 62%
[INFO] [1500036860.410048]: Done 64%
[INFO] [1500036860.511253]: Done 66%
[INFO] [1500036860.612424]: Done 68%
[INFO] [1500036860.713344]: Done 70%
[INFO] [1500036860.815133]: Done 72%
[INFO] [1500036860.919060]: Done 74%
[INFO] [1500036861.020234]: Done 76%
[INFO] [1500036861.122044]: Done 78%
[INFO] [1500036861.223036]: Done 80%
[INFO] [1500036861.324086]: Done 82%
[INFO] [1500036861.429513]: Done 84%
[INFO] [1500036861.530405]: Done 86%
[INFO] [1500036861.631237]: Done 88%
[INFO] [1500036861.735013]: Done 90%
[INFO] [1500036861.835855]: Done 92%
[INFO] [1500036861.936979]: Done 94%
[INFO] [1500036862.037973]: Done 96%
[INFO] [1500036862.139112]: /move_sandbox_items: Succeeded
[INFO] [1500036863.510136]: /move_sandbox_items: Received a request to move giraffe to 0.20, -0.10. Let's do that
[INFO] [1500036863.511244]: Moving giraffe to -0.01,0.03
[INFO] [1500036863.511616]: Requesting a plan...
[INFO] [1500036863.569030]: Received trajectory! As requested, waiting -0.001429863s before starting...
[INFO] [1500036863.569406]: Waiting a bit more (0.0s) to give the robot time to prepare...
[INFO] [1500036863.569678]: Starting to play trajectory!
[INFO] [1500036863.570203]: Done 0%
[INFO] [1500036863.671486]: Done 20%
[INFO] [1500036863.772602]: Done 40%
[INFO] [1500036863.873801]: Done 60%
[INFO] [1500036863.979437]: /move_sandbox_items: Succeeded
[INFO] [1500036932.101245]: /move_sandbox_items: Received a request to move giraffe to 0.49, -0.06. Let's do that
[INFO] [1500036932.102020]: Moving giraffe to -0.00,0.30
[INFO] [1500036932.102383]: Requesting a plan...
[INFO] [1500036932.169060]: Received trajectory! As requested, waiting -0.001081895s before starting...
[INFO] [1500036932.169631]: Waiting a bit more (0.0s) to give the robot time to prepare...
[INFO] [1500036932.170008]: Starting to play trajectory!
[INFO] [1500036932.170676]: Done 0%
[INFO] [1500036932.271698]: Done 1%
[INFO] [1500036932.372846]: Done 3%
[INFO] [1500036932.473960]: Done 5%
[INFO] [1500036932.575022]: Done 6%
[INFO] [1500036932.675892]: Done 8%
[INFO] [1500036932.777079]: Done 10%
[INFO] [1500036932.878079]: Done 11%
[INFO] [1500036932.979174]: Done 13%
[INFO] [1500036933.080124]: Done 15%
[INFO] [1500036933.181372]: Done 16%
[INFO] [1500036933.282661]: Done 18%
[INFO] [1500036933.383514]: Done 20%
[INFO] [1500036933.484477]: Done 22%
[INFO] [1500036933.585808]: Done 23%
[INFO] [1500036933.686771]: Done 25%
[INFO] [1500036933.787797]: Done 27%
[INFO] [1500036933.888956]: Done 28%
[INFO] [1500036933.990004]: Done 30%
[INFO] [1500036934.091151]: Done 32%
[INFO] [1500036934.192321]: Done 33%
[INFO] [1500036934.293383]: Done 35%
[INFO] [1500036934.394556]: Done 37%
[INFO] [1500036934.495650]: Done 38%
[INFO] [1500036934.596832]: Done 40%
[INFO] [1500036934.697926]: Done 42%
[INFO] [1500036934.799250]: Done 44%
[INFO] [1500036934.900204]: Done 45%
[INFO] [1500036935.001359]: Done 47%
[INFO] [1500036935.102905]: Done 49%
[INFO] [1500036935.204112]: Done 50%
[INFO] [1500036935.305483]: Done 52%
[INFO] [1500036935.406648]: Done 54%
[INFO] [1500036935.507698]: Done 55%
[INFO] [1500036935.608889]: Done 57%
[INFO] [1500036935.710035]: Done 59%
[INFO] [1500036935.811095]: Done 61%
[INFO] [1500036935.912222]: Done 62%
[INFO] [1500036936.013289]: Done 64%
[INFO] [1500036936.114517]: Done 66%
[INFO] [1500036936.215753]: Done 67%
[INFO] [1500036936.317455]: Done 69%
[INFO] [1500036936.418708]: Done 71%
[INFO] [1500036936.519772]: Done 72%
[INFO] [1500036936.622877]: Done 74%
[INFO] [1500036936.724598]: Done 76%
[INFO] [1500036936.825685]: Done 77%
[INFO] [1500036936.926672]: Done 79%
[INFO] [1500036937.030953]: Done 81%
[INFO] [1500036937.132113]: Done 83%
[INFO] [1500036937.233354]: Done 84%
[INFO] [1500036937.334321]: Done 86%
[INFO] [1500036937.435565]: Done 88%
[INFO] [1500036937.536647]: Done 89%
[INFO] [1500036937.637990]: Done 91%
[INFO] [1500036937.738996]: Done 93%
[INFO] [1500036937.840107]: Done 94%
[INFO] [1500036937.941304]: Done 96%
[INFO] [1500036938.045519]: /move_sandbox_items: Succeeded
[INFO] [1500036940.472728]: /move_sandbox_items: Received a request to move zebra to 0.49, -0.06. Let's do that
[INFO] [1500036940.473470]: Moving zebra to -0.07,-0.30
[INFO] [1500036940.473741]: Requesting a plan...
[INFO] [1500036940.613884]: Received trajectory! As requested, waiting -0.045872368s before starting...
[INFO] [1500036940.614354]: Waiting a bit more (0.0s) to give the robot time to prepare...
[INFO] [1500036940.614692]: Starting to play trajectory!
[INFO] [1500036940.615276]: Done 0%
[INFO] [1500036940.717549]: Done 1%
[INFO] [1500036940.818661]: Done 3%
[INFO] [1500036940.919693]: Done 4%
[INFO] [1500036941.020812]: Done 6%
[INFO] [1500036941.122084]: Done 7%
[INFO] [1500036941.224378]: Done 9%
[INFO] [1500036941.325501]: Done 10%
[INFO] [1500036941.426749]: Done 12%
[INFO] [1500036941.528698]: Done 13%
[INFO] [1500036941.629909]: Done 15%
[INFO] [1500036941.730838]: Done 16%
[INFO] [1500036941.831651]: Done 18%
[INFO] [1500036941.932573]: Done 19%
[INFO] [1500036942.042167]: Done 21%
[INFO] [1500036942.144715]: Done 22%
[INFO] [1500036942.245548]: Done 24%
[INFO] [1500036942.346659]: Done 25%
[INFO] [1500036942.447604]: Done 27%
[INFO] [1500036942.548887]: Done 28%
[INFO] [1500036942.650199]: Done 30%
[INFO] [1500036942.751711]: Done 31%
[INFO] [1500036942.855232]: Done 33%
[INFO] [1500036942.956260]: Done 34%
[INFO] [1500036943.057281]: Done 36%
[INFO] [1500036943.158759]: Done 37%
[INFO] [1500036943.260098]: Done 39%
[INFO] [1500036943.360931]: Done 40%
[INFO] [1500036943.461731]: Done 42%
[INFO] [1500036943.562574]: Done 43%
[INFO] [1500036943.663675]: Done 45%
[INFO] [1500036943.764578]: Done 46%
[INFO] [1500036943.865568]: Done 48%
[INFO] [1500036943.972511]: Done 50%
[INFO] [1500036944.075739]: Done 51%
[INFO] [1500036944.177389]: Done 53%
[INFO] [1500036944.278695]: Done 54%
[INFO] [1500036944.379722]: Done 56%
[INFO] [1500036944.486303]: Done 57%
[INFO] [1500036944.587205]: Done 59%
[INFO] [1500036944.688029]: Done 60%
[INFO] [1500036944.789037]: Done 62%
[INFO] [1500036944.890609]: Done 63%
[INFO] [1500036944.991503]: Done 65%
[INFO] [1500036945.092571]: Done 66%
[INFO] [1500036945.202987]: Done 68%
[INFO] [1500036945.304089]: Done 69%
[INFO] [1500036945.404993]: Done 71%
[INFO] [1500036945.506556]: Done 72%
[INFO] [1500036945.607773]: Done 74%
[INFO] [1500036945.708947]: Done 75%
[INFO] [1500036945.815935]: Done 77%
[INFO] [1500036945.917172]: Done 78%
[INFO] [1500036946.018199]: Done 80%
[INFO] [1500036946.124846]: Done 81%
[INFO] [1500036946.232891]: Done 83%
[INFO] [1500036946.334037]: Done 84%
[INFO] [1500036946.436211]: Done 86%
[INFO] [1500036946.537368]: Done 87%
[INFO] [1500036946.638469]: Done 89%
[INFO] [1500036946.739410]: Done 90%
[INFO] [1500036946.840690]: Done 92%
[INFO] [1500036946.942000]: Done 93%
[INFO] [1500036947.047637]: Done 95%
[INFO] [1500036947.151427]: Done 96%
[INFO] [1500036947.252575]: /move_sandbox_items: Succeeded
[INFO] [1500036973.328677]: /move_sandbox_items: Received a request to move ball to 0.01, -0.17. Let's do that
[INFO] [1500036973.329402]: Moving ball to 0.12,-0.03
[INFO] [1500036973.329700]: Requesting a plan...
[INFO] [1500036973.369804]: Received trajectory! As requested, waiting -0.002097169s before starting...
[INFO] [1500036973.376733]: Waiting a bit more (0.0s) to give the robot time to prepare...
[INFO] [1500036973.377228]: Starting to play trajectory!
[INFO] [1500036973.383929]: Done 0%
[INFO] [1500036973.485489]: Done 4%
[INFO] [1500036973.587962]: Done 8%
[INFO] [1500036973.688982]: Done 13%
[INFO] [1500036973.793345]: Done 17%
[INFO] [1500036973.894445]: Done 21%
[INFO] [1500036973.999235]: Done 26%
[INFO] [1500036974.107229]: Done 30%
[INFO] [1500036974.218268]: Done 34%
[INFO] [1500036974.319248]: Done 39%
[INFO] [1500036974.420252]: Done 43%
[INFO] [1500036974.521283]: Done 47%
[INFO] [1500036974.622316]: Done 52%
[INFO] [1500036974.727635]: Done 56%
[INFO] [1500036974.828928]: Done 60%
[INFO] [1500036974.930014]: Done 65%
[INFO] [1500036975.034508]: Done 69%
[INFO] [1500036975.135847]: Done 73%
[INFO] [1500036975.239197]: Done 78%
[INFO] [1500036975.340644]: Done 82%
[INFO] [1500036975.441548]: Done 86%
[INFO] [1500036975.549321]: Done 91%
[INFO] [1500036975.650245]: /move_sandbox_items: Succeeded
[INFO] [1500037047.372507]: /move_sandbox_items: Received a request to move ball to 0.49, -0.06. Let's do that
[INFO] [1500037047.373583]: Moving ball to -0.28,0.40
[INFO] [1500037047.374126]: Requesting a plan...
[INFO] [1500037047.624779]: Received trajectory! As requested, waiting -0.057176273s before starting...
[INFO] [1500037047.625236]: Waiting a bit more (0.0s) to give the robot time to prepare...
[INFO] [1500037047.625560]: Starting to play trajectory!
[INFO] [1500037047.626051]: Done 0%
[INFO] [1500037047.726990]: Done 1%
[INFO] [1500037047.828126]: Done 2%
[INFO] [1500037047.929184]: Done 3%
[INFO] [1500037048.030285]: Done 4%
[INFO] [1500037048.131540]: Done 5%
[INFO] [1500037048.232815]: Done 6%
[INFO] [1500037048.333962]: Done 7%
[INFO] [1500037048.435075]: Done 8%
[INFO] [1500037048.536115]: Done 9%
[INFO] [1500037048.637329]: Done 10%
[INFO] [1500037048.738527]: Done 11%
[INFO] [1500037048.839961]: Done 12%
[INFO] [1500037048.944310]: Done 13%
[INFO] [1500037049.045773]: Done 14%
[INFO] [1500037049.248229]: Done 15%
[INFO] [1500037049.349353]: Done 16%
[INFO] [1500037049.452836]: Done 17%
[INFO] [1500037049.554659]: Done 18%
[INFO] [1500037049.655759]: Done 19%
[INFO] [1500037049.756762]: Done 20%
[INFO] [1500037049.858268]: Done 21%
[INFO] [1500037049.959406]: Done 22%
[INFO] [1500037050.060431]: Done 23%
[INFO] [1500037050.161771]: Done 24%
[INFO] [1500037050.262725]: Done 25%
[INFO] [1500037050.363816]: Done 26%
[INFO] [1500037050.464882]: Done 27%
[INFO] [1500037050.566128]: Done 28%
[INFO] [1500037050.667102]: Done 29%
[INFO] [1500037050.768237]: Done 30%
[INFO] [1500037050.869257]: Done 31%
[INFO] [1500037050.970222]: Done 32%
[INFO] [1500037051.074326]: Done 34%
[INFO] [1500037051.175457]: Done 35%
[INFO] [1500037051.276670]: Done 36%
[INFO] [1500037051.377706]: Done 37%
[INFO] [1500037051.479043]: Done 38%
[INFO] [1500037051.580498]: Done 39%
[INFO] [1500037051.681789]: Done 40%
[INFO] [1500037051.782842]: Done 41%
[INFO] [1500037051.883857]: Done 42%
[INFO] [1500037051.984883]: Done 43%
[INFO] [1500037052.085789]: Done 44%
[INFO] [1500037052.186622]: Done 45%
[INFO] [1500037052.287622]: Done 46%
[INFO] [1500037052.388644]: Done 47%
[INFO] [1500037052.489532]: Done 48%
[INFO] [1500037052.590437]: Done 49%
[INFO] [1500037052.691484]: Done 50%
[INFO] [1500037052.792298]: Done 51%
[INFO] [1500037052.893166]: Done 52%
[INFO] [1500037052.994698]: Done 53%
[INFO] [1500037053.095701]: Done 54%
[INFO] [1500037053.196602]: Done 55%
[INFO] [1500037053.297677]: Done 56%
[INFO] [1500037053.398472]: Done 57%
[INFO] [1500037053.499412]: Done 58%
[INFO] [1500037053.600312]: Done 59%
[INFO] [1500037053.701210]: Done 60%
[INFO] [1500037053.802198]: Done 61%
[INFO] [1500037053.903418]: Done 62%
[INFO] [1500037054.004707]: Done 63%
[INFO] [1500037054.105741]: Done 64%
[INFO] [1500037054.207144]: Done 65%
[INFO] [1500037054.308121]: Done 67%
[INFO] [1500037054.409031]: Done 68%
[INFO] [1500037054.510087]: Done 69%
[INFO] [1500037054.611094]: Done 70%
[INFO] [1500037054.712149]: Done 71%
[INFO] [1500037054.813209]: Done 72%
[INFO] [1500037054.914350]: Done 73%
[INFO] [1500037055.015711]: Done 74%
[INFO] [1500037055.117205]: Done 75%
[INFO] [1500037055.218485]: Done 76%
[INFO] [1500037055.319462]: Done 77%
[INFO] [1500037055.420552]: Done 78%
[INFO] [1500037055.521717]: Done 79%
[INFO] [1500037055.623574]: Done 80%
[INFO] [1500037055.724740]: Done 81%
[INFO] [1500037055.825913]: Done 82%
[INFO] [1500037055.926883]: Done 83%
[INFO] [1500037056.027808]: Done 84%
[INFO] [1500037056.129667]: Done 85%
[INFO] [1500037056.230706]: Done 86%
[INFO] [1500037056.331610]: Done 87%
[INFO] [1500037056.432489]: Done 88%
[INFO] [1500037056.533473]: Done 89%
[INFO] [1500037056.634515]: Done 90%
[INFO] [1500037056.735330]: Done 91%
[INFO] [1500037056.836259]: Done 92%
[INFO] [1500037056.937561]: Done 93%
[INFO] [1500037057.038776]: Done 94%
[INFO] [1500037057.139991]: Done 95%
[INFO] [1500037057.241301]: Done 96%
[INFO] [1500037057.342728]: Done 97%
[INFO] [1500037057.444049]: /move_sandbox_items: Succeeded
[INFO] [1500037225.418396]: /move_sandbox_items: Received a request to move zebra to 0.46, -0.07. Let's do that
[INFO] [1500037225.419196]: Moving zebra to -0.00,-0.05
[INFO] [1500037225.419582]: Requesting a plan...
[INFO] [1500037225.578948]: Received trajectory! As requested, waiting -0.011096778s before starting...
[INFO] [1500037225.579335]: Waiting a bit more (0.0s) to give the robot time to prepare...
[INFO] [1500037225.579600]: Starting to play trajectory!
[INFO] [1500037225.580125]: Done 0%
[INFO] [1500037225.681771]: Done 10%
[INFO] [1500037225.786297]: Done 20%
[INFO] [1500037225.887660]: Done 30%
[INFO] [1500037225.988642]: Done 40%
[INFO] [1500037226.090546]: Done 50%
[INFO] [1500037226.191725]: Done 60%
[INFO] [1500037226.292664]: Done 70%
[INFO] [1500037226.396610]: Done 80%
[INFO] [1500037226.502859]: /move_sandbox_items: Succeeded
[INFO] [1500037234.263440]: /move_sandbox_items: Received a request to move giraffe to 0.46, -0.06. Let's do that
[INFO] [1500037234.264168]: Moving giraffe to -0.04,0.03
[INFO] [1500037234.264477]: Requesting a plan...
[INFO] [1500037234.367856]: Received trajectory! As requested, waiting -0.000458223s before starting...
[INFO] [1500037234.368265]: Waiting a bit more (0.0s) to give the robot time to prepare...
[INFO] [1500037234.368692]: Starting to play trajectory!
[INFO] [1500037234.369245]: Done 0%
[INFO] [1500037234.470430]: Done 10%
[INFO] [1500037234.571608]: Done 20%
[INFO] [1500037234.675299]: Done 30%
[INFO] [1500037234.776412]: Done 40%
[INFO] [1500037234.877498]: Done 50%
[INFO] [1500037234.978580]: Done 60%
[INFO] [1500037235.079973]: Done 70%
[INFO] [1500037235.181489]: Done 80%
[INFO] [1500037235.283463]: /move_sandbox_items: Succeeded
[INFO] [1500037237.792750]: /move_sandbox_items: Received a request to move giraffe to 0.47, -0.05. Let's do that
[INFO] [1500037237.793528]: Moving giraffe to -0.00,-0.02
[INFO] [1500037237.793829]: Requesting a plan...
[INFO] [1500037237.968334]: Received trajectory! As requested, waiting -0.000442393s before starting...
[INFO] [1500037237.968774]: Waiting a bit more (0.0s) to give the robot time to prepare...
[INFO] [1500037237.969087]: Starting to play trajectory!
[INFO] [1500037237.969781]: Done 0%
[INFO] [1500037238.070827]: Done 20%
[INFO] [1500037238.172208]: Done 40%
[INFO] [1500037238.276807]: Done 60%
[INFO] [1500037238.378213]: /move_sandbox_items: Succeeded
[INFO] [1500037240.191152]: /move_sandbox_items: Received a request to move giraffe to 0.47, -0.05. Let's do that
[INFO] [1500037240.192618]: Moving giraffe to 0.03,-0.07
[INFO] [1500037240.193101]: Requesting a plan...
[INFO] [1500037240.409814]: Received trajectory! As requested, waiting -0.041972085s before starting...
[INFO] [1500037240.410197]: Waiting a bit more (0.0s) to give the robot time to prepare...
[INFO] [1500037240.410481]: Starting to play trajectory!
[INFO] [1500037240.410973]: Done 0%
[INFO] [1500037240.513164]: Done 6%
[INFO] [1500037240.614226]: Done 12%
[INFO] [1500037240.715296]: Done 18%
[INFO] [1500037240.816192]: Done 25%
[INFO] [1500037240.917042]: Done 31%
[INFO] [1500037241.018712]: Done 37%
[INFO] [1500037241.119584]: Done 43%
[INFO] [1500037241.220649]: Done 50%
[INFO] [1500037241.321752]: Done 56%
[INFO] [1500037241.422669]: Done 62%
[INFO] [1500037241.523667]: Done 68%
[INFO] [1500037241.629347]: Done 75%
[INFO] [1500037241.730454]: Done 81%
[INFO] [1500037241.831349]: Done 87%
[INFO] [1500037241.932663]: /move_sandbox_items: Succeeded
[INFO] [1500037319.916508]: /move_sandbox_items: Received a request to move giraffe to 0.17, -0.19. Let's do that
[INFO] [1500037319.917485]: Moving giraffe to -0.12,0.04
[INFO] [1500037319.917993]: Requesting a plan...
[INFO] [1500037319.968838]: Received trajectory! As requested, waiting -0.000943248s before starting...
[INFO] [1500037319.969292]: Waiting a bit more (0.0s) to give the robot time to prepare...
[INFO] [1500037319.969609]: Starting to play trajectory!
[INFO] [1500037319.970250]: Done 0%
[INFO] [1500037320.071188]: Done 4%
[INFO] [1500037320.173640]: Done 8%
[INFO] [1500037320.274633]: Done 12%
[INFO] [1500037320.375552]: Done 16%
[INFO] [1500037320.476528]: Done 20%
[INFO] [1500037320.578232]: Done 24%
[INFO] [1500037320.679187]: Done 28%
[INFO] [1500037320.801605]: Done 32%
[INFO] [1500037320.902804]: Done 36%
[INFO] [1500037321.005309]: Done 40%
[INFO] [1500037321.106584]: Done 44%
[INFO] [1500037321.207670]: Done 48%
[INFO] [1500037321.308599]: Done 52%
[INFO] [1500037321.410042]: Done 56%
[INFO] [1500037321.511055]: Done 60%
[INFO] [1500037321.615494]: Done 64%
[INFO] [1500037321.716470]: Done 68%
[INFO] [1500037321.817604]: Done 72%
[INFO] [1500037321.918736]: Done 76%
[INFO] [1500037322.019796]: Done 80%
[INFO] [1500037322.122565]: Done 84%
[INFO] [1500037322.228042]: Done 88%
[INFO] [1500037322.329026]: Done 92%
[INFO] [1500037322.430046]: /move_sandbox_items: Succeeded
[INFO] [1500037323.901306]: /move_sandbox_items: Received a request to move zebra to 0.34, -0.15. Let's do that
[INFO] [1500037323.902883]: Moving zebra to -0.02,0.22
[INFO] [1500037323.903462]: Requesting a plan...
[INFO] [1500037323.969280]: Received trajectory! As requested, waiting -0.001268166s before starting...
[INFO] [1500037323.969790]: Waiting a bit more (0.0s) to give the robot time to prepare...
[INFO] [1500037323.970213]: Starting to play trajectory!
[INFO] [1500037323.970717]: Done 0%
[INFO] [1500037324.072319]: Done 2%
[INFO] [1500037324.178025]: Done 5%
[INFO] [1500037324.279475]: Done 8%
[INFO] [1500037324.381132]: Done 10%
[INFO] [1500037324.482851]: Done 13%
[INFO] [1500037324.584101]: Done 16%
[INFO] [1500037324.686779]: Done 18%
[INFO] [1500037324.788328]: Done 21%
[INFO] [1500037324.889628]: Done 24%
[INFO] [1500037324.990975]: Done 27%
[INFO] [1500037325.092185]: Done 29%
[INFO] [1500037325.193590]: Done 32%
[INFO] [1500037325.294638]: Done 35%
[INFO] [1500037325.395543]: Done 37%
[INFO] [1500037325.496460]: Done 40%
[INFO] [1500037325.597406]: Done 43%
[INFO] [1500037325.698403]: Done 45%
[INFO] [1500037325.799405]: Done 48%
[INFO] [1500037325.900967]: Done 51%
[INFO] [1500037326.002002]: Done 54%
[INFO] [1500037326.103477]: Done 56%
[INFO] [1500037326.204702]: Done 59%
[INFO] [1500037326.306894]: Done 62%
[INFO] [1500037326.407892]: Done 64%
[INFO] [1500037326.508904]: Done 67%
[INFO] [1500037326.611365]: Done 70%
[INFO] [1500037326.712437]: Done 72%
[INFO] [1500037326.813355]: Done 75%
[INFO] [1500037326.914294]: Done 78%
[INFO] [1500037327.016044]: Done 81%
[INFO] [1500037327.117225]: Done 83%
[INFO] [1500037327.218751]: Done 86%
[INFO] [1500037327.320281]: Done 89%
[INFO] [1500037327.424300]: Done 91%
[INFO] [1500037327.525369]: Done 94%
[INFO] [1500037327.628012]: /move_sandbox_items: Succeeded
[INFO] [1500037329.939623]: /move_sandbox_items: Received a request to move giraffe to 0.18, -0.14. Let's do that
[INFO] [1500037329.940287]: Moving giraffe to -0.02,0.08
[INFO] [1500037329.940546]: Requesting a plan...
[INFO] [1500037329.968403]: Received trajectory! As requested, waiting -0.000588673s before starting...
[INFO] [1500037329.968866]: Waiting a bit more (0.0s) to give the robot time to prepare...
[INFO] [1500037329.969197]: Starting to play trajectory!
[INFO] [1500037329.970012]: Done 0%
[INFO] [1500037330.071132]: Done 8%
[INFO] [1500037330.172056]: Done 16%
[INFO] [1500037330.273343]: Done 25%
[INFO] [1500037330.374804]: Done 33%
[INFO] [1500037330.475999]: Done 41%
[INFO] [1500037330.577023]: Done 50%
[INFO] [1500037330.677953]: Done 58%
[INFO] [1500037330.778784]: Done 66%
[INFO] [1500037330.879782]: Done 75%
[INFO] [1500037330.980614]: Done 83%
[INFO] [1500037331.081525]: /move_sandbox_items: Succeeded
[INFO] [1500037340.637959]: /move_sandbox_items: Received a request to move zebra to 0.37, -0.12. Let's do that
[INFO] [1500037340.638879]: Moving zebra to 0.01,-0.04
[INFO] [1500037340.639356]: Requesting a plan...
[INFO] [1500037340.768510]: Received trajectory! As requested, waiting -0.000744202s before starting...
[INFO] [1500037340.768998]: Waiting a bit more (0.0s) to give the robot time to prepare...
[INFO] [1500037340.769325]: Starting to play trajectory!
[INFO] [1500037340.769848]: Done 0%
[INFO] [1500037340.874873]: Done 14%
[INFO] [1500037340.976048]: Done 28%
[INFO] [1500037341.079083]: Done 42%
[INFO] [1500037341.180600]: Done 57%
[INFO] [1500037341.281954]: Done 71%
[INFO] [1500037341.383144]: /move_sandbox_items: Succeeded
[INFO] [1500037345.115780]: /move_sandbox_items: Received a request to move giraffe to 0.19, -0.14. Let's do that
[INFO] [1500037345.116581]: Moving giraffe to 0.02,0.03
[INFO] [1500037345.116877]: Requesting a plan...
[INFO] [1500037345.168605]: Received trajectory! As requested, waiting -0.000617872s before starting...
[INFO] [1500037345.169163]: Waiting a bit more (0.0s) to give the robot time to prepare...
[INFO] [1500037345.169858]: Starting to play trajectory!
[INFO] [1500037345.170491]: Done 0%
[INFO] [1500037345.272181]: Done 12%
[INFO] [1500037345.377287]: Done 25%
[INFO] [1500037345.478507]: Done 37%
[INFO] [1500037345.579916]: Done 50%
[INFO] [1500037345.680872]: Done 62%
[INFO] [1500037345.783555]: Done 75%
[INFO] [1500037345.884583]: /move_sandbox_items: Succeeded
[INFO] [1500037379.588640]: /move_sandbox_items: Received a request to move zebra to 0.39, -0.12. Let's do that
[INFO] [1500037379.589357]: Moving zebra to 0.02,-0.01
[INFO] [1500037379.589642]: Requesting a plan...
[INFO] [1500037379.768189]: Received trajectory! As requested, waiting -0.000300929s before starting...
[INFO] [1500037379.768702]: Waiting a bit more (0.0s) to give the robot time to prepare...
[INFO] [1500037379.769034]: Starting to play trajectory!
[INFO] [1500037379.769473]: Done 0%
[INFO] [1500037379.870302]: Done 20%
[INFO] [1500037379.971286]: Done 40%
[INFO] [1500037380.080040]: Done 60%
[INFO] [1500037380.181778]: /move_sandbox_items: Succeeded
[INFO] [1500037382.118642]: /move_sandbox_items: Received a request to move zebra to 0.20, -0.11. Let's do that
[INFO] [1500037382.119320]: Moving zebra to -0.18,0.04
[INFO] [1500037382.119778]: Requesting a plan...
[INFO] [1500037382.169158]: Received trajectory! As requested, waiting -0.00118904s before starting...
[INFO] [1500037382.169808]: Waiting a bit more (0.0s) to give the robot time to prepare...
[INFO] [1500037382.170491]: Starting to play trajectory!
[INFO] [1500037382.171542]: Done 0%
[INFO] [1500037382.272802]: Done 2%
[INFO] [1500037382.379718]: Done 5%
[INFO] [1500037382.489757]: Done 7%
[INFO] [1500037382.591223]: Done 10%
[INFO] [1500037382.692353]: Done 13%
[INFO] [1500037382.793408]: Done 15%
[INFO] [1500037382.894482]: Done 18%
[INFO] [1500037382.995528]: Done 21%
[INFO] [1500037383.102275]: Done 23%
[INFO] [1500037383.203765]: Done 26%
[INFO] [1500037383.305544]: Done 28%
[INFO] [1500037383.406550]: Done 31%
[INFO] [1500037383.507447]: Done 34%
[INFO] [1500037383.609182]: Done 36%
[INFO] [1500037383.710191]: Done 39%
[INFO] [1500037383.811533]: Done 42%
[INFO] [1500037383.912728]: Done 44%
[INFO] [1500037384.013592]: Done 47%
[INFO] [1500037384.114400]: Done 50%
[INFO] [1500037384.397531]: Done 52%
[INFO] [1500037384.500462]: Done 55%
[INFO] [1500037384.601747]: Done 57%
[INFO] [1500037384.702855]: Done 60%
[INFO] [1500037384.807925]: Done 63%
[INFO] [1500037384.909598]: Done 65%
[INFO] [1500037385.011170]: Done 68%
[INFO] [1500037385.112380]: Done 71%
[INFO] [1500037385.213521]: Done 73%
[INFO] [1500037385.314482]: Done 76%
[INFO] [1500037385.415553]: Done 78%
[INFO] [1500037385.516878]: Done 81%
[INFO] [1500037385.617827]: Done 84%
[INFO] [1500037385.718714]: Done 86%
[INFO] [1500037385.819658]: Done 89%
[INFO] [1500037385.920498]: Done 92%
[INFO] [1500037386.023117]: Done 94%
[INFO] [1500037386.124844]: /move_sandbox_items: Succeeded
[INFO] [1500037463.213745]: /move_sandbox_items: Received a request to move giraffe to 0.20, -0.12. Let's do that
[INFO] [1500037463.214479]: Moving giraffe to 0.02,0.03
[INFO] [1500037463.214761]: Requesting a plan...
[INFO] [1500037463.399473]: Received trajectory! As requested, waiting -0.031506313s before starting...
[INFO] [1500037463.400010]: Waiting a bit more (0.0s) to give the robot time to prepare...
[INFO] [1500037463.400423]: Starting to play trajectory!
[INFO] [1500037463.400952]: Done 0%
[INFO] [1500037463.501885]: Done 14%
[INFO] [1500037463.603406]: Done 28%
[INFO] [1500037463.704609]: Done 42%
[INFO] [1500037463.805599]: Done 57%
[INFO] [1500037463.906437]: Done 71%
[INFO] [1500037464.007701]: /move_sandbox_items: Succeeded
