[rospy.client][INFO] 2017-07-14 13:48:18,598: init_node, name[/nao_behaviours], pid[4445]
[xmlrpc][INFO] 2017-07-14 13:48:18,598: XML-RPC server binding to 0.0.0.0:0
[xmlrpc][INFO] 2017-07-14 13:48:18,599: Started XML-RPC server [http://sandtray-hrilab:40542/]
[rospy.init][INFO] 2017-07-14 13:48:18,599: ROS Slave URI: [http://sandtray-hrilab:40542/]
[rospy.impl.masterslave][INFO] 2017-07-14 13:48:18,599: _ready: http://sandtray-hrilab:40542/
[rospy.registration][INFO] 2017-07-14 13:48:18,600: Registering with master node http://localhost:11311
[xmlrpc][INFO] 2017-07-14 13:48:18,600: xml rpc node: starting XML-RPC server
[rospy.init][INFO] 2017-07-14 13:48:18,699: registered with master
[rospy.rosout][INFO] 2017-07-14 13:48:18,699: initializing /rosout core topic
[rospy.rosout][INFO] 2017-07-14 13:48:18,703: connected to core topic /rosout
[rospy.simtime][INFO] 2017-07-14 13:48:18,706: /use_sim_time is not set, will not subscribe to simulated time [/clock] topic
[rospy.internal][INFO] 2017-07-14 13:48:19,285: topic[/rosout] adding connection to [/rosout], count 0
[rospy.internal][INFO] 2017-07-14 13:48:23,151: topic[/speech] adding connection to [/naoqi_driver_node], count 0
[rosout][WARNING] 2017-07-14 13:48:40,665: Waiting for frame /odom to be published...
[rospy.internal][INFO] 2017-07-14 13:48:40,693: topic[/tf] adding connection to [http://sandtray-hrilab:43053/], count 0
[rospy.internal][INFO] 2017-07-14 13:48:40,693: topic[/tf] adding connection to [http://sandtray-hrilab:33584/], count 0
[rospy.internal][INFO] 2017-07-14 13:48:40,694: topic[/tf] adding connection to [http://sandtray-hrilab:36533/], count 0
[rospy.internal][INFO] 2017-07-14 13:48:40,695: topic[/tf] adding connection to [http://sandtray-hrilab:46246/], count 2
[rospy.internal][INFO] 2017-07-14 13:48:40,698: topic[/tf] adding connection to [http://sandtray-hrilab:38343/], count 4
[rospy.internal][INFO] 2017-07-14 13:48:40,701: topic[/tf] adding connection to [http://sandtray-hrilab:42161/], count 5
[rospy.internal][INFO] 2017-07-14 13:48:40,702: topic[/tf] adding connection to [http://sandtray-hrilab:39934/], count 6
[rospy.internal][INFO] 2017-07-14 13:48:40,704: topic[/tf] adding connection to [http://192.168.2.103:37623/], count 7
[rosout][INFO] 2017-07-14 13:48:41,166: Ok! Starting robot behaviours.
[rospy.internal][INFO] 2017-07-14 13:48:41,171: topic[/poses] adding connection to [http://sandtray-hrilab:38474/], count 0
[rospy.core][INFO] 2017-07-14 14:05:41,812: signal_shutdown [signal-2]
[rospy.internal][INFO] 2017-07-14 14:05:41,828: topic[/speech] removing connection to /naoqi_driver_node
[rospy.internal][INFO] 2017-07-14 14:05:41,829: topic[/rosout] removing connection to /rosout
[rospy.internal][INFO] 2017-07-14 14:05:41,829: topic[/poses] removing connection to http://sandtray-hrilab:38474/
[rospy.internal][INFO] 2017-07-14 14:05:41,829: topic[/tf] removing connection to http://sandtray-hrilab:43053/
[rospy.internal][INFO] 2017-07-14 14:05:41,830: topic[/tf] removing connection to http://sandtray-hrilab:33584/
[rospy.internal][INFO] 2017-07-14 14:05:41,830: topic[/tf] removing connection to http://sandtray-hrilab:36533/
[rospy.internal][INFO] 2017-07-14 14:05:41,830: topic[/tf] removing connection to http://sandtray-hrilab:46246/
[rospy.internal][INFO] 2017-07-14 14:05:41,832: topic[/tf] removing connection to http://sandtray-hrilab:38343/
[rospy.internal][INFO] 2017-07-14 14:05:41,833: topic[/tf] removing connection to http://sandtray-hrilab:42161/
[rospy.internal][WARNING] 2017-07-14 14:05:41,833: Unknown error initiating TCP/IP socket to sandtray-hrilab:43151 (http://sandtray-hrilab:42161/): Traceback (most recent call last):
  File "/opt/ros/kinetic/lib/python2.7/dist-packages/rospy/impl/tcpros_base.py", line 558, in connect
    self.local_endpoint = self.socket.getsockname()
AttributeError: 'NoneType' object has no attribute 'getsockname'

[rospy.internal][INFO] 2017-07-14 14:05:41,834: topic[/tf] removing connection to http://sandtray-hrilab:39934/
[rospy.internal][INFO] 2017-07-14 14:05:41,834: topic[/tf] removing connection to http://192.168.2.103:37623/
[rospy.impl.masterslave][INFO] 2017-07-14 14:05:41,834: signal-2
[rospy.core][INFO] 2017-07-14 14:05:42,447: signal_shutdown [signal-15]
[rospy.core][INFO] 2017-07-14 14:05:46,380: signal_shutdown [atexit]
