[rospy.client][INFO] 2017-06-07 10:45:54,948: init_node, name[/sandbox_zones_from_image], pid[17820]
[xmlrpc][INFO] 2017-06-07 10:45:54,948: XML-RPC server binding to 0.0.0.0:0
[xmlrpc][INFO] 2017-06-07 10:45:54,949: Started XML-RPC server [http://sandtray-hrilab:42411/]
[rospy.init][INFO] 2017-06-07 10:45:54,949: ROS Slave URI: [http://sandtray-hrilab:42411/]
[rospy.impl.masterslave][INFO] 2017-06-07 10:45:54,949: _ready: http://sandtray-hrilab:42411/
[rospy.registration][INFO] 2017-06-07 10:45:54,950: Registering with master node http://localhost:11311
[xmlrpc][INFO] 2017-06-07 10:45:54,950: xml rpc node: starting XML-RPC server
[rospy.init][INFO] 2017-06-07 10:45:55,049: registered with master
[rospy.rosout][INFO] 2017-06-07 10:45:55,049: initializing /rosout core topic
[rospy.rosout][INFO] 2017-06-07 10:45:55,051: connected to core topic /rosout
[rospy.simtime][INFO] 2017-06-07 10:45:55,052: /use_sim_time is not set, will not subscribe to simulated time [/clock] topic
[rosout][INFO] 2017-06-07 10:45:55,059: Waiting for images of the playground
[rospy.internal][INFO] 2017-06-07 10:45:55,294: topic[/rosout] adding connection to [/rosout], count 0
[rospy.internal][INFO] 2017-06-07 10:45:58,629: topic[/sandtray/background/camera_info] adding connection to [http://sandtray-hrilab:45335/], count 0
[rospy.internal][INFO] 2017-06-07 10:45:58,630: topic[/sandtray/background/image] adding connection to [http://sandtray-hrilab:45335/], count 0
[rospy.core][INFO] 2017-06-07 10:46:00,217: signal_shutdown [signal-2]
[rospy.internal][INFO] 2017-06-07 10:46:00,221: topic[/rosout] removing connection to /rosout
[rospy.internal][INFO] 2017-06-07 10:46:00,221: topic[/sandtray/background/image] removing connection to http://sandtray-hrilab:45335/
[rospy.internal][INFO] 2017-06-07 10:46:00,221: topic[/sandtray/background/camera_info] removing connection to http://sandtray-hrilab:45335/
[rospy.impl.masterslave][INFO] 2017-06-07 10:46:00,222: signal-2
[rospy.core][INFO] 2017-06-07 10:46:00,354: signal_shutdown [atexit]
