[rospy.client][INFO] 2017-06-12 14:37:47,665: init_node, name[/sandbox_zones_from_image], pid[19086]
[xmlrpc][INFO] 2017-06-12 14:37:47,666: XML-RPC server binding to 0.0.0.0:0
[xmlrpc][INFO] 2017-06-12 14:37:47,666: Started XML-RPC server [http://sandtray-hrilab:42394/]
[rospy.init][INFO] 2017-06-12 14:37:47,666: ROS Slave URI: [http://sandtray-hrilab:42394/]
[rospy.impl.masterslave][INFO] 2017-06-12 14:37:47,666: _ready: http://sandtray-hrilab:42394/
[rospy.registration][INFO] 2017-06-12 14:37:47,667: Registering with master node http://localhost:11311
[xmlrpc][INFO] 2017-06-12 14:37:47,667: xml rpc node: starting XML-RPC server
[rospy.init][INFO] 2017-06-12 14:37:47,766: registered with master
[rospy.rosout][INFO] 2017-06-12 14:37:47,767: initializing /rosout core topic
[rospy.rosout][INFO] 2017-06-12 14:37:47,769: connected to core topic /rosout
[rospy.simtime][INFO] 2017-06-12 14:37:47,770: /use_sim_time is not set, will not subscribe to simulated time [/clock] topic
[rosout][INFO] 2017-06-12 14:37:47,777: Waiting for images of the playground
[rospy.internal][INFO] 2017-06-12 14:37:47,782: topic[/sandtray/background/camera_info] adding connection to [http://sandtray-hrilab:34760/], count 0
[rospy.internal][INFO] 2017-06-12 14:37:47,782: topic[/sandtray/background/image] adding connection to [http://sandtray-hrilab:34760/], count 0
[rosout][INFO] 2017-06-12 14:37:47,795: Received the playground image. Detecting zones...
[rosout][INFO] 2017-06-12 14:37:47,812: Publishing the detected zones on /zones
[rospy.internal][INFO] 2017-06-12 14:37:47,992: topic[/rosout] adding connection to [/rosout], count 0
[rosout][INFO] 2017-06-12 14:39:40,156: Received the playground image. Detecting zones...
[rosout][INFO] 2017-06-12 14:39:40,168: Publishing the detected zones on /zones
[rosout][INFO] 2017-06-12 14:40:10,127: Received the playground image. Detecting zones...
[rosout][INFO] 2017-06-12 14:40:10,138: Publishing the detected zones on /zones
[rosout][INFO] 2017-06-12 14:40:15,644: Received the playground image. Detecting zones...
[rosout][INFO] 2017-06-12 14:40:15,662: Publishing the detected zones on /zones
[rosout][INFO] 2017-06-12 14:40:16,892: Received the playground image. Detecting zones...
[rosout][INFO] 2017-06-12 14:40:16,909: Publishing the detected zones on /zones
[rosout][INFO] 2017-06-12 14:40:18,387: Received the playground image. Detecting zones...
[rosout][INFO] 2017-06-12 14:40:18,398: Publishing the detected zones on /zones
[rosout][INFO] 2017-06-12 14:40:19,140: Received the playground image. Detecting zones...
[rosout][INFO] 2017-06-12 14:40:19,152: Publishing the detected zones on /zones
[rosout][INFO] 2017-06-12 14:40:20,653: Received the playground image. Detecting zones...
[rosout][INFO] 2017-06-12 14:40:20,666: Publishing the detected zones on /zones
[rosout][INFO] 2017-06-12 14:40:28,667: Received the playground image. Detecting zones...
[rosout][INFO] 2017-06-12 14:40:28,681: Publishing the detected zones on /zones
[rosout][INFO] 2017-06-12 14:40:29,392: Received the playground image. Detecting zones...
[rosout][INFO] 2017-06-12 14:40:29,404: Publishing the detected zones on /zones
[rosout][INFO] 2017-06-12 14:40:33,406: Received the playground image. Detecting zones...
[rosout][INFO] 2017-06-12 14:40:33,419: Publishing the detected zones on /zones
[rosout][INFO] 2017-06-12 14:40:33,644: Received the playground image. Detecting zones...
[rosout][INFO] 2017-06-12 14:40:33,658: Publishing the detected zones on /zones
[rosout][INFO] 2017-06-12 14:40:35,646: Received the playground image. Detecting zones...
[rosout][INFO] 2017-06-12 14:40:35,664: Publishing the detected zones on /zones
[rosout][INFO] 2017-06-12 14:40:38,684: Received the playground image. Detecting zones...
[rosout][INFO] 2017-06-12 14:40:38,697: Publishing the detected zones on /zones
[rosout][INFO] 2017-06-12 14:40:39,177: Received the playground image. Detecting zones...
[rosout][INFO] 2017-06-12 14:40:39,190: Publishing the detected zones on /zones
[rosout][INFO] 2017-06-12 14:40:40,161: Received the playground image. Detecting zones...
[rosout][INFO] 2017-06-12 14:40:40,174: Publishing the detected zones on /zones
[rosout][INFO] 2017-06-12 14:40:41,150: Received the playground image. Detecting zones...
[rosout][INFO] 2017-06-12 14:40:41,163: Publishing the detected zones on /zones
[rosout][INFO] 2017-06-12 14:40:41,645: Received the playground image. Detecting zones...
[rosout][INFO] 2017-06-12 14:40:41,663: Publishing the detected zones on /zones
[rosout][INFO] 2017-06-12 14:40:43,143: Received the playground image. Detecting zones...
[rosout][INFO] 2017-06-12 14:40:43,155: Publishing the detected zones on /zones
[rosout][INFO] 2017-06-12 14:40:49,160: Received the playground image. Detecting zones...
[rosout][INFO] 2017-06-12 14:40:49,171: Publishing the detected zones on /zones
[rosout][INFO] 2017-06-12 14:40:50,170: Received the playground image. Detecting zones...
[rosout][INFO] 2017-06-12 14:40:50,181: Publishing the detected zones on /zones
[rosout][INFO] 2017-06-12 14:40:50,383: Received the playground image. Detecting zones...
[rosout][INFO] 2017-06-12 14:40:50,393: Publishing the detected zones on /zones
[rosout][INFO] 2017-06-12 14:40:51,137: Received the playground image. Detecting zones...
[rosout][INFO] 2017-06-12 14:40:51,148: Publishing the detected zones on /zones
[rosout][INFO] 2017-06-12 14:40:51,641: Received the playground image. Detecting zones...
[rosout][INFO] 2017-06-12 14:40:51,660: Publishing the detected zones on /zones
[rosout][INFO] 2017-06-12 14:40:52,393: Received the playground image. Detecting zones...
[rosout][INFO] 2017-06-12 14:40:52,407: Publishing the detected zones on /zones
[rosout][INFO] 2017-06-12 14:40:57,401: Received the playground image. Detecting zones...
[rosout][INFO] 2017-06-12 14:40:57,415: Publishing the detected zones on /zones
[rosout][INFO] 2017-06-12 14:40:59,138: Received the playground image. Detecting zones...
[rosout][INFO] 2017-06-12 14:40:59,149: Publishing the detected zones on /zones
[rosout][INFO] 2017-06-12 14:41:00,653: Received the playground image. Detecting zones...
[rosout][INFO] 2017-06-12 14:41:00,671: Publishing the detected zones on /zones
[rosout][INFO] 2017-06-12 14:41:40,899: Received the playground image. Detecting zones...
[rosout][INFO] 2017-06-12 14:41:40,912: Publishing the detected zones on /zones
[rospy.internal][INFO] 2017-06-12 14:41:41,531: topic[/zones] adding connection to [/rosbag_record_freeplay_sandbox], count 0
[rosout][INFO] 2017-06-12 14:42:01,552: Received the playground image. Detecting zones...
[rosout][INFO] 2017-06-12 14:42:01,574: Publishing the detected zones on /zones
[rosout][INFO] 2017-06-12 14:42:33,038: Received the playground image. Detecting zones...
[rosout][INFO] 2017-06-12 14:42:33,071: Publishing the detected zones on /zones
[rosout][INFO] 2017-06-12 14:42:37,791: Received the playground image. Detecting zones...
[rosout][INFO] 2017-06-12 14:42:37,814: Publishing the detected zones on /zones
[rosout][INFO] 2017-06-12 14:42:42,527: Received the playground image. Detecting zones...
[rosout][INFO] 2017-06-12 14:42:42,549: Publishing the detected zones on /zones
[rosout][INFO] 2017-06-12 14:42:44,041: Received the playground image. Detecting zones...
[rosout][INFO] 2017-06-12 14:42:44,062: Publishing the detected zones on /zones
[rosout][INFO] 2017-06-12 14:42:46,022: Received the playground image. Detecting zones...
[rosout][INFO] 2017-06-12 14:42:46,050: Publishing the detected zones on /zones
[rosout][INFO] 2017-06-12 14:42:48,731: Received the playground image. Detecting zones...
[rosout][INFO] 2017-06-12 14:42:48,759: Publishing the detected zones on /zones
[rosout][INFO] 2017-06-12 14:42:51,278: Received the playground image. Detecting zones...
[rosout][INFO] 2017-06-12 14:42:51,302: Publishing the detected zones on /zones
[rosout][INFO] 2017-06-12 14:42:53,522: Received the playground image. Detecting zones...
[rosout][INFO] 2017-06-12 14:42:53,542: Publishing the detected zones on /zones
[rosout][INFO] 2017-06-12 14:42:57,529: Received the playground image. Detecting zones...
[rosout][INFO] 2017-06-12 14:42:57,547: Publishing the detected zones on /zones
[rosout][INFO] 2017-06-12 14:43:03,039: Received the playground image. Detecting zones...
[rosout][INFO] 2017-06-12 14:43:03,065: Publishing the detected zones on /zones
[rosout][INFO] 2017-06-12 14:43:06,276: Received the playground image. Detecting zones...
[rosout][INFO] 2017-06-12 14:43:06,321: Publishing the detected zones on /zones
[rosout][INFO] 2017-06-12 14:43:17,779: Received the playground image. Detecting zones...
[rosout][INFO] 2017-06-12 14:43:17,801: Publishing the detected zones on /zones
[rosout][INFO] 2017-06-12 14:43:19,020: Received the playground image. Detecting zones...
[rosout][INFO] 2017-06-12 14:43:19,039: Publishing the detected zones on /zones
[rosout][INFO] 2017-06-12 14:43:22,004: Received the playground image. Detecting zones...
[rosout][INFO] 2017-06-12 14:43:22,031: Publishing the detected zones on /zones
[rosout][INFO] 2017-06-12 14:43:22,747: Received the playground image. Detecting zones...
[rosout][INFO] 2017-06-12 14:43:22,772: Publishing the detected zones on /zones
[rosout][INFO] 2017-06-12 14:43:38,531: Received the playground image. Detecting zones...
[rosout][INFO] 2017-06-12 14:43:38,553: Publishing the detected zones on /zones
[rosout][INFO] 2017-06-12 14:43:40,769: Received the playground image. Detecting zones...
[rosout][INFO] 2017-06-12 14:43:40,796: Publishing the detected zones on /zones
[rosout][INFO] 2017-06-12 14:43:45,733: Received the playground image. Detecting zones...
[rosout][INFO] 2017-06-12 14:43:45,755: Publishing the detected zones on /zones
[rosout][INFO] 2017-06-12 14:43:46,766: Received the playground image. Detecting zones...
[rosout][INFO] 2017-06-12 14:43:46,783: Publishing the detected zones on /zones
[rosout][INFO] 2017-06-12 14:43:47,297: Received the playground image. Detecting zones...
[rosout][INFO] 2017-06-12 14:43:47,321: Publishing the detected zones on /zones
[rosout][INFO] 2017-06-12 14:44:04,290: Received the playground image. Detecting zones...
[rosout][INFO] 2017-06-12 14:44:04,307: Publishing the detected zones on /zones
[rosout][INFO] 2017-06-12 14:44:17,517: Received the playground image. Detecting zones...
[rosout][INFO] 2017-06-12 14:44:17,539: Publishing the detected zones on /zones
[rosout][INFO] 2017-06-12 14:44:19,027: Received the playground image. Detecting zones...
[rosout][INFO] 2017-06-12 14:44:19,044: Publishing the detected zones on /zones
[rosout][INFO] 2017-06-12 14:44:29,773: Received the playground image. Detecting zones...
[rosout][INFO] 2017-06-12 14:44:29,801: Publishing the detected zones on /zones
[rosout][INFO] 2017-06-12 14:44:30,050: Received the playground image. Detecting zones...
[rosout][INFO] 2017-06-12 14:44:30,073: Publishing the detected zones on /zones
[rosout][INFO] 2017-06-12 14:44:32,033: Received the playground image. Detecting zones...
[rosout][INFO] 2017-06-12 14:44:32,050: Publishing the detected zones on /zones
[rosout][INFO] 2017-06-12 14:44:44,290: Received the playground image. Detecting zones...
[rosout][INFO] 2017-06-12 14:44:44,308: Publishing the detected zones on /zones
[rosout][INFO] 2017-06-12 14:44:51,486: Received the playground image. Detecting zones...
[rosout][INFO] 2017-06-12 14:44:51,504: Publishing the detected zones on /zones
[rosout][INFO] 2017-06-12 14:44:53,272: Received the playground image. Detecting zones...
[rosout][INFO] 2017-06-12 14:44:53,289: Publishing the detected zones on /zones
[rosout][INFO] 2017-06-12 14:44:55,239: Received the playground image. Detecting zones...
[rosout][INFO] 2017-06-12 14:44:55,275: Publishing the detected zones on /zones
[rosout][INFO] 2017-06-12 14:44:57,766: Received the playground image. Detecting zones...
[rosout][INFO] 2017-06-12 14:44:57,787: Publishing the detected zones on /zones
[rosout][INFO] 2017-06-12 14:45:22,759: Received the playground image. Detecting zones...
[rosout][INFO] 2017-06-12 14:45:22,779: Publishing the detected zones on /zones
[rosout][INFO] 2017-06-12 14:45:29,268: Received the playground image. Detecting zones...
[rosout][INFO] 2017-06-12 14:45:29,287: Publishing the detected zones on /zones
[rospy.internal][INFO] 2017-06-12 14:45:38,459: topic[/zones] removing connection to /rosbag_record_freeplay_sandbox
[rospy.core][INFO] 2017-06-12 14:45:46,481: signal_shutdown [signal-15]
[rospy.internal][INFO] 2017-06-12 14:45:46,486: topic[/rosout] removing connection to /rosout
[rospy.internal][INFO] 2017-06-12 14:45:46,487: topic[/sandtray/background/image] removing connection to http://sandtray-hrilab:34760/
[rospy.internal][WARNING] 2017-06-12 14:45:46,487: Unknown error initiating TCP/IP socket to sandtray-hrilab:46129 (http://sandtray-hrilab:34760/): Traceback (most recent call last):
  File "/opt/ros/kinetic/lib/python2.7/dist-packages/rospy/impl/tcpros_base.py", line 557, in connect
    self.read_header()
  File "/opt/ros/kinetic/lib/python2.7/dist-packages/rospy/impl/tcpros_base.py", line 650, in read_header
    self._validate_header(read_ros_handshake_header(sock, self.read_buff, self.protocol.buff_size))
AttributeError: 'NoneType' object has no attribute 'buff_size'

[rospy.topics][ERROR] 2017-06-12 14:45:46,488: Traceback (most recent call last):
  File "/opt/ros/kinetic/lib/python2.7/dist-packages/rospy/topics.py", line 326, in close
    c.close()
  File "/opt/ros/kinetic/lib/python2.7/dist-packages/rospy/impl/tcpros_base.py", line 838, in close
    self.socket.close()
AttributeError: 'NoneType' object has no attribute 'close'

[rospy.internal][INFO] 2017-06-12 14:45:46,488: topic[/sandtray/background/camera_info] removing connection to http://sandtray-hrilab:34760/
[rospy.impl.masterslave][INFO] 2017-06-12 14:45:46,488: signal-15
[rospy.core][INFO] 2017-06-12 14:45:46,538: signal_shutdown [signal-2]
[rospy.core][INFO] 2017-06-12 14:45:46,539: signal_shutdown [atexit]
