[0m[ INFO] [1498557587.059052557]: playground_map_and_plan is ready. Waiting for footprints on /footprints + TF updates[0m
Got footprint for /zebra: (-0.0169137,0.00985825), (-0.00531572,0.016817), (0.00396263,0.00521907), (0.013241,-0.000579897), (0.0103415,-0.0156572), (-0.00531572,-0.0156572), (-0.0169137,0.00985825), 
Got footprint for /elephant: (-0.0220085,0.0130249), (0.00961165,0.0169569), (0.0233738,0.00221177), (0.0184587,-0.0158101), (-0.00365898,-0.0158101), (-0.0257767,-0.000573422), (-0.0220085,0.0130249), 
Got footprint for /ball: (0.0118125,0), (0.00826875,-0.00826875), (0,-0.0118125), (-0.00826875,-0.00826875), (-0.0118125,0), (-0.00826875,0.00826875), (0,0.0118125), (0.00826875,0.00826875), (0.0118125,0), 
Got footprint for /lion: (-0.00110714,0.0147321), (0.0106429,0.00885714), (0.0156429,-0.00539286), (0.00426786,-0.0181429), (-0.00760714,-0.0152679), (-0.0123571,0.00385714), (-0.00948214,0.0113571), (-0.00110714,0.0147321), 
Got footprint for /giraffe: (-0.00374656,0.0275573), (0.0135929,-0.0018578), (0.0117351,-0.0226032), (-0.00421101,-0.0221388), (-0.0173704,0.0190424), (-0.00374656,0.0275573), 
Got footprint for /caravan: (-0.0307125,0.0175219), (0.023625,0.00975938), (0.0435375,-0.00492187), (0.0342563,-0.0120094), (-0.0307125,-0.0120094), (-0.0399938,0.00165938), (-0.0307125,0.0175219), 
Got footprint for /crocodile: (-0.00304826,0.0129501), (0.00406434,0.017134), (0.0160581,0.0174129), (0.0171738,-0.012711), (-0.00765053,-0.0155003), (-0.0136474,-0.0115953), (-0.0129501,-0.00769038), (-0.00304826,0.0129501), 
Got footprint for /hippo: (-0.00336986,0.0166949), (0.0256469,0.00573647), (0.0231774,-0.014174), (-0.00336986,-0.014174), (-0.0181869,-0.00460461), (-0.0238977,0.0105212), (-0.00336986,0.0166949), 
Got footprint for /boy: (0.016875,0), (0.0118125,-0.0118125), (0,-0.016875), (-0.0118125,-0.0118125), (-0.016875,0), (-0.0118125,0.0118125), (0,0.016875), (0.0118125,0.0118125), (0.016875,0), 
Got footprint for /girl: (0.016875,0), (0.0118125,-0.0118125), (0,-0.016875), (-0.0118125,-0.0118125), (-0.016875,0), (-0.0118125,0.0118125), (0,0.016875), (0.0118125,0.0118125), (0.016875,0), 
[33m[ WARN] [1498557587.659317881]: Got bounding box for /ball but corresponding frame not yet published[0m
[33m[ WARN] [1498557587.659445634]: Got bounding box for /boy but corresponding frame not yet published[0m
[33m[ WARN] [1498557587.659536078]: Got bounding box for /caravan but corresponding frame not yet published[0m
[33m[ WARN] [1498557587.659621257]: Got bounding box for /crocodile but corresponding frame not yet published[0m
[33m[ WARN] [1498557587.659714269]: Got bounding box for /elephant but corresponding frame not yet published[0m
[33m[ WARN] [1498557587.659794708]: Got bounding box for /giraffe but corresponding frame not yet published[0m
[33m[ WARN] [1498557587.659874180]: Got bounding box for /girl but corresponding frame not yet published[0m
[33m[ WARN] [1498557587.659927167]: Got bounding box for /hippo but corresponding frame not yet published[0m
[33m[ WARN] [1498557587.659984553]: Got bounding box for /lion but corresponding frame not yet published[0m
[33m[ WARN] [1498557587.660036592]: Got bounding box for /zebra but corresponding frame not yet published[0m
[33m[ WARN] [1498557587.859277501]: Got bounding box for /ball but corresponding frame not yet published[0m
[33m[ WARN] [1498557587.859352657]: Got bounding box for /boy but corresponding frame not yet published[0m
[33m[ WARN] [1498557587.859405229]: Got bounding box for /caravan but corresponding frame not yet published[0m
[33m[ WARN] [1498557587.859455561]: Got bounding box for /crocodile but corresponding frame not yet published[0m
[33m[ WARN] [1498557587.859507804]: Got bounding box for /elephant but corresponding frame not yet published[0m
[33m[ WARN] [1498557587.859560088]: Got bounding box for /giraffe but corresponding frame not yet published[0m
[33m[ WARN] [1498557587.859611608]: Got bounding box for /girl but corresponding frame not yet published[0m
[33m[ WARN] [1498557587.859688197]: Got bounding box for /hippo but corresponding frame not yet published[0m
[33m[ WARN] [1498557587.859789655]: Got bounding box for /lion but corresponding frame not yet published[0m
[33m[ WARN] [1498557587.859844515]: Got bounding box for /zebra but corresponding frame not yet published[0m
[33m[ WARN] [1498557588.059249144]: Got bounding box for /ball but corresponding frame not yet published[0m
[33m[ WARN] [1498557588.059303880]: Got bounding box for /boy but corresponding frame not yet published[0m
[33m[ WARN] [1498557588.059334156]: Got bounding box for /caravan but corresponding frame not yet published[0m
[33m[ WARN] [1498557588.059384025]: Got bounding box for /crocodile but corresponding frame not yet published[0m
[33m[ WARN] [1498557588.059425149]: Got bounding box for /elephant but corresponding frame not yet published[0m
[33m[ WARN] [1498557588.059464764]: Got bounding box for /giraffe but corresponding frame not yet published[0m
[33m[ WARN] [1498557588.059502920]: Got bounding box for /girl but corresponding frame not yet published[0m
[33m[ WARN] [1498557588.059541309]: Got bounding box for /hippo but corresponding frame not yet published[0m
[33m[ WARN] [1498557588.059579369]: Got bounding box for /lion but corresponding frame not yet published[0m
[33m[ WARN] [1498557588.059615932]: Got bounding box for /zebra but corresponding frame not yet published[0m
[33m[ WARN] [1498557588.259261479]: Got bounding box for /ball but corresponding frame not yet published[0m
[33m[ WARN] [1498557588.259325854]: Got bounding box for /boy but corresponding frame not yet published[0m
[33m[ WARN] [1498557588.259383706]: Got bounding box for /caravan but corresponding frame not yet published[0m
[33m[ WARN] [1498557588.259440350]: Got bounding box for /crocodile but corresponding frame not yet published[0m
[33m[ WARN] [1498557588.259501410]: Got bounding box for /elephant but corresponding frame not yet published[0m
[33m[ WARN] [1498557588.259540712]: Got bounding box for /giraffe but corresponding frame not yet published[0m
[33m[ WARN] [1498557588.259590590]: Got bounding box for /girl but corresponding frame not yet published[0m
[33m[ WARN] [1498557588.259664167]: Got bounding box for /hippo but corresponding frame not yet published[0m
[33m[ WARN] [1498557588.259703201]: Got bounding box for /lion but corresponding frame not yet published[0m
[33m[ WARN] [1498557588.259739622]: Got bounding box for /zebra but corresponding frame not yet published[0m
[33m[ WARN] [1498557588.459263263]: Got bounding box for /ball but corresponding frame not yet published[0m
[33m[ WARN] [1498557588.459309438]: Got bounding box for /boy but corresponding frame not yet published[0m
[33m[ WARN] [1498557588.459345679]: Got bounding box for /caravan but corresponding frame not yet published[0m
[33m[ WARN] [1498557588.459392055]: Got bounding box for /crocodile but corresponding frame not yet published[0m
[33m[ WARN] [1498557588.459430161]: Got bounding box for /elephant but corresponding frame not yet published[0m
[33m[ WARN] [1498557588.459467457]: Got bounding box for /giraffe but corresponding frame not yet published[0m
[33m[ WARN] [1498557588.459504137]: Got bounding box for /girl but corresponding frame not yet published[0m
[33m[ WARN] [1498557588.459540475]: Got bounding box for /hippo but corresponding frame not yet published[0m
[33m[ WARN] [1498557588.459576355]: Got bounding box for /lion but corresponding frame not yet published[0m
[33m[ WARN] [1498557588.459620756]: Got bounding box for /zebra but corresponding frame not yet published[0m
[33m[ WARN] [1498557588.659259762]: Got bounding box for /ball but corresponding frame not yet published[0m
[33m[ WARN] [1498557588.659327618]: Got bounding box for /boy but corresponding frame not yet published[0m
[33m[ WARN] [1498557588.659400711]: Got bounding box for /caravan but corresponding frame not yet published[0m
[33m[ WARN] [1498557588.659467784]: Got bounding box for /crocodile but corresponding frame not yet published[0m
[33m[ WARN] [1498557588.659532664]: Got bounding box for /elephant but corresponding frame not yet published[0m
[33m[ WARN] [1498557588.659615280]: Got bounding box for /giraffe but corresponding frame not yet published[0m
[33m[ WARN] [1498557588.659700664]: Got bounding box for /girl but corresponding frame not yet published[0m
[33m[ WARN] [1498557588.659775647]: Got bounding box for /hippo but corresponding frame not yet published[0m
[33m[ WARN] [1498557588.659833583]: Got bounding box for /lion but corresponding frame not yet published[0m
[33m[ WARN] [1498557588.659890727]: Got bounding box for /zebra but corresponding frame not yet published[0m
[33m[ WARN] [1498557588.859279510]: Got bounding box for /ball but corresponding frame not yet published[0m
[33m[ WARN] [1498557588.859361947]: Got bounding box for /boy but corresponding frame not yet published[0m
[33m[ WARN] [1498557588.859427141]: Got bounding box for /caravan but corresponding frame not yet published[0m
[33m[ WARN] [1498557588.859512417]: Got bounding box for /crocodile but corresponding frame not yet published[0m
[33m[ WARN] [1498557588.859570927]: Got bounding box for /elephant but corresponding frame not yet published[0m
[33m[ WARN] [1498557588.859616502]: Got bounding box for /giraffe but corresponding frame not yet published[0m
[33m[ WARN] [1498557588.859696077]: Got bounding box for /girl but corresponding frame not yet published[0m
[33m[ WARN] [1498557588.859754800]: Got bounding box for /hippo but corresponding frame not yet published[0m
[33m[ WARN] [1498557588.859811033]: Got bounding box for /lion but corresponding frame not yet published[0m
[33m[ WARN] [1498557588.859868119]: Got bounding box for /zebra but corresponding frame not yet published[0m
[33m[ WARN] [1498557589.059296427]: Got bounding box for /ball but corresponding frame not yet published[0m
[33m[ WARN] [1498557589.059365229]: Got bounding box for /boy but corresponding frame not yet published[0m
[33m[ WARN] [1498557589.059415285]: Got bounding box for /caravan but corresponding frame not yet published[0m
[33m[ WARN] [1498557589.059467615]: Got bounding box for /crocodile but corresponding frame not yet published[0m
[33m[ WARN] [1498557589.059520301]: Got bounding box for /elephant but corresponding frame not yet published[0m
[33m[ WARN] [1498557589.059549630]: Got bounding box for /giraffe but corresponding frame not yet published[0m
[33m[ WARN] [1498557589.059577690]: Got bounding box for /girl but corresponding frame not yet published[0m
[33m[ WARN] [1498557589.059605745]: Got bounding box for /hippo but corresponding frame not yet published[0m
[33m[ WARN] [1498557589.059633570]: Got bounding box for /lion but corresponding frame not yet published[0m
[33m[ WARN] [1498557589.059711240]: Got bounding box for /zebra but corresponding frame not yet published[0m
[33m[ WARN] [1498557589.259294736]: Got bounding box for /ball but corresponding frame not yet published[0m
[33m[ WARN] [1498557589.259362920]: Got bounding box for /boy but corresponding frame not yet published[0m
[33m[ WARN] [1498557589.259454538]: Got bounding box for /caravan but corresponding frame not yet published[0m
[33m[ WARN] [1498557589.259528941]: Got bounding box for /crocodile but corresponding frame not yet published[0m
[33m[ WARN] [1498557589.259618927]: Got bounding box for /elephant but corresponding frame not yet published[0m
[33m[ WARN] [1498557589.259740203]: Got bounding box for /giraffe but corresponding frame not yet published[0m
[33m[ WARN] [1498557589.259839594]: Got bounding box for /girl but corresponding frame not yet published[0m
[33m[ WARN] [1498557589.259909435]: Got bounding box for /hippo but corresponding frame not yet published[0m
[33m[ WARN] [1498557589.260015853]: Got bounding box for /lion but corresponding frame not yet published[0m
[33m[ WARN] [1498557589.260094772]: Got bounding box for /zebra but corresponding frame not yet published[0m
[33m[ WARN] [1498557589.459263967]: Got bounding box for /ball but corresponding frame not yet published[0m
[33m[ WARN] [1498557589.459309887]: Got bounding box for /boy but corresponding frame not yet published[0m
[33m[ WARN] [1498557589.459340551]: Got bounding box for /caravan but corresponding frame not yet published[0m
[33m[ WARN] [1498557589.459370199]: Got bounding box for /crocodile but corresponding frame not yet published[0m
[33m[ WARN] [1498557589.459399441]: Got bounding box for /elephant but corresponding frame not yet published[0m
[33m[ WARN] [1498557589.459428398]: Got bounding box for /giraffe but corresponding frame not yet published[0m
[33m[ WARN] [1498557589.459456872]: Got bounding box for /girl but corresponding frame not yet published[0m
[33m[ WARN] [1498557589.459485346]: Got bounding box for /hippo but corresponding frame not yet published[0m
[33m[ WARN] [1498557589.459513705]: Got bounding box for /lion but corresponding frame not yet published[0m
[33m[ WARN] [1498557589.459542210]: Got bounding box for /zebra but corresponding frame not yet published[0m
[33m[ WARN] [1498557589.659263411]: Got bounding box for /ball but corresponding frame not yet published[0m
[33m[ WARN] [1498557589.659331048]: Got bounding box for /boy but corresponding frame not yet published[0m
[33m[ WARN] [1498557589.659385149]: Got bounding box for /caravan but corresponding frame not yet published[0m
[33m[ WARN] [1498557589.659439227]: Got bounding box for /crocodile but corresponding frame not yet published[0m
[33m[ WARN] [1498557589.659487437]: Got bounding box for /elephant but corresponding frame not yet published[0m
[33m[ WARN] [1498557589.659524943]: Got bounding box for /giraffe but corresponding frame not yet published[0m
[33m[ WARN] [1498557589.659552372]: Got bounding box for /girl but corresponding frame not yet published[0m
[33m[ WARN] [1498557589.659593398]: Got bounding box for /hippo but corresponding frame not yet published[0m
[33m[ WARN] [1498557589.659629418]: Got bounding box for /lion but corresponding frame not yet published[0m
[33m[ WARN] [1498557589.659704106]: Got bounding box for /zebra but corresponding frame not yet published[0m
[33m[ WARN] [1498557589.859247508]: Got bounding box for /ball but corresponding frame not yet published[0m
[33m[ WARN] [1498557589.859330818]: Got bounding box for /boy but corresponding frame not yet published[0m
[33m[ WARN] [1498557589.859362213]: Got bounding box for /caravan but corresponding frame not yet published[0m
[33m[ WARN] [1498557589.859390899]: Got bounding box for /crocodile but corresponding frame not yet published[0m
[33m[ WARN] [1498557589.859419140]: Got bounding box for /elephant but corresponding frame not yet published[0m
[33m[ WARN] [1498557589.859446882]: Got bounding box for /giraffe but corresponding frame not yet published[0m
[33m[ WARN] [1498557589.859474643]: Got bounding box for /girl but corresponding frame not yet published[0m
[33m[ WARN] [1498557589.859502472]: Got bounding box for /hippo but corresponding frame not yet published[0m
[33m[ WARN] [1498557589.859530284]: Got bounding box for /lion but corresponding frame not yet published[0m
[33m[ WARN] [1498557589.859557847]: Got bounding box for /zebra but corresponding frame not yet published[0m
[33m[ WARN] [1498557590.059275514]: Got bounding box for /ball but corresponding frame not yet published[0m
[33m[ WARN] [1498557590.059329058]: Got bounding box for /boy but corresponding frame not yet published[0m
[33m[ WARN] [1498557590.059360122]: Got bounding box for /caravan but corresponding frame not yet published[0m
[33m[ WARN] [1498557590.059400246]: Got bounding box for /crocodile but corresponding frame not yet published[0m
[33m[ WARN] [1498557590.059452333]: Got bounding box for /elephant but corresponding frame not yet published[0m
[33m[ WARN] [1498557590.059503158]: Got bounding box for /giraffe but corresponding frame not yet published[0m
[33m[ WARN] [1498557590.059535318]: Got bounding box for /girl but corresponding frame not yet published[0m
[33m[ WARN] [1498557590.059567505]: Got bounding box for /hippo but corresponding frame not yet published[0m
[33m[ WARN] [1498557590.059621044]: Got bounding box for /lion but corresponding frame not yet published[0m
[33m[ WARN] [1498557590.059663714]: Got bounding box for /zebra but corresponding frame not yet published[0m
[33m[ WARN] [1498557590.259246024]: Got bounding box for /ball but corresponding frame not yet published[0m
[33m[ WARN] [1498557590.259297646]: Got bounding box for /boy but corresponding frame not yet published[0m
[33m[ WARN] [1498557590.259325370]: Got bounding box for /caravan but corresponding frame not yet published[0m
[33m[ WARN] [1498557590.259360409]: Got bounding box for /crocodile but corresponding frame not yet published[0m
[33m[ WARN] [1498557590.259435642]: Got bounding box for /elephant but corresponding frame not yet published[0m
[33m[ WARN] [1498557590.259492201]: Got bounding box for /giraffe but corresponding frame not yet published[0m
[33m[ WARN] [1498557590.259524240]: Got bounding box for /girl but corresponding frame not yet published[0m
[33m[ WARN] [1498557590.259563714]: Got bounding box for /hippo but corresponding frame not yet published[0m
[33m[ WARN] [1498557590.259625628]: Got bounding box for /lion but corresponding frame not yet published[0m
[33m[ WARN] [1498557590.259704243]: Got bounding box for /zebra but corresponding frame not yet published[0m
[33m[ WARN] [1498557590.459240890]: Got bounding box for /ball but corresponding frame not yet published[0m
[33m[ WARN] [1498557590.459293391]: Got bounding box for /boy but corresponding frame not yet published[0m
[33m[ WARN] [1498557590.459323981]: Got bounding box for /caravan but corresponding frame not yet published[0m
[33m[ WARN] [1498557590.459364618]: Got bounding box for /crocodile but corresponding frame not yet published[0m
[33m[ WARN] [1498557590.459441145]: Got bounding box for /elephant but corresponding frame not yet published[0m
[33m[ WARN] [1498557590.459486313]: Got bounding box for /giraffe but corresponding frame not yet published[0m
[33m[ WARN] [1498557590.459532615]: Got bounding box for /girl but corresponding frame not yet published[0m
[33m[ WARN] [1498557590.459623541]: Got bounding box for /hippo but corresponding frame not yet published[0m
[33m[ WARN] [1498557590.459690169]: Got bounding box for /lion but corresponding frame not yet published[0m
[33m[ WARN] [1498557590.459743387]: Got bounding box for /zebra but corresponding frame not yet published[0m
[33m[ WARN] [1498557590.659252304]: Got bounding box for /ball but corresponding frame not yet published[0m
[33m[ WARN] [1498557590.659300729]: Got bounding box for /boy but corresponding frame not yet published[0m
[33m[ WARN] [1498557590.659345253]: Got bounding box for /caravan but corresponding frame not yet published[0m
[33m[ WARN] [1498557590.659381969]: Got bounding box for /crocodile but corresponding frame not yet published[0m
[33m[ WARN] [1498557590.659418317]: Got bounding box for /elephant but corresponding frame not yet published[0m
[33m[ WARN] [1498557590.659454280]: Got bounding box for /giraffe but corresponding frame not yet published[0m
[33m[ WARN] [1498557590.659489878]: Got bounding box for /girl but corresponding frame not yet published[0m
[33m[ WARN] [1498557590.659525524]: Got bounding box for /hippo but corresponding frame not yet published[0m
[33m[ WARN] [1498557590.659561145]: Got bounding box for /lion but corresponding frame not yet published[0m
[33m[ WARN] [1498557590.659596745]: Got bounding box for /zebra but corresponding frame not yet published[0m
[33m[ WARN] [1498557590.859274705]: Got bounding box for /ball but corresponding frame not yet published[0m
[33m[ WARN] [1498557590.859354987]: Got bounding box for /boy but corresponding frame not yet published[0m
[33m[ WARN] [1498557590.859412591]: Got bounding box for /caravan but corresponding frame not yet published[0m
[33m[ WARN] [1498557590.859471099]: Got bounding box for /crocodile but corresponding frame not yet published[0m
[33m[ WARN] [1498557590.859523938]: Got bounding box for /elephant but corresponding frame not yet published[0m
[33m[ WARN] [1498557590.859583000]: Got bounding box for /giraffe but corresponding frame not yet published[0m
[33m[ WARN] [1498557590.859651765]: Got bounding box for /girl but corresponding frame not yet published[0m
[33m[ WARN] [1498557590.859709024]: Got bounding box for /hippo but corresponding frame not yet published[0m
[33m[ WARN] [1498557590.859764241]: Got bounding box for /lion but corresponding frame not yet published[0m
[33m[ WARN] [1498557590.859815651]: Got bounding box for /zebra but corresponding frame not yet published[0m
[33m[ WARN] [1498557591.059240493]: Got bounding box for /ball but corresponding frame not yet published[0m
[33m[ WARN] [1498557591.059293119]: Got bounding box for /boy but corresponding frame not yet published[0m
[33m[ WARN] [1498557591.059323976]: Got bounding box for /caravan but corresponding frame not yet published[0m
[33m[ WARN] [1498557591.059352746]: Got bounding box for /crocodile but corresponding frame not yet published[0m
[33m[ WARN] [1498557591.059381693]: Got bounding box for /elephant but corresponding frame not yet published[0m
[33m[ WARN] [1498557591.059425212]: Got bounding box for /giraffe but corresponding frame not yet published[0m
[33m[ WARN] [1498557591.059464260]: Got bounding box for /girl but corresponding frame not yet published[0m
[33m[ WARN] [1498557591.059501859]: Got bounding box for /hippo but corresponding frame not yet published[0m
[33m[ WARN] [1498557591.059538214]: Got bounding box for /lion but corresponding frame not yet published[0m
[33m[ WARN] [1498557591.059574771]: Got bounding box for /zebra but corresponding frame not yet published[0m
[33m[ WARN] [1498557591.259244990]: Got bounding box for /ball but corresponding frame not yet published[0m
[33m[ WARN] [1498557591.259302731]: Got bounding box for /boy but corresponding frame not yet published[0m
[33m[ WARN] [1498557591.259349523]: Got bounding box for /caravan but corresponding frame not yet published[0m
[33m[ WARN] [1498557591.259388757]: Got bounding box for /crocodile but corresponding frame not yet published[0m
[33m[ WARN] [1498557591.259448877]: Got bounding box for /elephant but corresponding frame not yet published[0m
[33m[ WARN] [1498557591.259487306]: Got bounding box for /giraffe but corresponding frame not yet published[0m
[33m[ WARN] [1498557591.259542336]: Got bounding box for /girl but corresponding frame not yet published[0m
[33m[ WARN] [1498557591.259579173]: Got bounding box for /hippo but corresponding frame not yet published[0m
[33m[ WARN] [1498557591.259615716]: Got bounding box for /lion but corresponding frame not yet published[0m
[33m[ WARN] [1498557591.259684770]: Got bounding box for /zebra but corresponding frame not yet published[0m
[33m[ WARN] [1498557591.459246284]: Got bounding box for /ball but corresponding frame not yet published[0m
[33m[ WARN] [1498557591.459308008]: Got bounding box for /boy but corresponding frame not yet published[0m
[33m[ WARN] [1498557591.459354819]: Got bounding box for /caravan but corresponding frame not yet published[0m
[33m[ WARN] [1498557591.459394384]: Got bounding box for /crocodile but corresponding frame not yet published[0m
[33m[ WARN] [1498557591.459432646]: Got bounding box for /elephant but corresponding frame not yet published[0m
[33m[ WARN] [1498557591.459470003]: Got bounding box for /giraffe but corresponding frame not yet published[0m
[33m[ WARN] [1498557591.459507373]: Got bounding box for /girl but corresponding frame not yet published[0m
[33m[ WARN] [1498557591.459543688]: Got bounding box for /hippo but corresponding frame not yet published[0m
[33m[ WARN] [1498557591.459581150]: Got bounding box for /lion but corresponding frame not yet published[0m
[33m[ WARN] [1498557591.459617437]: Got bounding box for /zebra but corresponding frame not yet published[0m
[33m[ WARN] [1498557591.659269964]: Got bounding box for /ball but corresponding frame not yet published[0m
[33m[ WARN] [1498557591.659341357]: Got bounding box for /boy but corresponding frame not yet published[0m
[33m[ WARN] [1498557591.659406713]: Got bounding box for /caravan but corresponding frame not yet published[0m
[33m[ WARN] [1498557591.659466370]: Got bounding box for /crocodile but corresponding frame not yet published[0m
[33m[ WARN] [1498557591.659523877]: Got bounding box for /elephant but corresponding frame not yet published[0m
[33m[ WARN] [1498557591.659580831]: Got bounding box for /giraffe but corresponding frame not yet published[0m
[33m[ WARN] [1498557591.659647781]: Got bounding box for /girl but corresponding frame not yet published[0m
[33m[ WARN] [1498557591.659706562]: Got bounding box for /hippo but corresponding frame not yet published[0m
[33m[ WARN] [1498557591.659764503]: Got bounding box for /lion but corresponding frame not yet published[0m
[33m[ WARN] [1498557591.659821108]: Got bounding box for /zebra but corresponding frame not yet published[0m
[33m[ WARN] [1498557591.859272991]: Got bounding box for /ball but corresponding frame not yet published[0m
[33m[ WARN] [1498557591.859362749]: Got bounding box for /boy but corresponding frame not yet published[0m
[33m[ WARN] [1498557591.859417359]: Got bounding box for /caravan but corresponding frame not yet published[0m
[33m[ WARN] [1498557591.859483738]: Got bounding box for /crocodile but corresponding frame not yet published[0m
[33m[ WARN] [1498557591.859551533]: Got bounding box for /elephant but corresponding frame not yet published[0m
[33m[ WARN] [1498557591.859601163]: Got bounding box for /giraffe but corresponding frame not yet published[0m
[33m[ WARN] [1498557591.859662430]: Got bounding box for /girl but corresponding frame not yet published[0m
[33m[ WARN] [1498557591.859711494]: Got bounding box for /hippo but corresponding frame not yet published[0m
[33m[ WARN] [1498557591.859760311]: Got bounding box for /lion but corresponding frame not yet published[0m
[33m[ WARN] [1498557591.859809174]: Got bounding box for /zebra but corresponding frame not yet published[0m
[33m[ WARN] [1498557592.059263312]: Got bounding box for /ball but corresponding frame not yet published[0m
[33m[ WARN] [1498557592.059338806]: Got bounding box for /boy but corresponding frame not yet published[0m
[33m[ WARN] [1498557592.059380307]: Got bounding box for /caravan but corresponding frame not yet published[0m
[33m[ WARN] [1498557592.059409377]: Got bounding box for /crocodile but corresponding frame not yet published[0m
[33m[ WARN] [1498557592.059436376]: Got bounding box for /elephant but corresponding frame not yet published[0m
[33m[ WARN] [1498557592.059464408]: Got bounding box for /giraffe but corresponding frame not yet published[0m
[33m[ WARN] [1498557592.059492049]: Got bounding box for /girl but corresponding frame not yet published[0m
[33m[ WARN] [1498557592.059520521]: Got bounding box for /hippo but corresponding frame not yet published[0m
[33m[ WARN] [1498557592.059548053]: Got bounding box for /lion but corresponding frame not yet published[0m
[33m[ WARN] [1498557592.059575422]: Got bounding box for /zebra but corresponding frame not yet published[0m
[33m[ WARN] [1498557592.259248825]: Got bounding box for /ball but corresponding frame not yet published[0m
[33m[ WARN] [1498557592.259305413]: Got bounding box for /boy but corresponding frame not yet published[0m
[33m[ WARN] [1498557592.259335808]: Got bounding box for /caravan but corresponding frame not yet published[0m
[33m[ WARN] [1498557592.259376099]: Got bounding box for /crocodile but corresponding frame not yet published[0m
[33m[ WARN] [1498557592.259415427]: Got bounding box for /elephant but corresponding frame not yet published[0m
[33m[ WARN] [1498557592.259453823]: Got bounding box for /giraffe but corresponding frame not yet published[0m
[33m[ WARN] [1498557592.259491505]: Got bounding box for /girl but corresponding frame not yet published[0m
[33m[ WARN] [1498557592.259528510]: Got bounding box for /hippo but corresponding frame not yet published[0m
[33m[ WARN] [1498557592.259565066]: Got bounding box for /lion but corresponding frame not yet published[0m
[33m[ WARN] [1498557592.259612912]: Got bounding box for /zebra but corresponding frame not yet published[0m
[33m[ WARN] [1498557592.459248028]: Got bounding box for /ball but corresponding frame not yet published[0m
[33m[ WARN] [1498557592.459305973]: Got bounding box for /boy but corresponding frame not yet published[0m
[33m[ WARN] [1498557592.459369139]: Got bounding box for /caravan but corresponding frame not yet published[0m
[33m[ WARN] [1498557592.459419226]: Got bounding box for /crocodile but corresponding frame not yet published[0m
[33m[ WARN] [1498557592.459471101]: Got bounding box for /elephant but corresponding frame not yet published[0m
[33m[ WARN] [1498557592.459520178]: Got bounding box for /giraffe but corresponding frame not yet published[0m
[33m[ WARN] [1498557592.459568786]: Got bounding box for /girl but corresponding frame not yet published[0m
[33m[ WARN] [1498557592.459617457]: Got bounding box for /hippo but corresponding frame not yet published[0m
[33m[ WARN] [1498557592.459681702]: Got bounding box for /lion but corresponding frame not yet published[0m
[33m[ WARN] [1498557592.459730801]: Got bounding box for /zebra but corresponding frame not yet published[0m
[33m[ WARN] [1498557592.659258742]: Got bounding box for /ball but corresponding frame not yet published[0m
[33m[ WARN] [1498557592.659307673]: Got bounding box for /boy but corresponding frame not yet published[0m
[33m[ WARN] [1498557592.659339442]: Got bounding box for /caravan but corresponding frame not yet published[0m
[33m[ WARN] [1498557592.659377452]: Got bounding box for /crocodile but corresponding frame not yet published[0m
[33m[ WARN] [1498557592.659531387]: Got bounding box for /elephant but corresponding frame not yet published[0m
[33m[ WARN] [1498557592.659564641]: Got bounding box for /giraffe but corresponding frame not yet published[0m
[33m[ WARN] [1498557592.659669669]: Got bounding box for /girl but corresponding frame not yet published[0m
[33m[ WARN] [1498557592.659714547]: Got bounding box for /hippo but corresponding frame not yet published[0m
[33m[ WARN] [1498557592.659804579]: Got bounding box for /lion but corresponding frame not yet published[0m
[33m[ WARN] [1498557592.659836490]: Got bounding box for /zebra but corresponding frame not yet published[0m
[33m[ WARN] [1498557592.859254773]: Got bounding box for /ball but corresponding frame not yet published[0m
[33m[ WARN] [1498557592.859301376]: Got bounding box for /boy but corresponding frame not yet published[0m
[33m[ WARN] [1498557592.859350314]: Got bounding box for /caravan but corresponding frame not yet published[0m
[33m[ WARN] [1498557592.859403854]: Got bounding box for /crocodile but corresponding frame not yet published[0m
[33m[ WARN] [1498557592.859451091]: Got bounding box for /elephant but corresponding frame not yet published[0m
[33m[ WARN] [1498557592.859499265]: Got bounding box for /giraffe but corresponding frame not yet published[0m
[33m[ WARN] [1498557592.859548591]: Got bounding box for /girl but corresponding frame not yet published[0m
[33m[ WARN] [1498557592.859603767]: Got bounding box for /hippo but corresponding frame not yet published[0m
[33m[ WARN] [1498557592.859671822]: Got bounding box for /lion but corresponding frame not yet published[0m
[33m[ WARN] [1498557592.859727747]: Got bounding box for /zebra but corresponding frame not yet published[0m
[33m[ WARN] [1498557593.059255138]: Got bounding box for /ball but corresponding frame not yet published[0m
[33m[ WARN] [1498557593.059322587]: Got bounding box for /boy but corresponding frame not yet published[0m
[33m[ WARN] [1498557593.059361282]: Got bounding box for /caravan but corresponding frame not yet published[0m
[33m[ WARN] [1498557593.059398361]: Got bounding box for /crocodile but corresponding frame not yet published[0m
[33m[ WARN] [1498557593.059435163]: Got bounding box for /elephant but corresponding frame not yet published[0m
[33m[ WARN] [1498557593.059470814]: Got bounding box for /giraffe but corresponding frame not yet published[0m
[33m[ WARN] [1498557593.059506996]: Got bounding box for /girl but corresponding frame not yet published[0m
[33m[ WARN] [1498557593.059542820]: Got bounding box for /hippo but corresponding frame not yet published[0m
[33m[ WARN] [1498557593.059578884]: Got bounding box for /lion but corresponding frame not yet published[0m
[33m[ WARN] [1498557593.059614535]: Got bounding box for /zebra but corresponding frame not yet published[0m
[33m[ WARN] [1498557593.259264845]: Got bounding box for /ball but corresponding frame not yet published[0m
[33m[ WARN] [1498557593.259327347]: Got bounding box for /boy but corresponding frame not yet published[0m
[33m[ WARN] [1498557593.259367144]: Got bounding box for /caravan but corresponding frame not yet published[0m
[33m[ WARN] [1498557593.259404367]: Got bounding box for /crocodile but corresponding frame not yet published[0m
[33m[ WARN] [1498557593.259449513]: Got bounding box for /elephant but corresponding frame not yet published[0m
[33m[ WARN] [1498557593.259498661]: Got bounding box for /giraffe but corresponding frame not yet published[0m
[33m[ WARN] [1498557593.259549178]: Got bounding box for /girl but corresponding frame not yet published[0m
[33m[ WARN] [1498557593.259579280]: Got bounding box for /hippo but corresponding frame not yet published[0m
[33m[ WARN] [1498557593.259605127]: Got bounding box for /lion but corresponding frame not yet published[0m
[33m[ WARN] [1498557593.259631014]: Got bounding box for /zebra but corresponding frame not yet published[0m
[33m[ WARN] [1498557593.459259654]: Got bounding box for /ball but corresponding frame not yet published[0m
[33m[ WARN] [1498557593.459307098]: Got bounding box for /boy but corresponding frame not yet published[0m
[33m[ WARN] [1498557593.459335915]: Got bounding box for /caravan but corresponding frame not yet published[0m
[33m[ WARN] [1498557593.459365365]: Got bounding box for /crocodile but corresponding frame not yet published[0m
[33m[ WARN] [1498557593.459424587]: Got bounding box for /elephant but corresponding frame not yet published[0m
[33m[ WARN] [1498557593.459464575]: Got bounding box for /giraffe but corresponding frame not yet published[0m
[33m[ WARN] [1498557593.459501578]: Got bounding box for /girl but corresponding frame not yet published[0m
[33m[ WARN] [1498557593.459537187]: Got bounding box for /hippo but corresponding frame not yet published[0m
[33m[ WARN] [1498557593.459572517]: Got bounding box for /lion but corresponding frame not yet published[0m
[33m[ WARN] [1498557593.459614960]: Got bounding box for /zebra but corresponding frame not yet published[0m
[33m[ WARN] [1498557593.659247125]: Got bounding box for /ball but corresponding frame not yet published[0m
[33m[ WARN] [1498557593.659301532]: Got bounding box for /boy but corresponding frame not yet published[0m
[33m[ WARN] [1498557593.659340923]: Got bounding box for /caravan but corresponding frame not yet published[0m
[33m[ WARN] [1498557593.659381191]: Got bounding box for /crocodile but corresponding frame not yet published[0m
[33m[ WARN] [1498557593.659420243]: Got bounding box for /elephant but corresponding frame not yet published[0m
[33m[ WARN] [1498557593.659458808]: Got bounding box for /giraffe but corresponding frame not yet published[0m
[33m[ WARN] [1498557593.659496661]: Got bounding box for /girl but corresponding frame not yet published[0m
[33m[ WARN] [1498557593.659532963]: Got bounding box for /hippo but corresponding frame not yet published[0m
[33m[ WARN] [1498557593.659568816]: Got bounding box for /lion but corresponding frame not yet published[0m
[33m[ WARN] [1498557593.659603855]: Got bounding box for /zebra but corresponding frame not yet published[0m
[33m[ WARN] [1498557593.859252738]: Got bounding box for /ball but corresponding frame not yet published[0m
[33m[ WARN] [1498557593.859306632]: Got bounding box for /boy but corresponding frame not yet published[0m
[33m[ WARN] [1498557593.859358695]: Got bounding box for /caravan but corresponding frame not yet published[0m
[33m[ WARN] [1498557593.859406070]: Got bounding box for /crocodile but corresponding frame not yet published[0m
[33m[ WARN] [1498557593.859435318]: Got bounding box for /elephant but corresponding frame not yet published[0m
[33m[ WARN] [1498557593.859462016]: Got bounding box for /giraffe but corresponding frame not yet published[0m
[33m[ WARN] [1498557593.859488060]: Got bounding box for /girl but corresponding frame not yet published[0m
[33m[ WARN] [1498557593.859514260]: Got bounding box for /hippo but corresponding frame not yet published[0m
[33m[ WARN] [1498557593.859540143]: Got bounding box for /lion but corresponding frame not yet published[0m
[33m[ WARN] [1498557593.859566161]: Got bounding box for /zebra but corresponding frame not yet published[0m
[33m[ WARN] [1498557594.059262500]: Got bounding box for /ball but corresponding frame not yet published[0m
[33m[ WARN] [1498557594.059329188]: Got bounding box for /boy but corresponding frame not yet published[0m
[33m[ WARN] [1498557594.059371984]: Got bounding box for /caravan but corresponding frame not yet published[0m
[33m[ WARN] [1498557594.059411404]: Got bounding box for /crocodile but corresponding frame not yet published[0m
[33m[ WARN] [1498557594.059449449]: Got bounding box for /elephant but corresponding frame not yet published[0m
[33m[ WARN] [1498557594.059496967]: Got bounding box for /giraffe but corresponding frame not yet published[0m
[33m[ WARN] [1498557594.059535234]: Got bounding box for /girl but corresponding frame not yet published[0m
[33m[ WARN] [1498557594.059584794]: Got bounding box for /hippo but corresponding frame not yet published[0m
[33m[ WARN] [1498557594.059627826]: Got bounding box for /lion but corresponding frame not yet published[0m
[33m[ WARN] [1498557594.059689264]: Got bounding box for /zebra but corresponding frame not yet published[0m
[33m[ WARN] [1498557594.259250506]: Got bounding box for /ball but corresponding frame not yet published[0m
[33m[ WARN] [1498557594.259335643]: Got bounding box for /boy but corresponding frame not yet published[0m
[33m[ WARN] [1498557594.259366885]: Got bounding box for /caravan but corresponding frame not yet published[0m
[33m[ WARN] [1498557594.259397811]: Got bounding box for /crocodile but corresponding frame not yet published[0m
[33m[ WARN] [1498557594.259427369]: Got bounding box for /elephant but corresponding frame not yet published[0m
[33m[ WARN] [1498557594.259458230]: Got bounding box for /giraffe but corresponding frame not yet published[0m
[33m[ WARN] [1498557594.259487265]: Got bounding box for /girl but corresponding frame not yet published[0m
[33m[ WARN] [1498557594.259516247]: Got bounding box for /hippo but corresponding frame not yet published[0m
[33m[ WARN] [1498557594.259544653]: Got bounding box for /lion but corresponding frame not yet published[0m
[33m[ WARN] [1498557594.259581540]: Got bounding box for /zebra but corresponding frame not yet published[0m
[33m[ WARN] [1498557594.459253217]: Got bounding box for /ball but corresponding frame not yet published[0m
[33m[ WARN] [1498557594.459310909]: Got bounding box for /boy but corresponding frame not yet published[0m
[33m[ WARN] [1498557594.459345462]: Got bounding box for /caravan but corresponding frame not yet published[0m
[33m[ WARN] [1498557594.459376597]: Got bounding box for /crocodile but corresponding frame not yet published[0m
[33m[ WARN] [1498557594.459406286]: Got bounding box for /elephant but corresponding frame not yet published[0m
[33m[ WARN] [1498557594.459436228]: Got bounding box for /giraffe but corresponding frame not yet published[0m
[33m[ WARN] [1498557594.459464920]: Got bounding box for /girl but corresponding frame not yet published[0m
[33m[ WARN] [1498557594.459493569]: Got bounding box for /hippo but corresponding frame not yet published[0m
[33m[ WARN] [1498557594.459521669]: Got bounding box for /lion but corresponding frame not yet published[0m
[33m[ WARN] [1498557594.459550115]: Got bounding box for /zebra but corresponding frame not yet published[0m
[33m[ WARN] [1498557594.659278005]: Got bounding box for /ball but corresponding frame not yet published[0m
[33m[ WARN] [1498557594.659364902]: Got bounding box for /boy but corresponding frame not yet published[0m
[33m[ WARN] [1498557594.659424850]: Got bounding box for /caravan but corresponding frame not yet published[0m
[33m[ WARN] [1498557594.659487517]: Got bounding box for /crocodile but corresponding frame not yet published[0m
[33m[ WARN] [1498557594.659542575]: Got bounding box for /elephant but corresponding frame not yet published[0m
[33m[ WARN] [1498557594.659595479]: Got bounding box for /giraffe but corresponding frame not yet published[0m
[33m[ WARN] [1498557594.659663681]: Got bounding box for /girl but corresponding frame not yet published[0m
[33m[ WARN] [1498557594.659715218]: Got bounding box for /hippo but corresponding frame not yet published[0m
[33m[ WARN] [1498557594.659760109]: Got bounding box for /lion but corresponding frame not yet published[0m
[33m[ WARN] [1498557594.659806983]: Got bounding box for /zebra but corresponding frame not yet published[0m
[33m[ WARN] [1498557594.859286158]: Got bounding box for /ball but corresponding frame not yet published[0m
[33m[ WARN] [1498557594.859369667]: Got bounding box for /boy but corresponding frame not yet published[0m
[33m[ WARN] [1498557594.859430433]: Got bounding box for /caravan but corresponding frame not yet published[0m
[33m[ WARN] [1498557594.859489891]: Got bounding box for /crocodile but corresponding frame not yet published[0m
[33m[ WARN] [1498557594.859548455]: Got bounding box for /elephant but corresponding frame not yet published[0m
[33m[ WARN] [1498557594.859604425]: Got bounding box for /giraffe but corresponding frame not yet published[0m
[33m[ WARN] [1498557594.859689858]: Got bounding box for /girl but corresponding frame not yet published[0m
[33m[ WARN] [1498557594.859747639]: Got bounding box for /hippo but corresponding frame not yet published[0m
[33m[ WARN] [1498557594.859824140]: Got bounding box for /lion but corresponding frame not yet published[0m
[33m[ WARN] [1498557594.859881352]: Got bounding box for /zebra but corresponding frame not yet published[0m
[33m[ WARN] [1498557595.059252765]: Got bounding box for /ball but corresponding frame not yet published[0m
[33m[ WARN] [1498557595.059312013]: Got bounding box for /boy but corresponding frame not yet published[0m
[33m[ WARN] [1498557595.059382742]: Got bounding box for /caravan but corresponding frame not yet published[0m
[33m[ WARN] [1498557595.059436335]: Got bounding box for /crocodile but corresponding frame not yet published[0m
[33m[ WARN] [1498557595.059493943]: Got bounding box for /elephant but corresponding frame not yet published[0m
[33m[ WARN] [1498557595.059545324]: Got bounding box for /giraffe but corresponding frame not yet published[0m
[33m[ WARN] [1498557595.059594552]: Got bounding box for /girl but corresponding frame not yet published[0m
[33m[ WARN] [1498557595.059658108]: Got bounding box for /hippo but corresponding frame not yet published[0m
[33m[ WARN] [1498557595.059714271]: Got bounding box for /lion but corresponding frame not yet published[0m
[33m[ WARN] [1498557595.059763002]: Got bounding box for /zebra but corresponding frame not yet published[0m
[33m[ WARN] [1498557595.259255310]: Got bounding box for /ball but corresponding frame not yet published[0m
[33m[ WARN] [1498557595.259314729]: Got bounding box for /boy but corresponding frame not yet published[0m
[33m[ WARN] [1498557595.259369674]: Got bounding box for /caravan but corresponding frame not yet published[0m
[33m[ WARN] [1498557595.259434070]: Got bounding box for /crocodile but corresponding frame not yet published[0m
[33m[ WARN] [1498557595.259482198]: Got bounding box for /elephant but corresponding frame not yet published[0m
[33m[ WARN] [1498557595.259534789]: Got bounding box for /giraffe but corresponding frame not yet published[0m
[33m[ WARN] [1498557595.259584897]: Got bounding box for /girl but corresponding frame not yet published[0m
[33m[ WARN] [1498557595.259658474]: Got bounding box for /hippo but corresponding frame not yet published[0m
[33m[ WARN] [1498557595.259707272]: Got bounding box for /lion but corresponding frame not yet published[0m
[33m[ WARN] [1498557595.259757851]: Got bounding box for /zebra but corresponding frame not yet published[0m
[33m[ WARN] [1498557595.459259691]: Got bounding box for /ball but corresponding frame not yet published[0m
[33m[ WARN] [1498557595.459318440]: Got bounding box for /boy but corresponding frame not yet published[0m
[33m[ WARN] [1498557595.459373526]: Got bounding box for /caravan but corresponding frame not yet published[0m
[33m[ WARN] [1498557595.459426565]: Got bounding box for /crocodile but corresponding frame not yet published[0m
[33m[ WARN] [1498557595.459475409]: Got bounding box for /elephant but corresponding frame not yet published[0m
[33m[ WARN] [1498557595.459526523]: Got bounding box for /giraffe but corresponding frame not yet published[0m
[33m[ WARN] [1498557595.459580623]: Got bounding box for /girl but corresponding frame not yet published[0m
[33m[ WARN] [1498557595.459630610]: Got bounding box for /hippo but corresponding frame not yet published[0m
[33m[ WARN] [1498557595.459696027]: Got bounding box for /lion but corresponding frame not yet published[0m
[33m[ WARN] [1498557595.459747302]: Got bounding box for /zebra but corresponding frame not yet published[0m
[33m[ WARN] [1498557595.659250263]: Got bounding box for /ball but corresponding frame not yet published[0m
[33m[ WARN] [1498557595.659307071]: Got bounding box for /boy but corresponding frame not yet published[0m
[33m[ WARN] [1498557595.659351460]: Got bounding box for /caravan but corresponding frame not yet published[0m
[33m[ WARN] [1498557595.659385613]: Got bounding box for /crocodile but corresponding frame not yet published[0m
[33m[ WARN] [1498557595.659444855]: Got bounding box for /elephant but corresponding frame not yet published[0m
[33m[ WARN] [1498557595.659489346]: Got bounding box for /giraffe but corresponding frame not yet published[0m
[33m[ WARN] [1498557595.659538988]: Got bounding box for /girl but corresponding frame not yet published[0m
[33m[ WARN] [1498557595.659596475]: Got bounding box for /hippo but corresponding frame not yet published[0m
[33m[ WARN] [1498557595.659663865]: Got bounding box for /lion but corresponding frame not yet published[0m
[33m[ WARN] [1498557595.659720042]: Got bounding box for /zebra but corresponding frame not yet published[0m
[33m[ WARN] [1498557595.859256329]: Got bounding box for /ball but corresponding frame not yet published[0m
[33m[ WARN] [1498557595.859319187]: Got bounding box for /boy but corresponding frame not yet published[0m
[33m[ WARN] [1498557595.859398526]: Got bounding box for /caravan but corresponding frame not yet published[0m
[33m[ WARN] [1498557595.859474537]: Got bounding box for /crocodile but corresponding frame not yet published[0m
[33m[ WARN] [1498557595.859616644]: Got bounding box for /elephant but corresponding frame not yet published[0m
[33m[ WARN] [1498557595.859745491]: Got bounding box for /giraffe but corresponding frame not yet published[0m
[33m[ WARN] [1498557595.859801714]: Got bounding box for /girl but corresponding frame not yet published[0m
[33m[ WARN] [1498557595.859858192]: Got bounding box for /hippo but corresponding frame not yet published[0m
[33m[ WARN] [1498557595.859916300]: Got bounding box for /lion but corresponding frame not yet published[0m
[33m[ WARN] [1498557595.859973197]: Got bounding box for /zebra but corresponding frame not yet published[0m
[33m[ WARN] [1498557596.059307681]: Got bounding box for /ball but corresponding frame not yet published[0m
[33m[ WARN] [1498557596.059420643]: Got bounding box for /boy but corresponding frame not yet published[0m
[33m[ WARN] [1498557596.059490656]: Got bounding box for /caravan but corresponding frame not yet published[0m
[33m[ WARN] [1498557596.059556352]: Got bounding box for /crocodile but corresponding frame not yet published[0m
[33m[ WARN] [1498557596.059621843]: Got bounding box for /elephant but corresponding frame not yet published[0m
[33m[ WARN] [1498557596.059732344]: Got bounding box for /giraffe but corresponding frame not yet published[0m
[33m[ WARN] [1498557596.059798473]: Got bounding box for /girl but corresponding frame not yet published[0m
[33m[ WARN] [1498557596.059864278]: Got bounding box for /hippo but corresponding frame not yet published[0m
[33m[ WARN] [1498557596.059929085]: Got bounding box for /lion but corresponding frame not yet published[0m
[33m[ WARN] [1498557596.059993203]: Got bounding box for /zebra but corresponding frame not yet published[0m
[33m[ WARN] [1498557596.259248813]: Got bounding box for /ball but corresponding frame not yet published[0m
[33m[ WARN] [1498557596.259304979]: Got bounding box for /boy but corresponding frame not yet published[0m
[33m[ WARN] [1498557596.259336189]: Got bounding box for /caravan but corresponding frame not yet published[0m
[33m[ WARN] [1498557596.259385689]: Got bounding box for /crocodile but corresponding frame not yet published[0m
[33m[ WARN] [1498557596.259429756]: Got bounding box for /elephant but corresponding frame not yet published[0m
[33m[ WARN] [1498557596.259458048]: Got bounding box for /giraffe but corresponding frame not yet published[0m
[33m[ WARN] [1498557596.259485995]: Got bounding box for /girl but corresponding frame not yet published[0m
[33m[ WARN] [1498557596.259514091]: Got bounding box for /hippo but corresponding frame not yet published[0m
[33m[ WARN] [1498557596.259565800]: Got bounding box for /lion but corresponding frame not yet published[0m
[33m[ WARN] [1498557596.259605691]: Got bounding box for /zebra but corresponding frame not yet published[0m
[33m[ WARN] [1498557596.459254509]: Got bounding box for /ball but corresponding frame not yet published[0m
[33m[ WARN] [1498557596.459351063]: Got bounding box for /boy but corresponding frame not yet published[0m
[33m[ WARN] [1498557596.459394318]: Got bounding box for /caravan but corresponding frame not yet published[0m
[33m[ WARN] [1498557596.459434346]: Got bounding box for /crocodile but corresponding frame not yet published[0m
[33m[ WARN] [1498557596.459473104]: Got bounding box for /elephant but corresponding frame not yet published[0m
[33m[ WARN] [1498557596.459511156]: Got bounding box for /giraffe but corresponding frame not yet published[0m
[33m[ WARN] [1498557596.459548172]: Got bounding box for /girl but corresponding frame not yet published[0m
[33m[ WARN] [1498557596.459585610]: Got bounding box for /hippo but corresponding frame not yet published[0m
[33m[ WARN] [1498557596.459632374]: Got bounding box for /lion but corresponding frame not yet published[0m
[33m[ WARN] [1498557596.459688057]: Got bounding box for /zebra but corresponding frame not yet published[0m
[33m[ WARN] [1498557596.659289708]: Got bounding box for /ball but corresponding frame not yet published[0m
[33m[ WARN] [1498557596.659370266]: Got bounding box for /boy but corresponding frame not yet published[0m
[33m[ WARN] [1498557596.659460707]: Got bounding box for /caravan but corresponding frame not yet published[0m
[33m[ WARN] [1498557596.659532562]: Got bounding box for /crocodile but corresponding frame not yet published[0m
[33m[ WARN] [1498557596.659605419]: Got bounding box for /elephant but corresponding frame not yet published[0m
[33m[ WARN] [1498557596.659692731]: Got bounding box for /giraffe but corresponding frame not yet published[0m
[33m[ WARN] [1498557596.659749955]: Got bounding box for /girl but corresponding frame not yet published[0m
[33m[ WARN] [1498557596.659810364]: Got bounding box for /hippo but corresponding frame not yet published[0m
[33m[ WARN] [1498557596.659884143]: Got bounding box for /lion but corresponding frame not yet published[0m
[33m[ WARN] [1498557596.659955260]: Got bounding box for /zebra but corresponding frame not yet published[0m
[33m[ WARN] [1498557596.859255020]: Got bounding box for /ball but corresponding frame not yet published[0m
[33m[ WARN] [1498557596.859314158]: Got bounding box for /boy but corresponding frame not yet published[0m
[33m[ WARN] [1498557596.859357706]: Got bounding box for /caravan but corresponding frame not yet published[0m
[33m[ WARN] [1498557596.859424917]: Got bounding box for /crocodile but corresponding frame not yet published[0m
[33m[ WARN] [1498557596.859482183]: Got bounding box for /elephant but corresponding frame not yet published[0m
[33m[ WARN] [1498557596.859536122]: Got bounding box for /giraffe but corresponding frame not yet published[0m
[33m[ WARN] [1498557596.859588756]: Got bounding box for /girl but corresponding frame not yet published[0m
[33m[ WARN] [1498557596.859656177]: Got bounding box for /hippo but corresponding frame not yet published[0m
[33m[ WARN] [1498557596.859712910]: Got bounding box for /lion but corresponding frame not yet published[0m
[33m[ WARN] [1498557596.859776616]: Got bounding box for /zebra but corresponding frame not yet published[0m
[33m[ WARN] [1498557597.059249188]: Got bounding box for /ball but corresponding frame not yet published[0m
[33m[ WARN] [1498557597.059316407]: Got bounding box for /boy but corresponding frame not yet published[0m
[33m[ WARN] [1498557597.059365578]: Got bounding box for /caravan but corresponding frame not yet published[0m
[33m[ WARN] [1498557597.059416583]: Got bounding box for /crocodile but corresponding frame not yet published[0m
[33m[ WARN] [1498557597.059455934]: Got bounding box for /elephant but corresponding frame not yet published[0m
[33m[ WARN] [1498557597.059493764]: Got bounding box for /giraffe but corresponding frame not yet published[0m
[33m[ WARN] [1498557597.059530802]: Got bounding box for /girl but corresponding frame not yet published[0m
[33m[ WARN] [1498557597.059567696]: Got bounding box for /hippo but corresponding frame not yet published[0m
[33m[ WARN] [1498557597.059626618]: Got bounding box for /lion but corresponding frame not yet published[0m
[33m[ WARN] [1498557597.059681460]: Got bounding box for /zebra but corresponding frame not yet published[0m
[33m[ WARN] [1498557597.259262307]: Got bounding box for /ball but corresponding frame not yet published[0m
[33m[ WARN] [1498557597.259336923]: Got bounding box for /boy but corresponding frame not yet published[0m
[33m[ WARN] [1498557597.259398877]: Got bounding box for /caravan but corresponding frame not yet published[0m
[33m[ WARN] [1498557597.259439441]: Got bounding box for /crocodile but corresponding frame not yet published[0m
[33m[ WARN] [1498557597.259478181]: Got bounding box for /elephant but corresponding frame not yet published[0m
[33m[ WARN] [1498557597.259527127]: Got bounding box for /giraffe but corresponding frame not yet published[0m
[33m[ WARN] [1498557597.259565530]: Got bounding box for /girl but corresponding frame not yet published[0m
[33m[ WARN] [1498557597.259602665]: Got bounding box for /hippo but corresponding frame not yet published[0m
[33m[ WARN] [1498557597.259667468]: Got bounding box for /lion but corresponding frame not yet published[0m
[33m[ WARN] [1498557597.259706831]: Got bounding box for /zebra but corresponding frame not yet published[0m
[33m[ WARN] [1498557597.459265686]: Got bounding box for /ball but corresponding frame not yet published[0m
[33m[ WARN] [1498557597.459329576]: Got bounding box for /boy but corresponding frame not yet published[0m
[33m[ WARN] [1498557597.459380819]: Got bounding box for /caravan but corresponding frame not yet published[0m
[33m[ WARN] [1498557597.459420161]: Got bounding box for /crocodile but corresponding frame not yet published[0m
[33m[ WARN] [1498557597.459469909]: Got bounding box for /elephant but corresponding frame not yet published[0m
[33m[ WARN] [1498557597.459533963]: Got bounding box for /giraffe but corresponding frame not yet published[0m
[33m[ WARN] [1498557597.459589865]: Got bounding box for /girl but corresponding frame not yet published[0m
[33m[ WARN] [1498557597.459678034]: Got bounding box for /hippo but corresponding frame not yet published[0m
[33m[ WARN] [1498557597.459719182]: Got bounding box for /lion but corresponding frame not yet published[0m
[33m[ WARN] [1498557597.459756088]: Got bounding box for /zebra but corresponding frame not yet published[0m
[33m[ WARN] [1498557597.659256765]: Got bounding box for /ball but corresponding frame not yet published[0m
[33m[ WARN] [1498557597.659312589]: Got bounding box for /boy but corresponding frame not yet published[0m
[33m[ WARN] [1498557597.659359765]: Got bounding box for /caravan but corresponding frame not yet published[0m
[33m[ WARN] [1498557597.659398537]: Got bounding box for /crocodile but corresponding frame not yet published[0m
[33m[ WARN] [1498557597.659436393]: Got bounding box for /elephant but corresponding frame not yet published[0m
[33m[ WARN] [1498557597.659473513]: Got bounding box for /giraffe but corresponding frame not yet published[0m
[33m[ WARN] [1498557597.659514684]: Got bounding box for /girl but corresponding frame not yet published[0m
[33m[ WARN] [1498557597.659562946]: Got bounding box for /hippo but corresponding frame not yet published[0m
[33m[ WARN] [1498557597.659619462]: Got bounding box for /lion but corresponding frame not yet published[0m
[33m[ WARN] [1498557597.659748869]: Got bounding box for /zebra but corresponding frame not yet published[0m
[33m[ WARN] [1498557597.859255127]: Got bounding box for /ball but corresponding frame not yet published[0m
[33m[ WARN] [1498557597.859320973]: Got bounding box for /boy but corresponding frame not yet published[0m
[33m[ WARN] [1498557597.859409499]: Got bounding box for /caravan but corresponding frame not yet published[0m
[33m[ WARN] [1498557597.859493546]: Got bounding box for /crocodile but corresponding frame not yet published[0m
[33m[ WARN] [1498557597.859577882]: Got bounding box for /elephant but corresponding frame not yet published[0m
[33m[ WARN] [1498557597.859673677]: Got bounding box for /giraffe but corresponding frame not yet published[0m
[33m[ WARN] [1498557597.859752831]: Got bounding box for /girl but corresponding frame not yet published[0m
[33m[ WARN] [1498557597.859836147]: Got bounding box for /hippo but corresponding frame not yet published[0m
[33m[ WARN] [1498557597.859900488]: Got bounding box for /lion but corresponding frame not yet published[0m
[33m[ WARN] [1498557597.859977214]: Got bounding box for /zebra but corresponding frame not yet published[0m
[33m[ WARN] [1498557598.059276743]: Got bounding box for /ball but corresponding frame not yet published[0m
[33m[ WARN] [1498557598.059383191]: Got bounding box for /boy but corresponding frame not yet published[0m
[33m[ WARN] [1498557598.059444168]: Got bounding box for /caravan but corresponding frame not yet published[0m
[33m[ WARN] [1498557598.059504014]: Got bounding box for /crocodile but corresponding frame not yet published[0m
[33m[ WARN] [1498557598.059577656]: Got bounding box for /elephant but corresponding frame not yet published[0m
[33m[ WARN] [1498557598.059655581]: Got bounding box for /giraffe but corresponding frame not yet published[0m
[33m[ WARN] [1498557598.059708782]: Got bounding box for /girl but corresponding frame not yet published[0m
[33m[ WARN] [1498557598.059766331]: Got bounding box for /hippo but corresponding frame not yet published[0m
[33m[ WARN] [1498557598.059824589]: Got bounding box for /lion but corresponding frame not yet published[0m
[33m[ WARN] [1498557598.059881807]: Got bounding box for /zebra but corresponding frame not yet published[0m
[33m[ WARN] [1498557598.259261291]: Got bounding box for /ball but corresponding frame not yet published[0m
[33m[ WARN] [1498557598.259322295]: Got bounding box for /boy but corresponding frame not yet published[0m
[33m[ WARN] [1498557598.259363136]: Got bounding box for /caravan but corresponding frame not yet published[0m
[33m[ WARN] [1498557598.259407413]: Got bounding box for /crocodile but corresponding frame not yet published[0m
[33m[ WARN] [1498557598.259460537]: Got bounding box for /elephant but corresponding frame not yet published[0m
[33m[ WARN] [1498557598.259510663]: Got bounding box for /giraffe but corresponding frame not yet published[0m
[33m[ WARN] [1498557598.259567465]: Got bounding box for /girl but corresponding frame not yet published[0m
[33m[ WARN] [1498557598.259623104]: Got bounding box for /hippo but corresponding frame not yet published[0m
[33m[ WARN] [1498557598.259698500]: Got bounding box for /lion but corresponding frame not yet published[0m
[33m[ WARN] [1498557598.259761432]: Got bounding box for /zebra but corresponding frame not yet published[0m
[33m[ WARN] [1498557598.459247325]: Got bounding box for /ball but corresponding frame not yet published[0m
[33m[ WARN] [1498557598.459313679]: Got bounding box for /boy but corresponding frame not yet published[0m
[33m[ WARN] [1498557598.459358401]: Got bounding box for /caravan but corresponding frame not yet published[0m
[33m[ WARN] [1498557598.459436232]: Got bounding box for /crocodile but corresponding frame not yet published[0m
[33m[ WARN] [1498557598.459493288]: Got bounding box for /elephant but corresponding frame not yet published[0m
[33m[ WARN] [1498557598.459552329]: Got bounding box for /giraffe but corresponding frame not yet published[0m
[33m[ WARN] [1498557598.459610764]: Got bounding box for /girl but corresponding frame not yet published[0m
[33m[ WARN] [1498557598.459703157]: Got bounding box for /hippo but corresponding frame not yet published[0m
[33m[ WARN] [1498557598.459756585]: Got bounding box for /lion but corresponding frame not yet published[0m
[33m[ WARN] [1498557598.459811259]: Got bounding box for /zebra but corresponding frame not yet published[0m
[33m[ WARN] [1498557598.659344587]: Got bounding box for /ball but corresponding frame not yet published[0m
[33m[ WARN] [1498557598.659531921]: Got bounding box for /boy but corresponding frame not yet published[0m
[33m[ WARN] [1498557598.659752580]: Got bounding box for /caravan but corresponding frame not yet published[0m
[33m[ WARN] [1498557598.659895987]: Got bounding box for /crocodile but corresponding frame not yet published[0m
[33m[ WARN] [1498557598.659966968]: Got bounding box for /elephant but corresponding frame not yet published[0m
[33m[ WARN] [1498557598.660040697]: Got bounding box for /giraffe but corresponding frame not yet published[0m
[33m[ WARN] [1498557598.660141732]: Got bounding box for /girl but corresponding frame not yet published[0m
[33m[ WARN] [1498557598.660215237]: Got bounding box for /hippo but corresponding frame not yet published[0m
[33m[ WARN] [1498557598.660279692]: Got bounding box for /lion but corresponding frame not yet published[0m
[33m[ WARN] [1498557598.660351391]: Got bounding box for /zebra but corresponding frame not yet published[0m
[33m[ WARN] [1498557598.859254867]: Got bounding box for /ball but corresponding frame not yet published[0m
[33m[ WARN] [1498557598.859304994]: Got bounding box for /boy but corresponding frame not yet published[0m
[33m[ WARN] [1498557598.859336603]: Got bounding box for /caravan but corresponding frame not yet published[0m
[33m[ WARN] [1498557598.859397710]: Got bounding box for /crocodile but corresponding frame not yet published[0m
[33m[ WARN] [1498557598.859449073]: Got bounding box for /elephant but corresponding frame not yet published[0m
[33m[ WARN] [1498557598.859501998]: Got bounding box for /giraffe but corresponding frame not yet published[0m
[33m[ WARN] [1498557598.859548490]: Got bounding box for /girl but corresponding frame not yet published[0m
[33m[ WARN] [1498557598.859596096]: Got bounding box for /hippo but corresponding frame not yet published[0m
[33m[ WARN] [1498557598.859664057]: Got bounding box for /lion but corresponding frame not yet published[0m
[33m[ WARN] [1498557598.859708389]: Got bounding box for /zebra but corresponding frame not yet published[0m
[33m[ WARN] [1498557599.059252224]: Got bounding box for /ball but corresponding frame not yet published[0m
[33m[ WARN] [1498557599.059312217]: Got bounding box for /boy but corresponding frame not yet published[0m
[33m[ WARN] [1498557599.059346664]: Got bounding box for /caravan but corresponding frame not yet published[0m
[33m[ WARN] [1498557599.059390971]: Got bounding box for /crocodile but corresponding frame not yet published[0m
[33m[ WARN] [1498557599.059446967]: Got bounding box for /elephant but corresponding frame not yet published[0m
[33m[ WARN] [1498557599.059491708]: Got bounding box for /giraffe but corresponding frame not yet published[0m
[33m[ WARN] [1498557599.059539567]: Got bounding box for /girl but corresponding frame not yet published[0m
[33m[ WARN] [1498557599.059584124]: Got bounding box for /hippo but corresponding frame not yet published[0m
[33m[ WARN] [1498557599.059630561]: Got bounding box for /lion but corresponding frame not yet published[0m
[33m[ WARN] [1498557599.059716432]: Got bounding box for /zebra but corresponding frame not yet published[0m
[33m[ WARN] [1498557599.259283260]: Got bounding box for /ball but corresponding frame not yet published[0m
[33m[ WARN] [1498557599.259341061]: Got bounding box for /boy but corresponding frame not yet published[0m
[33m[ WARN] [1498557599.259375458]: Got bounding box for /caravan but corresponding frame not yet published[0m
[33m[ WARN] [1498557599.259406208]: Got bounding box for /crocodile but corresponding frame not yet published[0m
[33m[ WARN] [1498557599.259435970]: Got bounding box for /elephant but corresponding frame not yet published[0m
[33m[ WARN] [1498557599.259465805]: Got bounding box for /giraffe but corresponding frame not yet published[0m
[33m[ WARN] [1498557599.259492896]: Got bounding box for /girl but corresponding frame not yet published[0m
[33m[ WARN] [1498557599.259522552]: Got bounding box for /hippo but corresponding frame not yet published[0m
[33m[ WARN] [1498557599.259583293]: Got bounding box for /lion but corresponding frame not yet published[0m
[33m[ WARN] [1498557599.259624335]: Got bounding box for /zebra but corresponding frame not yet published[0m
[33m[ WARN] [1498557599.459286907]: Got bounding box for /ball but corresponding frame not yet published[0m
[33m[ WARN] [1498557599.459340837]: Got bounding box for /boy but corresponding frame not yet published[0m
[33m[ WARN] [1498557599.459373665]: Got bounding box for /caravan but corresponding frame not yet published[0m
[33m[ WARN] [1498557599.459415591]: Got bounding box for /crocodile but corresponding frame not yet published[0m
[33m[ WARN] [1498557599.459469639]: Got bounding box for /elephant but corresponding frame not yet published[0m
[33m[ WARN] [1498557599.459510347]: Got bounding box for /giraffe but corresponding frame not yet published[0m
[33m[ WARN] [1498557599.459556253]: Got bounding box for /girl but corresponding frame not yet published[0m
[33m[ WARN] [1498557599.459600964]: Got bounding box for /hippo but corresponding frame not yet published[0m
[33m[ WARN] [1498557599.459664967]: Got bounding box for /lion but corresponding frame not yet published[0m
[33m[ WARN] [1498557599.459712594]: Got bounding box for /zebra but corresponding frame not yet published[0m
[33m[ WARN] [1498557599.659546493]: Got bounding box for /ball but corresponding frame not yet published[0m
[33m[ WARN] [1498557599.659607967]: Got bounding box for /boy but corresponding frame not yet published[0m
[33m[ WARN] [1498557599.659665471]: Got bounding box for /caravan but corresponding frame not yet published[0m
[33m[ WARN] [1498557599.659698320]: Got bounding box for /crocodile but corresponding frame not yet published[0m
[33m[ WARN] [1498557599.659727541]: Got bounding box for /elephant but corresponding frame not yet published[0m
[33m[ WARN] [1498557599.659755992]: Got bounding box for /giraffe but corresponding frame not yet published[0m
[33m[ WARN] [1498557599.659783954]: Got bounding box for /girl but corresponding frame not yet published[0m
[33m[ WARN] [1498557599.659812227]: Got bounding box for /hippo but corresponding frame not yet published[0m
[33m[ WARN] [1498557599.659839829]: Got bounding box for /lion but corresponding frame not yet published[0m
[33m[ WARN] [1498557599.659867372]: Got bounding box for /zebra but corresponding frame not yet published[0m
[33m[ WARN] [1498557599.859290466]: Got bounding box for /ball but corresponding frame not yet published[0m
[33m[ WARN] [1498557599.859370331]: Got bounding box for /boy but corresponding frame not yet published[0m
[33m[ WARN] [1498557599.859454920]: Got bounding box for /caravan but corresponding frame not yet published[0m
[33m[ WARN] [1498557599.859535942]: Got bounding box for /crocodile but corresponding frame not yet published[0m
[33m[ WARN] [1498557599.859616785]: Got bounding box for /elephant but corresponding frame not yet published[0m
[33m[ WARN] [1498557599.859815393]: Got bounding box for /giraffe but corresponding frame not yet published[0m
[33m[ WARN] [1498557599.859883583]: Got bounding box for /girl but corresponding frame not yet published[0m
[33m[ WARN] [1498557599.859941367]: Got bounding box for /hippo but corresponding frame not yet published[0m
[33m[ WARN] [1498557599.859999153]: Got bounding box for /lion but corresponding frame not yet published[0m
[33m[ WARN] [1498557599.860055810]: Got bounding box for /zebra but corresponding frame not yet published[0m
[33m[ WARN] [1498557600.059297667]: Got bounding box for /ball but corresponding frame not yet published[0m
[33m[ WARN] [1498557600.059365085]: Got bounding box for /boy but corresponding frame not yet published[0m
[33m[ WARN] [1498557600.059441075]: Got bounding box for /caravan but corresponding frame not yet published[0m
[33m[ WARN] [1498557600.059572284]: Got bounding box for /crocodile but corresponding frame not yet publish