[rospy.client][INFO] 2017-07-06 14:00:55,845: init_node, name[/sandbox_zones_from_image], pid[29361]
[xmlrpc][INFO] 2017-07-06 14:00:55,845: XML-RPC server binding to 0.0.0.0:0
[xmlrpc][INFO] 2017-07-06 14:00:55,846: Started XML-RPC server [http://sandtray-hrilab:41265/]
[rospy.init][INFO] 2017-07-06 14:00:55,846: ROS Slave URI: [http://sandtray-hrilab:41265/]
[rospy.impl.masterslave][INFO] 2017-07-06 14:00:55,846: _ready: http://sandtray-hrilab:41265/
[rospy.registration][INFO] 2017-07-06 14:00:55,847: Registering with master node http://localhost:11311
[xmlrpc][INFO] 2017-07-06 14:00:55,847: xml rpc node: starting XML-RPC server
[rospy.init][INFO] 2017-07-06 14:00:55,946: registered with master
[rospy.rosout][INFO] 2017-07-06 14:00:55,946: initializing /rosout core topic
[rospy.rosout][INFO] 2017-07-06 14:00:55,949: connected to core topic /rosout
[rospy.simtime][INFO] 2017-07-06 14:00:55,950: /use_sim_time is not set, will not subscribe to simulated time [/clock] topic
[rosout][INFO] 2017-07-06 14:00:55,957: Waiting for images of the playground
[rospy.internal][INFO] 2017-07-06 14:00:55,962: topic[/sandtray/background/image] adding connection to [http://sandtray-hrilab:33564/], count 0
[rospy.internal][INFO] 2017-07-06 14:00:55,962: topic[/sandtray/background/camera_info] adding connection to [http://sandtray-hrilab:33564/], count 0
[rosout][INFO] 2017-07-06 14:00:55,975: Received the playground image. Detecting zones...
[rosout][INFO] 2017-07-06 14:00:55,995: Publishing the detected zones on /zones
[rospy.internal][INFO] 2017-07-06 14:00:56,180: topic[/rosout] adding connection to [/rosout], count 0
[rosout][INFO] 2017-07-06 14:03:11,959: Received the playground image. Detecting zones...
[rosout][INFO] 2017-07-06 14:03:11,972: Publishing the detected zones on /zones
[rosout][INFO] 2017-07-06 14:04:05,709: Received the playground image. Detecting zones...
[rosout][INFO] 2017-07-06 14:04:05,724: Publishing the detected zones on /zones
[rosout][INFO] 2017-07-06 14:04:09,711: Received the playground image. Detecting zones...
[rosout][INFO] 2017-07-06 14:04:09,728: Publishing the detected zones on /zones
[rosout][INFO] 2017-07-06 14:04:13,205: Received the playground image. Detecting zones...
[rosout][INFO] 2017-07-06 14:04:13,216: Publishing the detected zones on /zones
[rosout][INFO] 2017-07-06 14:04:20,455: Received the playground image. Detecting zones...
[rosout][INFO] 2017-07-06 14:04:20,469: Publishing the detected zones on /zones
[rosout][INFO] 2017-07-06 14:04:26,697: Received the playground image. Detecting zones...
[rosout][INFO] 2017-07-06 14:04:26,714: Publishing the detected zones on /zones
[rosout][INFO] 2017-07-06 14:04:31,209: Received the playground image. Detecting zones...
[rosout][INFO] 2017-07-06 14:04:31,221: Publishing the detected zones on /zones
[rosout][INFO] 2017-07-06 14:04:37,208: Received the playground image. Detecting zones...
[rosout][INFO] 2017-07-06 14:04:37,221: Publishing the detected zones on /zones
[rosout][INFO] 2017-07-06 14:04:39,454: Received the playground image. Detecting zones...
[rosout][INFO] 2017-07-06 14:04:39,471: Publishing the detected zones on /zones
[rosout][INFO] 2017-07-06 14:04:42,462: Received the playground image. Detecting zones...
[rosout][INFO] 2017-07-06 14:04:42,479: Publishing the detected zones on /zones
[rosout][INFO] 2017-07-06 14:04:43,453: Received the playground image. Detecting zones...
[rosout][INFO] 2017-07-06 14:04:43,469: Publishing the detected zones on /zones
[rosout][INFO] 2017-07-06 14:04:47,710: Received the playground image. Detecting zones...
[rosout][INFO] 2017-07-06 14:04:47,727: Publishing the detected zones on /zones
[rosout][INFO] 2017-07-06 14:04:48,199: Received the playground image. Detecting zones...
[rosout][INFO] 2017-07-06 14:04:48,211: Publishing the detected zones on /zones
[rosout][INFO] 2017-07-06 14:04:49,942: Received the playground image. Detecting zones...
[rosout][INFO] 2017-07-06 14:04:49,953: Publishing the detected zones on /zones
[rosout][INFO] 2017-07-06 14:04:51,711: Received the playground image. Detecting zones...
[rosout][INFO] 2017-07-06 14:04:51,729: Publishing the detected zones on /zones
[rosout][INFO] 2017-07-06 14:04:52,950: Received the playground image. Detecting zones...
[rosout][INFO] 2017-07-06 14:04:52,961: Publishing the detected zones on /zones
[rosout][INFO] 2017-07-06 14:04:53,950: Received the playground image. Detecting zones...
[rosout][INFO] 2017-07-06 14:04:53,962: Publishing the detected zones on /zones
[rosout][INFO] 2017-07-06 14:04:55,713: Received the playground image. Detecting zones...
[rosout][INFO] 2017-07-06 14:04:55,731: Publishing the detected zones on /zones
[rosout][INFO] 2017-07-06 14:04:56,953: Received the playground image. Detecting zones...
[rosout][INFO] 2017-07-06 14:04:56,965: Publishing the detected zones on /zones
[rosout][INFO] 2017-07-06 14:05:23,960: Received the playground image. Detecting zones...
[rosout][INFO] 2017-07-06 14:05:23,975: Publishing the detected zones on /zones
[rosout][INFO] 2017-07-06 14:10:06,208: Received the playground image. Detecting zones...
[rosout][INFO] 2017-07-06 14:10:06,221: Publishing the detected zones on /zones
[rospy.internal][INFO] 2017-07-06 14:10:06,984: topic[/zones] adding connection to [/rosbag_record_freeplay_sandbox], count 0
[rospy.internal][INFO] 2017-07-06 14:10:07,489: topic[/zones] adding connection to [/sandbox_play], count 1
[rosout][INFO] 2017-07-06 14:11:33,243: Received the playground image. Detecting zones...
[rosout][INFO] 2017-07-06 14:11:33,273: Publishing the detected zones on /zones
[rosout][INFO] 2017-07-06 14:11:36,747: Received the playground image. Detecting zones...
[rosout][INFO] 2017-07-06 14:11:36,770: Publishing the detected zones on /zones
[rosout][INFO] 2017-07-06 14:11:39,720: Received the playground image. Detecting zones...
[rosout][INFO] 2017-07-06 14:11:39,747: Publishing the detected zones on /zones
[rosout][INFO] 2017-07-06 14:11:49,494: Received the playground image. Detecting zones...
[rosout][INFO] 2017-07-06 14:11:49,521: Publishing the detected zones on /zones
[rosout][INFO] 2017-07-06 14:11:52,730: Received the playground image. Detecting zones...
[rosout][INFO] 2017-07-06 14:11:52,761: Publishing the detected zones on /zones
[rosout][INFO] 2017-07-06 14:12:52,005: Received the playground image. Detecting zones...
[rosout][INFO] 2017-07-06 14:12:52,041: Publishing the detected zones on /zones
[rosout][INFO] 2017-07-06 14:12:57,775: Received the playground image. Detecting zones...
[rosout][INFO] 2017-07-06 14:12:57,804: Publishing the detected zones on /zones
[rosout][INFO] 2017-07-06 14:13:43,967: Received the playground image. Detecting zones...
[rosout][INFO] 2017-07-06 14:13:43,997: Publishing the detected zones on /zones
[rosout][INFO] 2017-07-06 14:13:58,485: Received the playground image. Detecting zones...
[rosout][INFO] 2017-07-06 14:13:58,507: Publishing the detected zones on /zones
[rosout][INFO] 2017-07-06 14:14:03,496: Received the playground image. Detecting zones...
[rosout][INFO] 2017-07-06 14:14:03,525: Publishing the detected zones on /zones
[rosout][INFO] 2017-07-06 14:14:06,474: Received the playground image. Detecting zones...
[rosout][INFO] 2017-07-06 14:14:06,496: Publishing the detected zones on /zones
[rosout][INFO] 2017-07-06 14:14:19,017: Received the playground image. Detecting zones...
[rosout][INFO] 2017-07-06 14:14:19,054: Publishing the detected zones on /zones
[rosout][INFO] 2017-07-06 14:14:23,769: Received the playground image. Detecting zones...
[rosout][INFO] 2017-07-06 14:14:23,803: Publishing the detected zones on /zones
[rosout][INFO] 2017-07-06 14:14:27,229: Received the playground image. Detecting zones...
[rosout][INFO] 2017-07-06 14:14:27,258: Publishing the detected zones on /zones
[rosout][INFO] 2017-07-06 14:14:29,007: Received the playground image. Detecting zones...
[rosout][INFO] 2017-07-06 14:14:29,042: Publishing the detected zones on /zones
[rosout][INFO] 2017-07-06 14:14:30,987: Received the playground image. Detecting zones...
[rosout][INFO] 2017-07-06 14:14:31,013: Publishing the detected zones on /zones
[rosout][INFO] 2017-07-06 14:14:32,747: Received the playground image. Detecting zones...
[rosout][INFO] 2017-07-06 14:14:32,772: Publishing the detected zones on /zones
[rosout][INFO] 2017-07-06 14:14:34,254: Received the playground image. Detecting zones...
[rosout][INFO] 2017-07-06 14:14:34,282: Publishing the detected zones on /zones
[rosout][INFO] 2017-07-06 14:14:36,256: Received the playground image. Detecting zones...
[rosout][INFO] 2017-07-06 14:14:36,283: Publishing the detected zones on /zones
[rosout][INFO] 2017-07-06 14:14:40,003: Received the playground image. Detecting zones...
[rosout][INFO] 2017-07-06 14:14:40,029: Publishing the detected zones on /zones
[rosout][INFO] 2017-07-06 14:14:41,750: Received the playground image. Detecting zones...
[rosout][INFO] 2017-07-06 14:14:41,768: Publishing the detected zones on /zones
[rosout][INFO] 2017-07-06 14:14:44,735: Received the playground image. Detecting zones...
[rosout][INFO] 2017-07-06 14:14:44,770: Publishing the detected zones on /zones
[rosout][INFO] 2017-07-06 14:14:47,988: Received the playground image. Detecting zones...
[rosout][INFO] 2017-07-06 14:14:48,020: Publishing the detected zones on /zones
[rosout][INFO] 2017-07-06 14:14:51,476: Received the playground image. Detecting zones...
[rosout][INFO] 2017-07-06 14:14:51,499: Publishing the detected zones on /zones
[rosout][INFO] 2017-07-06 14:14:52,739: Received the playground image. Detecting zones...
[rosout][INFO] 2017-07-06 14:14:52,772: Publishing the detected zones on /zones
[rosout][INFO] 2017-07-06 14:14:54,254: Received the playground image. Detecting zones...
[rosout][INFO] 2017-07-06 14:14:54,280: Publishing the detected zones on /zones
[rosout][INFO] 2017-07-06 14:14:55,993: Received the playground image. Detecting zones...
[rosout][INFO] 2017-07-06 14:14:56,038: Publishing the detected zones on /zones
[rosout][INFO] 2017-07-06 14:14:57,261: Received the playground image. Detecting zones...
[rosout][INFO] 2017-07-06 14:14:57,287: Publishing the detected zones on /zones
[rosout][INFO] 2017-07-06 14:15:01,992: Received the playground image. Detecting zones...
[rosout][INFO] 2017-07-06 14:15:02,022: Publishing the detected zones on /zones
[rosout][INFO] 2017-07-06 14:15:05,985: Received the playground image. Detecting zones...
[rosout][INFO] 2017-07-06 14:15:06,016: Publishing the detected zones on /zones
[rosout][INFO] 2017-07-06 14:15:06,998: Received the playground image. Detecting zones...
[rosout][INFO] 2017-07-06 14:15:07,026: Publishing the detected zones on /zones
[rosout][INFO] 2017-07-06 14:15:30,714: Received the playground image. Detecting zones...
[rosout][INFO] 2017-07-06 14:15:30,753: Publishing the detected zones on /zones
[rosout][INFO] 2017-07-06 14:15:34,238: Received the playground image. Detecting zones...
[rosout][INFO] 2017-07-06 14:15:34,264: Publishing the detected zones on /zones
[rosout][INFO] 2017-07-06 14:15:41,997: Received the playground image. Detecting zones...
[rosout][INFO] 2017-07-06 14:15:42,025: Publishing the detected zones on /zones
[rosout][INFO] 2017-07-06 14:15:47,249: Received the playground image. Detecting zones...
[rosout][INFO] 2017-07-06 14:15:47,272: Publishing the detected zones on /zones
[rosout][INFO] 2017-07-06 14:16:39,013: Received the playground image. Detecting zones...
[rosout][INFO] 2017-07-06 14:16:39,034: Publishing the detected zones on /zones
[rosout][INFO] 2017-07-06 14:16:43,507: Received the playground image. Detecting zones...
[rosout][INFO] 2017-07-06 14:16:43,542: Publishing the detected zones on /zones
[rosout][INFO] 2017-07-06 14:16:48,735: Received the playground image. Detecting zones...
[rosout][INFO] 2017-07-06 14:16:48,759: Publishing the detected zones on /zones
[rosout][INFO] 2017-07-06 14:16:50,979: Received the playground image. Detecting zones...
[rosout][INFO] 2017-07-06 14:16:51,015: Publishing the detected zones on /zones
[rosout][INFO] 2017-07-06 14:16:52,247: Received the playground image. Detecting zones...
[rosout][INFO] 2017-07-06 14:16:52,268: Publishing the detected zones on /zones
[rosout][INFO] 2017-07-06 14:17:04,737: Received the playground image. Detecting zones...
[rosout][INFO] 2017-07-06 14:17:04,779: Publishing the detected zones on /zones
[rosout][INFO] 2017-07-06 14:17:10,989: Received the playground image. Detecting zones...
[rosout][INFO] 2017-07-06 14:17:11,016: Publishing the detected zones on /zones
[rosout][INFO] 2017-07-06 14:17:16,263: Received the playground image. Detecting zones...
[rosout][INFO] 2017-07-06 14:17:16,297: Publishing the detected zones on /zones
[rosout][INFO] 2017-07-06 14:17:17,980: Received the playground image. Detecting zones...
[rosout][INFO] 2017-07-06 14:17:18,022: Publishing the detected zones on /zones
[rosout][INFO] 2017-07-06 14:17:19,999: Received the playground image. Detecting zones...
[rosout][INFO] 2017-07-06 14:17:20,020: Publishing the detected zones on /zones
[rosout][INFO] 2017-07-06 14:17:21,257: Received the playground image. Detecting zones...
[rosout][INFO] 2017-07-06 14:17:21,277: Publishing the detected zones on /zones
[rosout][INFO] 2017-07-06 14:17:22,231: Received the playground image. Detecting zones...
[rosout][INFO] 2017-07-06 14:17:22,256: Publishing the detected zones on /zones
[rosout][INFO] 2017-07-06 14:17:26,759: Received the playground image. Detecting zones...
[rosout][INFO] 2017-07-06 14:17:26,788: Publishing the detected zones on /zones
[rosout][INFO] 2017-07-06 14:17:35,243: Received the playground image. Detecting zones...
[rosout][INFO] 2017-07-06 14:17:35,263: Publishing the detected zones on /zones
[rosout][INFO] 2017-07-06 14:17:41,990: Received the playground image. Detecting zones...
[rosout][INFO] 2017-07-06 14:17:42,011: Publishing the detected zones on /zones
[rosout][INFO] 2017-07-06 14:17:44,237: Received the playground image. Detecting zones...
[rosout][INFO] 2017-07-06 14:17:44,272: Publishing the detected zones on /zones
[rosout][INFO] 2017-07-06 14:17:49,998: Received the playground image. Detecting zones...
[rosout][INFO] 2017-07-06 14:17:50,025: Publishing the detected zones on /zones
[rosout][INFO] 2017-07-06 14:17:53,986: Received the playground image. Detecting zones...
[rosout][INFO] 2017-07-06 14:17:54,021: Publishing the detected zones on /zones
[rosout][INFO] 2017-07-06 14:17:56,239: Received the playground image. Detecting zones...
[rosout][INFO] 2017-07-06 14:17:56,261: Publishing the detected zones on /zones
[rosout][INFO] 2017-07-06 14:18:04,226: Received the playground image. Detecting zones...
[rosout][INFO] 2017-07-06 14:18:04,249: Publishing the detected zones on /zones
[rosout][INFO] 2017-07-06 14:18:20,978: Received the playground image. Detecting zones...
[rosout][INFO] 2017-07-06 14:18:20,995: Publishing the detected zones on /zones
[rosout][INFO] 2017-07-06 14:18:31,988: Received the playground image. Detecting zones...
[rosout][INFO] 2017-07-06 14:18:32,012: Publishing the detected zones on /zones
[rosout][INFO] 2017-07-06 14:18:36,022: Received the playground image. Detecting zones...
[rosout][INFO] 2017-07-06 14:18:36,046: Publishing the detected zones on /zones
[rosout][INFO] 2017-07-06 14:18:38,228: Received the playground image. Detecting zones...
[rosout][INFO] 2017-07-06 14:18:38,249: Publishing the detected zones on /zones
[rosout][INFO] 2017-07-06 14:18:45,477: Received the playground image. Detecting zones...
[rosout][INFO] 2017-07-06 14:18:45,499: Publishing the detected zones on /zones
[rosout][INFO] 2017-07-06 14:18:47,237: Received the playground image. Detecting zones...
[rosout][INFO] 2017-07-06 14:18:47,259: Publishing the detected zones on /zones
[rosout][INFO] 2017-07-06 14:18:48,243: Received the playground image. Detecting zones...
[rosout][INFO] 2017-07-06 14:18:48,265: Publishing the detected zones on /zones
[rosout][INFO] 2017-07-06 14:18:48,994: Received the playground image. Detecting zones...
[rosout][INFO] 2017-07-06 14:18:49,017: Publishing the detected zones on /zones
[rosout][INFO] 2017-07-06 14:18:53,256: Received the playground image. Detecting zones...
[rosout][INFO] 2017-07-06 14:18:53,276: Publishing the detected zones on /zones
[rosout][INFO] 2017-07-06 14:18:54,245: Received the playground image. Detecting zones...
[rosout][INFO] 2017-07-06 14:18:54,270: Publishing the detected zones on /zones
[rosout][INFO] 2017-07-06 14:18:55,499: Received the playground image. Detecting zones...
[rosout][INFO] 2017-07-06 14:18:55,532: Publishing the detected zones on /zones
[rosout][INFO] 2017-07-06 14:19:02,726: Received the playground image. Detecting zones...
[rosout][INFO] 2017-07-06 14:19:02,746: Publishing the detected zones on /zones
[rosout][INFO] 2017-07-06 14:19:09,228: Received the playground image. Detecting zones...
[rosout][INFO] 2017-07-06 14:19:09,246: Publishing the detected zones on /zones
[rosout][INFO] 2017-07-06 14:19:32,003: Received the playground image. Detecting zones...
[rosout][INFO] 2017-07-06 14:19:32,021: Publishing the detected zones on /zones
[rosout][INFO] 2017-07-06 14:19:36,475: Received the playground image. Detecting zones...
[rosout][INFO] 2017-07-06 14:19:36,498: Publishing the detected zones on /zones
[rosout][INFO] 2017-07-06 14:19:48,749: Received the playground image. Detecting zones...
[rosout][INFO] 2017-07-06 14:19:48,769: Publishing the detected zones on /zones
[rosout][INFO] 2017-07-06 14:19:53,734: Received the playground image. Detecting zones...
[rosout][INFO] 2017-07-06 14:19:53,759: Publishing the detected zones on /zones
[rosout][INFO] 2017-07-06 14:20:00,215: Received the playground image. Detecting zones...
[rosout][INFO] 2017-07-06 14:20:00,235: Publishing the detected zones on /zones
[rosout][INFO] 2017-07-06 14:20:11,496: Received the playground image. Detecting zones...
[rosout][INFO] 2017-07-06 14:20:11,524: Publishing the detected zones on /zones
[rosout][INFO] 2017-07-06 14:20:16,496: Received the playground image. Detecting zones...
[rosout][INFO] 2017-07-06 14:20:16,527: Publishing the detected zones on /zones
[rosout][INFO] 2017-07-06 14:20:19,481: Received the playground image. Detecting zones...
[rosout][INFO] 2017-07-06 14:20:19,503: Publishing the detected zones on /zones
[rosout][INFO] 2017-07-06 14:20:22,468: Received the playground image. Detecting zones...
[rosout][INFO] 2017-07-06 14:20:22,495: Publishing the detected zones on /zones
[rosout][INFO] 2017-07-06 14:20:24,005: Received the playground image. Detecting zones...
[rosout][INFO] 2017-07-06 14:20:24,058: Publishing the detected zones on /zones
[rosout][INFO] 2017-07-06 14:20:25,243: Received the playground image. Detecting zones...
[rosout][INFO] 2017-07-06 14:20:25,268: Publishing the detected zones on /zones
[rosout][INFO] 2017-07-06 14:20:26,999: Received the playground image. Detecting zones...
[rosout][INFO] 2017-07-06 14:20:27,024: Publishing the detected zones on /zones
[rosout][INFO] 2017-07-06 14:20:27,994: Received the playground image. Detecting zones...
[rosout][INFO] 2017-07-06 14:20:28,028: Publishing the detected zones on /zones
[rosout][INFO] 2017-07-06 14:20:28,764: Received the playground image. Detecting zones...
[rosout][INFO] 2017-07-06 14:20:28,794: Publishing the detected zones on /zones
[rosout][INFO] 2017-07-06 14:20:29,747: Received the playground image. Detecting zones...
[rosout][INFO] 2017-07-06 14:20:29,776: Publishing the detected zones on /zones
[rosout][INFO] 2017-07-06 14:20:30,981: Received the playground image. Detecting zones...
[rosout][INFO] 2017-07-06 14:20:30,997: Publishing the detected zones on /zones
[rosout][INFO] 2017-07-06 14:20:31,987: Received the playground image. Detecting zones...
[rosout][INFO] 2017-07-06 14:20:32,028: Publishing the detected zones on /zones
[rosout][INFO] 2017-07-06 14:20:38,238: Received the playground image. Detecting zones...
[rosout][INFO] 2017-07-06 14:20:38,265: Publishing the detected zones on /zones
[rosout][INFO] 2017-07-06 14:20:44,478: Received the playground image. Detecting zones...
[rosout][INFO] 2017-07-06 14:20:44,498: Publishing the detected zones on /zones
[rosout][INFO] 2017-07-06 14:20:48,994: Received the playground image. Detecting zones...
[rosout][INFO] 2017-07-06 14:20:49,030: Publishing the detected zones on /zones
[rosout][INFO] 2017-07-06 14:20:52,995: Received the playground image. Detecting zones...
[rosout][INFO] 2017-07-06 14:20:53,022: Publishing the detected zones on /zones
[rosout][INFO] 2017-07-06 14:20:59,253: Received the playground image. Detecting zones...
[rosout][INFO] 2017-07-06 14:20:59,286: Publishing the detected zones on /zones
[rosout][INFO] 2017-07-06 14:21:02,743: Received the playground image. Detecting zones...
[rosout][INFO] 2017-07-06 14:21:02,769: Publishing the detected zones on /zones
[rosout][INFO] 2017-07-06 14:21:11,006: Received the playground image. Detecting zones...
[rosout][INFO] 2017-07-06 14:21:11,048: Publishing the detected zones on /zones
[rosout][INFO] 2017-07-06 14:21:13,989: Received the playground image. Detecting zones...
[rosout][INFO] 2017-07-06 14:21:14,018: Publishing the detected zones on /zones
[rosout][INFO] 2017-07-06 14:21:44,248: Received the playground image. Detecting zones...
[rosout][INFO] 2017-07-06 14:21:44,271: Publishing the detected zones on /zones
[rosout][INFO] 2017-07-06 14:22:00,273: Received the playground image. Detecting zones...
[rosout][INFO] 2017-07-06 14:22:00,301: Publishing the detected zones on /zones
[rosout][INFO] 2017-07-06 14:23:06,242: Received the playground image. Detecting zones...
[rosout][INFO] 2017-07-06 14:23:06,287: Publishing the detected zones on /zones
[rosout][INFO] 2017-07-06 14:23:12,989: Received the playground image. Detecting zones...
[rosout][INFO] 2017-07-06 14:23:13,024: Publishing the detected zones on /zones
[rosout][INFO] 2017-07-06 14:23:17,993: Received the playground image. Detecting zones...
[rosout][INFO] 2017-07-06 14:23:18,017: Publishing the detected zones on /zones
[rosout][INFO] 2017-07-06 14:23:36,985: Received the playground image. Detecting zones...
[rosout][INFO] 2017-07-06 14:23:37,001: Publishing the detected zones on /zones
[rosout][INFO] 2017-07-06 14:24:22,984: Received the playground image. Detecting zones...
[rosout][INFO] 2017-07-06 14:24:23,011: Publishing the detected zones on /zones
[rosout][INFO] 2017-07-06 14:24:31,226: Received the playground image. Detecting zones...
[rosout][INFO] 2017-07-06 14:24:31,249: Publishing the detected zones on /zones
[rosout][INFO] 2017-07-06 14:24:38,222: Received the playground image. Detecting zones...
[rosout][INFO] 2017-07-06 14:24:38,248: Publishing the detected zones on /zones
[rosout][INFO] 2017-07-06 14:24:42,478: Received the playground image. Detecting zones...
[rosout][INFO] 2017-07-06 14:24:42,504: Publishing the detected zones on /zones
[rosout][INFO] 2017-07-06 14:24:46,235: Received the playground image. Detecting zones...
[rosout][INFO] 2017-07-06 14:24:46,256: Publishing the detected zones on /zones
[rosout][INFO] 2017-07-06 14:24:51,996: Received the playground image. Detecting zones...
[rosout][INFO] 2017-07-06 14:24:52,032: Publishing the detected zones on /zones
[rosout][INFO] 2017-07-06 14:24:54,258: Received the playground image. Detecting zones...
[rosout][INFO] 2017-07-06 14:24:54,279: Publishing the detected zones on /zones
[rosout][INFO] 2017-07-06 14:25:01,227: Received the playground image. Detecting zones...
[rosout][INFO] 2017-07-06 14:25:01,247: Publishing the detected zones on /zones
[rosout][INFO] 2017-07-06 14:25:09,973: Received the playground image. Detecting zones...
[rosout][INFO] 2017-07-06 14:25:10,004: Publishing the detected zones on /zones
[rosout][INFO] 2017-07-06 14:25:15,493: Received the playground image. Detecting zones...
[rosout][INFO] 2017-07-06 14:25:15,527: Publishing the detected zones on /zones
[rosout][INFO] 2017-07-06 14:25:29,486: Received the playground image. Detecting zones...
[rosout][INFO] 2017-07-06 14:25:29,503: Publishing the detected zones on /zones
[rosout][INFO] 2017-07-06 14:25:41,479: Received the playground image. Detecting zones...
[rosout][INFO] 2017-07-06 14:25:41,499: Publishing the detected zones on /zones
[rosout][INFO] 2017-07-06 14:25:42,734: Received the playground image. Detecting zones...
[rosout][INFO] 2017-07-06 14:25:42,768: Publishing the detected zones on /zones
[rosout][INFO] 2017-07-06 14:25:47,983: Received the playground image. Detecting zones...
[rosout][INFO] 2017-07-06 14:25:48,007: Publishing the detected zones on /zones
[rosout][INFO] 2017-07-06 14:25:49,746: Received the playground image. Detecting zones...
[rosout][INFO] 2017-07-06 14:25:49,768: Publishing the detected zones on /zones
[rosout][INFO] 2017-07-06 14:25:50,746: Received the playground image. Detecting zones...
[rosout][INFO] 2017-07-06 14:25:50,766: Publishing the detected zones on /zones
[rosout][INFO] 2017-07-06 14:25:52,007: Received the playground image. Detecting zones...
[rosout][INFO] 2017-07-06 14:25:52,043: Publishing the detected zones on /zones
[rosout][INFO] 2017-07-06 14:25:52,994: Received the playground image. Detecting zones...
[rosout][INFO] 2017-07-06 14:25:53,025: Publishing the detected zones on /zones
[rosout][INFO] 2017-07-06 14:25:53,992: Received the playground image. Detecting zones...
[rosout][INFO] 2017-07-06 14:25:54,015: Publishing the detected zones on /zones
[rosout][INFO] 2017-07-06 14:25:54,989: Received the playground image. Detecting zones...
[rosout][INFO] 2017-07-06 14:25:55,012: Publishing the detected zones on /zones
[rosout][INFO] 2017-07-06 14:25:58,731: Received the playground image. Detecting zones...
[rosout][INFO] 2017-07-06 14:25:58,775: Publishing the detected zones on /zones
[rosout][INFO] 2017-07-06 14:26:04,236: Received the playground image. Detecting zones...
[rosout][INFO] 2017-07-06 14:26:04,256: Publishing the detected zones on /zones
[rosout][INFO] 2017-07-06 14:26:05,243: Received the playground image. Detecting zones...
[rosout][INFO] 2017-07-06 14:26:05,279: Publishing the detected zones on /zones
[rosout][INFO] 2017-07-06 14:26:06,230: Received the playground image. Detecting zones...
[rosout][INFO] 2017-07-06 14:26:06,261: Publishing the detected zones on /zones
[rosout][INFO] 2017-07-06 14:26:11,247: Received the playground image. Detecting zones...
[rosout][INFO] 2017-07-06 14:26:11,273: Publishing the detected zones on /zones
[rosout][INFO] 2017-07-06 14:26:32,759: Received the playground image. Detecting zones...
[rosout][INFO] 2017-07-06 14:26:32,779: Publishing the detected zones on /zones
[rosout][WARNING] 2017-07-06 14:27:36,182: Inbound TCP/IP connection failed: connection from sender terminated before handshake header received. 0 bytes were received. Please check sender for additional details.
[rospy.internal][ERROR] 2017-07-06 14:27:36,183: Inbound TCP/IP connection failed:
Traceback (most recent call last):
  File "/opt/ros/kinetic/lib/python2.7/dist-packages/rospy/impl/tcpros_base.py", line 321, in _tcp_server_callback
    header = read_ros_handshake_header(sock, StringIO(), buff_size)
  File "/opt/ros/kinetic/lib/python2.7/dist-packages/rosgraph/network.py", line 364, in read_ros_handshake_header
    raise ROSHandshakeException("connection from sender terminated before handshake header received. %s bytes were received. Please check sender for additional details."%b.tell())
ROSHandshakeException: connection from sender terminated before handshake header received. 0 bytes were received. Please check sender for additional details.

[rospy.internal][INFO] 2017-07-06 14:27:36,401: topic[/zones] removing connection to /sandbox_play
[rospy.internal][INFO] 2017-07-06 14:27:45,906: topic[/zones] removing connection to /rosbag_record_freeplay_sandbox
[rospy.core][INFO] 2017-07-06 14:27:50,128: signal_shutdown [signal-2]
[rospy.internal][INFO] 2017-07-06 14:27:50,133: topic[/rosout] removing connection to /rosout
[rospy.internal][INFO] 2017-07-06 14:27:50,133: topic[/sandtray/background/image] removing connection to http://sandtray-hrilab:33564/
[rospy.internal][WARNING] 2017-07-06 14:27:50,134: Unknown error initiating TCP/IP socket to sandtray-hrilab:35068 (http://sandtray-hrilab:33564/): Traceback (most recent call last):
  File "/opt/ros/kinetic/lib/python2.7/dist-packages/rospy/impl/tcpros_base.py", line 557, in connect
    self.read_header()
  File "/opt/ros/kinetic/lib/python2.7/dist-packages/rospy/impl/tcpros_base.py", line 650, in read_header
    self._validate_header(read_ros_handshake_header(sock, self.read_buff, self.protocol.buff_size))
AttributeError: 'NoneType' object has no attribute 'buff_size'

[rospy.topics][ERROR] 2017-07-06 14:27:50,134: Traceback (most recent call last):
  File "/opt/ros/kinetic/lib/python2.7/dist-packages/rospy/topics.py", line 326, in close
    c.close()
  File "/opt/ros/kinetic/lib/python2.7/dist-packages/rospy/impl/tcpros_base.py", line 838, in close
    self.socket.close()
AttributeError: 'NoneType' object has no attribute 'close'

[rospy.internal][INFO] 2017-07-06 14:27:50,134: topic[/sandtray/background/camera_info] removing connection to http://sandtray-hrilab:33564/
[rospy.impl.masterslave][INFO] 2017-07-06 14:27:50,135: signal-2
[rospy.core][INFO] 2017-07-06 14:27:50,287: signal_shutdown [signal-15]
[rospy.core][INFO] 2017-07-06 14:27:50,287: signal_shutdown [atexit]
