[rospy.client][INFO] 2017-06-16 10:30:04,845: init_node, name[/sandbox_zones_from_image], pid[9779]
[xmlrpc][INFO] 2017-06-16 10:30:04,846: XML-RPC server binding to 0.0.0.0:0
[xmlrpc][INFO] 2017-06-16 10:30:04,846: Started XML-RPC server [http://sandtray-hrilab:46498/]
[rospy.init][INFO] 2017-06-16 10:30:04,846: ROS Slave URI: [http://sandtray-hrilab:46498/]
[rospy.impl.masterslave][INFO] 2017-06-16 10:30:04,846: _ready: http://sandtray-hrilab:46498/
[rospy.registration][INFO] 2017-06-16 10:30:04,847: Registering with master node http://localhost:11311
[xmlrpc][INFO] 2017-06-16 10:30:04,847: xml rpc node: starting XML-RPC server
[rospy.init][INFO] 2017-06-16 10:30:04,946: registered with master
[rospy.rosout][INFO] 2017-06-16 10:30:04,947: initializing /rosout core topic
[rospy.rosout][INFO] 2017-06-16 10:30:04,949: connected to core topic /rosout
[rospy.simtime][INFO] 2017-06-16 10:30:04,950: /use_sim_time is not set, will not subscribe to simulated time [/clock] topic
[rosout][INFO] 2017-06-16 10:30:04,957: Waiting for images of the playground
[rospy.internal][INFO] 2017-06-16 10:30:04,962: topic[/sandtray/background/camera_info] adding connection to [http://sandtray-hrilab:33692/], count 0
[rospy.internal][INFO] 2017-06-16 10:30:04,963: topic[/sandtray/background/image] adding connection to [http://sandtray-hrilab:33692/], count 0
[rosout][INFO] 2017-06-16 10:30:04,975: Received the playground image. Detecting zones...
[rosout][INFO] 2017-06-16 10:30:04,993: Publishing the detected zones on /zones
[rospy.internal][INFO] 2017-06-16 10:30:05,170: topic[/rosout] adding connection to [/rosout], count 0
[rosout][INFO] 2017-06-16 10:32:12,223: Received the playground image. Detecting zones...
[rosout][INFO] 2017-06-16 10:32:12,236: Publishing the detected zones on /zones
[rosout][INFO] 2017-06-16 10:32:34,458: Received the playground image. Detecting zones...
[rosout][INFO] 2017-06-16 10:32:34,470: Publishing the detected zones on /zones
[rosout][INFO] 2017-06-16 10:32:43,467: Received the playground image. Detecting zones...
[rosout][INFO] 2017-06-16 10:32:43,478: Publishing the detected zones on /zones
[rosout][INFO] 2017-06-16 10:32:46,213: Received the playground image. Detecting zones...
[rosout][INFO] 2017-06-16 10:32:46,225: Publishing the detected zones on /zones
[rosout][INFO] 2017-06-16 10:32:53,978: Received the playground image. Detecting zones...
[rosout][INFO] 2017-06-16 10:32:53,995: Publishing the detected zones on /zones
[rosout][INFO] 2017-06-16 10:33:02,501: Received the playground image. Detecting zones...
[rosout][INFO] 2017-06-16 10:33:02,512: Publishing the detected zones on /zones
[rosout][INFO] 2017-06-16 10:33:02,977: Received the playground image. Detecting zones...
[rosout][INFO] 2017-06-16 10:33:02,990: Publishing the detected zones on /zones
[rosout][INFO] 2017-06-16 10:33:03,245: Received the playground image. Detecting zones...
[rosout][INFO] 2017-06-16 10:33:03,258: Publishing the detected zones on /zones
[rosout][INFO] 2017-06-16 10:33:04,492: Received the playground image. Detecting zones...
[rosout][INFO] 2017-06-16 10:33:04,504: Publishing the detected zones on /zones
[rosout][INFO] 2017-06-16 10:33:04,742: Received the playground image. Detecting zones...
[rosout][INFO] 2017-06-16 10:33:04,755: Publishing the detected zones on /zones
[rosout][INFO] 2017-06-16 10:33:05,003: Received the playground image. Detecting zones...
[rosout][INFO] 2017-06-16 10:33:05,020: Publishing the detected zones on /zones
[rosout][INFO] 2017-06-16 10:33:05,458: Received the playground image. Detecting zones...
[rosout][INFO] 2017-06-16 10:33:05,470: Publishing the detected zones on /zones
[rosout][INFO] 2017-06-16 10:33:05,727: Received the playground image. Detecting zones...
[rosout][INFO] 2017-06-16 10:33:05,739: Publishing the detected zones on /zones
[rosout][INFO] 2017-06-16 10:33:08,458: Received the playground image. Detecting zones...
[rosout][INFO] 2017-06-16 10:33:08,471: Publishing the detected zones on /zones
[rosout][INFO] 2017-06-16 10:33:09,713: Received the playground image. Detecting zones...
[rosout][INFO] 2017-06-16 10:33:09,725: Publishing the detected zones on /zones
[rosout][INFO] 2017-06-16 10:33:10,217: Received the playground image. Detecting zones...
[rosout][INFO] 2017-06-16 10:33:10,230: Publishing the detected zones on /zones
[rosout][INFO] 2017-06-16 10:33:10,465: Received the playground image. Detecting zones...
[rosout][INFO] 2017-06-16 10:33:10,475: Publishing the detected zones on /zones
[rosout][INFO] 2017-06-16 10:33:10,715: Received the playground image. Detecting zones...
[rosout][INFO] 2017-06-16 10:33:10,730: Publishing the detected zones on /zones
[rosout][INFO] 2017-06-16 10:33:12,478: Received the playground image. Detecting zones...
[rosout][INFO] 2017-06-16 10:33:12,490: Publishing the detected zones on /zones
[rosout][INFO] 2017-06-16 10:33:13,208: Received the playground image. Detecting zones...
[rosout][INFO] 2017-06-16 10:33:13,219: Publishing the detected zones on /zones
[rosout][INFO] 2017-06-16 10:33:14,725: Received the playground image. Detecting zones...
[rosout][INFO] 2017-06-16 10:33:14,736: Publishing the detected zones on /zones
[rosout][INFO] 2017-06-16 10:33:15,459: Received the playground image. Detecting zones...
[rosout][INFO] 2017-06-16 10:33:15,471: Publishing the detected zones on /zones
[rosout][INFO] 2017-06-16 10:33:16,735: Received the playground image. Detecting zones...
[rosout][INFO] 2017-06-16 10:33:16,749: Publishing the detected zones on /zones
[rosout][INFO] 2017-06-16 10:33:17,515: Received the playground image. Detecting zones...
[rosout][INFO] 2017-06-16 10:33:17,528: Publishing the detected zones on /zones
[rosout][INFO] 2017-06-16 10:33:17,753: Received the playground image. Detecting zones...
[rosout][INFO] 2017-06-16 10:33:17,766: Publishing the detected zones on /zones
[rosout][INFO] 2017-06-16 10:33:18,233: Received the playground image. Detecting zones...
[rosout][INFO] 2017-06-16 10:33:18,244: Publishing the detected zones on /zones
[rosout][INFO] 2017-06-16 10:33:18,504: Received the playground image. Detecting zones...
[rosout][INFO] 2017-06-16 10:33:18,517: Publishing the detected zones on /zones
[rosout][INFO] 2017-06-16 10:33:18,711: Received the playground image. Detecting zones...
[rosout][INFO] 2017-06-16 10:33:18,729: Publishing the detected zones on /zones
[rosout][INFO] 2017-06-16 10:33:18,965: Received the playground image. Detecting zones...
[rosout][INFO] 2017-06-16 10:33:18,980: Publishing the detected zones on /zones
[rosout][INFO] 2017-06-16 10:33:20,459: Received the playground image. Detecting zones...
[rosout][INFO] 2017-06-16 10:33:20,469: Publishing the detected zones on /zones
[rosout][INFO] 2017-06-16 10:33:20,994: Received the playground image. Detecting zones...
[rosout][INFO] 2017-06-16 10:33:21,011: Publishing the detected zones on /zones
[rosout][INFO] 2017-06-16 10:33:21,215: Received the playground image. Detecting zones...
[rosout][INFO] 2017-06-16 10:33:21,228: Publishing the detected zones on /zones
[rosout][INFO] 2017-06-16 10:33:21,476: Received the playground image. Detecting zones...
[rosout][INFO] 2017-06-16 10:33:21,490: Publishing the detected zones on /zones
[rosout][INFO] 2017-06-16 10:33:22,250: Received the playground image. Detecting zones...
[rosout][INFO] 2017-06-16 10:33:22,264: Publishing the detected zones on /zones
[rosout][INFO] 2017-06-16 10:33:22,488: Received the playground image. Detecting zones...
[rosout][INFO] 2017-06-16 10:33:22,500: Publishing the detected zones on /zones
[rosout][INFO] 2017-06-16 10:33:22,719: Received the playground image. Detecting zones...
[rosout][INFO] 2017-06-16 10:33:22,730: Publishing the detected zones on /zones
[rosout][INFO] 2017-06-16 10:33:22,966: Received the playground image. Detecting zones...
[rosout][INFO] 2017-06-16 10:33:22,983: Publishing the detected zones on /zones
[rosout][INFO] 2017-06-16 10:33:24,470: Received the playground image. Detecting zones...
[rosout][INFO] 2017-06-16 10:33:24,485: Publishing the detected zones on /zones
[rosout][INFO] 2017-06-16 10:33:25,217: Received the playground image. Detecting zones...
[rosout][INFO] 2017-06-16 10:33:25,228: Publishing the detected zones on /zones
[rosout][INFO] 2017-06-16 10:33:25,729: Received the playground image. Detecting zones...
[rosout][INFO] 2017-06-16 10:33:25,741: Publishing the detected zones on /zones
[rosout][INFO] 2017-06-16 10:33:26,214: Received the playground image. Detecting zones...
[rosout][INFO] 2017-06-16 10:33:26,225: Publishing the detected zones on /zones
[rosout][INFO] 2017-06-16 10:33:26,772: Received the playground image. Detecting zones...
[rosout][INFO] 2017-06-16 10:33:26,788: Publishing the detected zones on /zones
[rosout][INFO] 2017-06-16 10:33:26,967: Received the playground image. Detecting zones...
[rosout][INFO] 2017-06-16 10:33:26,984: Publishing the detected zones on /zones
[rosout][INFO] 2017-06-16 10:33:27,464: Received the playground image. Detecting zones...
[rosout][INFO] 2017-06-16 10:33:27,474: Publishing the detected zones on /zones
[rosout][INFO] 2017-06-16 10:33:28,230: Received the playground image. Detecting zones...
[rosout][INFO] 2017-06-16 10:33:28,242: Publishing the detected zones on /zones
[rosout][INFO] 2017-06-16 10:33:28,517: Received the playground image. Detecting zones...
[rosout][INFO] 2017-06-16 10:33:28,529: Publishing the detected zones on /zones
[rosout][INFO] 2017-06-16 10:33:28,777: Received the playground image. Detecting zones...
[rosout][INFO] 2017-06-16 10:33:28,789: Publishing the detected zones on /zones
[rosout][INFO] 2017-06-16 10:33:29,082: Received the playground image. Detecting zones...
[rosout][INFO] 2017-06-16 10:33:29,094: Publishing the detected zones on /zones
[rosout][INFO] 2017-06-16 10:33:29,214: Received the playground image. Detecting zones...
[rosout][INFO] 2017-06-16 10:33:29,225: Publishing the detected zones on /zones
[rosout][INFO] 2017-06-16 10:33:30,008: Received the playground image. Detecting zones...
[rosout][INFO] 2017-06-16 10:33:30,021: Publishing the detected zones on /zones
[rosout][INFO] 2017-06-16 10:33:30,503: Received the playground image. Detecting zones...
[rosout][INFO] 2017-06-16 10:33:30,514: Publishing the detected zones on /zones
[rosout][INFO] 2017-06-16 10:33:31,001: Received the playground image. Detecting zones...
[rosout][INFO] 2017-06-16 10:33:31,011: Publishing the detected zones on /zones
[rosout][INFO] 2017-06-16 10:33:32,023: Received the playground image. Detecting zones...
[rosout][INFO] 2017-06-16 10:33:32,034: Publishing the detected zones on /zones
[rosout][INFO] 2017-06-16 10:33:32,267: Received the playground image. Detecting zones...
[rosout][INFO] 2017-06-16 10:33:32,279: Publishing the detected zones on /zones
[rosout][INFO] 2017-06-16 10:33:32,802: Received the playground image. Detecting zones...
[rosout][INFO] 2017-06-16 10:33:32,814: Publishing the detected zones on /zones
[rosout][INFO] 2017-06-16 10:33:33,252: Received the playground image. Detecting zones...
[rosout][INFO] 2017-06-16 10:33:33,268: Publishing the detected zones on /zones
[rosout][INFO] 2017-06-16 10:33:33,456: Received the playground image. Detecting zones...
[rosout][INFO] 2017-06-16 10:33:33,469: Publishing the detected zones on /zones
[rosout][INFO] 2017-06-16 10:33:40,713: Received the playground image. Detecting zones...
[rosout][INFO] 2017-06-16 10:33:40,726: Publishing the detected zones on /zones
[rosout][INFO] 2017-06-16 10:39:26,985: Received the playground image. Detecting zones...
[rosout][INFO] 2017-06-16 10:39:27,001: Publishing the detected zones on /zones
[rospy.internal][INFO] 2017-06-16 10:39:27,671: topic[/zones] adding connection to [/rosbag_record_freeplay_sandbox], count 0
[rospy.internal][INFO] 2017-06-16 10:39:28,131: topic[/zones] adding connection to [/sandbox_play], count 1
[rosout][INFO] 2017-06-16 10:40:31,504: Received the playground image. Detecting zones...
[rosout][INFO] 2017-06-16 10:40:31,526: Publishing the detected zones on /zones
[rosout][INFO] 2017-06-16 10:40:31,981: Received the playground image. Detecting zones...
[rosout][INFO] 2017-06-16 10:40:32,006: Publishing the detected zones on /zones
[rosout][INFO] 2017-06-16 10:40:33,003: Received the playground image. Detecting zones...
[rosout][INFO] 2017-06-16 10:40:33,038: Publishing the detected zones on /zones
[rosout][INFO] 2017-06-16 10:40:33,280: Received the playground image. Detecting zones...
[rosout][INFO] 2017-06-16 10:40:33,306: Publishing the detected zones on /zones
[rosout][INFO] 2017-06-16 10:40:33,742: Received the playground image. Detecting zones...
[rosout][INFO] 2017-06-16 10:40:33,766: Publishing the detected zones on /zones
[rosout][INFO] 2017-06-16 10:40:34,000: Received the playground image. Detecting zones...
[rosout][INFO] 2017-06-16 10:40:34,024: Publishing the detected zones on /zones
[rosout][INFO] 2017-06-16 10:40:34,501: Received the playground image. Detecting zones...
[rosout][INFO] 2017-06-16 10:40:34,530: Publishing the detected zones on /zones
[rosout][INFO] 2017-06-16 10:40:34,766: Received the playground image. Detecting zones...
[rosout][INFO] 2017-06-16 10:40:34,786: Publishing the detected zones on /zones
[rosout][INFO] 2017-06-16 10:40:35,268: Received the playground image. Detecting zones...
[rosout][INFO] 2017-06-16 10:40:35,297: Publishing the detected zones on /zones
[rosout][INFO] 2017-06-16 10:40:35,536: Received the playground image. Detecting zones...
[rosout][INFO] 2017-06-16 10:40:35,555: Publishing the detected zones on /zones
[rosout][INFO] 2017-06-16 10:40:37,760: Received the playground image. Detecting zones...
[rosout][INFO] 2017-06-16 10:40:37,782: Publishing the detected zones on /zones
[rosout][INFO] 2017-06-16 10:40:42,248: Received the playground image. Detecting zones...
[rosout][INFO] 2017-06-16 10:40:42,267: Publishing the detected zones on /zones
[rosout][INFO] 2017-06-16 10:40:46,251: Received the playground image. Detecting zones...
[rosout][INFO] 2017-06-16 10:40:46,277: Publishing the detected zones on /zones
[rosout][INFO] 2017-06-16 10:40:46,729: Received the playground image. Detecting zones...
[rosout][INFO] 2017-06-16 10:40:46,751: Publishing the detected zones on /zones
[rosout][INFO] 2017-06-16 10:40:48,497: Received the playground image. Detecting zones...
[rosout][INFO] 2017-06-16 10:40:48,515: Publishing the detected zones on /zones
[rosout][INFO] 2017-06-16 10:40:49,996: Received the playground image. Detecting zones...
[rosout][INFO] 2017-06-16 10:40:50,021: Publishing the detected zones on /zones
[rosout][INFO] 2017-06-16 10:40:51,519: Received the playground image. Detecting zones...
[rosout][INFO] 2017-06-16 10:40:51,538: Publishing the detected zones on /zones
[rosout][INFO] 2017-06-16 10:40:55,259: Received the playground image. Detecting zones...
[rosout][INFO] 2017-06-16 10:40:55,284: Publishing the detected zones on /zones
[rosout][INFO] 2017-06-16 10:40:58,003: Received the playground image. Detecting zones...
[rosout][INFO] 2017-06-16 10:40:58,026: Publishing the detected zones on /zones
[rosout][INFO] 2017-06-16 10:41:05,267: Received the playground image. Detecting zones...
[rosout][INFO] 2017-06-16 10:41:05,299: Publishing the detected zones on /zones
[rosout][INFO] 2017-06-16 10:41:07,746: Received the playground image. Detecting zones...
[rosout][INFO] 2017-06-16 10:41:07,764: Publishing the detected zones on /zones
[rosout][INFO] 2017-06-16 10:43:17,002: Received the playground image. Detecting zones...
[rosout][INFO] 2017-06-16 10:43:17,024: Publishing the detected zones on /zones
[rosout][INFO] 2017-06-16 10:43:57,744: Received the playground image. Detecting zones...
[rosout][INFO] 2017-06-16 10:43:57,764: Publishing the detected zones on /zones
[rosout][INFO] 2017-06-16 10:44:02,258: Received the playground image. Detecting zones...
[rosout][INFO] 2017-06-16 10:44:02,288: Publishing the detected zones on /zones
[rosout][INFO] 2017-06-16 10:44:02,743: Received the playground image. Detecting zones...
[rosout][INFO] 2017-06-16 10:44:02,762: Publishing the detected zones on /zones
[rosout][INFO] 2017-06-16 10:44:03,248: Received the playground image. Detecting zones...
[rosout][INFO] 2017-06-16 10:44:03,267: Publishing the detected zones on /zones
[rosout][INFO] 2017-06-16 10:44:05,751: Received the playground image. Detecting zones...
[rosout][INFO] 2017-06-16 10:44:05,776: Publishing the detected zones on /zones
[rosout][INFO] 2017-06-16 10:44:06,256: Received the playground image. Detecting zones...
[rosout][INFO] 2017-06-16 10:44:06,285: Publishing the detected zones on /zones
[rosout][INFO] 2017-06-16 10:44:06,523: Received the playground image. Detecting zones...
[rosout][INFO] 2017-06-16 10:44:06,538: Publishing the detected zones on /zones
[rosout][INFO] 2017-06-16 10:44:06,722: Received the playground image. Detecting zones...
[rosout][INFO] 2017-06-16 10:44:06,746: Publishing the detected zones on /zones
[rosout][INFO] 2017-06-16 10:44:06,978: Received the playground image. Detecting zones...
[rosout][INFO] 2017-06-16 10:44:07,001: Publishing the detected zones on /zones
[rosout][INFO] 2017-06-16 10:44:07,254: Received the playground image. Detecting zones...
[rosout][INFO] 2017-06-16 10:44:07,274: Publishing the detected zones on /zones
[rosout][INFO] 2017-06-16 10:44:13,751: Received the playground image. Detecting zones...
[rosout][INFO] 2017-06-16 10:44:13,773: Publishing the detected zones on /zones
[rosout][INFO] 2017-06-16 10:44:14,063: Received the playground image. Detecting zones...
[rosout][INFO] 2017-06-16 10:44:14,083: Publishing the detected zones on /zones
[rosout][INFO] 2017-06-16 10:44:14,519: Received the playground image. Detecting zones...
[rosout][INFO] 2017-06-16 10:44:14,541: Publishing the detected zones on /zones
[rosout][INFO] 2017-06-16 10:44:15,745: Received the playground image. Detecting zones...
[rosout][INFO] 2017-06-16 10:44:15,764: Publishing the detected zones on /zones
[rosout][INFO] 2017-06-16 10:44:16,783: Received the playground image. Detecting zones...
[rosout][INFO] 2017-06-16 10:44:16,804: Publishing the detected zones on /zones
[rosout][INFO] 2017-06-16 10:44:17,239: Received the playground image. Detecting zones...
[rosout][INFO] 2017-06-16 10:44:17,257: Publishing the detected zones on /zones
[rosout][INFO] 2017-06-16 10:44:17,502: Received the playground image. Detecting zones...
[rosout][INFO] 2017-06-16 10:44:17,525: Publishing the detected zones on /zones
[rosout][INFO] 2017-06-16 10:44:18,032: Received the playground image. Detecting zones...
[rosout][INFO] 2017-06-16 10:44:18,051: Publishing the detected zones on /zones
[rosout][INFO] 2017-06-16 10:44:18,504: Received the playground image. Detecting zones...
[rosout][INFO] 2017-06-16 10:44:18,530: Publishing the detected zones on /zones
[rosout][INFO] 2017-06-16 10:44:22,045: Received the playground image. Detecting zones...
[rosout][INFO] 2017-06-16 10:44:22,073: Publishing the detected zones on /zones
[rosout][INFO] 2017-06-16 10:44:26,516: Received the playground image. Detecting zones...
[rosout][INFO] 2017-06-16 10:44:26,545: Publishing the detected zones on /zones
[rosout][INFO] 2017-06-16 10:44:26,744: Received the playground image. Detecting zones...
[rosout][INFO] 2017-06-16 10:44:26,768: Publishing the detected zones on /zones
[rosout][INFO] 2017-06-16 10:44:26,989: Received the playground image. Detecting zones...
[rosout][INFO] 2017-06-16 10:44:27,021: Publishing the detected zones on /zones
[rosout][INFO] 2017-06-16 10:44:27,243: Received the playground image. Detecting zones...
[rosout][INFO] 2017-06-16 10:44:27,262: Publishing the detected zones on /zones
[rosout][INFO] 2017-06-16 10:44:28,015: Received the playground image. Detecting zones...
[rosout][INFO] 2017-06-16 10:44:28,037: Publishing the detected zones on /zones
[rosout][INFO] 2017-06-16 10:44:28,506: Received the playground image. Detecting zones...
[rosout][INFO] 2017-06-16 10:44:28,528: Publishing the detected zones on /zones
[rosout][INFO] 2017-06-16 10:44:35,241: Received the playground image. Detecting zones...
[rosout][INFO] 2017-06-16 10:44:35,261: Publishing the detected zones on /zones
[rosout][INFO] 2017-06-16 10:44:42,992: Received the playground image. Detecting zones...
[rosout][INFO] 2017-06-16 10:44:43,020: Publishing the detected zones on /zones
[rosout][INFO] 2017-06-16 10:44:43,745: Received the playground image. Detecting zones...
[rosout][INFO] 2017-06-16 10:44:43,770: Publishing the detected zones on /zones
[rosout][INFO] 2017-06-16 10:44:44,246: Received the playground image. Detecting zones...
[rosout][INFO] 2017-06-16 10:44:44,265: Publishing the detected zones on /zones
[rosout][INFO] 2017-06-16 10:44:44,745: Received the playground image. Detecting zones...
[rosout][INFO] 2017-06-16 10:44:44,771: Publishing the detected zones on /zones
[rosout][INFO] 2017-06-16 10:44:47,749: Received the playground image. Detecting zones...
[rosout][INFO] 2017-06-16 10:44:47,765: Publishing the detected zones on /zones
[rosout][INFO] 2017-06-16 10:44:48,254: Received the playground image. Detecting zones...
[rosout][INFO] 2017-06-16 10:44:48,273: Publishing the detected zones on /zones
[rosout][INFO] 2017-06-16 10:44:48,745: Received the playground image. Detecting zones...
[rosout][INFO] 2017-06-16 10:44:48,762: Publishing the detected zones on /zones
[rosout][INFO] 2017-06-16 10:44:48,998: Received the playground image. Detecting zones...
[rosout][INFO] 2017-06-16 10:44:49,014: Publishing the detected zones on /zones
[rosout][INFO] 2017-06-16 10:44:49,513: Received the playground image. Detecting zones...
[rosout][INFO] 2017-06-16 10:44:49,529: Publishing the detected zones on /zones
[rosout][INFO] 2017-06-16 10:44:49,750: Received the playground image. Detecting zones...
[rosout][INFO] 2017-06-16 10:44:49,773: Publishing the detected zones on /zones
[rosout][INFO] 2017-06-16 10:44:51,489: Received the playground image. Detecting zones...
[rosout][INFO] 2017-06-16 10:44:51,520: Publishing the detected zones on /zones
[rosout][INFO] 2017-06-16 10:44:55,757: Received the playground image. Detecting zones...
[rosout][INFO] 2017-06-16 10:44:55,778: Publishing the detected zones on /zones
[rosout][INFO] 2017-06-16 10:44:56,250: Received the playground image. Detecting zones...
[rosout][INFO] 2017-06-16 10:44:56,277: Publishing the detected zones on /zones
[rosout][INFO] 2017-06-16 10:44:57,558: Received the playground image. Detecting zones...
[rosout][INFO] 2017-06-16 10:44:57,592: Publishing the detected zones on /zones
[rosout][INFO] 2017-06-16 10:44:57,986: Received the playground image. Detecting zones...
[rosout][INFO] 2017-06-16 10:44:58,005: Publishing the detected zones on /zones
[rosout][INFO] 2017-06-16 10:45:01,767: Received the playground image. Detecting zones...
[rosout][INFO] 2017-06-16 10:45:01,783: Publishing the detected zones on /zones
[rosout][INFO] 2017-06-16 10:45:13,263: Received the playground image. Detecting zones...
[rosout][INFO] 2017-06-16 10:45:13,289: Publishing the detected zones on /zones
[rosout][INFO] 2017-06-16 10:45:29,509: Received the playground image. Detecting zones...
[rosout][INFO] 2017-06-16 10:45:29,539: Publishing the detected zones on /zones
[rosout][INFO] 2017-06-16 10:45:38,036: Received the playground image. Detecting zones...
[rosout][INFO] 2017-06-16 10:45:38,062: Publishing the detected zones on /zones
[rosout][INFO] 2017-06-16 10:45:43,755: Received the playground image. Detecting zones...
[rosout][INFO] 2017-06-16 10:45:43,796: Publishing the detected zones on /zones
[rosout][INFO] 2017-06-16 10:45:45,754: Received the playground image. Detecting zones...
[rosout][INFO] 2017-06-16 10:45:45,781: Publishing the detected zones on /zones
[rosout][INFO] 2017-06-16 10:45:46,523: Received the playground image. Detecting zones...
[rosout][INFO] 2017-06-16 10:45:46,547: Publishing the detected zones on /zones
[rosout][INFO] 2017-06-16 10:45:47,261: Received the playground image. Detecting zones...
[rosout][INFO] 2017-06-16 10:45:47,288: Publishing the detected zones on /zones
[rosout][INFO] 2017-06-16 10:45:47,761: Received the playground image. Detecting zones...
[rosout][INFO] 2017-06-16 10:45:47,786: Publishing the detected zones on /zones
[rosout][INFO] 2017-06-16 10:45:48,013: Received the playground image. Detecting zones...
[rosout][INFO] 2017-06-16 10:45:48,037: Publishing the detected zones on /zones
[rosout][INFO] 2017-06-16 10:45:49,013: Received the playground image. Detecting zones...
[rosout][INFO] 2017-06-16 10:45:49,039: Publishing the detected zones on /zones
[rosout][INFO] 2017-06-16 10:46:51,004: Received the playground image. Detecting zones...
[rosout][INFO] 2017-06-16 10:46:51,041: Publishing the detected zones on /zones
[rosout][INFO] 2017-06-16 10:46:51,499: Received the playground image. Detecting zones...
[rosout][INFO] 2017-06-16 10:46:51,520: Publishing the detected zones on /zones
[rosout][INFO] 2017-06-16 10:46:56,751: Received the playground image. Detecting zones...
[rosout][INFO] 2017-06-16 10:46:56,779: Publishing the detected zones on /zones
[rosout][INFO] 2017-06-16 10:47:21,500: Received the playground image. Detecting zones...
[rosout][INFO] 2017-06-16 10:47:21,529: Publishing the detected zones on /zones
[rosout][INFO] 2017-06-16 10:47:29,253: Received the playground image. Detecting zones...
[rosout][INFO] 2017-06-16 10:47:29,275: Publishing the detected zones on /zones
[rosout][INFO] 2017-06-16 10:47:33,999: Received the playground image. Detecting zones...
[rosout][INFO] 2017-06-16 10:47:34,030: Publishing the detected zones on /zones
[rosout][INFO] 2017-06-16 10:47:45,249: Received the playground image. Detecting zones...
[rosout][INFO] 2017-06-16 10:47:45,298: Publishing the detected zones on /zones
[rosout][INFO] 2017-06-16 10:47:48,245: Received the playground image. Detecting zones...
[rosout][INFO] 2017-06-16 10:47:48,273: Publishing the detected zones on /zones
[rosout][INFO] 2017-06-16 10:47:49,743: Received the playground image. Detecting zones...
[rosout][INFO] 2017-06-16 10:47:49,765: Publishing the detected zones on /zones
[rosout][INFO] 2017-06-16 10:47:51,008: Received the playground image. Detecting zones...
[rosout][INFO] 2017-06-16 10:47:51,032: Publishing the detected zones on /zones
[rosout][INFO] 2017-06-16 10:47:52,995: Received the playground image. Detecting zones...
[rosout][INFO] 2017-06-16 10:47:53,025: Publishing the detected zones on /zones
[rosout][INFO] 2017-06-16 10:47:55,743: Received the playground image. Detecting zones...
[rosout][INFO] 2017-06-16 10:47:55,766: Publishing the detected zones on /zones
[rosout][INFO] 2017-06-16 10:48:06,782: Received the playground image. Detecting zones...
[rosout][INFO] 2017-06-16 10:48:06,811: Publishing the detected zones on /zones
[rosout][INFO] 2017-06-16 10:48:12,518: Received the playground image. Detecting zones...
[rosout][INFO] 2017-06-16 10:48:12,552: Publishing the detected zones on /zones
[rosout][INFO] 2017-06-16 10:48:13,267: Received the playground image. Detecting zones...
[rosout][INFO] 2017-06-16 10:48:13,285: Publishing the detected zones on /zones
[rosout][INFO] 2017-06-16 10:48:13,755: Received the playground image. Detecting zones...
[rosout][INFO] 2017-06-16 10:48:13,781: Publishing the detected zones on /zones
[rosout][INFO] 2017-06-16 10:48:13,996: Received the playground image. Detecting zones...
[rosout][INFO] 2017-06-16 10:48:14,019: Publishing the detected zones on /zones
[rosout][INFO] 2017-06-16 10:48:14,257: Received the playground image. Detecting zones...
[rosout][INFO] 2017-06-16 10:48:14,276: Publishing the detected zones on /zones
[rosout][INFO] 2017-06-16 10:48:14,495: Received the playground image. Detecting zones...
[rosout][INFO] 2017-06-16 10:48:14,516: Publishing the detected zones on /zones
[rosout][INFO] 2017-06-16 10:48:16,500: Received the playground image. Detecting zones...
[rosout][INFO] 2017-06-16 10:48:16,523: Publishing the detected zones on /zones
[rosout][INFO] 2017-06-16 10:48:31,741: Received the playground image. Detecting zones...
[rosout][INFO] 2017-06-16 10:48:31,772: Publishing the detected zones on /zones
[rosout][INFO] 2017-06-16 10:49:03,281: Received the playground image. Detecting zones...
[rosout][INFO] 2017-06-16 10:49:03,309: Publishing the detected zones on /zones
[rosout][INFO] 2017-06-16 10:49:03,748: Received the playground image. Detecting zones...
[rosout][INFO] 2017-06-16 10:49:03,767: Publishing the detected zones on /zones
[rosout][INFO] 2017-06-16 10:49:03,989: Received the playground image. Detecting zones...
[rosout][INFO] 2017-06-16 10:49:04,008: Publishing the detected zones on /zones
[rosout][INFO] 2017-06-16 10:49:04,252: Received the playground image. Detecting zones...
[rosout][INFO] 2017-06-16 10:49:04,271: Publishing the detected zones on /zones
[rosout][INFO] 2017-06-16 10:49:04,740: Received the playground image. Detecting zones...
[rosout][INFO] 2017-06-16 10:49:04,774: Publishing the detected zones on /zones
[rosout][INFO] 2017-06-16 10:49:05,000: Received the playground image. Detecting zones...
[rosout][INFO] 2017-06-16 10:49:05,028: Publishing the detected zones on /zones
[rosout][INFO] 2017-06-16 10:49:06,292: Received the playground image. Detecting zones...
[rosout][INFO] 2017-06-16 10:49:06,328: Publishing the detected zones on /zones
[rosout][INFO] 2017-06-16 10:49:06,515: Received the playground image. Detecting zones...
[rosout][INFO] 2017-06-16 10:49:06,541: Publishing the detected zones on /zones
[rosout][INFO] 2017-06-16 10:49:06,775: Received the playground image. Detecting zones...
[rosout][INFO] 2017-06-16 10:49:06,794: Publishing the detected zones on /zones
[rosout][INFO] 2017-06-16 10:49:07,003: Received the playground image. Detecting zones...
[rosout][INFO] 2017-06-16 10:49:07,033: Publishing the detected zones on /zones
[rosout][INFO] 2017-06-16 10:49:07,242: Received the playground image. Detecting zones...
[rosout][INFO] 2017-06-16 10:49:07,273: Publishing the detected zones on /zones
[rosout][INFO] 2017-06-16 10:49:09,256: Received the playground image. Detecting zones...
[rosout][INFO] 2017-06-16 10:49:09,279: Publishing the detected zones on /zones
[rosout][INFO] 2017-06-16 10:49:09,529: Received the playground image. Detecting zones...
[rosout][INFO] 2017-06-16 10:49:09,555: Publishing the detected zones on /zones
[rosout][INFO] 2017-06-16 10:49:19,031: Received the playground image. Detecting zones...
[rosout][INFO] 2017-06-16 10:49:19,055: Publishing the detected zones on /zones
[rosout][INFO] 2017-06-16 10:49:24,005: Received the playground image. Detecting zones...
[rosout][INFO] 2017-06-16 10:49:24,025: Publishing the detected zones on /zones
[rosout][INFO] 2017-06-16 10:49:26,006: Received the playground image. Detecting zones...
[rosout][INFO] 2017-06-16 10:49:26,024: Publishing the detected zones on /zones
[rosout][INFO] 2017-06-16 10:49:26,502: Received the playground image. Detecting zones...
[rosout][INFO] 2017-06-16 10:49:26,522: Publishing the detected zones on /zones
[rosout][INFO] 2017-06-16 10:49:26,985: Received the playground image. Detecting zones...
[rosout][INFO] 2017-06-16 10:49:27,008: Publishing the detected zones on /zones
[rosout][INFO] 2017-06-16 10:49:31,306: Received the playground image. Detecting zones...
[rosout][INFO] 2017-06-16 10:49:31,338: Publishing the detected zones on /zones
[rosout][INFO] 2017-06-16 10:49:32,263: Received the playground image. Detecting zones...
[rosout][INFO] 2017-06-16 10:49:32,283: Publishing the detected zones on /zones
[rosout][INFO] 2017-06-16 10:49:33,019: Received the playground image. Detecting zones...
[rosout][INFO] 2017-06-16 10:49:33,047: Publishing the detected zones on /zones
[rosout][INFO] 2017-06-16 10:49:43,502: Received the playground image. Detecting zones...
[rosout][INFO] 2017-06-16 10:49:43,529: Publishing the detected zones on /zones
[rosout][INFO] 2017-06-16 10:49:47,757: Received the playground image. Detecting zones...
[rosout][INFO] 2017-06-16 10:49:47,786: Publishing the detected zones on /zones
[rosout][INFO] 2017-06-16 10:49:48,485: Received the playground image. Detecting zones...
[rosout][INFO] 2017-06-16 10:49:48,510: Publishing the detected zones on /zones
[rosout][INFO] 2017-06-16 10:49:49,998: Received the playground image. Detecting zones...
[rosout][INFO] 2017-06-16 10:49:50,019: Publishing the detected zones on /zones
[rosout][INFO] 2017-06-16 10:49:56,736: Received the playground image. Detecting zones...
[rosout][INFO] 2017-06-16 10:49:56,761: Publishing the detected zones on /zones
[rosout][INFO] 2017-06-16 10:49:57,267: Received the playground image. Detecting zones...
[rosout][INFO] 2017-06-16 10:49:57,303: Publishing the detected zones on /zones
[rosout][INFO] 2017-06-16 10:49:58,014: Received the playground image. Detecting zones...
[rosout][INFO] 2017-06-16 10:49:58,047: Publishing the detected zones on /zones
[rosout][INFO] 2017-06-16 10:49:58,999: Received the playground image. Detecting zones...
[rosout][INFO] 2017-06-16 10:49:59,031: Publishing the detected zones on /zones
[rosout][INFO] 2017-06-16 10:49:59,501: Received the playground image. Detecting zones...
[rosout][INFO] 2017-06-16 10:49:59,535: Publishing the detected zones on /zones
[rosout][INFO] 2017-06-16 10:50:00,021: Received the playground image. Detecting zones...
[rosout][INFO] 2017-06-16 10:50:00,045: Publishing the detected zones on /zones
[rosout][INFO] 2017-06-16 10:50:02,273: Received the playground image. Detecting zones...
[rosout][INFO] 2017-06-16 10:50:02,300: Publishing the detected zones on /zones
[rosout][INFO] 2017-06-16 10:50:03,510: Received the playground image. Detecting zones...
[rosout][INFO] 2017-06-16 10:50:03,536: Publishing the detected zones on /zones
[rosout][INFO] 2017-06-16 10:50:05,027: Received the playground image. Detecting zones...
[rosout][INFO] 2017-06-16 10:50:05,069: Publishing the detected zones on /zones
[rosout][INFO] 2017-06-16 10:50:05,260: Received the playground image. Detecting zones...
[rosout][INFO] 2017-06-16 10:50:05,297: Publishing the detected zones on /zones
[rosout][INFO] 2017-06-16 10:50:06,538: Received the playground image. Detecting zones...
[rosout][INFO] 2017-06-16 10:50:06,568: Publishing the detected zones on /zones
[rosout][INFO] 2017-06-16 10:50:07,519: Received the playground image. Detecting zones...
[rosout][INFO] 2017-06-16 10:50:07,541: Publishing the detected zones on /zones
[rosout][INFO] 2017-06-16 10:50:08,018: Received the playground image. Detecting zones...
[rosout][INFO] 2017-06-16 10:50:08,045: Publishing the detected zones on /zones
[rosout][INFO] 2017-06-16 10:50:08,295: Received the playground image. Detecting zones...
[rosout][INFO] 2017-06-16 10:50:08,328: Publishing the detected zones on /zones
[rosout][INFO] 2017-06-16 10:50:08,502: Received the playground image. Detecting zones...
[rosout][INFO] 2017-06-16 10:50:08,521: Publishing the detected zones on /zones
[rosout][INFO] 2017-06-16 10:50:08,792: Received the playground image. Detecting zones...
[rosout][INFO] 2017-06-16 10:50:08,825: Publishing the detected zones on /zones
[rosout][INFO] 2017-06-16 10:50:08,998: Received the playground image. Detecting zones...
[rosout][INFO] 2017-06-16 10:50:09,027: Publishing the detected zones on /zones
[rosout][INFO] 2017-06-16 10:50:09,242: Received the playground image. Detecting zones...
[rosout][INFO] 2017-06-16 10:50:09,270: Publishing the detected zones on /zones
[rosout][INFO] 2017-06-16 10:50:09,752: Received the playground image. Detecting zones...
[rosout][INFO] 2017-06-16 10:50:09,770: Publishing the detected zones on /zones
[rosout][INFO] 2017-06-16 10:50:10,508: Received the playground image. Detecting zones...
[rosout][INFO] 2017-06-16 10:50:10,533: Publishing the detected zones on /zones
[rosout][INFO] 2017-06-16 10:50:10,751: Received the playground image. Detecting zones...
[rosout][INFO] 2017-06-16 10:50:10,776: Publishing the detected zones on /zones
[rosout][INFO] 2017-06-16 10:50:11,566: Received the playground image. Detecting zones...
[rosout][INFO] 2017-06-16 10:50:11,592: Publishing the detected zones on /zones
[rosout][INFO] 2017-06-16 10:50:11,744: Received the playground image. Detecting zones...
[rosout][INFO] 2017-06-16 10:50:11,766: Publishing the detected zones on /zones
[rosout][INFO] 2017-06-16 10:50:12,261: Received the playground image. Detecting zones...
[rosout][INFO] 2017-06-16 10:50:12,296: Publishing the detected zones on /zones
[rosout][INFO] 2017-06-16 10:50:12,789: Received the playground image. Detecting zones...
[rosout][INFO] 2017-06-16 10:50:12,816: Publishing the detected zones on /zones
[rosout][INFO] 2017-06-16 10:50:13,789: Received the playground image. Detecting zones...
[rosout][INFO] 2017-06-16 10:50:13,809: Publishing the detected zones on /zones
[rosout][INFO] 2017-06-16 10:50:14,039: Received the playground image. Detecting zones...
[rosout][INFO] 2017-06-16 10:50:14,063: Publishing the detected zones on /zones
[rosout][INFO] 2017-06-16 10:50:14,286: Received the playground image. Detecting zones...
[rosout][INFO] 2017-06-16 10:50:14,310: Publishing the detected zones on /zones
[rosout][INFO] 2017-06-16 10:50:14,532: Received the playground image. Detecting zones...
[rosout][INFO] 2017-06-16 10:50:14,552: Publishing the detected zones on /zones
[rosout][INFO] 2017-06-16 10:50:14,744: Received the playground image. Detecting zones...
[rosout][INFO] 2017-06-16 10:50:14,766: Publishing the detected zones on /zones
[rosout][INFO] 2017-06-16 10:50:16,735: Received the playground image. Detecting zones...
[rosout][INFO] 2017-06-16 10:50:16,754: Publishing the detected zones on /zones
[rosout][INFO] 2017-06-16 10:50:17,265: Received the playground image. Detecting zones...
[rosout][INFO] 2017-06-16 10:50:17,293: Publishing the detected zones on /zones
[rosout][INFO] 2017-06-16 10:50:17,744: Received the playground image. Detecting zones...
[rosout][INFO] 2017-06-16 10:50:17,763: Publishing the detected zones on /zones
[rosout][INFO] 2017-06-16 10:50:20,001: Received the playground image. Detecting zones...
[rosout][INFO] 2017-06-16 10:50:20,018: Publishing the detected zones on /zones
[rosout][INFO] 2017-06-16 10:50:25,290: Received the playground image. Detecting zones...
[rosout][INFO] 2017-06-16 10:50:25,324: Publishing the detected zones on /zones
[rosout][INFO] 2017-06-16 10:50:26,504: Received the playground image. Detecting zones...
[rosout][INFO] 2017-06-16 10:50:26,536: Publishing the detected zones on /zones
[rosout][INFO] 2017-06-16 10:50:27,234: Received the playground image. Detecting zones...
[rosout][INFO] 2017-06-16 10:50:27,258: Publishing the detected zones on /zones
[rosout][INFO] 2017-06-16 10:50:31,001: Received the playground image. Detecting zones...
[rosout][INFO] 2017-06-16 10:50:31,018: Publishing the detected zones on /zones
[rosout][INFO] 2017-06-16 10:50:33,505: Received the playground image. Detecting zones...
[rosout][INFO] 2017-06-16 10:50:33,526: Publishing the detected zones on /zones
[rosout][INFO] 2017-06-16 10:50:36,485: Received the playground image. Detecting zones...
[rosout][INFO] 2017-06-16 10:50:36,502: Publishing the detected zones on /zones
[rosout][INFO] 2017-06-16 10:50:37,752: Received the playground image. Detecting zones...
[rosout][INFO] 2017-06-16 10:50:37,781: Publishing the detected zones on /zones
[rosout][INFO] 2017-06-16 10:51:05,760: Received the playground image. Detecting zones...
[rosout][INFO] 2017-06-16 10:51:05,791: Publishing the detected zones on /zones
[rosout][INFO] 2017-06-16 10:51:07,999: Received the playground image. Detecting zones...
[rosout][INFO] 2017-06-16 10:51:08,023: Publishing the detected zones on /zones
[rosout][INFO] 2017-06-16 10:51:09,000: Received the playground image. Detecting zones...
[rosout][INFO] 2017-06-16 10:51:09,024: Publishing the detected zones on /zones
[rosout][INFO] 2017-06-16 10:51:09,496: Received the playground image. Detecting zones...
[rosout][INFO] 2017-06-16 10:51:09,519: Publishing the detected zones on /zones
[rosout][INFO] 2017-06-16 10:51:10,003: Received the playground image. Detecting zones...
[rosout][INFO] 2017-06-16 10:51:10,037: Publishing the detected zones on /zones
[rosout][INFO] 2017-06-16 10:51:10,262: Received the playground image. Detecting zones...
[rosout][INFO] 2017-06-16 10:51:10,282: Publishing the detected zones on /zones
[rosout][INFO] 2017-06-16 10:51:12,504: Received the playground image. Detecting zones...
[rosout][INFO] 2017-06-16 10:51:12,520: Publishing the detected zones on /zones
[rosout][INFO] 2017-06-16 10:51:16,003: Received the playground image. Detecting zones...
[rosout][INFO] 2017-06-16 10:51:16,031: Publishing the detected zones on /zones
[rosout][INFO] 2017-06-16 10:51:24,042: Received the playground image. Detecting zones...
[rosout][INFO] 2017-06-16 10:51:24,086: Publishing the detected zones on /zones
[rosout][INFO] 2017-06-16 10:51:27,484: Received the playground image. Detecting zones...
[rosout][INFO] 2017-06-16 10:51:27,504: Publishing the detected zones on /zones
[rosout][INFO] 2017-06-16 10:51:28,246: Received the playground image. Detecting zones...
[rosout][INFO] 2017-06-16 10:51:28,265: Publishing the detected zones on /zones
[rosout][INFO] 2017-06-16 10:51:28,739: Received the playground image. Detecting zones...
[rosout][INFO] 2017-06-16 10:51:28,766: Publishing the detected zones on /zones
[rosout][INFO] 2017-06-16 10:51:32,249: Received the playground image. Detecting zones...
[rosout][INFO] 2017-06-16 10:51:32,275: Publishing the detected zones on /zones
[rosout][INFO] 2017-06-16 10:51:34,529: Received the playground image. Detecting zones...
[rosout][INFO] 2017-06-16 10:51:34,555: Publishing the detected zones on /zones
[rosout][INFO] 2017-06-16 10:51:34,770: Received the playground image. Detecting zones...
[rosout][INFO] 2017-06-16 10:51:34,792: Publishing the detected zones on /zones
[rosout][INFO] 2017-06-16 10:51:34,970: Received the playground image. Detecting zones...
[rosout][INFO] 2017-06-16 10:51:34,995: Publishing the detected zones on /zones
[rosout][INFO] 2017-06-16 10:51:35,475: Received the playground image. Detecting zones...
[rosout][INFO] 2017-06-16 10:51:35,493: Publishing the detected zones on /zones
[rosout][INFO] 2017-06-16 10:51:36,263: Received the playground image. Detecting zones...
[rosout][INFO] 2017-06-16 10:51:36,287: Publishing the detected zones on /zones
[rosout][INFO] 2017-06-16 10:51:37,731: Received the playground image. Detecting zones...
[rosout][INFO] 2017-06-16 10:51:37,756: Publishing the detected zones on /zones
[rosout][INFO] 2017-06-16 10:51:43,268: Received the playground image. Detecting zones...
[rosout][INFO] 2017-06-16 10:51:43,298: Publishing the detected zones on /zones
[rosout][INFO] 2017-06-16 10:51:44,002: Received the playground image. Detecting zones...
[rosout][INFO] 2017-06-16 10:51:44,023: Publishing the detected zones on /zones
[rosout][INFO] 2017-06-16 10:51:44,757: Received the playground image. Detecting zones...
[rosout][INFO] 2017-06-16 10:51:44,777: Publishing the detected zones on /zones
[rosout][INFO] 2017-06-16 10:51:45,502: Received the playground image. Detecting zones...
[rosout][INFO] 2017-06-16 10:51:45,524: Publishing the detected zones on /zones
[rosout][INFO] 2017-06-16 10:51:45,752: Received the playground image. Detecting zones...
[rosout][INFO] 2017-06-16 10:51:45,772: Publishing the detected zones on /zones
[rosout][INFO] 2017-06-16 10:51:47,495: Received the playground image. Detecting zones...
[rosout][INFO] 2017-06-16 10:51:47,520: Publishing the detected zones on /zones
[rosout][INFO] 2017-06-16 10:51:48,504: Received the playground image. Detecting zones...
[rosout][INFO] 2017-06-16 10:51:48,530: Publishing the detected zones on /zones
[rosout][INFO] 2017-06-16 10:51:48,776: Received the playground image. Detecting zones...
[rosout][INFO] 2017-06-16 10:51:48,795: Publishing the detected zones on /zones
[rosout][INFO] 2017-06-16 10:51:49,337: Received the playground image. Detecting zones...
[rosout][INFO] 2017-06-16 10:51:49,356: Publishing the detected zones on /zones
[rosout][INFO] 2017-06-16 10:51:49,489: Received the playground image. Detecting zones...
[rosout][INFO] 2017-06-16 10:51:49,510: Publishing the detected zones on /zones
[rosout][INFO] 2017-06-16 10:51:49,739: Received the playground image. Detecting zones...
[rosout][INFO] 2017-06-16 10:51:49,766: Publishing the detected zones on /zones
[rosout][INFO] 2017-06-16 10:51:50,515: Received the playground image. Detecting zones...
[rosout][INFO] 2017-06-16 10:51:50,538: Publishing the detected zones on /zones
[rosout][INFO] 2017-06-16 10:51:50,784: Received the playground image. Detecting zones...
[rosout][INFO] 2017-06-16 10:51:50,808: Publishing the detected zones on /zones
[rosout][INFO] 2017-06-16 10:51:51,009: Received the playground image. Detecting zones...
[rosout][INFO] 2017-06-16 10:51:51,030: Publishing the detected zones on /zones
[rosout][INFO] 2017-06-16 10:51:51,241: Received the playground image. Detecting zones...
[rosout][INFO] 2017-06-16 10:51:51,268: Publishing the detected zones on /zones
[rosout][INFO] 2017-06-16 10:51:51,496: Received the playground image. Detecting zones...
[rosout][INFO] 2017-06-16 10:51:51,515: Publishing the detected zones on /zones
[rosout][INFO] 2017-06-16 10:51:52,753: Received the playground image. Detecting zones...
[rosout][INFO] 2017-06-16 10:51:52,768: Publishing the detected zones on /zones
[rosout][INFO] 2017-06-16 10:51:54,745: Received the playground image. Detecting zones...
[rosout][INFO] 2017-06-16 10:51:54,767: Publishing the detected zones on /zones
[rosout][INFO] 2017-06-16 10:52:01,254: Received the playground image. Detecting zones...
[rosout][INFO] 2017-06-16 10:52:01,287: Publishing the detected zones on /zones
[rosout][INFO] 2017-06-16 10:52:06,495: Received the playground image. Detecting zones...
[rosout][INFO] 2017-06-16 10:52:06,524: Publishing the detected zones on /zones
[rosout][INFO] 2017-06-16 10:52:08,254: Received the playground image. Detecting zones...
[rosout][INFO] 2017-06-16 10:52:08,276: Publishing the detected zones on /zones
[rosout][INFO] 2017-06-16 10:52:12,025: Received the playground image. Detecting zones...
[rosout][INFO] 2017-06-16 10:52:12,048: Publishing the detected zones on /zones
[rosout][INFO] 2017-06-16 10:52:17,534: Received the playground image. Detecting zones...
[rosout][INFO] 2017-06-16 10:52:17,556: Publishing the detected zones on /zones
[rosout][INFO] 2017-06-16 10:52:24,248: Received the playground image. Detecting zones...
[rosout][INFO] 2017-06-16 10:52:24,267: Publishing the detected zones on /zones
[rosout][INFO] 2017-06-16 10:52:27,506: Received the playground image. Detecting zones...
[rosout][INFO] 2017-06-16 10:52:27,526: Publishing the detected zones on /zones
[rosout][INFO] 2017-06-16 10:52:28,247: Received the playground image. Detecting zones...
[rosout][INFO] 2017-06-16 10:52:28,271: Publishing the detected zones on /zones
[rosout][INFO] 2017-06-16 10:52:28,747: Received the playground image. Detecting zones...
[rosout][INFO] 2017-06-16 10:52:28,769: Publishing the detected zones on /zones
[rosout][INFO] 2017-06-16 10:52:29,012: Received the playground image. Detecting zones...
[rosout][INFO] 2017-06-16 10:52:29,035: Publishing the detected zones on /zones
[rosout][INFO] 2017-06-16 10:52:29,252: Received the playground image. Detecting zones...
[rosout][INFO] 2017-06-16 10:52:29,278: Publishing the detected zones on /zones
[rosout][INFO] 2017-06-16 10:52:29,784: Received the playground image. Detecting zones...
[rosout][INFO] 2017-06-16 10:52:29,809: Publishing the detected zones on /zones
[rosout][INFO] 2017-06-16 10:52:31,008: Received the playground image. Detecting zones...
[rosout][INFO] 2017-06-16 10:52:31,029: Publishing the detected zones on /zones
[rosout][INFO] 2017-06-16 10:52:34,492: Received the playground image. Detecting zones...
[rosout][INFO] 2017-06-16 10:52:34,509: Publishing the detected zones on /zones
[rosout][INFO] 2017-06-16 10:52:39,496: Received the playground image. Detecting zones...
[rosout][INFO] 2017-06-16 10:52:39,514: Publishing the detected zones on /zones
[rosout][INFO] 2017-06-16 10:52:40,497: Received the playground image. Detecting zones...
[rosout][INFO] 2017-06-16 10:52:40,528: Publishing the detected zones on /zones
[rosout][INFO] 2017-06-16 10:52:41,499: Received the playground image. Detecting zones...
[rosout][INFO] 2017-06-16 10:52:41,520: Publishing the detected zones on /zones
[rosout][INFO] 2017-06-16 10:52:43,496: Received the playground image. Detecting zones...
[rosout][INFO] 2017-06-16 10:52:43,523: Publishing the detected zones on /zones
[rosout][INFO] 2017-06-16 10:52:45,486: Received the playground image. Detecting zones...
[rosout][INFO] 2017-06-16 10:52:45,504: Publishing the detected zones on /zones
[rosout][INFO] 2017-06-16 10:52:46,480: Received the playground image. Detecting zones...
[rosout][INFO] 2017-06-16 10:52:46,502: Publishing the detected zones on /zones
[rosout][INFO] 2017-06-16 10:52:47,247: Received the playground image. Detecting zones...
[rosout][INFO] 2017-06-16 10:52:47,264: Publishing the detected zones on /zones
[rosout][INFO] 2017-06-16 10:52:51,009: Received the playground image. Detecting zones...
[rosout][INFO] 2017-06-16 10:52:51,034: Publishing the detected zones on /zones
[rosout][INFO] 2017-06-16 10:52:52,257: Received the playground image. Detecting zones...
[rosout][INFO] 2017-06-16 10:52:52,291: Publishing the detected zones on /zones
[rosout][INFO] 2017-06-16 10:52:53,727: Received the playground image. Detecting zones...
[rosout][INFO] 2017-06-16 10:52:53,746: Publishing the detected zones on /zones
[rosout][INFO] 2017-06-16 10:53:46,508: Received the playground image. Detecting zones...
[rosout][INFO] 2017-06-16 10:53:46,529: Publishing the detected zones on /zones
[rosout][INFO] 2017-06-16 10:53:55,038: Received the playground image. Detecting zones...
[rosout][INFO] 2017-06-16 10:53:55,064: Publishing the detected zones on /zones
[rosout][INFO] 2017-06-16 10:53:56,782: Received the playground image. Detecting zones...
[rosout][INFO] 2017-06-16 10:53:56,804: Publishing the detected zones on /zones
[rosout][INFO] 2017-06-16 10:53:59,245: Received the playground image. Detecting zones...
[rosout][INFO] 2017-06-16 10:53:59,267: Publishing the detected zones on /zones
[rosout][INFO] 2017-06-16 10:53:59,991: Received the playground image. Detecting zones...
[rosout][INFO] 2017-06-16 10:54:00,017: Publishing the detected zones on /zones
[rosout][INFO] 2017-06-16 10:54:00,786: Received the playground image. Detecting zones...
[rosout][INFO] 2017-06-16 10:54:00,810: Publishing the detected zones on /zones
[rosout][INFO] 2017-06-16 10:54:04,251: Received the playground image. Detecting zones...
[rosout][INFO] 2017-06-16 10:54:04,282: Publishing the detected zones on /zones
[rosout][INFO] 2017-06-16 10:54:13,249: Received the playground image. Detecting zones...
[rosout][INFO] 2017-06-16 10:54:13,282: Publishing the detected zones on /zones
[rosout][INFO] 2017-06-16 10:54:14,517: Received the playground image. Detecting zones...
[rosout][INFO] 2017-06-16 10:54:14,543: Publishing the detected zones on /zones
[rosout][INFO] 2017-06-16 10:54:18,264: Received the playground image. Detecting zones...
[rosout][INFO] 2017-06-16 10:54:18,297: Publishing the detected zones on /zones
[rosout][INFO] 2017-06-16 10:54:21,097: Received the playground image. Detecting zones...
[rosout][INFO] 2017-06-16 10:54:21,124: Publishing the detected zones on /zones
[rosout][INFO] 2017-06-16 10:54:21,262: Received the playground image. Detecting zones...
[rosout][INFO] 2017-06-16 10:54:21,294: Publishing the detected zones on /zones
[rosout][INFO] 2017-06-16 10:54:22,257: Received the playground image. Detecting zones...
[rosout][INFO] 2017-06-16 10:54:22,293: Publishing the detected zones on /zones
[rosout][INFO] 2017-06-16 10:54:23,006: Received the playground image. Detecting zones...
[rosout][INFO] 2017-06-16 10:54:23,023: Publishing the detected zones on /zones
[rosout][INFO] 2017-06-16 10:54:24,310: Received the playground image. Detecting zones...
[rosout][INFO] 2017-06-16 10:54:24,339: Publishing the detected zones on /zones
[rosout][INFO] 2017-06-16 10:54:24,751: Received the playground image. Detecting zones...
[rosout][INFO] 2017-06-16 10:54:24,770: Publishing the detected zones on /zones
[rosout][INFO] 2017-06-16 10:54:27,009: Received the playground image. Detecting zones...
[rosout][INFO] 2017-06-16 10:54:27,025: Publishing the detected zones on /zones
[rosout][INFO] 2017-06-16 10:54:30,503: Received the playground image. Detecting zones...
[rosout][INFO] 2017-06-16 10:54:30,527: Publishing the detected zones on /zones
[rosout][INFO] 2017-06-16 10:54:33,259: Received the playground image. Detecting zones...
[rosout][INFO] 2017-06-16 10:54:33,293: Publishing the detected zones on /zones
[rosout][INFO] 2017-06-16 10:54:33,759: Received the playground image. Detecting zones...
[rosout][INFO] 2017-06-16 10:54:33,782: Publishing the detected zones on /zones
[rosout][INFO] 2017-06-16 10:54:34,522: Received the playground image. Detecting zones...
[rosout][INFO] 2017-06-16 10:54:34,542: Publishing the detected zones on /zones
[rosout][INFO] 2017-06-16 10:54:34,762: Received the playground image. Detecting zones...
[rosout][INFO] 2017-06-16 10:54:34,784: Publishing the detected zones on /zones
[rosout][INFO] 2017-06-16 10:54:35,002: Received the playground image. Detecting zones...
[rosout][INFO] 2017-06-16 10:54:35,027: Publishing the detected zones on /zones
[rosout][INFO] 2017-06-16 10:54:35,260: Received the playground image. Detecting zones...
[rosout][INFO] 2017-06-16 10:54:35,277: Publishing the detected zones on /zones
[rosout][INFO] 2017-06-16 10:54:35,485: Received the playground image. Detecting zones...
[rosout][INFO] 2017-06-16 10:54:35,503: Publishing the detected zones on /zones
[rosout][INFO] 2017-06-16 10:54:35,977: Received the playground image. Detecting zones...
[rosout][INFO] 2017-06-16 10:54:36,024: Publishing the detected zones on /zones
[rosout][INFO] 2017-06-16 10:54:36,248: Received the playground image. Detecting zones...
[rosout][INFO] 2017-06-16 10:54:36,277: Publishing the detected zones on /zones
[rosout][INFO] 2017-06-16 10:54:36,510: Received the playground image. Detecting zones...
[rosout][INFO] 2017-06-16 10:54:36,528: Publishing the detected zones on /zones
[rosout][INFO] 2017-06-16 10:54:37,010: Received the playground image. Detecting zones...
[rosout][INFO] 2017-06-16 10:54:37,032: Publishing the detected zones on /zones
[rosout][INFO] 2017-06-16 10:54:37,250: Received the playground image. Detecting zones...
[rosout][INFO] 2017-06-16 10:54:37,275: Publishing the detected zones on /zones
[rosout][INFO] 2017-06-16 10:54:38,756: Received the playground image. Detecting zones...
[rosout][INFO] 2017-06-16 10:54:38,783: Publishing the detected zones on /zones
[rosout][INFO] 2017-06-16 10:54:40,244: Received the playground image. Detecting zones...
[rosout][INFO] 2017-06-16 10:54:40,269: Publishing the detected zones on /zones
[rosout][INFO] 2017-06-16 10:54:44,778: Received the playground image. Detecting zones...
[rosout][INFO] 2017-06-16 10:54:44,801: Publishing the detected zones on /zones
[rosout][INFO] 2017-06-16 10:54:47,993: Received the playground image. Detecting zones...
[rosout][INFO] 2017-06-16 10:54:48,021: Publishing the detected zones on /zones
[rosout][INFO] 2017-06-16 10:54:49,764: Received the playground image. Detecting zones...
[rosout][INFO] 2017-06-16 10:54:49,788: Publishing the detected zones on /zones
[rosout][INFO] 2017-06-16 10:54:50,269: Received the playground image. Detecting zones...
[rosout][INFO] 2017-06-16 10:54:50,288: Publishing the detected zones on /zones
[rosout][INFO] 2017-06-16 10:54:50,499: Received the playground image. Detecting zones...
[rosout][INFO] 2017-06-16 10:54:50,518: Publishing the detected zones on /zones
[rosout][INFO] 2017-06-16 10:54:51,272: Received the playground image. Detecting zones...
[rosout][INFO] 2017-06-16 10:54:51,295: Publishing the detected zones on /zones
[rosout][INFO] 2017-06-16 10:54:55,011: Received the playground image. Detecting zones...
[rosout][INFO] 2017-06-16 10:54:55,038: Publishing the detected zones on /zones
[rosout][INFO] 2017-06-16 10:54:57,008: Received the playground image. Detecting zones...
[rosout][INFO] 2017-06-16 10:54:57,030: Publishing the detected zones on /zones
[rosout][INFO] 2017-06-16 10:55:05,252: Received the playground image. Detecting zones...
[rosout][INFO] 2017-06-16 10:55:05,273: Publishing the detected zones on /zones
[rosout][INFO] 2017-06-16 10:55:05,995: Received the playground image. Detecting zones...
[rosout][INFO] 2017-06-16 10:55:06,014: Publishing the detected zones on /zones
[rosout][INFO] 2017-06-16 10:55:06,998: Received the playground image. Detecting zones...
[rosout][INFO] 2017-06-16 10:55:07,016: Publishing the detected zones on /zones
[rosout][INFO] 2017-06-16 10:55:10,992: Received the playground image. Detecting zones...
[rosout][INFO] 2017-06-16 10:55:11,012: Publishing the detected zones on /zones
[rosout][INFO] 2017-06-16 10:55:11,737: Received the playground image. Detecting zones...
[rosout][INFO] 2017-06-16 10:55:11,758: Publishing the detected zones on /zones
[rosout][INFO] 2017-06-16 10:55:12,000: Received the playground image. Detecting zones...
[rosout][INFO] 2017-06-16 10:55:12,021: Publishing the detected zones on /zones
[rosout][INFO] 2017-06-16 10:55:15,752: Received the playground image. Detecting zones...
[rosout][INFO] 2017-06-16 10:55:15,771: Publishing the detected zones on /zones
[rosout][INFO] 2017-06-16 10:55:22,744: Received the playground image. Detecting zones...
[rosout][INFO] 2017-06-16 10:55:22,762: Publishing the detected zones on /zones
[rosout][INFO] 2017-06-16 10:55:26,276: Received the playground image. Detecting zones...
[rosout][INFO] 2017-06-16 10:55:26,306: Publishing the detected zones on /zones
[rosout][INFO] 2017-06-16 10:55:27,502: Received the playground image. Detecting zones...
[rosout][INFO] 2017-06-16 10:55:27,531: Publishing the detected zones on /zones
[rosout][INFO] 2017-06-16 10:55:27,742: Received the playground image. Detecting zones...
[rosout][INFO] 2017-06-16 10:55:27,761: Publishing the detected zones on /zones
[rosout][INFO] 2017-06-16 10:55:28,999: Received the playground image. Detecting zones...
[rosout][INFO] 2017-06-16 10:55:29,020: Publishing the detected zones on /zones
[rosout][INFO] 2017-06-16 10:55:35,496: Received the playground image. Detecting zones...
[rosout][INFO] 2017-06-16 10:55:35,515: Publishing the detected zones on /zones
[rosout][INFO] 2017-06-16 10:55:46,280: Received the playground image. Detecting zones...
[rosout][INFO] 2017-06-16 10:55:46,302: Publishing the detected zones on /zones
[rosout][INFO] 2017-06-16 10:55:53,992: Received the playground image. Detecting zones...
[rosout][INFO] 2017-06-16 10:55:54,024: Publishing the detected zones on /zones
[rosout][INFO] 2017-06-16 10:55:58,009: Received the playground image. Detecting zones...
[rosout][INFO] 2017-06-16 10:55:58,030: Publishing the detected zones on /zones
[rosout][INFO] 2017-06-16 10:56:09,492: Received the playground image. Detecting zones...
[rosout][INFO] 2017-06-16 10:56:09,514: Publishing the detected zones on /zones
[rosout][INFO] 2017-06-16 10:56:11,270: Received the playground image. Detecting zones...
[rosout][INFO] 2017-06-16 10:56:11,292: Publishing the detected zones on /zones
[rosout][INFO] 2017-06-16 10:56:22,255: Received the playground image. Detecting zones...
[rosout][INFO] 2017-06-16 10:56:22,281: Publishing the detected zones on /zones
[rosout][INFO] 2017-06-16 10:56:39,510: Received the playground image. Detecting zones...
[rosout][INFO] 2017-06-16 10:56:39,530: Publishing the detected zones on /zones
[rosout][INFO] 2017-06-16 10:56:40,777: Received the playground image. Detecting zones...
[rosout][INFO] 2017-06-16 10:56:40,803: Publishing the detected zones on /zones
[rosout][INFO] 2017-06-16 10:56:41,248: Received the playground image. Detecting zones...
[rosout][INFO] 2017-06-16 10:56:41,273: Publishing the detected zones on /zones
[rospy.internal][INFO] 2017-06-16 10:57:17,727: topic[/zones] removing connection to /sandbox_play
[rospy.internal][INFO] 2017-06-16 10:57:27,730: topic[/zones] removing connection to /rosbag_record_freeplay_sandbox
[rospy.core][INFO] 2017-06-16 11:01:31,345: signal_shutdown [signal-2]
[rospy.internal][INFO] 2017-06-16 11:01:31,351: topic[/rosout] removing connection to /rosout
[rospy.internal][INFO] 2017-06-16 11:01:31,351: topic[/sandtray/background/image] removing connection to http://sandtray-hrilab:33692/
[rospy.internal][WARNING] 2017-06-16 11:01:31,352: Unknown error initiating TCP/IP socket to sandtray-hrilab:55179 (http://sandtray-hrilab:33692/): Traceback (most recent call last):
  File "/opt/ros/kinetic/lib/python2.7/dist-packages/rospy/impl/tcpros_base.py", line 557, in connect
    self.read_header()
  File "/opt/ros/kinetic/lib/python2.7/dist-packages/rospy/impl/tcpros_base.py", line 650, in read_header
    self._validate_header(read_ros_handshake_header(sock, self.read_buff, self.protocol.buff_size))
AttributeError: 'NoneType' object has no attribute 'buff_size'

[rospy.topics][ERROR] 2017-06-16 11:01:31,352: Traceback (most recent call last):
  File "/opt/ros/kinetic/lib/python2.7/dist-packages/rospy/topics.py", line 326, in close
    c.close()
  File "/opt/ros/kinetic/lib/python2.7/dist-packages/rospy/impl/tcpros_base.py", line 838, in close
    self.socket.close()
AttributeError: 'NoneType' object has no attribute 'close'

[rospy.internal][INFO] 2017-06-16 11:01:31,352: topic[/sandtray/background/camera_info] removing connection to http://sandtray-hrilab:33692/
[rospy.impl.masterslave][INFO] 2017-06-16 11:01:31,352: signal-2
[rospy.core][INFO] 2017-06-16 11:01:31,358: signal_shutdown [signal-15]
[rospy.core][INFO] 2017-06-16 11:01:31,358: signal_shutdown [atexit]
