[rospy.client][INFO] 2017-06-06 14:51:36,217: init_node, name[/move_sandbox_items], pid[3511]
[xmlrpc][INFO] 2017-06-06 14:51:36,218: XML-RPC server binding to 0.0.0.0:0
[xmlrpc][INFO] 2017-06-06 14:51:36,218: Started XML-RPC server [http://sandtray-hrilab:37068/]
[rospy.init][INFO] 2017-06-06 14:51:36,218: ROS Slave URI: [http://sandtray-hrilab:37068/]
[rospy.impl.masterslave][INFO] 2017-06-06 14:51:36,218: _ready: http://sandtray-hrilab:37068/
[rospy.registration][INFO] 2017-06-06 14:51:36,219: Registering with master node http://localhost:11311
[xmlrpc][INFO] 2017-06-06 14:51:36,219: xml rpc node: starting XML-RPC server
[rospy.init][INFO] 2017-06-06 14:51:36,319: registered with master
[rospy.rosout][INFO] 2017-06-06 14:51:36,319: initializing /rosout core topic
[rospy.rosout][INFO] 2017-06-06 14:51:36,321: connected to core topic /rosout
[rospy.simtime][INFO] 2017-06-06 14:51:36,322: /use_sim_time is not set, will not subscribe to simulated time [/clock] topic
[rospy.internal][INFO] 2017-06-06 14:51:36,337: topic[/tf] adding connection to [http://sandtray-hrilab:36811/], count 0
[rospy.internal][INFO] 2017-06-06 14:51:36,338: topic[/tf] adding connection to [http://sandtray-hrilab:38321/], count 1
[rospy.internal][INFO] 2017-06-06 14:51:36,339: topic[/tf] adding connection to [http://sandtray-hrilab:37572/], count 1
[rospy.internal][INFO] 2017-06-06 14:51:36,339: topic[/tf] adding connection to [http://sandtray-hrilab:39605/], count 1
[rospy.internal][INFO] 2017-06-06 14:51:36,340: topic[/tf] adding connection to [http://sandtray-hrilab:38837/], count 1
[rospy.internal][INFO] 2017-06-06 14:51:36,523: topic[/poses] adding connection to [/sandtray], count 0
[rospy.internal][INFO] 2017-06-06 14:51:36,523: topic[/rosout] adding connection to [/rosout], count 0
[rospy.core][INFO] 2017-06-06 14:51:36,611: signal_shutdown [signal-2]
[rospy.internal][INFO] 2017-06-06 14:51:36,622: topic[/poses] removing connection to /sandtray
[rospy.internal][INFO] 2017-06-06 14:51:36,622: topic[/rosout] removing connection to /rosout
[rospy.internal][INFO] 2017-06-06 14:51:36,622: topic[/tf] removing connection to http://sandtray-hrilab:36811/
[rospy.internal][INFO] 2017-06-06 14:51:36,623: topic[/tf] removing connection to http://sandtray-hrilab:38321/
[rospy.internal][INFO] 2017-06-06 14:51:36,623: topic[/tf] removing connection to http://sandtray-hrilab:37572/
[rospy.internal][WARNING] 2017-06-06 14:51:36,624: Unknown error initiating TCP/IP socket to sandtray-hrilab:43694 (http://sandtray-hrilab:37572/): Traceback (most recent call last):
  File "/opt/ros/kinetic/lib/python2.7/dist-packages/rospy/impl/tcpros_base.py", line 557, in connect
    self.read_header()
  File "/opt/ros/kinetic/lib/python2.7/dist-packages/rospy/impl/tcpros_base.py", line 650, in read_header
    self._validate_header(read_ros_handshake_header(sock, self.read_buff, self.protocol.buff_size))
AttributeError: 'NoneType' object has no attribute 'buff_size'

[rospy.topics][ERROR] 2017-06-06 14:51:36,624: Traceback (most recent call last):
  File "/opt/ros/kinetic/lib/python2.7/dist-packages/rospy/topics.py", line 326, in close
    c.close()
  File "/opt/ros/kinetic/lib/python2.7/dist-packages/rospy/impl/tcpros_base.py", line 838, in close
    self.socket.close()
AttributeError: 'NoneType' object has no attribute 'close'

[rospy.internal][INFO] 2017-06-06 14:51:36,624: topic[/tf] removing connection to http://sandtray-hrilab:39605/
[rospy.topics][ERROR] 2017-06-06 14:51:36,625: Traceback (most recent call last):
  File "/opt/ros/kinetic/lib/python2.7/dist-packages/rospy/topics.py", line 326, in close
    c.close()
  File "/opt/ros/kinetic/lib/python2.7/dist-packages/rospy/impl/tcpros_base.py", line 838, in close
    self.socket.close()
AttributeError: 'NoneType' object has no attribute 'close'

[rospy.internal][INFO] 2017-06-06 14:51:36,625: topic[/tf] removing connection to http://sandtray-hrilab:38837/
[rospy.topics][ERROR] 2017-06-06 14:51:36,625: Traceback (most recent call last):
  File "/opt/ros/kinetic/lib/python2.7/dist-packages/rospy/topics.py", line 326, in close
    c.close()
  File "/opt/ros/kinetic/lib/python2.7/dist-packages/rospy/impl/tcpros_base.py", line 838, in close
    self.socket.close()
AttributeError: 'NoneType' object has no attribute 'close'

[rospy.impl.masterslave][INFO] 2017-06-06 14:51:36,625: signal-2
[rospy.internal][WARNING] 2017-06-06 14:51:36,625: Unknown error initiating TCP/IP socket to sandtray-hrilab:35134 (http://sandtray-hrilab:38837/): Traceback (most recent call last):
  File "/opt/ros/kinetic/lib/python2.7/dist-packages/rospy/impl/tcpros_base.py", line 557, in connect
    self.read_header()
  File "/opt/ros/kinetic/lib/python2.7/dist-packages/rospy/impl/tcpros_base.py", line 650, in read_header
    self._validate_header(read_ros_handshake_header(sock, self.read_buff, self.protocol.buff_size))
AttributeError: 'NoneType' object has no attribute 'buff_size'

[rospy.internal][WARNING] 2017-06-06 14:51:36,626: Unknown error initiating TCP/IP socket to sandtray-hrilab:50167 (http://sandtray-hrilab:39605/): Traceback (most recent call last):
  File "/opt/ros/kinetic/lib/python2.7/dist-packages/rospy/impl/tcpros_base.py", line 557, in connect
    self.read_header()
  File "/opt/ros/kinetic/lib/python2.7/dist-packages/rospy/impl/tcpros_base.py", line 650, in read_header
    self._validate_header(read_ros_handshake_header(sock, self.read_buff, self.protocol.buff_size))
AttributeError: 'NoneType' object has no attribute 'buff_size'

[rospy.core][INFO] 2017-06-06 14:51:37,240: signal_shutdown [atexit]
