[rospy.client][INFO] 2017-07-11 10:13:29,549: init_node, name[/nao_behaviours], pid[5662]
[xmlrpc][INFO] 2017-07-11 10:13:29,549: XML-RPC server binding to 0.0.0.0:0
[xmlrpc][INFO] 2017-07-11 10:13:29,549: Started XML-RPC server [http://sandtray-hrilab:41272/]
[rospy.impl.masterslave][INFO] 2017-07-11 10:13:29,550: _ready: http://sandtray-hrilab:41272/
[rospy.init][INFO] 2017-07-11 10:13:29,550: ROS Slave URI: [http://sandtray-hrilab:41272/]
[xmlrpc][INFO] 2017-07-11 10:13:29,550: xml rpc node: starting XML-RPC server
[rospy.registration][INFO] 2017-07-11 10:13:29,550: Registering with master node http://localhost:11311
[rospy.init][INFO] 2017-07-11 10:13:29,651: registered with master
[rospy.rosout][INFO] 2017-07-11 10:13:29,651: initializing /rosout core topic
[rospy.rosout][INFO] 2017-07-11 10:13:29,653: connected to core topic /rosout
[rospy.simtime][INFO] 2017-07-11 10:13:29,654: /use_sim_time is not set, will not subscribe to simulated time [/clock] topic
[rospy.internal][INFO] 2017-07-11 10:13:30,455: topic[/rosout] adding connection to [/rosout], count 0
[rospy.internal][INFO] 2017-07-11 10:13:37,358: topic[/speech] adding connection to [/naoqi_driver_node], count 0
[rosout][WARNING] 2017-07-11 10:13:51,821: Waiting for frame /odom to be published...
[rospy.internal][INFO] 2017-07-11 10:13:51,863: topic[/tf] adding connection to [http://sandtray-hrilab:42524/], count 0
[rospy.internal][INFO] 2017-07-11 10:13:51,864: topic[/tf] adding connection to [http://sandtray-hrilab:45024/], count 1
[rospy.internal][INFO] 2017-07-11 10:13:51,865: topic[/tf] adding connection to [http://sandtray-hrilab:36508/], count 2
[rospy.internal][INFO] 2017-07-11 10:13:51,867: topic[/tf] adding connection to [http://sandtray-hrilab:35269/], count 3
[rospy.internal][INFO] 2017-07-11 10:13:51,868: topic[/tf] adding connection to [http://192.168.2.103:42379/], count 4
[rospy.internal][INFO] 2017-07-11 10:13:51,869: topic[/tf] adding connection to [http://sandtray-hrilab:44481/], count 4
[rospy.internal][INFO] 2017-07-11 10:13:51,872: topic[/tf] adding connection to [http://sandtray-hrilab:39964/], count 6
[rospy.internal][INFO] 2017-07-11 10:13:51,873: topic[/tf] adding connection to [http://sandtray-hrilab:44530/], count 7
[rosout][WARNING] 2017-07-11 10:13:52,323: No transform robot->sandtray. Robot not yet localised!
[rosout][INFO] 2017-07-11 10:13:52,824: Ok! Starting robot behaviours.
[rospy.internal][INFO] 2017-07-11 10:13:52,835: topic[/poses] adding connection to [http://sandtray-hrilab:33039/], count 0
[rospy.internal][WARNING] 2017-07-11 10:41:53,448: Unknown error initiating TCP/IP socket to sandtray-hrilab:46187 (http://sandtray-hrilab:36508/): Traceback (most recent call last):
  File "/opt/ros/kinetic/lib/python2.7/dist-packages/rospy/impl/tcpros_base.py", line 555, in connect
    self.socket.connect((dest_addr, dest_port))
  File "/usr/lib/python2.7/socket.py", line 228, in meth
    return getattr(self._sock,name)(*args)
error: [Errno 111] Connection refused

[rospy.internal][INFO] 2017-07-11 10:41:53,448: topic[/tf] removing connection to http://sandtray-hrilab:36508/
[rospy.core][INFO] 2017-07-11 10:41:53,490: signal_shutdown [signal-15]
[rospy.internal][INFO] 2017-07-11 10:41:53,496: topic[/speech] removing connection to /naoqi_driver_node
[rospy.internal][INFO] 2017-07-11 10:41:53,496: topic[/rosout] removing connection to /rosout
[rospy.internal][INFO] 2017-07-11 10:41:53,496: topic[/poses] removing connection to http://sandtray-hrilab:33039/
[rospy.internal][WARNING] 2017-07-11 10:41:53,497: Unknown error initiating TCP/IP socket to sandtray-hrilab:39041 (http://sandtray-hrilab:33039/): Traceback (most recent call last):
  File "/opt/ros/kinetic/lib/python2.7/dist-packages/rospy/impl/tcpros_base.py", line 557, in connect
    self.read_header()
  File "/opt/ros/kinetic/lib/python2.7/dist-packages/rospy/impl/tcpros_base.py", line 650, in read_header
    self._validate_header(read_ros_handshake_header(sock, self.read_buff, self.protocol.buff_size))
AttributeError: 'NoneType' object has no attribute 'buff_size'

[rospy.topics][ERROR] 2017-07-11 10:41:53,499: Traceback (most recent call last):
  File "/opt/ros/kinetic/lib/python2.7/dist-packages/rospy/topics.py", line 326, in close
    c.close()
  File "/opt/ros/kinetic/lib/python2.7/dist-packages/rospy/impl/tcpros_base.py", line 838, in close
    self.socket.close()
AttributeError: 'NoneType' object has no attribute 'close'

[rospy.internal][INFO] 2017-07-11 10:41:53,499: topic[/tf] removing connection to http://sandtray-hrilab:42524/
[rospy.internal][INFO] 2017-07-11 10:41:53,500: topic[/tf] removing connection to http://sandtray-hrilab:45024/
[rospy.internal][WARNING] 2017-07-11 10:41:53,500: Unknown error initiating TCP/IP socket to sandtray-hrilab:49310 (http://sandtray-hrilab:42524/): Traceback (most recent call last):
  File "/opt/ros/kinetic/lib/python2.7/dist-packages/rospy/impl/tcpros_base.py", line 557, in connect
    self.read_header()
  File "/opt/ros/kinetic/lib/python2.7/dist-packages/rospy/impl/tcpros_base.py", line 650, in read_header
    self._validate_header(read_ros_handshake_header(sock, self.read_buff, self.protocol.buff_size))
AttributeError: 'NoneType' object has no attribute 'buff_size'

[rospy.internal][INFO] 2017-07-11 10:41:53,501: topic[/tf] removing connection to http://sandtray-hrilab:35269/
[rospy.internal][INFO] 2017-07-11 10:41:53,501: topic[/tf] removing connection to http://sandtray-hrilab:44481/
[rospy.internal][INFO] 2017-07-11 10:41:53,501: topic[/tf] removing connection to http://192.168.2.103:42379/
[rospy.internal][INFO] 2017-07-11 10:41:53,502: topic[/tf] removing connection to http://sandtray-hrilab:39964/
[rospy.internal][INFO] 2017-07-11 10:41:53,502: topic[/tf] removing connection to http://sandtray-hrilab:44530/
[rospy.impl.masterslave][INFO] 2017-07-11 10:41:53,503: signal-15
[rospy.core][INFO] 2017-07-11 10:41:54,118: signal_shutdown [signal-2]
[rospy.core][INFO] 2017-07-11 10:42:03,073: signal_shutdown [atexit]
