[0m[ INFO] [1498644584.808072952]: playground_map_and_plan is ready. Waiting for footprints on /footprints + TF updates[0m
Got footprint for /zebra: (-0.0169137,0.00985825), (-0.00531572,0.016817), (0.00396263,0.00521907), (0.013241,-0.000579897), (0.0103415,-0.0156572), (-0.00531572,-0.0156572), (-0.0169137,0.00985825), 
Got footprint for /elephant: (-0.0220085,0.0130249), (0.00961165,0.0169569), (0.0233738,0.00221177), (0.0184587,-0.0158101), (-0.00365898,-0.0158101), (-0.0257767,-0.000573422), (-0.0220085,0.0130249), 
Got footprint for /ball: (0.0118125,0), (0.00826875,-0.00826875), (0,-0.0118125), (-0.00826875,-0.00826875), (-0.0118125,0), (-0.00826875,0.00826875), (0,0.0118125), (0.00826875,0.00826875), (0.0118125,0), 
Got footprint for /lion: (-0.00110714,0.0147321), (0.0106429,0.00885714), (0.0156429,-0.00539286), (0.00426786,-0.0181429), (-0.00760714,-0.0152679), (-0.0123571,0.00385714), (-0.00948214,0.0113571), (-0.00110714,0.0147321), 
Got footprint for /giraffe: (-0.00374656,0.0275573), (0.0135929,-0.0018578), (0.0117351,-0.0226032), (-0.00421101,-0.0221388), (-0.0173704,0.0190424), (-0.00374656,0.0275573), 
Got footprint for /caravan: (-0.0307125,0.0175219), (0.023625,0.00975938), (0.0435375,-0.00492187), (0.0342563,-0.0120094), (-0.0307125,-0.0120094), (-0.0399938,0.00165938), (-0.0307125,0.0175219), 
Got footprint for /crocodile: (-0.00304826,0.0129501), (0.00406434,0.017134), (0.0160581,0.0174129), (0.0171738,-0.012711), (-0.00765053,-0.0155003), (-0.0136474,-0.0115953), (-0.0129501,-0.00769038), (-0.00304826,0.0129501), 
Got footprint for /hippo: (-0.00336986,0.0166949), (0.0256469,0.00573647), (0.0231774,-0.014174), (-0.00336986,-0.014174), (-0.0181869,-0.00460461), (-0.0238977,0.0105212), (-0.00336986,0.0166949), 
Got footprint for /boy: (0.016875,0), (0.0118125,-0.0118125), (0,-0.016875), (-0.0118125,-0.0118125), (-0.016875,0), (-0.0118125,0.0118125), (0,0.016875), (0.0118125,0.0118125), (0.016875,0), 
Got footprint for /girl: (0.016875,0), (0.0118125,-0.0118125), (0,-0.016875), (-0.0118125,-0.0118125), (-0.016875,0), (-0.0118125,0.0118125), (0,0.016875), (0.0118125,0.0118125), (0.016875,0), 
[33m[ WARN] [1498644585.408338370]: Got bounding box for /ball but corresponding frame not yet published[0m
[33m[ WARN] [1498644585.408400426]: Got bounding box for /boy but corresponding frame not yet published[0m
[33m[ WARN] [1498644585.408431476]: Got bounding box for /caravan but corresponding frame not yet published[0m
[33m[ WARN] [1498644585.408460126]: Got bounding box for /crocodile but corresponding frame not yet published[0m
[33m[ WARN] [1498644585.408503711]: Got bounding box for /elephant but corresponding frame not yet published[0m
[33m[ WARN] [1498644585.408542646]: Got bounding box for /giraffe but corresponding frame not yet published[0m
[33m[ WARN] [1498644585.408580373]: Got bounding box for /girl but corresponding frame not yet published[0m
[33m[ WARN] [1498644585.408617706]: Got bounding box for /hippo but corresponding frame not yet published[0m
[33m[ WARN] [1498644585.408654564]: Got bounding box for /lion but corresponding frame not yet published[0m
[33m[ WARN] [1498644585.408691432]: Got bounding box for /zebra but corresponding frame not yet published[0m
[33m[ WARN] [1498644585.608328647]: Got bounding box for /ball but corresponding frame not yet published[0m
[33m[ WARN] [1498644585.608418355]: Got bounding box for /boy but corresponding frame not yet published[0m
[33m[ WARN] [1498644585.608475323]: Got bounding box for /caravan but corresponding frame not yet published[0m
[33m[ WARN] [1498644585.608530358]: Got bounding box for /crocodile but corresponding frame not yet published[0m
[33m[ WARN] [1498644585.608581219]: Got bounding box for /elephant but corresponding frame not yet published[0m
[33m[ WARN] [1498644585.608618928]: Got bounding box for /giraffe but corresponding frame not yet published[0m
[33m[ WARN] [1498644585.608649836]: Got bounding box for /girl but corresponding frame not yet published[0m
[33m[ WARN] [1498644585.608677670]: Got bounding box for /hippo but corresponding frame not yet published[0m
[33m[ WARN] [1498644585.608724744]: Got bounding box for /lion but corresponding frame not yet published[0m
[33m[ WARN] [1498644585.608778190]: Got bounding box for /zebra but corresponding frame not yet published[0m
[33m[ WARN] [1498644585.808293793]: Got bounding box for /ball but corresponding frame not yet published[0m
[33m[ WARN] [1498644585.808353986]: Got bounding box for /boy but corresponding frame not yet published[0m
[33m[ WARN] [1498644585.808400272]: Got bounding box for /caravan but corresponding frame not yet published[0m
[33m[ WARN] [1498644585.808454060]: Got bounding box for /crocodile but corresponding frame not yet published[0m
[33m[ WARN] [1498644585.808508364]: Got bounding box for /elephant but corresponding frame not yet published[0m
[33m[ WARN] [1498644585.808561006]: Got bounding box for /giraffe but corresponding frame not yet published[0m
[33m[ WARN] [1498644585.808619309]: Got bounding box for /girl but corresponding frame not yet published[0m
[33m[ WARN] [1498644585.808675219]: Got bounding box for /hippo but corresponding frame not yet published[0m
[33m[ WARN] [1498644585.808730897]: Got bounding box for /lion but corresponding frame not yet published[0m
[33m[ WARN] [1498644585.808786071]: Got bounding box for /zebra but corresponding frame not yet published[0m
[33m[ WARN] [1498644586.008315070]: Got bounding box for /ball but corresponding frame not yet published[0m
[33m[ WARN] [1498644586.008385320]: Got bounding box for /boy but corresponding frame not yet published[0m
[33m[ WARN] [1498644586.008425810]: Got bounding box for /caravan but corresponding frame not yet published[0m
[33m[ WARN] [1498644586.008471504]: Got bounding box for /crocodile but corresponding frame not yet published[0m
[33m[ WARN] [1498644586.008524870]: Got bounding box for /elephant but corresponding frame not yet published[0m
[33m[ WARN] [1498644586.008558990]: Got bounding box for /giraffe but corresponding frame not yet published[0m
[33m[ WARN] [1498644586.008585953]: Got bounding box for /girl but corresponding frame not yet published[0m
[33m[ WARN] [1498644586.008634464]: Got bounding box for /hippo but corresponding frame not yet published[0m
[33m[ WARN] [1498644586.008661792]: Got bounding box for /lion but corresponding frame not yet published[0m
[33m[ WARN] [1498644586.008688315]: Got bounding box for /zebra but corresponding frame not yet published[0m
[33m[ WARN] [1498644586.208282651]: Got bounding box for /ball but corresponding frame not yet published[0m
[33m[ WARN] [1498644586.208333403]: Got bounding box for /boy but corresponding frame not yet published[0m
[33m[ WARN] [1498644586.208375578]: Got bounding box for /caravan but corresponding frame not yet published[0m
[33m[ WARN] [1498644586.208424095]: Got bounding box for /crocodile but corresponding frame not yet published[0m
[33m[ WARN] [1498644586.208452891]: Got bounding box for /elephant but corresponding frame not yet published[0m
[33m[ WARN] [1498644586.208480904]: Got bounding box for /giraffe but corresponding frame not yet published[0m
[33m[ WARN] [1498644586.208508703]: Got bounding box for /girl but corresponding frame not yet published[0m
[33m[ WARN] [1498644586.208536571]: Got bounding box for /hippo but corresponding frame not yet published[0m
[33m[ WARN] [1498644586.208564593]: Got bounding box for /lion but corresponding frame not yet published[0m
[33m[ WARN] [1498644586.208592291]: Got bounding box for /zebra but corresponding frame not yet published[0m
[33m[ WARN] [1498644586.408324745]: Got bounding box for /ball but corresponding frame not yet published[0m
[33m[ WARN] [1498644586.408402161]: Got bounding box for /boy but corresponding frame not yet published[0m
[33m[ WARN] [1498644586.408462101]: Got bounding box for /caravan but corresponding frame not yet published[0m
[33m[ WARN] [1498644586.408496980]: Got bounding box for /crocodile but corresponding frame not yet published[0m
[33m[ WARN] [1498644586.408529253]: Got bounding box for /elephant but corresponding frame not yet published[0m
[33m[ WARN] [1498644586.408562873]: Got bounding box for /giraffe but corresponding frame not yet published[0m
[33m[ WARN] [1498644586.408594604]: Got bounding box for /girl but corresponding frame not yet published[0m
[33m[ WARN] [1498644586.408636104]: Got bounding box for /hippo but corresponding frame not yet published[0m
[33m[ WARN] [1498644586.408673739]: Got bounding box for /lion but corresponding frame not yet published[0m
[33m[ WARN] [1498644586.408724937]: Got bounding box for /zebra but corresponding frame not yet published[0m
[33m[ WARN] [1498644586.608327443]: Got bounding box for /ball but corresponding frame not yet published[0m
[33m[ WARN] [1498644586.608386331]: Got bounding box for /boy but corresponding frame not yet published[0m
[33m[ WARN] [1498644586.608428098]: Got bounding box for /caravan but corresponding frame not yet published[0m
[33m[ WARN] [1498644586.608468369]: Got bounding box for /crocodile but corresponding frame not yet published[0m
[33m[ WARN] [1498644586.608508154]: Got bounding box for /elephant but corresponding frame not yet published[0m
[33m[ WARN] [1498644586.608566347]: Got bounding box for /giraffe but corresponding frame not yet published[0m
[33m[ WARN] [1498644586.608593499]: Got bounding box for /girl but corresponding frame not yet published[0m
[33m[ WARN] [1498644586.608630697]: Got bounding box for /hippo but corresponding frame not yet published[0m
[33m[ WARN] [1498644586.608680560]: Got bounding box for /lion but corresponding frame not yet published[0m
[33m[ WARN] [1498644586.608722427]: Got bounding box for /zebra but corresponding frame not yet published[0m
[33m[ WARN] [1498644586.808318419]: Got bounding box for /ball but corresponding frame not yet published[0m
[33m[ WARN] [1498644586.808384577]: Got bounding box for /boy but corresponding frame not yet published[0m
[33m[ WARN] [1498644586.808436847]: Got bounding box for /caravan but corresponding frame not yet published[0m
[33m[ WARN] [1498644586.808486273]: Got bounding box for /crocodile but corresponding frame not yet published[0m
[33m[ WARN] [1498644586.808578069]: Got bounding box for /elephant but corresponding frame not yet published[0m
[33m[ WARN] [1498644586.808638617]: Got bounding box for /giraffe but corresponding frame not yet published[0m
[33m[ WARN] [1498644586.808686565]: Got bounding box for /girl but corresponding frame not yet published[0m
[33m[ WARN] [1498644586.808743643]: Got bounding box for /hippo but corresponding frame not yet published[0m
[33m[ WARN] [1498644586.808805224]: Got bounding box for /lion but corresponding frame not yet published[0m
[33m[ WARN] [1498644586.808894647]: Got bounding box for /zebra but corresponding frame not yet published[0m
[33m[ WARN] [1498644587.008284357]: Got bounding box for /ball but corresponding frame not yet published[0m
[33m[ WARN] [1498644587.008349641]: Got bounding box for /boy but corresponding frame not yet published[0m
[33m[ WARN] [1498644587.008397920]: Got bounding box for /caravan but corresponding frame not yet published[0m
[33m[ WARN] [1498644587.008444588]: Got bounding box for /crocodile but corresponding frame not yet published[0m
[33m[ WARN] [1498644587.008483058]: Got bounding box for /elephant but corresponding frame not yet published[0m
[33m[ WARN] [1498644587.008521440]: Got bounding box for /giraffe but corresponding frame not yet published[0m
[33m[ WARN] [1498644587.008558912]: Got bounding box for /girl but corresponding frame not yet published[0m
[33m[ WARN] [1498644587.008596532]: Got bounding box for /hippo but corresponding frame not yet published[0m
[33m[ WARN] [1498644587.008632905]: Got bounding box for /lion but corresponding frame not yet published[0m
[33m[ WARN] [1498644587.008686047]: Got bounding box for /zebra but corresponding frame not yet published[0m
[33m[ WARN] [1498644587.208296731]: Got bounding box for /ball but corresponding frame not yet published[0m
[33m[ WARN] [1498644587.208358293]: Got bounding box for /boy but corresponding frame not yet published[0m
[33m[ WARN] [1498644587.208406469]: Got bounding box for /caravan but corresponding frame not yet published[0m
[33m[ WARN] [1498644587.208442624]: Got bounding box for /crocodile but corresponding frame not yet published[0m
[33m[ WARN] [1498644587.208478010]: Got bounding box for /elephant but corresponding frame not yet published[0m
[33m[ WARN] [1498644587.208512549]: Got bounding box for /giraffe but corresponding frame not yet published[0m
[33m[ WARN] [1498644587.208547126]: Got bounding box for /girl but corresponding frame not yet published[0m
[33m[ WARN] [1498644587.208580084]: Got bounding box for /hippo but corresponding frame not yet published[0m
[33m[ WARN] [1498644587.208611888]: Got bounding box for /lion but corresponding frame not yet published[0m
[33m[ WARN] [1498644587.208643763]: Got bounding box for /zebra but corresponding frame not yet published[0m
[33m[ WARN] [1498644587.408279504]: Got bounding box for /ball but corresponding frame not yet published[0m
[33m[ WARN] [1498644587.408339971]: Got bounding box for /boy but corresponding frame not yet published[0m
[33m[ WARN] [1498644587.408386842]: Got bounding box for /caravan but corresponding frame not yet published[0m
[33m[ WARN] [1498644587.408426103]: Got bounding box for /crocodile but corresponding frame not yet published[0m
[33m[ WARN] [1498644587.408464707]: Got bounding box for /elephant but corresponding frame not yet published[0m
[33m[ WARN] [1498644587.408502990]: Got bounding box for /giraffe but corresponding frame not yet published[0m
[33m[ WARN] [1498644587.408540798]: Got bounding box for /girl but corresponding frame not yet published[0m
[33m[ WARN] [1498644587.408578075]: Got bounding box for /hippo but corresponding frame not yet published[0m
[33m[ WARN] [1498644587.408614438]: Got bounding box for /lion but corresponding frame not yet published[0m
[33m[ WARN] [1498644587.408649827]: Got bounding box for /zebra but corresponding frame not yet published[0m
[33m[ WARN] [1498644587.608284338]: Got bounding box for /ball but corresponding frame not yet published[0m
[33m[ WARN] [1498644587.608357825]: Got bounding box for /boy but corresponding frame not yet published[0m
[33m[ WARN] [1498644587.608404217]: Got bounding box for /caravan but corresponding frame not yet published[0m
[33m[ WARN] [1498644587.608442252]: Got bounding box for /crocodile but corresponding frame not yet published[0m
[33m[ WARN] [1498644587.608479787]: Got bounding box for /elephant but corresponding frame not yet published[0m
[33m[ WARN] [1498644587.608516610]: Got bounding box for /giraffe but corresponding frame not yet published[0m
[33m[ WARN] [1498644587.608553154]: Got bounding box for /girl but corresponding frame not yet published[0m
[33m[ WARN] [1498644587.608589146]: Got bounding box for /hippo but corresponding frame not yet published[0m
[33m[ WARN] [1498644587.608624505]: Got bounding box for /lion but corresponding frame not yet published[0m
[33m[ WARN] [1498644587.608659655]: Got bounding box for /zebra but corresponding frame not yet published[0m
[33m[ WARN] [1498644587.808286119]: Got bounding box for /ball but corresponding frame not yet published[0m
[33m[ WARN] [1498644587.808340788]: Got bounding box for /boy but corresponding frame not yet published[0m
[33m[ WARN] [1498644587.808379416]: Got bounding box for /caravan but corresponding frame not yet published[0m
[33m[ WARN] [1498644587.808426276]: Got bounding box for /crocodile but corresponding frame not yet published[0m
[33m[ WARN] [1498644587.808463965]: Got bounding box for /elephant but corresponding frame not yet published[0m
[33m[ WARN] [1498644587.808501148]: Got bounding box for /giraffe but corresponding frame not yet published[0m
[33m[ WARN] [1498644587.808537651]: Got bounding box for /girl but corresponding frame not yet published[0m
[33m[ WARN] [1498644587.808573898]: Got bounding box for /hippo but corresponding frame not yet published[0m
[33m[ WARN] [1498644587.808609457]: Got bounding box for /lion but corresponding frame not yet published[0m
[33m[ WARN] [1498644587.808644836]: Got bounding box for /zebra but corresponding frame not yet published[0m
[33m[ WARN] [1498644588.008312636]: Got bounding box for /ball but corresponding frame not yet published[0m
[33m[ WARN] [1498644588.008404465]: Got bounding box for /boy but corresponding frame not yet published[0m
[33m[ WARN] [1498644588.008465311]: Got bounding box for /caravan but corresponding frame not yet published[0m
[33m[ WARN] [1498644588.008525390]: Got bounding box for /crocodile but corresponding frame not yet published[0m
[33m[ WARN] [1498644588.008585618]: Got bounding box for /elephant but corresponding frame not yet published[0m
[33m[ WARN] [1498644588.008643359]: Got bounding box for /giraffe but corresponding frame not yet published[0m
[33m[ WARN] [1498644588.008700521]: Got bounding box for /girl but corresponding frame not yet published[0m
[33m[ WARN] [1498644588.008756177]: Got bounding box for /hippo but corresponding frame not yet published[0m
[33m[ WARN] [1498644588.008812670]: Got bounding box for /lion but corresponding frame not yet published[0m
[33m[ WARN] [1498644588.008868458]: Got bounding box for /zebra but corresponding frame not yet published[0m
[33m[ WARN] [1498644588.208287715]: Got bounding box for /ball but corresponding frame not yet published[0m
[33m[ WARN] [1498644588.208347455]: Got bounding box for /boy but corresponding frame not yet published[0m
[33m[ WARN] [1498644588.208378732]: Got bounding box for /caravan but corresponding frame not yet published[0m
[33m[ WARN] [1498644588.208408849]: Got bounding box for /crocodile but corresponding frame not yet published[0m
[33m[ WARN] [1498644588.208437562]: Got bounding box for /elephant but corresponding frame not yet published[0m
[33m[ WARN] [1498644588.208476223]: Got bounding box for /giraffe but corresponding frame not yet published[0m
[33m[ WARN] [1498644588.208512952]: Got bounding box for /girl but corresponding frame not yet published[0m
[33m[ WARN] [1498644588.208565434]: Got bounding box for /hippo but corresponding frame not yet published[0m
[33m[ WARN] [1498644588.208602106]: Got bounding box for /lion but corresponding frame not yet published[0m
[33m[ WARN] [1498644588.208637683]: Got bounding box for /zebra but corresponding frame not yet published[0m
[33m[ WARN] [1498644588.408292654]: Got bounding box for /ball but corresponding frame not yet published[0m
[33m[ WARN] [1498644588.408349370]: Got bounding box for /boy but corresponding frame not yet published[0m
[33m[ WARN] [1498644588.408389078]: Got bounding box for /caravan but corresponding frame not yet published[0m
[33m[ WARN] [1498644588.408428186]: Got bounding box for /crocodile but corresponding frame not yet published[0m
[33m[ WARN] [1498644588.408465967]: Got bounding box for /elephant but corresponding frame not yet published[0m
[33m[ WARN] [1498644588.408515672]: Got bounding box for /giraffe but corresponding frame not yet published[0m
[33m[ WARN] [1498644588.408571725]: Got bounding box for /girl but corresponding frame not yet published[0m
[33m[ WARN] [1498644588.408623287]: Got bounding box for /hippo but corresponding frame not yet published[0m
[33m[ WARN] [1498644588.408674269]: Got bounding box for /lion but corresponding frame not yet published[0m
[33m[ WARN] [1498644588.408725763]: Got bounding box for /zebra but corresponding frame not yet published[0m
[33m[ WARN] [1498644588.608294939]: Got bounding box for /ball but corresponding frame not yet published[0m
[33m[ WARN] [1498644588.608372175]: Got bounding box for /boy but corresponding frame not yet published[0m
[33m[ WARN] [1498644588.608425633]: Got bounding box for /caravan but corresponding frame not yet published[0m
[33m[ WARN] [1498644588.608475835]: Got bounding box for /crocodile but corresponding frame not yet published[0m
[33m[ WARN] [1498644588.608504043]: Got bounding box for /elephant but corresponding frame not yet published[0m
[33m[ WARN] [1498644588.608531104]: Got bounding box for /giraffe but corresponding frame not yet published[0m
[33m[ WARN] [1498644588.608558103]: Got bounding box for /girl but corresponding frame not yet published[0m
[33m[ WARN] [1498644588.608599463]: Got bounding box for /hippo but corresponding frame not yet published[0m
[33m[ WARN] [1498644588.608637386]: Got bounding box for /lion but corresponding frame not yet published[0m
[33m[ WARN] [1498644588.608674309]: Got bounding box for /zebra but corresponding frame not yet published[0m
[33m[ WARN] [1498644588.808290527]: Got bounding box for /ball but corresponding frame not yet published[0m
[33m[ WARN] [1498644588.808353899]: Got bounding box for /boy but corresponding frame not yet published[0m
[33m[ WARN] [1498644588.808393462]: Got bounding box for /caravan but corresponding frame not yet published[0m
[33m[ WARN] [1498644588.808440222]: Got bounding box for /crocodile but corresponding frame not yet published[0m
[33m[ WARN] [1498644588.808478156]: Got bounding box for /elephant but corresponding frame not yet published[0m
[33m[ WARN] [1498644588.808515190]: Got bounding box for /giraffe but corresponding frame not yet published[0m
[33m[ WARN] [1498644588.808552140]: Got bounding box for /girl but corresponding frame not yet published[0m
[33m[ WARN] [1498644588.808587641]: Got bounding box for /hippo but corresponding frame not yet published[0m
[33m[ WARN] [1498644588.808623866]: Got bounding box for /lion but corresponding frame not yet published[0m
[33m[ WARN] [1498644588.808659621]: Got bounding box for /zebra but corresponding frame not yet published[0m
[33m[ WARN] [1498644589.008291307]: Got bounding box for /ball but corresponding frame not yet published[0m
[33m[ WARN] [1498644589.008359608]: Got bounding box for /boy but corresponding frame not yet published[0m
[33m[ WARN] [1498644589.008404080]: Got bounding box for /caravan but corresponding frame not yet published[0m
[33m[ WARN] [1498644589.008442694]: Got bounding box for /crocodile but corresponding frame not yet published[0m
[33m[ WARN] [1498644589.008518235]: Got bounding box for /elephant but corresponding frame not yet published[0m
[33m[ WARN] [1498644589.008561363]: Got bounding box for /giraffe but corresponding frame not yet published[0m
[33m[ WARN] [1498644589.008589973]: Got bounding box for /girl but corresponding frame not yet published[0m
[33m[ WARN] [1498644589.008625597]: Got bounding box for /hippo but corresponding frame not yet published[0m
[33m[ WARN] [1498644589.008649671]: Got bounding box for /lion but corresponding frame not yet published[0m
[33m[ WARN] [1498644589.008673931]: Got bounding box for /zebra but corresponding frame not yet published[0m
[33m[ WARN] [1498644589.208297643]: Got bounding box for /ball but corresponding frame not yet published[0m
[33m[ WARN] [1498644589.208352989]: Got bounding box for /boy but corresponding frame not yet published[0m
[33m[ WARN] [1498644589.208383658]: Got bounding box for /caravan but corresponding frame not yet published[0m
[33m[ WARN] [1498644589.208413033]: Got bounding box for /crocodile but corresponding frame not yet published[0m
[33m[ WARN] [1498644589.208453989]: Got bounding box for /elephant but corresponding frame not yet published[0m
[33m[ WARN] [1498644589.208491939]: Got bounding box for /giraffe but corresponding frame not yet published[0m
[33m[ WARN] [1498644589.208528681]: Got bounding box for /girl but corresponding frame not yet published[0m
[33m[ WARN] [1498644589.208565165]: Got bounding box for /hippo but corresponding frame not yet published[0m
[33m[ WARN] [1498644589.208600991]: Got bounding box for /lion but corresponding frame not yet published[0m
[33m[ WARN] [1498644589.208637163]: Got bounding box for /zebra but corresponding frame not yet published[0m
[33m[ WARN] [1498644589.408292583]: Got bounding box for /ball but corresponding frame not yet published[0m
[33m[ WARN] [1498644589.408349008]: Got bounding box for /boy but corresponding frame not yet published[0m
[33m[ WARN] [1498644589.408385457]: Got bounding box for /caravan but corresponding frame not yet published[0m
[33m[ WARN] [1498644589.408430583]: Got bounding box for /crocodile but corresponding frame not yet published[0m
[33m[ WARN] [1498644589.408468364]: Got bounding box for /elephant but corresponding frame not yet published[0m
[33m[ WARN] [1498644589.408516674]: Got bounding box for /giraffe but corresponding frame not yet published[0m
[33m[ WARN] [1498644589.408562558]: Got bounding box for /girl but corresponding frame not yet published[0m
[33m[ WARN] [1498644589.408599834]: Got bounding box for /hippo but corresponding frame not yet published[0m
[33m[ WARN] [1498644589.408624138]: Got bounding box for /lion but corresponding frame not yet published[0m
[33m[ WARN] [1498644589.408647851]: Got bounding box for /zebra but corresponding frame not yet published[0m
[33m[ WARN] [1498644589.608294982]: Got bounding box for /ball but corresponding frame not yet published[0m
[33m[ WARN] [1498644589.608350086]: Got bounding box for /boy but corresponding frame not yet published[0m
[33m[ WARN] [1498644589.608389128]: Got bounding box for /caravan but corresponding frame not yet published[0m
[33m[ WARN] [1498644589.608438225]: Got bounding box for /crocodile but corresponding frame not yet published[0m
[33m[ WARN] [1498644589.608466573]: Got bounding box for /elephant but corresponding frame not yet published[0m
[33m[ WARN] [1498644589.608494837]: Got bounding box for /giraffe but corresponding frame not yet published[0m
[33m[ WARN] [1498644589.608536898]: Got bounding box for /girl but corresponding frame not yet published[0m
[33m[ WARN] [1498644589.608574693]: Got bounding box for /hippo but corresponding frame not yet published[0m
[33m[ WARN] [1498644589.608611935]: Got bounding box for /lion but corresponding frame not yet published[0m
[33m[ WARN] [1498644589.608649421]: Got bounding box for /zebra but corresponding frame not yet published[0m
[33m[ WARN] [1498644589.808297751]: Got bounding box for /ball but corresponding frame not yet published[0m
[33m[ WARN] [1498644589.808411522]: Got bounding box for /boy but corresponding frame not yet published[0m
[33m[ WARN] [1498644589.808465214]: Got bounding box for /caravan but corresponding frame not yet published[0m
[33m[ WARN] [1498644589.808516653]: Got bounding box for /crocodile but corresponding frame not yet published[0m
[33m[ WARN] [1498644589.808563912]: Got bounding box for /elephant but corresponding frame not yet published[0m
[33m[ WARN] [1498644589.808611675]: Got bounding box for /giraffe but corresponding frame not yet published[0m
[33m[ WARN] [1498644589.808655343]: Got bounding box for /girl but corresponding frame not yet published[0m
[33m[ WARN] [1498644589.808696579]: Got bounding box for /hippo but corresponding frame not yet published[0m
[33m[ WARN] [1498644589.808748203]: Got bounding box for /lion but corresponding frame not yet published[0m
[33m[ WARN] [1498644589.808786734]: Got bounding box for /zebra but corresponding frame not yet published[0m
[33m[ WARN] [1498644590.008287181]: Got bounding box for /ball but corresponding frame not yet published[0m
[33m[ WARN] [1498644590.008353891]: Got bounding box for /boy but corresponding frame not yet published[0m
[33m[ WARN] [1498644590.008409566]: Got bounding box for /caravan but corresponding frame not yet published[0m
[33m[ WARN] [1498644590.008455924]: Got bounding box for /crocodile but corresponding frame not yet published[0m
[33m[ WARN] [1498644590.008487182]: Got bounding box for /elephant but corresponding frame not yet published[0m
[33m[ WARN] [1498644590.008515156]: Got bounding box for /giraffe but corresponding frame not yet published[0m
[33m[ WARN] [1498644590.008542392]: Got bounding box for /girl but corresponding frame not yet published[0m
[33m[ WARN] [1498644590.008569235]: Got bounding box for /hippo but corresponding frame not yet published[0m
[33m[ WARN] [1498644590.008596057]: Got bounding box for /lion but corresponding frame not yet published[0m
[33m[ WARN] [1498644590.008622690]: Got bounding box for /zebra but corresponding frame not yet published[0m
[33m[ WARN] [1498644590.208311156]: Got bounding box for /ball but corresponding frame not yet published[0m
[33m[ WARN] [1498644590.208379378]: Got bounding box for /boy but corresponding frame not yet published[0m
[33m[ WARN] [1498644590.208457108]: Got bounding box for /caravan but corresponding frame not yet published[0m
[33m[ WARN] [1498644590.208509800]: Got bounding box for /crocodile but corresponding frame not yet published[0m
[33m[ WARN] [1498644590.208561580]: Got bounding box for /elephant but corresponding frame not yet published[0m
[33m[ WARN] [1498644590.208614062]: Got bounding box for /giraffe but corresponding frame not yet published[0m
[33m[ WARN] [1498644590.208665692]: Got bounding box for /girl but corresponding frame not yet published[0m
[33m[ WARN] [1498644590.208715680]: Got bounding box for /hippo but corresponding frame not yet published[0m
[33m[ WARN] [1498644590.208771353]: Got bounding box for /lion but corresponding frame not yet published[0m
[33m[ WARN] [1498644590.208821982]: Got bounding box for /zebra but corresponding frame not yet published[0m
[33m[ WARN] [1498644590.408293499]: Got bounding box for /ball but corresponding frame not yet published[0m
[33m[ WARN] [1498644590.408351086]: Got bounding box for /boy but corresponding frame not yet published[0m
[33m[ WARN] [1498644590.408380256]: Got bounding box for /caravan but corresponding frame not yet published[0m
[33m[ WARN] [1498644590.408410474]: Got bounding box for /crocodile but corresponding frame not yet published[0m
[33m[ WARN] [1498644590.408439238]: Got bounding box for /elephant but corresponding frame not yet published[0m
[33m[ WARN] [1498644590.408477237]: Got bounding box for /giraffe but corresponding frame not yet published[0m
[33m[ WARN] [1498644590.408517945]: Got bounding box for /girl but corresponding frame not yet published[0m
[33m[ WARN] [1498644590.408595293]: Got bounding box for /hippo but corresponding frame not yet published[0m
[33m[ WARN] [1498644590.408635952]: Got bounding box for /lion but corresponding frame not yet published[0m
[33m[ WARN] [1498644590.408684449]: Got bounding box for /zebra but corresponding frame not yet published[0m
[33m[ WARN] [1498644590.608320706]: Got bounding box for /ball but corresponding frame not yet published[0m
[33m[ WARN] [1498644590.608377345]: Got bounding box for /boy but corresponding frame not yet published[0m
[33m[ WARN] [1498644590.608425334]: Got bounding box for /caravan but corresponding frame not yet published[0m
[33m[ WARN] [1498644590.608476166]: Got bounding box for /crocodile but corresponding frame not yet published[0m
[33m[ WARN] [1498644590.608528232]: Got bounding box for /elephant but corresponding frame not yet published[0m
[33m[ WARN] [1498644590.608573208]: Got bounding box for /giraffe but corresponding frame not yet published[0m
[33m[ WARN] [1498644590.608620038]: Got bounding box for /girl but corresponding frame not yet published[0m
[33m[ WARN] [1498644590.608650300]: Got bounding box for /hippo but corresponding frame not yet published[0m
[33m[ WARN] [1498644590.608702588]: Got bounding box for /lion but corresponding frame not yet published[0m
[33m[ WARN] [1498644590.608747776]: Got bounding box for /zebra but corresponding frame not yet published[0m
[33m[ WARN] [1498644590.808296510]: Got bounding box for /ball but corresponding frame not yet published[0m
[33m[ WARN] [1498644590.808346468]: Got bounding box for /boy but corresponding frame not yet published[0m
[33m[ WARN] [1498644590.808376873]: Got bounding box for /caravan but corresponding frame not yet published[0m
[33m[ WARN] [1498644590.808414815]: Got bounding box for /crocodile but corresponding frame not yet published[0m
[33m[ WARN] [1498644590.808464122]: Got bounding box for /elephant but corresponding frame not yet published[0m
[33m[ WARN] [1498644590.808519927]: Got bounding box for /giraffe but corresponding frame not yet published[0m
[33m[ WARN] [1498644590.808556344]: Got bounding box for /girl but corresponding frame not yet published[0m
[33m[ WARN] [1498644590.808608667]: Got bounding box for /hippo but corresponding frame not yet published[0m
[33m[ WARN] [1498644590.808647533]: Got bounding box for /lion but corresponding frame not yet published[0m
[33m[ WARN] [1498644590.808697427]: Got bounding box for /zebra but corresponding frame not yet published[0m
[33m[ WARN] [1498644591.008305139]: Got bounding box for /ball but corresponding frame not yet published[0m
[33m[ WARN] [1498644591.008372514]: Got bounding box for /boy but corresponding frame not yet published[0m
[33m[ WARN] [1498644591.008421834]: Got bounding box for /caravan but corresponding frame not yet published[0m
[33m[ WARN] [1498644591.008470151]: Got bounding box for /crocodile but corresponding frame not yet published[0m
[33m[ WARN] [1498644591.008516436]: Got bounding box for /elephant but corresponding frame not yet published[0m
[33m[ WARN] [1498644591.008562431]: Got bounding box for /giraffe but corresponding frame not yet published[0m
[33m[ WARN] [1498644591.008593833]: Got bounding box for /girl but corresponding frame not yet published[0m
[33m[ WARN] [1498644591.008620624]: Got bounding box for /hippo but corresponding frame not yet published[0m
[33m[ WARN] [1498644591.008646993]: Got bounding box for /lion but corresponding frame not yet published[0m
[33m[ WARN] [1498644591.008673227]: Got bounding box for /zebra but corresponding frame not yet published[0m
[33m[ WARN] [1498644591.208337331]: Got bounding box for /ball but corresponding frame not yet published[0m
[33m[ WARN] [1498644591.208407355]: Got bounding box for /boy but corresponding frame not yet published[0m
[33m[ WARN] [1498644591.208457729]: Got bounding box for /caravan but corresponding frame not yet published[0m
[33m[ WARN] [1498644591.208504273]: Got bounding box for /crocodile but corresponding frame not yet published[0m
[33m[ WARN] [1498644591.208570501]: Got bounding box for /elephant but corresponding frame not yet published[0m
[33m[ WARN] [1498644591.208615995]: Got bounding box for /giraffe but corresponding frame not yet published[0m
[33m[ WARN] [1498644591.208660233]: Got bounding box for /girl but corresponding frame not yet published[0m
[33m[ WARN] [1498644591.208704718]: Got bounding box for /hippo but corresponding frame not yet published[0m
[33m[ WARN] [1498644591.208748624]: Got bounding box for /lion but corresponding frame not yet published[0m
[33m[ WARN] [1498644591.208793116]: Got bounding box for /zebra but corresponding frame not yet published[0m
[33m[ WARN] [1498644591.408302290]: Got bounding box for /ball but corresponding frame not yet published[0m
[33m[ WARN] [1498644591.408358812]: Got bounding box for /boy but corresponding frame not yet published[0m
[33m[ WARN] [1498644591.408413460]: Got bounding box for /caravan but corresponding frame not yet published[0m
[33m[ WARN] [1498644591.408471100]: Got bounding box for /crocodile but corresponding frame not yet published[0m
[33m[ WARN] [1498644591.408525398]: Got bounding box for /elephant but corresponding frame not yet published[0m
[33m[ WARN] [1498644591.408577185]: Got bounding box for /giraffe but corresponding frame not yet published[0m
[33m[ WARN] [1498644591.408628645]: Got bounding box for /girl but corresponding frame not yet published[0m
[33m[ WARN] [1498644591.408676332]: Got bounding box for /hippo but corresponding frame not yet published[0m
[33m[ WARN] [1498644591.408728887]: Got bounding box for /lion but corresponding frame not yet published[0m
[33m[ WARN] [1498644591.408781981]: Got bounding box for /zebra but corresponding frame not yet published[0m
[33m[ WARN] [1498644591.608319165]: Got bounding box for /ball but corresponding frame not yet published[0m
[33m[ WARN] [1498644591.608398974]: Got bounding box for /boy but corresponding frame not yet published[0m
[33m[ WARN] [1498644591.608440395]: Got bounding box for /caravan but corresponding frame not yet published[0m
[33m[ WARN] [1498644591.608478123]: Got bounding box for /crocodile but corresponding frame not yet published[0m
[33m[ WARN] [1498644591.608515197]: Got bounding box for /elephant but corresponding frame not yet published[0m
[33m[ WARN] [1498644591.608551315]: Got bounding box for /giraffe but corresponding frame not yet published[0m
[33m[ WARN] [1498644591.608586850]: Got bounding box for /girl but corresponding frame not yet published[0m
[33m[ WARN] [1498644591.608623710]: Got bounding box for /hippo but corresponding frame not yet published[0m
[33m[ WARN] [1498644591.608658857]: Got bounding box for /lion but corresponding frame not yet published[0m
[33m[ WARN] [1498644591.608694368]: Got bounding box for /zebra but corresponding frame not yet published[0m
[33m[ WARN] [1498644591.808301591]: Got bounding box for /ball but corresponding frame not yet published[0m
[33m[ WARN] [1498644591.808366738]: Got bounding box for /boy but corresponding frame not yet published[0m
[33m[ WARN] [1498644591.808406441]: Got bounding box for /caravan but corresponding frame not yet published[0m
[33m[ WARN] [1498644591.808451515]: Got bounding box for /crocodile but corresponding frame not yet published[0m
[33m[ WARN] [1498644591.808489763]: Got bounding box for /elephant but corresponding frame not yet published[0m
[33m[ WARN] [1498644591.808527367]: Got bounding box for /giraffe but corresponding frame not yet published[0m
[33m[ WARN] [1498644591.808563742]: Got bounding box for /girl but corresponding frame not yet published[0m
[33m[ WARN] [1498644591.808599026]: Got bounding box for /hippo but corresponding frame not yet published[0m
[33m[ WARN] [1498644591.808645981]: Got bounding box for /lion but corresponding frame not yet published[0m
[33m[ WARN] [1498644591.808708840]: Got bounding box for /zebra but corresponding frame not yet published[0m
[33m[ WARN] [1498644592.008302254]: Got bounding box for /ball but corresponding frame not yet published[0m
[33m[ WARN] [1498644592.008396863]: Got bounding box for /boy but corresponding frame not yet published[0m
[33m[ WARN] [1498644592.008467518]: Got bounding box for /caravan but corresponding frame not yet published[0m
[33m[ WARN] [1498644592.008534639]: Got bounding box for /crocodile but corresponding frame not yet published[0m
[33m[ WARN] [1498644592.008611336]: Got bounding box for /elephant but corresponding frame not yet published[0m
[33m[ WARN] [1498644592.008684682]: Got bounding box for /giraffe but corresponding frame not yet published[0m
[33m[ WARN] [1498644592.008764509]: Got bounding box for /girl but corresponding frame not yet published[0m
[33m[ WARN] [1498644592.008838291]: Got bounding box for /hippo but corresponding frame not yet published[0m
[33m[ WARN] [1498644592.008909675]: Got bounding box for /lion but corresponding frame not yet published[0m
[33m[ WARN] [1498644592.008982766]: Got bounding box for /zebra but corresponding frame not yet published[0m
[33m[ WARN] [1498644592.208296148]: Got bounding box for /ball but corresponding frame not yet published[0m
[33m[ WARN] [1498644592.208356659]: Got bounding box for /boy but corresponding frame not yet published[0m
[33m[ WARN] [1498644592.208387704]: Got bounding box for /caravan but corresponding frame not yet published[0m
[33m[ WARN] [1498644592.208417224]: Got bounding box for /crocodile but corresponding frame not yet published[0m
[33m[ WARN] [1498644592.208446088]: Got bounding box for /elephant but corresponding frame not yet published[0m
[33m[ WARN] [1498644592.208474585]: Got bounding box for /giraffe but corresponding frame not yet published[0m
[33m[ WARN] [1498644592.208503164]: Got bounding box for /girl but corresponding frame not yet published[0m
[33m[ WARN] [1498644592.208531190]: Got bounding box for /hippo but corresponding frame not yet published[0m
[33m[ WARN] [1498644592.208573137]: Got bounding box for /lion but corresponding frame not yet published[0m
[33m[ WARN] [1498644592.208612015]: Got bounding box for /zebra but corresponding frame not yet published[0m
[33m[ WARN] [1498644592.408320043]: Got bounding box for /ball but corresponding frame not yet published[0m
[33m[ WARN] [1498644592.408384328]: Got bounding box for /boy but corresponding frame not yet published[0m
[33m[ WARN] [1498644592.408432138]: Got bounding box for /caravan but corresponding frame not yet published[0m
[33m[ WARN] [1498644592.408486499]: Got bounding box for /crocodile but corresponding frame not yet published[0m
[33m[ WARN] [1498644592.408526110]: Got bounding box for /elephant but corresponding frame not yet published[0m
[33m[ WARN] [1498644592.408574158]: Got bounding box for /giraffe but corresponding frame not yet published[0m
[33m[ WARN] [1498644592.408626571]: Got bounding box for /girl but corresponding frame not yet published[0m
[33m[ WARN] [1498644592.408680464]: Got bounding box for /hippo but corresponding frame not yet published[0m
[33m[ WARN] [1498644592.408731945]: Got bounding box for /lion but corresponding frame not yet published[0m
[33m[ WARN] [1498644592.408771034]: Got bounding box for /zebra but corresponding frame not yet published[0m
[33m[ WARN] [1498644592.608300627]: Got bounding box for /ball but corresponding frame not yet published[0m
[33m[ WARN] [1498644592.608390745]: Got bounding box for /boy but corresponding frame not yet published[0m
[33m[ WARN] [1498644592.608430575]: Got bounding box for /caravan but corresponding frame not yet published[0m
[33m[ WARN] [1498644592.608468241]: Got bounding box for /crocodile but corresponding frame not yet published[0m
[33m[ WARN] [1498644592.608516074]: Got bounding box for /elephant but corresponding frame not yet published[0m
[33m[ WARN] [1498644592.608590251]: Got bounding box for /giraffe but corresponding frame not yet published[0m
[33m[ WARN] [1498644592.608650353]: Got bounding box for /girl but corresponding frame not yet published[0m
[33m[ WARN] [1498644592.608713192]: Got bounding box for /hippo but corresponding frame not yet published[0m
[33m[ WARN] [1498644592.608794211]: Got bounding box for /lion but corresponding frame not yet published[0m
[33m[ WARN] [1498644592.608832043]: Got bounding box for /zebra but corresponding frame not yet published[0m
[33m[ WARN] [1498644592.808290255]: Got bounding box for /ball but corresponding frame not yet published[0m
[33m[ WARN] [1498644592.808347062]: Got bounding box for /boy but corresponding frame not yet published[0m
[33m[ WARN] [1498644592.808386631]: Got bounding box for /caravan but corresponding frame not yet published[0m
[33m[ WARN] [1498644592.808425365]: Got bounding box for /crocodile but corresponding frame not yet published[0m
[33m[ WARN] [1498644592.808463215]: Got bounding box for /elephant but corresponding frame not yet published[0m
[33m[ WARN] [1498644592.808500796]: Got bounding box for /giraffe but corresponding frame not yet published[0m
[33m[ WARN] [1498644592.808538352]: Got bounding box for /girl but corresponding frame not yet published[0m
[33m[ WARN] [1498644592.808575686]: Got bounding box for /hippo but corresponding frame not yet published[0m
[33m[ WARN] [1498644592.808611795]: Got bounding box for /lion but corresponding frame not yet published[0m
[33m[ WARN] [1498644592.808647742]: Got bounding box for /zebra but corresponding frame not yet published[0m
[33m[ WARN] [1498644593.008331962]: Got bounding box for /ball but corresponding frame not yet published[0m
[33m[ WARN] [1498644593.008412962]: Got bounding box for /boy but corresponding frame not yet published[0m
[33m[ WARN] [1498644593.008473480]: Got bounding box for /caravan but corresponding frame not yet published[0m
[33m[ WARN] [1498644593.008535954]: Got bounding box for /crocodile but corresponding frame not yet published[0m
[33m[ WARN] [1498644593.008594897]: Got bounding box for /elephant but corresponding frame not yet published[0m
[33m[ WARN] [1498644593.008654178]: Got bounding box for /giraffe but corresponding frame not yet published[0m
[33m[ WARN] [1498644593.008711113]: Got bounding box for /girl but corresponding frame not yet published[0m
[33m[ WARN] [1498644593.008768259]: Got bounding box for /hippo but corresponding frame not yet published[0m
[33m[ WARN] [1498644593.008824745]: Got bounding box for /lion but corresponding frame not yet published[0m
[33m[ WARN] [1498644593.008879701]: Got bounding box for /zebra but corresponding frame not yet published[0m
[33m[ WARN] [1498644593.208304166]: Got bounding box for /ball but corresponding frame not yet published[0m
[33m[ WARN] [1498644593.208372702]: Got bounding box for /boy but corresponding frame not yet published[0m
[33m[ WARN] [1498644593.208452533]: Got bounding box for /caravan but corresponding frame not yet published[0m
[33m[ WARN] [1498644593.208528928]: Got bounding box for /crocodile but corresponding frame not yet published[0m
[33m[ WARN] [1498644593.208596746]: Got bounding box for /elephant but corresponding frame not yet published[0m
[33m[ WARN] [1498644593.208637036]: Got bounding box for /giraffe but corresponding frame not yet published[0m
[33m[ WARN] [1498644593.208680664]: Got bounding box for /girl but corresponding frame not yet published[0m
[33m[ WARN] [1498644593.208717207]: Got bounding box for /hippo but corresponding frame not yet published[0m
[33m[ WARN] [1498644593.208765037]: Got bounding box for /lion but corresponding frame not yet published[0m
[33m[ WARN] [1498644593.208802248]: Got bounding box for /zebra but corresponding frame not yet published[0m
[33m[ WARN] [1498644593.408291534]: Got bounding box for /ball but corresponding frame not yet published[0m
[33m[ WARN] [1498644593.408357642]: Got bounding box for /boy but corresponding frame not yet published[0m
[33m[ WARN] [1498644593.408405942]: Got bounding box for /caravan but corresponding frame not yet published[0m
[33m[ WARN] [1498644593.408468350]: Got bounding box for /crocodile but corresponding frame not yet published[0m
[33m[ WARN] [1498644593.408555299]: Got bounding box for /elephant but corresponding frame not yet published[0m
[33m[ WARN] [1498644593.408605341]: Got bounding box for /giraffe but corresponding frame not yet published[0m
[33m[ WARN] [1498644593.408651392]: Got bounding box for /girl but corresponding frame not yet published[0m
[33m[ WARN] [1498644593.408711591]: Got bounding box for /hippo but corresponding frame not yet published[0m
[33m[ WARN] [1498644593.408766175]: Got bounding box for /lion but corresponding frame not yet published[0m
[33m[ WARN] [1498644593.408814977]: Got bounding box for /zebra but corresponding frame not yet published[0m
[33m[ WARN] [1498644593.608254479]: Got bounding box for /ball but corresponding frame not yet published[0m
[33m[ WARN] [1498644593.608314807]: Got bounding box for /boy but corresponding frame not yet published[0m
[33m[ WARN] [1498644593.608353155]: Got bounding box for /caravan but corresponding frame not yet published[0m
[33m[ WARN] [1498644593.608403976]: Got bounding box for /crocodile but corresponding frame not yet published[0m
[33m[ WARN] [1498644593.608469847]: Got bounding box for /elephant but corresponding frame not yet published[0m
[33m[ WARN] [1498644593.608521568]: Got bounding box for /giraffe but corresponding frame not yet published[0m
[33m[ WARN] [1498644593.608571778]: Got bounding box for /girl but corresponding frame not yet published[0m
[33m[ WARN] [1498644593.608641482]: Got bounding box for /hippo but corresponding frame not yet published[0m
[33m[ WARN] [1498644593.608680942]: Got bounding box for /lion but corresponding frame not yet published[0m
[33m[ WARN] [1498644593.608717075]: Got bounding box for /zebra but corresponding frame not yet published[0m
[33m[ WARN] [1498644593.808318391]: Got bounding box for /ball but corresponding frame not yet published[0m
[33m[ WARN] [1498644593.808401773]: Got bounding box for /boy but corresponding frame not yet published[0m
[33m[ WARN] [1498644593.808442403]: Got bounding box for /caravan but corresponding frame not yet published[0m
[33m[ WARN] [1498644593.808482778]: Got bounding box for /crocodile but corresponding frame not yet published[0m
[33m[ WARN] [1498644593.808529609]: Got bounding box for /elephant but corresponding frame not yet published[0m
[33m[ WARN] [1498644593.808582039]: Got bounding box for /giraffe but corresponding frame not yet published[0m
[33m[ WARN] [1498644593.808648506]: Got bounding box for /girl but corresponding frame not yet published[0m
[33m[ WARN] [1498644593.808689549]: Got bounding box for /hippo but corresponding frame not yet published[0m
[33m[ WARN] [1498644593.808736688]: Got bounding box for /lion but corresponding frame not yet published[0m
[33m[ WARN] [1498644593.808800107]: Got bounding box for /zebra but corresponding frame not yet published[0m
[33m[ WARN] [1498644594.008311082]: Got bounding box for /ball but corresponding frame not yet published[0m
[33m[ WARN] [1498644594.008381729]: Got bounding box for /boy but corresponding frame not yet published[0m
[33m[ WARN] [1498644594.008494515]: Got bounding box for /caravan but corresponding frame not yet published[0m
[33m[ WARN] [1498644594.008566932]: Got bounding box for /crocodile but corresponding frame not yet published[0m
[33m[ WARN] [1498644594.008619688]: Got bounding box for /elephant but corresponding frame not yet published[0m
[33m[ WARN] [1498644594.008660913]: Got bounding box for /giraffe but corresponding frame not yet published[0m
[33m[ WARN] [1498644594.008699869]: Got bounding box for /girl but corresponding frame not yet published[0m
[33m[ WARN] [1498644594.008736941]: Got bounding box for /hippo but corresponding frame not yet published[0m
[33m[ WARN] [1498644594.008773126]: Got bounding box for /lion but corresponding frame not yet published[0m
[33m[ WARN] [1498644594.008809225]: Got bounding box for /zebra but corresponding frame not yet published[0m
[33m[ WARN] [1498644594.208312674]: Got bounding box for /ball but corresponding frame not yet published[0m
[33m[ WARN] [1498644594.208415683]: Got bounding box for /boy but corresponding frame not yet published[0m
[33m[ WARN] [1498644594.208504205]: Got bounding box for /caravan but corresponding frame not yet published[0m
[33m[ WARN] [1498644594.208559178]: Got bounding box for /crocodile but corresponding frame not yet published[0m
[33m[ WARN] [1498644594.208639401]: Got bounding box for /elephant but corresponding frame not yet published[0m
[33m[ WARN] [1498644594.208702725]: Got bounding box for /giraffe but corresponding frame not yet published[0m
[33m[ WARN] [1498644594.208756012]: Got bounding box for /girl but corresponding frame not yet published[0m
[33m[ WARN] [1498644594.208808152]: Got bounding box for /hippo but corresponding frame not yet published[0m
[33m[ WARN] [1498644594.208860278]: Got bounding box for /lion but corresponding frame not yet published[0m
[33m[ WARN] [1498644594.208915707]: Got bounding box for /zebra but corresponding frame not yet published[0m
[33m[ WARN] [1498644594.408306152]: Got bounding box for /ball but corresponding frame not yet published[0m
[33m[ WARN] [1498644594.408386029]: Got bounding box for /boy but corresponding frame not yet published[0m
[33m[ WARN] [1498644594.408474049]: Got bounding box for /caravan but corresponding frame not yet published[0m
[33m[ WARN] [1498644594.408574577]: Got bounding box for /crocodile but corresponding frame not yet published[0m
[33m[ WARN] [1498644594.408621722]: Got bounding box for /elephant but corresponding frame not yet published[0m
[33m[ WARN] [1498644594.408661924]: Got bounding box for /giraffe but corresponding frame not yet published[0m
[33m[ WARN] [1498644594.408717892]: Got bounding box for /girl but corresponding frame not yet published[0m
[33m[ WARN] [1498644594.408771176]: Got bounding box for /hippo but corresponding frame not yet published[0m
[33m[ WARN] [1498644594.408822095]: Got bounding box for /lion but corresponding frame not yet published[0m
[33m[ WARN] [1498644594.408865169]: Got bounding box for /zebra but corresponding frame not yet published[0m
[33m[ WARN] [1498644594.608341108]: Got bounding box for /ball but corresponding frame not yet published[0m
[33m[ WARN] [1498644594.608435324]: Got bounding box for /boy but corresponding frame not yet published[0m
[33m[ WARN] [1498644594.608490721]: Got bounding box for /caravan but corresponding frame not yet published[0m
[33m[ WARN] [1498644594.608543310]: Got bounding box for /crocodile but corresponding frame not yet published[0m
[33m[ WARN] [1498644594.608591126]: Got bounding box for /elephant but corresponding frame not yet published[0m
[33m[ WARN] [1498644594.608637502]: Got bounding box for /giraffe but corresponding frame not yet published[0m
[33m[ WARN] [1498644594.608683632]: Got bounding box for /girl but corresponding frame not yet published[0m
[33m[ WARN] [1498644594.608733048]: Got bounding box for /hippo but corresponding frame not yet published[0m
[33m[ WARN] [1498644594.608781107]: Got bounding box for /lion but corresponding frame not yet published[0m
[33m[ WARN] [1498644594.608828859]: Got bounding box for /zebra but corresponding frame not yet published[0m
[33m[ WARN] [1498644594.808294854]: Got bounding box for /ball but corresponding frame not yet published[0m
[33m[ WARN] [1498644594.808356640]: Got bounding box for /boy but corresponding frame not yet published[0m
[33m[ WARN] [1498644594.808422547]: Got bounding box for /caravan but corresponding frame not yet published[0m
[33m[ WARN] [1498644594.808482554]: Got bounding box for /crocodile but corresponding frame not yet published[0m
[33m[ WARN] [1498644594.808533337]: Got bounding box for /elephant but corresponding frame not yet published[0m
[33m[ WARN] [1498644594.808637275]: Got bounding box for /giraffe but corresponding frame not yet published[0m
[33m[ WARN] [1498644594.808715115]: Got bounding box for /girl but corresponding frame not yet published[0m
[33m[ WARN] [1498644594.808789433]: Got bounding box for /hippo but corresponding frame not yet published[0m
[33m[ WARN] [1498644594.808864128]: Got bounding box for /lion but corresponding frame not yet published[0m
[33m[ WARN] [1498644594.808916426]: Got bounding box for /zebra but corresponding frame not yet published[0m
[33m[ WARN] [1498644595.008293702]: Got bounding box for /ball but corresponding frame not yet published[0m
[33m[ WARN] [1498644595.008358340]: Got bounding box for /boy but corresponding frame not yet published[0m
[33m[ WARN] [1498644595.008432933]: Got bounding box for /caravan but corresponding frame not yet published[0m
[33m[ WARN] [1498644595.008508009]: Got bounding box for /crocodile but corresponding frame not yet published[0m
[33m[ WARN] [1498644595.008578779]: Got bounding box for /elephant but corresponding frame not yet published[0m
[33m[ WARN] [1498644595.008652889]: Got bounding box for /giraffe but corresponding frame not yet published[0m
[33m[ WARN] [1498644595.008730359]: Got bounding box for /girl but corresponding frame not yet published[0m
[33m[ WARN] [1498644595.008800447]: Got bounding box for /hippo but corresponding frame not yet published[0m
[33m[ WARN] [1498644595.008880157]: Got bounding box for /lion but corresponding frame not yet published[0m
[33m[ WARN] [1498644595.008935375]: Got bounding box for /zebra but corresponding frame not yet published[0m
[33m[ WARN] [1498644595.208292331]: Got bounding box for /ball but corresponding frame not yet published[0m
[33m[ WARN] [1498644595.208361929]: Got bounding box for /boy but corresponding frame not yet published[0m
[33m[ WARN] [1498644595.208411583]: Got bounding box for /caravan but corresponding frame not yet published[0m
[33m[ WARN] [1498644595.208454991]: Got bounding box for /crocodile but corresponding frame not yet published[0m
[33m[ WARN] [1498644595.208499199]: Got bounding box for /elephant but corresponding frame not yet published[0m
[33m[ WARN] [1498644595.208540346]: Got bounding box for /giraffe but corresponding frame not yet published[0m
[33m[ WARN] [1498644595.208577102]: Got bounding box for /girl but corresponding frame not yet published[0m
[33m[ WARN] [1498644595.208612640]: Got bounding box for /hippo but corresponding frame not yet published[0m
[33m[ WARN] [1498644595.208653579]: Got bounding box for /lion but corresponding frame not yet published[0m
[33m[ WARN] [1498644595.208689737]: Got bounding box for /zebra but corresponding frame not yet published[0m
[33m[ WARN] [1498644595.408282261]: Got bounding box for /ball but corresponding frame not yet published[0m
[33m[ WARN] [1498644595.408362977]: Got bounding box for /boy but corresponding frame not yet published[0m
[33m[ WARN] [1498644595.408407614]: Got bounding box for /caravan but corresponding frame not yet published[0m
[33m[ WARN] [1498644595.408446624]: Got bounding box for /crocodile but corresponding frame not yet published[0m
[33m[ WARN] [1498644595.408496741]: Got bounding box for /elephant but corresponding frame not yet published[0m
[33m[ WARN] [1498644595.408574227]: Got bounding box for /giraffe but corresponding frame not yet published[0m
[33m[ WARN] [1498644595.408632022]: Got bounding box for /girl but corresponding frame not yet published[0m
[33m[ WARN] [1498644595.408684613]: Got bounding box for /hippo but corresponding frame not yet published[0m
[33m[ WARN] [1498644595.408737377]: Got bounding box for /lion but corresponding frame not yet published[0m
[33m[ WARN] [1498644595.408788900]: Got bounding box for /zebra but corresponding frame not yet published[0m
[33m[ WARN] [1498644595.608291589]: Got bounding box for /ball but corresponding frame not yet published[0m
[33m[ WARN] [1498644595.608358150]: Got bounding box for /boy but corresponding frame not yet published[0m
[33m[ WARN] [1498644595.608401884]: Got bounding box for /caravan but corresponding frame not yet published[0m
[33m[ WARN] [1498644595.608444019]: Got bounding box for /crocodile but corresponding frame not yet published[0m
[33m[ WARN] [1498644595.608522143]: Got bounding box for /elephant but corresponding frame not yet published[0m
[33m[ WARN] [1498644595.608576732]: Got bounding box for /giraffe but corresponding frame not yet published[0m
[33m[ WARN] [1498644595.608618899]: Got bounding box for /girl but corresponding frame not yet published[0m
[33m[ WARN] [1498644595.608668540]: Got bounding box for /hippo but corresponding frame not yet published[0m
[33m[ WARN] [1498644595.608745826]: Got bounding box for /lion but corresponding frame not yet published[0m
[33m[ WARN] [1498644595.608786519]: Got bounding box for /zebra but corresponding frame not yet published[0m
[33m[ WARN] [1498644595.808291865]: Got bounding box for /ball but corresponding frame not yet published[0m
[33m[ WARN] [1498644595.808359785]: Got bounding box for /boy but corresponding frame not yet published[0m
[33m[ WARN] [1498644595.808400242]: Got bounding box for /caravan but corresponding frame not yet published[0m
[33m[ WARN] [1498644595.808438744]: Got bounding box for /crocodile but corresponding frame not yet published[0m
[33m[ WARN] [1498644595.808477258]: Got bounding box for /elephant but corresponding frame not yet published[0m
[33m[ WARN] [1498644595.808525291]: Got bounding box for /giraffe but corresponding frame not yet published[0m
[33m[ WARN] [1498644595.808608657]: Got bounding box for /girl but corresponding frame not yet published[0m
[33m[ WARN] [1498644595.808653989]: Got bounding box for /hippo but corresponding frame not yet published[0m
[33m[ WARN] [1498644595.808705110]: Got bounding box for /lion but corresponding frame not yet published[0m
[33m[ WARN] [1498644595.808751319]: Got bounding box for /zebra but corresponding frame not yet published[0m
[33m[ WARN] [1498644596.008314874]: Got bounding box for /ball but corresponding frame not yet published[0m
[33m[ WARN] [1498644596.008407100]: Got bounding box for /boy but corresponding frame not yet published[0m
[33m[ WARN] [1498644596.008469038]: Got bounding box for /caravan but corresponding frame not yet published[0m
[33m[ WARN] [1498644596.008530121]: Got bounding box for /crocodile but corresponding frame not yet published[0m
[33m[ WARN] [1498644596.008620774]: Got bounding box for /elephant but corresponding frame not yet published[0m
[33m[ WARN] [1498644596.008679944]: Got bounding box for /giraffe but corresponding frame not yet published[0m
[33m[ WARN] [1498644596.008736842]: Got bounding box for /girl but corresponding frame not yet published[0m
[33m[ WARN] [1498644596.008794527]: Got bounding box for /hippo but corresponding frame not yet published[0m
[33m[ WARN] [1498644596.008851236]: Got bounding box for /lion but corresponding frame not yet published[0m
[33m[ WARN] [1498644596.008907610]: Got bounding box for /zebra but corresponding frame not yet published[0m
[33m[ WARN] [1498644596.208316438]: Got bounding box for /ball but corresponding frame not yet published[0m
[33m[ WARN] [1498644596.208391631]: Got bounding box for /boy but corresponding frame not yet published[0m
[33m[ WARN] [1498644596.208477324]: Got bounding box for /caravan but corresponding frame not yet published[0m
[33m[ WARN] [1498644596.208537217]: Got bounding box for /crocodile but corresponding frame not yet published[0m
[33m[ WARN] [1498644596.208597955]: Got bounding box for /elephant but corresponding frame not yet published[0m
[33m[ WARN] [1498644596.208657389]: Got bounding box for /giraffe but corresponding frame not yet published[0m
[33m[ WARN] [1498644596.208713693]: Got bounding box for /girl but corresponding frame not yet published[0m
[33m[ WARN] [1498644596.208768891]: Got bounding box for /hippo but corresponding frame not yet published[0m
[33m[ WARN] [1498644596.208825884]: Got bounding box for /lion but corresponding frame not yet published[0m
[33m[ WARN] [1498644596.208882862]: Got bounding box for /zebra but corresponding frame not yet published[0m
[33m[ WARN] [1498644596.408288666]: Got bounding box for /ball but corresponding frame not yet published[0m
[33m[ WARN] [1498644596.408368507]: Got bounding box for /boy but corresponding frame not yet published[0m
[33m[ WARN] [1498644596.408418061]: Got bounding box for /caravan but corresponding frame not yet published[0m
[33m[ WARN] [1498644596.408488875]: Got bounding box for /crocodile but corresponding frame not yet published[0m
[33m[ WARN] [1498644596.408566039]: Got bounding box for /elephant but corresponding frame not yet published[0m
[33m[ WARN] [1498644596.408626880]: Got bounding box for /giraffe but corresponding frame not yet published[0m
[33m[ WARN] [1498644596.408679884]: Got bounding box for /girl but corresponding frame not yet published[0m
[33m[ WARN] [1498644596.408733725]: Got bounding box for /hippo but corresponding frame not yet published[0m
[33m[ WARN] [1498644596.408794859]: Got bounding box for /lion but corresponding frame not yet published[0m
[33m[ WARN] [1498644596.408834264]: Got bounding box for /zebra but corresponding frame not yet published[0m
[33m[ WARN] [1498644596.608283173]: Got bounding box for /ball but corresponding frame not yet published[0m
[33m[ WARN] [1498644596.608349993]: Got bounding box for /boy but corresponding frame not yet published[0m
[33m[ WARN] [1498644596.608395055]: Got bounding box for /caravan but corresponding frame not yet published[0m
[33m[ WARN] [1498644596.608434099]: Got bounding box for /crocodile but corresponding frame not yet published[0m
[33m[ WARN] [1498644596.608472084]: Got bounding box for /elephant but corresponding frame not yet published[0m
[33m[ WARN] [1498644596.608519970]: Got bounding box for /giraffe but corresponding frame not yet published[0m
[33m[ WARN] [1498644596.608557996]: Got bounding box for /girl but corresponding frame not yet published[0m
[33m[ WARN] [1498644596.608595173]: Got bounding box for /hippo but corresponding frame not yet published[0m
[33m[ WARN] [1498644596.608636669]: Got bounding box for /lion but corresponding frame not yet published[0m
[33m[ WARN] [1498644596.608678204]: Got bounding box for /zebra but corresponding frame not yet published[0m
[33m[ WARN] [1498644596.808291447]: Got bounding box for /ball but corresponding frame not yet published[0m
[33m[ WARN] [1498644596.808349240]: Got bounding box for /boy but corresponding frame not yet published[0m
[33m[ WARN] [1498644596.808387491]: Got bounding box for /caravan but corresponding frame not yet published[0m
[33m[ WARN] [1498644596.808433772]: Got bounding box for /crocodile but corresponding frame not yet published[0m
[33m[ WARN] [1498644596.808471449]: Got bounding box for /elephant but corresponding frame not yet published[0m
[33m[ WARN] [1498644596.808513628]: Got bounding box for /giraffe but corresponding frame not yet published[0m
[33m[ WARN] [1498644596.808550278]: Got bounding box for /girl but corresponding frame not yet published[0m
[33m[ WARN] [1498644596.808586481]: Got bounding box for /hippo but corresponding frame not yet published[0m
[33m[ WARN] [1498644596.808622728]: Got bounding box for /lion but corresponding frame not yet published[0m
[33m[ WARN] [1498644596.808659976]: Got bounding box for /zebra but corresponding frame not yet published[0m
[33m[ WARN] [1498644597.008281230]: Got bounding box for /ball but corresponding frame not yet published[0m
[33m[ WARN] [1498644597.008351720]: Got bounding box for /boy but corresponding frame not yet published[0m
[33m[ WARN] [1498644597.008392975]: Got bounding box for /caravan but corresponding frame not yet published[0m
[33m[ WARN] [1498644597.008432362]: Got bounding box for /crocodile but corresponding frame not yet published[0m
[33m[ WARN] [1498644597.008471286]: Got bounding box for /elephant but corresponding frame not yet published[0m
[33m[ WARN] [1498644597.008513164]: Got bounding box for /giraffe but corresponding frame not yet published[0m
[33m[ WARN] [1498644597.008563252]: Got bounding box for /girl but corresponding frame not yet published[0m
[33m[ WARN] [1498644597.008619880]: Got bounding box for /hippo but corresponding frame not yet published[0m
[33m[ WARN] [1498644597.008684775]: Got bounding box for /lion but corresponding frame not yet published[0m
[33m[ WARN] [1498644597.008721860]: Got bounding box for /zebra but corresponding frame not yet published[0m
[33m[ WARN] [1498644597.208278909]: Got bounding box for /ball but corresponding frame not yet published[0m
[33m[ WARN] [1498644597.208336968]: Got bounding box for /boy but corresponding frame not yet published[0m
[33m[ WARN] [1498644597.208387327]: Got bounding box for /caravan but corresponding frame not yet published[0m
[33m[ WARN] [1498644597.208458250]: Got bounding box for /crocodile but corresponding frame not yet published[0m
[33m[ WARN] [1498644597.208506684]: Got bounding box for /elephant but corresponding frame not yet published[0m
[33m[ WARN] [1498644597.208582234]: Got bounding box for /giraffe but corresponding frame not yet published[0m
[33m[ WARN] [1498644597.208629096]: Got bounding box for /girl but corresponding frame not yet published[0m
[33m[ WARN] [1498644597.208660628]: Got bounding box for /hippo but corresponding frame not yet published[0m
[33m[ WARN] [1498644597.208695739]: Got bounding box for /lion but corresponding frame not yet published[0m
[33m[ WARN] [1498644597.208741910]: Got bounding box for /zebra but corresponding frame not yet published[0m
[33m[ WARN] [1498644597.408274026]: Got bounding box for /ball but corresponding frame not yet published[0m
[33m[ WARN] [1498644597.408328712]: Got bounding box for /boy but corresponding frame not yet published[0m
[33m[ WARN] [1498644597.408383575]: Got bounding box for /caravan but corresponding frame not yet published[0m
[33m[ WARN] [1498644597.408421658]: Got bounding box for /crocodile but corresponding frame not yet published[0m
[33m[ WARN] [1498644597.408477279]: Got bounding box for /elephant but corresponding frame not yet published[0m
[33m[ WARN] [1498644597.408525400]: Got bounding box for /giraffe but corresponding frame not yet published[0m
[33m[ WARN] [1498644597.408581173]: Got bounding box for /girl but corresponding frame not yet published[0m
[33m[ WARN] [1498644597.408622141]: Got bounding box for /hippo but corresponding frame not yet published[0m
[33m[ WARN] [1498644597.408659905]: Got bounding box for /lion but corresponding frame not yet published[0m
[33m[ WARN] [1498644597.408696785]: Got bounding box for /zebra but corresponding frame not yet published[0m
[33m[ WARN] [1498644597.608286063]: Got bounding box for /ball but corresponding frame not yet published[0m
[33m[ WARN] [1498644597.608353421]: Got bounding box for /boy but corresponding frame not yet published[0m
[33m[ WARN] [1498644597.608396292]: Got bounding box for /caravan but corresponding frame not yet published[0m
[33m[ WARN] [1498644597.608433782]: Got bounding box for /crocodile but corresponding frame not yet published[0m
[33m[ WARN] [1498644597.608470710]: Got bounding box for /elephant but corresponding frame not yet published[0m
[33m[ WARN] [1498644597.608508935]: Got bounding box for /giraffe but corresponding frame not yet published[0m
[33m[ WARN] [1498644597.608545419]: Got bounding box for /girl but corresponding frame not yet published[0m
[33m[ WARN] [1498644597.608581300]: Got bounding box for /hippo but corresponding frame not yet published[0m
[33m[ WARN] [1498644597.608616688]: Got bounding box for /lion but corresponding frame not yet published[0m
[33m[ WARN] [1498644597.608652200]: Got bounding box for /zebra but corresponding frame not yet published[0m
[33m[ WARN] [1498644597.808285029]: Got bounding box for /ball but corresponding frame not yet published[0m
[33m[ WARN] [1498644597.808352402]: Got bounding box for /boy but corresponding frame not yet published[0m
[33m[ WARN] [1498644597.808396114]: Got bounding box for /caravan but corresponding frame not yet published[0m
[33m[ WARN] [1498644597.808483365]: Got bounding box for /crocodile but corresponding frame not yet published[0m
[33m[ WARN] [1498644597.808577393]: Got bounding box for /elephant but corresponding frame not yet published[0m
[33m[ WARN] [1498644597.808625655]: Got bounding box for /giraffe but corresponding frame not yet published[0m
[33m[ WARN] [1498644597.808684988]: Got bounding box for /girl but corresponding frame not yet published[0m
[33m[ WARN] [1498644597.808755037]: Got bounding box for /hippo but corresponding frame not yet published[0m
[33m[ WARN] [1498644597.808788463]: Got bounding box for /lion but corresponding frame not yet published[0m
[33m[ WARN] [1498644597.808836801]: Got bounding box for /zebra but corresponding frame not yet published[0m
[33m[ WARN] [1498644598.008281974]: Got bounding box for /ball but corresponding frame not yet published[0m
[33m[ WARN] [1498644598.008346221]: Got bounding box for /boy but corresponding frame not yet published[0m
[33m[ WARN] [1498644598.008403265]: Got bounding box for /caravan but corresponding frame not yet published[0m
[33m[ WARN] [1498644598.008463012]: Got bounding box for /crocodile but corresponding frame not yet published[0m
[33m[ WARN] [1498644598.008519448]: Got bounding box for /elephant but corresponding frame not yet published[0m
[33m[ WARN] [1498644598.008568178]: Got bounding box for /giraffe but corresponding frame not yet published[0m
[33m[ WARN] [1498644598.008620360]: Got bounding box for /girl but corresponding frame not yet published[0m
[33m[ WARN] [1498644598.008679411]: Got bounding box for /hippo but corresponding frame not yet published[0m
[33m[ WARN] [1498644598.008736761]: Got bounding box for /lion but corresponding frame not yet published[0m
[33m[ WARN] [1498644598.008788513]: Got bounding box for /zebra but corresponding frame not yet published[0m
[33m[ WARN] [1498644598.208274626]: Got bounding box for /ball but corresponding frame not yet published[0m
[33m[ WARN] [1498644598.208334246]: Got bounding box for /boy but corresponding frame not yet published[0m
[33m[ WARN] [1498644598.208373453]: Got bounding box for /caravan but corresponding frame not yet published[0m
[33m[ WARN] [1498644598.208419654]: Got bounding box for /crocodile but corresponding frame not yet published[0m
[33m[ WARN] [1498644598.208493266]: Got bounding box for /elephant but corresponding frame not yet published[0m
[33m[ WARN] [1498644598.208551204]: Got bounding box for /giraffe but corresponding frame not yet published[0m
[33m[ WARN] [1498644598.208593685]: Got bounding box for /girl but corresponding frame not yet published[0m
[33m[ WARN] [1498644598.208652594]: Got bounding box for /hippo but corresponding frame not yet published[0m
[33m[ WARN] [1498644598.208690765]: Got bounding box for /lion but corresponding frame not yet published[0m
[33m[ WARN] [1498644598.208726212]: Got bounding box for /zebra but corresponding frame not yet published[0m
[33m[ WARN] [1498644598.408285886]: Got bounding box for /ball but corresponding frame not yet published[0m
[33m[ WARN] [1498644598.408358151]: Got bounding box for /boy but corresponding frame not yet published[0m
[33m[ WARN] [1498644598.408400612]: Got bounding box for /caravan but corresponding frame not yet published[0m
[33m[ WARN] [1498644598.408439455]: Got bounding box for /crocodile but corresponding frame not yet published[0m
[33m[ WARN] [1498644598.408477486]: Got bounding box for /elephant but corresponding frame not yet published[0m
[33m[ WARN] [1498644598.408517671]: Got bounding box for /giraffe but corresponding frame not yet published[0m
[33m[ WARN] [1498644598.408570059]: Got bounding box for /girl but corresponding frame not yet published[0m
[33m[ WARN] [1498644598.408609730]: Got bounding box for /hippo but corresponding frame not yet published[0m
[33m[ WARN] [1498644598.408651872]: Got bounding box for /lion but corresponding frame not yet published[0m
[33m[ WARN] [1498644598.408689757]: Got bounding box for /zebra but corresponding frame not yet published[0m
[33m[ WARN] [1498644598.608290299]: Got bounding box for /ball but corresponding frame not yet published[0m
[33m[ WARN] [1498644598.608383341]: Got bounding box for /boy but corresponding frame not yet published[0m
[33m[ WARN] [1498644598.608431112]: Got bounding box for /caravan but corresponding frame not yet published[0m
[33m[ WARN] [1498644598.608469659]: Got bounding box for /crocodile but corresponding frame not yet published[0m
[33m[ WARN] [1498644598.608510198]: Got bounding box for /elephant but corresponding frame not yet published[0m
[33m[ WARN] [1498644598.608547340]: Got bounding box for /giraffe but corresponding frame not yet published[0m
[33m[ WARN] [1498644598.608583178]: Got bounding box for /girl but corresponding frame not yet published[0m
[33m[ WARN] [1498644598.608619118]: Got bounding box for /hippo but corresponding frame not yet published[0m
[33m[ WARN] [1498644598.608654496]: Got bounding box for /lion but corresponding frame not yet published[0m
[33m[ WARN] [1498644598.608689746]: Got bounding box for /zebra but corresponding frame not yet published[0m
[33m[ WARN] [1498644598.808308272]: Got bounding box for /ball but corresponding frame not yet published[0m
[33m[ WARN] [1498644598.808391379]: Got bounding box for /boy but corresponding frame not yet published[0m
[33m[ WARN] [1498644598.808463814]: Got bounding box for /caravan but corresponding frame not yet published[0m
[33m[ WARN] [1498644598.808542125]: Got bounding box for /crocodile but corresponding frame not yet published[0m
[33m[ WARN] [1498644598.808614758]: Got bounding box for /elephant but corresponding frame not yet published[0m
[33m[ WARN] [1498644598.808702167]: Got bounding box for /giraffe but corresponding frame not yet published[0m
[33m[ WARN] [1498644598.808770891]: Got bounding box for /girl but corresponding frame not yet published[0m
[33m[ WARN] [1498644598.808838754]: Got bounding box for /hippo but corresponding frame not yet published[0m
[33m[ WARN] [1498644598.808920288]: Got bounding box for /lion but corresponding frame not yet published[0m
[33m[ WARN] [1498644598.808990684]: Got bounding box for /zebra but corresponding frame not yet published[0m
[33m[ WARN] [1498644599.008308043]: Got bounding box for /ball but corresponding frame not yet published[0m
[33m[ WARN] [1498644599.008432032]: Got bounding box for /boy but corresponding frame not yet published[0m
[33m[ WARN] [1498644599.008517839]: Got bounding box for /caravan but corresponding frame not yet published[0m
[33m[ WARN] [1498644599.008592704]: Got bounding box for /crocodile but corresponding frame not yet published[0m
[33m[ WARN] [1498644599.008658018]: Got bounding box for /elephant but corresponding frame not yet published[0m
[33m[ WARN] [1498644599.008800761]: Got bounding box for /giraffe but corresponding frame not yet published[0m
[33m[ WARN] [1498644599.008895385]: Got bounding box for /girl but corresponding frame not yet published[0m
[33m[ WARN] [1498644599.008990125]: Got bounding box for /hippo but corresponding frame not yet published[0m
[33m[ WARN] [1498644599.009083364]: Got bounding box for /lion but corresponding frame not yet published[0m
[33m[ WARN] [1498644599.009177481]: Got bounding box for /zebra but corresponding frame not yet published[0m
[33m[ WARN] [1498644599.208287277]: Got bounding box for /ball but corresponding frame not yet published[0m
[33m[ WARN] [1498644599.208349936]: Got bounding box for /boy but corresponding frame not yet published[0m
[33m[ WARN] [1498644599.208392715]: Got bounding box for /caravan but corresponding frame not yet published[0m
[33m[ WARN] [1498644599.208437069]: Got bounding box for /crocodile but corresponding frame not yet published[0m
[33m[ WARN] [1498644599.208489278]: Got bounding box for /elephant but corresponding frame not yet published[0m
[33m[ WARN] [1498644599.208535772]: Got bounding box for /giraffe but corresponding frame not yet published[0m
[33m[ WARN] [1498644599.208573213]: Got bounding box for /girl but corresponding frame not yet published[0m
[33m[ WARN] [1498644599.208609962]: Got bounding box for /hippo but corresponding frame not yet published[0m
[33m[ WARN] [1498644599.208668180]: Got bounding box for /lion but corresponding frame not yet published[0m
[33m[ WARN] [1498644599.208704085]: Got bounding box for /zebra but corresponding frame not yet published[0m
[33m[ WARN] [1498644599.408321538]: Got bounding box for /ball but corresponding frame not yet published[0m
[33m[ WARN] [1498644599.408381959]: Got bounding box for /boy but corresponding frame not yet published[0m
[33m[ WARN] [1498644599.408421350]: Got bounding box for /caravan but corresponding frame not yet published[0m
[33m[ WARN] [1498644599.408459961]: Got bounding box for /crocodile but corresponding frame not yet published[0m
[33m[ WARN] [1498644599.408501864]: Got bounding box for /elephant but corresponding frame not yet published[0m
[33m[ WARN] [1498644599.408541455]: Got bounding box for /giraffe but corresponding frame not yet published[0m
[33m[ WARN] [1498644599.408578282]: Got bounding box for /girl but corresponding frame not yet published[0m
[33m[ WARN] [1498644599.408615302]: Got bounding box for /hippo but corresponding frame not yet published[0m
[33m[ WARN] [1498644599.408650739]: Got bounding box for /lion but corresponding frame not yet published[0m
[33m[ WARN] [1498644599.408686273]: Got bounding box for /zebra but corresponding frame not yet published[0m
[33m[ WARN] [1498644599.608308750]: Got bounding box for /ball but corresponding frame not yet published[0m
[33m[ WARN] [1498644599.608377887]: Got bounding box for /boy but corresponding frame not yet published[0m
[33m[ WARN] [1498644599.608445597]: Got bounding box for /caravan but corresponding frame not yet published[0m
[33m[ WARN] [1498644599.608514110]: Got bounding box for /crocodile but corresponding frame not yet published[0m
[33m[ WARN] [1498644599.608588500]: Got bounding box for /elephant but corresponding frame not yet published[0m
[33m[ WARN] [1498644599.608661594]: Got bounding box for /giraffe but corresponding frame not yet published[0m
[33m[ WARN] [1498644599.608738175]: Got bounding box for /girl but corresponding frame not yet published[0m
[33m[ WARN] [1498644599.608805762]: Got bounding box for /hippo but corresponding frame not yet published[0m
[33m[ WARN] [1498644599.608875880]: Got bounding box for /lion but corresponding frame not yet published[0m
[33m[ WARN] [1498644599.608954367]: Got bounding box for /zebra but corresponding frame not yet published[0m
[33m[ WARN] [1498644599.808295748]: Got bounding box for /ball but corresponding frame not yet published[0m
[33m[ WARN] [1498644599.808354639]: Got bounding box for /boy but corresponding frame not yet published[0m
[33m[ WARN] [1498644599.808392297]: Got bounding box for /caravan but corresponding frame not yet published[0m
[33m[ WARN] [1498644599.808438584]: Got bounding box for /crocodile but corresponding frame not yet published[0m
[33m[ WARN] [1498644599.808477167]: Got bounding box for /elephant but corresponding frame not yet published[0m
[33m[ WARN] [1498644599.808514860]: Got bounding box for /giraffe but corresponding frame not yet published[0m
[33m[ WARN] [1498644599.808552277]: Got bounding box for /girl but corresponding frame not yet published[0m
[33m[ WARN] [1498644599.808589434]: Got bounding box for /hippo but corresponding frame not yet published[0m
[33m[ WARN] [1498644599.808625487]: Got bounding box for /lion but corresponding frame not yet published[0m
[33m[ WARN] [1498644599.808661556]: Got bounding box for /zebra but corresponding frame not yet published[0m
[33m[ WARN] [1498644600.008325151]: Got bounding box for /ball but corresponding frame not yet published[0m
[33m[ WARN] [1498644600.008405252]: Got bounding box for /boy but corresponding frame not yet published[0m
[33m[ WARN] [1498644600.008466684]: Got bounding box for /caravan but corresponding frame not yet published[0m
[33m[ WARN] [1498644600.008526259]: Got bounding box for /crocodile but corresponding frame not yet published[0m
[33m[ WARN] [1498644600.008583771]: Got bounding box for /elephant but corresponding frame not yet published[0m
[33m[ WARN] [1498644600.008660946]: Got bounding box for /giraffe but corresponding frame not yet published[0m
[33m[ WARN] [1498644600.008718468]: Got bounding box for /girl but corresponding frame not yet published[0m
[33m[ WARN] [1498644600.008775917]: Got bounding box for /hippo but corresponding frame not yet published[0m
[33m[ WARN] [1498644600.008856946]: Got bounding box for /lion but corresponding frame not yet published[0m
[33m[ WARN] [1498644600.008915314]: Got bounding box for /zebra but corresponding frame not yet published[0m
[33m[ WARN] [1498644600.208342312]: Got bounding box for /ball but corresponding frame not yet published[0m
[33m[ WARN] [1498644600.208427521]: Got bounding box for /boy but corresponding frame not yet published[0m
[33m[ WARN] [1498644600.208488876]: Got bounding box for /caravan but corresponding frame not yet published[0m
[33m[ WARN] [1498644600.208571881]: Got bounding box for /crocodile but corresponding frame not yet published[0m
[33m[ WARN] [1498644600.208658548]: Got bounding box for /elephant but corresponding frame not yet published[0m
[33m[ WARN] [1498644600.208732715]: Got bounding box for /giraffe but corresponding frame not yet published[0m
[33m[ WARN] [1498644600.208807081]: Got bounding box for /girl but corresponding frame not yet published[0m
[33m[ WARN] [1498644600.208880645]: Got bounding box for /hippo but corresponding frame not yet published[0m
[33m[ WARN] [1498644600.208944406]: Got bounding box for /lion but corresponding frame not yet published[0m
[33m[ WARN] [1498644600.209000101]: Got bounding box for /zebra but corresponding frame not yet published[0m
[33m[ WARN] [1498644600.408287569]: Got bounding box for /ball but corresponding frame not yet published[0m
[33m[ WARN] [1498644600.408342310]: Got bounding box for /boy but corresponding frame not yet published[0m
[33m[ WARN] [1498644600.408372473]: Got bounding box for /caravan but corresponding frame not yet published[0m
[33m[ WARN] [1498644600.408401687]: Got bounding box for /crocodile but corresponding frame not yet published[0m
[33m[ WARN] [1498644600.408442329]: Got bounding box for /elephant but corresponding frame not yet published[0m
[33m[ WARN] [1498644600.408492958]: Got bounding box for /giraffe but corresponding frame not yet published[0m
[33m[ WARN] [1498644600.408541970]: Got bounding box for /girl but corresponding frame not yet published[0m
[33m[ WARN] [1498644600.408590253]: Got bounding box for /hippo but corresponding frame not yet published[0m
[33m[ WARN] [1498644600.408631873]: Got bounding box for /lion but corresponding frame not yet published[0m
[33m[ WARN] [1498644600.408676687]: Got bounding box for /zebra but corresponding frame not yet published[0m
[33m[ WARN] [1498644600.608325452]: Got bounding box for /ball but corresponding frame not yet published[0m
[33m[ WARN] [1498644600.608393951]: Got bounding box for /boy but corresponding frame not yet published[0m
[33m[ WARN] [1498644600.608424795]: Got bounding box for /caravan but corresponding frame not yet published[0m
[33m[ WARN] [1498644600.608454088]: Got bounding box for /crocodile but corresponding frame not yet published[0m
[33m[ WARN] [1498644600.608482644]: Got bounding box for /elephant but corresponding frame not yet published[0m
[33m[ WARN] [1498644600.608510562]: Got bounding box for /giraffe but corresponding frame not yet published[0m
[33m[ WARN] [1498644600.608538381]: Got bounding box for /girl but corresponding frame not yet published[0m
[33m[ WARN] [1498644600.608581891]: Got bounding box for /hippo but corresponding frame not yet published[0m
[33m[ WARN] [1498644600.608619578]: Got bounding box for /lion but corresponding frame not yet published[0m
[33m[ WARN] [1498644600.608656372]: Got bounding box for /zebra but corresponding frame not yet published[0m
[33m[ WARN] [1498644600.808288554]: Got bounding box for /ball but corresponding fr