[0m[ INFO] [1498484763.320915103]: playground_map_and_plan is ready. Waiting for footprints on /footprints + TF updates[0m
Got footprint for /zebra: (-0.0169137,0.00985825), (-0.00531572,0.016817), (0.00396263,0.00521907), (0.013241,-0.000579897), (0.0103415,-0.0156572), (-0.00531572,-0.0156572), (-0.0169137,0.00985825), 
Got footprint for /elephant: (-0.0220085,0.0130249), (0.00961165,0.0169569), (0.0233738,0.00221177), (0.0184587,-0.0158101), (-0.00365898,-0.0158101), (-0.0257767,-0.000573422), (-0.0220085,0.0130249), 
Got footprint for /ball: (0.0118125,0), (0.00826875,-0.00826875), (0,-0.0118125), (-0.00826875,-0.00826875), (-0.0118125,0), (-0.00826875,0.00826875), (0,0.0118125), (0.00826875,0.00826875), (0.0118125,0), 
Got footprint for /lion: (-0.00110714,0.0147321), (0.0106429,0.00885714), (0.0156429,-0.00539286), (0.00426786,-0.0181429), (-0.00760714,-0.0152679), (-0.0123571,0.00385714), (-0.00948214,0.0113571), (-0.00110714,0.0147321), 
Got footprint for /giraffe: (-0.00374656,0.0275573), (0.0135929,-0.0018578), (0.0117351,-0.0226032), (-0.00421101,-0.0221388), (-0.0173704,0.0190424), (-0.00374656,0.0275573), 
Got footprint for /caravan: (-0.0307125,0.0175219), (0.023625,0.00975938), (0.0435375,-0.00492187), (0.0342563,-0.0120094), (-0.0307125,-0.0120094), (-0.0399938,0.00165938), (-0.0307125,0.0175219), 
Got footprint for /crocodile: (-0.00304826,0.0129501), (0.00406434,0.017134), (0.0160581,0.0174129), (0.0171738,-0.012711), (-0.00765053,-0.0155003), (-0.0136474,-0.0115953), (-0.0129501,-0.00769038), (-0.00304826,0.0129501), 
Got footprint for /hippo: (-0.00336986,0.0166949), (0.0256469,0.00573647), (0.0231774,-0.014174), (-0.00336986,-0.014174), (-0.0181869,-0.00460461), (-0.0238977,0.0105212), (-0.00336986,0.0166949), 
Got footprint for /boy: (0.016875,0), (0.0118125,-0.0118125), (0,-0.016875), (-0.0118125,-0.0118125), (-0.016875,0), (-0.0118125,0.0118125), (0,0.016875), (0.0118125,0.0118125), (0.016875,0), 
Got footprint for /girl: (0.016875,0), (0.0118125,-0.0118125), (0,-0.016875), (-0.0118125,-0.0118125), (-0.016875,0), (-0.0118125,0.0118125), (0,0.016875), (0.0118125,0.0118125), (0.016875,0), 
[0m[ INFO] [1498484820.721385605]: Got a planning request for boy[0m
[0m[ INFO] [1498484820.721415695]: Updating occupancy map...[0m
[0m[ INFO] [1498484820.721568523]: Planing...[0m
[0m[ INFO] [1498484820.721603593]: Planning from boy (0.551751, -0.204633) to (0.370369, -0.247045)[0m
Starting A*...done.
Publishing path (37 points)
[0m[ INFO] [1498484820.721728136]: Done![0m
[0m[ INFO] [1498484825.921251553]: Got a planning request for crocodile[0m
[0m[ INFO] [1498484825.921279702]: Updating occupancy map...[0m
[0m[ INFO] [1498484825.921471759]: Planing...[0m
[0m[ INFO] [1498484825.921515248]: Planning from crocodile (0.570284, -0.0350425) to (0.566818, -0.180966)[0m
Starting A*...done.
Publishing path (32 points)
[0m[ INFO] [1498484825.953986284]: Done![0m
[0m[ INFO] [1498484830.521261491]: Got a planning request for giraffe[0m
[0m[ INFO] [1498484830.521286878]: Updating occupancy map...[0m
[0m[ INFO] [1498484830.521440390]: Planing...[0m
[0m[ INFO] [1498484830.521475185]: Planning from giraffe (0.582286, -0.103418) to (0.493766, -0.0609704)[0m
Starting A*...done.
Publishing path (21 points)
[0m[ INFO] [1498484830.521599313]: Done![0m
[0m[ INFO] [1498484834.121335715]: Got a planning request for hippo[0m
[0m[ INFO] [1498484834.121360476]: Updating occupancy map...[0m
[0m[ INFO] [1498484834.121511837]: Planing...[0m
[0m[ INFO] [1498484834.121546477]: Planning from hippo (0.557316, -0.309221) to (0.566818, -0.180966)[0m
Starting A*...done.
Publishing path (53 points)
[0m[ INFO] [1498484834.150417964]: Done![0m
[0m[ INFO] [1498484841.121336178]: Got a planning request for elephant[0m
[0m[ INFO] [1498484841.121368557]: Updating occupancy map...[0m
[0m[ INFO] [1498484841.121574678]: Planing...[0m
[0m[ INFO] [1498484841.121610768]: Planning from elephant (0.500466, -0.0960961) to (0.390667, -0.0734792)[0m
Starting A*...done.
Publishing path (23 points)
[0m[ INFO] [1498484841.121732602]: Done![0m
[0m[ INFO] [1498484845.521342658]: Got a planning request for caravan[0m
[0m[ INFO] [1498484845.521374424]: Updating occupancy map...[0m
[0m[ INFO] [1498484845.521586323]: Planing...[0m
[0m[ INFO] [1498484845.521621570]: Planning from caravan (0.571026, -0.221651) to (0.370369, -0.247045)[0m
Starting A*...done.
Publishing path (47 points)
[0m[ INFO] [1498484845.562082779]: Done![0m
[0m[ INFO] [1498484972.521340335]: Got a planning request for lion[0m
[0m[ INFO] [1498484972.521370861]: Updating occupancy map...[0m
[0m[ INFO] [1498484972.521586390]: Planing...[0m
[0m[ INFO] [1498484972.521623193]: Planning from lion (0.31147, -0.0986055) to (0.498134, -0.112049)[0m
Starting A*...done.
Publishing path (40 points)
[0m[ INFO] [1498484972.538177265]: Done![0m
[0m[ INFO] [1498485003.521627796]: Got a planning request for boy[0m
[0m[ INFO] [1498485003.521656517]: Updating occupancy map...[0m
[0m[ INFO] [1498485003.522314269]: Planing...[0m
[0m[ INFO] [1498485003.522361697]: Planning from boy (0.445101, -0.0828775) to (0.493248, -0.0764196)[0m
Starting A*...done.
Publishing path (10 points)
[0m[ INFO] [1498485003.522440819]: Done![0m
[0m[ INFO] [1498485126.921499650]: Got a planning request for girl[0m
[0m[ INFO] [1498485126.921528295]: Updating occupancy map...[0m
[0m[ INFO] [1498485126.921854431]: Planing...[0m
[0m[ INFO] [1498485126.921887273]: Planning from girl (0.310484, -0.0914848) to (0.490428, -0.00787484)[0m
Starting A*...done.
Publishing path (37 points)
[0m[ INFO] [1498485126.922060859]: Done![0m
