[INFO] [1498484820.528447]: /move_sandbox_items: Received a request to move boy to 0.37, -0.25. Let's do that
[INFO] [1498484820.529249]: Moving boy to -0.02,0.18
[INFO] [1498484820.529487]: Requesting a plan...
[INFO] [1498484820.722388]: Received trajectory! As requested, waiting -0.000657696s before starting...
[INFO] [1498484820.722748]: Waiting a bit more (0.0s) to give the robot time to prepare...
[INFO] [1498484820.723002]: Starting to play trajectory!
[INFO] [1498484820.723413]: Done 0%
[INFO] [1498484820.824186]: Done 2%
[INFO] [1498484820.925004]: Done 5%
[INFO] [1498484821.026006]: Done 8%
[INFO] [1498484821.126950]: Done 10%
[INFO] [1498484821.227884]: Done 13%
[INFO] [1498484821.329074]: Done 16%
[INFO] [1498484821.430264]: Done 18%
[INFO] [1498484821.531607]: Done 21%
[INFO] [1498484821.632989]: Done 24%
[INFO] [1498484821.734099]: Done 27%
[INFO] [1498484821.835231]: Done 29%
[INFO] [1498484821.936756]: Done 32%
[INFO] [1498484822.037783]: Done 35%
[INFO] [1498484822.138543]: Done 37%
[INFO] [1498484822.239575]: Done 40%
[INFO] [1498484822.340764]: Done 43%
[INFO] [1498484822.441677]: Done 45%
[INFO] [1498484822.542587]: Done 48%
[INFO] [1498484822.643447]: Done 51%
[INFO] [1498484822.744649]: Done 54%
[INFO] [1498484822.845541]: Done 56%
[INFO] [1498484822.946409]: Done 59%
[INFO] [1498484823.047331]: Done 62%
[INFO] [1498484823.148273]: Done 64%
[INFO] [1498484823.249317]: Done 67%
[INFO] [1498484823.350435]: Done 70%
[INFO] [1498484823.451475]: Done 72%
[INFO] [1498484823.552337]: Done 75%
[INFO] [1498484823.653403]: Done 78%
[INFO] [1498484823.754864]: Done 81%
[INFO] [1498484823.855848]: Done 83%
[INFO] [1498484823.956670]: Done 86%
[INFO] [1498484824.057605]: Done 89%
[INFO] [1498484824.158516]: Done 91%
[INFO] [1498484824.259278]: Done 94%
[INFO] [1498484824.360238]: /move_sandbox_items: Succeeded
[INFO] [1498484825.827421]: /move_sandbox_items: Received a request to move crocodile to 0.57, -0.18. Let's do that
[INFO] [1498484825.828084]: Moving crocodile to -0.15,0.01
[INFO] [1498484825.828359]: Requesting a plan...
[INFO] [1498484825.954756]: Received trajectory! As requested, waiting -0.033106594s before starting...
[INFO] [1498484825.955178]: Waiting a bit more (0.0s) to give the robot time to prepare...
[INFO] [1498484825.955421]: Starting to play trajectory!
[INFO] [1498484825.955808]: Done 0%
[INFO] [1498484826.056632]: Done 3%
[INFO] [1498484826.157695]: Done 6%
[INFO] [1498484826.258775]: Done 9%
[INFO] [1498484826.359828]: Done 12%
[INFO] [1498484826.460764]: Done 15%
[INFO] [1498484826.561720]: Done 18%
[INFO] [1498484826.662583]: Done 21%
[INFO] [1498484826.763555]: Done 25%
[INFO] [1498484826.864415]: Done 28%
[INFO] [1498484826.965353]: Done 31%
[INFO] [1498484827.066207]: Done 34%
[INFO] [1498484827.167170]: Done 37%
[INFO] [1498484827.268498]: Done 40%
[INFO] [1498484827.370013]: Done 43%
[INFO] [1498484827.471067]: Done 46%
[INFO] [1498484827.572160]: Done 50%
[INFO] [1498484827.673134]: Done 53%
[INFO] [1498484827.774673]: Done 56%
[INFO] [1498484827.875933]: Done 59%
[INFO] [1498484827.976902]: Done 62%
[INFO] [1498484828.077858]: Done 65%
[INFO] [1498484828.178793]: Done 68%
[INFO] [1498484828.279698]: Done 71%
[INFO] [1498484828.380586]: Done 75%
[INFO] [1498484828.481508]: Done 78%
[INFO] [1498484828.582408]: Done 81%
[INFO] [1498484828.683393]: Done 84%
[INFO] [1498484828.784633]: Done 87%
[INFO] [1498484828.885622]: Done 90%
[INFO] [1498484828.986595]: Done 93%
[INFO] [1498484829.087981]: /move_sandbox_items: Succeeded
[INFO] [1498484830.394383]: /move_sandbox_items: Received a request to move giraffe to 0.49, -0.06. Let's do that
[INFO] [1498484830.394966]: Moving giraffe to 0.10,-0.02
[INFO] [1498484830.395326]: Requesting a plan...
[INFO] [1498484830.522119]: Received trajectory! As requested, waiting -0.000507227s before starting...
[INFO] [1498484830.522483]: Waiting a bit more (0.0s) to give the robot time to prepare...
[INFO] [1498484830.522756]: Starting to play trajectory!
[INFO] [1498484830.523086]: Done 0%
[INFO] [1498484830.624055]: Done 4%
[INFO] [1498484830.724998]: Done 9%
[INFO] [1498484830.825949]: Done 14%
[INFO] [1498484830.928417]: Done 19%
[INFO] [1498484831.029246]: Done 23%
[INFO] [1498484831.130120]: Done 28%
[INFO] [1498484831.231138]: Done 33%
[INFO] [1498484831.332191]: Done 38%
[INFO] [1498484831.433240]: Done 42%
[INFO] [1498484831.534449]: Done 47%
[INFO] [1498484831.635525]: Done 52%
[INFO] [1498484831.736935]: Done 57%
[INFO] [1498484831.838043]: Done 61%
[INFO] [1498484831.939006]: Done 66%
[INFO] [1498484832.041854]: Done 71%
[INFO] [1498484832.142799]: Done 76%
[INFO] [1498484832.243784]: Done 80%
[INFO] [1498484832.344723]: Done 85%
[INFO] [1498484832.445597]: Done 90%
[INFO] [1498484832.546736]: /move_sandbox_items: Succeeded
[INFO] [1498484833.950717]: /move_sandbox_items: Received a request to move hippo to 0.57, -0.18. Let's do that
[INFO] [1498484833.951411]: Moving hippo to -0.12,-0.03
[INFO] [1498484833.951700]: Requesting a plan...
[INFO] [1498484834.151653]: Received trajectory! As requested, waiting -0.029910357s before starting...
[INFO] [1498484834.152357]: Waiting a bit more (0.0s) to give the robot time to prepare...
[INFO] [1498484834.152721]: Starting to play trajectory!
[INFO] [1498484834.153275]: Done 0%
[INFO] [1498484834.254076]: Done 1%
[INFO] [1498484834.355300]: Done 3%
[INFO] [1498484834.456416]: Done 5%
[INFO] [1498484834.557353]: Done 7%
[INFO] [1498484834.658438]: Done 9%
[INFO] [1498484834.759418]: Done 11%
[INFO] [1498484834.860506]: Done 13%
[INFO] [1498484834.961507]: Done 15%
[INFO] [1498484835.062466]: Done 16%
[INFO] [1498484835.163830]: Done 18%
[INFO] [1498484835.264997]: Done 20%
[INFO] [1498484835.365938]: Done 22%
[INFO] [1498484835.466933]: Done 24%
[INFO] [1498484835.567847]: Done 26%
[INFO] [1498484835.668749]: Done 28%
[INFO] [1498484835.769710]: Done 30%
[INFO] [1498484835.870552]: Done 32%
[INFO] [1498484835.971471]: Done 33%
[INFO] [1498484836.072301]: Done 35%
[INFO] [1498484836.173416]: Done 37%
[INFO] [1498484836.274419]: Done 39%
[INFO] [1498484836.375367]: Done 41%
[INFO] [1498484836.476302]: Done 43%
[INFO] [1498484836.577243]: Done 45%
[INFO] [1498484836.678161]: Done 47%
[INFO] [1498484836.778994]: Done 49%
[INFO] [1498484836.879811]: Done 50%
[INFO] [1498484836.980683]: Done 52%
[INFO] [1498484837.081537]: Done 54%
[INFO] [1498484837.182592]: Done 56%
[INFO] [1498484837.283512]: Done 58%
[INFO] [1498484837.384409]: Done 60%
[INFO] [1498484837.485547]: Done 62%
[INFO] [1498484837.586503]: Done 64%
[INFO] [1498484837.687556]: Done 66%
[INFO] [1498484837.788639]: Done 67%
[INFO] [1498484837.889660]: Done 69%
[INFO] [1498484837.990619]: Done 71%
[INFO] [1498484838.091705]: Done 73%
[INFO] [1498484838.192773]: Done 75%
[INFO] [1498484838.293776]: Done 77%
[INFO] [1498484838.395487]: Done 79%
[INFO] [1498484838.496614]: Done 81%
[INFO] [1498484838.597684]: Done 83%
[INFO] [1498484838.698680]: Done 84%
[INFO] [1498484838.799730]: Done 86%
[INFO] [1498484838.900676]: Done 88%
[INFO] [1498484839.001912]: Done 90%
[INFO] [1498484839.103088]: Done 92%
[INFO] [1498484839.204565]: Done 94%
[INFO] [1498484839.305662]: Done 96%
[INFO] [1498484839.406695]: /move_sandbox_items: Succeeded
[INFO] [1498484841.074376]: /move_sandbox_items: Received a request to move elephant to 0.39, -0.07. Let's do that
[INFO] [1498484841.075158]: Moving elephant to -0.05,-0.10
[INFO] [1498484841.075440]: Requesting a plan...
[INFO] [1498484841.122432]: Received trajectory! As requested, waiting -0.000654475s before starting...
[INFO] [1498484841.122865]: Waiting a bit more (0.0s) to give the robot time to prepare...
[INFO] [1498484841.123192]: Starting to play trajectory!
[INFO] [1498484841.123812]: Done 0%
[INFO] [1498484841.224602]: Done 4%
[INFO] [1498484841.325548]: Done 8%
[INFO] [1498484841.426402]: Done 13%
[INFO] [1498484841.527319]: Done 17%
[INFO] [1498484841.628195]: Done 21%
[INFO] [1498484841.729259]: Done 26%
[INFO] [1498484841.830222]: Done 30%
[INFO] [1498484841.931024]: Done 34%
[INFO] [1498484842.031833]: Done 39%
[INFO] [1498484842.132764]: Done 43%
[INFO] [1498484842.233600]: Done 47%
[INFO] [1498484842.334829]: Done 52%
[INFO] [1498484842.436093]: Done 56%
[INFO] [1498484842.537306]: Done 60%
[INFO] [1498484842.638626]: Done 65%
[INFO] [1498484842.739954]: Done 69%
[INFO] [1498484842.840764]: Done 73%
[INFO] [1498484842.941998]: Done 78%
[INFO] [1498484843.042873]: Done 82%
[INFO] [1498484843.144396]: Done 86%
[INFO] [1498484843.245531]: Done 91%
[INFO] [1498484843.346542]: /move_sandbox_items: Succeeded
[INFO] [1498484845.350569]: /move_sandbox_items: Received a request to move caravan to 0.37, -0.25. Let's do that
[INFO] [1498484845.351431]: Moving caravan to -0.12,0.16
[INFO] [1498484845.351787]: Requesting a plan...
[INFO] [1498484845.563444]: Received trajectory! As requested, waiting -0.041658073s before starting...
[INFO] [1498484845.563882]: Waiting a bit more (0.0s) to give the robot time to prepare...
[INFO] [1498484845.564213]: Starting to play trajectory!
[INFO] [1498484845.564682]: Done 0%
[INFO] [1498484845.668398]: Done 2%
[INFO] [1498484845.769374]: Done 4%
[INFO] [1498484845.870338]: Done 6%
[INFO] [1498484845.971302]: Done 8%
[INFO] [1498484846.072257]: Done 10%
[INFO] [1498484846.173340]: Done 12%
[INFO] [1498484846.274459]: Done 14%
[INFO] [1498484846.375586]: Done 17%
[INFO] [1498484846.476649]: Done 19%
[INFO] [1498484846.577874]: Done 21%
[INFO] [1498484846.678920]: Done 23%
[INFO] [1498484846.780163]: Done 25%
[INFO] [1498484846.881186]: Done 27%
[INFO] [1498484846.982279]: Done 29%
[INFO] [1498484847.083585]: Done 31%
[INFO] [1498484847.184596]: Done 34%
[INFO] [1498484847.287810]: Done 36%
[INFO] [1498484847.388969]: Done 38%
[INFO] [1498484847.490002]: Done 40%
[INFO] [1498484847.591145]: Done 42%
[INFO] [1498484847.693967]: Done 44%
[INFO] [1498484847.794887]: Done 46%
[INFO] [1498484847.896492]: Done 48%
[INFO] [1498484847.997546]: Done 51%
[INFO] [1498484848.098593]: Done 53%
[INFO] [1498484848.199805]: Done 55%
[INFO] [1498484848.301339]: Done 57%
[INFO] [1498484848.402412]: Done 59%
[INFO] [1498484848.503448]: Done 61%
[INFO] [1498484848.604644]: Done 63%
[INFO] [1498484848.705582]: Done 65%
[INFO] [1498484848.806926]: Done 68%
[INFO] [1498484848.908015]: Done 70%
[INFO] [1498484849.009217]: Done 72%
[INFO] [1498484849.110376]: Done 74%
[INFO] [1498484849.212126]: Done 76%
[INFO] [1498484849.313424]: Done 78%
[INFO] [1498484849.414533]: Done 80%
[INFO] [1498484849.515749]: Done 82%
[INFO] [1498484849.617164]: Done 85%
[INFO] [1498484849.718380]: Done 87%
[INFO] [1498484849.819548]: Done 89%
[INFO] [1498484849.920696]: Done 91%
[INFO] [1498484850.021778]: Done 93%
[INFO] [1498484850.122825]: Done 95%
[INFO] [1498484850.223964]: /move_sandbox_items: Succeeded
[INFO] [1498484972.340123]: /move_sandbox_items: Received a request to move lion to 0.49, -0.06. Let's do that
[INFO] [1498484972.341635]: Moving lion to 0.14,0.12
[INFO] [1498484972.342219]: Requesting a plan...
[INFO] [1498484972.539130]: Received trajectory! As requested, waiting -0.017341501s before starting...
[INFO] [1498484972.539619]: Waiting a bit more (0.0s) to give the robot time to prepare...
[INFO] [1498484972.540150]: Starting to play trajectory!
[INFO] [1498484972.540626]: Done 0%
[INFO] [1498484972.641540]: Done 2%
[INFO] [1498484972.742796]: Done 5%
[INFO] [1498484972.843902]: Done 7%
[INFO] [1498484972.944832]: Done 10%
[INFO] [1498484973.045860]: Done 12%
[INFO] [1498484973.146912]: Done 15%
[INFO] [1498484973.247983]: Done 17%
[INFO] [1498484973.349148]: Done 20%
[INFO] [1498484973.450017]: Done 22%
[INFO] [1498484973.550979]: Done 25%
[INFO] [1498484973.651957]: Done 27%
[INFO] [1498484973.753024]: Done 30%
[INFO] [1498484973.853911]: Done 32%
[INFO] [1498484973.954839]: Done 35%
[INFO] [1498484974.055956]: Done 37%
[INFO] [1498484974.157111]: Done 40%
[INFO] [1498484974.257983]: Done 42%
[INFO] [1498484974.359062]: Done 45%
[INFO] [1498484974.460089]: Done 47%
[INFO] [1498484974.561002]: Done 50%
[INFO] [1498484974.662207]: Done 52%
[INFO] [1498484974.763312]: Done 55%
[INFO] [1498484974.865221]: Done 57%
[INFO] [1498484974.966217]: Done 60%
[INFO] [1498484975.067291]: Done 62%
[INFO] [1498484975.168349]: Done 65%
[INFO] [1498484975.269710]: Done 67%
[INFO] [1498484975.370639]: Done 70%
[INFO] [1498484975.471673]: Done 72%
[INFO] [1498484975.573016]: Done 75%
[INFO] [1498484975.674279]: Done 77%
[INFO] [1498484975.775419]: Done 80%
[INFO] [1498484975.876454]: Done 82%
[INFO] [1498484975.978232]: Done 85%
[INFO] [1498484976.079236]: Done 87%
[INFO] [1498484976.180254]: Done 90%
[INFO] [1498484976.281381]: Done 92%
[INFO] [1498484976.382395]: Done 95%
[INFO] [1498484976.483839]: /move_sandbox_items: Succeeded
[INFO] [1498485003.334133]: /move_sandbox_items: Received a request to move boy to 0.49, -0.06. Let's do that
[INFO] [1498485003.334985]: Moving boy to -0.02,0.05
[INFO] [1498485003.335406]: Requesting a plan...
[INFO] [1498485003.522946]: Received trajectory! As requested, waiting -0.000422697s before starting...
[INFO] [1498485003.523328]: Waiting a bit more (0.0s) to give the robot time to prepare...
[INFO] [1498485003.523612]: Starting to play trajectory!
[INFO] [1498485003.524181]: Done 0%
[INFO] [1498485003.625027]: Done 10%
[INFO] [1498485003.725948]: Done 20%
[INFO] [1498485003.827015]: Done 30%
[INFO] [1498485003.927965]: Done 40%
[INFO] [1498485004.029186]: Done 50%
[INFO] [1498485004.130091]: Done 60%
[INFO] [1498485004.231039]: Done 70%
[INFO] [1498485004.332088]: Done 80%
[INFO] [1498485004.433502]: /move_sandbox_items: Succeeded
[INFO] [1498485126.749203]: /move_sandbox_items: Received a request to move girl to 0.49, -0.06. Let's do that
[INFO] [1498485126.749938]: Moving girl to 0.20,0.03
[INFO] [1498485126.750273]: Requesting a plan...
[INFO] [1498485126.923108]: Received trajectory! As requested, waiting -0.001053285s before starting...
[INFO] [1498485126.923579]: Waiting a bit more (0.0s) to give the robot time to prepare...
[INFO] [1498485126.923893]: Starting to play trajectory!
[INFO] [1498485126.924360]: Done 0%
[INFO] [1498485127.027063]: Done 2%
[INFO] [1498485127.128315]: Done 5%
[INFO] [1498485127.229680]: Done 8%
[INFO] [1498485127.330680]: Done 10%
[INFO] [1498485127.431725]: Done 13%
[INFO] [1498485127.532800]: Done 16%
[INFO] [1498485127.633772]: Done 18%
[INFO] [1498485127.735063]: Done 21%
[INFO] [1498485127.836248]: Done 24%
[INFO] [1498485127.937521]: Done 27%
[INFO] [1498485128.038795]: Done 29%
[INFO] [1498485128.140039]: Done 32%
[INFO] [1498485128.241155]: Done 35%
[INFO] [1498485128.342448]: Done 37%
[INFO] [1498485128.443541]: Done 40%
[INFO] [1498485128.544809]: Done 43%
[INFO] [1498485128.645866]: Done 45%
[INFO] [1498485128.746837]: Done 48%
[INFO] [1498485128.847900]: Done 51%
[INFO] [1498485128.948910]: Done 54%
[INFO] [1498485129.050034]: Done 56%
[INFO] [1498485129.150965]: Done 59%
[INFO] [1498485129.252035]: Done 62%
[INFO] [1498485129.353239]: Done 64%
[INFO] [1498485129.454289]: Done 67%
[INFO] [1498485129.555346]: Done 70%
[INFO] [1498485129.656655]: Done 72%
[INFO] [1498485129.757734]: Done 75%
[INFO] [1498485129.859233]: Done 78%
[INFO] [1498485129.960420]: Done 81%
[INFO] [1498485130.061632]: Done 83%
[INFO] [1498485130.162666]: Done 86%
[INFO] [1498485130.264212]: Done 89%
[INFO] [1498485130.365302]: Done 91%
[INFO] [1498485130.467125]: Done 94%
[INFO] [1498485130.568375]: /move_sandbox_items: Succeeded
