[rospy.client][INFO] 2017-07-17 10:18:57,479: init_node, name[/nao_behaviours], pid[5806]
[xmlrpc][INFO] 2017-07-17 10:18:57,480: XML-RPC server binding to 0.0.0.0:0
[xmlrpc][INFO] 2017-07-17 10:18:57,480: Started XML-RPC server [http://sandtray-hrilab:34664/]
[rospy.init][INFO] 2017-07-17 10:18:57,480: ROS Slave URI: [http://sandtray-hrilab:34664/]
[rospy.impl.masterslave][INFO] 2017-07-17 10:18:57,480: _ready: http://sandtray-hrilab:34664/
[xmlrpc][INFO] 2017-07-17 10:18:57,481: xml rpc node: starting XML-RPC server
[rospy.registration][INFO] 2017-07-17 10:18:57,481: Registering with master node http://localhost:11311
[rospy.init][INFO] 2017-07-17 10:18:57,581: registered with master
[rospy.rosout][INFO] 2017-07-17 10:18:57,581: initializing /rosout core topic
[rospy.rosout][INFO] 2017-07-17 10:18:57,583: connected to core topic /rosout
[rospy.simtime][INFO] 2017-07-17 10:18:57,584: /use_sim_time is not set, will not subscribe to simulated time [/clock] topic
[rospy.internal][INFO] 2017-07-17 10:18:57,993: topic[/rosout] adding connection to [/rosout], count 0
[rospy.internal][INFO] 2017-07-17 10:19:00,166: topic[/speech] adding connection to [/naoqi_driver_node], count 0
[rosout][WARNING] 2017-07-17 10:19:19,280: Waiting for frame /odom to be published...
[rospy.internal][INFO] 2017-07-17 10:19:19,315: topic[/tf] adding connection to [http://sandtray-hrilab:46362/], count 0
[rospy.internal][INFO] 2017-07-17 10:19:19,316: topic[/tf] adding connection to [http://sandtray-hrilab:40826/], count 1
[rospy.internal][INFO] 2017-07-17 10:19:19,319: topic[/tf] adding connection to [http://sandtray-hrilab:35291/], count 2
[rospy.internal][INFO] 2017-07-17 10:19:19,323: topic[/tf] adding connection to [http://sandtray-hrilab:37871/], count 3
[rospy.internal][INFO] 2017-07-17 10:19:19,326: topic[/tf] adding connection to [http://sandtray-hrilab:40438/], count 4
[rospy.internal][INFO] 2017-07-17 10:19:19,327: topic[/tf] adding connection to [http://sandtray-hrilab:34365/], count 5
[rospy.internal][INFO] 2017-07-17 10:19:19,328: topic[/tf] adding connection to [http://192.168.2.103:34677/], count 6
[rospy.internal][INFO] 2017-07-17 10:19:19,328: topic[/tf] adding connection to [http://sandtray-hrilab:33297/], count 7
[rosout][INFO] 2017-07-17 10:19:19,781: Ok! Starting robot behaviours.
[rospy.internal][INFO] 2017-07-17 10:19:19,799: topic[/poses] adding connection to [http://sandtray-hrilab:39403/], count 0
[rospy.internal][WARNING] 2017-07-17 10:53:08,350: Unknown error initiating TCP/IP socket to 192.168.2.103:57140 (http://192.168.2.103:34677/): Traceback (most recent call last):
  File "/opt/ros/kinetic/lib/python2.7/dist-packages/rospy/impl/tcpros_base.py", line 555, in connect
    self.socket.connect((dest_addr, dest_port))
  File "/usr/lib/python2.7/socket.py", line 228, in meth
    return getattr(self._sock,name)(*args)
error: [Errno 111] Connection refused

[rospy.internal][INFO] 2017-07-17 10:53:08,350: topic[/tf] removing connection to http://192.168.2.103:34677/
[rospy.internal][INFO] 2017-07-17 10:53:08,392: topic[/speech] removing connection to /naoqi_driver_node
[rospy.internal][WARNING] 2017-07-17 10:53:08,622: Unknown error initiating TCP/IP socket to sandtray-hrilab:34795 (http://sandtray-hrilab:37871/): Traceback (most recent call last):
  File "/opt/ros/kinetic/lib/python2.7/dist-packages/rospy/impl/tcpros_base.py", line 557, in connect
    self.read_header()
  File "/opt/ros/kinetic/lib/python2.7/dist-packages/rospy/impl/tcpros_base.py", line 650, in read_header
    self._validate_header(read_ros_handshake_header(sock, self.read_buff, self.protocol.buff_size))
  File "/opt/ros/kinetic/lib/python2.7/dist-packages/rosgraph/network.py", line 362, in read_ros_handshake_header
    d = sock.recv(buff_size)
error: [Errno 104] Connection reset by peer

[rospy.internal][INFO] 2017-07-17 10:53:08,622: topic[/tf] removing connection to http://sandtray-hrilab:37871/
[rospy.core][INFO] 2017-07-17 10:53:16,726: signal_shutdown [signal-2]
[rospy.internal][INFO] 2017-07-17 10:53:16,732: topic[/rosout] removing connection to /rosout
[rospy.internal][INFO] 2017-07-17 10:53:16,733: topic[/poses] removing connection to http://sandtray-hrilab:39403/
[rospy.internal][INFO] 2017-07-17 10:53:16,733: topic[/tf] removing connection to http://sandtray-hrilab:46362/
[rospy.internal][INFO] 2017-07-17 10:53:16,734: topic[/tf] removing connection to http://sandtray-hrilab:40826/
[rospy.internal][INFO] 2017-07-17 10:53:16,734: topic[/tf] removing connection to http://sandtray-hrilab:35291/
[rospy.internal][WARNING] 2017-07-17 10:53:16,734: Unknown error initiating TCP/IP socket to sandtray-hrilab:46994 (http://sandtray-hrilab:40826/): Traceback (most recent call last):
  File "/opt/ros/kinetic/lib/python2.7/dist-packages/rospy/impl/tcpros_base.py", line 557, in connect
    self.read_header()
  File "/opt/ros/kinetic/lib/python2.7/dist-packages/rospy/impl/tcpros_base.py", line 650, in read_header
    self._validate_header(read_ros_handshake_header(sock, self.read_buff, self.protocol.buff_size))
AttributeError: 'NoneType' object has no attribute 'buff_size'

[rospy.internal][INFO] 2017-07-17 10:53:16,734: topic[/tf] removing connection to http://sandtray-hrilab:40438/
[rospy.internal][INFO] 2017-07-17 10:53:16,735: topic[/tf] removing connection to http://sandtray-hrilab:34365/
[rospy.internal][WARNING] 2017-07-17 10:53:16,735: Unknown error initiating TCP/IP socket to sandtray-hrilab:38624 (http://sandtray-hrilab:34365/): Traceback (most recent call last):
  File "/opt/ros/kinetic/lib/python2.7/dist-packages/rospy/impl/tcpros_base.py", line 557, in connect
    self.read_header()
  File "/opt/ros/kinetic/lib/python2.7/dist-packages/rospy/impl/tcpros_base.py", line 650, in read_header
    self._validate_header(read_ros_handshake_header(sock, self.read_buff, self.protocol.buff_size))
AttributeError: 'NoneType' object has no attribute 'buff_size'

[rospy.topics][ERROR] 2017-07-17 10:53:16,736: Traceback (most recent call last):
  File "/opt/ros/kinetic/lib/python2.7/dist-packages/rospy/topics.py", line 326, in close
    c.close()
  File "/opt/ros/kinetic/lib/python2.7/dist-packages/rospy/impl/tcpros_base.py", line 838, in close
    self.socket.close()
AttributeError: 'NoneType' object has no attribute 'close'

[rospy.rosout][ERROR] 2017-07-17 10:53:16,736: Unable to report rosout: publish() to a closed topic
Traceback (most recent call last):
  File "/opt/ros/kinetic/lib/python2.7/dist-packages/rospy/impl/rosout.py", line 91, in _rosout
    _rosout_pub.publish(l)
  File "/opt/ros/kinetic/lib/python2.7/dist-packages/rospy/topics.py", line 882, in publish
    self.impl.publish(data)
  File "/opt/ros/kinetic/lib/python2.7/dist-packages/rospy/topics.py", line 1041, in publish
    raise ROSException("publish() to a closed topic")
ROSException: publish() to a closed topic

[rosout][ERROR] 2017-07-17 10:53:16,735: bad callback: <function on_pose at 0x7fc632550938>
Traceback (most recent call last):
  File "/opt/ros/kinetic/lib/python2.7/dist-packages/rospy/topics.py", line 750, in _invoke_callback
    cb(msg)
  File "/opt/ros/kinetic/lib/freeplay_sandbox/nao_behaviours", line 214, in on_pose
    point_at(pose)
  File "/opt/ros/kinetic/lib/freeplay_sandbox/nao_behaviours", line 142, in point_at
    motionProxy.setAngles(names, angles, fractionMaxSpeed)
  File "/home/hri/nao/pynaoqi-python2.7-2.1.4.13-linux64/naoqi.py", line 301, in __call__
    return self.__wrapped__.method_missing(self.__method__, *args, **kwargs)
  File "/home/hri/nao/pynaoqi-python2.7-2.1.4.13-linux64/naoqi.py", line 371, in method_missing
    raise e
RuntimeError: 	ALMotion::setAngles
	Socket disconnected

[rospy.internal][INFO] 2017-07-17 10:53:16,736: topic[/tf] removing connection to http://sandtray-hrilab:33297/
[rospy.impl.masterslave][INFO] 2017-07-17 10:53:16,736: signal-2
[rospy.core][INFO] 2017-07-17 10:53:16,900: signal_shutdown [atexit]
