[rospy.client][INFO] 2017-07-14 10:36:11,181: init_node, name[/move_sandbox_items], pid[20990]
[xmlrpc][INFO] 2017-07-14 10:36:11,181: XML-RPC server binding to 0.0.0.0:0
[xmlrpc][INFO] 2017-07-14 10:36:11,182: Started XML-RPC server [http://sandtray-hrilab:41474/]
[rospy.init][INFO] 2017-07-14 10:36:11,182: ROS Slave URI: [http://sandtray-hrilab:41474/]
[rospy.impl.masterslave][INFO] 2017-07-14 10:36:11,182: _ready: http://sandtray-hrilab:41474/
[rospy.registration][INFO] 2017-07-14 10:36:11,183: Registering with master node http://localhost:11311
[xmlrpc][INFO] 2017-07-14 10:36:11,183: xml rpc node: starting XML-RPC server
[rospy.init][INFO] 2017-07-14 10:36:11,282: registered with master
[rospy.rosout][INFO] 2017-07-14 10:36:11,283: initializing /rosout core topic
[rospy.rosout][INFO] 2017-07-14 10:36:11,286: connected to core topic /rosout
[rospy.simtime][INFO] 2017-07-14 10:36:11,287: /use_sim_time is not set, will not subscribe to simulated time [/clock] topic
[rospy.internal][INFO] 2017-07-14 10:36:11,301: topic[/tf] adding connection to [http://sandtray-hrilab:34391/], count 0
[rospy.internal][INFO] 2017-07-14 10:36:11,303: topic[/tf] adding connection to [http://sandtray-hrilab:44681/], count 1
[rospy.internal][INFO] 2017-07-14 10:36:11,304: topic[/tf] adding connection to [http://sandtray-hrilab:36845/], count 2
[rospy.internal][INFO] 2017-07-14 10:36:11,306: topic[/tf] adding connection to [http://sandtray-hrilab:33797/], count 3
[rospy.internal][INFO] 2017-07-14 10:36:11,308: topic[/tf] adding connection to [http://sandtray-hrilab:32959/], count 4
[rospy.internal][INFO] 2017-07-14 10:36:11,479: topic[/poses] adding connection to [/sandtray], count 0
[rospy.internal][INFO] 2017-07-14 10:36:11,481: topic[/rosout] adding connection to [/rosout], count 0
[rospy.internal][WARNING] 2017-07-14 10:37:43,486: Unknown error initiating TCP/IP socket to sandtray-hrilab:49442 (http://sandtray-hrilab:44681/): Traceback (most recent call last):
  File "/opt/ros/kinetic/lib/python2.7/dist-packages/rospy/impl/tcpros_base.py", line 557, in connect
    self.read_header()
  File "/opt/ros/kinetic/lib/python2.7/dist-packages/rospy/impl/tcpros_base.py", line 650, in read_header
    self._validate_header(read_ros_handshake_header(sock, self.read_buff, self.protocol.buff_size))
  File "/opt/ros/kinetic/lib/python2.7/dist-packages/rosgraph/network.py", line 362, in read_ros_handshake_header
    d = sock.recv(buff_size)
error: [Errno 104] Connection reset by peer

[rospy.internal][INFO] 2017-07-14 10:37:43,487: topic[/tf] removing connection to http://sandtray-hrilab:44681/
[rospy.internal][INFO] 2017-07-14 10:39:07,860: topic[/tf] adding connection to [http://sandtray-hrilab:34620/], count 4
[rospy.internal][INFO] 2017-07-14 10:39:08,877: topic[/tf] adding connection to [http://sandtray-hrilab:39628/], count 5
[rospy.internal][WARNING] 2017-07-14 10:47:33,443: Unknown error initiating TCP/IP socket to sandtray-hrilab:54441 (http://sandtray-hrilab:34620/): Traceback (most recent call last):
  File "/opt/ros/kinetic/lib/python2.7/dist-packages/rospy/impl/tcpros_base.py", line 557, in connect
    self.read_header()
  File "/opt/ros/kinetic/lib/python2.7/dist-packages/rospy/impl/tcpros_base.py", line 650, in read_header
    self._validate_header(read_ros_handshake_header(sock, self.read_buff, self.protocol.buff_size))
  File "/opt/ros/kinetic/lib/python2.7/dist-packages/rosgraph/network.py", line 362, in read_ros_handshake_header
    d = sock.recv(buff_size)
error: [Errno 104] Connection reset by peer

[rospy.internal][INFO] 2017-07-14 10:47:33,443: topic[/tf] removing connection to http://sandtray-hrilab:34620/
[rospy.internal][WARNING] 2017-07-14 10:47:33,444: Unknown error initiating TCP/IP socket to sandtray-hrilab:40051 (http://sandtray-hrilab:39628/): Traceback (most recent call last):
  File "/opt/ros/kinetic/lib/python2.7/dist-packages/rospy/impl/tcpros_base.py", line 555, in connect
    self.socket.connect((dest_addr, dest_port))
  File "/usr/lib/python2.7/socket.py", line 228, in meth
    return getattr(self._sock,name)(*args)
error: [Errno 111] Connection refused

[rospy.internal][INFO] 2017-07-14 10:47:33,444: topic[/tf] removing connection to http://sandtray-hrilab:39628/
[rospy.internal][INFO] 2017-07-14 10:47:47,091: topic[/tf] adding connection to [http://sandtray-hrilab:46358/], count 4
[rospy.internal][INFO] 2017-07-14 10:47:48,007: topic[/tf] adding connection to [http://sandtray-hrilab:33236/], count 5
[rospy.internal][WARNING] 2017-07-14 11:27:21,518: Unknown error initiating TCP/IP socket to sandtray-hrilab:54547 (http://sandtray-hrilab:46358/): Traceback (most recent call last):
  File "/opt/ros/kinetic/lib/python2.7/dist-packages/rospy/impl/tcpros_base.py", line 557, in connect
    self.read_header()
  File "/opt/ros/kinetic/lib/python2.7/dist-packages/rospy/impl/tcpros_base.py", line 650, in read_header
    self._validate_header(read_ros_handshake_header(sock, self.read_buff, self.protocol.buff_size))
  File "/opt/ros/kinetic/lib/python2.7/dist-packages/rosgraph/network.py", line 362, in read_ros_handshake_header
    d = sock.recv(buff_size)
error: [Errno 104] Connection reset by peer

[rospy.internal][INFO] 2017-07-14 11:27:21,518: topic[/tf] removing connection to http://sandtray-hrilab:46358/
[rospy.internal][WARNING] 2017-07-14 11:27:21,526: Unknown error initiating TCP/IP socket to sandtray-hrilab:60115 (http://sandtray-hrilab:33236/): Traceback (most recent call last):
  File "/opt/ros/kinetic/lib/python2.7/dist-packages/rospy/impl/tcpros_base.py", line 555, in connect
    self.socket.connect((dest_addr, dest_port))
  File "/usr/lib/python2.7/socket.py", line 228, in meth
    return getattr(self._sock,name)(*args)
error: [Errno 111] Connection refused

[rospy.internal][INFO] 2017-07-14 11:27:21,526: topic[/tf] removing connection to http://sandtray-hrilab:33236/
[rospy.core][INFO] 2017-07-14 11:27:26,373: signal_shutdown [signal-2]
[rospy.internal][INFO] 2017-07-14 11:27:26,379: topic[/poses] removing connection to /sandtray
[rospy.internal][INFO] 2017-07-14 11:27:26,379: topic[/rosout] removing connection to /rosout
[rospy.internal][INFO] 2017-07-14 11:27:26,379: topic[/tf] removing connection to http://sandtray-hrilab:34391/
[rospy.internal][INFO] 2017-07-14 11:27:26,380: topic[/tf] removing connection to http://sandtray-hrilab:36845/
[rospy.internal][INFO] 2017-07-14 11:27:26,380: topic[/tf] removing connection to http://sandtray-hrilab:33797/
[rospy.internal][INFO] 2017-07-14 11:27:26,380: topic[/tf] removing connection to http://sandtray-hrilab:32959/
[rospy.impl.masterslave][INFO] 2017-07-14 11:27:26,380: signal-2
[rospy.core][INFO] 2017-07-14 11:27:26,385: signal_shutdown [signal-15]
[rospy.core][INFO] 2017-07-14 11:27:26,520: signal_shutdown [atexit]
